
===========================================================================
report_checks -unconstrained
===========================================================================
======================= nom_ff_n40C_1v95 Corner ===================================

Startpoint: wb_rst_i (input port clocked by wb_clk_i)
Endpoint: _17798_ (recovery check against rising-edge clock wb_clk_i)
Path Group: asynchronous
Path Type: max

Fanout         Cap        Slew       Delay        Time   Description
---------------------------------------------------------------------------------------------
                                  0.000000    0.000000   clock wb_clk_i (rise edge)
                                  0.000000    0.000000   clock network delay (propagated)
                                 20.000000   20.000000 v input external delay
     2    0.003703    0.006045    0.003071   20.003071 v wb_rst_i (in)
                                                         wb_rst_i (net)
                      0.006045    0.000000   20.003071 v input38/A (sky130_fd_sc_hd__buf_1)
     1    0.008600    0.039092    0.065404   20.068476 v input38/X (sky130_fd_sc_hd__buf_1)
                                                         net38 (net)
                      0.039095    0.000371   20.068848 v fanout1418/A (sky130_fd_sc_hd__buf_6)
    11    0.186144    0.116292    0.153277   20.222124 v fanout1418/X (sky130_fd_sc_hd__buf_6)
                                                         net1418 (net)
                      0.119536    0.015433   20.237556 v fanout1417/A (sky130_fd_sc_hd__clkbuf_4)
    11    0.080708    0.114558    0.199412   20.436968 v fanout1417/X (sky130_fd_sc_hd__clkbuf_4)
                                                         net1417 (net)
                      0.114591    0.001696   20.438665 v fanout1416/A (sky130_fd_sc_hd__buf_2)
    11    0.069693    0.114800    0.190397   20.629063 v fanout1416/X (sky130_fd_sc_hd__buf_2)
                                                         net1416 (net)
                      0.114821    0.001334   20.630396 v fanout1395/A (sky130_fd_sc_hd__clkbuf_2)
    11    0.040039    0.105481    0.170587   20.800983 v fanout1395/X (sky130_fd_sc_hd__clkbuf_2)
                                                         net1395 (net)
                      0.105489    0.001030   20.802013 v fanout1390/A (sky130_fd_sc_hd__buf_4)
    10    0.067726    0.067035    0.166279   20.968292 v fanout1390/X (sky130_fd_sc_hd__buf_4)
                                                         net1390 (net)
                      0.067364    0.003459   20.971750 v fanout1389/A (sky130_fd_sc_hd__clkbuf_4)
     8    0.047630    0.073077    0.151418   21.123169 v fanout1389/X (sky130_fd_sc_hd__clkbuf_4)
                                                         net1389 (net)
                      0.073160    0.002190   21.125360 v fanout1388/A (sky130_fd_sc_hd__buf_4)
    10    0.054459    0.059217    0.143581   21.268942 v fanout1388/X (sky130_fd_sc_hd__buf_4)
                                                         net1388 (net)
                      0.059270    0.001579   21.270519 v _15944_/A (sky130_fd_sc_hd__inv_2)
     1    0.003919    0.024982    0.040492   21.311012 ^ _15944_/Y (sky130_fd_sc_hd__inv_2)
                                                         _01738_ (net)
                      0.024982    0.000078   21.311090 ^ _17798_/SET_B (sky130_fd_sc_hd__dfstp_1)
                                             21.311090   data arrival time

                                100.000000  100.000000   clock wb_clk_i (rise edge)
                                  0.000000  100.000000   clock source latency
     2    0.113198    0.380155    0.267441  100.267441 ^ wb_clk_i (in)
                                                         wb_clk_i (net)
                      0.380363    0.000000  100.267441 ^ clkbuf_0_wb_clk_i/A (sky130_fd_sc_hd__clkbuf_16)
    17    0.208201    0.172092    0.230479  100.497917 ^ clkbuf_0_wb_clk_i/X (sky130_fd_sc_hd__clkbuf_16)
                                                         clknet_0_wb_clk_i (net)
                      0.172975    0.009990  100.507904 ^ clkbuf_3_7_0_wb_clk_i/A (sky130_fd_sc_hd__clkbuf_8)
    33    0.181420    0.238800    0.251575  100.759483 ^ clkbuf_3_7_0_wb_clk_i/X (sky130_fd_sc_hd__clkbuf_8)
                                                         clknet_3_7_0_wb_clk_i (net)
                      0.240162    0.014786  100.774269 ^ clkbuf_leaf_61_wb_clk_i/A (sky130_fd_sc_hd__clkbuf_8)
    37    0.089405    0.122092    0.192763  100.967033 ^ clkbuf_leaf_61_wb_clk_i/X (sky130_fd_sc_hd__clkbuf_8)
                                                         clknet_leaf_61_wb_clk_i (net)
                      0.122131    0.002068  100.969101 ^ _17798_/CLK (sky130_fd_sc_hd__dfstp_1)
                                 -0.250000  100.719101   clock uncertainty
                                  0.000000  100.719101   clock reconvergence pessimism
                                  0.097435  100.816536   library recovery time
                                            100.816536   data required time
---------------------------------------------------------------------------------------------
                                            100.816536   data required time
                                            -21.311090   data arrival time
---------------------------------------------------------------------------------------------
                                             79.505447   slack (MET)


Startpoint: wbs_adr_i[5] (input port clocked by wb_clk_i)
Endpoint: wbs_dat_o[11] (output port clocked by wb_clk_i)
Path Group: wb_clk_i
Path Type: max

Fanout         Cap        Slew       Delay        Time   Description
---------------------------------------------------------------------------------------------
                                  0.000000    0.000000   clock wb_clk_i (rise edge)
                                  0.000000    0.000000   clock network delay (propagated)
                                 20.000000   20.000000 v input external delay
     2    0.005933    0.009738    0.005329   20.005329 v wbs_adr_i[5] (in)
                                                         wbs_adr_i[5] (net)
                      0.009745    0.000000   20.005329 v input66/A (sky130_fd_sc_hd__clkbuf_1)
     1    0.002254    0.016456    0.046299   20.051628 v input66/X (sky130_fd_sc_hd__clkbuf_1)
                                                         net66 (net)
                      0.016456    0.000048   20.051676 v _13095_/A (sky130_fd_sc_hd__or4_1)
     1    0.005235    0.063964    0.304189   20.355865 v _13095_/X (sky130_fd_sc_hd__or4_1)
                                                         _03719_ (net)
                      0.063964    0.000192   20.356056 v _13099_/A (sky130_fd_sc_hd__or4_1)
     1    0.002443    0.051099    0.296199   20.652256 v _13099_/X (sky130_fd_sc_hd__or4_1)
                                                         _03723_ (net)
                      0.051099    0.000073   20.652328 v _13105_/A (sky130_fd_sc_hd__or4_1)
     1    0.011747    0.090156    0.345107   20.997435 v _13105_/X (sky130_fd_sc_hd__or4_1)
                                                         net179 (net)
                      0.090160    0.000671   20.998108 v fanout637/A (sky130_fd_sc_hd__clkbuf_8)
    21    0.119331    0.094139    0.173843   21.171949 v fanout637/X (sky130_fd_sc_hd__clkbuf_8)
                                                         net637 (net)
                      0.097977    0.014957   21.186907 v fanout636/A (sky130_fd_sc_hd__clkbuf_2)
     7    0.030777    0.083235    0.147081   21.333988 v fanout636/X (sky130_fd_sc_hd__clkbuf_2)
                                                         net636 (net)
                      0.083293    0.002013   21.336000 v fanout635/A (sky130_fd_sc_hd__clkbuf_2)
    10    0.027140    0.074533    0.134840   21.470840 v fanout635/X (sky130_fd_sc_hd__clkbuf_2)
                                                         net635 (net)
                      0.074550    0.001066   21.471907 v _18000_/A (sky130_fd_sc_hd__clkbuf_1)
     1    0.003127    0.020469    0.074060   21.545965 v _18000_/X (sky130_fd_sc_hd__clkbuf_1)
                                                         net163 (net)
                      0.020470    0.000094   21.546061 v output163/A (sky130_fd_sc_hd__clkbuf_4)
     1    0.035651    0.058150    0.119931   21.665991 v output163/X (sky130_fd_sc_hd__clkbuf_4)
                                                         wbs_dat_o[11] (net)
                      0.058173    0.001082   21.667072 v wbs_dat_o[11] (out)
                                             21.667072   data arrival time

                                100.000000  100.000000   clock wb_clk_i (rise edge)
                                  0.000000  100.000000   clock network delay (propagated)
                                 -0.250000   99.750000   clock uncertainty
                                  0.000000   99.750000   clock reconvergence pessimism
                                -20.000000   79.750000   output external delay
                                             79.750000   data required time
---------------------------------------------------------------------------------------------
                                             79.750000   data required time
                                            -21.667072   data arrival time
---------------------------------------------------------------------------------------------
                                             58.082928   slack (MET)




===========================================================================
report_checks --slack_max -0.01
============================================================================
======================= nom_ff_n40C_1v95 Corner ===================================

No paths found.


===========================================================================
 report_check_types -max_slew -max_cap -max_fanout -violators
============================================================================
======================= nom_ff_n40C_1v95 Corner ===================================

max slew

Pin                                        Limit        Slew       Slack
------------------------------------------------------------------------
fanout880/A                             0.750000    0.783861   -0.033861 (VIOLATED)
ANTENNA_fanout880_A/DIODE               0.750000    0.783861   -0.033861 (VIOLATED)
max_cap881/A                            0.750000    0.783856   -0.033856 (VIOLATED)
ANTENNA_max_cap881_A/DIODE              0.750000    0.783855   -0.033855 (VIOLATED)
ANTENNA__08463__Y/DIODE                 0.750000    0.783850   -0.033850 (VIOLATED)
_08463_/Y                               0.750000    0.783848   -0.033848 (VIOLATED)
wire582/A                               0.750000    0.753736   -0.003736 (VIOLATED)
ANTENNA_wire582_A/DIODE                 0.750000    0.753736   -0.003736 (VIOLATED)
ANTENNA__10365__Y/DIODE                 0.750000    0.753725   -0.003725 (VIOLATED)
_10365_/Y                               0.750000    0.753725   -0.003725 (VIOLATED)

max fanout

Pin                                   Limit Fanout  Slack
---------------------------------------------------------
clkbuf_leaf_79_wb_clk_i/X                10     53    -43 (VIOLATED)
clkbuf_leaf_82_wb_clk_i/X                10     53    -43 (VIOLATED)
clkbuf_leaf_100_wb_clk_i/X               10     51    -41 (VIOLATED)
clkbuf_leaf_30_wb_clk_i/X                10     51    -41 (VIOLATED)
clkbuf_leaf_35_wb_clk_i/X                10     51    -41 (VIOLATED)
clkbuf_leaf_38_wb_clk_i/X                10     51    -41 (VIOLATED)
clkbuf_leaf_46_wb_clk_i/X                10     51    -41 (VIOLATED)
clkbuf_leaf_65_wb_clk_i/X                10     51    -41 (VIOLATED)
clkbuf_leaf_80_wb_clk_i/X                10     51    -41 (VIOLATED)
clkbuf_leaf_101_wb_clk_i/X               10     49    -39 (VIOLATED)
clkbuf_leaf_47_wb_clk_i/X                10     49    -39 (VIOLATED)
clkbuf_leaf_56_wb_clk_i/X                10     49    -39 (VIOLATED)
clkbuf_leaf_58_wb_clk_i/X                10     49    -39 (VIOLATED)
clkbuf_leaf_88_wb_clk_i/X                10     49    -39 (VIOLATED)
clkbuf_leaf_90_wb_clk_i/X                10     49    -39 (VIOLATED)
clkbuf_leaf_102_wb_clk_i/X               10     47    -37 (VIOLATED)
clkbuf_leaf_107_wb_clk_i/X               10     47    -37 (VIOLATED)
clkbuf_leaf_108_wb_clk_i/X               10     47    -37 (VIOLATED)
clkbuf_leaf_50_wb_clk_i/X                10     47    -37 (VIOLATED)
clkbuf_leaf_64_wb_clk_i/X                10     47    -37 (VIOLATED)
clkbuf_leaf_81_wb_clk_i/X                10     47    -37 (VIOLATED)
clkbuf_leaf_83_wb_clk_i/X                10     47    -37 (VIOLATED)
clkbuf_leaf_87_wb_clk_i/X                10     47    -37 (VIOLATED)
clkbuf_leaf_36_wb_clk_i/X                10     45    -35 (VIOLATED)
clkbuf_leaf_51_wb_clk_i/X                10     45    -35 (VIOLATED)
clkbuf_leaf_60_wb_clk_i/X                10     45    -35 (VIOLATED)
clkbuf_leaf_62_wb_clk_i/X                10     45    -35 (VIOLATED)
clkbuf_leaf_76_wb_clk_i/X                10     45    -35 (VIOLATED)
clkbuf_leaf_77_wb_clk_i/X                10     45    -35 (VIOLATED)
clkbuf_leaf_49_wb_clk_i/X                10     43    -33 (VIOLATED)
clkbuf_leaf_89_wb_clk_i/X                10     43    -33 (VIOLATED)
clkbuf_leaf_53_wb_clk_i/X                10     41    -31 (VIOLATED)
clkbuf_leaf_109_wb_clk_i/X               10     39    -29 (VIOLATED)
clkbuf_leaf_31_wb_clk_i/X                10     39    -29 (VIOLATED)
clkbuf_leaf_33_wb_clk_i/X                10     39    -29 (VIOLATED)
clkbuf_leaf_54_wb_clk_i/X                10     39    -29 (VIOLATED)
clkbuf_leaf_57_wb_clk_i/X                10     39    -29 (VIOLATED)
clkbuf_leaf_63_wb_clk_i/X                10     39    -29 (VIOLATED)
clkbuf_leaf_96_wb_clk_i/X                10     39    -29 (VIOLATED)
clkbuf_leaf_99_wb_clk_i/X                10     39    -29 (VIOLATED)
clkbuf_leaf_9_wb_clk_i/X                 10     39    -29 (VIOLATED)
clkbuf_leaf_16_wb_clk_i/X                10     37    -27 (VIOLATED)
clkbuf_leaf_23_wb_clk_i/X                10     37    -27 (VIOLATED)
clkbuf_leaf_29_wb_clk_i/X                10     37    -27 (VIOLATED)
clkbuf_leaf_61_wb_clk_i/X                10     37    -27 (VIOLATED)
clkbuf_leaf_7_wb_clk_i/X                 10     37    -27 (VIOLATED)
clkbuf_leaf_10_wb_clk_i/X                10     35    -25 (VIOLATED)
clkbuf_leaf_12_wb_clk_i/X                10     35    -25 (VIOLATED)
clkbuf_leaf_15_wb_clk_i/X                10     35    -25 (VIOLATED)
clkbuf_leaf_17_wb_clk_i/X                10     35    -25 (VIOLATED)
clkbuf_leaf_1_wb_clk_i/X                 10     35    -25 (VIOLATED)
clkbuf_leaf_26_wb_clk_i/X                10     35    -25 (VIOLATED)
clkbuf_leaf_2_wb_clk_i/X                 10     35    -25 (VIOLATED)
clkbuf_leaf_39_wb_clk_i/X                10     35    -25 (VIOLATED)
clkbuf_leaf_6_wb_clk_i/X                 10     35    -25 (VIOLATED)
clkbuf_leaf_85_wb_clk_i/X                10     35    -25 (VIOLATED)
clkbuf_3_0_0_wb_clk_i/X                  10     33    -23 (VIOLATED)
clkbuf_3_2_0_wb_clk_i/X                  10     33    -23 (VIOLATED)
clkbuf_3_3_0_wb_clk_i/X                  10     33    -23 (VIOLATED)
clkbuf_3_7_0_wb_clk_i/X                  10     33    -23 (VIOLATED)
clkbuf_leaf_105_wb_clk_i/X               10     33    -23 (VIOLATED)
clkbuf_leaf_14_wb_clk_i/X                10     33    -23 (VIOLATED)
clkbuf_leaf_32_wb_clk_i/X                10     33    -23 (VIOLATED)
clkbuf_leaf_40_wb_clk_i/X                10     33    -23 (VIOLATED)
clkbuf_leaf_52_wb_clk_i/X                10     33    -23 (VIOLATED)
clkbuf_leaf_59_wb_clk_i/X                10     33    -23 (VIOLATED)
clkbuf_leaf_5_wb_clk_i/X                 10     33    -23 (VIOLATED)
clkbuf_leaf_97_wb_clk_i/X                10     33    -23 (VIOLATED)
clkbuf_3_1_0_wb_clk_i/X                  10     31    -21 (VIOLATED)
clkbuf_3_5_0_wb_clk_i/X                  10     31    -21 (VIOLATED)
clkbuf_leaf_0_wb_clk_i/X                 10     31    -21 (VIOLATED)
clkbuf_leaf_104_wb_clk_i/X               10     31    -21 (VIOLATED)
clkbuf_leaf_19_wb_clk_i/X                10     31    -21 (VIOLATED)
clkbuf_leaf_20_wb_clk_i/X                10     31    -21 (VIOLATED)
clkbuf_leaf_73_wb_clk_i/X                10     31    -21 (VIOLATED)
clkbuf_leaf_24_wb_clk_i/X                10     29    -19 (VIOLATED)
clkbuf_leaf_25_wb_clk_i/X                10     29    -19 (VIOLATED)
clkbuf_leaf_41_wb_clk_i/X                10     29    -19 (VIOLATED)
clkbuf_leaf_55_wb_clk_i/X                10     29    -19 (VIOLATED)
clkbuf_leaf_66_wb_clk_i/X                10     29    -19 (VIOLATED)
clkbuf_leaf_98_wb_clk_i/X                10     29    -19 (VIOLATED)
clkbuf_leaf_11_wb_clk_i/X                10     27    -17 (VIOLATED)
clkbuf_leaf_68_wb_clk_i/X                10     27    -17 (VIOLATED)
clkbuf_leaf_84_wb_clk_i/X                10     26    -16 (VIOLATED)
clkbuf_3_6_0_wb_clk_i/X                  10     25    -15 (VIOLATED)
clkbuf_leaf_75_wb_clk_i/X                10     25    -15 (VIOLATED)
clkbuf_3_4_0_wb_clk_i/X                  10     23    -13 (VIOLATED)
clkbuf_leaf_43_wb_clk_i/X                10     23    -13 (VIOLATED)
clkbuf_leaf_72_wb_clk_i/X                10     23    -13 (VIOLATED)
clkbuf_leaf_4_wb_clk_i/X                 10     22    -12 (VIOLATED)
fanout773/X                              10     22    -12 (VIOLATED)
_08923_/Y                                10     21    -11 (VIOLATED)
_09558_/X                                10     21    -11 (VIOLATED)
_10098_/X                                10     21    -11 (VIOLATED)
_10471_/X                                10     21    -11 (VIOLATED)
_10579_/X                                10     21    -11 (VIOLATED)
_10588_/Y                                10     21    -11 (VIOLATED)
_16060_/Q                                10     21    -11 (VIOLATED)
_16066_/Q                                10     21    -11 (VIOLATED)
_17699_/Q                                10     21    -11 (VIOLATED)
clkbuf_leaf_106_wb_clk_i/X               10     21    -11 (VIOLATED)
clkbuf_leaf_34_wb_clk_i/X                10     21    -11 (VIOLATED)
clkbuf_leaf_48_wb_clk_i/X                10     21    -11 (VIOLATED)
clkbuf_leaf_91_wb_clk_i/X                10     21    -11 (VIOLATED)
fanout1011/X                             10     21    -11 (VIOLATED)
fanout1012/X                             10     21    -11 (VIOLATED)
fanout1025/X                             10     21    -11 (VIOLATED)
fanout1027/X                             10     21    -11 (VIOLATED)
fanout1029/X                             10     21    -11 (VIOLATED)
fanout1036/X                             10     21    -11 (VIOLATED)
fanout1040/X                             10     21    -11 (VIOLATED)
fanout1054/X                             10     21    -11 (VIOLATED)
fanout1057/X                             10     21    -11 (VIOLATED)
fanout1061/X                             10     21    -11 (VIOLATED)
fanout1064/X                             10     21    -11 (VIOLATED)
fanout1065/X                             10     21    -11 (VIOLATED)
fanout1067/X                             10     21    -11 (VIOLATED)
fanout1075/X                             10     21    -11 (VIOLATED)
fanout1081/X                             10     21    -11 (VIOLATED)
fanout1083/X                             10     21    -11 (VIOLATED)
fanout1086/X                             10     21    -11 (VIOLATED)
fanout1089/X                             10     21    -11 (VIOLATED)
fanout1091/X                             10     21    -11 (VIOLATED)
fanout1115/X                             10     21    -11 (VIOLATED)
fanout1117/X                             10     21    -11 (VIOLATED)
fanout1118/X                             10     21    -11 (VIOLATED)
fanout1119/X                             10     21    -11 (VIOLATED)
fanout1120/X                             10     21    -11 (VIOLATED)
fanout1125/X                             10     21    -11 (VIOLATED)
fanout1127/X                             10     21    -11 (VIOLATED)
fanout1128/X                             10     21    -11 (VIOLATED)
fanout1129/X                             10     21    -11 (VIOLATED)
fanout1133/X                             10     21    -11 (VIOLATED)
fanout1134/X                             10     21    -11 (VIOLATED)
fanout1136/X                             10     21    -11 (VIOLATED)
fanout1137/X                             10     21    -11 (VIOLATED)
fanout1150/X                             10     21    -11 (VIOLATED)
fanout1155/X                             10     21    -11 (VIOLATED)
fanout1161/X                             10     21    -11 (VIOLATED)
fanout1164/X                             10     21    -11 (VIOLATED)
fanout1165/X                             10     21    -11 (VIOLATED)
fanout1257/X                             10     21    -11 (VIOLATED)
fanout185/X                              10     21    -11 (VIOLATED)
fanout187/X                              10     21    -11 (VIOLATED)
fanout194/X                              10     21    -11 (VIOLATED)
fanout195/X                              10     21    -11 (VIOLATED)
fanout197/X                              10     21    -11 (VIOLATED)
fanout198/X                              10     21    -11 (VIOLATED)
fanout199/X                              10     21    -11 (VIOLATED)
fanout292/X                              10     21    -11 (VIOLATED)
fanout295/X                              10     21    -11 (VIOLATED)
fanout325/X                              10     21    -11 (VIOLATED)
fanout326/X                              10     21    -11 (VIOLATED)
fanout327/X                              10     21    -11 (VIOLATED)
fanout330/X                              10     21    -11 (VIOLATED)
fanout331/X                              10     21    -11 (VIOLATED)
fanout333/X                              10     21    -11 (VIOLATED)
fanout334/X                              10     21    -11 (VIOLATED)
fanout335/X                              10     21    -11 (VIOLATED)
fanout337/X                              10     21    -11 (VIOLATED)
fanout339/X                              10     21    -11 (VIOLATED)
fanout340/X                              10     21    -11 (VIOLATED)
fanout341/X                              10     21    -11 (VIOLATED)
fanout342/X                              10     21    -11 (VIOLATED)
fanout344/X                              10     21    -11 (VIOLATED)
fanout357/X                              10     21    -11 (VIOLATED)
fanout359/X                              10     21    -11 (VIOLATED)
fanout369/X                              10     21    -11 (VIOLATED)
fanout370/X                              10     21    -11 (VIOLATED)
fanout372/X                              10     21    -11 (VIOLATED)
fanout373/X                              10     21    -11 (VIOLATED)
fanout374/X                              10     21    -11 (VIOLATED)
fanout375/X                              10     21    -11 (VIOLATED)
fanout376/X                              10     21    -11 (VIOLATED)
fanout377/X                              10     21    -11 (VIOLATED)
fanout378/X                              10     21    -11 (VIOLATED)
fanout379/X                              10     21    -11 (VIOLATED)
fanout381/X                              10     21    -11 (VIOLATED)
fanout383/X                              10     21    -11 (VIOLATED)
fanout384/X                              10     21    -11 (VIOLATED)
fanout387/X                              10     21    -11 (VIOLATED)
fanout389/X                              10     21    -11 (VIOLATED)
fanout391/X                              10     21    -11 (VIOLATED)
fanout393/X                              10     21    -11 (VIOLATED)
fanout395/X                              10     21    -11 (VIOLATED)
fanout397/X                              10     21    -11 (VIOLATED)
fanout399/X                              10     21    -11 (VIOLATED)
fanout401/X                              10     21    -11 (VIOLATED)
fanout403/X                              10     21    -11 (VIOLATED)
fanout405/X                              10     21    -11 (VIOLATED)
fanout407/X                              10     21    -11 (VIOLATED)
fanout409/X                              10     21    -11 (VIOLATED)
fanout411/X                              10     21    -11 (VIOLATED)
fanout413/X                              10     21    -11 (VIOLATED)
fanout415/X                              10     21    -11 (VIOLATED)
fanout416/X                              10     21    -11 (VIOLATED)
fanout417/X                              10     21    -11 (VIOLATED)
fanout419/X                              10     21    -11 (VIOLATED)
fanout421/X                              10     21    -11 (VIOLATED)
fanout423/X                              10     21    -11 (VIOLATED)
fanout425/X                              10     21    -11 (VIOLATED)
fanout427/X                              10     21    -11 (VIOLATED)
fanout429/X                              10     21    -11 (VIOLATED)
fanout431/X                              10     21    -11 (VIOLATED)
fanout433/X                              10     21    -11 (VIOLATED)
fanout435/X                              10     21    -11 (VIOLATED)
fanout436/X                              10     21    -11 (VIOLATED)
fanout437/X                              10     21    -11 (VIOLATED)
fanout439/X                              10     21    -11 (VIOLATED)
fanout441/X                              10     21    -11 (VIOLATED)
fanout443/X                              10     21    -11 (VIOLATED)
fanout445/X                              10     21    -11 (VIOLATED)
fanout447/X                              10     21    -11 (VIOLATED)
fanout449/X                              10     21    -11 (VIOLATED)
fanout451/X                              10     21    -11 (VIOLATED)
fanout452/X                              10     21    -11 (VIOLATED)
fanout455/X                              10     21    -11 (VIOLATED)
fanout457/X                              10     21    -11 (VIOLATED)
fanout459/X                              10     21    -11 (VIOLATED)
fanout461/X                              10     21    -11 (VIOLATED)
fanout463/X                              10     21    -11 (VIOLATED)
fanout465/X                              10     21    -11 (VIOLATED)
fanout467/X                              10     21    -11 (VIOLATED)
fanout469/X                              10     21    -11 (VIOLATED)
fanout471/X                              10     21    -11 (VIOLATED)
fanout473/X                              10     21    -11 (VIOLATED)
fanout475/X                              10     21    -11 (VIOLATED)
fanout477/X                              10     21    -11 (VIOLATED)
fanout479/X                              10     21    -11 (VIOLATED)
fanout481/X                              10     21    -11 (VIOLATED)
fanout483/X                              10     21    -11 (VIOLATED)
fanout484/X                              10     21    -11 (VIOLATED)
fanout487/X                              10     21    -11 (VIOLATED)
fanout489/X                              10     21    -11 (VIOLATED)
fanout491/X                              10     21    -11 (VIOLATED)
fanout493/X                              10     21    -11 (VIOLATED)
fanout495/X                              10     21    -11 (VIOLATED)
fanout497/X                              10     21    -11 (VIOLATED)
fanout499/X                              10     21    -11 (VIOLATED)
fanout501/X                              10     21    -11 (VIOLATED)
fanout503/X                              10     21    -11 (VIOLATED)
fanout504/X                              10     21    -11 (VIOLATED)
fanout505/X                              10     21    -11 (VIOLATED)
fanout507/X                              10     21    -11 (VIOLATED)
fanout508/X                              10     21    -11 (VIOLATED)
fanout511/X                              10     21    -11 (VIOLATED)
fanout512/X                              10     21    -11 (VIOLATED)
fanout513/X                              10     21    -11 (VIOLATED)
fanout522/X                              10     21    -11 (VIOLATED)
fanout534/X                              10     21    -11 (VIOLATED)
fanout536/X                              10     21    -11 (VIOLATED)
fanout543/X                              10     21    -11 (VIOLATED)
fanout553/X                              10     21    -11 (VIOLATED)
fanout554/X                              10     21    -11 (VIOLATED)
fanout556/X                              10     21    -11 (VIOLATED)
fanout559/X                              10     21    -11 (VIOLATED)
fanout560/X                              10     21    -11 (VIOLATED)
fanout562/X                              10     21    -11 (VIOLATED)
fanout569/X                              10     21    -11 (VIOLATED)
fanout580/X                              10     21    -11 (VIOLATED)
fanout581/X                              10     21    -11 (VIOLATED)
fanout587/X                              10     21    -11 (VIOLATED)
fanout590/X                              10     21    -11 (VIOLATED)
fanout593/X                              10     21    -11 (VIOLATED)
fanout594/X                              10     21    -11 (VIOLATED)
fanout595/X                              10     21    -11 (VIOLATED)
fanout597/X                              10     21    -11 (VIOLATED)
fanout599/X                              10     21    -11 (VIOLATED)
fanout600/X                              10     21    -11 (VIOLATED)
fanout605/X                              10     21    -11 (VIOLATED)
fanout607/X                              10     21    -11 (VIOLATED)
fanout609/X                              10     21    -11 (VIOLATED)
fanout612/X                              10     21    -11 (VIOLATED)
fanout614/X                              10     21    -11 (VIOLATED)
fanout616/X                              10     21    -11 (VIOLATED)
fanout617/X                              10     21    -11 (VIOLATED)
fanout619/X                              10     21    -11 (VIOLATED)
fanout623/X                              10     21    -11 (VIOLATED)
fanout626/X                              10     21    -11 (VIOLATED)
fanout628/X                              10     21    -11 (VIOLATED)
fanout630/X                              10     21    -11 (VIOLATED)
fanout631/X                              10     21    -11 (VIOLATED)
fanout633/X                              10     21    -11 (VIOLATED)
fanout637/X                              10     21    -11 (VIOLATED)
fanout638/X                              10     21    -11 (VIOLATED)
fanout642/X                              10     21    -11 (VIOLATED)
fanout643/X                              10     21    -11 (VIOLATED)
fanout644/X                              10     21    -11 (VIOLATED)
fanout646/X                              10     21    -11 (VIOLATED)
fanout648/X                              10     21    -11 (VIOLATED)
fanout650/X                              10     21    -11 (VIOLATED)
fanout652/X                              10     21    -11 (VIOLATED)
fanout654/X                              10     21    -11 (VIOLATED)
fanout656/X                              10     21    -11 (VIOLATED)
fanout658/X                              10     21    -11 (VIOLATED)
fanout660/X                              10     21    -11 (VIOLATED)
fanout662/X                              10     21    -11 (VIOLATED)
fanout663/X                              10     21    -11 (VIOLATED)
fanout664/X                              10     21    -11 (VIOLATED)
fanout665/X                              10     21    -11 (VIOLATED)
fanout667/X                              10     21    -11 (VIOLATED)
fanout669/X                              10     21    -11 (VIOLATED)
fanout670/X                              10     21    -11 (VIOLATED)
fanout671/X                              10     21    -11 (VIOLATED)
fanout672/X                              10     21    -11 (VIOLATED)
fanout674/X                              10     21    -11 (VIOLATED)
fanout676/X                              10     21    -11 (VIOLATED)
fanout678/X                              10     21    -11 (VIOLATED)
fanout679/X                              10     21    -11 (VIOLATED)
fanout680/X                              10     21    -11 (VIOLATED)
fanout682/X                              10     21    -11 (VIOLATED)
fanout684/X                              10     21    -11 (VIOLATED)
fanout686/X                              10     21    -11 (VIOLATED)
fanout687/X                              10     21    -11 (VIOLATED)
fanout688/X                              10     21    -11 (VIOLATED)
fanout689/X                              10     21    -11 (VIOLATED)
fanout690/X                              10     21    -11 (VIOLATED)
fanout692/X                              10     21    -11 (VIOLATED)
fanout693/X                              10     21    -11 (VIOLATED)
fanout694/X                              10     21    -11 (VIOLATED)
fanout695/X                              10     21    -11 (VIOLATED)
fanout696/X                              10     21    -11 (VIOLATED)
fanout697/X                              10     21    -11 (VIOLATED)
fanout699/X                              10     21    -11 (VIOLATED)
fanout701/X                              10     21    -11 (VIOLATED)
fanout703/X                              10     21    -11 (VIOLATED)
fanout705/X                              10     21    -11 (VIOLATED)
fanout707/X                              10     21    -11 (VIOLATED)
fanout710/X                              10     21    -11 (VIOLATED)
fanout717/X                              10     21    -11 (VIOLATED)
fanout718/X                              10     21    -11 (VIOLATED)
fanout721/X                              10     21    -11 (VIOLATED)
fanout725/X                              10     21    -11 (VIOLATED)
fanout726/X                              10     21    -11 (VIOLATED)
fanout729/X                              10     21    -11 (VIOLATED)
fanout730/X                              10     21    -11 (VIOLATED)
fanout733/X                              10     21    -11 (VIOLATED)
fanout735/X                              10     21    -11 (VIOLATED)
fanout737/X                              10     21    -11 (VIOLATED)
fanout739/X                              10     21    -11 (VIOLATED)
fanout740/X                              10     21    -11 (VIOLATED)
fanout742/X                              10     21    -11 (VIOLATED)
fanout743/X                              10     21    -11 (VIOLATED)
fanout745/X                              10     21    -11 (VIOLATED)
fanout747/X                              10     21    -11 (VIOLATED)
fanout749/X                              10     21    -11 (VIOLATED)
fanout751/X                              10     21    -11 (VIOLATED)
fanout752/X                              10     21    -11 (VIOLATED)
fanout753/X                              10     21    -11 (VIOLATED)
fanout754/X                              10     21    -11 (VIOLATED)
fanout755/X                              10     21    -11 (VIOLATED)
fanout757/X                              10     21    -11 (VIOLATED)
fanout759/X                              10     21    -11 (VIOLATED)
fanout761/X                              10     21    -11 (VIOLATED)
fanout763/X                              10     21    -11 (VIOLATED)
fanout765/X                              10     21    -11 (VIOLATED)
fanout768/X                              10     21    -11 (VIOLATED)
fanout770/X                              10     21    -11 (VIOLATED)
fanout772/X                              10     21    -11 (VIOLATED)
fanout775/X                              10     21    -11 (VIOLATED)
fanout776/X                              10     21    -11 (VIOLATED)
fanout777/X                              10     21    -11 (VIOLATED)
fanout779/X                              10     21    -11 (VIOLATED)
fanout780/X                              10     21    -11 (VIOLATED)
fanout782/X                              10     21    -11 (VIOLATED)
fanout783/X                              10     21    -11 (VIOLATED)
fanout785/X                              10     21    -11 (VIOLATED)
fanout786/X                              10     21    -11 (VIOLATED)
fanout787/X                              10     21    -11 (VIOLATED)
fanout789/X                              10     21    -11 (VIOLATED)
fanout790/X                              10     21    -11 (VIOLATED)
fanout791/X                              10     21    -11 (VIOLATED)
fanout792/X                              10     21    -11 (VIOLATED)
fanout793/X                              10     21    -11 (VIOLATED)
fanout794/X                              10     21    -11 (VIOLATED)
fanout797/X                              10     21    -11 (VIOLATED)
fanout798/X                              10     21    -11 (VIOLATED)
fanout799/X                              10     21    -11 (VIOLATED)
fanout800/X                              10     21    -11 (VIOLATED)
fanout801/X                              10     21    -11 (VIOLATED)
fanout802/X                              10     21    -11 (VIOLATED)
fanout804/X                              10     21    -11 (VIOLATED)
fanout806/X                              10     21    -11 (VIOLATED)
fanout807/X                              10     21    -11 (VIOLATED)
fanout810/X                              10     21    -11 (VIOLATED)
fanout812/X                              10     21    -11 (VIOLATED)
fanout814/X                              10     21    -11 (VIOLATED)
fanout815/X                              10     21    -11 (VIOLATED)
fanout816/X                              10     21    -11 (VIOLATED)
fanout817/X                              10     21    -11 (VIOLATED)
fanout818/X                              10     21    -11 (VIOLATED)
fanout820/X                              10     21    -11 (VIOLATED)
fanout821/X                              10     21    -11 (VIOLATED)
fanout829/X                              10     21    -11 (VIOLATED)
fanout831/X                              10     21    -11 (VIOLATED)
fanout833/X                              10     21    -11 (VIOLATED)
fanout834/X                              10     21    -11 (VIOLATED)
fanout835/X                              10     21    -11 (VIOLATED)
fanout839/X                              10     21    -11 (VIOLATED)
fanout841/X                              10     21    -11 (VIOLATED)
fanout845/X                              10     21    -11 (VIOLATED)
fanout847/X                              10     21    -11 (VIOLATED)
fanout852/X                              10     21    -11 (VIOLATED)
fanout863/X                              10     21    -11 (VIOLATED)
fanout866/X                              10     21    -11 (VIOLATED)
fanout868/X                              10     21    -11 (VIOLATED)
fanout872/X                              10     21    -11 (VIOLATED)
fanout873/X                              10     21    -11 (VIOLATED)
fanout874/X                              10     21    -11 (VIOLATED)
fanout876/X                              10     21    -11 (VIOLATED)
fanout878/X                              10     21    -11 (VIOLATED)
fanout879/X                              10     21    -11 (VIOLATED)
fanout880/X                              10     21    -11 (VIOLATED)
fanout882/X                              10     21    -11 (VIOLATED)
fanout883/X                              10     21    -11 (VIOLATED)
fanout884/X                              10     21    -11 (VIOLATED)
fanout885/X                              10     21    -11 (VIOLATED)
fanout887/X                              10     21    -11 (VIOLATED)
fanout889/X                              10     21    -11 (VIOLATED)
fanout890/X                              10     21    -11 (VIOLATED)
fanout891/X                              10     21    -11 (VIOLATED)
fanout893/X                              10     21    -11 (VIOLATED)
fanout894/X                              10     21    -11 (VIOLATED)
fanout895/X                              10     21    -11 (VIOLATED)
fanout897/X                              10     21    -11 (VIOLATED)
fanout898/X                              10     21    -11 (VIOLATED)
fanout900/X                              10     21    -11 (VIOLATED)
fanout902/X                              10     21    -11 (VIOLATED)
fanout904/X                              10     21    -11 (VIOLATED)
fanout906/X                              10     21    -11 (VIOLATED)
fanout907/X                              10     21    -11 (VIOLATED)
fanout909/X                              10     21    -11 (VIOLATED)
fanout911/X                              10     21    -11 (VIOLATED)
fanout913/X                              10     21    -11 (VIOLATED)
fanout914/X                              10     21    -11 (VIOLATED)
fanout916/X                              10     21    -11 (VIOLATED)
fanout918/X                              10     21    -11 (VIOLATED)
fanout919/X                              10     21    -11 (VIOLATED)
fanout920/X                              10     21    -11 (VIOLATED)
fanout921/X                              10     21    -11 (VIOLATED)
fanout922/X                              10     21    -11 (VIOLATED)
fanout924/X                              10     21    -11 (VIOLATED)
fanout928/X                              10     21    -11 (VIOLATED)
fanout929/X                              10     21    -11 (VIOLATED)
fanout930/X                              10     21    -11 (VIOLATED)
fanout932/X                              10     21    -11 (VIOLATED)
fanout933/X                              10     21    -11 (VIOLATED)
fanout934/X                              10     21    -11 (VIOLATED)
fanout936/X                              10     21    -11 (VIOLATED)
fanout940/X                              10     21    -11 (VIOLATED)
fanout942/X                              10     21    -11 (VIOLATED)
fanout943/X                              10     21    -11 (VIOLATED)
fanout944/X                              10     21    -11 (VIOLATED)
fanout945/X                              10     21    -11 (VIOLATED)
fanout947/X                              10     21    -11 (VIOLATED)
fanout948/X                              10     21    -11 (VIOLATED)
fanout949/X                              10     21    -11 (VIOLATED)
fanout950/X                              10     21    -11 (VIOLATED)
fanout951/X                              10     21    -11 (VIOLATED)
fanout952/X                              10     21    -11 (VIOLATED)
fanout954/X                              10     21    -11 (VIOLATED)
fanout956/X                              10     21    -11 (VIOLATED)
fanout958/X                              10     21    -11 (VIOLATED)
fanout960/X                              10     21    -11 (VIOLATED)
fanout962/X                              10     21    -11 (VIOLATED)
fanout964/X                              10     21    -11 (VIOLATED)
fanout965/X                              10     21    -11 (VIOLATED)
fanout967/X                              10     21    -11 (VIOLATED)
fanout969/X                              10     21    -11 (VIOLATED)
fanout971/X                              10     21    -11 (VIOLATED)
fanout974/X                              10     21    -11 (VIOLATED)
fanout976/X                              10     21    -11 (VIOLATED)
fanout978/X                              10     21    -11 (VIOLATED)
fanout979/X                              10     21    -11 (VIOLATED)
fanout980/X                              10     21    -11 (VIOLATED)
fanout981/X                              10     21    -11 (VIOLATED)
fanout983/X                              10     21    -11 (VIOLATED)
fanout984/X                              10     21    -11 (VIOLATED)
fanout985/X                              10     21    -11 (VIOLATED)
fanout986/X                              10     21    -11 (VIOLATED)
fanout987/X                              10     21    -11 (VIOLATED)
fanout989/X                              10     21    -11 (VIOLATED)
fanout993/X                              10     21    -11 (VIOLATED)
fanout994/X                              10     21    -11 (VIOLATED)
fanout997/X                              10     21    -11 (VIOLATED)
_09818_/X                                10     19     -9 (VIOLATED)
_10186_/Y                                10     19     -9 (VIOLATED)
_10331_/X                                10     19     -9 (VIOLATED)
_10367_/X                                10     19     -9 (VIOLATED)
_13934_/Y                                10     19     -9 (VIOLATED)
_13938_/Y                                10     19     -9 (VIOLATED)
_13944_/Y                                10     19     -9 (VIOLATED)
_13951_/Y                                10     19     -9 (VIOLATED)
_13955_/X                                10     19     -9 (VIOLATED)
_13957_/Y                                10     19     -9 (VIOLATED)
_13958_/Y                                10     19     -9 (VIOLATED)
_13963_/X                                10     19     -9 (VIOLATED)
_13964_/X                                10     19     -9 (VIOLATED)
_13966_/Y                                10     19     -9 (VIOLATED)
_13967_/X                                10     19     -9 (VIOLATED)
_13968_/Y                                10     19     -9 (VIOLATED)
_13972_/X                                10     19     -9 (VIOLATED)
_16051_/Q                                10     19     -9 (VIOLATED)
_16069_/Q                                10     19     -9 (VIOLATED)
_17627_/Q                                10     19     -9 (VIOLATED)
_17683_/Q                                10     19     -9 (VIOLATED)
_17685_/Q                                10     19     -9 (VIOLATED)
_17688_/Q                                10     19     -9 (VIOLATED)
_17697_/Q                                10     19     -9 (VIOLATED)
fanout1050/X                             10     19     -9 (VIOLATED)
fanout1088/X                             10     19     -9 (VIOLATED)
fanout1114/X                             10     19     -9 (VIOLATED)
fanout1378/X                             10     19     -9 (VIOLATED)
fanout348/X                              10     19     -9 (VIOLATED)
fanout360/X                              10     19     -9 (VIOLATED)
fanout385/X                              10     19     -9 (VIOLATED)
fanout424/X                              10     19     -9 (VIOLATED)
fanout476/X                              10     19     -9 (VIOLATED)
fanout480/X                              10     19     -9 (VIOLATED)
fanout563/X                              10     19     -9 (VIOLATED)
fanout641/X                              10     19     -9 (VIOLATED)
fanout657/X                              10     19     -9 (VIOLATED)
fanout683/X                              10     19     -9 (VIOLATED)
fanout691/X                              10     19     -9 (VIOLATED)
fanout727/X                              10     19     -9 (VIOLATED)
fanout788/X                              10     19     -9 (VIOLATED)
fanout819/X                              10     19     -9 (VIOLATED)
fanout838/X                              10     19     -9 (VIOLATED)
fanout869/X                              10     19     -9 (VIOLATED)
fanout905/X                              10     19     -9 (VIOLATED)
fanout991/X                              10     19     -9 (VIOLATED)
fanout666/X                              10     18     -8 (VIOLATED)
_08366_/X                                10     17     -7 (VIOLATED)
_10222_/X                                10     17     -7 (VIOLATED)
_10580_/Y                                10     17     -7 (VIOLATED)
_11318_/X                                10     17     -7 (VIOLATED)
_13929_/X                                10     17     -7 (VIOLATED)
_13941_/Y                                10     17     -7 (VIOLATED)
_13943_/Y                                10     17     -7 (VIOLATED)
_13948_/X                                10     17     -7 (VIOLATED)
_13949_/Y                                10     17     -7 (VIOLATED)
_13952_/X                                10     17     -7 (VIOLATED)
_13953_/X                                10     17     -7 (VIOLATED)
_13954_/X                                10     17     -7 (VIOLATED)
_13959_/X                                10     17     -7 (VIOLATED)
_13960_/X                                10     17     -7 (VIOLATED)
_13961_/X                                10     17     -7 (VIOLATED)
_13962_/Y                                10     17     -7 (VIOLATED)
_13969_/Y                                10     17     -7 (VIOLATED)
_13970_/Y                                10     17     -7 (VIOLATED)
_13971_/Y                                10     17     -7 (VIOLATED)
_13973_/X                                10     17     -7 (VIOLATED)
_13974_/X                                10     17     -7 (VIOLATED)
_13975_/X                                10     17     -7 (VIOLATED)
_13976_/X                                10     17     -7 (VIOLATED)
_16047_/Q                                10     17     -7 (VIOLATED)
_16048_/Q                                10     17     -7 (VIOLATED)
_16053_/Q                                10     17     -7 (VIOLATED)
_16058_/Q                                10     17     -7 (VIOLATED)
_16061_/Q                                10     17     -7 (VIOLATED)
_16063_/Q                                10     17     -7 (VIOLATED)
_16065_/Q                                10     17     -7 (VIOLATED)
_16067_/Q                                10     17     -7 (VIOLATED)
_16070_/Q                                10     17     -7 (VIOLATED)
_16072_/Q                                10     17     -7 (VIOLATED)
_16074_/Q                                10     17     -7 (VIOLATED)
_17682_/Q                                10     17     -7 (VIOLATED)
_17696_/Q                                10     17     -7 (VIOLATED)
clkbuf_0_wb_clk_i/X                      10     17     -7 (VIOLATED)
clkbuf_leaf_28_wb_clk_i/X                10     17     -7 (VIOLATED)
clkbuf_leaf_92_wb_clk_i/X                10     17     -7 (VIOLATED)
fanout1008/X                             10     17     -7 (VIOLATED)
fanout1009/X                             10     17     -7 (VIOLATED)
fanout1042/X                             10     17     -7 (VIOLATED)
fanout1078/X                             10     17     -7 (VIOLATED)
fanout1085/X                             10     17     -7 (VIOLATED)
fanout1096/X                             10     17     -7 (VIOLATED)
fanout1130/X                             10     17     -7 (VIOLATED)
fanout1135/X                             10     17     -7 (VIOLATED)
fanout1138/X                             10     17     -7 (VIOLATED)
fanout1265/X                             10     17     -7 (VIOLATED)
fanout1357/X                             10     17     -7 (VIOLATED)
fanout186/X                              10     17     -7 (VIOLATED)
fanout338/X                              10     17     -7 (VIOLATED)
fanout368/X                              10     17     -7 (VIOLATED)
fanout371/X                              10     17     -7 (VIOLATED)
fanout392/X                              10     17     -7 (VIOLATED)
fanout396/X                              10     17     -7 (VIOLATED)
fanout408/X                              10     17     -7 (VIOLATED)
fanout448/X                              10     17     -7 (VIOLATED)
fanout453/X                              10     17     -7 (VIOLATED)
fanout485/X                              10     17     -7 (VIOLATED)
fanout488/X                              10     17     -7 (VIOLATED)
fanout548/X                              10     17     -7 (VIOLATED)
fanout610/X                              10     17     -7 (VIOLATED)
fanout627/X                              10     17     -7 (VIOLATED)
fanout629/X                              10     17     -7 (VIOLATED)
fanout632/X                              10     17     -7 (VIOLATED)
fanout634/X                              10     17     -7 (VIOLATED)
fanout651/X                              10     17     -7 (VIOLATED)
fanout655/X                              10     17     -7 (VIOLATED)
fanout659/X                              10     17     -7 (VIOLATED)
fanout661/X                              10     17     -7 (VIOLATED)
fanout668/X                              10     17     -7 (VIOLATED)
fanout675/X                              10     17     -7 (VIOLATED)
fanout681/X                              10     17     -7 (VIOLATED)
fanout698/X                              10     17     -7 (VIOLATED)
fanout738/X                              10     17     -7 (VIOLATED)
fanout741/X                              10     17     -7 (VIOLATED)
fanout774/X                              10     17     -7 (VIOLATED)
fanout778/X                              10     17     -7 (VIOLATED)
fanout784/X                              10     17     -7 (VIOLATED)
fanout795/X                              10     17     -7 (VIOLATED)
fanout886/X                              10     17     -7 (VIOLATED)
fanout941/X                              10     17     -7 (VIOLATED)
fanout946/X                              10     17     -7 (VIOLATED)
fanout972/X                              10     17     -7 (VIOLATED)
clkbuf_leaf_13_wb_clk_i/X                10     16     -6 (VIOLATED)
clkbuf_leaf_22_wb_clk_i/X                10     16     -6 (VIOLATED)
clkbuf_leaf_8_wb_clk_i/X                 10     16     -6 (VIOLATED)
_08022_/X                                10     15     -5 (VIOLATED)
_08398_/Y                                10     15     -5 (VIOLATED)
_10594_/Y                                10     15     -5 (VIOLATED)
_16049_/Q                                10     15     -5 (VIOLATED)
_16050_/Q                                10     15     -5 (VIOLATED)
_16052_/Q                                10     15     -5 (VIOLATED)
_16056_/Q                                10     15     -5 (VIOLATED)
_16059_/Q                                10     15     -5 (VIOLATED)
_16062_/Q                                10     15     -5 (VIOLATED)
_16064_/Q                                10     15     -5 (VIOLATED)
_16068_/Q                                10     15     -5 (VIOLATED)
_16071_/Q                                10     15     -5 (VIOLATED)
_16073_/Q                                10     15     -5 (VIOLATED)
_16075_/Q                                10     15     -5 (VIOLATED)
_17621_/Q                                10     15     -5 (VIOLATED)
_17644_/Q                                10     15     -5 (VIOLATED)
_17680_/Q                                10     15     -5 (VIOLATED)
_17681_/Q                                10     15     -5 (VIOLATED)
_17694_/Q                                10     15     -5 (VIOLATED)
_17705_/Q                                10     15     -5 (VIOLATED)
_17709_/Q                                10     15     -5 (VIOLATED)
_17726_/Q                                10     15     -5 (VIOLATED)
clkbuf_leaf_69_wb_clk_i/X                10     15     -5 (VIOLATED)
clkbuf_leaf_71_wb_clk_i/X                10     15     -5 (VIOLATED)
fanout1048/X                             10     15     -5 (VIOLATED)
fanout1052/X                             10     15     -5 (VIOLATED)
fanout1121/X                             10     15     -5 (VIOLATED)
fanout1158/X                             10     15     -5 (VIOLATED)
fanout1192/X                             10     15     -5 (VIOLATED)
fanout1216/X                             10     15     -5 (VIOLATED)
fanout1234/X                             10     15     -5 (VIOLATED)
fanout1243/X                             10     15     -5 (VIOLATED)
fanout1269/X                             10     15     -5 (VIOLATED)
fanout1278/X                             10     15     -5 (VIOLATED)
fanout1294/X                             10     15     -5 (VIOLATED)
fanout1352/X                             10     15     -5 (VIOLATED)
fanout1399/X                             10     15     -5 (VIOLATED)
fanout220/X                              10     15     -5 (VIOLATED)
fanout236/X                              10     15     -5 (VIOLATED)
fanout289/X                              10     15     -5 (VIOLATED)
fanout345/X                              10     15     -5 (VIOLATED)
fanout366/X                              10     15     -5 (VIOLATED)
fanout380/X                              10     15     -5 (VIOLATED)
fanout388/X                              10     15     -5 (VIOLATED)
fanout394/X                              10     15     -5 (VIOLATED)
fanout398/X                              10     15     -5 (VIOLATED)
fanout404/X                              10     15     -5 (VIOLATED)
fanout410/X                              10     15     -5 (VIOLATED)
fanout420/X                              10     15     -5 (VIOLATED)
fanout428/X                              10     15     -5 (VIOLATED)
fanout432/X                              10     15     -5 (VIOLATED)
fanout440/X                              10     15     -5 (VIOLATED)
fanout444/X                              10     15     -5 (VIOLATED)
fanout450/X                              10     15     -5 (VIOLATED)
fanout454/X                              10     15     -5 (VIOLATED)
fanout456/X                              10     15     -5 (VIOLATED)
fanout460/X                              10     15     -5 (VIOLATED)
fanout466/X                              10     15     -5 (VIOLATED)
fanout486/X                              10     15     -5 (VIOLATED)
fanout490/X                              10     15     -5 (VIOLATED)
fanout494/X                              10     15     -5 (VIOLATED)
fanout496/X                              10     15     -5 (VIOLATED)
fanout500/X                              10     15     -5 (VIOLATED)
fanout523/X                              10     15     -5 (VIOLATED)
fanout558/X                              10     15     -5 (VIOLATED)
fanout568/X                              10     15     -5 (VIOLATED)
fanout602/X                              10     15     -5 (VIOLATED)
fanout603/X                              10     15     -5 (VIOLATED)
fanout608/X                              10     15     -5 (VIOLATED)
fanout613/X                              10     15     -5 (VIOLATED)
fanout622/X                              10     15     -5 (VIOLATED)
fanout624/X                              10     15     -5 (VIOLATED)
fanout639/X                              10     15     -5 (VIOLATED)
fanout673/X                              10     15     -5 (VIOLATED)
fanout685/X                              10     15     -5 (VIOLATED)
fanout702/X                              10     15     -5 (VIOLATED)
fanout708/X                              10     15     -5 (VIOLATED)
fanout714/X                              10     15     -5 (VIOLATED)
fanout719/X                              10     15     -5 (VIOLATED)
fanout722/X                              10     15     -5 (VIOLATED)
fanout732/X                              10     15     -5 (VIOLATED)
fanout744/X                              10     15     -5 (VIOLATED)
fanout750/X                              10     15     -5 (VIOLATED)
fanout803/X                              10     15     -5 (VIOLATED)
fanout805/X                              10     15     -5 (VIOLATED)
fanout809/X                              10     15     -5 (VIOLATED)
fanout840/X                              10     15     -5 (VIOLATED)
fanout875/X                              10     15     -5 (VIOLATED)
fanout896/X                              10     15     -5 (VIOLATED)
fanout917/X                              10     15     -5 (VIOLATED)
fanout923/X                              10     15     -5 (VIOLATED)
fanout925/X                              10     15     -5 (VIOLATED)
fanout937/X                              10     15     -5 (VIOLATED)
fanout959/X                              10     15     -5 (VIOLATED)
fanout961/X                              10     15     -5 (VIOLATED)
fanout995/X                              10     15     -5 (VIOLATED)
clkbuf_leaf_18_wb_clk_i/X                10     14     -4 (VIOLATED)
clkbuf_leaf_27_wb_clk_i/X                10     14     -4 (VIOLATED)
clkbuf_leaf_3_wb_clk_i/X                 10     14     -4 (VIOLATED)
clkbuf_leaf_67_wb_clk_i/X                10     14     -4 (VIOLATED)
clkbuf_leaf_74_wb_clk_i/X                10     14     -4 (VIOLATED)
_08007_/Y                                10     13     -3 (VIOLATED)
_08151_/Y                                10     13     -3 (VIOLATED)
_08396_/X                                10     13     -3 (VIOLATED)
_10562_/X                                10     13     -3 (VIOLATED)
_11312_/X                                10     13     -3 (VIOLATED)
_13763_/Y                                10     13     -3 (VIOLATED)
_13888_/Y                                10     13     -3 (VIOLATED)
_16272_/Q                                10     13     -3 (VIOLATED)
_17622_/Q                                10     13     -3 (VIOLATED)
_17623_/Q                                10     13     -3 (VIOLATED)
_17624_/Q                                10     13     -3 (VIOLATED)
_17679_/Q                                10     13     -3 (VIOLATED)
_17684_/Q                                10     13     -3 (VIOLATED)
_17692_/Q                                10     13     -3 (VIOLATED)
_17695_/Q                                10     13     -3 (VIOLATED)
_17727_/Q                                10     13     -3 (VIOLATED)
clkbuf_leaf_103_wb_clk_i/X               10     13     -3 (VIOLATED)
clkbuf_leaf_21_wb_clk_i/X                10     13     -3 (VIOLATED)
clkbuf_leaf_45_wb_clk_i/X                10     13     -3 (VIOLATED)
clkbuf_leaf_70_wb_clk_i/X                10     13     -3 (VIOLATED)
clkbuf_leaf_86_wb_clk_i/X                10     13     -3 (VIOLATED)
fanout1006/X                             10     13     -3 (VIOLATED)
fanout1014/X                             10     13     -3 (VIOLATED)
fanout1069/X                             10     13     -3 (VIOLATED)
fanout1082/X                             10     13     -3 (VIOLATED)
fanout1098/X                             10     13     -3 (VIOLATED)
fanout1154/X                             10     13     -3 (VIOLATED)
fanout1173/X                             10     13     -3 (VIOLATED)
fanout1182/X                             10     13     -3 (VIOLATED)
fanout1183/X                             10     13     -3 (VIOLATED)
fanout1220/X                             10     13     -3 (VIOLATED)
fanout1228/X                             10     13     -3 (VIOLATED)
fanout1250/X                             10     13     -3 (VIOLATED)
fanout1290/X                             10     13     -3 (VIOLATED)
fanout1318/X                             10     13     -3 (VIOLATED)
fanout1387/X                             10     13     -3 (VIOLATED)
fanout188/X                              10     13     -3 (VIOLATED)
fanout216/X                              10     13     -3 (VIOLATED)
fanout285/X                              10     13     -3 (VIOLATED)
fanout303/X                              10     13     -3 (VIOLATED)
fanout332/X                              10     13     -3 (VIOLATED)
fanout386/X                              10     13     -3 (VIOLATED)
fanout400/X                              10     13     -3 (VIOLATED)
fanout402/X                              10     13     -3 (VIOLATED)
fanout412/X                              10     13     -3 (VIOLATED)
fanout414/X                              10     13     -3 (VIOLATED)
fanout426/X                              10     13     -3 (VIOLATED)
fanout468/X                              10     13     -3 (VIOLATED)
fanout470/X                              10     13     -3 (VIOLATED)
fanout472/X                              10     13     -3 (VIOLATED)
fanout474/X                              10     13     -3 (VIOLATED)
fanout478/X                              10     13     -3 (VIOLATED)
fanout482/X                              10     13     -3 (VIOLATED)
fanout528/X                              10     13     -3 (VIOLATED)
fanout561/X                              10     13     -3 (VIOLATED)
fanout566/X                              10     13     -3 (VIOLATED)
fanout606/X                              10     13     -3 (VIOLATED)
fanout653/X                              10     13     -3 (VIOLATED)
fanout700/X                              10     13     -3 (VIOLATED)
fanout736/X                              10     13     -3 (VIOLATED)
fanout756/X                              10     13     -3 (VIOLATED)
fanout758/X                              10     13     -3 (VIOLATED)
fanout766/X                              10     13     -3 (VIOLATED)
fanout796/X                              10     13     -3 (VIOLATED)
fanout848/X                              10     13     -3 (VIOLATED)
fanout851/X                              10     13     -3 (VIOLATED)
fanout877/X                              10     13     -3 (VIOLATED)
fanout901/X                              10     13     -3 (VIOLATED)
fanout908/X                              10     13     -3 (VIOLATED)
fanout910/X                              10     13     -3 (VIOLATED)
fanout935/X                              10     13     -3 (VIOLATED)
fanout955/X                              10     13     -3 (VIOLATED)
fanout970/X                              10     13     -3 (VIOLATED)
fanout975/X                              10     13     -3 (VIOLATED)
fanout977/X                              10     13     -3 (VIOLATED)
clkbuf_leaf_42_wb_clk_i/X                10     12     -2 (VIOLATED)
clkbuf_leaf_78_wb_clk_i/X                10     12     -2 (VIOLATED)
clkbuf_leaf_94_wb_clk_i/X                10     12     -2 (VIOLATED)
clkbuf_leaf_95_wb_clk_i/X                10     12     -2 (VIOLATED)
_07972_/Y                                10     11        (VIOLATED)
_07985_/Y                                10     11        (VIOLATED)
_08020_/Y                                10     11        (VIOLATED)
_08312_/X                                10     11        (VIOLATED)
_08325_/X                                10     11        (VIOLATED)
_08338_/X                                10     11        (VIOLATED)
_08422_/X                                10     11        (VIOLATED)
_08426_/X                                10     11        (VIOLATED)
_08776_/X                                10     11        (VIOLATED)
_10129_/Y                                10     11        (VIOLATED)
_10132_/X                                10     11        (VIOLATED)
_13946_/X                                10     11        (VIOLATED)
_16076_/Q                                10     11        (VIOLATED)
_17639_/Q                                10     11        (VIOLATED)
_17640_/Q                                10     11        (VIOLATED)
_17641_/Q                                10     11        (VIOLATED)
_17642_/Q                                10     11        (VIOLATED)
_17643_/Q                                10     11        (VIOLATED)
_17689_/Q                                10     11        (VIOLATED)
_17691_/Q                                10     11        (VIOLATED)
_17693_/Q                                10     11        (VIOLATED)
clkbuf_leaf_37_wb_clk_i/X                10     11        (VIOLATED)
clkbuf_leaf_44_wb_clk_i/X                10     11        (VIOLATED)
fanout1019/X                             10     11        (VIOLATED)
fanout1030/X                             10     11        (VIOLATED)
fanout1038/X                             10     11        (VIOLATED)
fanout1046/X                             10     11        (VIOLATED)
fanout1080/X                             10     11        (VIOLATED)
fanout1097/X                             10     11        (VIOLATED)
fanout1099/X                             10     11        (VIOLATED)
fanout1102/X                             10     11        (VIOLATED)
fanout1105/X                             10     11        (VIOLATED)
fanout1108/X                             10     11        (VIOLATED)
fanout1111/X                             10     11        (VIOLATED)
fanout1122/X                             10     11        (VIOLATED)
fanout1139/X                             10     11        (VIOLATED)
fanout1200/X                             10     11        (VIOLATED)
fanout1201/X                             10     11        (VIOLATED)
fanout1233/X                             10     11        (VIOLATED)
fanout1251/X                             10     11        (VIOLATED)
fanout1274/X                             10     11        (VIOLATED)
fanout1283/X                             10     11        (VIOLATED)
fanout1298/X                             10     11        (VIOLATED)
fanout1299/X                             10     11        (VIOLATED)
fanout1300/X                             10     11        (VIOLATED)
fanout1308/X                             10     11        (VIOLATED)
fanout1341/X                             10     11        (VIOLATED)
fanout1342/X                             10     11        (VIOLATED)
fanout1369/X                             10     11        (VIOLATED)
fanout1379/X                             10     11        (VIOLATED)
fanout1395/X                             10     11        (VIOLATED)
fanout1414/X                             10     11        (VIOLATED)
fanout1415/X                             10     11        (VIOLATED)
fanout1416/X                             10     11        (VIOLATED)
fanout1417/X                             10     11        (VIOLATED)
fanout1418/X                             10     11        (VIOLATED)
fanout196/X                              10     11        (VIOLATED)
fanout200/X                              10     11        (VIOLATED)
fanout257/X                              10     11        (VIOLATED)
fanout336/X                              10     11        (VIOLATED)
fanout382/X                              10     11        (VIOLATED)
fanout390/X                              10     11        (VIOLATED)
fanout406/X                              10     11        (VIOLATED)
fanout418/X                              10     11        (VIOLATED)
fanout422/X                              10     11        (VIOLATED)
fanout430/X                              10     11        (VIOLATED)
fanout434/X                              10     11        (VIOLATED)
fanout438/X                              10     11        (VIOLATED)
fanout442/X                              10     11        (VIOLATED)
fanout446/X                              10     11        (VIOLATED)
fanout458/X                              10     11        (VIOLATED)
fanout462/X                              10     11        (VIOLATED)
fanout464/X                              10     11        (VIOLATED)
fanout492/X                              10     11        (VIOLATED)
fanout498/X                              10     11        (VIOLATED)
fanout502/X                              10     11        (VIOLATED)
fanout570/X                              10     11        (VIOLATED)
fanout571/X                              10     11        (VIOLATED)
fanout615/X                              10     11        (VIOLATED)
fanout645/X                              10     11        (VIOLATED)
fanout647/X                              10     11        (VIOLATED)
fanout649/X                              10     11        (VIOLATED)
fanout677/X                              10     11        (VIOLATED)
fanout704/X                              10     11        (VIOLATED)
fanout706/X                              10     11        (VIOLATED)
fanout716/X                              10     11        (VIOLATED)
fanout731/X                              10     11        (VIOLATED)
fanout734/X                              10     11        (VIOLATED)
fanout746/X                              10     11        (VIOLATED)
fanout748/X                              10     11        (VIOLATED)
fanout760/X                              10     11        (VIOLATED)
fanout762/X                              10     11        (VIOLATED)
fanout767/X                              10     11        (VIOLATED)
fanout769/X                              10     11        (VIOLATED)
fanout771/X                              10     11        (VIOLATED)
fanout781/X                              10     11        (VIOLATED)
fanout808/X                              10     11        (VIOLATED)
fanout811/X                              10     11        (VIOLATED)
fanout813/X                              10     11        (VIOLATED)
fanout822/X                              10     11        (VIOLATED)
fanout823/X                              10     11        (VIOLATED)
fanout865/X                              10     11        (VIOLATED)
fanout888/X                              10     11        (VIOLATED)
fanout892/X                              10     11        (VIOLATED)
fanout899/X                              10     11        (VIOLATED)
fanout903/X                              10     11        (VIOLATED)
fanout912/X                              10     11        (VIOLATED)
fanout915/X                              10     11        (VIOLATED)
fanout931/X                              10     11        (VIOLATED)
fanout963/X                              10     11        (VIOLATED)
fanout966/X                              10     11        (VIOLATED)
fanout982/X                              10     11        (VIOLATED)
fanout988/X                              10     11        (VIOLATED)
input1/X                                 10     11        (VIOLATED)

max capacitance

Pin                                        Limit         Cap       Slack
------------------------------------------------------------------------
fanout679/X                             0.200000    0.225999   -0.025999 (VIOLATED)
fanout662/X                             0.200000    0.223438   -0.023438 (VIOLATED)
fanout461/X                             0.200000    0.223314   -0.023314 (VIOLATED)
fanout386/X                             0.200000    0.221638   -0.021638 (VIOLATED)
fanout737/X                             0.200000    0.220719   -0.020719 (VIOLATED)
fanout818/X                             0.200000    0.220587   -0.020587 (VIOLATED)
fanout421/X                             0.200000    0.218678   -0.018678 (VIOLATED)
fanout646/X                             0.200000    0.216290   -0.016290 (VIOLATED)
fanout680/X                             0.200000    0.213999   -0.013999 (VIOLATED)
fanout805/X                             0.200000    0.212758   -0.012758 (VIOLATED)
fanout784/X                             0.200000    0.212425   -0.012425 (VIOLATED)
clkbuf_0_wb_clk_i/X                     0.200000    0.208201   -0.008201 (VIOLATED)
clkbuf_3_2_0_wb_clk_i/X                 0.200000    0.205754   -0.005754 (VIOLATED)
fanout486/X                             0.200000    0.205071   -0.005071 (VIOLATED)
fanout447/X                             0.200000    0.204469   -0.004469 (VIOLATED)
fanout657/X                             0.200000    0.202465   -0.002465 (VIOLATED)
fanout790/X                             0.200000    0.201465   -0.001465 (VIOLATED)
fanout815/X                             0.200000    0.201213   -0.001213 (VIOLATED)
clkbuf_3_0_0_wb_clk_i/X                 0.200000    0.201046   -0.001046 (VIOLATED)
fanout473/X                             0.200000    0.200724   -0.000724 (VIOLATED)



===========================================================================
report_parasitic_annotation -report_unannotated
============================================================================
Found 345 unannotated drivers.
 gpio_in[0]
 gpio_in[10]
 gpio_in[11]
 gpio_in[12]
 gpio_in[13]
 gpio_in[14]
 gpio_in[15]
 gpio_in[1]
 gpio_in[20]
 gpio_in[21]
 gpio_in[22]
 gpio_in[23]
 gpio_in[24]
 gpio_in[25]
 gpio_in[26]
 gpio_in[27]
 gpio_in[28]
 gpio_in[29]
 gpio_in[2]
 gpio_in[30]
 gpio_in[31]
 gpio_in[32]
 gpio_in[33]
 gpio_in[34]
 gpio_in[35]
 gpio_in[36]
 gpio_in[37]
 gpio_in[3]
 gpio_in[4]
 gpio_in[5]
 gpio_in[6]
 gpio_in[7]
 gpio_in[8]
 gpio_in[9]
 la_data_in[0]
 la_data_in[10]
 la_data_in[11]
 la_data_in[12]
 la_data_in[13]
 la_data_in[14]
 la_data_in[15]
 la_data_in[16]
 la_data_in[17]
 la_data_in[18]
 la_data_in[19]
 la_data_in[1]
 la_data_in[20]
 la_data_in[21]
 la_data_in[22]
 la_data_in[23]
 la_data_in[24]
 la_data_in[25]
 la_data_in[26]
 la_data_in[27]
 la_data_in[28]
 la_data_in[29]
 la_data_in[2]
 la_data_in[30]
 la_data_in[31]
 la_data_in[3]
 la_data_in[4]
 la_data_in[5]
 la_data_in[6]
 la_data_in[7]
 la_data_in[8]
 la_data_in[9]
 la_oenb[0]
 la_oenb[10]
 la_oenb[11]
 la_oenb[12]
 la_oenb[13]
 la_oenb[14]
 la_oenb[15]
 la_oenb[16]
 la_oenb[17]
 la_oenb[18]
 la_oenb[19]
 la_oenb[1]
 la_oenb[20]
 la_oenb[21]
 la_oenb[22]
 la_oenb[23]
 la_oenb[24]
 la_oenb[25]
 la_oenb[26]
 la_oenb[27]
 la_oenb[28]
 la_oenb[29]
 la_oenb[2]
 la_oenb[30]
 la_oenb[31]
 la_oenb[3]
 la_oenb[4]
 la_oenb[5]
 la_oenb[6]
 la_oenb[7]
 la_oenb[8]
 la_oenb[9]
 wbs_dat_i[10]
 wbs_dat_i[11]
 wbs_dat_i[12]
 wbs_dat_i[13]
 wbs_dat_i[14]
 wbs_dat_i[15]
 wbs_dat_i[16]
 wbs_dat_i[17]
 wbs_dat_i[18]
 wbs_dat_i[19]
 wbs_dat_i[1]
 wbs_dat_i[20]
 wbs_dat_i[21]
 wbs_dat_i[22]
 wbs_dat_i[23]
 wbs_dat_i[24]
 wbs_dat_i[25]
 wbs_dat_i[26]
 wbs_dat_i[27]
 wbs_dat_i[28]
 wbs_dat_i[29]
 wbs_dat_i[2]
 wbs_dat_i[30]
 wbs_dat_i[31]
 wbs_dat_i[3]
 wbs_dat_i[4]
 wbs_dat_i[5]
 wbs_dat_i[6]
 wbs_dat_i[7]
 wbs_dat_i[8]
 wbs_dat_i[9]
 wbs_sel_i[0]
 wbs_sel_i[1]
 wbs_sel_i[2]
 wbs_sel_i[3]
 _17891__1501/LO
 _17892__1502/LO
 _17893__1503/LO
 _17894__1504/LO
 _17895__1505/LO
 _17896__1419/HI
 _17897__1420/HI
 _17898__1421/HI
 _17899__1422/HI
 _17900__1423/HI
 _17901__1424/HI
 _17902__1425/HI
 _17903__1426/HI
 _17904__1427/HI
 _17905__1428/HI
 _17906__1429/HI
 _17907__1506/LO
 _17908__1507/LO
 _17909__1508/LO
 _17910__1509/LO
 _17911__1430/HI
 _17912__1431/HI
 _17913__1432/HI
 _17914__1433/HI
 _17915__1510/LO
 _17916__1511/LO
 _17917__1512/LO
 _17918__1513/LO
 _17919__1514/LO
 _17920__1515/LO
 _17921__1516/LO
 _17922__1517/LO
 _17923__1518/LO
 _17924__1519/LO
 _17925__1520/LO
 _17926__1521/LO
 _17927__1522/LO
 _17928__1523/LO
 _17929__1434/HI
 _17930__1435/HI
 _17931__1436/HI
 _17932__1437/HI
 _17933__1438/HI
 _17936__1439/HI
 _17937__1440/HI
 _17938__1441/HI
 _17939__1442/HI
 _17940__1443/HI
 _17941__1444/HI
 _17942__1445/HI
 _17943__1446/HI
 _17944__1447/HI
 _17945__1448/HI
 _17946__1449/HI
 _17947__1450/HI
 _17948__1451/HI
 _17949__1452/HI
 _17950__1453/HI
 _17951__1454/HI
 _17952__1455/HI
 _17953__1456/HI
 _17954__1457/HI
 _17955__1458/HI
 _17956__1459/HI
 _17957__1460/HI
 _17958__1461/HI
 _17959__1462/HI
 _17960__1463/HI
 _17961__1464/HI
 _17962__1465/HI
 _17963__1466/HI
 _17964__1467/HI
 _17965__1468/HI
 _17966__1469/HI
 _17967__1470/HI
 _17968__1471/HI
 _17969__1472/HI
 _17970__1473/HI
 _17971__1474/HI
 _17972__1475/HI
 _17973__1476/HI
 _17974__1477/HI
 _17975__1478/HI
 _17976__1479/HI
 _17977__1480/HI
 _17978__1481/HI
 _17979__1482/HI
 _17980__1483/HI
 _17981__1484/HI
 _17982__1485/HI
 _17983__1486/HI
 _17984__1487/HI
 _17985__1488/HI
 _17986__1489/HI
 _17987__1490/HI
 _17988__1491/HI
 _17989__1492/HI
 _17993__1493/HI
 _17997__1494/HI
 _18003__1495/HI
 _18006__1496/HI
 _18009__1497/HI
 _18011__1498/HI
 _18013__1499/HI
 _18018__1500/HI
 clkload0/X
 clkload1/Y
 clkload10/Y
 clkload100/Y
 clkload101/Y
 clkload102/Y
 clkload103/Y
 clkload104/Y
 clkload105/Y
 clkload106/Y
 clkload11/X
 clkload12/Y
 clkload13/Y
 clkload14/Y
 clkload15/Y
 clkload16/Y
 clkload17/Y
 clkload18/Y
 clkload19/Y
 clkload2/X
 clkload20/Y
 clkload21/Y
 clkload22/Y
 clkload23/Y
 clkload24/Y
 clkload25/Y
 clkload26/Y
 clkload27/Y
 clkload28/Y
 clkload29/X
 clkload3/X
 clkload30/X
 clkload31/Y
 clkload32/Y
 clkload33/Y
 clkload34/Y
 clkload35/Y
 clkload36/Y
 clkload37/Y
 clkload38/Y
 clkload39/Y
 clkload4/Y
 clkload40/Y
 clkload41/Y
 clkload42/Y
 clkload43/Y
 clkload44/Y
 clkload45/Y
 clkload46/Y
 clkload47/Y
 clkload48/Y
 clkload49/Y
 clkload5/Y
 clkload50/Y
 clkload51/Y
 clkload52/Y
 clkload53/X
 clkload54/Y
 clkload55/Y
 clkload56/Y
 clkload57/Y
 clkload58/Y
 clkload59/Y
 clkload6/Y
 clkload60/Y
 clkload61/Y
 clkload62/Y
 clkload63/X
 clkload64/Y
 clkload65/X
 clkload66/Y
 clkload67/Y
 clkload68/Y
 clkload69/Y
 clkload7/Y
 clkload70/Y
 clkload71/Y
 clkload72/Y
 clkload73/Y
 clkload74/Y
 clkload75/Y
 clkload76/X
 clkload77/Y
 clkload78/X
 clkload79/Y
 clkload8/Y
 clkload80/X
 clkload81/Y
 clkload82/Y
 clkload83/Y
 clkload84/X
 clkload85/Y
 clkload86/Y
 clkload87/Y
 clkload88/Y
 clkload89/Y
 clkload9/Y
 clkload90/Y
 clkload91/Y
 clkload92/Y
 clkload93/Y
 clkload94/X
 clkload95/Y
 clkload96/X
 clkload97/Y
 clkload98/Y
 clkload99/Y
Found 0 partially unannotated drivers.

===========================================================================
max slew violation count 10
max fanout violation count 914
max cap violation count 20
============================================================================

===========================================================================
check_setup -verbose -unconstrained_endpoints -multiple_clock -no_clock -no_input_delay -loops -generated_clocks
===========================================================================
Warning: There are 105 unconstrained endpoints.
  gpio_oeb[0]
  gpio_oeb[10]
  gpio_oeb[11]
  gpio_oeb[12]
  gpio_oeb[13]
  gpio_oeb[14]
  gpio_oeb[15]
  gpio_oeb[16]
  gpio_oeb[17]
  gpio_oeb[18]
  gpio_oeb[19]
  gpio_oeb[1]
  gpio_oeb[20]
  gpio_oeb[21]
  gpio_oeb[22]
  gpio_oeb[23]
  gpio_oeb[24]
  gpio_oeb[25]
  gpio_oeb[26]
  gpio_oeb[27]
  gpio_oeb[28]
  gpio_oeb[29]
  gpio_oeb[2]
  gpio_oeb[30]
  gpio_oeb[31]
  gpio_oeb[32]
  gpio_oeb[33]
  gpio_oeb[34]
  gpio_oeb[35]
  gpio_oeb[36]
  gpio_oeb[37]
  gpio_oeb[3]
  gpio_oeb[4]
  gpio_oeb[5]
  gpio_oeb[6]
  gpio_oeb[7]
  gpio_oeb[8]
  gpio_oeb[9]
  gpio_out[0]
  gpio_out[16]
  gpio_out[17]
  gpio_out[18]
  gpio_out[19]
  gpio_out[1]
  gpio_out[24]
  gpio_out[25]
  gpio_out[26]
  gpio_out[27]
  gpio_out[28]
  gpio_out[29]
  gpio_out[2]
  gpio_out[30]
  gpio_out[31]
  gpio_out[32]
  gpio_out[33]
  gpio_out[34]
  gpio_out[35]
  gpio_out[36]
  gpio_out[37]
  gpio_out[3]
  gpio_out[4]
  gpio_out[7]
  irq[0]
  irq[1]
  irq[2]
  la_data_out[0]
  la_data_out[10]
  la_data_out[11]
  la_data_out[12]
  la_data_out[13]
  la_data_out[14]
  la_data_out[15]
  la_data_out[16]
  la_data_out[17]
  la_data_out[18]
  la_data_out[19]
  la_data_out[1]
  la_data_out[20]
  la_data_out[21]
  la_data_out[22]
  la_data_out[23]
  la_data_out[24]
  la_data_out[25]
  la_data_out[26]
  la_data_out[27]
  la_data_out[28]
  la_data_out[29]
  la_data_out[2]
  la_data_out[30]
  la_data_out[31]
  la_data_out[3]
  la_data_out[4]
  la_data_out[5]
  la_data_out[6]
  la_data_out[7]
  la_data_out[8]
  la_data_out[9]
  wbs_dat_o[14]
  wbs_dat_o[17]
  wbs_dat_o[20]
  wbs_dat_o[22]
  wbs_dat_o[24]
  wbs_dat_o[29]
  wbs_dat_o[4]
  wbs_dat_o[8]
