
===========================================================================
report_checks -unconstrained
===========================================================================
======================= nom_ff_n40C_1v95 Corner ===================================

Startpoint: wb_rst_i (input port clocked by wb_clk_i)
Endpoint: _10330_ (recovery check against rising-edge clock wb_clk_i)
Path Group: asynchronous
Path Type: max

Fanout         Cap        Slew       Delay        Time   Description
---------------------------------------------------------------------------------------------
                                  0.000000    0.000000   clock wb_clk_i (rise edge)
                                  0.000000    0.000000   clock network delay (propagated)
                                 20.000000   20.000000 v input external delay
     2    0.003277    0.005425    0.002688   20.002687 v wb_rst_i (in)
                                                         wb_rst_i (net)
                      0.005425    0.000000   20.002687 v input7/A (sky130_fd_sc_hd__dlymetal6s2s_1)
     5    0.023878    0.088306    0.130573   20.133261 v input7/X (sky130_fd_sc_hd__dlymetal6s2s_1)
                                                         net7 (net)
                      0.088403    0.001968   20.135229 v _04957_/A (sky130_fd_sc_hd__inv_2)
     2    0.022886    0.085179    0.098753   20.233982 ^ _04957_/Y (sky130_fd_sc_hd__inv_2)
                                                         _00065_ (net)
                      0.085186    0.000654   20.234636 ^ _05080_/B (sky130_fd_sc_hd__nand2_8)
     7    0.109096    0.106222    0.090525   20.325161 v _05080_/Y (sky130_fd_sc_hd__nand2_8)
                                                         _00807_ (net)
                      0.106690    0.005812   20.330973 v _05081_/A (sky130_fd_sc_hd__inv_2)
     7    0.082204    0.280730    0.238996   20.569969 ^ _05081_/Y (sky130_fd_sc_hd__inv_2)
                                                         team_07_WB.instance_to_wrap.team_07.DUT_button_edge_detector.buttonBack.nrst (net)
                      0.281145    0.008916   20.578884 ^ fanout385/A (sky130_fd_sc_hd__clkbuf_4)
    15    0.084201    0.193434    0.251092   20.829977 ^ fanout385/X (sky130_fd_sc_hd__clkbuf_4)
                                                         net385 (net)
                      0.193448    0.001412   20.831388 ^ fanout360/A (sky130_fd_sc_hd__buf_2)
    11    0.049702    0.182970    0.204363   21.035751 ^ fanout360/X (sky130_fd_sc_hd__buf_2)
                                                         net360 (net)
                      0.182998    0.001911   21.037663 ^ fanout359/A (sky130_fd_sc_hd__buf_2)
    13    0.061992    0.227239    0.231399   21.269062 ^ fanout359/X (sky130_fd_sc_hd__buf_2)
                                                         net359 (net)
                      0.227483    0.006150   21.275211 ^ fanout358/A (sky130_fd_sc_hd__clkbuf_4)
    21    0.064987    0.150965    0.214310   21.489521 ^ fanout358/X (sky130_fd_sc_hd__clkbuf_4)
                                                         net358 (net)
                      0.150976    0.001076   21.490599 ^ fanout356/A (sky130_fd_sc_hd__clkbuf_4)
    10    0.048806    0.116026    0.178368   21.668966 ^ fanout356/X (sky130_fd_sc_hd__clkbuf_4)
                                                         net356 (net)
                      0.116042    0.001364   21.670330 ^ _10330_/SET_B (sky130_fd_sc_hd__dfstp_1)
                                             21.670330   data arrival time

                                100.000000  100.000000   clock wb_clk_i (rise edge)
                                  0.000000  100.000000   clock source latency
     2    0.060635    0.205828    0.145839  100.145836 ^ wb_clk_i (in)
                                                         wb_clk_i (net)
                      0.206016    0.000000  100.145836 ^ clkbuf_0_wb_clk_i/A (sky130_fd_sc_hd__clkbuf_16)
    17    0.156063    0.130664    0.192749  100.338585 ^ clkbuf_0_wb_clk_i/X (sky130_fd_sc_hd__clkbuf_16)
                                                         clknet_0_wb_clk_i (net)
                      0.131960    0.010353  100.348938 ^ clkbuf_3_6_0_wb_clk_i/A (sky130_fd_sc_hd__clkbuf_8)
    27    0.154527    0.204116    0.227836  100.576775 ^ clkbuf_3_6_0_wb_clk_i/X (sky130_fd_sc_hd__clkbuf_8)
                                                         clknet_3_6_0_wb_clk_i (net)
                      0.204670    0.008747  100.585518 ^ clkbuf_leaf_24_wb_clk_i/A (sky130_fd_sc_hd__clkbuf_8)
    18    0.054722    0.081098    0.156682  100.742203 ^ clkbuf_leaf_24_wb_clk_i/X (sky130_fd_sc_hd__clkbuf_8)
                                                         clknet_leaf_24_wb_clk_i (net)
                      0.081111    0.001030  100.743233 ^ _10330_/CLK (sky130_fd_sc_hd__dfstp_1)
                                 -0.250000  100.493233   clock uncertainty
                                  0.000000  100.493233   clock reconvergence pessimism
                                  0.093611  100.586845   library recovery time
                                            100.586845   data required time
---------------------------------------------------------------------------------------------
                                            100.586845   data required time
                                            -21.670330   data arrival time
---------------------------------------------------------------------------------------------
                                             78.916519   slack (MET)


Startpoint: wbs_adr_i[1] (input port clocked by wb_clk_i)
Endpoint: wbs_dat_o[0] (output port clocked by wb_clk_i)
Path Group: wb_clk_i
Path Type: max

Fanout         Cap        Slew       Delay        Time   Description
---------------------------------------------------------------------------------------------
                                  0.000000    0.000000   clock wb_clk_i (rise edge)
                                  0.000000    0.000000   clock network delay (propagated)
                                 20.000000   20.000000 v input external delay
     2    0.003572    0.005854    0.002954   20.002954 v wbs_adr_i[1] (in)
                                                         wbs_adr_i[1] (net)
                      0.005855    0.000000   20.002954 v input19/A (sky130_fd_sc_hd__clkbuf_1)
     1    0.003915    0.022173    0.050818   20.053772 v input19/X (sky130_fd_sc_hd__clkbuf_1)
                                                         net19 (net)
                      0.022174    0.000146   20.053919 v _04998_/A (sky130_fd_sc_hd__or4_2)
     3    0.018084    0.101039    0.421506   20.475424 v _04998_/X (sky130_fd_sc_hd__or4_2)
                                                         _00735_ (net)
                      0.101077    0.001590   20.477015 v _05001_/B (sky130_fd_sc_hd__or4_2)
     3    0.016926    0.099080    0.427505   20.904520 v _05001_/X (sky130_fd_sc_hd__or4_2)
                                                         _00738_ (net)
                      0.099080    0.001416   20.905935 v _05007_/A (sky130_fd_sc_hd__or4_1)
     1    0.002360    0.050712    0.305219   21.211155 v _05007_/X (sky130_fd_sc_hd__or4_1)
                                                         net75 (net)
                      0.050712    0.000044   21.211199 v fanout388/A (sky130_fd_sc_hd__clkbuf_2)
     7    0.026344    0.072458    0.120167   21.331366 v fanout388/X (sky130_fd_sc_hd__clkbuf_2)
                                                         net388 (net)
                      0.072489    0.001416   21.332781 v fanout386/A (sky130_fd_sc_hd__clkbuf_2)
    10    0.026738    0.073469    0.129857   21.462639 v fanout386/X (sky130_fd_sc_hd__clkbuf_2)
                                                         net386 (net)
                      0.073480    0.000901   21.463539 v _07448_/B (sky130_fd_sc_hd__or2_1)
     1    0.001957    0.029338    0.128862   21.592402 v _07448_/X (sky130_fd_sc_hd__or2_1)
                                                         net57 (net)
                      0.029338    0.000037   21.592438 v output57/A (sky130_fd_sc_hd__buf_2)
     1    0.034173    0.062656    0.116790   21.709229 v output57/X (sky130_fd_sc_hd__buf_2)
                                                         wbs_dat_o[0] (net)
                      0.062664    0.000705   21.709934 v wbs_dat_o[0] (out)
                                             21.709934   data arrival time

                                100.000000  100.000000   clock wb_clk_i (rise edge)
                                  0.000000  100.000000   clock network delay (propagated)
                                 -0.250000   99.750000   clock uncertainty
                                  0.000000   99.750000   clock reconvergence pessimism
                                -20.000000   79.750000   output external delay
                                             79.750000   data required time
---------------------------------------------------------------------------------------------
                                             79.750000   data required time
                                            -21.709934   data arrival time
---------------------------------------------------------------------------------------------
                                             58.040062   slack (MET)




===========================================================================
report_checks --slack_max -0.01
============================================================================
======================= nom_ff_n40C_1v95 Corner ===================================

No paths found.


===========================================================================
 report_check_types -max_slew -max_cap -max_fanout -violators
============================================================================
======================= nom_ff_n40C_1v95 Corner ===================================

max fanout

Pin                                   Limit Fanout  Slack
---------------------------------------------------------
clkbuf_leaf_4_wb_clk_i/X                 10     35    -25 (VIOLATED)
clkbuf_leaf_66_wb_clk_i/X                10     35    -25 (VIOLATED)
clkbuf_3_4_0_wb_clk_i/X                  10     31    -21 (VIOLATED)
clkbuf_3_7_0_wb_clk_i/X                  10     31    -21 (VIOLATED)
clkbuf_3_6_0_wb_clk_i/X                  10     27    -17 (VIOLATED)
clkbuf_3_3_0_wb_clk_i/X                  10     25    -15 (VIOLATED)
clkbuf_3_5_0_wb_clk_i/X                  10     23    -13 (VIOLATED)
_05308_/Y                                10     21    -11 (VIOLATED)
_05345_/Y                                10     21    -11 (VIOLATED)
_05365_/Y                                10     21    -11 (VIOLATED)
_05881_/X                                10     21    -11 (VIOLATED)
_05896_/Y                                10     21    -11 (VIOLATED)
_05904_/X                                10     21    -11 (VIOLATED)
_05960_/X                                10     21    -11 (VIOLATED)
_05996_/Y                                10     21    -11 (VIOLATED)
_05999_/Y                                10     21    -11 (VIOLATED)
_06346_/X                                10     21    -11 (VIOLATED)
_06366_/Y                                10     21    -11 (VIOLATED)
_06380_/X                                10     21    -11 (VIOLATED)
_06435_/X                                10     21    -11 (VIOLATED)
_06476_/Y                                10     21    -11 (VIOLATED)
_09463_/X                                10     21    -11 (VIOLATED)
_09728_/X                                10     21    -11 (VIOLATED)
_10068_/Q                                10     21    -11 (VIOLATED)
_10417_/Q                                10     21    -11 (VIOLATED)
_10437_/Q                                10     21    -11 (VIOLATED)
clkbuf_3_2_0_wb_clk_i/X                  10     21    -11 (VIOLATED)
clkbuf_leaf_33_wb_clk_i/X                10     21    -11 (VIOLATED)
fanout100/X                              10     21    -11 (VIOLATED)
fanout102/X                              10     21    -11 (VIOLATED)
fanout104/X                              10     21    -11 (VIOLATED)
fanout105/X                              10     21    -11 (VIOLATED)
fanout106/X                              10     21    -11 (VIOLATED)
fanout107/X                              10     21    -11 (VIOLATED)
fanout108/X                              10     21    -11 (VIOLATED)
fanout109/X                              10     21    -11 (VIOLATED)
fanout113/X                              10     21    -11 (VIOLATED)
fanout115/X                              10     21    -11 (VIOLATED)
fanout117/X                              10     21    -11 (VIOLATED)
fanout118/X                              10     21    -11 (VIOLATED)
fanout119/X                              10     21    -11 (VIOLATED)
fanout120/X                              10     21    -11 (VIOLATED)
fanout121/X                              10     21    -11 (VIOLATED)
fanout123/X                              10     21    -11 (VIOLATED)
fanout125/X                              10     21    -11 (VIOLATED)
fanout126/X                              10     21    -11 (VIOLATED)
fanout128/X                              10     21    -11 (VIOLATED)
fanout129/X                              10     21    -11 (VIOLATED)
fanout130/X                              10     21    -11 (VIOLATED)
fanout132/X                              10     21    -11 (VIOLATED)
fanout133/X                              10     21    -11 (VIOLATED)
fanout134/X                              10     21    -11 (VIOLATED)
fanout137/X                              10     21    -11 (VIOLATED)
fanout141/X                              10     21    -11 (VIOLATED)
fanout143/X                              10     21    -11 (VIOLATED)
fanout144/X                              10     21    -11 (VIOLATED)
fanout146/X                              10     21    -11 (VIOLATED)
fanout147/X                              10     21    -11 (VIOLATED)
fanout154/X                              10     21    -11 (VIOLATED)
fanout155/X                              10     21    -11 (VIOLATED)
fanout156/X                              10     21    -11 (VIOLATED)
fanout158/X                              10     21    -11 (VIOLATED)
fanout159/X                              10     21    -11 (VIOLATED)
fanout164/X                              10     21    -11 (VIOLATED)
fanout165/X                              10     21    -11 (VIOLATED)
fanout169/X                              10     21    -11 (VIOLATED)
fanout170/X                              10     21    -11 (VIOLATED)
fanout171/X                              10     21    -11 (VIOLATED)
fanout172/X                              10     21    -11 (VIOLATED)
fanout174/X                              10     21    -11 (VIOLATED)
fanout176/X                              10     21    -11 (VIOLATED)
fanout178/X                              10     21    -11 (VIOLATED)
fanout179/X                              10     21    -11 (VIOLATED)
fanout182/X                              10     21    -11 (VIOLATED)
fanout183/X                              10     21    -11 (VIOLATED)
fanout184/X                              10     21    -11 (VIOLATED)
fanout186/X                              10     21    -11 (VIOLATED)
fanout189/X                              10     21    -11 (VIOLATED)
fanout191/X                              10     21    -11 (VIOLATED)
fanout194/X                              10     21    -11 (VIOLATED)
fanout196/X                              10     21    -11 (VIOLATED)
fanout197/X                              10     21    -11 (VIOLATED)
fanout198/X                              10     21    -11 (VIOLATED)
fanout199/X                              10     21    -11 (VIOLATED)
fanout200/X                              10     21    -11 (VIOLATED)
fanout201/X                              10     21    -11 (VIOLATED)
fanout210/X                              10     21    -11 (VIOLATED)
fanout212/X                              10     21    -11 (VIOLATED)
fanout215/X                              10     21    -11 (VIOLATED)
fanout230/X                              10     21    -11 (VIOLATED)
fanout237/X                              10     21    -11 (VIOLATED)
fanout239/X                              10     21    -11 (VIOLATED)
fanout241/X                              10     21    -11 (VIOLATED)
fanout242/X                              10     21    -11 (VIOLATED)
fanout249/X                              10     21    -11 (VIOLATED)
fanout250/X                              10     21    -11 (VIOLATED)
fanout251/X                              10     21    -11 (VIOLATED)
fanout252/X                              10     21    -11 (VIOLATED)
fanout253/X                              10     21    -11 (VIOLATED)
fanout256/X                              10     21    -11 (VIOLATED)
fanout257/X                              10     21    -11 (VIOLATED)
fanout258/X                              10     21    -11 (VIOLATED)
fanout260/X                              10     21    -11 (VIOLATED)
fanout262/X                              10     21    -11 (VIOLATED)
fanout263/X                              10     21    -11 (VIOLATED)
fanout269/X                              10     21    -11 (VIOLATED)
fanout271/X                              10     21    -11 (VIOLATED)
fanout272/X                              10     21    -11 (VIOLATED)
fanout273/X                              10     21    -11 (VIOLATED)
fanout275/X                              10     21    -11 (VIOLATED)
fanout277/X                              10     21    -11 (VIOLATED)
fanout279/X                              10     21    -11 (VIOLATED)
fanout282/X                              10     21    -11 (VIOLATED)
fanout284/X                              10     21    -11 (VIOLATED)
fanout285/X                              10     21    -11 (VIOLATED)
fanout291/X                              10     21    -11 (VIOLATED)
fanout295/X                              10     21    -11 (VIOLATED)
fanout296/X                              10     21    -11 (VIOLATED)
fanout314/X                              10     21    -11 (VIOLATED)
fanout325/X                              10     21    -11 (VIOLATED)
fanout332/X                              10     21    -11 (VIOLATED)
fanout333/X                              10     21    -11 (VIOLATED)
fanout338/X                              10     21    -11 (VIOLATED)
fanout340/X                              10     21    -11 (VIOLATED)
fanout358/X                              10     21    -11 (VIOLATED)
fanout389/X                              10     21    -11 (VIOLATED)
fanout391/X                              10     21    -11 (VIOLATED)
fanout392/X                              10     21    -11 (VIOLATED)
fanout409/X                              10     21    -11 (VIOLATED)
fanout410/X                              10     21    -11 (VIOLATED)
fanout414/X                              10     21    -11 (VIOLATED)
fanout417/X                              10     21    -11 (VIOLATED)
fanout420/X                              10     21    -11 (VIOLATED)
fanout424/X                              10     21    -11 (VIOLATED)
fanout425/X                              10     21    -11 (VIOLATED)
fanout426/X                              10     21    -11 (VIOLATED)
fanout430/X                              10     21    -11 (VIOLATED)
fanout448/X                              10     21    -11 (VIOLATED)
fanout461/X                              10     21    -11 (VIOLATED)
fanout474/X                              10     21    -11 (VIOLATED)
fanout482/X                              10     21    -11 (VIOLATED)
fanout487/X                              10     21    -11 (VIOLATED)
fanout491/X                              10     21    -11 (VIOLATED)
fanout81/X                               10     21    -11 (VIOLATED)
fanout83/X                               10     21    -11 (VIOLATED)
fanout84/X                               10     21    -11 (VIOLATED)
fanout86/X                               10     21    -11 (VIOLATED)
fanout87/X                               10     21    -11 (VIOLATED)
fanout88/X                               10     21    -11 (VIOLATED)
fanout89/X                               10     21    -11 (VIOLATED)
fanout93/X                               10     21    -11 (VIOLATED)
fanout95/X                               10     21    -11 (VIOLATED)
fanout96/X                               10     21    -11 (VIOLATED)
fanout98/X                               10     21    -11 (VIOLATED)
fanout99/X                               10     21    -11 (VIOLATED)
clkbuf_3_0_0_wb_clk_i/X                  10     20    -10 (VIOLATED)
_05251_/Y                                10     19     -9 (VIOLATED)
_05253_/Y                                10     19     -9 (VIOLATED)
_05344_/Y                                10     19     -9 (VIOLATED)
_05355_/Y                                10     19     -9 (VIOLATED)
_05880_/X                                10     19     -9 (VIOLATED)
_05951_/Y                                10     19     -9 (VIOLATED)
_05952_/Y                                10     19     -9 (VIOLATED)
_05961_/Y                                10     19     -9 (VIOLATED)
_05986_/Y                                10     19     -9 (VIOLATED)
_05995_/Y                                10     19     -9 (VIOLATED)
_06005_/X                                10     19     -9 (VIOLATED)
_06016_/X                                10     19     -9 (VIOLATED)
_06044_/Y                                10     19     -9 (VIOLATED)
_06050_/Y                                10     19     -9 (VIOLATED)
_06259_/Y                                10     19     -9 (VIOLATED)
_06382_/X                                10     19     -9 (VIOLATED)
_06405_/X                                10     19     -9 (VIOLATED)
_07184_/Y                                10     19     -9 (VIOLATED)
_08274_/Y                                10     19     -9 (VIOLATED)
_10454_/Q                                10     19     -9 (VIOLATED)
fanout122/X                              10     19     -9 (VIOLATED)
fanout124/X                              10     19     -9 (VIOLATED)
fanout160/X                              10     19     -9 (VIOLATED)
fanout167/X                              10     19     -9 (VIOLATED)
fanout177/X                              10     19     -9 (VIOLATED)
fanout270/X                              10     19     -9 (VIOLATED)
fanout329/X                              10     19     -9 (VIOLATED)
fanout407/X                              10     19     -9 (VIOLATED)
fanout445/X                              10     19     -9 (VIOLATED)
fanout452/X                              10     19     -9 (VIOLATED)
fanout454/X                              10     19     -9 (VIOLATED)
fanout94/X                               10     19     -9 (VIOLATED)
clkbuf_leaf_24_wb_clk_i/X                10     18     -8 (VIOLATED)
clkbuf_leaf_35_wb_clk_i/X                10     18     -8 (VIOLATED)
clkbuf_leaf_61_wb_clk_i/X                10     18     -8 (VIOLATED)
_04971_/Y                                10     17     -7 (VIOLATED)
_05021_/Y                                10     17     -7 (VIOLATED)
_05131_/X                                10     17     -7 (VIOLATED)
_05133_/X                                10     17     -7 (VIOLATED)
_05147_/X                                10     17     -7 (VIOLATED)
_05922_/X                                10     17     -7 (VIOLATED)
_05942_/Y                                10     17     -7 (VIOLATED)
_05982_/X                                10     17     -7 (VIOLATED)
_05983_/Y                                10     17     -7 (VIOLATED)
_06029_/Y                                10     17     -7 (VIOLATED)
_06032_/Y                                10     17     -7 (VIOLATED)
_06147_/Y                                10     17     -7 (VIOLATED)
_06338_/Y                                10     17     -7 (VIOLATED)
_06460_/Y                                10     17     -7 (VIOLATED)
_06586_/Y                                10     17     -7 (VIOLATED)
_06604_/Y                                10     17     -7 (VIOLATED)
_06639_/X                                10     17     -7 (VIOLATED)
_08143_/X                                10     17     -7 (VIOLATED)
_10210_/Q                                10     17     -7 (VIOLATED)
_10439_/Q                                10     17     -7 (VIOLATED)
_10461_/Q                                10     17     -7 (VIOLATED)
clkbuf_0_wb_clk_i/X                      10     17     -7 (VIOLATED)
clkbuf_leaf_17_wb_clk_i/X                10     17     -7 (VIOLATED)
clkbuf_leaf_41_wb_clk_i/X                10     17     -7 (VIOLATED)
fanout148/X                              10     17     -7 (VIOLATED)
fanout157/X                              10     17     -7 (VIOLATED)
fanout187/X                              10     17     -7 (VIOLATED)
fanout195/X                              10     17     -7 (VIOLATED)
fanout216/X                              10     17     -7 (VIOLATED)
fanout294/X                              10     17     -7 (VIOLATED)
fanout320/X                              10     17     -7 (VIOLATED)
fanout322/X                              10     17     -7 (VIOLATED)
fanout363/X                              10     17     -7 (VIOLATED)
fanout390/X                              10     17     -7 (VIOLATED)
fanout402/X                              10     17     -7 (VIOLATED)
fanout411/X                              10     17     -7 (VIOLATED)
fanout419/X                              10     17     -7 (VIOLATED)
fanout450/X                              10     17     -7 (VIOLATED)
fanout478/X                              10     17     -7 (VIOLATED)
clkbuf_leaf_25_wb_clk_i/X                10     16     -6 (VIOLATED)
clkbuf_leaf_26_wb_clk_i/X                10     16     -6 (VIOLATED)
clkbuf_leaf_72_wb_clk_i/X                10     16     -6 (VIOLATED)
clkbuf_leaf_74_wb_clk_i/X                10     16     -6 (VIOLATED)
clkbuf_leaf_79_wb_clk_i/X                10     16     -6 (VIOLATED)
_04945_/Y                                10     15     -5 (VIOLATED)
_05068_/X                                10     15     -5 (VIOLATED)
_05150_/X                                10     15     -5 (VIOLATED)
_05297_/Y                                10     15     -5 (VIOLATED)
_05370_/X                                10     15     -5 (VIOLATED)
_05381_/Y                                10     15     -5 (VIOLATED)
_05392_/Y                                10     15     -5 (VIOLATED)
_05396_/Y                                10     15     -5 (VIOLATED)
_05819_/X                                10     15     -5 (VIOLATED)
_05945_/Y                                10     15     -5 (VIOLATED)
_05947_/X                                10     15     -5 (VIOLATED)
_05964_/Y                                10     15     -5 (VIOLATED)
_05966_/Y                                10     15     -5 (VIOLATED)
_05985_/Y                                10     15     -5 (VIOLATED)
_05990_/Y                                10     15     -5 (VIOLATED)
_06006_/Y                                10     15     -5 (VIOLATED)
_06042_/Y                                10     15     -5 (VIOLATED)
_06334_/X                                10     15     -5 (VIOLATED)
_06357_/X                                10     15     -5 (VIOLATED)
_06359_/Y                                10     15     -5 (VIOLATED)
_06362_/X                                10     15     -5 (VIOLATED)
_06418_/X                                10     15     -5 (VIOLATED)
_06434_/X                                10     15     -5 (VIOLATED)
_06465_/Y                                10     15     -5 (VIOLATED)
_06490_/X                                10     15     -5 (VIOLATED)
_06587_/Y                                10     15     -5 (VIOLATED)
_06659_/X                                10     15     -5 (VIOLATED)
_07104_/X                                10     15     -5 (VIOLATED)
_07107_/X                                10     15     -5 (VIOLATED)
_07113_/Y                                10     15     -5 (VIOLATED)
_07119_/Y                                10     15     -5 (VIOLATED)
_07121_/Y                                10     15     -5 (VIOLATED)
_08937_/X                                10     15     -5 (VIOLATED)
_09676_/Y                                10     15     -5 (VIOLATED)
_10104_/Q                                10     15     -5 (VIOLATED)
_10422_/Q                                10     15     -5 (VIOLATED)
clkbuf_3_1_0_wb_clk_i/X                  10     15     -5 (VIOLATED)
clkbuf_leaf_11_wb_clk_i/X                10     15     -5 (VIOLATED)
clkbuf_leaf_15_wb_clk_i/X                10     15     -5 (VIOLATED)
clkbuf_leaf_18_wb_clk_i/X                10     15     -5 (VIOLATED)
clkbuf_leaf_27_wb_clk_i/X                10     15     -5 (VIOLATED)
clkbuf_leaf_31_wb_clk_i/X                10     15     -5 (VIOLATED)
clkbuf_leaf_37_wb_clk_i/X                10     15     -5 (VIOLATED)
clkbuf_leaf_56_wb_clk_i/X                10     15     -5 (VIOLATED)
clkbuf_leaf_60_wb_clk_i/X                10     15     -5 (VIOLATED)
clkbuf_leaf_62_wb_clk_i/X                10     15     -5 (VIOLATED)
fanout127/X                              10     15     -5 (VIOLATED)
fanout138/X                              10     15     -5 (VIOLATED)
fanout142/X                              10     15     -5 (VIOLATED)
fanout161/X                              10     15     -5 (VIOLATED)
fanout173/X                              10     15     -5 (VIOLATED)
fanout180/X                              10     15     -5 (VIOLATED)
fanout214/X                              10     15     -5 (VIOLATED)
fanout259/X                              10     15     -5 (VIOLATED)
fanout276/X                              10     15     -5 (VIOLATED)
fanout315/X                              10     15     -5 (VIOLATED)
fanout344/X                              10     15     -5 (VIOLATED)
fanout385/X                              10     15     -5 (VIOLATED)
fanout435/X                              10     15     -5 (VIOLATED)
fanout464/X                              10     15     -5 (VIOLATED)
fanout92/X                               10     15     -5 (VIOLATED)
clkbuf_leaf_12_wb_clk_i/X                10     14     -4 (VIOLATED)
clkbuf_leaf_21_wb_clk_i/X                10     14     -4 (VIOLATED)
clkbuf_leaf_40_wb_clk_i/X                10     14     -4 (VIOLATED)
clkbuf_leaf_42_wb_clk_i/X                10     14     -4 (VIOLATED)
clkbuf_leaf_67_wb_clk_i/X                10     14     -4 (VIOLATED)
clkbuf_leaf_70_wb_clk_i/X                10     14     -4 (VIOLATED)
clkbuf_leaf_82_wb_clk_i/X                10     14     -4 (VIOLATED)
_04972_/Y                                10     13     -3 (VIOLATED)
_05015_/Y                                10     13     -3 (VIOLATED)
_05025_/X                                10     13     -3 (VIOLATED)
_05067_/Y                                10     13     -3 (VIOLATED)
_05252_/X                                10     13     -3 (VIOLATED)
_05351_/Y                                10     13     -3 (VIOLATED)
_05462_/X                                10     13     -3 (VIOLATED)
_05776_/Y                                10     13     -3 (VIOLATED)
_05822_/X                                10     13     -3 (VIOLATED)
_05931_/Y                                10     13     -3 (VIOLATED)
_05939_/Y                                10     13     -3 (VIOLATED)
_05984_/X                                10     13     -3 (VIOLATED)
_05994_/Y                                10     13     -3 (VIOLATED)
_06007_/Y                                10     13     -3 (VIOLATED)
_06048_/Y                                10     13     -3 (VIOLATED)
_06131_/X                                10     13     -3 (VIOLATED)
_06223_/Y                                10     13     -3 (VIOLATED)
_06258_/Y                                10     13     -3 (VIOLATED)
_06391_/Y                                10     13     -3 (VIOLATED)
_06392_/X                                10     13     -3 (VIOLATED)
_06414_/X                                10     13     -3 (VIOLATED)
_06432_/X                                10     13     -3 (VIOLATED)
_06433_/Y                                10     13     -3 (VIOLATED)
_06455_/X                                10     13     -3 (VIOLATED)
_06464_/Y                                10     13     -3 (VIOLATED)
_06475_/X                                10     13     -3 (VIOLATED)
_06480_/Y                                10     13     -3 (VIOLATED)
_06517_/X                                10     13     -3 (VIOLATED)
_07127_/Y                                10     13     -3 (VIOLATED)
_10034_/Q                                10     13     -3 (VIOLATED)
_10208_/Q                                10     13     -3 (VIOLATED)
_10209_/Q                                10     13     -3 (VIOLATED)
_10224_/Q                                10     13     -3 (VIOLATED)
_10286_/Q                                10     13     -3 (VIOLATED)
_10322_/Q                                10     13     -3 (VIOLATED)
_10388_/Q                                10     13     -3 (VIOLATED)
clkbuf_leaf_16_wb_clk_i/X                10     13     -3 (VIOLATED)
clkbuf_leaf_32_wb_clk_i/X                10     13     -3 (VIOLATED)
clkbuf_leaf_34_wb_clk_i/X                10     13     -3 (VIOLATED)
clkbuf_leaf_43_wb_clk_i/X                10     13     -3 (VIOLATED)
clkbuf_leaf_64_wb_clk_i/X                10     13     -3 (VIOLATED)
clkbuf_leaf_80_wb_clk_i/X                10     13     -3 (VIOLATED)
fanout135/X                              10     13     -3 (VIOLATED)
fanout163/X                              10     13     -3 (VIOLATED)
fanout181/X                              10     13     -3 (VIOLATED)
fanout185/X                              10     13     -3 (VIOLATED)
fanout213/X                              10     13     -3 (VIOLATED)
fanout240/X                              10     13     -3 (VIOLATED)
fanout274/X                              10     13     -3 (VIOLATED)
fanout278/X                              10     13     -3 (VIOLATED)
fanout308/X                              10     13     -3 (VIOLATED)
fanout353/X                              10     13     -3 (VIOLATED)
fanout359/X                              10     13     -3 (VIOLATED)
fanout384/X                              10     13     -3 (VIOLATED)
fanout398/X                              10     13     -3 (VIOLATED)
fanout463/X                              10     13     -3 (VIOLATED)
input4/X                                 10     13     -3 (VIOLATED)
clkbuf_leaf_1_wb_clk_i/X                 10     12     -2 (VIOLATED)
clkbuf_leaf_3_wb_clk_i/X                 10     12     -2 (VIOLATED)
clkbuf_leaf_44_wb_clk_i/X                10     12     -2 (VIOLATED)
clkbuf_leaf_57_wb_clk_i/X                10     12     -2 (VIOLATED)
clkbuf_leaf_7_wb_clk_i/X                 10     12     -2 (VIOLATED)
clkbuf_leaf_81_wb_clk_i/X                10     12     -2 (VIOLATED)
_04935_/Y                                10     11        (VIOLATED)
_04970_/Y                                10     11        (VIOLATED)
_04989_/Y                                10     11        (VIOLATED)
_05020_/Y                                10     11        (VIOLATED)
_05114_/Y                                10     11        (VIOLATED)
_05115_/X                                10     11        (VIOLATED)
_05295_/Y                                10     11        (VIOLATED)
_05382_/Y                                10     11        (VIOLATED)
_05510_/Y                                10     11        (VIOLATED)
_05700_/Y                                10     11        (VIOLATED)
_05758_/Y                                10     11        (VIOLATED)
_05795_/Y                                10     11        (VIOLATED)
_05875_/Y                                10     11        (VIOLATED)
_05915_/X                                10     11        (VIOLATED)
_05927_/Y                                10     11        (VIOLATED)
_05932_/X                                10     11        (VIOLATED)
_05958_/Y                                10     11        (VIOLATED)
_05959_/X                                10     11        (VIOLATED)
_05968_/Y                                10     11        (VIOLATED)
_05987_/X                                10     11        (VIOLATED)
_05991_/X                                10     11        (VIOLATED)
_05997_/X                                10     11        (VIOLATED)
_06031_/X                                10     11        (VIOLATED)
_06040_/X                                10     11        (VIOLATED)
_06052_/Y                                10     11        (VIOLATED)
_06054_/Y                                10     11        (VIOLATED)
_06148_/Y                                10     11        (VIOLATED)
_06224_/X                                10     11        (VIOLATED)
_06244_/X                                10     11        (VIOLATED)
_06373_/Y                                10     11        (VIOLATED)
_06387_/X                                10     11        (VIOLATED)
_06393_/Y                                10     11        (VIOLATED)
_06399_/Y                                10     11        (VIOLATED)
_06408_/Y                                10     11        (VIOLATED)
_06436_/X                                10     11        (VIOLATED)
_06445_/X                                10     11        (VIOLATED)
_06461_/X                                10     11        (VIOLATED)
_06538_/X                                10     11        (VIOLATED)
_06576_/Y                                10     11        (VIOLATED)
_06605_/Y                                10     11        (VIOLATED)
_07177_/Y                                10     11        (VIOLATED)
_07520_/X                                10     11        (VIOLATED)
_07539_/X                                10     11        (VIOLATED)
_07561_/X                                10     11        (VIOLATED)
_07640_/Y                                10     11        (VIOLATED)
_08861_/X                                10     11        (VIOLATED)
_10244_/Q                                10     11        (VIOLATED)
_10246_/Q                                10     11        (VIOLATED)
_10458_/Q                                10     11        (VIOLATED)
clkbuf_leaf_13_wb_clk_i/X                10     11        (VIOLATED)
clkbuf_leaf_28_wb_clk_i/X                10     11        (VIOLATED)
clkbuf_leaf_29_wb_clk_i/X                10     11        (VIOLATED)
clkbuf_leaf_39_wb_clk_i/X                10     11        (VIOLATED)
clkbuf_leaf_46_wb_clk_i/X                10     11        (VIOLATED)
clkbuf_leaf_71_wb_clk_i/X                10     11        (VIOLATED)
clkbuf_leaf_8_wb_clk_i/X                 10     11        (VIOLATED)
clkbuf_leaf_9_wb_clk_i/X                 10     11        (VIOLATED)
fanout116/X                              10     11        (VIOLATED)
fanout131/X                              10     11        (VIOLATED)
fanout136/X                              10     11        (VIOLATED)
fanout211/X                              10     11        (VIOLATED)
fanout233/X                              10     11        (VIOLATED)
fanout236/X                              10     11        (VIOLATED)
fanout255/X                              10     11        (VIOLATED)
fanout281/X                              10     11        (VIOLATED)
fanout283/X                              10     11        (VIOLATED)
fanout326/X                              10     11        (VIOLATED)
fanout327/X                              10     11        (VIOLATED)
fanout350/X                              10     11        (VIOLATED)
fanout351/X                              10     11        (VIOLATED)
fanout360/X                              10     11        (VIOLATED)
fanout405/X                              10     11        (VIOLATED)
fanout408/X                              10     11        (VIOLATED)
fanout438/X                              10     11        (VIOLATED)
fanout483/X                              10     11        (VIOLATED)
fanout90/X                               10     11        (VIOLATED)
fanout97/X                               10     11        (VIOLATED)
input2/X                                 10     11        (VIOLATED)
input3/X                                 10     11        (VIOLATED)
input5/X                                 10     11        (VIOLATED)



===========================================================================
report_parasitic_annotation -report_unannotated
============================================================================
Found 424 unannotated drivers.
 ACK_I
 DAT_I[0]
 DAT_I[10]
 DAT_I[11]
 DAT_I[12]
 DAT_I[13]
 DAT_I[14]
 DAT_I[15]
 DAT_I[16]
 DAT_I[17]
 DAT_I[18]
 DAT_I[19]
 DAT_I[1]
 DAT_I[20]
 DAT_I[21]
 DAT_I[22]
 DAT_I[23]
 DAT_I[24]
 DAT_I[25]
 DAT_I[26]
 DAT_I[27]
 DAT_I[28]
 DAT_I[29]
 DAT_I[2]
 DAT_I[30]
 DAT_I[31]
 DAT_I[3]
 DAT_I[4]
 DAT_I[5]
 DAT_I[6]
 DAT_I[7]
 DAT_I[8]
 DAT_I[9]
 gpio_in[0]
 gpio_in[10]
 gpio_in[11]
 gpio_in[12]
 gpio_in[13]
 gpio_in[14]
 gpio_in[15]
 gpio_in[16]
 gpio_in[17]
 gpio_in[18]
 gpio_in[19]
 gpio_in[1]
 gpio_in[20]
 gpio_in[21]
 gpio_in[28]
 gpio_in[29]
 gpio_in[2]
 gpio_in[30]
 gpio_in[31]
 gpio_in[32]
 gpio_in[33]
 gpio_in[34]
 gpio_in[35]
 gpio_in[36]
 gpio_in[37]
 gpio_in[3]
 gpio_in[4]
 gpio_in[5]
 gpio_in[6]
 gpio_in[7]
 gpio_in[8]
 gpio_in[9]
 la_data_in[0]
 la_data_in[10]
 la_data_in[11]
 la_data_in[12]
 la_data_in[13]
 la_data_in[14]
 la_data_in[15]
 la_data_in[16]
 la_data_in[17]
 la_data_in[18]
 la_data_in[19]
 la_data_in[1]
 la_data_in[20]
 la_data_in[21]
 la_data_in[22]
 la_data_in[23]
 la_data_in[24]
 la_data_in[25]
 la_data_in[26]
 la_data_in[27]
 la_data_in[28]
 la_data_in[29]
 la_data_in[2]
 la_data_in[30]
 la_data_in[31]
 la_data_in[3]
 la_data_in[4]
 la_data_in[5]
 la_data_in[6]
 la_data_in[7]
 la_data_in[8]
 la_data_in[9]
 la_oenb[0]
 la_oenb[10]
 la_oenb[11]
 la_oenb[12]
 la_oenb[13]
 la_oenb[14]
 la_oenb[15]
 la_oenb[16]
 la_oenb[17]
 la_oenb[18]
 la_oenb[19]
 la_oenb[1]
 la_oenb[20]
 la_oenb[21]
 la_oenb[22]
 la_oenb[23]
 la_oenb[24]
 la_oenb[25]
 la_oenb[26]
 la_oenb[27]
 la_oenb[28]
 la_oenb[29]
 la_oenb[2]
 la_oenb[30]
 la_oenb[31]
 la_oenb[3]
 la_oenb[4]
 la_oenb[5]
 la_oenb[6]
 la_oenb[7]
 la_oenb[8]
 la_oenb[9]
 wbs_dat_i[10]
 wbs_dat_i[11]
 wbs_dat_i[12]
 wbs_dat_i[13]
 wbs_dat_i[14]
 wbs_dat_i[15]
 wbs_dat_i[16]
 wbs_dat_i[17]
 wbs_dat_i[18]
 wbs_dat_i[19]
 wbs_dat_i[1]
 wbs_dat_i[20]
 wbs_dat_i[21]
 wbs_dat_i[22]
 wbs_dat_i[23]
 wbs_dat_i[24]
 wbs_dat_i[25]
 wbs_dat_i[26]
 wbs_dat_i[27]
 wbs_dat_i[28]
 wbs_dat_i[29]
 wbs_dat_i[2]
 wbs_dat_i[30]
 wbs_dat_i[31]
 wbs_dat_i[3]
 wbs_dat_i[4]
 wbs_dat_i[5]
 wbs_dat_i[6]
 wbs_dat_i[7]
 wbs_dat_i[8]
 wbs_dat_i[9]
 wbs_sel_i[0]
 wbs_sel_i[1]
 wbs_sel_i[2]
 wbs_sel_i[3]
 _10817__492/HI
 _10818__493/HI
 _10819__494/HI
 _10820__495/HI
 _10821__496/HI
 _10822__497/HI
 _10823__498/HI
 _10824__499/HI
 _10825__500/HI
 _10826__501/HI
 _10827__502/HI
 _10828__503/HI
 _10829__504/HI
 _10830__505/HI
 _10831__506/HI
 _10832__507/HI
 _10833__508/HI
 _10834__509/HI
 _10835__510/HI
 _10836__511/HI
 _10837__512/HI
 _10838__513/HI
 _10839__514/HI
 _10840__515/HI
 _10841__516/HI
 _10842__517/HI
 _10843__518/HI
 _10844__519/HI
 _10845__520/HI
 _10846__521/HI
 _10847__522/HI
 _10848__523/HI
 _10849__524/HI
 _10850__525/HI
 _10851__526/HI
 _10852__527/HI
 _10853__528/HI
 _10854__529/HI
 _10855__530/HI
 _10856__531/HI
 _10857__532/HI
 _10858__533/HI
 _10859__534/HI
 _10860__535/HI
 _10861__536/HI
 _10862__537/HI
 _10863__538/HI
 _10864__539/HI
 _10865__540/HI
 _10866__541/HI
 _10867__542/HI
 _10868__543/HI
 _10869__544/HI
 _10870__545/HI
 _10871__546/HI
 _10872__547/HI
 _10873__548/HI
 _10874__549/HI
 _10875__550/HI
 _10876__551/HI
 _10877__552/HI
 _10878__553/HI
 _10879__554/HI
 _10880__555/HI
 _10881__556/HI
 _10882__557/HI
 _10883__558/HI
 _10884__559/HI
 _10885__560/HI
 _10886__561/HI
 _10887__562/HI
 _10888__644/LO
 _10889__645/LO
 _10890__646/LO
 _10891__647/LO
 _10892__648/LO
 _10893__649/LO
 _10894__650/LO
 _10895__651/LO
 _10896__652/LO
 _10897__653/LO
 _10898__563/HI
 _10899__564/HI
 _10900__565/HI
 _10901__566/HI
 _10902__567/HI
 _10903__568/HI
 _10904__569/HI
 _10905__570/HI
 _10906__571/HI
 _10907__572/HI
 _10908__573/HI
 _10909__574/HI
 _10910__654/LO
 _10911__655/LO
 _10912__656/LO
 _10913__657/LO
 _10914__658/LO
 _10915__659/LO
 _10916__660/LO
 _10917__661/LO
 _10918__662/LO
 _10919__663/LO
 _10920__664/LO
 _10921__665/LO
 _10922__666/LO
 _10923__667/LO
 _10924__668/LO
 _10925__669/LO
 _10926__575/HI
 _10927__576/HI
 _10928__577/HI
 _10929__578/HI
 _10930__579/HI
 _10931__580/HI
 _10932__581/HI
 _10933__582/HI
 _10934__583/HI
 _10935__584/HI
 _10945__585/HI
 _10946__586/HI
 _10947__587/HI
 _10948__588/HI
 _10949__589/HI
 _10950__590/HI
 _10951__591/HI
 _10952__592/HI
 _10953__593/HI
 _10954__594/HI
 _10955__595/HI
 _10956__596/HI
 _10957__597/HI
 _10958__598/HI
 _10959__599/HI
 _10960__600/HI
 _10961__601/HI
 _10962__602/HI
 _10963__603/HI
 _10964__604/HI
 _10965__605/HI
 _10966__606/HI
 _10967__607/HI
 _10968__608/HI
 _10969__609/HI
 _10970__610/HI
 _10971__611/HI
 _10972__612/HI
 _10973__613/HI
 _10974__614/HI
 _10975__615/HI
 _10976__616/HI
 _10977__617/HI
 _10978__618/HI
 _10979__619/HI
 _10980__620/HI
 _10981__621/HI
 _10982__622/HI
 _10983__623/HI
 _10984__624/HI
 _10985__625/HI
 _10986__626/HI
 _10987__627/HI
 _10988__628/HI
 _10989__629/HI
 _10990__630/HI
 _10991__631/HI
 _10992__632/HI
 _10993__633/HI
 _10994__634/HI
 _10995__635/HI
 _10999__636/HI
 _11003__637/HI
 _11009__638/HI
 _11012__639/HI
 _11015__640/HI
 _11017__641/HI
 _11019__642/HI
 _11024__643/HI
 clkload0/Y
 clkload1/Y
 clkload10/Y
 clkload11/Y
 clkload12/Y
 clkload13/X
 clkload14/Y
 clkload15/Y
 clkload16/Y
 clkload17/Y
 clkload18/Y
 clkload19/Y
 clkload2/Y
 clkload20/Y
 clkload21/Y
 clkload22/Y
 clkload23/Y
 clkload24/Y
 clkload25/Y
 clkload26/Y
 clkload27/Y
 clkload28/X
 clkload29/X
 clkload3/Y
 clkload30/Y
 clkload31/Y
 clkload32/Y
 clkload33/X
 clkload34/Y
 clkload35/Y
 clkload36/Y
 clkload37/Y
 clkload38/Y
 clkload39/X
 clkload4/Y
 clkload40/Y
 clkload41/Y
 clkload42/Y
 clkload43/Y
 clkload44/Y
 clkload45/X
 clkload46/Y
 clkload47/Y
 clkload48/Y
 clkload49/Y
 clkload5/Y
 clkload50/Y
 clkload51/Y
 clkload52/Y
 clkload53/Y
 clkload54/X
 clkload55/Y
 clkload56/Y
 clkload57/Y
 clkload58/Y
 clkload59/Y
 clkload6/X
 clkload60/Y
 clkload61/Y
 clkload62/Y
 clkload63/Y
 clkload64/Y
 clkload65/Y
 clkload66/Y
 clkload67/Y
 clkload68/Y
 clkload69/Y
 clkload7/Y
 clkload70/Y
 clkload71/Y
 clkload72/Y
 clkload73/Y
 clkload74/X
 clkload75/Y
 clkload76/Y
 clkload77/Y
 clkload78/Y
 clkload79/Y
 clkload8/Y
 clkload80/Y
 clkload81/Y
 clkload9/Y
Found 0 partially unannotated drivers.

===========================================================================
max slew violation count 0
max fanout violation count 446
max cap violation count 0
============================================================================

===========================================================================
check_setup -verbose -unconstrained_endpoints -multiple_clock -no_clock -no_input_delay -loops -generated_clocks
===========================================================================
Warning: There are 17 unclocked register/latch pins.
  _10028_/CLK
  _10029_/CLK
  _10030_/CLK
  _10031_/CLK
  _10032_/CLK
  _10033_/CLK
  _10034_/CLK
  _10035_/CLK
  _10036_/CLK
  _10037_/CLK
  _10038_/CLK
  _10039_/CLK
  _10040_/CLK
  _10041_/CLK
  _10042_/CLK
  _10043_/CLK
  _10044_/CLK
Warning: There are 205 unconstrained endpoints.
  ADR_O[0]
  ADR_O[10]
  ADR_O[11]
  ADR_O[12]
  ADR_O[13]
  ADR_O[14]
  ADR_O[15]
  ADR_O[16]
  ADR_O[17]
  ADR_O[18]
  ADR_O[19]
  ADR_O[1]
  ADR_O[20]
  ADR_O[21]
  ADR_O[22]
  ADR_O[23]
  ADR_O[24]
  ADR_O[25]
  ADR_O[26]
  ADR_O[27]
  ADR_O[28]
  ADR_O[29]
  ADR_O[2]
  ADR_O[30]
  ADR_O[31]
  ADR_O[3]
  ADR_O[4]
  ADR_O[5]
  ADR_O[6]
  ADR_O[7]
  ADR_O[8]
  ADR_O[9]
  CYC_O
  DAT_O[0]
  DAT_O[10]
  DAT_O[11]
  DAT_O[12]
  DAT_O[13]
  DAT_O[14]
  DAT_O[15]
  DAT_O[16]
  DAT_O[17]
  DAT_O[18]
  DAT_O[19]
  DAT_O[1]
  DAT_O[20]
  DAT_O[21]
  DAT_O[22]
  DAT_O[23]
  DAT_O[24]
  DAT_O[25]
  DAT_O[26]
  DAT_O[27]
  DAT_O[28]
  DAT_O[29]
  DAT_O[2]
  DAT_O[30]
  DAT_O[31]
  DAT_O[3]
  DAT_O[4]
  DAT_O[5]
  DAT_O[6]
  DAT_O[7]
  DAT_O[8]
  DAT_O[9]
  SEL_O[0]
  SEL_O[1]
  SEL_O[2]
  SEL_O[3]
  STB_O
  WE_O
  gpio_oeb[0]
  gpio_oeb[10]
  gpio_oeb[11]
  gpio_oeb[12]
  gpio_oeb[13]
  gpio_oeb[14]
  gpio_oeb[15]
  gpio_oeb[16]
  gpio_oeb[17]
  gpio_oeb[18]
  gpio_oeb[19]
  gpio_oeb[1]
  gpio_oeb[20]
  gpio_oeb[21]
  gpio_oeb[22]
  gpio_oeb[23]
  gpio_oeb[24]
  gpio_oeb[25]
  gpio_oeb[26]
  gpio_oeb[27]
  gpio_oeb[28]
  gpio_oeb[29]
  gpio_oeb[2]
  gpio_oeb[30]
  gpio_oeb[31]
  gpio_oeb[32]
  gpio_oeb[33]
  gpio_oeb[34]
  gpio_oeb[35]
  gpio_oeb[36]
  gpio_oeb[37]
  gpio_oeb[3]
  gpio_oeb[4]
  gpio_oeb[5]
  gpio_oeb[6]
  gpio_oeb[7]
  gpio_oeb[8]
  gpio_oeb[9]
  gpio_out[0]
  gpio_out[1]
  gpio_out[22]
  gpio_out[23]
  gpio_out[24]
  gpio_out[25]
  gpio_out[26]
  gpio_out[27]
  gpio_out[28]
  gpio_out[29]
  gpio_out[2]
  gpio_out[30]
  gpio_out[31]
  gpio_out[32]
  gpio_out[33]
  gpio_out[34]
  gpio_out[35]
  gpio_out[36]
  gpio_out[37]
  gpio_out[3]
  gpio_out[4]
  gpio_out[5]
  gpio_out[6]
  gpio_out[7]
  gpio_out[8]
  gpio_out[9]
  irq[0]
  irq[1]
  irq[2]
  la_data_out[0]
  la_data_out[10]
  la_data_out[11]
  la_data_out[12]
  la_data_out[13]
  la_data_out[14]
  la_data_out[15]
  la_data_out[16]
  la_data_out[17]
  la_data_out[18]
  la_data_out[19]
  la_data_out[1]
  la_data_out[20]
  la_data_out[21]
  la_data_out[22]
  la_data_out[23]
  la_data_out[24]
  la_data_out[25]
  la_data_out[26]
  la_data_out[27]
  la_data_out[28]
  la_data_out[29]
  la_data_out[2]
  la_data_out[30]
  la_data_out[31]
  la_data_out[3]
  la_data_out[4]
  la_data_out[5]
  la_data_out[6]
  la_data_out[7]
  la_data_out[8]
  la_data_out[9]
  wbs_dat_o[14]
  wbs_dat_o[17]
  wbs_dat_o[20]
  wbs_dat_o[22]
  wbs_dat_o[24]
  wbs_dat_o[29]
  wbs_dat_o[4]
  wbs_dat_o[8]
  _10028_/D
  _10029_/D
  _10030_/D
  _10031_/D
  _10032_/D
  _10033_/D
  _10034_/D
  _10035_/D
  _10036_/D
  _10037_/D
  _10038_/D
  _10039_/D
  _10040_/D
  _10041_/D
  _10042_/D
  _10043_/D
  _10044_/D
  _10091_/D
  _10092_/D
  _10093_/D
  _10094_/D
  _10101_/D
  _10110_/D
  _10135_/D
  _10136_/D
  _10138_/D
  _10814_/D
