
===========================================================================
report_checks -unconstrained
===========================================================================
======================= min_ff_n40C_1v95 Corner ===================================

Startpoint: nrst (input port clocked by clk)
Endpoint: _12797_ (recovery check against rising-edge clock clk)
Path Group: asynchronous
Path Type: max

Fanout         Cap        Slew       Delay        Time   Description
---------------------------------------------------------------------------------------------
                                  0.000000    0.000000   clock clk (rise edge)
                                  0.000000    0.000000   clock network delay (propagated)
                                 20.000000   20.000000 ^ input external delay
     2    0.003434    0.016186    0.008878   20.008879 ^ nrst (in)
                                                         nrst (net)
                      0.016191    0.000000   20.008879 ^ input39/A (sky130_fd_sc_hd__buf_2)
     5    0.044057    0.163375    0.154417   20.163296 ^ input39/X (sky130_fd_sc_hd__buf_2)
                                                         net39 (net)
                      0.163700    0.005958   20.169254 ^ fanout1021/A (sky130_fd_sc_hd__buf_4)
    13    0.112204    0.232254    0.238140   20.407394 ^ fanout1021/X (sky130_fd_sc_hd__buf_4)
                                                         net1021 (net)
                      0.232292    0.002466   20.409859 ^ fanout960/A (sky130_fd_sc_hd__clkbuf_4)
    13    0.070066    0.161471    0.223976   20.633835 ^ fanout960/X (sky130_fd_sc_hd__clkbuf_4)
                                                         net960 (net)
                      0.161475    0.000668   20.634502 ^ fanout942/A (sky130_fd_sc_hd__clkbuf_2)
    11    0.041549    0.174722    0.190472   20.824974 ^ fanout942/X (sky130_fd_sc_hd__clkbuf_2)
                                                         net942 (net)
                      0.174723    0.000375   20.825350 ^ fanout937/A (sky130_fd_sc_hd__buf_2)
    13    0.046164    0.170350    0.193545   21.018894 ^ fanout937/X (sky130_fd_sc_hd__buf_2)
                                                         net937 (net)
                      0.170381    0.001910   21.020803 ^ fanout934/A (sky130_fd_sc_hd__clkbuf_4)
    10    0.050390    0.119593    0.184096   21.204899 ^ fanout934/X (sky130_fd_sc_hd__clkbuf_4)
                                                         net934 (net)
                      0.119593    0.000119   21.205019 ^ fanout933/A (sky130_fd_sc_hd__clkbuf_4)
    10    0.045425    0.108387    0.167963   21.372982 ^ fanout933/X (sky130_fd_sc_hd__clkbuf_4)
                                                         net933 (net)
                      0.108387    0.000535   21.373516 ^ _12797_/RESET_B (sky130_fd_sc_hd__dfrtp_1)
                                             21.373516   data arrival time

                                100.000000  100.000000   clock clk (rise edge)
                                  0.000000  100.000000   clock source latency
     2    0.067476    0.230209    0.165379  100.165375 ^ clk (in)
                                                         clk (net)
                      0.231646    0.000000  100.165375 ^ clkbuf_0_clk/A (sky130_fd_sc_hd__clkbuf_16)
    17    0.195539    0.160737    0.217838  100.383217 ^ clkbuf_0_clk/X (sky130_fd_sc_hd__clkbuf_16)
                                                         clknet_0_clk (net)
                      0.161057    0.005812  100.389023 ^ clkbuf_3_0_0_clk/A (sky130_fd_sc_hd__clkbuf_8)
     5    0.044020    0.067529    0.140872  100.529900 ^ clkbuf_3_0_0_clk/X (sky130_fd_sc_hd__clkbuf_8)
                                                         clknet_3_0_0_clk (net)
                      0.067535    0.000668  100.530563 ^ clkbuf_4_0__f_clk/A (sky130_fd_sc_hd__clkbuf_16)
    17    0.082823    0.076085    0.130328  100.660896 ^ clkbuf_4_0__f_clk/X (sky130_fd_sc_hd__clkbuf_16)
                                                         clknet_4_0__leaf_clk (net)
                      0.076162    0.001371  100.662262 ^ clkbuf_leaf_0_clk/A (sky130_fd_sc_hd__clkbuf_8)
    15    0.053939    0.078382    0.131394  100.793655 ^ clkbuf_leaf_0_clk/X (sky130_fd_sc_hd__clkbuf_8)
                                                         clknet_leaf_0_clk (net)
                      0.078397    0.001066  100.794724 ^ _12797_/CLK (sky130_fd_sc_hd__dfrtp_1)
                                 -0.250000  100.544731   clock uncertainty
                                  0.000000  100.544731   clock reconvergence pessimism
                                  0.136426  100.681152   library recovery time
                                            100.681152   data required time
---------------------------------------------------------------------------------------------
                                            100.681152   data required time
                                            -21.373516   data arrival time
---------------------------------------------------------------------------------------------
                                             79.307632   slack (MET)


Startpoint: _12432_ (rising edge-triggered flip-flop clocked by clk)
Endpoint: _13777_ (rising edge-triggered flip-flop clocked by clk)
Path Group: clk
Path Type: max

Fanout         Cap        Slew       Delay        Time   Description
---------------------------------------------------------------------------------------------
                                  0.000000    0.000000   clock clk (rise edge)
                                  0.000000    0.000000   clock source latency
     2    0.067476    0.230209    0.165381    0.165381 ^ clk (in)
                                                         clk (net)
                      0.231646    0.000000    0.165381 ^ clkbuf_0_clk/A (sky130_fd_sc_hd__clkbuf_16)
    17    0.195539    0.160737    0.217836    0.383218 ^ clkbuf_0_clk/X (sky130_fd_sc_hd__clkbuf_16)
                                                         clknet_0_clk (net)
                      0.161041    0.005672    0.388890 ^ clkbuf_3_6_0_clk/A (sky130_fd_sc_hd__clkbuf_8)
     5    0.041354    0.064509    0.137815    0.526704 ^ clkbuf_3_6_0_clk/X (sky130_fd_sc_hd__clkbuf_8)
                                                         clknet_3_6_0_clk (net)
                      0.064655    0.002086    0.528791 ^ clkbuf_4_13__f_clk/A (sky130_fd_sc_hd__clkbuf_16)
    15    0.083219    0.076378    0.129558    0.658348 ^ clkbuf_4_13__f_clk/X (sky130_fd_sc_hd__clkbuf_16)
                                                         clknet_4_13__leaf_clk (net)
                      0.076379    0.000253    0.658601 ^ clkbuf_leaf_78_clk/A (sky130_fd_sc_hd__clkbuf_8)
    25    0.076419    0.105928    0.150992    0.809593 ^ clkbuf_leaf_78_clk/X (sky130_fd_sc_hd__clkbuf_8)
                                                         clknet_leaf_78_clk (net)
                      0.105954    0.001372    0.810964 ^ _12432_/CLK (sky130_fd_sc_hd__dfrtp_2)
     7    0.022177    0.060041    0.298852    1.109816 v _12432_/Q (sky130_fd_sc_hd__dfrtp_2)
                                                         top.a1.dataIn[27] (net)
                      0.060042    0.000412    1.110228 v _11361_/A (sky130_fd_sc_hd__or4_1)
     2    0.006105    0.067312    0.318315    1.428543 v _11361_/X (sky130_fd_sc_hd__or4_1)
                                                         _05222_ (net)
                      0.067312    0.000064    1.428608 v _11369_/B (sky130_fd_sc_hd__or4b_4)
     7    0.026480    0.084150    0.355395    1.784003 v _11369_/X (sky130_fd_sc_hd__or4b_4)
                                                         _05230_ (net)
                      0.084150    0.000720    1.784723 v _11381_/C (sky130_fd_sc_hd__and3_1)
     2    0.004049    0.031312    0.136873    1.921597 v _11381_/X (sky130_fd_sc_hd__and3_1)
                                                         _05242_ (net)
                      0.031312    0.000035    1.921631 v _11383_/C (sky130_fd_sc_hd__or3_1)
     3    0.009089    0.067228    0.201426    2.123057 v _11383_/X (sky130_fd_sc_hd__or3_1)
                                                         _05244_ (net)
                      0.067228    0.000092    2.123149 v _11385_/A2 (sky130_fd_sc_hd__a21o_1)
     4    0.013022    0.052602    0.154583    2.277732 v _11385_/X (sky130_fd_sc_hd__a21o_1)
                                                         _05246_ (net)
                      0.052602    0.000184    2.277916 v _11398_/A1 (sky130_fd_sc_hd__a2111o_1)
     4    0.012918    0.074897    0.261945    2.539861 v _11398_/X (sky130_fd_sc_hd__a2111o_1)
                                                         _05259_ (net)
                      0.074897    0.000230    2.540091 v _11402_/B1 (sky130_fd_sc_hd__a22o_1)
     2    0.007215    0.040824    0.113529    2.653620 v _11402_/X (sky130_fd_sc_hd__a22o_1)
                                                         _05263_ (net)
                      0.040824    0.000087    2.653706 v fanout479/A (sky130_fd_sc_hd__clkbuf_2)
     5    0.022615    0.063062    0.109671    2.763377 v fanout479/X (sky130_fd_sc_hd__clkbuf_2)
                                                         net479 (net)
                      0.063062    0.000197    2.763574 v _11408_/B (sky130_fd_sc_hd__xnor2_2)
     4    0.013955    0.056461    0.112769    2.876343 v _11408_/Y (sky130_fd_sc_hd__xnor2_2)
                                                         _05269_ (net)
                      0.056461    0.000140    2.876483 v _11412_/A2_N (sky130_fd_sc_hd__a2bb2o_1)
     3    0.016564    0.127492    0.223282    3.099766 ^ _11412_/X (sky130_fd_sc_hd__a2bb2o_1)
                                                         _05273_ (net)
                      0.127492    0.000336    3.100102 ^ _11417_/A2 (sky130_fd_sc_hd__a211oi_4)
     4    0.022523    0.070721    0.067906    3.168008 v _11417_/Y (sky130_fd_sc_hd__a211oi_4)
                                                         _05278_ (net)
                      0.070722    0.000524    3.168531 v _11432_/A2 (sky130_fd_sc_hd__o41ai_4)
     4    0.013857    0.250418    0.286941    3.455473 ^ _11432_/Y (sky130_fd_sc_hd__o41ai_4)
                                                         _05293_ (net)
                      0.250418    0.000083    3.455555 ^ wire327/A (sky130_fd_sc_hd__dlymetal6s2s_1)
     6    0.019891    0.164811    0.172768    3.628323 ^ wire327/X (sky130_fd_sc_hd__dlymetal6s2s_1)
                                                         net327 (net)
                      0.164813    0.000527    3.628851 ^ _11442_/A1 (sky130_fd_sc_hd__a21oi_1)
     3    0.010005    0.075030    0.078949    3.707799 v _11442_/Y (sky130_fd_sc_hd__a21oi_1)
                                                         _05303_ (net)
                      0.075030    0.000118    3.707917 v _11445_/B (sky130_fd_sc_hd__or3_2)
     4    0.014779    0.077669    0.303561    4.011478 v _11445_/X (sky130_fd_sc_hd__or3_2)
                                                         _05306_ (net)
                      0.077669    0.000127    4.011605 v _11452_/A1 (sky130_fd_sc_hd__a21o_1)
     3    0.013338    0.053562    0.143389    4.154994 v _11452_/X (sky130_fd_sc_hd__a21o_1)
                                                         _05313_ (net)
                      0.053565    0.000458    4.155452 v _11461_/A1 (sky130_fd_sc_hd__a21o_1)
     3    0.007174    0.036781    0.117445    4.272897 v _11461_/X (sky130_fd_sc_hd__a21o_1)
                                                         _05322_ (net)
                      0.036781    0.000068    4.272965 v _11469_/A1 (sky130_fd_sc_hd__a21o_2)
    10    0.033985    0.075123    0.170237    4.443202 v _11469_/X (sky130_fd_sc_hd__a21o_2)
                                                         _05330_ (net)
                      0.075137    0.000993    4.444196 v _11478_/A2 (sky130_fd_sc_hd__a21bo_1)
     2    0.004342    0.030087    0.139361    4.583557 v _11478_/X (sky130_fd_sc_hd__a21bo_1)
                                                         _05339_ (net)
                      0.030087    0.000038    4.583595 v _11481_/B1 (sky130_fd_sc_hd__a2bb2o_1)
     3    0.006396    0.047386    0.178902    4.762497 v _11481_/X (sky130_fd_sc_hd__a2bb2o_1)
                                                         _05342_ (net)
                      0.047386    0.000046    4.762543 v _11491_/A1 (sky130_fd_sc_hd__a211o_1)
     2    0.009538    0.056576    0.185449    4.947993 v _11491_/X (sky130_fd_sc_hd__a211o_1)
                                                         _05352_ (net)
                      0.056576    0.000126    4.948119 v _11502_/A1 (sky130_fd_sc_hd__a21o_2)
    10    0.035747    0.077978    0.180425    5.128544 v _11502_/X (sky130_fd_sc_hd__a21o_2)
                                                         _05363_ (net)
                      0.077979    0.000370    5.128914 v _11507_/A1 (sky130_fd_sc_hd__a2111o_1)
     3    0.008178    0.060445    0.253070    5.381985 v _11507_/X (sky130_fd_sc_hd__a2111o_1)
                                                         _05368_ (net)
                      0.060445    0.000086    5.382071 v _11512_/B (sky130_fd_sc_hd__and2_1)
     2    0.006310    0.035272    0.118440    5.500511 v _11512_/X (sky130_fd_sc_hd__and2_1)
                                                         _05373_ (net)
                      0.035272    0.000090    5.500601 v _11514_/B (sky130_fd_sc_hd__or2_2)
     3    0.015976    0.061576    0.192232    5.692834 v _11514_/X (sky130_fd_sc_hd__or2_2)
                                                         _05375_ (net)
                      0.061578    0.000185    5.693019 v _11519_/A2 (sky130_fd_sc_hd__a32o_1)
     2    0.006440    0.038655    0.150277    5.843296 v _11519_/X (sky130_fd_sc_hd__a32o_1)
                                                         _05380_ (net)
                      0.038655    0.000068    5.843364 v _11539_/B1 (sky130_fd_sc_hd__a41o_1)
     2    0.007581    0.044174    0.082863    5.926227 v _11539_/X (sky130_fd_sc_hd__a41o_1)
                                                         _05400_ (net)
                      0.044174    0.000056    5.926283 v fanout248/A (sky130_fd_sc_hd__buf_2)
    10    0.037456    0.067598    0.126786    6.053069 v fanout248/X (sky130_fd_sc_hd__buf_2)
                                                         net248 (net)
                      0.067603    0.000619    6.053688 v _11556_/D (sky130_fd_sc_hd__and4_1)
     2    0.005121    0.035376    0.146321    6.200009 v _11556_/X (sky130_fd_sc_hd__and4_1)
                                                         _05417_ (net)
                      0.035376    0.000036    6.200046 v _11559_/A1 (sky130_fd_sc_hd__o21a_1)
     2    0.009082    0.044746    0.136262    6.336307 v _11559_/X (sky130_fd_sc_hd__o21a_1)
                                                         _05420_ (net)
                      0.044746    0.000117    6.336424 v _11565_/D (sky130_fd_sc_hd__and4bb_1)
     2    0.006810    0.042466    0.144636    6.481061 v _11565_/X (sky130_fd_sc_hd__and4bb_1)
                                                         _05426_ (net)
                      0.042466    0.000072    6.481133 v _11571_/A2 (sky130_fd_sc_hd__a21o_1)
     7    0.021842    0.077759    0.167599    6.648732 v _11571_/X (sky130_fd_sc_hd__a21o_1)
                                                         _05432_ (net)
                      0.077760    0.000385    6.649117 v _11574_/A1 (sky130_fd_sc_hd__a21oi_1)
     3    0.009467    0.166410    0.163638    6.812756 ^ _11574_/Y (sky130_fd_sc_hd__a21oi_1)
                                                         _05435_ (net)
                      0.166410    0.000095    6.812850 ^ _11578_/B (sky130_fd_sc_hd__xor2_1)
     3    0.010341    0.177161    0.165105    6.977955 ^ _11578_/X (sky130_fd_sc_hd__xor2_1)
                                                         _05439_ (net)
                      0.177161    0.000065    6.978020 ^ _11582_/A2 (sky130_fd_sc_hd__a21o_1)
     6    0.016598    0.112890    0.145950    7.123970 ^ _11582_/X (sky130_fd_sc_hd__a21o_1)
                                                         _05443_ (net)
                      0.112890    0.000296    7.124266 ^ _11595_/A1 (sky130_fd_sc_hd__a21o_1)
     3    0.008987    0.065185    0.102620    7.226885 ^ _11595_/X (sky130_fd_sc_hd__a21o_1)
                                                         _05456_ (net)
                      0.065185    0.000065    7.226951 ^ _11604_/A1 (sky130_fd_sc_hd__a21o_1)
     4    0.012201    0.084870    0.110798    7.337749 ^ _11604_/X (sky130_fd_sc_hd__a21o_1)
                                                         _05465_ (net)
                      0.084870    0.000169    7.337918 ^ fanout207/A (sky130_fd_sc_hd__clkbuf_4)
    10    0.041288    0.099243    0.151436    7.489354 ^ fanout207/X (sky130_fd_sc_hd__clkbuf_4)
                                                         net207 (net)
                      0.099263    0.001366    7.490720 ^ _11607_/C_N (sky130_fd_sc_hd__or3b_1)
     2    0.005795    0.054514    0.212890    7.703610 v _11607_/X (sky130_fd_sc_hd__or3b_1)
                                                         _05468_ (net)
                      0.054514    0.000042    7.703652 v _11609_/B2 (sky130_fd_sc_hd__a2bb2o_1)
     3    0.009016    0.056918    0.176016    7.879668 v _11609_/X (sky130_fd_sc_hd__a2bb2o_1)
                                                         _05470_ (net)
                      0.056918    0.000167    7.879835 v _11620_/A1 (sky130_fd_sc_hd__a211o_1)
     2    0.010045    0.057703    0.190825    8.070660 v _11620_/X (sky130_fd_sc_hd__a211o_1)
                                                         _05481_ (net)
                      0.057703    0.000115    8.070775 v _11636_/A1 (sky130_fd_sc_hd__a21o_2)
    10    0.034192    0.075591    0.178295    8.249070 v _11636_/X (sky130_fd_sc_hd__a21o_2)
                                                         _05497_ (net)
                      0.075592    0.000401    8.249471 v _11645_/A1 (sky130_fd_sc_hd__a211o_1)
     2    0.011332    0.060530    0.201860    8.451330 v _11645_/X (sky130_fd_sc_hd__a211o_1)
                                                         _05506_ (net)
                      0.060530    0.000154    8.451484 v _11651_/A (sky130_fd_sc_hd__xnor2_2)
     4    0.012136    0.056717    0.116175    8.567658 v _11651_/Y (sky130_fd_sc_hd__xnor2_2)
                                                         _05512_ (net)
                      0.056735    0.000092    8.567751 v _11659_/B (sky130_fd_sc_hd__or3_2)
     4    0.015050    0.077999    0.298493    8.866244 v _11659_/X (sky130_fd_sc_hd__or3_2)
                                                         _05520_ (net)
                      0.078018    0.000213    8.866457 v _11678_/A (sky130_fd_sc_hd__or4bb_2)
     5    0.019428    0.099450    0.420879    9.287336 v _11678_/X (sky130_fd_sc_hd__or4bb_2)
                                                         _05539_ (net)
                      0.099450    0.000202    9.287539 v _11684_/D (sky130_fd_sc_hd__and4_1)
     2    0.004545    0.033982    0.157672    9.445210 v _11684_/X (sky130_fd_sc_hd__and4_1)
                                                         _05545_ (net)
                      0.033982    0.000052    9.445262 v _11686_/C (sky130_fd_sc_hd__or3_1)
     3    0.009553    0.069173    0.204365    9.649627 v _11686_/X (sky130_fd_sc_hd__or3_1)
                                                         _05547_ (net)
                      0.069173    0.000103    9.649730 v _11688_/A1 (sky130_fd_sc_hd__a21bo_1)
     5    0.013639    0.055800    0.149034    9.798764 v _11688_/X (sky130_fd_sc_hd__a21bo_1)
                                                         _05549_ (net)
                      0.055800    0.000224    9.798987 v _11710_/A1 (sky130_fd_sc_hd__a311o_2)
     4    0.016421    0.064519    0.231554   10.030542 v _11710_/X (sky130_fd_sc_hd__a311o_2)
                                                         _05571_ (net)
                      0.064549    0.000122   10.030663 v _11719_/A1 (sky130_fd_sc_hd__a21o_1)
     6    0.017328    0.064749    0.148407   10.179070 v _11719_/X (sky130_fd_sc_hd__a21o_1)
                                                         _05580_ (net)
                      0.064749    0.000219   10.179290 v _11737_/C (sky130_fd_sc_hd__and3_1)
     3    0.007875    0.042243    0.141577   10.320867 v _11737_/X (sky130_fd_sc_hd__and3_1)
                                                         _05598_ (net)
                      0.042243    0.000060   10.320927 v _11746_/B (sky130_fd_sc_hd__or4_1)
     2    0.005864    0.066316    0.301474   10.622400 v _11746_/X (sky130_fd_sc_hd__or4_1)
                                                         _05607_ (net)
                      0.066316    0.000039   10.622439 v _11750_/C (sky130_fd_sc_hd__or4_1)
     1    0.004992    0.062870    0.281149   10.903588 v _11750_/X (sky130_fd_sc_hd__or4_1)
                                                         _05611_ (net)
                      0.062870    0.000068   10.903656 v _11751_/B1 (sky130_fd_sc_hd__a21o_1)
     7    0.020432    0.073688    0.125093   11.028749 v _11751_/X (sky130_fd_sc_hd__a21o_1)
                                                         _05612_ (net)
                      0.073689    0.000401   11.029149 v _11762_/A1 (sky130_fd_sc_hd__a21oi_1)
     3    0.008944    0.159088    0.156969   11.186118 ^ _11762_/Y (sky130_fd_sc_hd__a21oi_1)
                                                         _05623_ (net)
                      0.159088    0.000073   11.186191 ^ _11766_/B (sky130_fd_sc_hd__xor2_1)
     3    0.011374    0.190911    0.175214   11.361404 ^ _11766_/X (sky130_fd_sc_hd__xor2_1)
                                                         _05627_ (net)
                      0.190911    0.000187   11.361592 ^ _11768_/A2 (sky130_fd_sc_hd__a21o_1)
     6    0.016944    0.115057    0.148232   11.509824 ^ _11768_/X (sky130_fd_sc_hd__a21o_1)
                                                         _05629_ (net)
                      0.115057    0.000171   11.509995 ^ _11779_/A1 (sky130_fd_sc_hd__a21oi_1)
     4    0.011752    0.071463    0.079821   11.589815 v _11779_/Y (sky130_fd_sc_hd__a21oi_1)
                                                         _05640_ (net)
                      0.071463    0.000076   11.589891 v _11788_/A1 (sky130_fd_sc_hd__o21bai_1)
     2    0.006698    0.122708    0.138984   11.728875 ^ _11788_/Y (sky130_fd_sc_hd__o21bai_1)
                                                         _05649_ (net)
                      0.122708    0.000099   11.728973 ^ fanout129/A (sky130_fd_sc_hd__buf_2)
    10    0.038954    0.144603    0.171207   11.900181 ^ fanout129/X (sky130_fd_sc_hd__buf_2)
                                                         net129 (net)
                      0.144649    0.000387   11.900568 ^ _11814_/D (sky130_fd_sc_hd__and4_1)
     3    0.008771    0.075927    0.153150   12.053719 ^ _11814_/X (sky130_fd_sc_hd__and4_1)
                                                         _05675_ (net)
                      0.075927    0.000084   12.053802 ^ _11816_/S (sky130_fd_sc_hd__mux2_1)
     4    0.013257    0.075547    0.232055   12.285858 v _11816_/X (sky130_fd_sc_hd__mux2_1)
                                                         _05677_ (net)
                      0.075547    0.000110   12.285968 v _11820_/C (sky130_fd_sc_hd__or4b_1)
     1    0.003277    0.055288    0.272466   12.558434 v _11820_/X (sky130_fd_sc_hd__or4b_1)
                                                         _05681_ (net)
                      0.055288    0.000037   12.558471 v _11821_/B1 (sky130_fd_sc_hd__a21o_2)
     9    0.029996    0.068572    0.134675   12.693147 v _11821_/X (sky130_fd_sc_hd__a21o_2)
                                                         _05682_ (net)
                      0.068575    0.000528   12.693674 v _11837_/B (sky130_fd_sc_hd__and3_1)
     2    0.003390    0.029310    0.117479   12.811153 v _11837_/X (sky130_fd_sc_hd__and3_1)
                                                         _05698_ (net)
                      0.029310    0.000010   12.811163 v _11839_/C (sky130_fd_sc_hd__or3_1)
     3    0.009130    0.067415    0.201061   13.012223 v _11839_/X (sky130_fd_sc_hd__or3_1)
                                                         _05700_ (net)
                      0.067415    0.000113   13.012337 v _11842_/A1 (sky130_fd_sc_hd__a21bo_1)
     6    0.020218    0.074480    0.164630   13.176967 v _11842_/X (sky130_fd_sc_hd__a21bo_1)
                                                         _05703_ (net)
                      0.074481    0.000374   13.177341 v _11856_/A1 (sky130_fd_sc_hd__a211o_1)
     3    0.009777    0.057452    0.196069   13.373409 v _11856_/X (sky130_fd_sc_hd__a211o_1)
                                                         _05717_ (net)
                      0.057452    0.000104   13.373513 v _11863_/A1 (sky130_fd_sc_hd__a21o_1)
     2    0.007062    0.036430    0.118519   13.492032 v _11863_/X (sky130_fd_sc_hd__a21o_1)
                                                         _05724_ (net)
                      0.036430    0.000085   13.492117 v fanout127/A (sky130_fd_sc_hd__buf_2)
    10    0.033296    0.061237    0.118746   13.610863 v fanout127/X (sky130_fd_sc_hd__buf_2)
                                                         net127 (net)
                      0.061243    0.000600   13.611463 v _11879_/B (sky130_fd_sc_hd__xnor2_2)
     3    0.015081    0.175407    0.161113   13.772575 ^ _11879_/Y (sky130_fd_sc_hd__xnor2_2)
                                                         _05740_ (net)
                      0.175407    0.000143   13.772718 ^ _11883_/A2 (sky130_fd_sc_hd__o211a_1)
     3    0.012578    0.085982    0.134628   13.907347 ^ _11883_/X (sky130_fd_sc_hd__o211a_1)
                                                         _05744_ (net)
                      0.085982    0.000221   13.907568 ^ _11884_/C_N (sky130_fd_sc_hd__or4bb_2)
     4    0.011844    0.083320    0.376824   14.284391 v _11884_/X (sky130_fd_sc_hd__or4bb_2)
                                                         _05745_ (net)
                      0.083320    0.000119   14.284511 v _11897_/A1 (sky130_fd_sc_hd__a311o_1)
     2    0.006782    0.053334    0.193290   14.477800 v _11897_/X (sky130_fd_sc_hd__a311o_1)
                                                         _05758_ (net)
                      0.053334    0.000054   14.477855 v fanout125/A (sky130_fd_sc_hd__buf_2)
    10    0.034705    0.063427    0.127121   14.604977 v fanout125/X (sky130_fd_sc_hd__buf_2)
                                                         net125 (net)
                      0.063443    0.000966   14.605943 v _11900_/A (sky130_fd_sc_hd__nand2_1)
     3    0.008474    0.069408    0.076945   14.682887 ^ _11900_/Y (sky130_fd_sc_hd__nand2_1)
                                                         _05761_ (net)
                      0.069408    0.000065   14.682952 ^ _11916_/A2_N (sky130_fd_sc_hd__a2bb2o_1)
     3    0.007936    0.052771    0.141953   14.824905 v _11916_/X (sky130_fd_sc_hd__a2bb2o_1)
                                                         _05777_ (net)
                      0.052771    0.000094   14.825000 v _11924_/A (sky130_fd_sc_hd__or4_4)
     6    0.022924    0.080869    0.357869   15.182869 v _11924_/X (sky130_fd_sc_hd__or4_4)
                                                         _05785_ (net)
                      0.080869    0.000250   15.183119 v _11935_/A1 (sky130_fd_sc_hd__a21o_2)
     8    0.029566    0.067869    0.180396   15.363515 v _11935_/X (sky130_fd_sc_hd__a21o_2)
                                                         _05796_ (net)
                      0.067873    0.000536   15.364052 v _11945_/B (sky130_fd_sc_hd__and3_1)
     4    0.016808    0.067178    0.157479   15.521531 v _11945_/X (sky130_fd_sc_hd__and3_1)
                                                         _05806_ (net)
                      0.067178    0.000036   15.521566 v _11960_/B (sky130_fd_sc_hd__or4b_1)
     3    0.010617    0.086543    0.334030   15.855597 v _11960_/X (sky130_fd_sc_hd__or4b_1)
                                                         _05821_ (net)
                      0.086543    0.000171   15.855767 v _11966_/A3 (sky130_fd_sc_hd__a31o_1)
     3    0.015109    0.062905    0.194920   16.050686 v _11966_/X (sky130_fd_sc_hd__a31o_1)
                                                         _05827_ (net)
                      0.062905    0.000075   16.050760 v _11972_/A2 (sky130_fd_sc_hd__a21o_2)
     9    0.030583    0.069722    0.192291   16.243052 v _11972_/X (sky130_fd_sc_hd__a21o_2)
                                                         _05833_ (net)
                      0.069738    0.001036   16.244087 v _11981_/B (sky130_fd_sc_hd__and2_1)
     4    0.008699    0.042369    0.129766   16.373854 v _11981_/X (sky130_fd_sc_hd__and2_1)
                                                         _05842_ (net)
                      0.042369    0.000023   16.373877 v _11989_/B (sky130_fd_sc_hd__or4b_1)
     3    0.013968    0.097161    0.340467   16.714344 v _11989_/X (sky130_fd_sc_hd__or4b_1)
                                                         _05850_ (net)
                      0.097161    0.000401   16.714746 v _12002_/A1 (sky130_fd_sc_hd__a211o_2)
     2    0.020083    0.065071    0.238387   16.953133 v _12002_/X (sky130_fd_sc_hd__a211o_2)
                                                         _05863_ (net)
                      0.065071    0.000140   16.953274 v _12003_/A2 (sky130_fd_sc_hd__a21oi_4)
    10    0.035505    0.209013    0.209729   17.163002 ^ _12003_/Y (sky130_fd_sc_hd__a21oi_4)
                                                         _05864_ (net)
                      0.209023    0.001140   17.164143 ^ _12007_/A_N (sky130_fd_sc_hd__and2b_2)
     3    0.019292    0.051807    0.174477   17.338619 v _12007_/X (sky130_fd_sc_hd__and2b_2)
                                                         _05868_ (net)
                      0.051807    0.000213   17.338833 v _12008_/B (sky130_fd_sc_hd__xor2_2)
     5    0.017868    0.074437    0.120149   17.458982 v _12008_/X (sky130_fd_sc_hd__xor2_2)
                                                         _05869_ (net)
                      0.074437    0.000156   17.459139 v _12011_/B (sky130_fd_sc_hd__or3_1)
     2    0.005579    0.053339    0.221318   17.680456 v _12011_/X (sky130_fd_sc_hd__or3_1)
                                                         _05872_ (net)
                      0.053339    0.000014   17.680471 v _12052_/B (sky130_fd_sc_hd__or4_1)
     1    0.002694    0.052319    0.284169   17.964640 v _12052_/X (sky130_fd_sc_hd__or4_1)
                                                         _05913_ (net)
                      0.052319    0.000027   17.964666 v _12053_/A2 (sky130_fd_sc_hd__a2111o_1)
     1    0.002906    0.040870    0.249013   18.213680 v _12053_/X (sky130_fd_sc_hd__a2111o_1)
                                                         _05914_ (net)
                      0.040870    0.000030   18.213711 v _12054_/B1_N (sky130_fd_sc_hd__a21bo_1)
     2    0.007237    0.053262    0.129440   18.343149 ^ _12054_/X (sky130_fd_sc_hd__a21bo_1)
                                                         _05915_ (net)
                      0.053262    0.000110   18.343260 ^ _12058_/A (sky130_fd_sc_hd__and3_1)
     2    0.005893    0.056666    0.102638   18.445898 ^ _12058_/X (sky130_fd_sc_hd__and3_1)
                                                         _05919_ (net)
                      0.056666    0.000037   18.445934 ^ _12063_/A1 (sky130_fd_sc_hd__a22o_2)
     6    0.027407    0.109877    0.144354   18.590288 ^ _12063_/X (sky130_fd_sc_hd__a22o_2)
                                                         _05924_ (net)
                      0.109877    0.000373   18.590662 ^ _12075_/C_N (sky130_fd_sc_hd__or4bb_1)
     2    0.008657    0.076755    0.305775   18.896437 v _12075_/X (sky130_fd_sc_hd__or4bb_1)
                                                         _05936_ (net)
                      0.076755    0.000085   18.896523 v _12076_/A2 (sky130_fd_sc_hd__a21bo_1)
     3    0.015532    0.061100    0.173143   19.069666 v _12076_/X (sky130_fd_sc_hd__a21bo_1)
                                                         _05937_ (net)
                      0.061100    0.000099   19.069765 v _12079_/B1 (sky130_fd_sc_hd__a2111o_2)
     6    0.018265    0.073234    0.251781   19.321547 v _12079_/X (sky130_fd_sc_hd__a2111o_2)
                                                         _05940_ (net)
                      0.073273    0.000306   19.321852 v _12082_/A1_N (sky130_fd_sc_hd__o2bb2a_1)
     1    0.008888    0.075225    0.186482   19.508333 ^ _12082_/X (sky130_fd_sc_hd__o2bb2a_1)
                                                         _05943_ (net)
                      0.075225    0.000071   19.508404 ^ _12091_/B (sky130_fd_sc_hd__xor2_2)
     3    0.012561    0.056175    0.058408   19.566813 v _12091_/X (sky130_fd_sc_hd__xor2_2)
                                                         _05952_ (net)
                      0.056175    0.000107   19.566919 v _12092_/B (sky130_fd_sc_hd__or2_2)
     6    0.023280    0.072745    0.212026   19.778946 v _12092_/X (sky130_fd_sc_hd__or2_2)
                                                         _05953_ (net)
                      0.072748    0.000536   19.779482 v _12102_/A2 (sky130_fd_sc_hd__o41a_2)
     4    0.023460    0.082112    0.341295   20.120777 v _12102_/X (sky130_fd_sc_hd__o41a_2)
                                                         _05963_ (net)
                      0.082112    0.000169   20.120945 v _12107_/B (sky130_fd_sc_hd__or3b_1)
     3    0.007543    0.061216    0.235488   20.356434 v _12107_/X (sky130_fd_sc_hd__or3b_1)
                                                         _05968_ (net)
                      0.061216    0.000060   20.356495 v _12117_/A2 (sky130_fd_sc_hd__a2111o_1)
     1    0.003512    0.043704    0.255850   20.612345 v _12117_/X (sky130_fd_sc_hd__a2111o_1)
                                                         _05978_ (net)
                      0.043704    0.000041   20.612385 v _12121_/A1 (sky130_fd_sc_hd__a21o_1)
     1    0.005637    0.032259    0.108914   20.721298 v _12121_/X (sky130_fd_sc_hd__a21o_1)
                                                         _05982_ (net)
                      0.032259    0.000078   20.721376 v _12123_/B (sky130_fd_sc_hd__xor2_1)
     3    0.011139    0.187798    0.167276   20.888653 ^ _12123_/X (sky130_fd_sc_hd__xor2_1)
                                                         _05984_ (net)
                      0.187798    0.000250   20.888905 ^ _12128_/A (sky130_fd_sc_hd__nand2_1)
     2    0.006223    0.060325    0.051752   20.940657 v _12128_/Y (sky130_fd_sc_hd__nand2_1)
                                                         _05989_ (net)
                      0.060325    0.000073   20.940729 v _12134_/A2 (sky130_fd_sc_hd__o2111a_1)
     4    0.013146    0.062320    0.189942   21.130671 v _12134_/X (sky130_fd_sc_hd__o2111a_1)
                                                         _05995_ (net)
                      0.062320    0.000083   21.130754 v _12141_/A (sky130_fd_sc_hd__or4b_4)
     4    0.019840    0.078188    0.358233   21.488987 v _12141_/X (sky130_fd_sc_hd__or4b_4)
                                                         _06002_ (net)
                      0.078188    0.000137   21.489124 v _12145_/A1 (sky130_fd_sc_hd__a21oi_4)
     6    0.036596    0.214008    0.205716   21.694839 ^ _12145_/Y (sky130_fd_sc_hd__a21oi_4)
                                                         _06006_ (net)
                      0.214010    0.000533   21.695374 ^ _12146_/B (sky130_fd_sc_hd__xnor2_4)
     5    0.023515    0.073229    0.071578   21.766951 v _12146_/Y (sky130_fd_sc_hd__xnor2_4)
                                                         _06007_ (net)
                      0.073229    0.000167   21.767118 v _12157_/A2 (sky130_fd_sc_hd__o32a_1)
     4    0.012468    0.067475    0.237392   22.004511 v _12157_/X (sky130_fd_sc_hd__o32a_1)
                                                         _06018_ (net)
                      0.067475    0.000094   22.004604 v _12160_/A2 (sky130_fd_sc_hd__a21o_1)
     4    0.013074    0.052735    0.154827   22.159431 v _12160_/X (sky130_fd_sc_hd__a21o_1)
                                                         _06021_ (net)
                      0.052735    0.000098   22.159531 v _12161_/B2 (sky130_fd_sc_hd__a2bb2o_1)
     1    0.009637    0.057955    0.177936   22.337465 v _12161_/X (sky130_fd_sc_hd__a2bb2o_1)
                                                         _06022_ (net)
                      0.057955    0.000101   22.337566 v _12162_/B (sky130_fd_sc_hd__xnor2_2)
     4    0.013944    0.057098    0.110704   22.448271 v _12162_/Y (sky130_fd_sc_hd__xnor2_2)
                                                         _06023_ (net)
                      0.057098    0.000160   22.448431 v _12170_/A1 (sky130_fd_sc_hd__o31a_1)
     6    0.017409    0.076386    0.235399   22.683830 v _12170_/X (sky130_fd_sc_hd__o31a_1)
                                                         _06031_ (net)
                      0.076386    0.000098   22.683928 v _12175_/A3 (sky130_fd_sc_hd__o31a_1)
     1    0.008016    0.050614    0.176630   22.860559 v _12175_/X (sky130_fd_sc_hd__o31a_1)
                                                         _06036_ (net)
                      0.050614    0.000057   22.860615 v _12176_/B (sky130_fd_sc_hd__xor2_2)
     5    0.017478    0.076357    0.119169   22.979784 v _12176_/X (sky130_fd_sc_hd__xor2_2)
                                                         _06037_ (net)
                      0.076357    0.000181   22.979965 v _12184_/A1 (sky130_fd_sc_hd__a21oi_1)
     2    0.011375    0.198536    0.182057   23.162022 ^ _12184_/Y (sky130_fd_sc_hd__a21oi_1)
                                                         _06045_ (net)
                      0.198536    0.000059   23.162081 ^ _12187_/A1 (sky130_fd_sc_hd__a21oi_2)
     6    0.021560    0.083975    0.080616   23.242697 v _12187_/Y (sky130_fd_sc_hd__a21oi_2)
                                                         _06048_ (net)
                      0.083976    0.000245   23.242943 v _12189_/C (sky130_fd_sc_hd__or3_1)
     2    0.005196    0.052116    0.199158   23.442101 v _12189_/X (sky130_fd_sc_hd__or3_1)
                                                         _06050_ (net)
                      0.052116    0.000025   23.442125 v _12192_/B1 (sky130_fd_sc_hd__a2bb2o_1)
     4    0.010535    0.060171    0.203579   23.645704 v _12192_/X (sky130_fd_sc_hd__a2bb2o_1)
                                                         _06053_ (net)
                      0.060171    0.000080   23.645784 v _12196_/B (sky130_fd_sc_hd__and3_1)
     2    0.004837    0.033352    0.119201   23.764986 v _12196_/X (sky130_fd_sc_hd__and3_1)
                                                         _06057_ (net)
                      0.033352    0.000041   23.765026 v _12198_/C (sky130_fd_sc_hd__or3_1)
     3    0.010151    0.070208    0.207097   23.972122 v _12198_/X (sky130_fd_sc_hd__or3_1)
                                                         _06059_ (net)
                      0.070208    0.000085   23.972208 v _12202_/A1 (sky130_fd_sc_hd__a21o_1)
     4    0.014030    0.055442    0.142428   24.114635 v _12202_/X (sky130_fd_sc_hd__a21o_1)
                                                         _06063_ (net)
                      0.055442    0.000078   24.114714 v _12203_/B (sky130_fd_sc_hd__and2b_1)
     1    0.004617    0.030048    0.110626   24.225340 v _12203_/X (sky130_fd_sc_hd__and2b_1)
                                                         _06064_ (net)
                      0.030048    0.000018   24.225359 v _12206_/B (sky130_fd_sc_hd__xnor2_1)
     2    0.005778    0.043893    0.085581   24.310940 v _12206_/Y (sky130_fd_sc_hd__xnor2_1)
                                                         _06066_ (net)
                      0.043893    0.000050   24.310989 v _12236_/A1 (sky130_fd_sc_hd__mux2_1)
     1    0.002379    0.036398    0.147329   24.458319 v _12236_/X (sky130_fd_sc_hd__mux2_1)
                                                         _01302_ (net)
                      0.036398    0.000023   24.458342 v _13777_/D (sky130_fd_sc_hd__dfxtp_1)
                                             24.458342   data arrival time

                                100.000000  100.000000   clock clk (rise edge)
                                  0.000000  100.000000   clock source latency
     2    0.067476    0.230209    0.165379  100.165375 ^ clk (in)
                                                         clk (net)
                      0.231646    0.000000  100.165375 ^ clkbuf_0_clk/A (sky130_fd_sc_hd__clkbuf_16)
    17    0.195539    0.160737    0.217838  100.383217 ^ clkbuf_0_clk/X (sky130_fd_sc_hd__clkbuf_16)
                                                         clknet_0_clk (net)
                      0.161041    0.005670  100.388885 ^ clkbuf_3_6_0_clk/A (sky130_fd_sc_hd__clkbuf_8)
     5    0.041354    0.064509    0.137817  100.526703 ^ clkbuf_3_6_0_clk/X (sky130_fd_sc_hd__clkbuf_8)
                                                         clknet_3_6_0_clk (net)
                      0.064631    0.001855  100.528557 ^ clkbuf_4_12__f_clk/A (sky130_fd_sc_hd__clkbuf_16)
    13    0.072959    0.068863    0.124338  100.652893 ^ clkbuf_4_12__f_clk/X (sky130_fd_sc_hd__clkbuf_16)
                                                         clknet_4_12__leaf_clk (net)
                      0.068975    0.001748  100.654640 ^ clkbuf_leaf_54_clk/A (sky130_fd_sc_hd__clkbuf_8)
    22    0.070812    0.098995    0.144304  100.798943 ^ clkbuf_leaf_54_clk/X (sky130_fd_sc_hd__clkbuf_8)
                                                         clknet_leaf_54_clk (net)
                      0.099084    0.001876  100.800819 ^ _13777_/CLK (sky130_fd_sc_hd__dfxtp_1)
                                 -0.250000  100.550827   clock uncertainty
                                  0.000000  100.550827   clock reconvergence pessimism
                                 -0.065114  100.485710   library setup time
                                            100.485710   data required time
---------------------------------------------------------------------------------------------
                                            100.485710   data required time
                                            -24.458342   data arrival time
---------------------------------------------------------------------------------------------
                                             76.027367   slack (MET)




===========================================================================
report_checks --slack_max -0.01
============================================================================
======================= min_ff_n40C_1v95 Corner ===================================

No paths found.


===========================================================================
 report_check_types -max_slew -max_cap -max_fanout -violators
============================================================================
======================= min_ff_n40C_1v95 Corner ===================================

max fanout

Pin                                   Limit Fanout  Slack
---------------------------------------------------------
clkbuf_leaf_89_clk/X                     10     51    -41 (VIOLATED)
clkbuf_leaf_42_clk/X                     10     45    -35 (VIOLATED)
clkbuf_leaf_116_clk/X                    10     37    -27 (VIOLATED)
clkbuf_leaf_75_clk/X                     10     35    -25 (VIOLATED)
clkbuf_leaf_53_clk/X                     10     25    -15 (VIOLATED)
clkbuf_leaf_78_clk/X                     10     25    -15 (VIOLATED)
clkbuf_leaf_90_clk/X                     10     24    -14 (VIOLATED)
clkbuf_leaf_54_clk/X                     10     22    -12 (VIOLATED)
fanout911/X                              10     22    -12 (VIOLATED)
_07405_/X                                10     21    -11 (VIOLATED)
_12452_/Q                                10     21    -11 (VIOLATED)
_12453_/Q                                10     21    -11 (VIOLATED)
_13736_/Q                                10     21    -11 (VIOLATED)
clkbuf_4_3__f_clk/X                      10     21    -11 (VIOLATED)
clkbuf_leaf_115_clk/X                    10     21    -11 (VIOLATED)
fanout1007/X                             10     21    -11 (VIOLATED)
fanout1061/X                             10     21    -11 (VIOLATED)
fanout1078/X                             10     21    -11 (VIOLATED)
fanout1079/X                             10     21    -11 (VIOLATED)
fanout131/X                              10     21    -11 (VIOLATED)
fanout133/X                              10     21    -11 (VIOLATED)
fanout135/X                              10     21    -11 (VIOLATED)
fanout137/X                              10     21    -11 (VIOLATED)
fanout205/X                              10     21    -11 (VIOLATED)
fanout245/X                              10     21    -11 (VIOLATED)
fanout281/X                              10     21    -11 (VIOLATED)
fanout283/X                              10     21    -11 (VIOLATED)
fanout284/X                              10     21    -11 (VIOLATED)
fanout285/X                              10     21    -11 (VIOLATED)
fanout286/X                              10     21    -11 (VIOLATED)
fanout297/X                              10     21    -11 (VIOLATED)
fanout301/X                              10     21    -11 (VIOLATED)
fanout302/X                              10     21    -11 (VIOLATED)
fanout307/X                              10     21    -11 (VIOLATED)
fanout308/X                              10     21    -11 (VIOLATED)
fanout320/X                              10     21    -11 (VIOLATED)
fanout325/X                              10     21    -11 (VIOLATED)
fanout356/X                              10     21    -11 (VIOLATED)
fanout370/X                              10     21    -11 (VIOLATED)
fanout372/X                              10     21    -11 (VIOLATED)
fanout374/X                              10     21    -11 (VIOLATED)
fanout376/X                              10     21    -11 (VIOLATED)
fanout378/X                              10     21    -11 (VIOLATED)
fanout380/X                              10     21    -11 (VIOLATED)
fanout382/X                              10     21    -11 (VIOLATED)
fanout384/X                              10     21    -11 (VIOLATED)
fanout386/X                              10     21    -11 (VIOLATED)
fanout388/X                              10     21    -11 (VIOLATED)
fanout390/X                              10     21    -11 (VIOLATED)
fanout392/X                              10     21    -11 (VIOLATED)
fanout394/X                              10     21    -11 (VIOLATED)
fanout396/X                              10     21    -11 (VIOLATED)
fanout398/X                              10     21    -11 (VIOLATED)
fanout406/X                              10     21    -11 (VIOLATED)
fanout407/X                              10     21    -11 (VIOLATED)
fanout408/X                              10     21    -11 (VIOLATED)
fanout410/X                              10     21    -11 (VIOLATED)
fanout412/X                              10     21    -11 (VIOLATED)
fanout414/X                              10     21    -11 (VIOLATED)
fanout416/X                              10     21    -11 (VIOLATED)
fanout418/X                              10     21    -11 (VIOLATED)
fanout420/X                              10     21    -11 (VIOLATED)
fanout422/X                              10     21    -11 (VIOLATED)
fanout424/X                              10     21    -11 (VIOLATED)
fanout426/X                              10     21    -11 (VIOLATED)
fanout428/X                              10     21    -11 (VIOLATED)
fanout430/X                              10     21    -11 (VIOLATED)
fanout431/X                              10     21    -11 (VIOLATED)
fanout432/X                              10     21    -11 (VIOLATED)
fanout434/X                              10     21    -11 (VIOLATED)
fanout436/X                              10     21    -11 (VIOLATED)
fanout438/X                              10     21    -11 (VIOLATED)
fanout440/X                              10     21    -11 (VIOLATED)
fanout442/X                              10     21    -11 (VIOLATED)
fanout444/X                              10     21    -11 (VIOLATED)
fanout446/X                              10     21    -11 (VIOLATED)
fanout448/X                              10     21    -11 (VIOLATED)
fanout450/X                              10     21    -11 (VIOLATED)
fanout452/X                              10     21    -11 (VIOLATED)
fanout454/X                              10     21    -11 (VIOLATED)
fanout456/X                              10     21    -11 (VIOLATED)
fanout457/X                              10     21    -11 (VIOLATED)
fanout458/X                              10     21    -11 (VIOLATED)
fanout459/X                              10     21    -11 (VIOLATED)
fanout461/X                              10     21    -11 (VIOLATED)
fanout462/X                              10     21    -11 (VIOLATED)
fanout463/X                              10     21    -11 (VIOLATED)
fanout465/X                              10     21    -11 (VIOLATED)
fanout468/X                              10     21    -11 (VIOLATED)
fanout470/X                              10     21    -11 (VIOLATED)
fanout472/X                              10     21    -11 (VIOLATED)
fanout473/X                              10     21    -11 (VIOLATED)
fanout474/X                              10     21    -11 (VIOLATED)
fanout475/X                              10     21    -11 (VIOLATED)
fanout476/X                              10     21    -11 (VIOLATED)
fanout477/X                              10     21    -11 (VIOLATED)
fanout481/X                              10     21    -11 (VIOLATED)
fanout483/X                              10     21    -11 (VIOLATED)
fanout485/X                              10     21    -11 (VIOLATED)
fanout487/X                              10     21    -11 (VIOLATED)
fanout489/X                              10     21    -11 (VIOLATED)
fanout491/X                              10     21    -11 (VIOLATED)
fanout493/X                              10     21    -11 (VIOLATED)
fanout495/X                              10     21    -11 (VIOLATED)
fanout497/X                              10     21    -11 (VIOLATED)
fanout498/X                              10     21    -11 (VIOLATED)
fanout499/X                              10     21    -11 (VIOLATED)
fanout501/X                              10     21    -11 (VIOLATED)
fanout503/X                              10     21    -11 (VIOLATED)
fanout505/X                              10     21    -11 (VIOLATED)
fanout507/X                              10     21    -11 (VIOLATED)
fanout509/X                              10     21    -11 (VIOLATED)
fanout511/X                              10     21    -11 (VIOLATED)
fanout513/X                              10     21    -11 (VIOLATED)
fanout515/X                              10     21    -11 (VIOLATED)
fanout517/X                              10     21    -11 (VIOLATED)
fanout519/X                              10     21    -11 (VIOLATED)
fanout521/X                              10     21    -11 (VIOLATED)
fanout523/X                              10     21    -11 (VIOLATED)
fanout525/X                              10     21    -11 (VIOLATED)
fanout526/X                              10     21    -11 (VIOLATED)
fanout527/X                              10     21    -11 (VIOLATED)
fanout529/X                              10     21    -11 (VIOLATED)
fanout530/X                              10     21    -11 (VIOLATED)
fanout531/X                              10     21    -11 (VIOLATED)
fanout533/X                              10     21    -11 (VIOLATED)
fanout535/X                              10     21    -11 (VIOLATED)
fanout537/X                              10     21    -11 (VIOLATED)
fanout538/X                              10     21    -11 (VIOLATED)
fanout539/X                              10     21    -11 (VIOLATED)
fanout540/X                              10     21    -11 (VIOLATED)
fanout542/X                              10     21    -11 (VIOLATED)
fanout544/X                              10     21    -11 (VIOLATED)
fanout546/X                              10     21    -11 (VIOLATED)
fanout548/X                              10     21    -11 (VIOLATED)
fanout550/X                              10     21    -11 (VIOLATED)
fanout552/X                              10     21    -11 (VIOLATED)
fanout554/X                              10     21    -11 (VIOLATED)
fanout556/X                              10     21    -11 (VIOLATED)
fanout558/X                              10     21    -11 (VIOLATED)
fanout560/X                              10     21    -11 (VIOLATED)
fanout562/X                              10     21    -11 (VIOLATED)
fanout564/X                              10     21    -11 (VIOLATED)
fanout565/X                              10     21    -11 (VIOLATED)
fanout566/X                              10     21    -11 (VIOLATED)
fanout568/X                              10     21    -11 (VIOLATED)
fanout570/X                              10     21    -11 (VIOLATED)
fanout572/X                              10     21    -11 (VIOLATED)
fanout574/X                              10     21    -11 (VIOLATED)
fanout576/X                              10     21    -11 (VIOLATED)
fanout578/X                              10     21    -11 (VIOLATED)
fanout580/X                              10     21    -11 (VIOLATED)
fanout582/X                              10     21    -11 (VIOLATED)
fanout584/X                              10     21    -11 (VIOLATED)
fanout585/X                              10     21    -11 (VIOLATED)
fanout586/X                              10     21    -11 (VIOLATED)
fanout588/X                              10     21    -11 (VIOLATED)
fanout590/X                              10     21    -11 (VIOLATED)
fanout592/X                              10     21    -11 (VIOLATED)
fanout594/X                              10     21    -11 (VIOLATED)
fanout596/X                              10     21    -11 (VIOLATED)
fanout598/X                              10     21    -11 (VIOLATED)
fanout600/X                              10     21    -11 (VIOLATED)
fanout602/X                              10     21    -11 (VIOLATED)
fanout604/X                              10     21    -11 (VIOLATED)
fanout606/X                              10     21    -11 (VIOLATED)
fanout608/X                              10     21    -11 (VIOLATED)
fanout610/X                              10     21    -11 (VIOLATED)
fanout621/X                              10     21    -11 (VIOLATED)
fanout622/X                              10     21    -11 (VIOLATED)
fanout623/X                              10     21    -11 (VIOLATED)
fanout625/X                              10     21    -11 (VIOLATED)
fanout627/X                              10     21    -11 (VIOLATED)
fanout628/X                              10     21    -11 (VIOLATED)
fanout629/X                              10     21    -11 (VIOLATED)
fanout631/X                              10     21    -11 (VIOLATED)
fanout633/X                              10     21    -11 (VIOLATED)
fanout635/X                              10     21    -11 (VIOLATED)
fanout637/X                              10     21    -11 (VIOLATED)
fanout639/X                              10     21    -11 (VIOLATED)
fanout641/X                              10     21    -11 (VIOLATED)
fanout643/X                              10     21    -11 (VIOLATED)
fanout645/X                              10     21    -11 (VIOLATED)
fanout647/X                              10     21    -11 (VIOLATED)
fanout649/X                              10     21    -11 (VIOLATED)
fanout651/X                              10     21    -11 (VIOLATED)
fanout653/X                              10     21    -11 (VIOLATED)
fanout655/X                              10     21    -11 (VIOLATED)
fanout657/X                              10     21    -11 (VIOLATED)
fanout659/X                              10     21    -11 (VIOLATED)
fanout661/X                              10     21    -11 (VIOLATED)
fanout663/X                              10     21    -11 (VIOLATED)
fanout665/X                              10     21    -11 (VIOLATED)
fanout667/X                              10     21    -11 (VIOLATED)
fanout669/X                              10     21    -11 (VIOLATED)
fanout671/X                              10     21    -11 (VIOLATED)
fanout673/X                              10     21    -11 (VIOLATED)
fanout675/X                              10     21    -11 (VIOLATED)
fanout677/X                              10     21    -11 (VIOLATED)
fanout679/X                              10     21    -11 (VIOLATED)
fanout681/X                              10     21    -11 (VIOLATED)
fanout683/X                              10     21    -11 (VIOLATED)
fanout685/X                              10     21    -11 (VIOLATED)
fanout687/X                              10     21    -11 (VIOLATED)
fanout689/X                              10     21    -11 (VIOLATED)
fanout691/X                              10     21    -11 (VIOLATED)
fanout693/X                              10     21    -11 (VIOLATED)
fanout695/X                              10     21    -11 (VIOLATED)
fanout697/X                              10     21    -11 (VIOLATED)
fanout699/X                              10     21    -11 (VIOLATED)
fanout701/X                              10     21    -11 (VIOLATED)
fanout703/X                              10     21    -11 (VIOLATED)
fanout705/X                              10     21    -11 (VIOLATED)
fanout707/X                              10     21    -11 (VIOLATED)
fanout708/X                              10     21    -11 (VIOLATED)
fanout709/X                              10     21    -11 (VIOLATED)
fanout711/X                              10     21    -11 (VIOLATED)
fanout713/X                              10     21    -11 (VIOLATED)
fanout715/X                              10     21    -11 (VIOLATED)
fanout717/X                              10     21    -11 (VIOLATED)
fanout719/X                              10     21    -11 (VIOLATED)
fanout721/X                              10     21    -11 (VIOLATED)
fanout723/X                              10     21    -11 (VIOLATED)
fanout724/X                              10     21    -11 (VIOLATED)
fanout725/X                              10     21    -11 (VIOLATED)
fanout726/X                              10     21    -11 (VIOLATED)
fanout728/X                              10     21    -11 (VIOLATED)
fanout730/X                              10     21    -11 (VIOLATED)
fanout731/X                              10     21    -11 (VIOLATED)
fanout732/X                              10     21    -11 (VIOLATED)
fanout734/X                              10     21    -11 (VIOLATED)
fanout736/X                              10     21    -11 (VIOLATED)
fanout738/X                              10     21    -11 (VIOLATED)
fanout740/X                              10     21    -11 (VIOLATED)
fanout742/X                              10     21    -11 (VIOLATED)
fanout748/X                              10     21    -11 (VIOLATED)
fanout750/X                              10     21    -11 (VIOLATED)
fanout752/X                              10     21    -11 (VIOLATED)
fanout754/X                              10     21    -11 (VIOLATED)
fanout756/X                              10     21    -11 (VIOLATED)
fanout758/X                              10     21    -11 (VIOLATED)
fanout760/X                              10     21    -11 (VIOLATED)
fanout762/X                              10     21    -11 (VIOLATED)
fanout764/X                              10     21    -11 (VIOLATED)
fanout766/X                              10     21    -11 (VIOLATED)
fanout768/X                              10     21    -11 (VIOLATED)
fanout770/X                              10     21    -11 (VIOLATED)
fanout771/X                              10     21    -11 (VIOLATED)
fanout772/X                              10     21    -11 (VIOLATED)
fanout774/X                              10     21    -11 (VIOLATED)
fanout776/X                              10     21    -11 (VIOLATED)
fanout778/X                              10     21    -11 (VIOLATED)
fanout780/X                              10     21    -11 (VIOLATED)
fanout782/X                              10     21    -11 (VIOLATED)
fanout784/X                              10     21    -11 (VIOLATED)
fanout786/X                              10     21    -11 (VIOLATED)
fanout788/X                              10     21    -11 (VIOLATED)
fanout789/X                              10     21    -11 (VIOLATED)
fanout790/X                              10     21    -11 (VIOLATED)
fanout792/X                              10     21    -11 (VIOLATED)
fanout794/X                              10     21    -11 (VIOLATED)
fanout800/X                              10     21    -11 (VIOLATED)
fanout802/X                              10     21    -11 (VIOLATED)
fanout804/X                              10     21    -11 (VIOLATED)
fanout806/X                              10     21    -11 (VIOLATED)
fanout816/X                              10     21    -11 (VIOLATED)
fanout817/X                              10     21    -11 (VIOLATED)
fanout818/X                              10     21    -11 (VIOLATED)
fanout820/X                              10     21    -11 (VIOLATED)
fanout821/X                              10     21    -11 (VIOLATED)
fanout822/X                              10     21    -11 (VIOLATED)
fanout825/X                              10     21    -11 (VIOLATED)
fanout826/X                              10     21    -11 (VIOLATED)
fanout828/X                              10     21    -11 (VIOLATED)
fanout829/X                              10     21    -11 (VIOLATED)
fanout831/X                              10     21    -11 (VIOLATED)
fanout838/X                              10     21    -11 (VIOLATED)
fanout840/X                              10     21    -11 (VIOLATED)
fanout849/X                              10     21    -11 (VIOLATED)
fanout853/X                              10     21    -11 (VIOLATED)
fanout867/X                              10     21    -11 (VIOLATED)
fanout868/X                              10     21    -11 (VIOLATED)
fanout873/X                              10     21    -11 (VIOLATED)
fanout876/X                              10     21    -11 (VIOLATED)
fanout877/X                              10     21    -11 (VIOLATED)
fanout884/X                              10     21    -11 (VIOLATED)
fanout890/X                              10     21    -11 (VIOLATED)
fanout897/X                              10     21    -11 (VIOLATED)
fanout902/X                              10     21    -11 (VIOLATED)
fanout904/X                              10     21    -11 (VIOLATED)
fanout905/X                              10     21    -11 (VIOLATED)
fanout910/X                              10     21    -11 (VIOLATED)
fanout915/X                              10     21    -11 (VIOLATED)
fanout918/X                              10     21    -11 (VIOLATED)
fanout924/X                              10     21    -11 (VIOLATED)
fanout925/X                              10     21    -11 (VIOLATED)
fanout932/X                              10     21    -11 (VIOLATED)
clkbuf_leaf_93_clk/X                     10     20    -10 (VIOLATED)
_06515_/X                                10     19     -9 (VIOLATED)
_07249_/Y                                10     19     -9 (VIOLATED)
_07401_/X                                10     19     -9 (VIOLATED)
_07500_/Y                                10     19     -9 (VIOLATED)
_12461_/Q                                10     19     -9 (VIOLATED)
_12547_/Q                                10     19     -9 (VIOLATED)
_13735_/Q                                10     19     -9 (VIOLATED)
clkbuf_4_14__f_clk/X                     10     19     -9 (VIOLATED)
clkbuf_4_15__f_clk/X                     10     19     -9 (VIOLATED)
clkbuf_4_2__f_clk/X                      10     19     -9 (VIOLATED)
clkbuf_4_6__f_clk/X                      10     19     -9 (VIOLATED)
clkbuf_leaf_117_clk/X                    10     19     -9 (VIOLATED)
clkbuf_leaf_118_clk/X                    10     19     -9 (VIOLATED)
clkbuf_leaf_26_clk/X                     10     19     -9 (VIOLATED)
clkbuf_leaf_65_clk/X                     10     19     -9 (VIOLATED)
clkbuf_leaf_74_clk/X                     10     19     -9 (VIOLATED)
fanout1003/X                             10     19     -9 (VIOLATED)
fanout1116/X                             10     19     -9 (VIOLATED)
fanout305/X                              10     19     -9 (VIOLATED)
fanout379/X                              10     19     -9 (VIOLATED)
fanout387/X                              10     19     -9 (VIOLATED)
fanout415/X                              10     19     -9 (VIOLATED)
fanout443/X                              10     19     -9 (VIOLATED)
fanout455/X                              10     19     -9 (VIOLATED)
fanout502/X                              10     19     -9 (VIOLATED)
fanout534/X                              10     19     -9 (VIOLATED)
fanout553/X                              10     19     -9 (VIOLATED)
fanout577/X                              10     19     -9 (VIOLATED)
fanout597/X                              10     19     -9 (VIOLATED)
fanout601/X                              10     19     -9 (VIOLATED)
fanout605/X                              10     19     -9 (VIOLATED)
fanout609/X                              10     19     -9 (VIOLATED)
fanout652/X                              10     19     -9 (VIOLATED)
fanout656/X                              10     19     -9 (VIOLATED)
fanout672/X                              10     19     -9 (VIOLATED)
fanout676/X                              10     19     -9 (VIOLATED)
fanout692/X                              10     19     -9 (VIOLATED)
fanout704/X                              10     19     -9 (VIOLATED)
fanout735/X                              10     19     -9 (VIOLATED)
fanout759/X                              10     19     -9 (VIOLATED)
fanout761/X                              10     19     -9 (VIOLATED)
fanout823/X                              10     19     -9 (VIOLATED)
fanout848/X                              10     19     -9 (VIOLATED)
fanout893/X                              10     19     -9 (VIOLATED)
fanout985/X                              10     19     -9 (VIOLATED)
clkbuf_leaf_111_clk/X                    10     18     -8 (VIOLATED)
clkbuf_leaf_113_clk/X                    10     18     -8 (VIOLATED)
clkbuf_leaf_12_clk/X                     10     18     -8 (VIOLATED)
clkbuf_leaf_15_clk/X                     10     18     -8 (VIOLATED)
clkbuf_leaf_32_clk/X                     10     18     -8 (VIOLATED)
clkbuf_leaf_3_clk/X                      10     18     -8 (VIOLATED)
clkbuf_leaf_40_clk/X                     10     18     -8 (VIOLATED)
clkbuf_leaf_55_clk/X                     10     18     -8 (VIOLATED)
clkbuf_leaf_59_clk/X                     10     18     -8 (VIOLATED)
clkbuf_leaf_62_clk/X                     10     18     -8 (VIOLATED)
_06619_/Y                                10     17     -7 (VIOLATED)
_06951_/Y                                10     17     -7 (VIOLATED)
_07229_/Y                                10     17     -7 (VIOLATED)
_07311_/Y                                10     17     -7 (VIOLATED)
_07372_/Y                                10     17     -7 (VIOLATED)
_09139_/X                                10     17     -7 (VIOLATED)
_09407_/Y                                10     17     -7 (VIOLATED)
_09477_/X                                10     17     -7 (VIOLATED)
_09546_/Y                                10     17     -7 (VIOLATED)
_09617_/Y                                10     17     -7 (VIOLATED)
_09760_/X                                10     17     -7 (VIOLATED)
_09763_/X                                10     17     -7 (VIOLATED)
_12439_/Q                                10     17     -7 (VIOLATED)
_12457_/Q                                10     17     -7 (VIOLATED)
_12458_/Q                                10     17     -7 (VIOLATED)
_12459_/Q                                10     17     -7 (VIOLATED)
_12548_/Q                                10     17     -7 (VIOLATED)
_12558_/Q                                10     17     -7 (VIOLATED)
clkbuf_0_clk/X                           10     17     -7 (VIOLATED)
clkbuf_4_0__f_clk/X                      10     17     -7 (VIOLATED)
clkbuf_4_11__f_clk/X                     10     17     -7 (VIOLATED)
clkbuf_4_1__f_clk/X                      10     17     -7 (VIOLATED)
clkbuf_4_4__f_clk/X                      10     17     -7 (VIOLATED)
clkbuf_4_7__f_clk/X                      10     17     -7 (VIOLATED)
clkbuf_leaf_106_clk/X                    10     17     -7 (VIOLATED)
clkbuf_leaf_107_clk/X                    10     17     -7 (VIOLATED)
clkbuf_leaf_28_clk/X                     10     17     -7 (VIOLATED)
clkbuf_leaf_33_clk/X                     10     17     -7 (VIOLATED)
clkbuf_leaf_37_clk/X                     10     17     -7 (VIOLATED)
clkbuf_leaf_63_clk/X                     10     17     -7 (VIOLATED)
clkbuf_leaf_69_clk/X                     10     17     -7 (VIOLATED)
fanout1030/X                             10     17     -7 (VIOLATED)
fanout1067/X                             10     17     -7 (VIOLATED)
fanout423/X                              10     17     -7 (VIOLATED)
fanout427/X                              10     17     -7 (VIOLATED)
fanout435/X                              10     17     -7 (VIOLATED)
fanout471/X                              10     17     -7 (VIOLATED)
fanout482/X                              10     17     -7 (VIOLATED)
fanout490/X                              10     17     -7 (VIOLATED)
fanout514/X                              10     17     -7 (VIOLATED)
fanout541/X                              10     17     -7 (VIOLATED)
fanout557/X                              10     17     -7 (VIOLATED)
fanout589/X                              10     17     -7 (VIOLATED)
fanout624/X                              10     17     -7 (VIOLATED)
fanout632/X                              10     17     -7 (VIOLATED)
fanout660/X                              10     17     -7 (VIOLATED)
fanout664/X                              10     17     -7 (VIOLATED)
fanout668/X                              10     17     -7 (VIOLATED)
fanout696/X                              10     17     -7 (VIOLATED)
fanout712/X                              10     17     -7 (VIOLATED)
fanout727/X                              10     17     -7 (VIOLATED)
fanout739/X                              10     17     -7 (VIOLATED)
fanout749/X                              10     17     -7 (VIOLATED)
fanout757/X                              10     17     -7 (VIOLATED)
fanout777/X                              10     17     -7 (VIOLATED)
fanout779/X                              10     17     -7 (VIOLATED)
fanout889/X                              10     17     -7 (VIOLATED)
fanout928/X                              10     17     -7 (VIOLATED)
fanout969/X                              10     17     -7 (VIOLATED)
fanout978/X                              10     17     -7 (VIOLATED)
input34/X                                10     17     -7 (VIOLATED)
clkbuf_leaf_101_clk/X                    10     16     -6 (VIOLATED)
clkbuf_leaf_108_clk/X                    10     16     -6 (VIOLATED)
clkbuf_leaf_27_clk/X                     10     16     -6 (VIOLATED)
clkbuf_leaf_61_clk/X                     10     16     -6 (VIOLATED)
clkbuf_leaf_79_clk/X                     10     16     -6 (VIOLATED)
_06482_/Y                                10     15     -5 (VIOLATED)
_06802_/Y                                10     15     -5 (VIOLATED)
_06864_/Y                                10     15     -5 (VIOLATED)
_06992_/Y                                10     15     -5 (VIOLATED)
_07331_/Y                                10     15     -5 (VIOLATED)
_08255_/X                                10     15     -5 (VIOLATED)
_09145_/Y                                10     15     -5 (VIOLATED)
_09336_/X                                10     15     -5 (VIOLATED)
_09350_/X                                10     15     -5 (VIOLATED)
_09386_/X                                10     15     -5 (VIOLATED)
_09423_/X                                10     15     -5 (VIOLATED)
_09441_/Y                                10     15     -5 (VIOLATED)
_09526_/Y                                10     15     -5 (VIOLATED)
_09561_/Y                                10     15     -5 (VIOLATED)
_09578_/Y                                10     15     -5 (VIOLATED)
_09595_/Y                                10     15     -5 (VIOLATED)
_12407_/Q                                10     15     -5 (VIOLATED)
_12408_/Q                                10     15     -5 (VIOLATED)
_12409_/Q                                10     15     -5 (VIOLATED)
_12412_/Q                                10     15     -5 (VIOLATED)
_13619_/Q                                10     15     -5 (VIOLATED)
clkbuf_4_10__f_clk/X                     10     15     -5 (VIOLATED)
clkbuf_4_13__f_clk/X                     10     15     -5 (VIOLATED)
clkbuf_4_8__f_clk/X                      10     15     -5 (VIOLATED)
clkbuf_4_9__f_clk/X                      10     15     -5 (VIOLATED)
clkbuf_leaf_0_clk/X                      10     15     -5 (VIOLATED)
clkbuf_leaf_105_clk/X                    10     15     -5 (VIOLATED)
clkbuf_leaf_10_clk/X                     10     15     -5 (VIOLATED)
clkbuf_leaf_120_clk/X                    10     15     -5 (VIOLATED)
clkbuf_leaf_2_clk/X                      10     15     -5 (VIOLATED)
clkbuf_leaf_31_clk/X                     10     15     -5 (VIOLATED)
clkbuf_leaf_34_clk/X                     10     15     -5 (VIOLATED)
clkbuf_leaf_47_clk/X                     10     15     -5 (VIOLATED)
clkbuf_leaf_60_clk/X                     10     15     -5 (VIOLATED)
clkbuf_leaf_6_clk/X                      10     15     -5 (VIOLATED)
clkbuf_leaf_88_clk/X                     10     15     -5 (VIOLATED)
fanout1009/X                             10     15     -5 (VIOLATED)
fanout1034/X                             10     15     -5 (VIOLATED)
fanout1049/X                             10     15     -5 (VIOLATED)
fanout1081/X                             10     15     -5 (VIOLATED)
fanout1090/X                             10     15     -5 (VIOLATED)
fanout134/X                              10     15     -5 (VIOLATED)
fanout190/X                              10     15     -5 (VIOLATED)
fanout299/X                              10     15     -5 (VIOLATED)
fanout323/X                              10     15     -5 (VIOLATED)
fanout326/X                              10     15     -5 (VIOLATED)
fanout362/X                              10     15     -5 (VIOLATED)
fanout373/X                              10     15     -5 (VIOLATED)
fanout375/X                              10     15     -5 (VIOLATED)
fanout383/X                              10     15     -5 (VIOLATED)
fanout391/X                              10     15     -5 (VIOLATED)
fanout419/X                              10     15     -5 (VIOLATED)
fanout425/X                              10     15     -5 (VIOLATED)
fanout429/X                              10     15     -5 (VIOLATED)
fanout439/X                              10     15     -5 (VIOLATED)
fanout451/X                              10     15     -5 (VIOLATED)
fanout460/X                              10     15     -5 (VIOLATED)
fanout466/X                              10     15     -5 (VIOLATED)
fanout486/X                              10     15     -5 (VIOLATED)
fanout492/X                              10     15     -5 (VIOLATED)
fanout506/X                              10     15     -5 (VIOLATED)
fanout510/X                              10     15     -5 (VIOLATED)
fanout516/X                              10     15     -5 (VIOLATED)
fanout518/X                              10     15     -5 (VIOLATED)
fanout524/X                              10     15     -5 (VIOLATED)
fanout545/X                              10     15     -5 (VIOLATED)
fanout549/X                              10     15     -5 (VIOLATED)
fanout561/X                              10     15     -5 (VIOLATED)
fanout569/X                              10     15     -5 (VIOLATED)
fanout573/X                              10     15     -5 (VIOLATED)
fanout581/X                              10     15     -5 (VIOLATED)
fanout591/X                              10     15     -5 (VIOLATED)
fanout593/X                              10     15     -5 (VIOLATED)
fanout626/X                              10     15     -5 (VIOLATED)
fanout634/X                              10     15     -5 (VIOLATED)
fanout636/X                              10     15     -5 (VIOLATED)
fanout640/X                              10     15     -5 (VIOLATED)
fanout644/X                              10     15     -5 (VIOLATED)
fanout648/X                              10     15     -5 (VIOLATED)
fanout662/X                              10     15     -5 (VIOLATED)
fanout666/X                              10     15     -5 (VIOLATED)
fanout680/X                              10     15     -5 (VIOLATED)
fanout684/X                              10     15     -5 (VIOLATED)
fanout688/X                              10     15     -5 (VIOLATED)
fanout720/X                              10     15     -5 (VIOLATED)
fanout741/X                              10     15     -5 (VIOLATED)
fanout751/X                              10     15     -5 (VIOLATED)
fanout765/X                              10     15     -5 (VIOLATED)
fanout767/X                              10     15     -5 (VIOLATED)
fanout785/X                              10     15     -5 (VIOLATED)
fanout793/X                              10     15     -5 (VIOLATED)
fanout801/X                              10     15     -5 (VIOLATED)
fanout805/X                              10     15     -5 (VIOLATED)
fanout895/X                              10     15     -5 (VIOLATED)
fanout901/X                              10     15     -5 (VIOLATED)
fanout917/X                              10     15     -5 (VIOLATED)
fanout958/X                              10     15     -5 (VIOLATED)
fanout982/X                              10     15     -5 (VIOLATED)
clkbuf_leaf_114_clk/X                    10     14     -4 (VIOLATED)
clkbuf_leaf_16_clk/X                     10     14     -4 (VIOLATED)
clkbuf_leaf_23_clk/X                     10     14     -4 (VIOLATED)
clkbuf_leaf_24_clk/X                     10     14     -4 (VIOLATED)
clkbuf_leaf_25_clk/X                     10     14     -4 (VIOLATED)
clkbuf_leaf_44_clk/X                     10     14     -4 (VIOLATED)
clkbuf_leaf_49_clk/X                     10     14     -4 (VIOLATED)
clkbuf_leaf_64_clk/X                     10     14     -4 (VIOLATED)
_06691_/Y                                10     13     -3 (VIOLATED)
_06761_/Y                                10     13     -3 (VIOLATED)
_06886_/Y                                10     13     -3 (VIOLATED)
_06973_/Y                                10     13     -3 (VIOLATED)
_07015_/Y                                10     13     -3 (VIOLATED)
_07058_/Y                                10     13     -3 (VIOLATED)
_07127_/Y                                10     13     -3 (VIOLATED)
_07147_/Y                                10     13     -3 (VIOLATED)
_07167_/Y                                10     13     -3 (VIOLATED)
_07208_/Y                                10     13     -3 (VIOLATED)
_07351_/Y                                10     13     -3 (VIOLATED)
_07400_/X                                10     13     -3 (VIOLATED)
_07498_/X                                10     13     -3 (VIOLATED)
_07551_/Y                                10     13     -3 (VIOLATED)
_09118_/X                                10     13     -3 (VIOLATED)
_09316_/Y                                10     13     -3 (VIOLATED)
_09459_/Y                                10     13     -3 (VIOLATED)
_09492_/Y                                10     13     -3 (VIOLATED)
_11186_/Y                                10     13     -3 (VIOLATED)
_12406_/Q                                10     13     -3 (VIOLATED)
_12410_/Q                                10     13     -3 (VIOLATED)
_12414_/Q                                10     13     -3 (VIOLATED)
_12415_/Q                                10     13     -3 (VIOLATED)
_12421_/Q                                10     13     -3 (VIOLATED)
_12456_/Q                                10     13     -3 (VIOLATED)
_12463_/Q                                10     13     -3 (VIOLATED)
clkbuf_4_12__f_clk/X                     10     13     -3 (VIOLATED)
clkbuf_4_5__f_clk/X                      10     13     -3 (VIOLATED)
clkbuf_leaf_11_clk/X                     10     13     -3 (VIOLATED)
clkbuf_leaf_13_clk/X                     10     13     -3 (VIOLATED)
clkbuf_leaf_14_clk/X                     10     13     -3 (VIOLATED)
clkbuf_leaf_20_clk/X                     10     13     -3 (VIOLATED)
clkbuf_leaf_22_clk/X                     10     13     -3 (VIOLATED)
clkbuf_leaf_29_clk/X                     10     13     -3 (VIOLATED)
clkbuf_leaf_35_clk/X                     10     13     -3 (VIOLATED)
clkbuf_leaf_4_clk/X                      10     13     -3 (VIOLATED)
clkbuf_leaf_56_clk/X                     10     13     -3 (VIOLATED)
clkbuf_leaf_70_clk/X                     10     13     -3 (VIOLATED)
fanout1019/X                             10     13     -3 (VIOLATED)
fanout1021/X                             10     13     -3 (VIOLATED)
fanout1050/X                             10     13     -3 (VIOLATED)
fanout1058/X                             10     13     -3 (VIOLATED)
fanout1072/X                             10     13     -3 (VIOLATED)
fanout1099/X                             10     13     -3 (VIOLATED)
fanout1120/X                             10     13     -3 (VIOLATED)
fanout146/X                              10     13     -3 (VIOLATED)
fanout211/X                              10     13     -3 (VIOLATED)
fanout215/X                              10     13     -3 (VIOLATED)
fanout260/X                              10     13     -3 (VIOLATED)
fanout264/X                              10     13     -3 (VIOLATED)
fanout312/X                              10     13     -3 (VIOLATED)
fanout371/X                              10     13     -3 (VIOLATED)
fanout381/X                              10     13     -3 (VIOLATED)
fanout389/X                              10     13     -3 (VIOLATED)
fanout397/X                              10     13     -3 (VIOLATED)
fanout411/X                              10     13     -3 (VIOLATED)
fanout413/X                              10     13     -3 (VIOLATED)
fanout417/X                              10     13     -3 (VIOLATED)
fanout445/X                              10     13     -3 (VIOLATED)
fanout447/X                              10     13     -3 (VIOLATED)
fanout449/X                              10     13     -3 (VIOLATED)
fanout467/X                              10     13     -3 (VIOLATED)
fanout484/X                              10     13     -3 (VIOLATED)
fanout494/X                              10     13     -3 (VIOLATED)
fanout496/X                              10     13     -3 (VIOLATED)
fanout504/X                              10     13     -3 (VIOLATED)
fanout512/X                              10     13     -3 (VIOLATED)
fanout551/X                              10     13     -3 (VIOLATED)
fanout555/X                              10     13     -3 (VIOLATED)
fanout571/X                              10     13     -3 (VIOLATED)
fanout575/X                              10     13     -3 (VIOLATED)
fanout579/X                              10     13     -3 (VIOLATED)
fanout583/X                              10     13     -3 (VIOLATED)
fanout599/X                              10     13     -3 (VIOLATED)
fanout603/X                              10     13     -3 (VIOLATED)
fanout607/X                              10     13     -3 (VIOLATED)
fanout611/X                              10     13     -3 (VIOLATED)
fanout638/X                              10     13     -3 (VIOLATED)
fanout654/X                              10     13     -3 (VIOLATED)
fanout658/X                              10     13     -3 (VIOLATED)
fanout674/X                              10     13     -3 (VIOLATED)
fanout678/X                              10     13     -3 (VIOLATED)
fanout690/X                              10     13     -3 (VIOLATED)
fanout694/X                              10     13     -3 (VIOLATED)
fanout700/X                              10     13     -3 (VIOLATED)
fanout702/X                              10     13     -3 (VIOLATED)
fanout706/X                              10     13     -3 (VIOLATED)
fanout716/X                              10     13     -3 (VIOLATED)
fanout718/X                              10     13     -3 (VIOLATED)
fanout737/X                              10     13     -3 (VIOLATED)
fanout763/X                              10     13     -3 (VIOLATED)
fanout781/X                              10     13     -3 (VIOLATED)
fanout833/X                              10     13     -3 (VIOLATED)
fanout891/X                              10     13     -3 (VIOLATED)
fanout919/X                              10     13     -3 (VIOLATED)
fanout937/X                              10     13     -3 (VIOLATED)
fanout950/X                              10     13     -3 (VIOLATED)
fanout960/X                              10     13     -3 (VIOLATED)
clkbuf_leaf_104_clk/X                    10     12     -2 (VIOLATED)
clkbuf_leaf_110_clk/X                    10     12     -2 (VIOLATED)
clkbuf_leaf_112_clk/X                    10     12     -2 (VIOLATED)
clkbuf_leaf_38_clk/X                     10     12     -2 (VIOLATED)
clkbuf_leaf_39_clk/X                     10     12     -2 (VIOLATED)
clkbuf_leaf_45_clk/X                     10     12     -2 (VIOLATED)
clkbuf_leaf_7_clk/X                      10     12     -2 (VIOLATED)
clkbuf_leaf_92_clk/X                     10     12     -2 (VIOLATED)
clkbuf_leaf_9_clk/X                      10     12     -2 (VIOLATED)
_06314_/X                                10     11        (VIOLATED)
_06483_/X                                10     11        (VIOLATED)
_06526_/X                                10     11        (VIOLATED)
_06616_/Y                                10     11        (VIOLATED)
_06739_/X                                10     11        (VIOLATED)
_06824_/Y                                10     11        (VIOLATED)
_06907_/Y                                10     11        (VIOLATED)
_06930_/Y                                10     11        (VIOLATED)
_06972_/Y                                10     11        (VIOLATED)
_07036_/Y                                10     11        (VIOLATED)
_07105_/Y                                10     11        (VIOLATED)
_07631_/Y                                10     11        (VIOLATED)
_07658_/X                                10     11        (VIOLATED)
_08063_/X                                10     11        (VIOLATED)
_08162_/X                                10     11        (VIOLATED)
_09371_/X                                10     11        (VIOLATED)
_11045_/X                                10     11        (VIOLATED)
_12405_/Q                                10     11        (VIOLATED)
_12413_/Q                                10     11        (VIOLATED)
_12416_/Q                                10     11        (VIOLATED)
_12417_/Q                                10     11        (VIOLATED)
_12419_/Q                                10     11        (VIOLATED)
_12422_/Q                                10     11        (VIOLATED)
_12448_/Q                                10     11        (VIOLATED)
_12454_/Q                                10     11        (VIOLATED)
_12467_/Q                                10     11        (VIOLATED)
clkbuf_leaf_102_clk/X                    10     11        (VIOLATED)
clkbuf_leaf_18_clk/X                     10     11        (VIOLATED)
clkbuf_leaf_19_clk/X                     10     11        (VIOLATED)
clkbuf_leaf_21_clk/X                     10     11        (VIOLATED)
clkbuf_leaf_5_clk/X                      10     11        (VIOLATED)
clkbuf_leaf_66_clk/X                     10     11        (VIOLATED)
clkbuf_leaf_67_clk/X                     10     11        (VIOLATED)
clkbuf_leaf_95_clk/X                     10     11        (VIOLATED)
fanout1006/X                             10     11        (VIOLATED)
fanout1020/X                             10     11        (VIOLATED)
fanout1044/X                             10     11        (VIOLATED)
fanout1073/X                             10     11        (VIOLATED)
fanout1091/X                             10     11        (VIOLATED)
fanout1111/X                             10     11        (VIOLATED)
fanout1121/X                             10     11        (VIOLATED)
fanout138/X                              10     11        (VIOLATED)
fanout247/X                              10     11        (VIOLATED)
fanout292/X                              10     11        (VIOLATED)
fanout316/X                              10     11        (VIOLATED)
fanout377/X                              10     11        (VIOLATED)
fanout385/X                              10     11        (VIOLATED)
fanout393/X                              10     11        (VIOLATED)
fanout409/X                              10     11        (VIOLATED)
fanout421/X                              10     11        (VIOLATED)
fanout433/X                              10     11        (VIOLATED)
fanout437/X                              10     11        (VIOLATED)
fanout441/X                              10     11        (VIOLATED)
fanout453/X                              10     11        (VIOLATED)
fanout488/X                              10     11        (VIOLATED)
fanout500/X                              10     11        (VIOLATED)
fanout508/X                              10     11        (VIOLATED)
fanout520/X                              10     11        (VIOLATED)
fanout522/X                              10     11        (VIOLATED)
fanout528/X                              10     11        (VIOLATED)
fanout532/X                              10     11        (VIOLATED)
fanout536/X                              10     11        (VIOLATED)
fanout543/X                              10     11        (VIOLATED)
fanout547/X                              10     11        (VIOLATED)
fanout559/X                              10     11        (VIOLATED)
fanout563/X                              10     11        (VIOLATED)
fanout567/X                              10     11        (VIOLATED)
fanout587/X                              10     11        (VIOLATED)
fanout595/X                              10     11        (VIOLATED)
fanout630/X                              10     11        (VIOLATED)
fanout642/X                              10     11        (VIOLATED)
fanout646/X                              10     11        (VIOLATED)
fanout650/X                              10     11        (VIOLATED)
fanout670/X                              10     11        (VIOLATED)
fanout682/X                              10     11        (VIOLATED)
fanout686/X                              10     11        (VIOLATED)
fanout698/X                              10     11        (VIOLATED)
fanout710/X                              10     11        (VIOLATED)
fanout714/X                              10     11        (VIOLATED)
fanout722/X                              10     11        (VIOLATED)
fanout729/X                              10     11        (VIOLATED)
fanout733/X                              10     11        (VIOLATED)
fanout753/X                              10     11        (VIOLATED)
fanout755/X                              10     11        (VIOLATED)
fanout769/X                              10     11        (VIOLATED)
fanout773/X                              10     11        (VIOLATED)
fanout775/X                              10     11        (VIOLATED)
fanout783/X                              10     11        (VIOLATED)
fanout787/X                              10     11        (VIOLATED)
fanout791/X                              10     11        (VIOLATED)
fanout795/X                              10     11        (VIOLATED)
fanout803/X                              10     11        (VIOLATED)
fanout807/X                              10     11        (VIOLATED)
fanout827/X                              10     11        (VIOLATED)
fanout839/X                              10     11        (VIOLATED)
fanout886/X                              10     11        (VIOLATED)
fanout899/X                              10     11        (VIOLATED)
fanout942/X                              10     11        (VIOLATED)
fanout993/X                              10     11        (VIOLATED)
fanout994/X                              10     11        (VIOLATED)
max_cap342/X                             10     11        (VIOLATED)
max_cap353/X                             10     11        (VIOLATED)
wire354/X                                10     11        (VIOLATED)



===========================================================================
report_parasitic_annotation -report_unannotated
============================================================================
Found 156 unannotated drivers.
 gpio_in[0]
 gpio_in[10]
 gpio_in[11]
 gpio_in[12]
 gpio_in[13]
 gpio_in[14]
 gpio_in[19]
 gpio_in[1]
 gpio_in[20]
 gpio_in[21]
 gpio_in[22]
 gpio_in[23]
 gpio_in[24]
 gpio_in[25]
 gpio_in[26]
 gpio_in[27]
 gpio_in[28]
 gpio_in[29]
 gpio_in[2]
 gpio_in[30]
 gpio_in[31]
 gpio_in[3]
 gpio_in[4]
 gpio_in[5]
 gpio_in[6]
 gpio_in[7]
 gpio_in[8]
 gpio_in[9]
 _13861__1122/HI
 _13862__1123/HI
 _13863__1124/HI
 _13864__1125/HI
 _13865__1126/HI
 _13867__1127/HI
 _13868__1128/HI
 _13869__1129/HI
 _13870__1130/HI
 _13871__1131/HI
 _13872__1132/HI
 _13873__1133/HI
 _13874__1134/HI
 _13875__1135/HI
 _13876__1136/HI
 _13877__1137/HI
 _13878__1138/HI
 _13879__1139/HI
 clkload0/Y
 clkload1/Y
 clkload10/Y
 clkload100/X
 clkload101/Y
 clkload102/Y
 clkload103/Y
 clkload104/Y
 clkload105/Y
 clkload106/Y
 clkload107/Y
 clkload108/Y
 clkload109/Y
 clkload11/Y
 clkload12/Y
 clkload13/Y
 clkload14/Y
 clkload15/Y
 clkload16/Y
 clkload17/Y
 clkload18/Y
 clkload19/Y
 clkload2/Y
 clkload20/Y
 clkload21/Y
 clkload22/Y
 clkload23/Y
 clkload24/Y
 clkload25/Y
 clkload26/Y
 clkload27/Y
 clkload28/Y
 clkload29/X
 clkload3/Y
 clkload30/Y
 clkload31/Y
 clkload32/Y
 clkload33/Y
 clkload34/Y
 clkload35/Y
 clkload36/Y
 clkload37/Y
 clkload38/Y
 clkload39/Y
 clkload4/Y
 clkload40/Y
 clkload41/Y
 clkload42/Y
 clkload43/X
 clkload44/Y
 clkload45/Y
 clkload46/Y
 clkload47/Y
 clkload48/Y
 clkload49/Y
 clkload5/Y
 clkload50/Y
 clkload51/Y
 clkload52/Y
 clkload53/Y
 clkload54/Y
 clkload55/Y
 clkload56/Y
 clkload57/Y
 clkload58/Y
 clkload59/X
 clkload6/Y
 clkload60/Y
 clkload61/Y
 clkload62/X
 clkload63/Y
 clkload64/Y
 clkload65/Y
 clkload66/Y
 clkload67/Y
 clkload68/Y
 clkload69/X
 clkload7/Y
 clkload70/Y
 clkload71/Y
 clkload72/X
 clkload73/Y
 clkload74/Y
 clkload75/Y
 clkload76/Y
 clkload77/Y
 clkload78/Y
 clkload79/Y
 clkload8/X
 clkload80/Y
 clkload81/Y
 clkload82/Y
 clkload83/Y
 clkload84/Y
 clkload85/Y
 clkload86/Y
 clkload87/Y
 clkload88/Y
 clkload89/Y
 clkload9/Y
 clkload90/Y
 clkload91/Y
 clkload92/Y
 clkload93/Y
 clkload94/X
 clkload95/Y
 clkload96/Y
 clkload97/Y
 clkload98/Y
 clkload99/X
Found 0 partially unannotated drivers.

===========================================================================
max slew violation count 0
max fanout violation count 735
max cap violation count 0
============================================================================

===========================================================================
check_setup -verbose -unconstrained_endpoints -multiple_clock -no_clock -no_input_delay -loops -generated_clocks
===========================================================================
Warning: There are 18 unconstrained endpoints.
  gpio_out[15]
  gpio_out[16]
  gpio_out[17]
  gpio_out[18]
  gpio_out[1]
  gpio_out[23]
  gpio_out[24]
  gpio_out[25]
  gpio_out[26]
  gpio_out[27]
  gpio_out[28]
  gpio_out[29]
  gpio_out[2]
  gpio_out[30]
  gpio_out[31]
  gpio_out[3]
  gpio_out[4]
  gpio_out[5]
