
===========================================================================
report_checks -unconstrained
===========================================================================
======================= min_ff_n40C_1v95 Corner ===================================

Startpoint: gpio_in[0] (input port clocked by wb_clk_i)
Endpoint: _9155_ (recovery check against rising-edge clock wb_clk_i)
Path Group: asynchronous
Path Type: max

Fanout         Cap        Slew       Delay        Time   Description
---------------------------------------------------------------------------------------------
                                  0.000000    0.000000   clock wb_clk_i (rise edge)
                                  0.000000    0.000000   clock network delay (propagated)
                                 20.000000   20.000000 ^ input external delay
     2    0.004258    0.019129    0.011047   20.011047 ^ gpio_in[0] (in)
                                                         gpio_in[0] (net)
                      0.019129    0.000000   20.011047 ^ input1/A (sky130_fd_sc_hd__clkbuf_2)
     2    0.026192    0.112629    0.119474   20.130522 ^ input1/X (sky130_fd_sc_hd__clkbuf_2)
                                                         net1 (net)
                      0.112738    0.002833   20.133354 ^ fanout328/A (sky130_fd_sc_hd__clkbuf_8)
    14    0.112443    0.151199    0.187004   20.320360 ^ fanout328/X (sky130_fd_sc_hd__clkbuf_8)
                                                         net328 (net)
                      0.153109    0.013589   20.333948 ^ fanout306/A (sky130_fd_sc_hd__clkbuf_4)
    12    0.074685    0.171971    0.216403   20.550352 ^ fanout306/X (sky130_fd_sc_hd__clkbuf_4)
                                                         net306 (net)
                      0.172089    0.003714   20.554066 ^ fanout303/A (sky130_fd_sc_hd__clkbuf_2)
     5    0.026856    0.115892    0.151971   20.706038 ^ fanout303/X (sky130_fd_sc_hd__clkbuf_2)
                                                         net303 (net)
                      0.115892    0.000068   20.706104 ^ fanout302/A (sky130_fd_sc_hd__clkbuf_4)
    20    0.063260    0.146711    0.192381   20.898485 ^ fanout302/X (sky130_fd_sc_hd__clkbuf_4)
                                                         net302 (net)
                      0.146711    0.000137   20.898623 ^ fanout301/A (sky130_fd_sc_hd__clkbuf_4)
    10    0.050859    0.120292    0.181018   21.079639 ^ fanout301/X (sky130_fd_sc_hd__clkbuf_4)
                                                         net301 (net)
                      0.120301    0.001180   21.080820 ^ _9155_/SET_B (sky130_fd_sc_hd__dfstp_1)
                                             21.080820   data arrival time

                                100.000000  100.000000   clock wb_clk_i (rise edge)
                                  0.000000  100.000000   clock source latency
     2    0.063103    0.215330    0.151978  100.151978 ^ wb_clk_i (in)
                                                         wb_clk_i (net)
                      0.215863    0.000000  100.151978 ^ clkbuf_0_wb_clk_i/A (sky130_fd_sc_hd__clkbuf_16)
    16    0.137319    0.116938    0.186816  100.338791 ^ clkbuf_0_wb_clk_i/X (sky130_fd_sc_hd__clkbuf_16)
                                                         clknet_0_wb_clk_i (net)
                      0.117042    0.002821  100.341614 ^ clkbuf_3_3_0_wb_clk_i/A (sky130_fd_sc_hd__clkbuf_8)
    12    0.066630    0.094302    0.153882  100.495491 ^ clkbuf_3_3_0_wb_clk_i/X (sky130_fd_sc_hd__clkbuf_8)
                                                         clknet_3_3_0_wb_clk_i (net)
                      0.094302    0.000306  100.495796 ^ clkbuf_leaf_12_wb_clk_i/A (sky130_fd_sc_hd__clkbuf_8)
     8    0.027002    0.046095    0.112443  100.608246 ^ clkbuf_leaf_12_wb_clk_i/X (sky130_fd_sc_hd__clkbuf_8)
                                                         clknet_leaf_12_wb_clk_i (net)
                      0.046095    0.000128  100.608368 ^ _9155_/CLK (sky130_fd_sc_hd__dfstp_1)
                                 -0.250000  100.358376   clock uncertainty
                                  0.000000  100.358376   clock reconvergence pessimism
                                  0.089061  100.447433   library recovery time
                                            100.447433   data required time
---------------------------------------------------------------------------------------------
                                            100.447433   data required time
                                            -21.080820   data arrival time
---------------------------------------------------------------------------------------------
                                             79.366615   slack (MET)


Startpoint: wbs_adr_i[0] (input port clocked by wb_clk_i)
Endpoint: wbs_dat_o[12] (output port clocked by wb_clk_i)
Path Group: wb_clk_i
Path Type: max

Fanout         Cap        Slew       Delay        Time   Description
---------------------------------------------------------------------------------------------
                                  0.000000    0.000000   clock wb_clk_i (rise edge)
                                  0.000000    0.000000   clock network delay (propagated)
                                 20.000000   20.000000 v input external delay
     2    0.003326    0.005501    0.002725   20.002726 v wbs_adr_i[0] (in)
                                                         wbs_adr_i[0] (net)
                      0.005501    0.000000   20.002726 v input5/A (sky130_fd_sc_hd__buf_2)
     2    0.064264    0.107698    0.135822   20.138548 v input5/X (sky130_fd_sc_hd__buf_2)
                                                         net5 (net)
                      0.110339    0.013433   20.151979 v _4432_/B (sky130_fd_sc_hd__or4_1)
     1    0.001815    0.048947    0.294023   20.446003 v _4432_/X (sky130_fd_sc_hd__or4_1)
                                                         _0471_ (net)
                      0.048947    0.000007   20.446011 v _4435_/B (sky130_fd_sc_hd__or4_1)
     1    0.007704    0.074535    0.313177   20.759188 v _4435_/X (sky130_fd_sc_hd__or4_1)
                                                         _0474_ (net)
                      0.074535    0.000238   20.759424 v _4441_/A (sky130_fd_sc_hd__or4_4)
     6    0.091013    0.142073    0.443295   21.202721 v _4441_/X (sky130_fd_sc_hd__or4_4)
                                                         net88 (net)
                      0.142073    0.000833   21.203554 v fanout201/A (sky130_fd_sc_hd__dlymetal6s2s_1)
     5    0.020656    0.079244    0.174653   21.378206 v fanout201/X (sky130_fd_sc_hd__dlymetal6s2s_1)
                                                         net201 (net)
                      0.079244    0.000147   21.378353 v fanout200/A (sky130_fd_sc_hd__buf_2)
    20    0.056850    0.094766    0.163768   21.542122 v fanout200/X (sky130_fd_sc_hd__buf_2)
                                                         net200 (net)
                      0.094769    0.000691   21.542812 v _9516_/A (sky130_fd_sc_hd__clkbuf_1)
     1    0.002531    0.019114    0.078650   21.621462 v _9516_/X (sky130_fd_sc_hd__clkbuf_1)
                                                         net73 (net)
                      0.019114    0.000023   21.621485 v output73/A (sky130_fd_sc_hd__clkbuf_4)
     1    0.034580    0.056855    0.118678   21.740164 v output73/X (sky130_fd_sc_hd__clkbuf_4)
                                                         wbs_dat_o[12] (net)
                      0.056857    0.000428   21.740593 v wbs_dat_o[12] (out)
                                             21.740593   data arrival time

                                100.000000  100.000000   clock wb_clk_i (rise edge)
                                  0.000000  100.000000   clock network delay (propagated)
                                 -0.250000   99.750000   clock uncertainty
                                  0.000000   99.750000   clock reconvergence pessimism
                                -20.000000   79.750000   output external delay
                                             79.750000   data required time
---------------------------------------------------------------------------------------------
                                             79.750000   data required time
                                            -21.740593   data arrival time
---------------------------------------------------------------------------------------------
                                             58.009407   slack (MET)




===========================================================================
report_checks --slack_max -0.01
============================================================================
======================= min_ff_n40C_1v95 Corner ===================================

No paths found.


===========================================================================
 report_check_types -max_slew -max_cap -max_fanout -violators
============================================================================
======================= min_ff_n40C_1v95 Corner ===================================

max fanout

Pin                                   Limit Fanout  Slack
---------------------------------------------------------
clkbuf_leaf_3_wb_clk_i/X                 10     28    -18 (VIOLATED)
clkbuf_leaf_2_wb_clk_i/X                 10     26    -16 (VIOLATED)
clkbuf_leaf_39_wb_clk_i/X                10     26    -16 (VIOLATED)
clkbuf_3_0_0_wb_clk_i/X                  10     24    -14 (VIOLATED)
clkbuf_3_2_0_wb_clk_i/X                  10     22    -12 (VIOLATED)
_4381_/Y                                 10     20    -10 (VIOLATED)
_4564_/Y                                 10     20    -10 (VIOLATED)
_4712_/Y                                 10     20    -10 (VIOLATED)
_4733_/Y                                 10     20    -10 (VIOLATED)
_4737_/X                                 10     20    -10 (VIOLATED)
_4748_/X                                 10     20    -10 (VIOLATED)
_4756_/Y                                 10     20    -10 (VIOLATED)
_4876_/Y                                 10     20    -10 (VIOLATED)
_4880_/Y                                 10     20    -10 (VIOLATED)
_4893_/Y                                 10     20    -10 (VIOLATED)
_4903_/X                                 10     20    -10 (VIOLATED)
_8064_/Y                                 10     20    -10 (VIOLATED)
_9198_/Q                                 10     20    -10 (VIOLATED)
_9199_/Q                                 10     20    -10 (VIOLATED)
_9215_/Q                                 10     20    -10 (VIOLATED)
fanout100/X                              10     20    -10 (VIOLATED)
fanout101/X                              10     20    -10 (VIOLATED)
fanout102/X                              10     20    -10 (VIOLATED)
fanout105/X                              10     20    -10 (VIOLATED)
fanout106/X                              10     20    -10 (VIOLATED)
fanout109/X                              10     20    -10 (VIOLATED)
fanout111/X                              10     20    -10 (VIOLATED)
fanout115/X                              10     20    -10 (VIOLATED)
fanout117/X                              10     20    -10 (VIOLATED)
fanout121/X                              10     20    -10 (VIOLATED)
fanout124/X                              10     20    -10 (VIOLATED)
fanout126/X                              10     20    -10 (VIOLATED)
fanout127/X                              10     20    -10 (VIOLATED)
fanout129/X                              10     20    -10 (VIOLATED)
fanout130/X                              10     20    -10 (VIOLATED)
fanout132/X                              10     20    -10 (VIOLATED)
fanout133/X                              10     20    -10 (VIOLATED)
fanout134/X                              10     20    -10 (VIOLATED)
fanout135/X                              10     20    -10 (VIOLATED)
fanout136/X                              10     20    -10 (VIOLATED)
fanout137/X                              10     20    -10 (VIOLATED)
fanout138/X                              10     20    -10 (VIOLATED)
fanout146/X                              10     20    -10 (VIOLATED)
fanout147/X                              10     20    -10 (VIOLATED)
fanout148/X                              10     20    -10 (VIOLATED)
fanout152/X                              10     20    -10 (VIOLATED)
fanout153/X                              10     20    -10 (VIOLATED)
fanout154/X                              10     20    -10 (VIOLATED)
fanout155/X                              10     20    -10 (VIOLATED)
fanout158/X                              10     20    -10 (VIOLATED)
fanout162/X                              10     20    -10 (VIOLATED)
fanout165/X                              10     20    -10 (VIOLATED)
fanout167/X                              10     20    -10 (VIOLATED)
fanout171/X                              10     20    -10 (VIOLATED)
fanout175/X                              10     20    -10 (VIOLATED)
fanout176/X                              10     20    -10 (VIOLATED)
fanout187/X                              10     20    -10 (VIOLATED)
fanout188/X                              10     20    -10 (VIOLATED)
fanout189/X                              10     20    -10 (VIOLATED)
fanout190/X                              10     20    -10 (VIOLATED)
fanout192/X                              10     20    -10 (VIOLATED)
fanout194/X                              10     20    -10 (VIOLATED)
fanout200/X                              10     20    -10 (VIOLATED)
fanout207/X                              10     20    -10 (VIOLATED)
fanout209/X                              10     20    -10 (VIOLATED)
fanout210/X                              10     20    -10 (VIOLATED)
fanout213/X                              10     20    -10 (VIOLATED)
fanout214/X                              10     20    -10 (VIOLATED)
fanout216/X                              10     20    -10 (VIOLATED)
fanout218/X                              10     20    -10 (VIOLATED)
fanout222/X                              10     20    -10 (VIOLATED)
fanout224/X                              10     20    -10 (VIOLATED)
fanout236/X                              10     20    -10 (VIOLATED)
fanout239/X                              10     20    -10 (VIOLATED)
fanout240/X                              10     20    -10 (VIOLATED)
fanout243/X                              10     20    -10 (VIOLATED)
fanout245/X                              10     20    -10 (VIOLATED)
fanout246/X                              10     20    -10 (VIOLATED)
fanout248/X                              10     20    -10 (VIOLATED)
fanout250/X                              10     20    -10 (VIOLATED)
fanout251/X                              10     20    -10 (VIOLATED)
fanout253/X                              10     20    -10 (VIOLATED)
fanout255/X                              10     20    -10 (VIOLATED)
fanout257/X                              10     20    -10 (VIOLATED)
fanout259/X                              10     20    -10 (VIOLATED)
fanout261/X                              10     20    -10 (VIOLATED)
fanout265/X                              10     20    -10 (VIOLATED)
fanout275/X                              10     20    -10 (VIOLATED)
fanout276/X                              10     20    -10 (VIOLATED)
fanout277/X                              10     20    -10 (VIOLATED)
fanout279/X                              10     20    -10 (VIOLATED)
fanout283/X                              10     20    -10 (VIOLATED)
fanout294/X                              10     20    -10 (VIOLATED)
fanout302/X                              10     20    -10 (VIOLATED)
fanout307/X                              10     20    -10 (VIOLATED)
fanout315/X                              10     20    -10 (VIOLATED)
fanout320/X                              10     20    -10 (VIOLATED)
fanout322/X                              10     20    -10 (VIOLATED)
fanout94/X                               10     20    -10 (VIOLATED)
fanout95/X                               10     20    -10 (VIOLATED)
fanout96/X                               10     20    -10 (VIOLATED)
fanout97/X                               10     20    -10 (VIOLATED)
fanout99/X                               10     20    -10 (VIOLATED)
_4383_/Y                                 10     18     -8 (VIOLATED)
_4715_/Y                                 10     18     -8 (VIOLATED)
_4776_/X                                 10     18     -8 (VIOLATED)
_4795_/X                                 10     18     -8 (VIOLATED)
_4796_/Y                                 10     18     -8 (VIOLATED)
_4807_/Y                                 10     18     -8 (VIOLATED)
_4835_/Y                                 10     18     -8 (VIOLATED)
_4902_/X                                 10     18     -8 (VIOLATED)
_6354_/X                                 10     18     -8 (VIOLATED)
_7068_/Y                                 10     18     -8 (VIOLATED)
_7166_/Y                                 10     18     -8 (VIOLATED)
_8855_/Q                                 10     18     -8 (VIOLATED)
clkbuf_3_1_0_wb_clk_i/X                  10     18     -8 (VIOLATED)
fanout215/X                              10     18     -8 (VIOLATED)
fanout273/X                              10     18     -8 (VIOLATED)
fanout308/X                              10     18     -8 (VIOLATED)
_4378_/Y                                 10     16     -6 (VIOLATED)
_4545_/Y                                 10     16     -6 (VIOLATED)
_4622_/X                                 10     16     -6 (VIOLATED)
_4722_/Y                                 10     16     -6 (VIOLATED)
_4745_/Y                                 10     16     -6 (VIOLATED)
_4800_/X                                 10     16     -6 (VIOLATED)
_4805_/Y                                 10     16     -6 (VIOLATED)
_4806_/X                                 10     16     -6 (VIOLATED)
_4836_/X                                 10     16     -6 (VIOLATED)
_6209_/X                                 10     16     -6 (VIOLATED)
_6245_/Y                                 10     16     -6 (VIOLATED)
_7029_/Y                                 10     16     -6 (VIOLATED)
_7309_/X                                 10     16     -6 (VIOLATED)
_8946_/Q                                 10     16     -6 (VIOLATED)
_9196_/Q                                 10     16     -6 (VIOLATED)
clkbuf_0_wb_clk_i/X                      10     16     -6 (VIOLATED)
fanout197/X                              10     16     -6 (VIOLATED)
fanout198/X                              10     16     -6 (VIOLATED)
fanout208/X                              10     16     -6 (VIOLATED)
fanout220/X                              10     16     -6 (VIOLATED)
fanout242/X                              10     16     -6 (VIOLATED)
fanout247/X                              10     16     -6 (VIOLATED)
fanout266/X                              10     16     -6 (VIOLATED)
fanout298/X                              10     16     -6 (VIOLATED)
fanout311/X                              10     16     -6 (VIOLATED)
fanout313/X                              10     16     -6 (VIOLATED)
fanout327/X                              10     16     -6 (VIOLATED)
clkbuf_leaf_10_wb_clk_i/X                10     15     -5 (VIOLATED)
clkbuf_leaf_11_wb_clk_i/X                10     15     -5 (VIOLATED)
_4382_/Y                                 10     14     -4 (VIOLATED)
_4386_/Y                                 10     14     -4 (VIOLATED)
_4714_/X                                 10     14     -4 (VIOLATED)
_4727_/X                                 10     14     -4 (VIOLATED)
_4738_/Y                                 10     14     -4 (VIOLATED)
_4744_/X                                 10     14     -4 (VIOLATED)
_4777_/Y                                 10     14     -4 (VIOLATED)
_4801_/X                                 10     14     -4 (VIOLATED)
_4816_/Y                                 10     14     -4 (VIOLATED)
_4875_/X                                 10     14     -4 (VIOLATED)
_4912_/Y                                 10     14     -4 (VIOLATED)
_6534_/Y                                 10     14     -4 (VIOLATED)
_7734_/X                                 10     14     -4 (VIOLATED)
_8062_/X                                 10     14     -4 (VIOLATED)
clkbuf_3_5_0_wb_clk_i/X                  10     14     -4 (VIOLATED)
clkbuf_3_7_0_wb_clk_i/X                  10     14     -4 (VIOLATED)
fanout123/X                              10     14     -4 (VIOLATED)
fanout199/X                              10     14     -4 (VIOLATED)
fanout212/X                              10     14     -4 (VIOLATED)
fanout256/X                              10     14     -4 (VIOLATED)
fanout282/X                              10     14     -4 (VIOLATED)
fanout285/X                              10     14     -4 (VIOLATED)
fanout290/X                              10     14     -4 (VIOLATED)
fanout324/X                              10     14     -4 (VIOLATED)
fanout328/X                              10     14     -4 (VIOLATED)
input3/X                                 10     14     -4 (VIOLATED)
_4384_/Y                                 10     12     -2 (VIOLATED)
_4757_/X                                 10     12     -2 (VIOLATED)
_4761_/Y                                 10     12     -2 (VIOLATED)
_4764_/Y                                 10     12     -2 (VIOLATED)
_4817_/Y                                 10     12     -2 (VIOLATED)
_6515_/Y                                 10     12     -2 (VIOLATED)
_7732_/Y                                 10     12     -2 (VIOLATED)
_9197_/Q                                 10     12     -2 (VIOLATED)
clkbuf_3_3_0_wb_clk_i/X                  10     12     -2 (VIOLATED)
clkbuf_3_6_0_wb_clk_i/X                  10     12     -2 (VIOLATED)
clkbuf_leaf_13_wb_clk_i/X                10     12     -2 (VIOLATED)
clkbuf_leaf_32_wb_clk_i/X                10     12     -2 (VIOLATED)
clkbuf_leaf_59_wb_clk_i/X                10     12     -2 (VIOLATED)
fanout166/X                              10     12     -2 (VIOLATED)
fanout238/X                              10     12     -2 (VIOLATED)
fanout260/X                              10     12     -2 (VIOLATED)
fanout306/X                              10     12     -2 (VIOLATED)
fanout314/X                              10     12     -2 (VIOLATED)
fanout321/X                              10     12     -2 (VIOLATED)
fanout98/X                               10     12     -2 (VIOLATED)
clkbuf_leaf_0_wb_clk_i/X                 10     11        (VIOLATED)
clkbuf_leaf_23_wb_clk_i/X                10     11        (VIOLATED)
clkbuf_leaf_29_wb_clk_i/X                10     11        (VIOLATED)
clkbuf_leaf_36_wb_clk_i/X                10     11        (VIOLATED)
clkbuf_leaf_38_wb_clk_i/X                10     11        (VIOLATED)
clkbuf_leaf_56_wb_clk_i/X                10     11        (VIOLATED)
clkbuf_leaf_8_wb_clk_i/X                 10     11        (VIOLATED)



===========================================================================
report_parasitic_annotation -report_unannotated
============================================================================
Found 514 unannotated drivers.
 gpio_in[10]
 gpio_in[11]
 gpio_in[12]
 gpio_in[13]
 gpio_in[14]
 gpio_in[15]
 gpio_in[16]
 gpio_in[17]
 gpio_in[18]
 gpio_in[19]
 gpio_in[1]
 gpio_in[20]
 gpio_in[21]
 gpio_in[22]
 gpio_in[23]
 gpio_in[24]
 gpio_in[25]
 gpio_in[26]
 gpio_in[27]
 gpio_in[28]
 gpio_in[29]
 gpio_in[2]
 gpio_in[30]
 gpio_in[31]
 gpio_in[32]
 gpio_in[33]
 gpio_in[34]
 gpio_in[35]
 gpio_in[36]
 gpio_in[37]
 gpio_in[3]
 gpio_in[4]
 gpio_in[7]
 gpio_in[8]
 gpio_in[9]
 la_data_in[0]
 la_data_in[100]
 la_data_in[101]
 la_data_in[102]
 la_data_in[103]
 la_data_in[104]
 la_data_in[105]
 la_data_in[106]
 la_data_in[107]
 la_data_in[108]
 la_data_in[109]
 la_data_in[10]
 la_data_in[110]
 la_data_in[111]
 la_data_in[112]
 la_data_in[113]
 la_data_in[114]
 la_data_in[115]
 la_data_in[116]
 la_data_in[117]
 la_data_in[118]
 la_data_in[119]
 la_data_in[11]
 la_data_in[120]
 la_data_in[121]
 la_data_in[122]
 la_data_in[123]
 la_data_in[124]
 la_data_in[125]
 la_data_in[126]
 la_data_in[127]
 la_data_in[12]
 la_data_in[13]
 la_data_in[14]
 la_data_in[15]
 la_data_in[16]
 la_data_in[17]
 la_data_in[18]
 la_data_in[19]
 la_data_in[1]
 la_data_in[20]
 la_data_in[21]
 la_data_in[22]
 la_data_in[23]
 la_data_in[24]
 la_data_in[25]
 la_data_in[26]
 la_data_in[27]
 la_data_in[28]
 la_data_in[29]
 la_data_in[2]
 la_data_in[30]
 la_data_in[31]
 la_data_in[32]
 la_data_in[33]
 la_data_in[34]
 la_data_in[35]
 la_data_in[36]
 la_data_in[37]
 la_data_in[38]
 la_data_in[39]
 la_data_in[3]
 la_data_in[40]
 la_data_in[41]
 la_data_in[42]
 la_data_in[43]
 la_data_in[44]
 la_data_in[45]
 la_data_in[46]
 la_data_in[47]
 la_data_in[48]
 la_data_in[49]
 la_data_in[4]
 la_data_in[50]
 la_data_in[51]
 la_data_in[52]
 la_data_in[53]
 la_data_in[54]
 la_data_in[55]
 la_data_in[56]
 la_data_in[57]
 la_data_in[58]
 la_data_in[59]
 la_data_in[5]
 la_data_in[60]
 la_data_in[61]
 la_data_in[62]
 la_data_in[63]
 la_data_in[64]
 la_data_in[65]
 la_data_in[66]
 la_data_in[67]
 la_data_in[68]
 la_data_in[69]
 la_data_in[6]
 la_data_in[70]
 la_data_in[71]
 la_data_in[72]
 la_data_in[73]
 la_data_in[74]
 la_data_in[75]
 la_data_in[76]
 la_data_in[77]
 la_data_in[78]
 la_data_in[79]
 la_data_in[7]
 la_data_in[80]
 la_data_in[81]
 la_data_in[82]
 la_data_in[83]
 la_data_in[84]
 la_data_in[85]
 la_data_in[86]
 la_data_in[87]
 la_data_in[88]
 la_data_in[89]
 la_data_in[8]
 la_data_in[90]
 la_data_in[91]
 la_data_in[92]
 la_data_in[93]
 la_data_in[94]
 la_data_in[95]
 la_data_in[96]
 la_data_in[97]
 la_data_in[98]
 la_data_in[99]
 la_data_in[9]
 la_oenb[0]
 la_oenb[100]
 la_oenb[101]
 la_oenb[102]
 la_oenb[103]
 la_oenb[104]
 la_oenb[105]
 la_oenb[106]
 la_oenb[107]
 la_oenb[108]
 la_oenb[109]
 la_oenb[10]
 la_oenb[110]
 la_oenb[111]
 la_oenb[112]
 la_oenb[113]
 la_oenb[114]
 la_oenb[115]
 la_oenb[116]
 la_oenb[117]
 la_oenb[118]
 la_oenb[119]
 la_oenb[11]
 la_oenb[120]
 la_oenb[121]
 la_oenb[122]
 la_oenb[123]
 la_oenb[124]
 la_oenb[125]
 la_oenb[126]
 la_oenb[127]
 la_oenb[12]
 la_oenb[13]
 la_oenb[14]
 la_oenb[15]
 la_oenb[16]
 la_oenb[17]
 la_oenb[18]
 la_oenb[19]
 la_oenb[1]
 la_oenb[20]
 la_oenb[21]
 la_oenb[22]
 la_oenb[23]
 la_oenb[24]
 la_oenb[25]
 la_oenb[26]
 la_oenb[27]
 la_oenb[28]
 la_oenb[29]
 la_oenb[2]
 la_oenb[30]
 la_oenb[31]
 la_oenb[32]
 la_oenb[33]
 la_oenb[34]
 la_oenb[35]
 la_oenb[36]
 la_oenb[37]
 la_oenb[38]
 la_oenb[39]
 la_oenb[3]
 la_oenb[40]
 la_oenb[41]
 la_oenb[42]
 la_oenb[43]
 la_oenb[44]
 la_oenb[45]
 la_oenb[46]
 la_oenb[47]
 la_oenb[48]
 la_oenb[49]
 la_oenb[4]
 la_oenb[50]
 la_oenb[51]
 la_oenb[52]
 la_oenb[53]
 la_oenb[54]
 la_oenb[55]
 la_oenb[56]
 la_oenb[57]
 la_oenb[58]
 la_oenb[59]
 la_oenb[5]
 la_oenb[60]
 la_oenb[61]
 la_oenb[62]
 la_oenb[63]
 la_oenb[64]
 la_oenb[65]
 la_oenb[66]
 la_oenb[67]
 la_oenb[68]
 la_oenb[69]
 la_oenb[6]
 la_oenb[70]
 la_oenb[71]
 la_oenb[72]
 la_oenb[73]
 la_oenb[74]
 la_oenb[75]
 la_oenb[76]
 la_oenb[77]
 la_oenb[78]
 la_oenb[79]
 la_oenb[7]
 la_oenb[80]
 la_oenb[81]
 la_oenb[82]
 la_oenb[83]
 la_oenb[84]
 la_oenb[85]
 la_oenb[86]
 la_oenb[87]
 la_oenb[88]
 la_oenb[89]
 la_oenb[8]
 la_oenb[90]
 la_oenb[91]
 la_oenb[92]
 la_oenb[93]
 la_oenb[94]
 la_oenb[95]
 la_oenb[96]
 la_oenb[97]
 la_oenb[98]
 la_oenb[99]
 la_oenb[9]
 wbs_dat_i[10]
 wbs_dat_i[11]
 wbs_dat_i[12]
 wbs_dat_i[13]
 wbs_dat_i[14]
 wbs_dat_i[15]
 wbs_dat_i[16]
 wbs_dat_i[17]
 wbs_dat_i[18]
 wbs_dat_i[19]
 wbs_dat_i[1]
 wbs_dat_i[20]
 wbs_dat_i[21]
 wbs_dat_i[22]
 wbs_dat_i[23]
 wbs_dat_i[24]
 wbs_dat_i[25]
 wbs_dat_i[26]
 wbs_dat_i[27]
 wbs_dat_i[28]
 wbs_dat_i[29]
 wbs_dat_i[2]
 wbs_dat_i[30]
 wbs_dat_i[31]
 wbs_dat_i[3]
 wbs_dat_i[4]
 wbs_dat_i[5]
 wbs_dat_i[6]
 wbs_dat_i[7]
 wbs_dat_i[8]
 wbs_dat_i[9]
 wbs_sel_i[0]
 wbs_sel_i[1]
 wbs_sel_i[2]
 wbs_sel_i[3]
 _9185__329/HI
 _9325__507/LO
 _9326__508/LO
 _9327__509/LO
 _9328__510/LO
 _9329__511/LO
 _9330__512/LO
 _9331__513/LO
 _9332__330/HI
 _9333__331/HI
 _9334__332/HI
 _9335__333/HI
 _9336__334/HI
 _9337__335/HI
 _9338__336/HI
 _9339__337/HI
 _9340__338/HI
 _9341__339/HI
 _9342__340/HI
 _9343__341/HI
 _9344__342/HI
 _9345__343/HI
 _9346__344/HI
 _9347__345/HI
 _9348__346/HI
 _9349__347/HI
 _9350__348/HI
 _9351__349/HI
 _9352__350/HI
 _9353__351/HI
 _9354__352/HI
 _9355__353/HI
 _9356__354/HI
 _9357__355/HI
 _9358__356/HI
 _9359__357/HI
 _9360__514/LO
 _9361__515/LO
 _9362__516/LO
 _9363__358/HI
 _9364__359/HI
 _9365__360/HI
 _9366__361/HI
 _9367__362/HI
 _9368__363/HI
 _9369__364/HI
 _9371__365/HI
 _9372__366/HI
 _9373__367/HI
 _9374__368/HI
 _9375__369/HI
 _9376__370/HI
 _9377__371/HI
 _9378__372/HI
 _9379__373/HI
 _9380__374/HI
 _9381__375/HI
 _9382__376/HI
 _9383__377/HI
 _9384__378/HI
 _9385__379/HI
 _9386__380/HI
 _9387__381/HI
 _9388__382/HI
 _9389__383/HI
 _9390__384/HI
 _9391__385/HI
 _9392__386/HI
 _9393__387/HI
 _9394__388/HI
 _9395__389/HI
 _9396__390/HI
 _9397__391/HI
 _9398__392/HI
 _9399__393/HI
 _9400__394/HI
 _9401__395/HI
 _9402__396/HI
 _9403__397/HI
 _9404__398/HI
 _9405__399/HI
 _9406__400/HI
 _9407__401/HI
 _9408__402/HI
 _9409__403/HI
 _9410__404/HI
 _9411__405/HI
 _9412__406/HI
 _9413__407/HI
 _9414__408/HI
 _9415__409/HI
 _9416__410/HI
 _9417__411/HI
 _9418__412/HI
 _9419__413/HI
 _9420__414/HI
 _9421__415/HI
 _9422__416/HI
 _9423__417/HI
 _9424__418/HI
 _9425__419/HI
 _9426__420/HI
 _9427__421/HI
 _9428__422/HI
 _9429__423/HI
 _9430__424/HI
 _9431__425/HI
 _9432__426/HI
 _9433__427/HI
 _9434__428/HI
 _9435__429/HI
 _9436__430/HI
 _9437__431/HI
 _9438__432/HI
 _9439__433/HI
 _9440__434/HI
 _9441__435/HI
 _9442__436/HI
 _9443__437/HI
 _9444__438/HI
 _9445__439/HI
 _9446__440/HI
 _9447__441/HI
 _9448__442/HI
 _9449__443/HI
 _9450__444/HI
 _9451__445/HI
 _9452__446/HI
 _9453__447/HI
 _9454__448/HI
 _9455__449/HI
 _9456__450/HI
 _9457__451/HI
 _9458__452/HI
 _9459__453/HI
 _9460__454/HI
 _9461__455/HI
 _9462__456/HI
 _9463__457/HI
 _9464__458/HI
 _9465__459/HI
 _9466__460/HI
 _9467__461/HI
 _9468__462/HI
 _9469__463/HI
 _9470__464/HI
 _9471__465/HI
 _9472__466/HI
 _9473__467/HI
 _9474__468/HI
 _9475__469/HI
 _9476__470/HI
 _9477__471/HI
 _9478__472/HI
 _9479__473/HI
 _9480__474/HI
 _9481__475/HI
 _9482__476/HI
 _9483__477/HI
 _9484__478/HI
 _9485__479/HI
 _9486__480/HI
 _9487__481/HI
 _9488__482/HI
 _9489__483/HI
 _9490__484/HI
 _9491__485/HI
 _9492__486/HI
 _9493__487/HI
 _9494__488/HI
 _9495__489/HI
 _9496__490/HI
 _9497__491/HI
 _9498__492/HI
 _9499__493/HI
 _9500__494/HI
 _9501__495/HI
 _9502__496/HI
 _9503__497/HI
 _9504__498/HI
 _9508__499/HI
 _9512__500/HI
 _9518__501/HI
 _9521__502/HI
 _9524__503/HI
 _9526__504/HI
 _9528__505/HI
 _9533__506/HI
Found 0 partially unannotated drivers.

===========================================================================
max slew violation count 0
max fanout violation count 201
max cap violation count 0
============================================================================

===========================================================================
check_setup -verbose -unconstrained_endpoints -multiple_clock -no_clock -no_input_delay -loops -generated_clocks
===========================================================================
Warning: There are 17 unclocked register/latch pins.
  _9041_/CLK
  _9042_/CLK
  _9043_/CLK
  _9044_/CLK
  _9045_/CLK
  _9046_/CLK
  _9047_/CLK
  _9048_/CLK
  _9049_/CLK
  _9050_/CLK
  _9051_/CLK
  _9052_/CLK
  _9053_/CLK
  _9054_/CLK
  _9055_/CLK
  _9056_/CLK
  _9057_/CLK
Warning: There are 205 unconstrained endpoints.
  gpio_oeb[0]
  gpio_oeb[10]
  gpio_oeb[11]
  gpio_oeb[12]
  gpio_oeb[13]
  gpio_oeb[14]
  gpio_oeb[15]
  gpio_oeb[16]
  gpio_oeb[17]
  gpio_oeb[18]
  gpio_oeb[19]
  gpio_oeb[1]
  gpio_oeb[20]
  gpio_oeb[21]
  gpio_oeb[22]
  gpio_oeb[23]
  gpio_oeb[24]
  gpio_oeb[25]
  gpio_oeb[26]
  gpio_oeb[27]
  gpio_oeb[28]
  gpio_oeb[29]
  gpio_oeb[2]
  gpio_oeb[30]
  gpio_oeb[31]
  gpio_oeb[32]
  gpio_oeb[33]
  gpio_oeb[34]
  gpio_oeb[35]
  gpio_oeb[36]
  gpio_oeb[37]
  gpio_oeb[3]
  gpio_oeb[4]
  gpio_oeb[5]
  gpio_oeb[6]
  gpio_oeb[7]
  gpio_oeb[8]
  gpio_oeb[9]
  gpio_out[0]
  gpio_out[1]
  gpio_out[2]
  gpio_out[35]
  gpio_out[36]
  gpio_out[37]
  gpio_out[3]
  gpio_out[4]
  gpio_out[5]
  gpio_out[6]
  irq[0]
  irq[1]
  irq[2]
  la_data_out[0]
  la_data_out[100]
  la_data_out[101]
  la_data_out[102]
  la_data_out[103]
  la_data_out[104]
  la_data_out[105]
  la_data_out[106]
  la_data_out[107]
  la_data_out[108]
  la_data_out[109]
  la_data_out[10]
  la_data_out[110]
  la_data_out[111]
  la_data_out[112]
  la_data_out[113]
  la_data_out[114]
  la_data_out[115]
  la_data_out[116]
  la_data_out[117]
  la_data_out[118]
  la_data_out[119]
  la_data_out[11]
  la_data_out[120]
  la_data_out[121]
  la_data_out[122]
  la_data_out[123]
  la_data_out[124]
  la_data_out[125]
  la_data_out[126]
  la_data_out[127]
  la_data_out[12]
  la_data_out[13]
  la_data_out[14]
  la_data_out[15]
  la_data_out[16]
  la_data_out[17]
  la_data_out[18]
  la_data_out[19]
  la_data_out[1]
  la_data_out[20]
  la_data_out[21]
  la_data_out[22]
  la_data_out[23]
  la_data_out[24]
  la_data_out[25]
  la_data_out[26]
  la_data_out[27]
  la_data_out[28]
  la_data_out[29]
  la_data_out[2]
  la_data_out[30]
  la_data_out[31]
  la_data_out[32]
  la_data_out[33]
  la_data_out[34]
  la_data_out[35]
  la_data_out[36]
  la_data_out[37]
  la_data_out[38]
  la_data_out[39]
  la_data_out[3]
  la_data_out[40]
  la_data_out[41]
  la_data_out[42]
  la_data_out[43]
  la_data_out[44]
  la_data_out[45]
  la_data_out[46]
  la_data_out[47]
  la_data_out[48]
  la_data_out[49]
  la_data_out[4]
  la_data_out[50]
  la_data_out[51]
  la_data_out[52]
  la_data_out[53]
  la_data_out[54]
  la_data_out[55]
  la_data_out[56]
  la_data_out[57]
  la_data_out[58]
  la_data_out[59]
  la_data_out[5]
  la_data_out[60]
  la_data_out[61]
  la_data_out[62]
  la_data_out[63]
  la_data_out[64]
  la_data_out[65]
  la_data_out[66]
  la_data_out[67]
  la_data_out[68]
  la_data_out[69]
  la_data_out[6]
  la_data_out[70]
  la_data_out[71]
  la_data_out[72]
  la_data_out[73]
  la_data_out[74]
  la_data_out[75]
  la_data_out[76]
  la_data_out[77]
  la_data_out[78]
  la_data_out[79]
  la_data_out[7]
  la_data_out[80]
  la_data_out[81]
  la_data_out[82]
  la_data_out[83]
  la_data_out[84]
  la_data_out[85]
  la_data_out[86]
  la_data_out[87]
  la_data_out[88]
  la_data_out[89]
  la_data_out[8]
  la_data_out[90]
  la_data_out[91]
  la_data_out[92]
  la_data_out[93]
  la_data_out[94]
  la_data_out[95]
  la_data_out[96]
  la_data_out[97]
  la_data_out[98]
  la_data_out[99]
  la_data_out[9]
  wbs_dat_o[14]
  wbs_dat_o[17]
  wbs_dat_o[20]
  wbs_dat_o[22]
  wbs_dat_o[24]
  wbs_dat_o[29]
  wbs_dat_o[4]
  wbs_dat_o[8]
  _9041_/D
  _9042_/D
  _9043_/D
  _9044_/D
  _9045_/D
  _9046_/D
  _9047_/D
  _9048_/D
  _9049_/D
  _9050_/D
  _9051_/D
  _9052_/D
  _9053_/D
  _9054_/D
  _9055_/D
  _9056_/D
  _9057_/D
  _9185_/D
