
===========================================================================
report_checks -unconstrained
===========================================================================
======================= nom_ff_n40C_1v95 Corner ===================================

Startpoint: wb_rst_i (input port clocked by wb_clk_i)
Endpoint: _17443_ (recovery check against rising-edge clock wb_clk_i)
Path Group: asynchronous
Path Type: max

Fanout         Cap        Slew       Delay        Time   Description
---------------------------------------------------------------------------------------------
                                  0.000000    0.000000   clock wb_clk_i (rise edge)
                                  0.000000    0.000000   clock network delay (propagated)
                                 20.000000   20.000000 v input external delay
     2    0.003722    0.006075    0.003089   20.003090 v wb_rst_i (in)
                                                         wb_rst_i (net)
                      0.006076    0.000000   20.003090 v input38/A (sky130_fd_sc_hd__buf_1)
     1    0.009041    0.040467    0.066763   20.069853 v input38/X (sky130_fd_sc_hd__buf_1)
                                                         net38 (net)
                      0.040470    0.000378   20.070230 v fanout1310/A (sky130_fd_sc_hd__buf_8)
    15    0.232089    0.118314    0.156710   20.226940 v fanout1310/X (sky130_fd_sc_hd__buf_8)
                                                         net1310 (net)
                      0.119335    0.009063   20.236004 v fanout1309/A (sky130_fd_sc_hd__buf_4)
    11    0.098051    0.091390    0.187718   20.423721 v fanout1309/X (sky130_fd_sc_hd__buf_4)
                                                         net1309 (net)
                      0.091733    0.004631   20.428352 v fanout1308/A (sky130_fd_sc_hd__clkbuf_4)
    13    0.071399    0.101040    0.184924   20.613277 v fanout1308/X (sky130_fd_sc_hd__clkbuf_4)
                                                         net1308 (net)
                      0.101101    0.000771   20.614048 v fanout1305/A (sky130_fd_sc_hd__buf_2)
    11    0.040569    0.072779    0.152697   20.766745 v fanout1305/X (sky130_fd_sc_hd__buf_2)
                                                         net1305 (net)
                      0.072790    0.000904   20.767649 v fanout1304/A (sky130_fd_sc_hd__clkbuf_2)
     5    0.024814    0.068702    0.126555   20.894205 v fanout1304/X (sky130_fd_sc_hd__clkbuf_2)
                                                         net1304 (net)
                      0.068704    0.000465   20.894670 v fanout1303/A (sky130_fd_sc_hd__clkbuf_4)
     7    0.037461    0.060392    0.141883   21.036552 v fanout1303/X (sky130_fd_sc_hd__clkbuf_4)
                                                         net1303 (net)
                      0.060426    0.001338   21.037889 v fanout1302/A (sky130_fd_sc_hd__buf_4)
    10    0.054493    0.059534    0.137538   21.175428 v fanout1302/X (sky130_fd_sc_hd__buf_4)
                                                         net1302 (net)
                      0.059662    0.002416   21.177845 v _15509_/A (sky130_fd_sc_hd__inv_2)
     1    0.005528    0.029346    0.045375   21.223219 ^ _15509_/Y (sky130_fd_sc_hd__inv_2)
                                                         _01821_ (net)
                      0.029347    0.000107   21.223326 ^ _17443_/RESET_B (sky130_fd_sc_hd__dfrtp_1)
                                             21.223326   data arrival time

                                100.000000  100.000000   clock wb_clk_i (rise edge)
                                  0.000000  100.000000   clock source latency
     2    0.105667    0.355103    0.250310  100.250305 ^ wb_clk_i (in)
                                                         wb_clk_i (net)
                      0.355397    0.000000  100.250305 ^ clkbuf_0_wb_clk_i/A (sky130_fd_sc_hd__clkbuf_16)
    17    0.192748    0.159627    0.225526  100.475830 ^ clkbuf_0_wb_clk_i/X (sky130_fd_sc_hd__clkbuf_16)
                                                         clknet_0_wb_clk_i (net)
                      0.159967    0.005990  100.481827 ^ clkbuf_3_7_0_wb_clk_i/A (sky130_fd_sc_hd__clkbuf_8)
     5    0.044732    0.068538    0.140581  100.622406 ^ clkbuf_3_7_0_wb_clk_i/X (sky130_fd_sc_hd__clkbuf_8)
                                                         clknet_3_7_0_wb_clk_i (net)
                      0.068713    0.002409  100.624809 ^ clkbuf_4_15__f_wb_clk_i/A (sky130_fd_sc_hd__clkbuf_16)
    17    0.084223    0.077476    0.130335  100.755150 ^ clkbuf_4_15__f_wb_clk_i/X (sky130_fd_sc_hd__clkbuf_16)
                                                         clknet_4_15__leaf_wb_clk_i (net)
                      0.077914    0.004626  100.759773 ^ clkbuf_leaf_73_wb_clk_i/A (sky130_fd_sc_hd__clkbuf_8)
     7    0.041423    0.063174    0.120657  100.880432 ^ clkbuf_leaf_73_wb_clk_i/X (sky130_fd_sc_hd__clkbuf_8)
                                                         clknet_leaf_73_wb_clk_i (net)
                      0.063176    0.000455  100.880882 ^ _17443_/CLK (sky130_fd_sc_hd__dfrtp_1)
                                 -0.250000  100.630890   clock uncertainty
                                  0.000000  100.630890   clock reconvergence pessimism
                                  0.148774  100.779663   library recovery time
                                            100.779663   data required time
---------------------------------------------------------------------------------------------
                                            100.779663   data required time
                                            -21.223326   data arrival time
---------------------------------------------------------------------------------------------
                                             79.556335   slack (MET)


Startpoint: wbs_adr_i[0] (input port clocked by wb_clk_i)
Endpoint: wbs_dat_o[1] (output port clocked by wb_clk_i)
Path Group: wb_clk_i
Path Type: max

Fanout         Cap        Slew       Delay        Time   Description
---------------------------------------------------------------------------------------------
                                  0.000000    0.000000   clock wb_clk_i (rise edge)
                                  0.000000    0.000000   clock network delay (propagated)
                                 20.000000   20.000000 v input external delay
     2    0.003833    0.006240    0.003189   20.003189 v wbs_adr_i[0] (in)
                                                         wbs_adr_i[0] (net)
                      0.006241    0.000000   20.003189 v input39/A (sky130_fd_sc_hd__clkbuf_2)
     3    0.034297    0.092333    0.114987   20.118176 v input39/X (sky130_fd_sc_hd__clkbuf_2)
                                                         net39 (net)
                      0.092782    0.005286   20.123463 v _11334_/B (sky130_fd_sc_hd__or4_1)
     1    0.002281    0.050415    0.292451   20.415913 v _11334_/X (sky130_fd_sc_hd__or4_1)
                                                         _07326_ (net)
                      0.050415    0.000066   20.415979 v _11337_/B (sky130_fd_sc_hd__or4_1)
     1    0.002552    0.051604    0.282389   20.698368 v _11337_/X (sky130_fd_sc_hd__or4_1)
                                                         _07329_ (net)
                      0.051604    0.000080   20.698448 v _11343_/A (sky130_fd_sc_hd__or4_1)
     1    0.004105    0.059422    0.304937   21.003384 v _11343_/X (sky130_fd_sc_hd__or4_1)
                                                         net183 (net)
                      0.059422    0.000140   21.003525 v fanout928/A (sky130_fd_sc_hd__clkbuf_2)
    17    0.036751    0.098196    0.142728   21.146254 v fanout928/X (sky130_fd_sc_hd__clkbuf_2)
                                                         net928 (net)
                      0.098316    0.002505   21.148758 v fanout926/A (sky130_fd_sc_hd__buf_2)
    10    0.029654    0.056184    0.138860   21.287617 v fanout926/X (sky130_fd_sc_hd__buf_2)
                                                         net926 (net)
                      0.056189    0.000574   21.288191 v _17798_/A (sky130_fd_sc_hd__clkbuf_1)
     1    0.002102    0.016293    0.063936   21.352127 v _17798_/X (sky130_fd_sc_hd__clkbuf_1)
                                                         net174 (net)
                      0.016293    0.000060   21.352188 v output174/A (sky130_fd_sc_hd__buf_2)
     1    0.034238    0.062714    0.111946   21.464134 v output174/X (sky130_fd_sc_hd__buf_2)
                                                         wbs_dat_o[1] (net)
                      0.062723    0.000727   21.464861 v wbs_dat_o[1] (out)
                                             21.464861   data arrival time

                                100.000000  100.000000   clock wb_clk_i (rise edge)
                                  0.000000  100.000000   clock network delay (propagated)
                                 -0.250000   99.750000   clock uncertainty
                                  0.000000   99.750000   clock reconvergence pessimism
                                -20.000000   79.750000   output external delay
                                             79.750000   data required time
---------------------------------------------------------------------------------------------
                                             79.750000   data required time
                                            -21.464861   data arrival time
---------------------------------------------------------------------------------------------
                                             58.285137   slack (MET)




===========================================================================
report_checks --slack_max -0.01
============================================================================
======================= nom_ff_n40C_1v95 Corner ===================================

No paths found.


===========================================================================
 report_check_types -max_slew -max_cap -max_fanout -violators
============================================================================
======================= nom_ff_n40C_1v95 Corner ===================================

max fanout

Pin                                   Limit Fanout  Slack
---------------------------------------------------------
clkbuf_leaf_91_wb_clk_i/X                10     53    -43 (VIOLATED)
clkbuf_leaf_60_wb_clk_i/X                10     51    -41 (VIOLATED)
clkbuf_leaf_68_wb_clk_i/X                10     51    -41 (VIOLATED)
clkbuf_leaf_77_wb_clk_i/X                10     51    -41 (VIOLATED)
clkbuf_leaf_80_wb_clk_i/X                10     51    -41 (VIOLATED)
clkbuf_leaf_82_wb_clk_i/X                10     51    -41 (VIOLATED)
clkbuf_leaf_90_wb_clk_i/X                10     51    -41 (VIOLATED)
clkbuf_leaf_99_wb_clk_i/X                10     51    -41 (VIOLATED)
clkbuf_leaf_85_wb_clk_i/X                10     47    -37 (VIOLATED)
clkbuf_leaf_94_wb_clk_i/X                10     45    -35 (VIOLATED)
clkbuf_leaf_109_wb_clk_i/X               10     41    -31 (VIOLATED)
clkbuf_leaf_127_wb_clk_i/X               10     41    -31 (VIOLATED)
clkbuf_leaf_3_wb_clk_i/X                 10     41    -31 (VIOLATED)
clkbuf_leaf_108_wb_clk_i/X               10     39    -29 (VIOLATED)
clkbuf_leaf_121_wb_clk_i/X               10     39    -29 (VIOLATED)
clkbuf_leaf_136_wb_clk_i/X               10     39    -29 (VIOLATED)
clkbuf_leaf_16_wb_clk_i/X                10     39    -29 (VIOLATED)
clkbuf_leaf_25_wb_clk_i/X                10     39    -29 (VIOLATED)
clkbuf_leaf_64_wb_clk_i/X                10     39    -29 (VIOLATED)
clkbuf_leaf_36_wb_clk_i/X                10     37    -27 (VIOLATED)
clkbuf_leaf_41_wb_clk_i/X                10     37    -27 (VIOLATED)
clkbuf_leaf_76_wb_clk_i/X                10     37    -27 (VIOLATED)
clkbuf_leaf_137_wb_clk_i/X               10     35    -25 (VIOLATED)
clkbuf_leaf_52_wb_clk_i/X                10     35    -25 (VIOLATED)
clkbuf_leaf_78_wb_clk_i/X                10     33    -23 (VIOLATED)
clkbuf_leaf_24_wb_clk_i/X                10     31    -21 (VIOLATED)
clkbuf_leaf_44_wb_clk_i/X                10     29    -19 (VIOLATED)
clkbuf_leaf_51_wb_clk_i/X                10     29    -19 (VIOLATED)
clkbuf_leaf_55_wb_clk_i/X                10     29    -19 (VIOLATED)
clkbuf_leaf_126_wb_clk_i/X               10     27    -17 (VIOLATED)
clkbuf_leaf_18_wb_clk_i/X                10     27    -17 (VIOLATED)
clkbuf_leaf_19_wb_clk_i/X                10     27    -17 (VIOLATED)
clkbuf_leaf_103_wb_clk_i/X               10     25    -15 (VIOLATED)
clkbuf_leaf_118_wb_clk_i/X               10     25    -15 (VIOLATED)
clkbuf_leaf_130_wb_clk_i/X               10     25    -15 (VIOLATED)
clkbuf_leaf_39_wb_clk_i/X                10     25    -15 (VIOLATED)
clkbuf_leaf_62_wb_clk_i/X                10     25    -15 (VIOLATED)
clkbuf_leaf_93_wb_clk_i/X                10     25    -15 (VIOLATED)
clkbuf_leaf_66_wb_clk_i/X                10     24    -14 (VIOLATED)
clkbuf_4_0__f_wb_clk_i/X                 10     23    -13 (VIOLATED)
clkbuf_4_10__f_wb_clk_i/X                10     23    -13 (VIOLATED)
clkbuf_4_1__f_wb_clk_i/X                 10     23    -13 (VIOLATED)
clkbuf_leaf_115_wb_clk_i/X               10     23    -13 (VIOLATED)
clkbuf_leaf_43_wb_clk_i/X                10     23    -13 (VIOLATED)
clkbuf_leaf_107_wb_clk_i/X               10     22    -12 (VIOLATED)
clkbuf_leaf_113_wb_clk_i/X               10     22    -12 (VIOLATED)
clkbuf_leaf_65_wb_clk_i/X                10     22    -12 (VIOLATED)
clkbuf_leaf_95_wb_clk_i/X                10     22    -12 (VIOLATED)
fanout678/X                              10     22    -12 (VIOLATED)
_07709_/Y                                10     21    -11 (VIOLATED)
_07821_/X                                10     21    -11 (VIOLATED)
_07937_/X                                10     21    -11 (VIOLATED)
_09568_/X                                10     21    -11 (VIOLATED)
_17232_/Q                                10     21    -11 (VIOLATED)
_17569_/Q                                10     21    -11 (VIOLATED)
_17578_/Q                                10     21    -11 (VIOLATED)
_17587_/Q                                10     21    -11 (VIOLATED)
clkbuf_4_2__f_wb_clk_i/X                 10     21    -11 (VIOLATED)
clkbuf_4_4__f_wb_clk_i/X                 10     21    -11 (VIOLATED)
clkbuf_4_5__f_wb_clk_i/X                 10     21    -11 (VIOLATED)
clkbuf_leaf_49_wb_clk_i/X                10     21    -11 (VIOLATED)
fanout1008/X                             10     21    -11 (VIOLATED)
fanout1013/X                             10     21    -11 (VIOLATED)
fanout1014/X                             10     21    -11 (VIOLATED)
fanout1015/X                             10     21    -11 (VIOLATED)
fanout1017/X                             10     21    -11 (VIOLATED)
fanout1018/X                             10     21    -11 (VIOLATED)
fanout1020/X                             10     21    -11 (VIOLATED)
fanout1021/X                             10     21    -11 (VIOLATED)
fanout1022/X                             10     21    -11 (VIOLATED)
fanout1023/X                             10     21    -11 (VIOLATED)
fanout1024/X                             10     21    -11 (VIOLATED)
fanout1026/X                             10     21    -11 (VIOLATED)
fanout1028/X                             10     21    -11 (VIOLATED)
fanout1029/X                             10     21    -11 (VIOLATED)
fanout1038/X                             10     21    -11 (VIOLATED)
fanout1039/X                             10     21    -11 (VIOLATED)
fanout1041/X                             10     21    -11 (VIOLATED)
fanout1050/X                             10     21    -11 (VIOLATED)
fanout1098/X                             10     21    -11 (VIOLATED)
fanout1108/X                             10     21    -11 (VIOLATED)
fanout1111/X                             10     21    -11 (VIOLATED)
fanout1114/X                             10     21    -11 (VIOLATED)
fanout1161/X                             10     21    -11 (VIOLATED)
fanout1164/X                             10     21    -11 (VIOLATED)
fanout1170/X                             10     21    -11 (VIOLATED)
fanout1171/X                             10     21    -11 (VIOLATED)
fanout1192/X                             10     21    -11 (VIOLATED)
fanout1245/X                             10     21    -11 (VIOLATED)
fanout1247/X                             10     21    -11 (VIOLATED)
fanout1252/X                             10     21    -11 (VIOLATED)
fanout1300/X                             10     21    -11 (VIOLATED)
fanout197/X                              10     21    -11 (VIOLATED)
fanout198/X                              10     21    -11 (VIOLATED)
fanout199/X                              10     21    -11 (VIOLATED)
fanout201/X                              10     21    -11 (VIOLATED)
fanout202/X                              10     21    -11 (VIOLATED)
fanout203/X                              10     21    -11 (VIOLATED)
fanout205/X                              10     21    -11 (VIOLATED)
fanout206/X                              10     21    -11 (VIOLATED)
fanout207/X                              10     21    -11 (VIOLATED)
fanout209/X                              10     21    -11 (VIOLATED)
fanout210/X                              10     21    -11 (VIOLATED)
fanout211/X                              10     21    -11 (VIOLATED)
fanout214/X                              10     21    -11 (VIOLATED)
fanout215/X                              10     21    -11 (VIOLATED)
fanout217/X                              10     21    -11 (VIOLATED)
fanout219/X                              10     21    -11 (VIOLATED)
fanout221/X                              10     21    -11 (VIOLATED)
fanout223/X                              10     21    -11 (VIOLATED)
fanout227/X                              10     21    -11 (VIOLATED)
fanout285/X                              10     21    -11 (VIOLATED)
fanout287/X                              10     21    -11 (VIOLATED)
fanout315/X                              10     21    -11 (VIOLATED)
fanout319/X                              10     21    -11 (VIOLATED)
fanout320/X                              10     21    -11 (VIOLATED)
fanout329/X                              10     21    -11 (VIOLATED)
fanout335/X                              10     21    -11 (VIOLATED)
fanout342/X                              10     21    -11 (VIOLATED)
fanout346/X                              10     21    -11 (VIOLATED)
fanout348/X                              10     21    -11 (VIOLATED)
fanout350/X                              10     21    -11 (VIOLATED)
fanout351/X                              10     21    -11 (VIOLATED)
fanout352/X                              10     21    -11 (VIOLATED)
fanout356/X                              10     21    -11 (VIOLATED)
fanout370/X                              10     21    -11 (VIOLATED)
fanout376/X                              10     21    -11 (VIOLATED)
fanout378/X                              10     21    -11 (VIOLATED)
fanout380/X                              10     21    -11 (VIOLATED)
fanout393/X                              10     21    -11 (VIOLATED)
fanout395/X                              10     21    -11 (VIOLATED)
fanout397/X                              10     21    -11 (VIOLATED)
fanout399/X                              10     21    -11 (VIOLATED)
fanout401/X                              10     21    -11 (VIOLATED)
fanout403/X                              10     21    -11 (VIOLATED)
fanout405/X                              10     21    -11 (VIOLATED)
fanout406/X                              10     21    -11 (VIOLATED)
fanout407/X                              10     21    -11 (VIOLATED)
fanout409/X                              10     21    -11 (VIOLATED)
fanout411/X                              10     21    -11 (VIOLATED)
fanout413/X                              10     21    -11 (VIOLATED)
fanout415/X                              10     21    -11 (VIOLATED)
fanout417/X                              10     21    -11 (VIOLATED)
fanout419/X                              10     21    -11 (VIOLATED)
fanout421/X                              10     21    -11 (VIOLATED)
fanout423/X                              10     21    -11 (VIOLATED)
fanout425/X                              10     21    -11 (VIOLATED)
fanout427/X                              10     21    -11 (VIOLATED)
fanout429/X                              10     21    -11 (VIOLATED)
fanout431/X                              10     21    -11 (VIOLATED)
fanout433/X                              10     21    -11 (VIOLATED)
fanout435/X                              10     21    -11 (VIOLATED)
fanout437/X                              10     21    -11 (VIOLATED)
fanout439/X                              10     21    -11 (VIOLATED)
fanout441/X                              10     21    -11 (VIOLATED)
fanout443/X                              10     21    -11 (VIOLATED)
fanout445/X                              10     21    -11 (VIOLATED)
fanout447/X                              10     21    -11 (VIOLATED)
fanout449/X                              10     21    -11 (VIOLATED)
fanout450/X                              10     21    -11 (VIOLATED)
fanout451/X                              10     21    -11 (VIOLATED)
fanout454/X                              10     21    -11 (VIOLATED)
fanout456/X                              10     21    -11 (VIOLATED)
fanout458/X                              10     21    -11 (VIOLATED)
fanout460/X                              10     21    -11 (VIOLATED)
fanout462/X                              10     21    -11 (VIOLATED)
fanout464/X                              10     21    -11 (VIOLATED)
fanout466/X                              10     21    -11 (VIOLATED)
fanout468/X                              10     21    -11 (VIOLATED)
fanout470/X                              10     21    -11 (VIOLATED)
fanout471/X                              10     21    -11 (VIOLATED)
fanout472/X                              10     21    -11 (VIOLATED)
fanout474/X                              10     21    -11 (VIOLATED)
fanout476/X                              10     21    -11 (VIOLATED)
fanout478/X                              10     21    -11 (VIOLATED)
fanout480/X                              10     21    -11 (VIOLATED)
fanout482/X                              10     21    -11 (VIOLATED)
fanout484/X                              10     21    -11 (VIOLATED)
fanout486/X                              10     21    -11 (VIOLATED)
fanout488/X                              10     21    -11 (VIOLATED)
fanout494/X                              10     21    -11 (VIOLATED)
fanout496/X                              10     21    -11 (VIOLATED)
fanout505/X                              10     21    -11 (VIOLATED)
fanout517/X                              10     21    -11 (VIOLATED)
fanout518/X                              10     21    -11 (VIOLATED)
fanout520/X                              10     21    -11 (VIOLATED)
fanout521/X                              10     21    -11 (VIOLATED)
fanout522/X                              10     21    -11 (VIOLATED)
fanout523/X                              10     21    -11 (VIOLATED)
fanout525/X                              10     21    -11 (VIOLATED)
fanout527/X                              10     21    -11 (VIOLATED)
fanout529/X                              10     21    -11 (VIOLATED)
fanout531/X                              10     21    -11 (VIOLATED)
fanout533/X                              10     21    -11 (VIOLATED)
fanout535/X                              10     21    -11 (VIOLATED)
fanout537/X                              10     21    -11 (VIOLATED)
fanout539/X                              10     21    -11 (VIOLATED)
fanout541/X                              10     21    -11 (VIOLATED)
fanout543/X                              10     21    -11 (VIOLATED)
fanout545/X                              10     21    -11 (VIOLATED)
fanout547/X                              10     21    -11 (VIOLATED)
fanout549/X                              10     21    -11 (VIOLATED)
fanout550/X                              10     21    -11 (VIOLATED)
fanout551/X                              10     21    -11 (VIOLATED)
fanout556/X                              10     21    -11 (VIOLATED)
fanout558/X                              10     21    -11 (VIOLATED)
fanout560/X                              10     21    -11 (VIOLATED)
fanout562/X                              10     21    -11 (VIOLATED)
fanout563/X                              10     21    -11 (VIOLATED)
fanout569/X                              10     21    -11 (VIOLATED)
fanout574/X                              10     21    -11 (VIOLATED)
fanout577/X                              10     21    -11 (VIOLATED)
fanout578/X                              10     21    -11 (VIOLATED)
fanout580/X                              10     21    -11 (VIOLATED)
fanout594/X                              10     21    -11 (VIOLATED)
fanout596/X                              10     21    -11 (VIOLATED)
fanout598/X                              10     21    -11 (VIOLATED)
fanout600/X                              10     21    -11 (VIOLATED)
fanout602/X                              10     21    -11 (VIOLATED)
fanout604/X                              10     21    -11 (VIOLATED)
fanout606/X                              10     21    -11 (VIOLATED)
fanout608/X                              10     21    -11 (VIOLATED)
fanout610/X                              10     21    -11 (VIOLATED)
fanout612/X                              10     21    -11 (VIOLATED)
fanout614/X                              10     21    -11 (VIOLATED)
fanout616/X                              10     21    -11 (VIOLATED)
fanout618/X                              10     21    -11 (VIOLATED)
fanout619/X                              10     21    -11 (VIOLATED)
fanout620/X                              10     21    -11 (VIOLATED)
fanout621/X                              10     21    -11 (VIOLATED)
fanout623/X                              10     21    -11 (VIOLATED)
fanout624/X                              10     21    -11 (VIOLATED)
fanout626/X                              10     21    -11 (VIOLATED)
fanout628/X                              10     21    -11 (VIOLATED)
fanout629/X                              10     21    -11 (VIOLATED)
fanout630/X                              10     21    -11 (VIOLATED)
fanout631/X                              10     21    -11 (VIOLATED)
fanout633/X                              10     21    -11 (VIOLATED)
fanout634/X                              10     21    -11 (VIOLATED)
fanout636/X                              10     21    -11 (VIOLATED)
fanout637/X                              10     21    -11 (VIOLATED)
fanout639/X                              10     21    -11 (VIOLATED)
fanout641/X                              10     21    -11 (VIOLATED)
fanout643/X                              10     21    -11 (VIOLATED)
fanout644/X                              10     21    -11 (VIOLATED)
fanout646/X                              10     21    -11 (VIOLATED)
fanout648/X                              10     21    -11 (VIOLATED)
fanout650/X                              10     21    -11 (VIOLATED)
fanout652/X                              10     21    -11 (VIOLATED)
fanout654/X                              10     21    -11 (VIOLATED)
fanout656/X                              10     21    -11 (VIOLATED)
fanout658/X                              10     21    -11 (VIOLATED)
fanout660/X                              10     21    -11 (VIOLATED)
fanout662/X                              10     21    -11 (VIOLATED)
fanout664/X                              10     21    -11 (VIOLATED)
fanout666/X                              10     21    -11 (VIOLATED)
fanout668/X                              10     21    -11 (VIOLATED)
fanout670/X                              10     21    -11 (VIOLATED)
fanout672/X                              10     21    -11 (VIOLATED)
fanout674/X                              10     21    -11 (VIOLATED)
fanout676/X                              10     21    -11 (VIOLATED)
fanout680/X                              10     21    -11 (VIOLATED)
fanout682/X                              10     21    -11 (VIOLATED)
fanout684/X                              10     21    -11 (VIOLATED)
fanout686/X                              10     21    -11 (VIOLATED)
fanout688/X                              10     21    -11 (VIOLATED)
fanout690/X                              10     21    -11 (VIOLATED)
fanout691/X                              10     21    -11 (VIOLATED)
fanout693/X                              10     21    -11 (VIOLATED)
fanout695/X                              10     21    -11 (VIOLATED)
fanout697/X                              10     21    -11 (VIOLATED)
fanout699/X                              10     21    -11 (VIOLATED)
fanout701/X                              10     21    -11 (VIOLATED)
fanout703/X                              10     21    -11 (VIOLATED)
fanout705/X                              10     21    -11 (VIOLATED)
fanout707/X                              10     21    -11 (VIOLATED)
fanout709/X                              10     21    -11 (VIOLATED)
fanout711/X                              10     21    -11 (VIOLATED)
fanout713/X                              10     21    -11 (VIOLATED)
fanout714/X                              10     21    -11 (VIOLATED)
fanout716/X                              10     21    -11 (VIOLATED)
fanout717/X                              10     21    -11 (VIOLATED)
fanout719/X                              10     21    -11 (VIOLATED)
fanout721/X                              10     21    -11 (VIOLATED)
fanout723/X                              10     21    -11 (VIOLATED)
fanout726/X                              10     21    -11 (VIOLATED)
fanout730/X                              10     21    -11 (VIOLATED)
fanout741/X                              10     21    -11 (VIOLATED)
fanout743/X                              10     21    -11 (VIOLATED)
fanout745/X                              10     21    -11 (VIOLATED)
fanout747/X                              10     21    -11 (VIOLATED)
fanout755/X                              10     21    -11 (VIOLATED)
fanout757/X                              10     21    -11 (VIOLATED)
fanout759/X                              10     21    -11 (VIOLATED)
fanout761/X                              10     21    -11 (VIOLATED)
fanout763/X                              10     21    -11 (VIOLATED)
fanout765/X                              10     21    -11 (VIOLATED)
fanout767/X                              10     21    -11 (VIOLATED)
fanout769/X                              10     21    -11 (VIOLATED)
fanout770/X                              10     21    -11 (VIOLATED)
fanout772/X                              10     21    -11 (VIOLATED)
fanout773/X                              10     21    -11 (VIOLATED)
fanout775/X                              10     21    -11 (VIOLATED)
fanout777/X                              10     21    -11 (VIOLATED)
fanout779/X                              10     21    -11 (VIOLATED)
fanout781/X                              10     21    -11 (VIOLATED)
fanout783/X                              10     21    -11 (VIOLATED)
fanout785/X                              10     21    -11 (VIOLATED)
fanout787/X                              10     21    -11 (VIOLATED)
fanout789/X                              10     21    -11 (VIOLATED)
fanout791/X                              10     21    -11 (VIOLATED)
fanout793/X                              10     21    -11 (VIOLATED)
fanout795/X                              10     21    -11 (VIOLATED)
fanout797/X                              10     21    -11 (VIOLATED)
fanout798/X                              10     21    -11 (VIOLATED)
fanout799/X                              10     21    -11 (VIOLATED)
fanout800/X                              10     21    -11 (VIOLATED)
fanout802/X                              10     21    -11 (VIOLATED)
fanout804/X                              10     21    -11 (VIOLATED)
fanout806/X                              10     21    -11 (VIOLATED)
fanout808/X                              10     21    -11 (VIOLATED)
fanout810/X                              10     21    -11 (VIOLATED)
fanout811/X                              10     21    -11 (VIOLATED)
fanout813/X                              10     21    -11 (VIOLATED)
fanout815/X                              10     21    -11 (VIOLATED)
fanout817/X                              10     21    -11 (VIOLATED)
fanout819/X                              10     21    -11 (VIOLATED)
fanout821/X                              10     21    -11 (VIOLATED)
fanout822/X                              10     21    -11 (VIOLATED)
fanout824/X                              10     21    -11 (VIOLATED)
fanout826/X                              10     21    -11 (VIOLATED)
fanout828/X                              10     21    -11 (VIOLATED)
fanout830/X                              10     21    -11 (VIOLATED)
fanout832/X                              10     21    -11 (VIOLATED)
fanout834/X                              10     21    -11 (VIOLATED)
fanout836/X                              10     21    -11 (VIOLATED)
fanout838/X                              10     21    -11 (VIOLATED)
fanout840/X                              10     21    -11 (VIOLATED)
fanout842/X                              10     21    -11 (VIOLATED)
fanout844/X                              10     21    -11 (VIOLATED)
fanout846/X                              10     21    -11 (VIOLATED)
fanout848/X                              10     21    -11 (VIOLATED)
fanout850/X                              10     21    -11 (VIOLATED)
fanout852/X                              10     21    -11 (VIOLATED)
fanout854/X                              10     21    -11 (VIOLATED)
fanout856/X                              10     21    -11 (VIOLATED)
fanout858/X                              10     21    -11 (VIOLATED)
fanout860/X                              10     21    -11 (VIOLATED)
fanout862/X                              10     21    -11 (VIOLATED)
fanout864/X                              10     21    -11 (VIOLATED)
fanout866/X                              10     21    -11 (VIOLATED)
fanout868/X                              10     21    -11 (VIOLATED)
fanout869/X                              10     21    -11 (VIOLATED)
fanout871/X                              10     21    -11 (VIOLATED)
fanout873/X                              10     21    -11 (VIOLATED)
fanout874/X                              10     21    -11 (VIOLATED)
fanout875/X                              10     21    -11 (VIOLATED)
fanout877/X                              10     21    -11 (VIOLATED)
fanout878/X                              10     21    -11 (VIOLATED)
fanout880/X                              10     21    -11 (VIOLATED)
fanout883/X                              10     21    -11 (VIOLATED)
fanout885/X                              10     21    -11 (VIOLATED)
fanout886/X                              10     21    -11 (VIOLATED)
fanout887/X                              10     21    -11 (VIOLATED)
fanout889/X                              10     21    -11 (VIOLATED)
fanout891/X                              10     21    -11 (VIOLATED)
fanout892/X                              10     21    -11 (VIOLATED)
fanout894/X                              10     21    -11 (VIOLATED)
fanout895/X                              10     21    -11 (VIOLATED)
fanout898/X                              10     21    -11 (VIOLATED)
fanout903/X                              10     21    -11 (VIOLATED)
fanout908/X                              10     21    -11 (VIOLATED)
fanout909/X                              10     21    -11 (VIOLATED)
fanout910/X                              10     21    -11 (VIOLATED)
fanout912/X                              10     21    -11 (VIOLATED)
fanout920/X                              10     21    -11 (VIOLATED)
fanout921/X                              10     21    -11 (VIOLATED)
fanout937/X                              10     21    -11 (VIOLATED)
fanout939/X                              10     21    -11 (VIOLATED)
fanout940/X                              10     21    -11 (VIOLATED)
fanout942/X                              10     21    -11 (VIOLATED)
fanout944/X                              10     21    -11 (VIOLATED)
fanout945/X                              10     21    -11 (VIOLATED)
fanout946/X                              10     21    -11 (VIOLATED)
fanout952/X                              10     21    -11 (VIOLATED)
fanout954/X                              10     21    -11 (VIOLATED)
fanout956/X                              10     21    -11 (VIOLATED)
fanout958/X                              10     21    -11 (VIOLATED)
fanout970/X                              10     21    -11 (VIOLATED)
fanout971/X                              10     21    -11 (VIOLATED)
fanout972/X                              10     21    -11 (VIOLATED)
fanout984/X                              10     21    -11 (VIOLATED)
fanout989/X                              10     21    -11 (VIOLATED)
fanout996/X                              10     21    -11 (VIOLATED)
fanout999/X                              10     21    -11 (VIOLATED)
clkbuf_leaf_69_wb_clk_i/X                10     20    -10 (VIOLATED)
clkbuf_leaf_96_wb_clk_i/X                10     20    -10 (VIOLATED)
_07807_/X                                10     19     -9 (VIOLATED)
_07820_/X                                10     19     -9 (VIOLATED)
_08864_/Y                                10     19     -9 (VIOLATED)
_09636_/Y                                10     19     -9 (VIOLATED)
_09686_/Y                                10     19     -9 (VIOLATED)
_11624_/X                                10     19     -9 (VIOLATED)
_11625_/X                                10     19     -9 (VIOLATED)
_11627_/X                                10     19     -9 (VIOLATED)
_11628_/X                                10     19     -9 (VIOLATED)
_11631_/X                                10     19     -9 (VIOLATED)
_11633_/X                                10     19     -9 (VIOLATED)
_11635_/X                                10     19     -9 (VIOLATED)
_11636_/X                                10     19     -9 (VIOLATED)
_11637_/X                                10     19     -9 (VIOLATED)
_11638_/X                                10     19     -9 (VIOLATED)
_11639_/X                                10     19     -9 (VIOLATED)
_11641_/Y                                10     19     -9 (VIOLATED)
_11644_/X                                10     19     -9 (VIOLATED)
_11645_/X                                10     19     -9 (VIOLATED)
_11649_/X                                10     19     -9 (VIOLATED)
_11654_/X                                10     19     -9 (VIOLATED)
_11656_/X                                10     19     -9 (VIOLATED)
_11657_/X                                10     19     -9 (VIOLATED)
_11659_/Y                                10     19     -9 (VIOLATED)
_11661_/Y                                10     19     -9 (VIOLATED)
_11664_/X                                10     19     -9 (VIOLATED)
_11665_/X                                10     19     -9 (VIOLATED)
_11666_/X                                10     19     -9 (VIOLATED)
_11667_/X                                10     19     -9 (VIOLATED)
_11670_/X                                10     19     -9 (VIOLATED)
_11671_/X                                10     19     -9 (VIOLATED)
_11672_/X                                10     19     -9 (VIOLATED)
_11673_/Y                                10     19     -9 (VIOLATED)
_17529_/Q                                10     19     -9 (VIOLATED)
_17568_/Q                                10     19     -9 (VIOLATED)
_17595_/Q                                10     19     -9 (VIOLATED)
clkbuf_4_11__f_wb_clk_i/X                10     19     -9 (VIOLATED)
clkbuf_4_13__f_wb_clk_i/X                10     19     -9 (VIOLATED)
clkbuf_4_14__f_wb_clk_i/X                10     19     -9 (VIOLATED)
clkbuf_4_3__f_wb_clk_i/X                 10     19     -9 (VIOLATED)
clkbuf_4_6__f_wb_clk_i/X                 10     19     -9 (VIOLATED)
clkbuf_4_7__f_wb_clk_i/X                 10     19     -9 (VIOLATED)
clkbuf_leaf_105_wb_clk_i/X               10     19     -9 (VIOLATED)
clkbuf_leaf_117_wb_clk_i/X               10     19     -9 (VIOLATED)
clkbuf_leaf_45_wb_clk_i/X                10     19     -9 (VIOLATED)
clkbuf_leaf_81_wb_clk_i/X                10     19     -9 (VIOLATED)
clkbuf_leaf_83_wb_clk_i/X                10     19     -9 (VIOLATED)
fanout1147/X                             10     19     -9 (VIOLATED)
fanout1215/X                             10     19     -9 (VIOLATED)
fanout1282/X                             10     19     -9 (VIOLATED)
fanout222/X                              10     19     -9 (VIOLATED)
fanout383/X                              10     19     -9 (VIOLATED)
fanout418/X                              10     19     -9 (VIOLATED)
fanout422/X                              10     19     -9 (VIOLATED)
fanout438/X                              10     19     -9 (VIOLATED)
fanout530/X                              10     19     -9 (VIOLATED)
fanout565/X                              10     19     -9 (VIOLATED)
fanout573/X                              10     19     -9 (VIOLATED)
fanout622/X                              10     19     -9 (VIOLATED)
fanout642/X                              10     19     -9 (VIOLATED)
fanout736/X                              10     19     -9 (VIOLATED)
fanout771/X                              10     19     -9 (VIOLATED)
fanout809/X                              10     19     -9 (VIOLATED)
fanout882/X                              10     19     -9 (VIOLATED)
fanout897/X                              10     19     -9 (VIOLATED)
fanout916/X                              10     19     -9 (VIOLATED)
fanout930/X                              10     19     -9 (VIOLATED)
fanout949/X                              10     19     -9 (VIOLATED)
clkbuf_leaf_132_wb_clk_i/X               10     18     -8 (VIOLATED)
clkbuf_leaf_27_wb_clk_i/X                10     18     -8 (VIOLATED)
clkbuf_leaf_59_wb_clk_i/X                10     18     -8 (VIOLATED)
_07693_/Y                                10     17     -7 (VIOLATED)
_07915_/X                                10     17     -7 (VIOLATED)
_07945_/Y                                10     17     -7 (VIOLATED)
_08244_/X                                10     17     -7 (VIOLATED)
_08959_/Y                                10     17     -7 (VIOLATED)
_09049_/X                                10     17     -7 (VIOLATED)
_09685_/Y                                10     17     -7 (VIOLATED)
_10002_/X                                10     17     -7 (VIOLATED)
_10013_/X                                10     17     -7 (VIOLATED)
_10723_/X                                10     17     -7 (VIOLATED)
_10788_/Y                                10     17     -7 (VIOLATED)
_10789_/Y                                10     17     -7 (VIOLATED)
_10790_/X                                10     17     -7 (VIOLATED)
_10792_/Y                                10     17     -7 (VIOLATED)
_10793_/X                                10     17     -7 (VIOLATED)
_10794_/X                                10     17     -7 (VIOLATED)
_10795_/Y                                10     17     -7 (VIOLATED)
_10799_/Y                                10     17     -7 (VIOLATED)
_10800_/X                                10     17     -7 (VIOLATED)
_10801_/Y                                10     17     -7 (VIOLATED)
_10802_/Y                                10     17     -7 (VIOLATED)
_10804_/Y                                10     17     -7 (VIOLATED)
_10805_/X                                10     17     -7 (VIOLATED)
_10807_/Y                                10     17     -7 (VIOLATED)
_10808_/Y                                10     17     -7 (VIOLATED)
_10809_/Y                                10     17     -7 (VIOLATED)
_10810_/Y                                10     17     -7 (VIOLATED)
_10812_/Y                                10     17     -7 (VIOLATED)
_10813_/Y                                10     17     -7 (VIOLATED)
_10814_/X                                10     17     -7 (VIOLATED)
_10815_/Y                                10     17     -7 (VIOLATED)
_10816_/Y                                10     17     -7 (VIOLATED)
_10817_/Y                                10     17     -7 (VIOLATED)
_10818_/Y                                10     17     -7 (VIOLATED)
_10819_/X                                10     17     -7 (VIOLATED)
_10820_/X                                10     17     -7 (VIOLATED)
_10821_/Y                                10     17     -7 (VIOLATED)
_10822_/Y                                10     17     -7 (VIOLATED)
_10823_/Y                                10     17     -7 (VIOLATED)
_10824_/Y                                10     17     -7 (VIOLATED)
_10825_/Y                                10     17     -7 (VIOLATED)
_10826_/X                                10     17     -7 (VIOLATED)
_11113_/X                                10     17     -7 (VIOLATED)
_11129_/X                                10     17     -7 (VIOLATED)
_11675_/Y                                10     17     -7 (VIOLATED)
_11701_/X                                10     17     -7 (VIOLATED)
_11703_/X                                10     17     -7 (VIOLATED)
_11709_/Y                                10     17     -7 (VIOLATED)
_11711_/X                                10     17     -7 (VIOLATED)
_16880_/Q                                10     17     -7 (VIOLATED)
_17579_/Q                                10     17     -7 (VIOLATED)
_17580_/Q                                10     17     -7 (VIOLATED)
_17581_/Q                                10     17     -7 (VIOLATED)
_17585_/Q                                10     17     -7 (VIOLATED)
_17592_/Q                                10     17     -7 (VIOLATED)
_17594_/Q                                10     17     -7 (VIOLATED)
clkbuf_0_wb_clk_i/X                      10     17     -7 (VIOLATED)
clkbuf_4_12__f_wb_clk_i/X                10     17     -7 (VIOLATED)
clkbuf_4_15__f_wb_clk_i/X                10     17     -7 (VIOLATED)
clkbuf_4_8__f_wb_clk_i/X                 10     17     -7 (VIOLATED)
clkbuf_leaf_106_wb_clk_i/X               10     17     -7 (VIOLATED)
clkbuf_leaf_138_wb_clk_i/X               10     17     -7 (VIOLATED)
clkbuf_leaf_46_wb_clk_i/X                10     17     -7 (VIOLATED)
clkbuf_leaf_47_wb_clk_i/X                10     17     -7 (VIOLATED)
clkbuf_leaf_4_wb_clk_i/X                 10     17     -7 (VIOLATED)
clkbuf_leaf_97_wb_clk_i/X                10     17     -7 (VIOLATED)
clkbuf_leaf_98_wb_clk_i/X                10     17     -7 (VIOLATED)
fanout1087/X                             10     17     -7 (VIOLATED)
fanout1117/X                             10     17     -7 (VIOLATED)
fanout1118/X                             10     17     -7 (VIOLATED)
fanout1134/X                             10     17     -7 (VIOLATED)
fanout1141/X                             10     17     -7 (VIOLATED)
fanout1144/X                             10     17     -7 (VIOLATED)
fanout1236/X                             10     17     -7 (VIOLATED)
fanout1248/X                             10     17     -7 (VIOLATED)
fanout1256/X                             10     17     -7 (VIOLATED)
fanout1265/X                             10     17     -7 (VIOLATED)
fanout218/X                              10     17     -7 (VIOLATED)
fanout334/X                              10     17     -7 (VIOLATED)
fanout394/X                              10     17     -7 (VIOLATED)
fanout426/X                              10     17     -7 (VIOLATED)
fanout434/X                              10     17     -7 (VIOLATED)
fanout467/X                              10     17     -7 (VIOLATED)
fanout475/X                              10     17     -7 (VIOLATED)
fanout479/X                              10     17     -7 (VIOLATED)
fanout487/X                              10     17     -7 (VIOLATED)
fanout526/X                              10     17     -7 (VIOLATED)
fanout534/X                              10     17     -7 (VIOLATED)
fanout546/X                              10     17     -7 (VIOLATED)
fanout587/X                              10     17     -7 (VIOLATED)
fanout595/X                              10     17     -7 (VIOLATED)
fanout603/X                              10     17     -7 (VIOLATED)
fanout615/X                              10     17     -7 (VIOLATED)
fanout632/X                              10     17     -7 (VIOLATED)
fanout635/X                              10     17     -7 (VIOLATED)
fanout645/X                              10     17     -7 (VIOLATED)
fanout649/X                              10     17     -7 (VIOLATED)
fanout657/X                              10     17     -7 (VIOLATED)
fanout661/X                              10     17     -7 (VIOLATED)
fanout665/X                              10     17     -7 (VIOLATED)
fanout673/X                              10     17     -7 (VIOLATED)
fanout689/X                              10     17     -7 (VIOLATED)
fanout692/X                              10     17     -7 (VIOLATED)
fanout696/X                              10     17     -7 (VIOLATED)
fanout700/X                              10     17     -7 (VIOLATED)
fanout704/X                              10     17     -7 (VIOLATED)
fanout712/X                              10     17     -7 (VIOLATED)
fanout715/X                              10     17     -7 (VIOLATED)
fanout718/X                              10     17     -7 (VIOLATED)
fanout722/X                              10     17     -7 (VIOLATED)
fanout735/X                              10     17     -7 (VIOLATED)
fanout738/X                              10     17     -7 (VIOLATED)
fanout756/X                              10     17     -7 (VIOLATED)
fanout774/X                              10     17     -7 (VIOLATED)
fanout778/X                              10     17     -7 (VIOLATED)
fanout794/X                              10     17     -7 (VIOLATED)
fanout801/X                              10     17     -7 (VIOLATED)
fanout812/X                              10     17     -7 (VIOLATED)
fanout820/X                              10     17     -7 (VIOLATED)
fanout827/X                              10     17     -7 (VIOLATED)
fanout835/X                              10     17     -7 (VIOLATED)
fanout839/X                              10     17     -7 (VIOLATED)
fanout843/X                              10     17     -7 (VIOLATED)
fanout851/X                              10     17     -7 (VIOLATED)
fanout855/X                              10     17     -7 (VIOLATED)
fanout867/X                              10     17     -7 (VIOLATED)
fanout900/X                              10     17     -7 (VIOLATED)
fanout911/X                              10     17     -7 (VIOLATED)
fanout928/X                              10     17     -7 (VIOLATED)
fanout941/X                              10     17     -7 (VIOLATED)
fanout950/X                              10     17     -7 (VIOLATED)
fanout966/X                              10     17     -7 (VIOLATED)
fanout992/X                              10     17     -7 (VIOLATED)
wire384/X                                10     17     -7 (VIOLATED)
wire389/X                                10     17     -7 (VIOLATED)
wire390/X                                10     17     -7 (VIOLATED)
wire392/X                                10     17     -7 (VIOLATED)
clkbuf_leaf_101_wb_clk_i/X               10     16     -6 (VIOLATED)
clkbuf_leaf_110_wb_clk_i/X               10     16     -6 (VIOLATED)
clkbuf_leaf_131_wb_clk_i/X               10     16     -6 (VIOLATED)
clkbuf_leaf_20_wb_clk_i/X                10     16     -6 (VIOLATED)
clkbuf_leaf_5_wb_clk_i/X                 10     16     -6 (VIOLATED)
fanout442/X                              10     16     -6 (VIOLATED)
_07849_/X                                10     15     -5 (VIOLATED)
_08074_/Y                                10     15     -5 (VIOLATED)
_08115_/X                                10     15     -5 (VIOLATED)
_08285_/X                                10     15     -5 (VIOLATED)
_08417_/X                                10     15     -5 (VIOLATED)
_09095_/X                                10     15     -5 (VIOLATED)
_09145_/X                                10     15     -5 (VIOLATED)
_09215_/X                                10     15     -5 (VIOLATED)
_09262_/X                                10     15     -5 (VIOLATED)
_10164_/X                                10     15     -5 (VIOLATED)
_10440_/Y                                10     15     -5 (VIOLATED)
_11420_/X                                10     15     -5 (VIOLATED)
_17271_/Q                                10     15     -5 (VIOLATED)
_17430_/Q                                10     15     -5 (VIOLATED)
_17571_/Q                                10     15     -5 (VIOLATED)
_17582_/Q                                10     15     -5 (VIOLATED)
_17588_/Q                                10     15     -5 (VIOLATED)
_17589_/Q                                10     15     -5 (VIOLATED)
_17590_/Q                                10     15     -5 (VIOLATED)
clkbuf_leaf_102_wb_clk_i/X               10     15     -5 (VIOLATED)
clkbuf_leaf_133_wb_clk_i/X               10     15     -5 (VIOLATED)
clkbuf_leaf_15_wb_clk_i/X                10     15     -5 (VIOLATED)
clkbuf_leaf_2_wb_clk_i/X                 10     15     -5 (VIOLATED)
clkbuf_leaf_35_wb_clk_i/X                10     15     -5 (VIOLATED)
clkbuf_leaf_42_wb_clk_i/X                10     15     -5 (VIOLATED)
clkbuf_leaf_48_wb_clk_i/X                10     15     -5 (VIOLATED)
clkbuf_leaf_53_wb_clk_i/X                10     15     -5 (VIOLATED)
clkbuf_leaf_9_wb_clk_i/X                 10     15     -5 (VIOLATED)
fanout1000/X                             10     15     -5 (VIOLATED)
fanout1002/X                             10     15     -5 (VIOLATED)
fanout1016/X                             10     15     -5 (VIOLATED)
fanout1025/X                             10     15     -5 (VIOLATED)
fanout1105/X                             10     15     -5 (VIOLATED)
fanout1148/X                             10     15     -5 (VIOLATED)
fanout1174/X                             10     15     -5 (VIOLATED)
fanout1193/X                             10     15     -5 (VIOLATED)
fanout1222/X                             10     15     -5 (VIOLATED)
fanout1223/X                             10     15     -5 (VIOLATED)
fanout1307/X                             10     15     -5 (VIOLATED)
fanout1310/X                             10     15     -5 (VIOLATED)
fanout220/X                              10     15     -5 (VIOLATED)
fanout226/X                              10     15     -5 (VIOLATED)
fanout228/X                              10     15     -5 (VIOLATED)
fanout273/X                              10     15     -5 (VIOLATED)
fanout313/X                              10     15     -5 (VIOLATED)
fanout322/X                              10     15     -5 (VIOLATED)
fanout345/X                              10     15     -5 (VIOLATED)
fanout349/X                              10     15     -5 (VIOLATED)
fanout355/X                              10     15     -5 (VIOLATED)
fanout375/X                              10     15     -5 (VIOLATED)
fanout382/X                              10     15     -5 (VIOLATED)
fanout396/X                              10     15     -5 (VIOLATED)
fanout398/X                              10     15     -5 (VIOLATED)
fanout402/X                              10     15     -5 (VIOLATED)
fanout414/X                              10     15     -5 (VIOLATED)
fanout428/X                              10     15     -5 (VIOLATED)
fanout430/X                              10     15     -5 (VIOLATED)
fanout436/X                              10     15     -5 (VIOLATED)
fanout446/X                              10     15     -5 (VIOLATED)
fanout452/X                              10     15     -5 (VIOLATED)
fanout469/X                              10     15     -5 (VIOLATED)
fanout477/X                              10     15     -5 (VIOLATED)
fanout481/X                              10     15     -5 (VIOLATED)
fanout483/X                              10     15     -5 (VIOLATED)
fanout489/X                              10     15     -5 (VIOLATED)
fanout519/X                              10     15     -5 (VIOLATED)
fanout536/X                              10     15     -5 (VIOLATED)
fanout538/X                              10     15     -5 (VIOLATED)
fanout542/X                              10     15     -5 (VIOLATED)
fanout548/X                              10     15     -5 (VIOLATED)
fanout575/X                              10     15     -5 (VIOLATED)
fanout579/X                              10     15     -5 (VIOLATED)
fanout597/X                              10     15     -5 (VIOLATED)
fanout607/X                              10     15     -5 (VIOLATED)
fanout613/X                              10     15     -5 (VIOLATED)
fanout625/X                              10     15     -5 (VIOLATED)
fanout638/X                              10     15     -5 (VIOLATED)
fanout653/X                              10     15     -5 (VIOLATED)
fanout669/X                              10     15     -5 (VIOLATED)
fanout677/X                              10     15     -5 (VIOLATED)
fanout681/X                              10     15     -5 (VIOLATED)
fanout683/X                              10     15     -5 (VIOLATED)
fanout685/X                              10     15     -5 (VIOLATED)
fanout687/X                              10     15     -5 (VIOLATED)
fanout708/X                              10     15     -5 (VIOLATED)
fanout720/X                              10     15     -5 (VIOLATED)
fanout724/X                              10     15     -5 (VIOLATED)
fanout746/X                              10     15     -5 (VIOLATED)
fanout760/X                              10     15     -5 (VIOLATED)
fanout764/X                              10     15     -5 (VIOLATED)
fanout766/X                              10     15     -5 (VIOLATED)
fanout780/X                              10     15     -5 (VIOLATED)
fanout786/X                              10     15     -5 (VIOLATED)
fanout790/X                              10     15     -5 (VIOLATED)
fanout792/X                              10     15     -5 (VIOLATED)
fanout805/X                              10     15     -5 (VIOLATED)
fanout814/X                              10     15     -5 (VIOLATED)
fanout823/X                              10     15     -5 (VIOLATED)
fanout825/X                              10     15     -5 (VIOLATED)
fanout829/X                              10     15     -5 (VIOLATED)
fanout831/X                              10     15     -5 (VIOLATED)
fanout845/X                              10     15     -5 (VIOLATED)
fanout849/X                              10     15     -5 (VIOLATED)
fanout863/X                              10     15     -5 (VIOLATED)
fanout870/X                              10     15     -5 (VIOLATED)
fanout906/X                              10     15     -5 (VIOLATED)
fanout924/X                              10     15     -5 (VIOLATED)
fanout947/X                              10     15     -5 (VIOLATED)
fanout985/X                              10     15     -5 (VIOLATED)
wire385/X                                10     15     -5 (VIOLATED)
wire386/X                                10     15     -5 (VIOLATED)
wire387/X                                10     15     -5 (VIOLATED)
wire388/X                                10     15     -5 (VIOLATED)
clkbuf_leaf_0_wb_clk_i/X                 10     14     -4 (VIOLATED)
clkbuf_leaf_100_wb_clk_i/X               10     14     -4 (VIOLATED)
clkbuf_leaf_29_wb_clk_i/X                10     14     -4 (VIOLATED)
clkbuf_leaf_70_wb_clk_i/X                10     14     -4 (VIOLATED)
clkbuf_leaf_75_wb_clk_i/X                10     14     -4 (VIOLATED)
_07913_/Y                                10     13     -3 (VIOLATED)
_08891_/X                                10     13     -3 (VIOLATED)
_09404_/X                                10     13     -3 (VIOLATED)
_10559_/Y                                10     13     -3 (VIOLATED)
_11097_/X                                10     13     -3 (VIOLATED)
_11127_/X                                10     13     -3 (VIOLATED)
_11190_/Y                                10     13     -3 (VIOLATED)
_11479_/X                                10     13     -3 (VIOLATED)
_17235_/Q                                10     13     -3 (VIOLATED)
_17362_/Q                                10     13     -3 (VIOLATED)
_17486_/Q                                10     13     -3 (VIOLATED)
_17487_/Q                                10     13     -3 (VIOLATED)
_17488_/Q                                10     13     -3 (VIOLATED)
_17489_/Q                                10     13     -3 (VIOLATED)
_17573_/Q                                10     13     -3 (VIOLATED)
_17574_/Q                                10     13     -3 (VIOLATED)
_17583_/Q                                10     13     -3 (VIOLATED)
_17591_/Q                                10     13     -3 (VIOLATED)
_17593_/Q                                10     13     -3 (VIOLATED)
clkbuf_4_9__f_wb_clk_i/X                 10     13     -3 (VIOLATED)
clkbuf_leaf_116_wb_clk_i/X               10     13     -3 (VIOLATED)
clkbuf_leaf_12_wb_clk_i/X                10     13     -3 (VIOLATED)
clkbuf_leaf_14_wb_clk_i/X                10     13     -3 (VIOLATED)
clkbuf_leaf_32_wb_clk_i/X                10     13     -3 (VIOLATED)
clkbuf_leaf_34_wb_clk_i/X                10     13     -3 (VIOLATED)
clkbuf_leaf_61_wb_clk_i/X                10     13     -3 (VIOLATED)
clkbuf_leaf_6_wb_clk_i/X                 10     13     -3 (VIOLATED)
fanout1042/X                             10     13     -3 (VIOLATED)
fanout1070/X                             10     13     -3 (VIOLATED)
fanout1169/X                             10     13     -3 (VIOLATED)
fanout1244/X                             10     13     -3 (VIOLATED)
fanout1308/X                             10     13     -3 (VIOLATED)
fanout196/X                              10     13     -3 (VIOLATED)
fanout224/X                              10     13     -3 (VIOLATED)
fanout282/X                              10     13     -3 (VIOLATED)
fanout336/X                              10     13     -3 (VIOLATED)
fanout410/X                              10     13     -3 (VIOLATED)
fanout412/X                              10     13     -3 (VIOLATED)
fanout420/X                              10     13     -3 (VIOLATED)
fanout424/X                              10     13     -3 (VIOLATED)
fanout440/X                              10     13     -3 (VIOLATED)
fanout455/X                              10     13     -3 (VIOLATED)
fanout457/X                              10     13     -3 (VIOLATED)
fanout459/X                              10     13     -3 (VIOLATED)
fanout461/X                              10     13     -3 (VIOLATED)
fanout463/X                              10     13     -3 (VIOLATED)
fanout465/X                              10     13     -3 (VIOLATED)
fanout532/X                              10     13     -3 (VIOLATED)
fanout559/X                              10     13     -3 (VIOLATED)
fanout599/X                              10     13     -3 (VIOLATED)
fanout611/X                              10     13     -3 (VIOLATED)
fanout627/X                              10     13     -3 (VIOLATED)
fanout647/X                              10     13     -3 (VIOLATED)
fanout651/X                              10     13     -3 (VIOLATED)
fanout655/X                              10     13     -3 (VIOLATED)
fanout659/X                              10     13     -3 (VIOLATED)
fanout671/X                              10     13     -3 (VIOLATED)
fanout675/X                              10     13     -3 (VIOLATED)
fanout679/X                              10     13     -3 (VIOLATED)
fanout702/X                              10     13     -3 (VIOLATED)
fanout706/X                              10     13     -3 (VIOLATED)
fanout728/X                              10     13     -3 (VIOLATED)
fanout732/X                              10     13     -3 (VIOLATED)
fanout762/X                              10     13     -3 (VIOLATED)
fanout776/X                              10     13     -3 (VIOLATED)
fanout782/X                              10     13     -3 (VIOLATED)
fanout784/X                              10     13     -3 (VIOLATED)
fanout816/X                              10     13     -3 (VIOLATED)
fanout818/X                              10     13     -3 (VIOLATED)
fanout833/X                              10     13     -3 (VIOLATED)
fanout847/X                              10     13     -3 (VIOLATED)
fanout859/X                              10     13     -3 (VIOLATED)
fanout861/X                              10     13     -3 (VIOLATED)
fanout865/X                              10     13     -3 (VIOLATED)
fanout888/X                              10     13     -3 (VIOLATED)
fanout967/X                              10     13     -3 (VIOLATED)
max_cap359/X                             10     13     -3 (VIOLATED)
wire391/X                                10     13     -3 (VIOLATED)
clkbuf_leaf_128_wb_clk_i/X               10     12     -2 (VIOLATED)
clkbuf_leaf_135_wb_clk_i/X               10     12     -2 (VIOLATED)
clkbuf_leaf_139_wb_clk_i/X               10     12     -2 (VIOLATED)
clkbuf_leaf_17_wb_clk_i/X                10     12     -2 (VIOLATED)
clkbuf_leaf_37_wb_clk_i/X                10     12     -2 (VIOLATED)
fanout1012/X                             10     12     -2 (VIOLATED)
_07823_/X                                10     11        (VIOLATED)
_08591_/X                                10     11        (VIOLATED)
_08773_/X                                10     11        (VIOLATED)
_08818_/Y                                10     11        (VIOLATED)
_08935_/X                                10     11        (VIOLATED)
_09003_/X                                10     11        (VIOLATED)
_09300_/X                                10     11        (VIOLATED)
_09336_/X                                10     11        (VIOLATED)
_09371_/X                                10     11        (VIOLATED)
_09741_/Y                                10     11        (VIOLATED)
_09821_/Y                                10     11        (VIOLATED)
_09849_/Y                                10     11        (VIOLATED)
_09891_/Y                                10     11        (VIOLATED)
_09917_/Y                                10     11        (VIOLATED)
_09994_/Y                                10     11        (VIOLATED)
_10055_/Y                                10     11        (VIOLATED)
_10096_/Y                                10     11        (VIOLATED)
_10112_/Y                                10     11        (VIOLATED)
_10133_/Y                                10     11        (VIOLATED)
_10152_/Y                                10     11        (VIOLATED)
_10174_/X                                10     11        (VIOLATED)
_10232_/Y                                10     11        (VIOLATED)
_10252_/Y                                10     11        (VIOLATED)
_10270_/Y                                10     11        (VIOLATED)
_10287_/Y                                10     11        (VIOLATED)
_10323_/Y                                10     11        (VIOLATED)
_10343_/Y                                10     11        (VIOLATED)
_10358_/Y                                10     11        (VIOLATED)
_10376_/X                                10     11        (VIOLATED)
_10395_/Y                                10     11        (VIOLATED)
_10415_/Y                                10     11        (VIOLATED)
_10426_/X                                10     11        (VIOLATED)
_11189_/X                                10     11        (VIOLATED)
_11208_/X                                10     11        (VIOLATED)
_11270_/X                                10     11        (VIOLATED)
_17361_/Q                                10     11        (VIOLATED)
_17575_/Q                                10     11        (VIOLATED)
clkbuf_leaf_104_wb_clk_i/X               10     11        (VIOLATED)
clkbuf_leaf_111_wb_clk_i/X               10     11        (VIOLATED)
clkbuf_leaf_11_wb_clk_i/X                10     11        (VIOLATED)
clkbuf_leaf_124_wb_clk_i/X               10     11        (VIOLATED)
clkbuf_leaf_13_wb_clk_i/X                10     11        (VIOLATED)
clkbuf_leaf_140_wb_clk_i/X               10     11        (VIOLATED)
clkbuf_leaf_1_wb_clk_i/X                 10     11        (VIOLATED)
clkbuf_leaf_21_wb_clk_i/X                10     11        (VIOLATED)
clkbuf_leaf_22_wb_clk_i/X                10     11        (VIOLATED)
clkbuf_leaf_30_wb_clk_i/X                10     11        (VIOLATED)
clkbuf_leaf_31_wb_clk_i/X                10     11        (VIOLATED)
clkbuf_leaf_38_wb_clk_i/X                10     11        (VIOLATED)
clkbuf_leaf_63_wb_clk_i/X                10     11        (VIOLATED)
clkbuf_leaf_71_wb_clk_i/X                10     11        (VIOLATED)
clkbuf_leaf_74_wb_clk_i/X                10     11        (VIOLATED)
clkbuf_leaf_79_wb_clk_i/X                10     11        (VIOLATED)
clkbuf_leaf_7_wb_clk_i/X                 10     11        (VIOLATED)
fanout1006/X                             10     11        (VIOLATED)
fanout1007/X                             10     11        (VIOLATED)
fanout1011/X                             10     11        (VIOLATED)
fanout1019/X                             10     11        (VIOLATED)
fanout1040/X                             10     11        (VIOLATED)
fanout1088/X                             10     11        (VIOLATED)
fanout1112/X                             10     11        (VIOLATED)
fanout1156/X                             10     11        (VIOLATED)
fanout1162/X                             10     11        (VIOLATED)
fanout1175/X                             10     11        (VIOLATED)
fanout1198/X                             10     11        (VIOLATED)
fanout1246/X                             10     11        (VIOLATED)
fanout1272/X                             10     11        (VIOLATED)
fanout1296/X                             10     11        (VIOLATED)
fanout1305/X                             10     11        (VIOLATED)
fanout1309/X                             10     11        (VIOLATED)
fanout200/X                              10     11        (VIOLATED)
fanout204/X                              10     11        (VIOLATED)
fanout208/X                              10     11        (VIOLATED)
fanout212/X                              10     11        (VIOLATED)
fanout216/X                              10     11        (VIOLATED)
fanout347/X                              10     11        (VIOLATED)
fanout364/X                              10     11        (VIOLATED)
fanout400/X                              10     11        (VIOLATED)
fanout404/X                              10     11        (VIOLATED)
fanout408/X                              10     11        (VIOLATED)
fanout416/X                              10     11        (VIOLATED)
fanout432/X                              10     11        (VIOLATED)
fanout444/X                              10     11        (VIOLATED)
fanout448/X                              10     11        (VIOLATED)
fanout453/X                              10     11        (VIOLATED)
fanout473/X                              10     11        (VIOLATED)
fanout485/X                              10     11        (VIOLATED)
fanout524/X                              10     11        (VIOLATED)
fanout528/X                              10     11        (VIOLATED)
fanout540/X                              10     11        (VIOLATED)
fanout544/X                              10     11        (VIOLATED)
fanout552/X                              10     11        (VIOLATED)
fanout557/X                              10     11        (VIOLATED)
fanout593/X                              10     11        (VIOLATED)
fanout605/X                              10     11        (VIOLATED)
fanout609/X                              10     11        (VIOLATED)
fanout617/X                              10     11        (VIOLATED)
fanout640/X                              10     11        (VIOLATED)
fanout663/X                              10     11        (VIOLATED)
fanout667/X                              10     11        (VIOLATED)
fanout694/X                              10     11        (VIOLATED)
fanout698/X                              10     11        (VIOLATED)
fanout710/X                              10     11        (VIOLATED)
fanout742/X                              10     11        (VIOLATED)
fanout748/X                              10     11        (VIOLATED)
fanout758/X                              10     11        (VIOLATED)
fanout768/X                              10     11        (VIOLATED)
fanout788/X                              10     11        (VIOLATED)
fanout796/X                              10     11        (VIOLATED)
fanout803/X                              10     11        (VIOLATED)
fanout807/X                              10     11        (VIOLATED)
fanout837/X                              10     11        (VIOLATED)
fanout841/X                              10     11        (VIOLATED)
fanout853/X                              10     11        (VIOLATED)
fanout857/X                              10     11        (VIOLATED)
fanout872/X                              10     11        (VIOLATED)
fanout876/X                              10     11        (VIOLATED)
fanout879/X                              10     11        (VIOLATED)
fanout881/X                              10     11        (VIOLATED)
fanout904/X                              10     11        (VIOLATED)
fanout938/X                              10     11        (VIOLATED)
fanout953/X                              10     11        (VIOLATED)
fanout977/X                              10     11        (VIOLATED)
input1/X                                 10     11        (VIOLATED)
wire514/X                                10     11        (VIOLATED)

max capacitance

Pin                                        Limit         Cap       Slack
------------------------------------------------------------------------
fanout1310/X                            0.200000    0.234010   -0.034010 (VIOLATED)
fanout439/X                             0.200000    0.205198   -0.005198 (VIOLATED)



===========================================================================
report_parasitic_annotation -report_unannotated
============================================================================
Found 649 unannotated drivers.
 gpio_in[0]
 gpio_in[10]
 gpio_in[11]
 gpio_in[12]
 gpio_in[13]
 gpio_in[14]
 gpio_in[15]
 gpio_in[16]
 gpio_in[17]
 gpio_in[18]
 gpio_in[19]
 gpio_in[1]
 gpio_in[20]
 gpio_in[21]
 gpio_in[22]
 gpio_in[23]
 gpio_in[24]
 gpio_in[25]
 gpio_in[26]
 gpio_in[27]
 gpio_in[28]
 gpio_in[29]
 gpio_in[2]
 gpio_in[30]
 gpio_in[31]
 gpio_in[32]
 gpio_in[33]
 gpio_in[3]
 gpio_in[4]
 gpio_in[5]
 gpio_in[6]
 gpio_in[7]
 gpio_in[8]
 gpio_in[9]
 la_data_in[0]
 la_data_in[100]
 la_data_in[101]
 la_data_in[102]
 la_data_in[103]
 la_data_in[104]
 la_data_in[105]
 la_data_in[106]
 la_data_in[107]
 la_data_in[108]
 la_data_in[109]
 la_data_in[10]
 la_data_in[110]
 la_data_in[111]
 la_data_in[112]
 la_data_in[113]
 la_data_in[114]
 la_data_in[115]
 la_data_in[116]
 la_data_in[117]
 la_data_in[118]
 la_data_in[119]
 la_data_in[11]
 la_data_in[120]
 la_data_in[121]
 la_data_in[122]
 la_data_in[123]
 la_data_in[124]
 la_data_in[125]
 la_data_in[126]
 la_data_in[127]
 la_data_in[12]
 la_data_in[13]
 la_data_in[14]
 la_data_in[15]
 la_data_in[16]
 la_data_in[17]
 la_data_in[18]
 la_data_in[19]
 la_data_in[1]
 la_data_in[20]
 la_data_in[21]
 la_data_in[22]
 la_data_in[23]
 la_data_in[24]
 la_data_in[25]
 la_data_in[26]
 la_data_in[27]
 la_data_in[28]
 la_data_in[29]
 la_data_in[2]
 la_data_in[30]
 la_data_in[31]
 la_data_in[32]
 la_data_in[33]
 la_data_in[34]
 la_data_in[35]
 la_data_in[36]
 la_data_in[37]
 la_data_in[38]
 la_data_in[39]
 la_data_in[3]
 la_data_in[40]
 la_data_in[41]
 la_data_in[42]
 la_data_in[43]
 la_data_in[44]
 la_data_in[45]
 la_data_in[46]
 la_data_in[47]
 la_data_in[48]
 la_data_in[49]
 la_data_in[4]
 la_data_in[50]
 la_data_in[51]
 la_data_in[52]
 la_data_in[53]
 la_data_in[54]
 la_data_in[55]
 la_data_in[56]
 la_data_in[57]
 la_data_in[58]
 la_data_in[59]
 la_data_in[5]
 la_data_in[60]
 la_data_in[61]
 la_data_in[62]
 la_data_in[63]
 la_data_in[64]
 la_data_in[65]
 la_data_in[66]
 la_data_in[67]
 la_data_in[68]
 la_data_in[69]
 la_data_in[6]
 la_data_in[70]
 la_data_in[71]
 la_data_in[72]
 la_data_in[73]
 la_data_in[74]
 la_data_in[75]
 la_data_in[76]
 la_data_in[77]
 la_data_in[78]
 la_data_in[79]
 la_data_in[7]
 la_data_in[80]
 la_data_in[81]
 la_data_in[82]
 la_data_in[83]
 la_data_in[84]
 la_data_in[85]
 la_data_in[86]
 la_data_in[87]
 la_data_in[88]
 la_data_in[89]
 la_data_in[8]
 la_data_in[90]
 la_data_in[91]
 la_data_in[92]
 la_data_in[93]
 la_data_in[94]
 la_data_in[95]
 la_data_in[96]
 la_data_in[97]
 la_data_in[98]
 la_data_in[99]
 la_data_in[9]
 la_oenb[0]
 la_oenb[100]
 la_oenb[101]
 la_oenb[102]
 la_oenb[103]
 la_oenb[104]
 la_oenb[105]
 la_oenb[106]
 la_oenb[107]
 la_oenb[108]
 la_oenb[109]
 la_oenb[10]
 la_oenb[110]
 la_oenb[111]
 la_oenb[112]
 la_oenb[113]
 la_oenb[114]
 la_oenb[115]
 la_oenb[116]
 la_oenb[117]
 la_oenb[118]
 la_oenb[119]
 la_oenb[11]
 la_oenb[120]
 la_oenb[121]
 la_oenb[122]
 la_oenb[123]
 la_oenb[124]
 la_oenb[125]
 la_oenb[126]
 la_oenb[127]
 la_oenb[12]
 la_oenb[13]
 la_oenb[14]
 la_oenb[15]
 la_oenb[16]
 la_oenb[17]
 la_oenb[18]
 la_oenb[19]
 la_oenb[1]
 la_oenb[20]
 la_oenb[21]
 la_oenb[22]
 la_oenb[23]
 la_oenb[24]
 la_oenb[25]
 la_oenb[26]
 la_oenb[27]
 la_oenb[28]
 la_oenb[29]
 la_oenb[2]
 la_oenb[30]
 la_oenb[31]
 la_oenb[32]
 la_oenb[33]
 la_oenb[34]
 la_oenb[35]
 la_oenb[36]
 la_oenb[37]
 la_oenb[38]
 la_oenb[39]
 la_oenb[3]
 la_oenb[40]
 la_oenb[41]
 la_oenb[42]
 la_oenb[43]
 la_oenb[44]
 la_oenb[45]
 la_oenb[46]
 la_oenb[47]
 la_oenb[48]
 la_oenb[49]
 la_oenb[4]
 la_oenb[50]
 la_oenb[51]
 la_oenb[52]
 la_oenb[53]
 la_oenb[54]
 la_oenb[55]
 la_oenb[56]
 la_oenb[57]
 la_oenb[58]
 la_oenb[59]
 la_oenb[5]
 la_oenb[60]
 la_oenb[61]
 la_oenb[62]
 la_oenb[63]
 la_oenb[64]
 la_oenb[65]
 la_oenb[66]
 la_oenb[67]
 la_oenb[68]
 la_oenb[69]
 la_oenb[6]
 la_oenb[70]
 la_oenb[71]
 la_oenb[72]
 la_oenb[73]
 la_oenb[74]
 la_oenb[75]
 la_oenb[76]
 la_oenb[77]
 la_oenb[78]
 la_oenb[79]
 la_oenb[7]
 la_oenb[80]
 la_oenb[81]
 la_oenb[82]
 la_oenb[83]
 la_oenb[84]
 la_oenb[85]
 la_oenb[86]
 la_oenb[87]
 la_oenb[88]
 la_oenb[89]
 la_oenb[8]
 la_oenb[90]
 la_oenb[91]
 la_oenb[92]
 la_oenb[93]
 la_oenb[94]
 la_oenb[95]
 la_oenb[96]
 la_oenb[97]
 la_oenb[98]
 la_oenb[99]
 la_oenb[9]
 wbs_dat_i[10]
 wbs_dat_i[11]
 wbs_dat_i[12]
 wbs_dat_i[13]
 wbs_dat_i[14]
 wbs_dat_i[15]
 wbs_dat_i[16]
 wbs_dat_i[17]
 wbs_dat_i[18]
 wbs_dat_i[19]
 wbs_dat_i[1]
 wbs_dat_i[20]
 wbs_dat_i[21]
 wbs_dat_i[22]
 wbs_dat_i[23]
 wbs_dat_i[24]
 wbs_dat_i[25]
 wbs_dat_i[26]
 wbs_dat_i[27]
 wbs_dat_i[28]
 wbs_dat_i[29]
 wbs_dat_i[2]
 wbs_dat_i[30]
 wbs_dat_i[31]
 wbs_dat_i[3]
 wbs_dat_i[4]
 wbs_dat_i[5]
 wbs_dat_i[6]
 wbs_dat_i[7]
 wbs_dat_i[8]
 wbs_dat_i[9]
 wbs_sel_i[0]
 wbs_sel_i[1]
 wbs_sel_i[2]
 wbs_sel_i[3]
 _17603__1470/LO
 _17604__1471/LO
 _17605__1472/LO
 _17606__1473/LO
 _17607__1474/LO
 _17608__1475/LO
 _17609__1476/LO
 _17610__1477/LO
 _17611__1478/LO
 _17612__1479/LO
 _17613__1480/LO
 _17614__1481/LO
 _17615__1482/LO
 _17616__1483/LO
 _17617__1484/LO
 _17618__1485/LO
 _17619__1486/LO
 _17620__1487/LO
 _17621__1488/LO
 _17622__1489/LO
 _17623__1490/LO
 _17624__1491/LO
 _17625__1492/LO
 _17626__1493/LO
 _17627__1494/LO
 _17628__1495/LO
 _17629__1496/LO
 _17630__1497/LO
 _17631__1498/LO
 _17632__1499/LO
 _17633__1500/LO
 _17634__1501/LO
 _17635__1502/LO
 _17636__1503/LO
 _17637__1504/LO
 _17638__1505/LO
 _17639__1506/LO
 _17640__1507/LO
 _17641__1311/HI
 _17642__1312/HI
 _17643__1313/HI
 _17644__1314/HI
 _17645__1315/HI
 _17648__1316/HI
 _17649__1317/HI
 _17650__1318/HI
 _17651__1319/HI
 _17652__1320/HI
 _17653__1321/HI
 _17654__1322/HI
 _17655__1323/HI
 _17656__1324/HI
 _17657__1325/HI
 _17658__1326/HI
 _17659__1327/HI
 _17660__1328/HI
 _17661__1329/HI
 _17662__1330/HI
 _17667__1331/HI
 _17668__1332/HI
 _17669__1333/HI
 _17670__1334/HI
 _17671__1335/HI
 _17672__1336/HI
 _17673__1337/HI
 _17674__1338/HI
 _17675__1339/HI
 _17676__1340/HI
 _17677__1341/HI
 _17678__1342/HI
 _17679__1343/HI
 _17680__1344/HI
 _17681__1345/HI
 _17682__1346/HI
 _17683__1347/HI
 _17684__1348/HI
 _17685__1349/HI
 _17686__1350/HI
 _17687__1351/HI
 _17688__1352/HI
 _17689__1353/HI
 _17690__1354/HI
 _17691__1355/HI
 _17692__1356/HI
 _17693__1357/HI
 _17694__1358/HI
 _17695__1359/HI
 _17696__1360/HI
 _17697__1361/HI
 _17698__1362/HI
 _17699__1363/HI
 _17700__1364/HI
 _17701__1365/HI
 _17702__1366/HI
 _17703__1367/HI
 _17704__1368/HI
 _17705__1369/HI
 _17706__1370/HI
 _17707__1371/HI
 _17708__1372/HI
 _17709__1373/HI
 _17710__1374/HI
 _17711__1375/HI
 _17712__1376/HI
 _17713__1377/HI
 _17714__1378/HI
 _17715__1379/HI
 _17716__1380/HI
 _17717__1381/HI
 _17718__1382/HI
 _17719__1383/HI
 _17720__1384/HI
 _17721__1385/HI
 _17722__1386/HI
 _17723__1387/HI
 _17724__1388/HI
 _17725__1389/HI
 _17726__1390/HI
 _17727__1391/HI
 _17728__1392/HI
 _17729__1393/HI
 _17730__1394/HI
 _17731__1395/HI
 _17732__1396/HI
 _17733__1397/HI
 _17734__1398/HI
 _17735__1399/HI
 _17736__1400/HI
 _17737__1401/HI
 _17738__1402/HI
 _17739__1403/HI
 _17740__1404/HI
 _17741__1405/HI
 _17742__1406/HI
 _17743__1407/HI
 _17744__1408/HI
 _17745__1409/HI
 _17746__1410/HI
 _17747__1411/HI
 _17748__1412/HI
 _17749__1413/HI
 _17750__1414/HI
 _17751__1415/HI
 _17752__1416/HI
 _17753__1417/HI
 _17754__1418/HI
 _17755__1419/HI
 _17756__1420/HI
 _17757__1421/HI
 _17758__1422/HI
 _17759__1423/HI
 _17760__1424/HI
 _17761__1425/HI
 _17762__1426/HI
 _17763__1427/HI
 _17764__1428/HI
 _17765__1429/HI
 _17766__1430/HI
 _17767__1431/HI
 _17768__1432/HI
 _17769__1433/HI
 _17770__1434/HI
 _17771__1435/HI
 _17772__1436/HI
 _17773__1437/HI
 _17774__1438/HI
 _17775__1439/HI
 _17776__1440/HI
 _17777__1441/HI
 _17778__1442/HI
 _17779__1443/HI
 _17780__1444/HI
 _17781__1445/HI
 _17782__1446/HI
 _17783__1447/HI
 _17784__1448/HI
 _17785__1449/HI
 _17786__1450/HI
 _17787__1451/HI
 _17788__1452/HI
 _17789__1453/HI
 _17790__1454/HI
 _17791__1455/HI
 _17792__1456/HI
 _17793__1457/HI
 _17794__1458/HI
 _17795__1459/HI
 _17796__1460/HI
 _17797__1461/HI
 _17801__1462/HI
 _17805__1463/HI
 _17811__1464/HI
 _17814__1465/HI
 _17817__1466/HI
 _17819__1467/HI
 _17821__1468/HI
 _17826__1469/HI
 clkload0/Y
 clkload1/Y
 clkload10/Y
 clkload100/Y
 clkload101/Y
 clkload102/Y
 clkload103/Y
 clkload104/Y
 clkload105/Y
 clkload106/Y
 clkload107/Y
 clkload108/Y
 clkload109/Y
 clkload11/Y
 clkload110/Y
 clkload111/X
 clkload112/Y
 clkload113/Y
 clkload114/Y
 clkload115/Y
 clkload116/Y
 clkload117/Y
 clkload118/Y
 clkload119/Y
 clkload12/Y
 clkload120/Y
 clkload121/Y
 clkload122/Y
 clkload123/Y
 clkload124/Y
 clkload125/Y
 clkload126/Y
 clkload13/Y
 clkload14/Y
 clkload15/Y
 clkload16/Y
 clkload17/Y
 clkload18/X
 clkload19/Y
 clkload2/Y
 clkload20/Y
 clkload21/Y
 clkload22/Y
 clkload23/Y
 clkload24/X
 clkload25/Y
 clkload26/Y
 clkload27/Y
 clkload28/Y
 clkload29/Y
 clkload3/Y
 clkload30/Y
 clkload31/Y
 clkload32/Y
 clkload33/Y
 clkload34/Y
 clkload35/Y
 clkload36/X
 clkload37/Y
 clkload38/Y
 clkload39/Y
 clkload4/Y
 clkload40/Y
 clkload41/Y
 clkload42/Y
 clkload43/X
 clkload44/Y
 clkload45/Y
 clkload46/Y
 clkload47/Y
 clkload48/Y
 clkload49/Y
 clkload5/Y
 clkload50/Y
 clkload51/Y
 clkload52/X
 clkload53/Y
 clkload54/Y
 clkload55/Y
 clkload56/Y
 clkload57/Y
 clkload58/Y
 clkload59/Y
 clkload6/Y
 clkload60/Y
 clkload61/Y
 clkload62/Y
 clkload63/X
 clkload64/Y
 clkload65/Y
 clkload66/Y
 clkload67/Y
 clkload68/Y
 clkload69/Y
 clkload7/Y
 clkload70/Y
 clkload71/Y
 clkload72/Y
 clkload73/X
 clkload74/Y
 clkload75/Y
 clkload76/Y
 clkload77/Y
 clkload78/X
 clkload79/Y
 clkload8/Y
 clkload80/Y
 clkload81/Y
 clkload82/X
 clkload83/Y
 clkload84/Y
 clkload85/Y
 clkload86/Y
 clkload87/Y
 clkload88/Y
 clkload89/Y
 clkload9/X
 clkload90/Y
 clkload91/Y
 clkload92/Y
 clkload93/Y
 clkload94/X
 clkload95/Y
 clkload96/Y
 clkload97/Y
 clkload98/Y
 clkload99/Y
Found 0 partially unannotated drivers.

===========================================================================
max slew violation count 0
max fanout violation count 938
max cap violation count 2
============================================================================

===========================================================================
check_setup -verbose -unconstrained_endpoints -multiple_clock -no_clock -no_input_delay -loops -generated_clocks
===========================================================================
Warning: There are 20 unclocked register/latch pins.
  _17363_/CLK
  _17364_/CLK
  _17365_/CLK
  _17366_/CLK
  _17367_/CLK
  _17368_/CLK
  _17369_/CLK
  _17370_/CLK
  _17371_/CLK
  _17372_/CLK
  _17373_/CLK
  _17374_/CLK
  _17375_/CLK
  _17376_/CLK
  _17377_/CLK
  _17378_/CLK
  _17486_/CLK
  _17487_/CLK
  _17488_/CLK
  _17489_/CLK
Warning: There are 221 unconstrained endpoints.
  gpio_oeb[0]
  gpio_oeb[10]
  gpio_oeb[11]
  gpio_oeb[12]
  gpio_oeb[13]
  gpio_oeb[14]
  gpio_oeb[15]
  gpio_oeb[16]
  gpio_oeb[17]
  gpio_oeb[18]
  gpio_oeb[19]
  gpio_oeb[1]
  gpio_oeb[20]
  gpio_oeb[21]
  gpio_oeb[22]
  gpio_oeb[23]
  gpio_oeb[24]
  gpio_oeb[25]
  gpio_oeb[26]
  gpio_oeb[27]
  gpio_oeb[28]
  gpio_oeb[29]
  gpio_oeb[2]
  gpio_oeb[30]
  gpio_oeb[31]
  gpio_oeb[32]
  gpio_oeb[33]
  gpio_oeb[34]
  gpio_oeb[35]
  gpio_oeb[36]
  gpio_oeb[37]
  gpio_oeb[3]
  gpio_oeb[4]
  gpio_oeb[5]
  gpio_oeb[6]
  gpio_oeb[7]
  gpio_oeb[8]
  gpio_oeb[9]
  gpio_out[0]
  gpio_out[15]
  gpio_out[16]
  gpio_out[17]
  gpio_out[18]
  gpio_out[19]
  gpio_out[1]
  gpio_out[20]
  gpio_out[21]
  gpio_out[22]
  gpio_out[23]
  gpio_out[24]
  gpio_out[25]
  gpio_out[26]
  gpio_out[27]
  gpio_out[28]
  gpio_out[29]
  gpio_out[2]
  gpio_out[30]
  gpio_out[31]
  gpio_out[32]
  gpio_out[33]
  gpio_out[3]
  gpio_out[4]
  irq[0]
  irq[1]
  irq[2]
  la_data_out[0]
  la_data_out[100]
  la_data_out[101]
  la_data_out[102]
  la_data_out[103]
  la_data_out[104]
  la_data_out[105]
  la_data_out[106]
  la_data_out[107]
  la_data_out[108]
  la_data_out[109]
  la_data_out[10]
  la_data_out[110]
  la_data_out[111]
  la_data_out[112]
  la_data_out[113]
  la_data_out[114]
  la_data_out[115]
  la_data_out[116]
  la_data_out[117]
  la_data_out[118]
  la_data_out[119]
  la_data_out[11]
  la_data_out[120]
  la_data_out[121]
  la_data_out[122]
  la_data_out[123]
  la_data_out[124]
  la_data_out[125]
  la_data_out[126]
  la_data_out[127]
  la_data_out[12]
  la_data_out[13]
  la_data_out[14]
  la_data_out[15]
  la_data_out[16]
  la_data_out[17]
  la_data_out[18]
  la_data_out[19]
  la_data_out[1]
  la_data_out[20]
  la_data_out[21]
  la_data_out[22]
  la_data_out[23]
  la_data_out[24]
  la_data_out[25]
  la_data_out[26]
  la_data_out[27]
  la_data_out[28]
  la_data_out[29]
  la_data_out[2]
  la_data_out[30]
  la_data_out[31]
  la_data_out[32]
  la_data_out[33]
  la_data_out[34]
  la_data_out[35]
  la_data_out[36]
  la_data_out[37]
  la_data_out[38]
  la_data_out[39]
  la_data_out[3]
  la_data_out[40]
  la_data_out[41]
  la_data_out[42]
  la_data_out[43]
  la_data_out[44]
  la_data_out[45]
  la_data_out[46]
  la_data_out[47]
  la_data_out[48]
  la_data_out[49]
  la_data_out[4]
  la_data_out[50]
  la_data_out[51]
  la_data_out[52]
  la_data_out[53]
  la_data_out[54]
  la_data_out[55]
  la_data_out[56]
  la_data_out[57]
  la_data_out[58]
  la_data_out[59]
  la_data_out[5]
  la_data_out[60]
  la_data_out[61]
  la_data_out[62]
  la_data_out[63]
  la_data_out[64]
  la_data_out[65]
  la_data_out[66]
  la_data_out[67]
  la_data_out[68]
  la_data_out[69]
  la_data_out[6]
  la_data_out[70]
  la_data_out[71]
  la_data_out[72]
  la_data_out[73]
  la_data_out[74]
  la_data_out[75]
  la_data_out[76]
  la_data_out[77]
  la_data_out[78]
  la_data_out[79]
  la_data_out[7]
  la_data_out[80]
  la_data_out[81]
  la_data_out[82]
  la_data_out[83]
  la_data_out[84]
  la_data_out[85]
  la_data_out[86]
  la_data_out[87]
  la_data_out[88]
  la_data_out[89]
  la_data_out[8]
  la_data_out[90]
  la_data_out[91]
  la_data_out[92]
  la_data_out[93]
  la_data_out[94]
  la_data_out[95]
  la_data_out[96]
  la_data_out[97]
  la_data_out[98]
  la_data_out[99]
  la_data_out[9]
  wbs_dat_o[14]
  wbs_dat_o[17]
  wbs_dat_o[20]
  wbs_dat_o[22]
  wbs_dat_o[24]
  wbs_dat_o[29]
  wbs_dat_o[4]
  wbs_dat_o[8]
  _17363_/D
  _17364_/D
  _17365_/D
  _17366_/D
  _17367_/D
  _17368_/D
  _17369_/D
  _17370_/D
  _17371_/D
  _17372_/D
  _17373_/D
  _17374_/D
  _17375_/D
  _17376_/D
  _17377_/D
  _17378_/D
  _17486_/D
  _17487_/D
  _17488_/D
  _17489_/D
