
===========================================================================
report_checks -unconstrained
===========================================================================
======================= min_ff_n40C_1v95 Corner ===================================

Startpoint: wb_rst_i (input port clocked by wb_clk_i)
Endpoint: _1690_ (recovery check against rising-edge clock wb_clk_i)
Path Group: asynchronous
Path Type: max

Fanout         Cap        Slew       Delay        Time   Description
---------------------------------------------------------------------------------------------
                                  0.000000    0.000000   clock wb_clk_i (rise edge)
                                  0.000000    0.000000   clock network delay (propagated)
                                 20.000000   20.000000 v input external delay
     2    0.003683    0.006026    0.003030   20.003031 v wb_rst_i (in)
                                                         wb_rst_i (net)
                      0.006026    0.000000   20.003031 v input5/A (sky130_fd_sc_hd__buf_1)
     3    0.014254    0.059640    0.081739   20.084770 v input5/X (sky130_fd_sc_hd__buf_1)
                                                         net5 (net)
                      0.059676    0.000773   20.085543 v fanout224/A (sky130_fd_sc_hd__buf_2)
    11    0.047308    0.080771    0.143473   20.229015 v fanout224/X (sky130_fd_sc_hd__buf_2)
                                                         net224 (net)
                      0.080774    0.000414   20.229429 v fanout223/A (sky130_fd_sc_hd__buf_4)
    19    0.076789    0.074131    0.160258   20.389687 v fanout223/X (sky130_fd_sc_hd__buf_4)
                                                         net223 (net)
                      0.074134    0.000410   20.390097 v fanout222/A (sky130_fd_sc_hd__buf_4)
    21    0.082595    0.078654    0.161272   20.551369 v fanout222/X (sky130_fd_sc_hd__buf_4)
                                                         net222 (net)
                      0.079060    0.004556   20.555925 v _1635_/A (sky130_fd_sc_hd__inv_2)
     1    0.004020    0.028915    0.046427   20.602352 ^ _1635_/Y (sky130_fd_sc_hd__inv_2)
                                                         _0047_ (net)
                      0.028915    0.000032   20.602385 ^ _1690_/RESET_B (sky130_fd_sc_hd__dfrtp_2)
                                             20.602385   data arrival time

                                100.000000  100.000000   clock wb_clk_i (rise edge)
                                  0.000000  100.000000   clock source latency
     2    0.037690    0.130663    0.092172  100.092171 ^ wb_clk_i (in)
                                                         wb_clk_i (net)
                      0.130921    0.000000  100.092171 ^ clkbuf_0_wb_clk_i/A (sky130_fd_sc_hd__clkbuf_16)
     9    0.062431    0.061976    0.134989  100.227158 ^ clkbuf_0_wb_clk_i/X (sky130_fd_sc_hd__clkbuf_16)
                                                         clknet_0_wb_clk_i (net)
                      0.061997    0.001108  100.228264 ^ clkbuf_2_2__f_wb_clk_i/A (sky130_fd_sc_hd__clkbuf_16)
    23    0.073160    0.068970    0.123478  100.351746 ^ clkbuf_2_2__f_wb_clk_i/X (sky130_fd_sc_hd__clkbuf_16)
                                                         clknet_2_2__leaf_wb_clk_i (net)
                      0.069015    0.000355  100.352097 ^ _1690_/CLK (sky130_fd_sc_hd__dfrtp_2)
                                 -0.250000  100.102104   clock uncertainty
                                  0.000000  100.102104   clock reconvergence pessimism
                                  0.140013  100.242111   library recovery time
                                            100.242111   data required time
---------------------------------------------------------------------------------------------
                                            100.242111   data required time
                                            -20.602385   data arrival time
---------------------------------------------------------------------------------------------
                                             79.639725   slack (MET)


Startpoint: wbs_adr_i[16] (input port clocked by wb_clk_i)
Endpoint: wbs_dat_o[0] (output port clocked by wb_clk_i)
Path Group: wb_clk_i
Path Type: max

Fanout         Cap        Slew       Delay        Time   Description
---------------------------------------------------------------------------------------------
                                  0.000000    0.000000   clock wb_clk_i (rise edge)
                                  0.000000    0.000000   clock network delay (propagated)
                                 20.000000   20.000000 v input external delay
     2    0.003726    0.006093    0.003066   20.003067 v wbs_adr_i[16] (in)
                                                         wbs_adr_i[16] (net)
                      0.006093    0.000000   20.003067 v input13/A (sky130_fd_sc_hd__buf_1)
     1    0.009094    0.040608    0.066985   20.070051 v input13/X (sky130_fd_sc_hd__buf_1)
                                                         net13 (net)
                      0.040610    0.000352   20.070402 v _0802_/B (sky130_fd_sc_hd__or4_1)
     1    0.003990    0.059131    0.290669   20.361073 v _0802_/X (sky130_fd_sc_hd__or4_1)
                                                         _0132_ (net)
                      0.059131    0.000069   20.361141 v _0805_/B (sky130_fd_sc_hd__or4_1)
     4    0.013928    0.097651    0.344777   20.705917 v _0805_/X (sky130_fd_sc_hd__or4_1)
                                                         _0135_ (net)
                      0.097651    0.000339   20.706257 v _0827_/B_N (sky130_fd_sc_hd__and4bb_2)
    11    0.037016    0.168299    0.302894   21.009151 ^ _0827_/X (sky130_fd_sc_hd__and4bb_2)
                                                         _0142_ (net)
                      0.168300    0.000853   21.010004 ^ fanout174/A (sky130_fd_sc_hd__clkbuf_4)
    21    0.059546    0.138666    0.197344   21.207348 ^ fanout174/X (sky130_fd_sc_hd__clkbuf_4)
                                                         net174 (net)
                      0.138671    0.000735   21.208082 ^ _0828_/A (sky130_fd_sc_hd__inv_2)
     4    0.011953    0.044811    0.037616   21.245699 v _0828_/Y (sky130_fd_sc_hd__inv_2)
                                                         _0143_ (net)
                      0.044811    0.000112   21.245811 v _1495_/B1 (sky130_fd_sc_hd__a211o_1)
     1    0.004972    0.040823    0.134046   21.379856 v _1495_/X (sky130_fd_sc_hd__a211o_1)
                                                         _0771_ (net)
                      0.040823    0.000087   21.379944 v _1496_/B1 (sky130_fd_sc_hd__o31a_1)
     1    0.004774    0.040656    0.070306   21.450251 v _1496_/X (sky130_fd_sc_hd__o31a_1)
                                                         _0772_ (net)
                      0.040656    0.000078   21.450329 v _1499_/B1 (sky130_fd_sc_hd__o221a_1)
     1    0.009672    0.052444    0.161522   21.611851 v _1499_/X (sky130_fd_sc_hd__o221a_1)
                                                         net125 (net)
                      0.052444    0.000099   21.611950 v output125/A (sky130_fd_sc_hd__buf_2)
     1    0.034204    0.062522    0.126434   21.738384 v output125/X (sky130_fd_sc_hd__buf_2)
                                                         wbs_dat_o[0] (net)
                      0.062523    0.000252   21.738636 v wbs_dat_o[0] (out)
                                             21.738636   data arrival time

                                100.000000  100.000000   clock wb_clk_i (rise edge)
                                  0.000000  100.000000   clock network delay (propagated)
                                 -0.250000   99.750000   clock uncertainty
                                  0.000000   99.750000   clock reconvergence pessimism
                                -20.000000   79.750000   output external delay
                                             79.750000   data required time
---------------------------------------------------------------------------------------------
                                             79.750000   data required time
                                            -21.738636   data arrival time
---------------------------------------------------------------------------------------------
                                             58.011360   slack (MET)




===========================================================================
report_checks --slack_max -0.01
============================================================================
======================= min_ff_n40C_1v95 Corner ===================================

No paths found.


===========================================================================
 report_check_types -max_slew -max_cap -max_fanout -violators
============================================================================
======================= min_ff_n40C_1v95 Corner ===================================

max fanout

Pin                                   Limit Fanout  Slack
---------------------------------------------------------
clkbuf_2_0__f_wb_clk_i/X                 10     35    -25 (VIOLATED)
clkbuf_2_1__f_wb_clk_i/X                 10     35    -25 (VIOLATED)
clkbuf_2_3__f_wb_clk_i/X                 10     27    -17 (VIOLATED)
clkbuf_2_2__f_wb_clk_i/X                 10     23    -13 (VIOLATED)
fanout151/X                              10     21    -11 (VIOLATED)
fanout152/X                              10     21    -11 (VIOLATED)
fanout153/X                              10     21    -11 (VIOLATED)
fanout155/X                              10     21    -11 (VIOLATED)
fanout157/X                              10     21    -11 (VIOLATED)
fanout158/X                              10     21    -11 (VIOLATED)
fanout159/X                              10     21    -11 (VIOLATED)
fanout160/X                              10     21    -11 (VIOLATED)
fanout162/X                              10     21    -11 (VIOLATED)
fanout163/X                              10     21    -11 (VIOLATED)
fanout164/X                              10     21    -11 (VIOLATED)
fanout166/X                              10     21    -11 (VIOLATED)
fanout168/X                              10     21    -11 (VIOLATED)
fanout170/X                              10     21    -11 (VIOLATED)
fanout172/X                              10     21    -11 (VIOLATED)
fanout173/X                              10     21    -11 (VIOLATED)
fanout174/X                              10     21    -11 (VIOLATED)
fanout177/X                              10     21    -11 (VIOLATED)
fanout182/X                              10     21    -11 (VIOLATED)
fanout191/X                              10     21    -11 (VIOLATED)
fanout201/X                              10     21    -11 (VIOLATED)
fanout205/X                              10     21    -11 (VIOLATED)
fanout207/X                              10     21    -11 (VIOLATED)
fanout208/X                              10     21    -11 (VIOLATED)
fanout212/X                              10     21    -11 (VIOLATED)
fanout218/X                              10     21    -11 (VIOLATED)
fanout219/X                              10     21    -11 (VIOLATED)
fanout220/X                              10     21    -11 (VIOLATED)
fanout222/X                              10     21    -11 (VIOLATED)
_0834_/X                                 10     19     -9 (VIOLATED)
_1663_/Q                                 10     19     -9 (VIOLATED)
fanout161/X                              10     19     -9 (VIOLATED)
fanout204/X                              10     19     -9 (VIOLATED)
fanout223/X                              10     19     -9 (VIOLATED)
fanout200/X                              10     17     -7 (VIOLATED)
_0782_/Y                                 10     15     -5 (VIOLATED)
fanout167/X                              10     15     -5 (VIOLATED)
fanout221/X                              10     15     -5 (VIOLATED)
_0836_/X                                 10     13     -3 (VIOLATED)
_1569_/Y                                 10     13     -3 (VIOLATED)
fanout193/X                              10     13     -3 (VIOLATED)
fanout198/X                              10     13     -3 (VIOLATED)
fanout202/X                              10     13     -3 (VIOLATED)
fanout215/X                              10     13     -3 (VIOLATED)
_0810_/Y                                 10     11        (VIOLATED)
_0827_/X                                 10     11        (VIOLATED)
_1193_/Y                                 10     11        (VIOLATED)
_1538_/Y                                 10     11        (VIOLATED)
_1542_/X                                 10     11        (VIOLATED)
fanout156/X                              10     11        (VIOLATED)
fanout196/X                              10     11        (VIOLATED)
fanout224/X                              10     11        (VIOLATED)



===========================================================================
report_parasitic_annotation -report_unannotated
============================================================================
Found 275 unannotated drivers.
 ACK_I
 DAT_I[0]
 DAT_I[10]
 DAT_I[11]
 DAT_I[12]
 DAT_I[13]
 DAT_I[14]
 DAT_I[15]
 DAT_I[16]
 DAT_I[17]
 DAT_I[18]
 DAT_I[19]
 DAT_I[1]
 DAT_I[20]
 DAT_I[21]
 DAT_I[22]
 DAT_I[23]
 DAT_I[24]
 DAT_I[25]
 DAT_I[26]
 DAT_I[27]
 DAT_I[28]
 DAT_I[29]
 DAT_I[2]
 DAT_I[30]
 DAT_I[31]
 DAT_I[3]
 DAT_I[4]
 DAT_I[5]
 DAT_I[6]
 DAT_I[7]
 DAT_I[8]
 DAT_I[9]
 gpio_in[0]
 gpio_in[10]
 gpio_in[11]
 gpio_in[12]
 gpio_in[13]
 gpio_in[14]
 gpio_in[15]
 gpio_in[16]
 gpio_in[17]
 gpio_in[18]
 gpio_in[19]
 gpio_in[1]
 gpio_in[20]
 gpio_in[21]
 gpio_in[22]
 gpio_in[23]
 gpio_in[24]
 gpio_in[25]
 gpio_in[26]
 gpio_in[27]
 gpio_in[28]
 gpio_in[29]
 gpio_in[2]
 gpio_in[30]
 gpio_in[31]
 gpio_in[32]
 gpio_in[33]
 gpio_in[34]
 gpio_in[35]
 gpio_in[36]
 gpio_in[37]
 gpio_in[3]
 gpio_in[4]
 gpio_in[5]
 gpio_in[6]
 gpio_in[7]
 gpio_in[8]
 gpio_in[9]
 la_data_in[10]
 la_data_in[11]
 la_data_in[12]
 la_data_in[13]
 la_data_in[14]
 la_data_in[15]
 la_data_in[16]
 la_data_in[17]
 la_data_in[18]
 la_data_in[19]
 la_data_in[20]
 la_data_in[21]
 la_data_in[22]
 la_data_in[23]
 la_data_in[24]
 la_data_in[25]
 la_data_in[26]
 la_data_in[27]
 la_data_in[28]
 la_data_in[29]
 la_data_in[2]
 la_data_in[30]
 la_data_in[31]
 la_data_in[3]
 la_data_in[4]
 la_data_in[5]
 la_data_in[6]
 la_data_in[7]
 la_data_in[8]
 la_data_in[9]
 la_oenb[10]
 la_oenb[11]
 la_oenb[12]
 la_oenb[13]
 la_oenb[14]
 la_oenb[15]
 la_oenb[16]
 la_oenb[17]
 la_oenb[18]
 la_oenb[19]
 la_oenb[20]
 la_oenb[21]
 la_oenb[22]
 la_oenb[23]
 la_oenb[24]
 la_oenb[25]
 la_oenb[26]
 la_oenb[27]
 la_oenb[28]
 la_oenb[29]
 la_oenb[2]
 la_oenb[30]
 la_oenb[31]
 la_oenb[3]
 la_oenb[4]
 la_oenb[5]
 la_oenb[6]
 la_oenb[7]
 la_oenb[8]
 la_oenb[9]
 wbs_dat_i[14]
 wbs_dat_i[15]
 wbs_dat_i[16]
 wbs_dat_i[17]
 wbs_dat_i[18]
 wbs_dat_i[19]
 wbs_dat_i[20]
 wbs_dat_i[21]
 wbs_dat_i[22]
 wbs_dat_i[23]
 wbs_dat_i[24]
 wbs_dat_i[25]
 wbs_dat_i[26]
 wbs_dat_i[27]
 wbs_dat_i[28]
 wbs_dat_i[29]
 wbs_dat_i[30]
 wbs_dat_i[31]
 wbs_sel_i[0]
 wbs_sel_i[1]
 wbs_sel_i[2]
 wbs_sel_i[3]
 _1700__227/HI
 _1701__228/HI
 _1702__229/HI
 _1703__230/HI
 _1704__231/HI
 _1705__232/HI
 _1706__233/HI
 _1707__234/HI
 _1708__235/HI
 _1709__236/HI
 _1710__237/HI
 _1711__238/HI
 _1712__239/HI
 _1713__240/HI
 _1714__241/HI
 _1715__242/HI
 _1716__243/HI
 _1717__244/HI
 _1718__245/HI
 _1719__246/HI
 _1720__247/HI
 _1721__248/HI
 _1722__249/HI
 _1723__250/HI
 _1724__251/HI
 _1725__252/HI
 _1726__253/HI
 _1727__254/HI
 _1728__255/HI
 _1729__256/HI
 _1730__257/HI
 _1731__258/HI
 _1732__259/HI
 _1733__260/HI
 _1734__261/HI
 _1735__262/HI
 _1736__263/HI
 _1737__264/HI
 _1738__265/HI
 _1739__266/HI
 _1740__267/HI
 _1741__268/HI
 _1742__269/HI
 _1743__270/HI
 _1744__271/HI
 _1745__272/HI
 _1746__273/HI
 _1747__274/HI
 _1748__275/HI
 _1749__276/HI
 _1750__277/HI
 _1751__278/HI
 _1752__279/HI
 _1753__280/HI
 _1754__281/HI
 _1755__282/HI
 _1756__283/HI
 _1757__284/HI
 _1758__285/HI
 _1759__286/HI
 _1760__287/HI
 _1761__288/HI
 _1762__289/HI
 _1763__290/HI
 _1764__291/HI
 _1765__292/HI
 _1766__293/HI
 _1767__294/HI
 _1768__295/HI
 _1769__296/HI
 _1770__297/HI
 _1772__342/LO
 _1773__343/LO
 _1774__344/LO
 _1775__345/LO
 _1808__298/HI
 _1809__299/HI
 _1810__300/HI
 _1811__301/HI
 _1813__302/HI
 _1814__303/HI
 _1815__304/HI
 _1816__305/HI
 _1817__306/HI
 _1818__307/HI
 _1819__308/HI
 _1820__309/HI
 _1821__310/HI
 _1822__311/HI
 _1823__312/HI
 _1824__313/HI
 _1825__314/HI
 _1826__315/HI
 _1827__316/HI
 _1828__317/HI
 _1829__318/HI
 _1830__319/HI
 _1831__320/HI
 _1832__321/HI
 _1833__322/HI
 _1834__323/HI
 _1835__324/HI
 _1836__325/HI
 _1837__326/HI
 _1838__327/HI
 _1839__328/HI
 _1840__329/HI
 _1841__330/HI
 _1842__331/HI
 _1843__332/HI
 _1844__333/HI
 _1845__334/HI
 _1846__335/HI
 _1847__336/HI
 _1850__337/HI
 _1853__338/HI
 _1855__339/HI
 _1857__340/HI
 _1862__341/HI
 clkload0/X
 clkload1/Y
 clkload2/Y
Found 0 partially unannotated drivers.

===========================================================================
max slew violation count 0
max fanout violation count 56
max cap violation count 0
============================================================================

===========================================================================
check_setup -verbose -unconstrained_endpoints -multiple_clock -no_clock -no_input_delay -loops -generated_clocks
===========================================================================
Warning: There are 119 unconstrained endpoints.
  ADR_O[0]
  ADR_O[10]
  ADR_O[11]
  ADR_O[12]
  ADR_O[13]
  ADR_O[14]
  ADR_O[15]
  ADR_O[16]
  ADR_O[17]
  ADR_O[18]
  ADR_O[19]
  ADR_O[1]
  ADR_O[20]
  ADR_O[21]
  ADR_O[22]
  ADR_O[23]
  ADR_O[24]
  ADR_O[25]
  ADR_O[26]
  ADR_O[27]
  ADR_O[28]
  ADR_O[29]
  ADR_O[2]
  ADR_O[30]
  ADR_O[31]
  ADR_O[3]
  ADR_O[4]
  ADR_O[5]
  ADR_O[6]
  ADR_O[7]
  ADR_O[8]
  ADR_O[9]
  CYC_O
  DAT_O[0]
  DAT_O[10]
  DAT_O[11]
  DAT_O[12]
  DAT_O[13]
  DAT_O[14]
  DAT_O[15]
  DAT_O[16]
  DAT_O[17]
  DAT_O[18]
  DAT_O[19]
  DAT_O[1]
  DAT_O[20]
  DAT_O[21]
  DAT_O[22]
  DAT_O[23]
  DAT_O[24]
  DAT_O[25]
  DAT_O[26]
  DAT_O[27]
  DAT_O[28]
  DAT_O[29]
  DAT_O[2]
  DAT_O[30]
  DAT_O[31]
  DAT_O[3]
  DAT_O[4]
  DAT_O[5]
  DAT_O[6]
  DAT_O[7]
  DAT_O[8]
  DAT_O[9]
  SEL_O[0]
  SEL_O[1]
  SEL_O[2]
  SEL_O[3]
  STB_O
  WE_O
  gpio_oeb[1]
  gpio_oeb[2]
  gpio_oeb[3]
  gpio_oeb[4]
  gpio_out[1]
  gpio_out[2]
  gpio_out[3]
  gpio_out[4]
  irq[1]
  irq[2]
  la_data_out[0]
  la_data_out[10]
  la_data_out[11]
  la_data_out[12]
  la_data_out[13]
  la_data_out[14]
  la_data_out[15]
  la_data_out[16]
  la_data_out[17]
  la_data_out[18]
  la_data_out[19]
  la_data_out[1]
  la_data_out[20]
  la_data_out[21]
  la_data_out[22]
  la_data_out[23]
  la_data_out[24]
  la_data_out[25]
  la_data_out[26]
  la_data_out[27]
  la_data_out[28]
  la_data_out[29]
  la_data_out[2]
  la_data_out[30]
  la_data_out[31]
  la_data_out[3]
  la_data_out[4]
  la_data_out[5]
  la_data_out[6]
  la_data_out[7]
  la_data_out[8]
  la_data_out[9]
  wbs_dat_o[14]
  wbs_dat_o[17]
  wbs_dat_o[20]
  wbs_dat_o[22]
  wbs_dat_o[24]
  wbs_dat_o[29]
