
===========================================================================
report_checks -unconstrained
===========================================================================
======================= min_ff_n40C_1v95 Corner ===================================

Startpoint: wb_rst_i (input port clocked by wb_clk_i)
Endpoint: _17628_ (recovery check against rising-edge clock wb_clk_i)
Path Group: asynchronous
Path Type: max

Fanout         Cap        Slew       Delay        Time   Description
---------------------------------------------------------------------------------------------
                                  0.000000    0.000000   clock wb_clk_i (rise edge)
                                  0.000000    0.000000   clock network delay (propagated)
                                 20.000000   20.000000 v input external delay
     2    0.003535    0.005809    0.002901   20.002901 v wb_rst_i (in)
                                                         wb_rst_i (net)
                      0.005809    0.000000   20.002901 v input38/A (sky130_fd_sc_hd__buf_1)
     1    0.009299    0.041217    0.067578   20.070478 v input38/X (sky130_fd_sc_hd__buf_1)
                                                         net38 (net)
                      0.041217    0.000231   20.070709 v fanout1313/A (sky130_fd_sc_hd__buf_6)
    11    0.149370    0.094132    0.145327   20.216038 v fanout1313/X (sky130_fd_sc_hd__buf_6)
                                                         net1313 (net)
                      0.094141    0.000771   20.216808 v fanout1177/A (sky130_fd_sc_hd__buf_4)
    13    0.097614    0.090411    0.178021   20.394829 v fanout1177/X (sky130_fd_sc_hd__buf_4)
                                                         net1177 (net)
                      0.091139    0.006544   20.401373 v fanout1163/A (sky130_fd_sc_hd__clkbuf_4)
    13    0.058988    0.087888    0.172863   20.574236 v fanout1163/X (sky130_fd_sc_hd__clkbuf_4)
                                                         net1163 (net)
                      0.087888    0.000156   20.574392 v fanout1162/A (sky130_fd_sc_hd__clkbuf_2)
     5    0.023947    0.066704    0.130864   20.705257 v fanout1162/X (sky130_fd_sc_hd__clkbuf_2)
                                                         net1162 (net)
                      0.066708    0.000520   20.705778 v fanout1161/A (sky130_fd_sc_hd__clkbuf_4)
    15    0.054781    0.082242    0.158970   20.864746 v fanout1161/X (sky130_fd_sc_hd__clkbuf_4)
                                                         net1161 (net)
                      0.082242    0.000265   20.865011 v fanout1160/A (sky130_fd_sc_hd__buf_4)
    10    0.053684    0.058367    0.146835   21.011847 v fanout1160/X (sky130_fd_sc_hd__buf_4)
                                                         net1160 (net)
                      0.058373    0.000636   21.012484 v fanout1159/A (sky130_fd_sc_hd__buf_4)
    10    0.059954    0.063603    0.141535   21.154018 v fanout1159/X (sky130_fd_sc_hd__buf_4)
                                                         net1159 (net)
                      0.063621    0.001013   21.155031 v _15694_/A (sky130_fd_sc_hd__inv_2)
     1    0.005806    0.030872    0.047304   21.202335 ^ _15694_/Y (sky130_fd_sc_hd__inv_2)
                                                         _01324_ (net)
                      0.030872    0.000080   21.202415 ^ _17628_/RESET_B (sky130_fd_sc_hd__dfrtp_1)
                                             21.202415   data arrival time

                                100.000000  100.000000   clock wb_clk_i (rise edge)
                                  0.000000  100.000000   clock source latency
     2    0.087546    0.296538    0.208445  100.208443 ^ wb_clk_i (in)
                                                         wb_clk_i (net)
                      0.296983    0.000000  100.208443 ^ clkbuf_0_wb_clk_i/A (sky130_fd_sc_hd__clkbuf_16)
    17    0.190344    0.157311    0.222656  100.431099 ^ clkbuf_0_wb_clk_i/X (sky130_fd_sc_hd__clkbuf_16)
                                                         clknet_0_wb_clk_i (net)
                      0.157872    0.007546  100.438644 ^ clkbuf_3_3_0_wb_clk_i/A (sky130_fd_sc_hd__clkbuf_8)
     5    0.037486    0.059708    0.134619  100.573265 ^ clkbuf_3_3_0_wb_clk_i/X (sky130_fd_sc_hd__clkbuf_8)
                                                         clknet_3_3_0_wb_clk_i (net)
                      0.059710    0.000455  100.573715 ^ clkbuf_4_7__f_wb_clk_i/A (sky130_fd_sc_hd__clkbuf_16)
    27    0.131092    0.110888    0.152426  100.726143 ^ clkbuf_4_7__f_wb_clk_i/X (sky130_fd_sc_hd__clkbuf_16)
                                                         clknet_4_7__leaf_wb_clk_i (net)
                      0.111517    0.006658  100.732803 ^ clkbuf_leaf_59_wb_clk_i/A (sky130_fd_sc_hd__clkbuf_8)
    19    0.054639    0.079598    0.141902  100.874702 ^ clkbuf_leaf_59_wb_clk_i/X (sky130_fd_sc_hd__clkbuf_8)
                                                         clknet_leaf_59_wb_clk_i (net)
                      0.079599    0.000433  100.875137 ^ _17628_/CLK (sky130_fd_sc_hd__dfrtp_1)
                                 -0.250000  100.625137   clock uncertainty
                                  0.000000  100.625137   clock reconvergence pessimism
                                  0.150941  100.776077   library recovery time
                                            100.776077   data required time
---------------------------------------------------------------------------------------------
                                            100.776077   data required time
                                            -21.202415   data arrival time
---------------------------------------------------------------------------------------------
                                             79.573669   slack (MET)


Startpoint: wbs_adr_i[1] (input port clocked by wb_clk_i)
Endpoint: wbs_dat_o[0] (output port clocked by wb_clk_i)
Path Group: wb_clk_i
Path Type: max

Fanout         Cap        Slew       Delay        Time   Description
---------------------------------------------------------------------------------------------
                                  0.000000    0.000000   clock wb_clk_i (rise edge)
                                  0.000000    0.000000   clock network delay (propagated)
                                 20.000000   20.000000 v input external delay
     2    0.006160    0.010102    0.005580   20.005581 v wbs_adr_i[1] (in)
                                                         wbs_adr_i[1] (net)
                      0.010107    0.000000   20.005581 v input50/A (sky130_fd_sc_hd__clkbuf_1)
     1    0.006808    0.032611    0.061414   20.066994 v input50/X (sky130_fd_sc_hd__clkbuf_1)
                                                         net50 (net)
                      0.032611    0.000142   20.067137 v _11681_/A (sky130_fd_sc_hd__or4_1)
     1    0.003165    0.055066    0.293973   20.361109 v _11681_/X (sky130_fd_sc_hd__or4_1)
                                                         _07495_ (net)
                      0.055066    0.000037   20.361147 v _11684_/B (sky130_fd_sc_hd__or4_1)
     1    0.004213    0.059838    0.295394   20.656540 v _11684_/X (sky130_fd_sc_hd__or4_1)
                                                         _07498_ (net)
                      0.059838    0.000075   20.656614 v _11690_/A (sky130_fd_sc_hd__or4_4)
     5    0.039930    0.097881    0.381952   21.038567 v _11690_/X (sky130_fd_sc_hd__or4_4)
                                                         net183 (net)
                      0.097882    0.000252   21.038818 v fanout915/A (sky130_fd_sc_hd__clkbuf_4)
    21    0.086434    0.120244    0.201524   21.240343 v fanout915/X (sky130_fd_sc_hd__clkbuf_4)
                                                         net915 (net)
                      0.120250    0.001046   21.241390 v fanout914/A (sky130_fd_sc_hd__buf_2)
    13    0.043322    0.076411    0.165089   21.406479 v fanout914/X (sky130_fd_sc_hd__buf_2)
                                                         net914 (net)
                      0.076420    0.000810   21.407290 v fanout913/A (sky130_fd_sc_hd__buf_2)
    10    0.036866    0.066940    0.138725   21.546013 v fanout913/X (sky130_fd_sc_hd__buf_2)
                                                         net913 (net)
                      0.066994    0.001720   21.547733 v _14183_/B (sky130_fd_sc_hd__or2_1)
     1    0.002166    0.030035    0.127477   21.675209 v _14183_/X (sky130_fd_sc_hd__or2_1)
                                                         net165 (net)
                      0.030035    0.000009   21.675219 v output165/A (sky130_fd_sc_hd__clkbuf_4)
     1    0.035584    0.058157    0.123976   21.799194 v output165/X (sky130_fd_sc_hd__clkbuf_4)
                                                         wbs_dat_o[0] (net)
                      0.058163    0.000648   21.799843 v wbs_dat_o[0] (out)
                                             21.799843   data arrival time

                                100.000000  100.000000   clock wb_clk_i (rise edge)
                                  0.000000  100.000000   clock network delay (propagated)
                                 -0.250000   99.750000   clock uncertainty
                                  0.000000   99.750000   clock reconvergence pessimism
                                -20.000000   79.750000   output external delay
                                             79.750000   data required time
---------------------------------------------------------------------------------------------
                                             79.750000   data required time
                                            -21.799843   data arrival time
---------------------------------------------------------------------------------------------
                                             57.950153   slack (MET)




===========================================================================
report_checks --slack_max -0.01
============================================================================
======================= min_ff_n40C_1v95 Corner ===================================

No paths found.


===========================================================================
 report_check_types -max_slew -max_cap -max_fanout -violators
============================================================================
======================= min_ff_n40C_1v95 Corner ===================================

max fanout

Pin                                   Limit Fanout  Slack
---------------------------------------------------------
clkbuf_4_1__f_wb_clk_i/X                 10     31    -21 (VIOLATED)
clkbuf_4_8__f_wb_clk_i/X                 10     31    -21 (VIOLATED)
clkbuf_4_9__f_wb_clk_i/X                 10     31    -21 (VIOLATED)
clkbuf_4_0__f_wb_clk_i/X                 10     29    -19 (VIOLATED)
clkbuf_4_10__f_wb_clk_i/X                10     29    -19 (VIOLATED)
clkbuf_4_11__f_wb_clk_i/X                10     29    -19 (VIOLATED)
clkbuf_4_13__f_wb_clk_i/X                10     29    -19 (VIOLATED)
clkbuf_4_2__f_wb_clk_i/X                 10     29    -19 (VIOLATED)
clkbuf_4_3__f_wb_clk_i/X                 10     29    -19 (VIOLATED)
clkbuf_4_15__f_wb_clk_i/X                10     27    -17 (VIOLATED)
clkbuf_4_4__f_wb_clk_i/X                 10     27    -17 (VIOLATED)
clkbuf_4_7__f_wb_clk_i/X                 10     27    -17 (VIOLATED)
clkbuf_4_5__f_wb_clk_i/X                 10     25    -15 (VIOLATED)
clkbuf_leaf_36_wb_clk_i/X                10     25    -15 (VIOLATED)
clkbuf_4_12__f_wb_clk_i/X                10     23    -13 (VIOLATED)
clkbuf_4_14__f_wb_clk_i/X                10     23    -13 (VIOLATED)
clkbuf_4_6__f_wb_clk_i/X                 10     23    -13 (VIOLATED)
_08181_/X                                10     21    -11 (VIOLATED)
_10020_/X                                10     21    -11 (VIOLATED)
_11540_/Y                                10     21    -11 (VIOLATED)
_12040_/X                                10     21    -11 (VIOLATED)
_12404_/X                                10     21    -11 (VIOLATED)
_12439_/X                                10     21    -11 (VIOLATED)
_12474_/X                                10     21    -11 (VIOLATED)
_12508_/Y                                10     21    -11 (VIOLATED)
_12543_/X                                10     21    -11 (VIOLATED)
_12577_/X                                10     21    -11 (VIOLATED)
_12611_/X                                10     21    -11 (VIOLATED)
_17914_/Q                                10     21    -11 (VIOLATED)
_18085_/Q                                10     21    -11 (VIOLATED)
_18259_/Q                                10     21    -11 (VIOLATED)
clkbuf_leaf_37_wb_clk_i/X                10     21    -11 (VIOLATED)
fanout1002/X                             10     21    -11 (VIOLATED)
fanout1003/X                             10     21    -11 (VIOLATED)
fanout1013/X                             10     21    -11 (VIOLATED)
fanout1015/X                             10     21    -11 (VIOLATED)
fanout1017/X                             10     21    -11 (VIOLATED)
fanout1018/X                             10     21    -11 (VIOLATED)
fanout1020/X                             10     21    -11 (VIOLATED)
fanout1022/X                             10     21    -11 (VIOLATED)
fanout1031/X                             10     21    -11 (VIOLATED)
fanout1033/X                             10     21    -11 (VIOLATED)
fanout1034/X                             10     21    -11 (VIOLATED)
fanout1045/X                             10     21    -11 (VIOLATED)
fanout1049/X                             10     21    -11 (VIOLATED)
fanout1050/X                             10     21    -11 (VIOLATED)
fanout1056/X                             10     21    -11 (VIOLATED)
fanout1063/X                             10     21    -11 (VIOLATED)
fanout1153/X                             10     21    -11 (VIOLATED)
fanout1176/X                             10     21    -11 (VIOLATED)
fanout1187/X                             10     21    -11 (VIOLATED)
fanout1213/X                             10     21    -11 (VIOLATED)
fanout1222/X                             10     21    -11 (VIOLATED)
fanout1224/X                             10     21    -11 (VIOLATED)
fanout1244/X                             10     21    -11 (VIOLATED)
fanout1280/X                             10     21    -11 (VIOLATED)
fanout1287/X                             10     21    -11 (VIOLATED)
fanout1300/X                             10     21    -11 (VIOLATED)
fanout201/X                              10     21    -11 (VIOLATED)
fanout202/X                              10     21    -11 (VIOLATED)
fanout203/X                              10     21    -11 (VIOLATED)
fanout204/X                              10     21    -11 (VIOLATED)
fanout205/X                              10     21    -11 (VIOLATED)
fanout208/X                              10     21    -11 (VIOLATED)
fanout209/X                              10     21    -11 (VIOLATED)
fanout210/X                              10     21    -11 (VIOLATED)
fanout211/X                              10     21    -11 (VIOLATED)
fanout212/X                              10     21    -11 (VIOLATED)
fanout213/X                              10     21    -11 (VIOLATED)
fanout214/X                              10     21    -11 (VIOLATED)
fanout215/X                              10     21    -11 (VIOLATED)
fanout216/X                              10     21    -11 (VIOLATED)
fanout217/X                              10     21    -11 (VIOLATED)
fanout259/X                              10     21    -11 (VIOLATED)
fanout282/X                              10     21    -11 (VIOLATED)
fanout283/X                              10     21    -11 (VIOLATED)
fanout307/X                              10     21    -11 (VIOLATED)
fanout323/X                              10     21    -11 (VIOLATED)
fanout332/X                              10     21    -11 (VIOLATED)
fanout333/X                              10     21    -11 (VIOLATED)
fanout334/X                              10     21    -11 (VIOLATED)
fanout337/X                              10     21    -11 (VIOLATED)
fanout339/X                              10     21    -11 (VIOLATED)
fanout341/X                              10     21    -11 (VIOLATED)
fanout347/X                              10     21    -11 (VIOLATED)
fanout348/X                              10     21    -11 (VIOLATED)
fanout350/X                              10     21    -11 (VIOLATED)
fanout352/X                              10     21    -11 (VIOLATED)
fanout382/X                              10     21    -11 (VIOLATED)
fanout383/X                              10     21    -11 (VIOLATED)
fanout384/X                              10     21    -11 (VIOLATED)
fanout385/X                              10     21    -11 (VIOLATED)
fanout388/X                              10     21    -11 (VIOLATED)
fanout390/X                              10     21    -11 (VIOLATED)
fanout392/X                              10     21    -11 (VIOLATED)
fanout394/X                              10     21    -11 (VIOLATED)
fanout396/X                              10     21    -11 (VIOLATED)
fanout398/X                              10     21    -11 (VIOLATED)
fanout400/X                              10     21    -11 (VIOLATED)
fanout402/X                              10     21    -11 (VIOLATED)
fanout404/X                              10     21    -11 (VIOLATED)
fanout405/X                              10     21    -11 (VIOLATED)
fanout408/X                              10     21    -11 (VIOLATED)
fanout410/X                              10     21    -11 (VIOLATED)
fanout412/X                              10     21    -11 (VIOLATED)
fanout414/X                              10     21    -11 (VIOLATED)
fanout416/X                              10     21    -11 (VIOLATED)
fanout418/X                              10     21    -11 (VIOLATED)
fanout420/X                              10     21    -11 (VIOLATED)
fanout421/X                              10     21    -11 (VIOLATED)
fanout424/X                              10     21    -11 (VIOLATED)
fanout426/X                              10     21    -11 (VIOLATED)
fanout428/X                              10     21    -11 (VIOLATED)
fanout429/X                              10     21    -11 (VIOLATED)
fanout432/X                              10     21    -11 (VIOLATED)
fanout434/X                              10     21    -11 (VIOLATED)
fanout436/X                              10     21    -11 (VIOLATED)
fanout438/X                              10     21    -11 (VIOLATED)
fanout440/X                              10     21    -11 (VIOLATED)
fanout442/X                              10     21    -11 (VIOLATED)
fanout444/X                              10     21    -11 (VIOLATED)
fanout445/X                              10     21    -11 (VIOLATED)
fanout448/X                              10     21    -11 (VIOLATED)
fanout450/X                              10     21    -11 (VIOLATED)
fanout452/X                              10     21    -11 (VIOLATED)
fanout454/X                              10     21    -11 (VIOLATED)
fanout456/X                              10     21    -11 (VIOLATED)
fanout458/X                              10     21    -11 (VIOLATED)
fanout460/X                              10     21    -11 (VIOLATED)
fanout462/X                              10     21    -11 (VIOLATED)
fanout464/X                              10     21    -11 (VIOLATED)
fanout466/X                              10     21    -11 (VIOLATED)
fanout468/X                              10     21    -11 (VIOLATED)
fanout469/X                              10     21    -11 (VIOLATED)
fanout472/X                              10     21    -11 (VIOLATED)
fanout474/X                              10     21    -11 (VIOLATED)
fanout476/X                              10     21    -11 (VIOLATED)
fanout477/X                              10     21    -11 (VIOLATED)
fanout480/X                              10     21    -11 (VIOLATED)
fanout481/X                              10     21    -11 (VIOLATED)
fanout482/X                              10     21    -11 (VIOLATED)
fanout484/X                              10     21    -11 (VIOLATED)
fanout486/X                              10     21    -11 (VIOLATED)
fanout488/X                              10     21    -11 (VIOLATED)
fanout490/X                              10     21    -11 (VIOLATED)
fanout492/X                              10     21    -11 (VIOLATED)
fanout494/X                              10     21    -11 (VIOLATED)
fanout496/X                              10     21    -11 (VIOLATED)
fanout497/X                              10     21    -11 (VIOLATED)
fanout500/X                              10     21    -11 (VIOLATED)
fanout507/X                              10     21    -11 (VIOLATED)
fanout510/X                              10     21    -11 (VIOLATED)
fanout511/X                              10     21    -11 (VIOLATED)
fanout536/X                              10     21    -11 (VIOLATED)
fanout537/X                              10     21    -11 (VIOLATED)
fanout539/X                              10     21    -11 (VIOLATED)
fanout540/X                              10     21    -11 (VIOLATED)
fanout541/X                              10     21    -11 (VIOLATED)
fanout549/X                              10     21    -11 (VIOLATED)
fanout551/X                              10     21    -11 (VIOLATED)
fanout552/X                              10     21    -11 (VIOLATED)
fanout554/X                              10     21    -11 (VIOLATED)
fanout555/X                              10     21    -11 (VIOLATED)
fanout568/X                              10     21    -11 (VIOLATED)
fanout570/X                              10     21    -11 (VIOLATED)
fanout571/X                              10     21    -11 (VIOLATED)
fanout573/X                              10     21    -11 (VIOLATED)
fanout590/X                              10     21    -11 (VIOLATED)
fanout592/X                              10     21    -11 (VIOLATED)
fanout594/X                              10     21    -11 (VIOLATED)
fanout595/X                              10     21    -11 (VIOLATED)
fanout598/X                              10     21    -11 (VIOLATED)
fanout599/X                              10     21    -11 (VIOLATED)
fanout602/X                              10     21    -11 (VIOLATED)
fanout603/X                              10     21    -11 (VIOLATED)
fanout606/X                              10     21    -11 (VIOLATED)
fanout608/X                              10     21    -11 (VIOLATED)
fanout610/X                              10     21    -11 (VIOLATED)
fanout612/X                              10     21    -11 (VIOLATED)
fanout614/X                              10     21    -11 (VIOLATED)
fanout615/X                              10     21    -11 (VIOLATED)
fanout617/X                              10     21    -11 (VIOLATED)
fanout618/X                              10     21    -11 (VIOLATED)
fanout621/X                              10     21    -11 (VIOLATED)
fanout622/X                              10     21    -11 (VIOLATED)
fanout625/X                              10     21    -11 (VIOLATED)
fanout626/X                              10     21    -11 (VIOLATED)
fanout629/X                              10     21    -11 (VIOLATED)
fanout630/X                              10     21    -11 (VIOLATED)
fanout631/X                              10     21    -11 (VIOLATED)
fanout632/X                              10     21    -11 (VIOLATED)
fanout634/X                              10     21    -11 (VIOLATED)
fanout636/X                              10     21    -11 (VIOLATED)
fanout638/X                              10     21    -11 (VIOLATED)
fanout640/X                              10     21    -11 (VIOLATED)
fanout641/X                              10     21    -11 (VIOLATED)
fanout644/X                              10     21    -11 (VIOLATED)
fanout645/X                              10     21    -11 (VIOLATED)
fanout648/X                              10     21    -11 (VIOLATED)
fanout649/X                              10     21    -11 (VIOLATED)
fanout652/X                              10     21    -11 (VIOLATED)
fanout653/X                              10     21    -11 (VIOLATED)
fanout656/X                              10     21    -11 (VIOLATED)
fanout657/X                              10     21    -11 (VIOLATED)
fanout660/X                              10     21    -11 (VIOLATED)
fanout661/X                              10     21    -11 (VIOLATED)
fanout664/X                              10     21    -11 (VIOLATED)
fanout666/X                              10     21    -11 (VIOLATED)
fanout668/X                              10     21    -11 (VIOLATED)
fanout669/X                              10     21    -11 (VIOLATED)
fanout672/X                              10     21    -11 (VIOLATED)
fanout673/X                              10     21    -11 (VIOLATED)
fanout676/X                              10     21    -11 (VIOLATED)
fanout677/X                              10     21    -11 (VIOLATED)
fanout680/X                              10     21    -11 (VIOLATED)
fanout682/X                              10     21    -11 (VIOLATED)
fanout683/X                              10     21    -11 (VIOLATED)
fanout684/X                              10     21    -11 (VIOLATED)
fanout687/X                              10     21    -11 (VIOLATED)
fanout688/X                              10     21    -11 (VIOLATED)
fanout691/X                              10     21    -11 (VIOLATED)
fanout692/X                              10     21    -11 (VIOLATED)
fanout695/X                              10     21    -11 (VIOLATED)
fanout696/X                              10     21    -11 (VIOLATED)
fanout699/X                              10     21    -11 (VIOLATED)
fanout701/X                              10     21    -11 (VIOLATED)
fanout703/X                              10     21    -11 (VIOLATED)
fanout705/X                              10     21    -11 (VIOLATED)
fanout707/X                              10     21    -11 (VIOLATED)
fanout708/X                              10     21    -11 (VIOLATED)
fanout711/X                              10     21    -11 (VIOLATED)
fanout713/X                              10     21    -11 (VIOLATED)
fanout715/X                              10     21    -11 (VIOLATED)
fanout717/X                              10     21    -11 (VIOLATED)
fanout719/X                              10     21    -11 (VIOLATED)
fanout721/X                              10     21    -11 (VIOLATED)
fanout724/X                              10     21    -11 (VIOLATED)
fanout725/X                              10     21    -11 (VIOLATED)
fanout731/X                              10     21    -11 (VIOLATED)
fanout733/X                              10     21    -11 (VIOLATED)
fanout734/X                              10     21    -11 (VIOLATED)
fanout737/X                              10     21    -11 (VIOLATED)
fanout739/X                              10     21    -11 (VIOLATED)
fanout741/X                              10     21    -11 (VIOLATED)
fanout742/X                              10     21    -11 (VIOLATED)
fanout745/X                              10     21    -11 (VIOLATED)
fanout746/X                              10     21    -11 (VIOLATED)
fanout748/X                              10     21    -11 (VIOLATED)
fanout749/X                              10     21    -11 (VIOLATED)
fanout752/X                              10     21    -11 (VIOLATED)
fanout753/X                              10     21    -11 (VIOLATED)
fanout756/X                              10     21    -11 (VIOLATED)
fanout757/X                              10     21    -11 (VIOLATED)
fanout760/X                              10     21    -11 (VIOLATED)
fanout761/X                              10     21    -11 (VIOLATED)
fanout764/X                              10     21    -11 (VIOLATED)
fanout765/X                              10     21    -11 (VIOLATED)
fanout768/X                              10     21    -11 (VIOLATED)
fanout769/X                              10     21    -11 (VIOLATED)
fanout771/X                              10     21    -11 (VIOLATED)
fanout772/X                              10     21    -11 (VIOLATED)
fanout774/X                              10     21    -11 (VIOLATED)
fanout775/X                              10     21    -11 (VIOLATED)
fanout778/X                              10     21    -11 (VIOLATED)
fanout779/X                              10     21    -11 (VIOLATED)
fanout782/X                              10     21    -11 (VIOLATED)
fanout783/X                              10     21    -11 (VIOLATED)
fanout786/X                              10     21    -11 (VIOLATED)
fanout788/X                              10     21    -11 (VIOLATED)
fanout790/X                              10     21    -11 (VIOLATED)
fanout791/X                              10     21    -11 (VIOLATED)
fanout794/X                              10     21    -11 (VIOLATED)
fanout796/X                              10     21    -11 (VIOLATED)
fanout798/X                              10     21    -11 (VIOLATED)
fanout799/X                              10     21    -11 (VIOLATED)
fanout802/X                              10     21    -11 (VIOLATED)
fanout803/X                              10     21    -11 (VIOLATED)
fanout806/X                              10     21    -11 (VIOLATED)
fanout807/X                              10     21    -11 (VIOLATED)
fanout810/X                              10     21    -11 (VIOLATED)
fanout811/X                              10     21    -11 (VIOLATED)
fanout814/X                              10     21    -11 (VIOLATED)
fanout816/X                              10     21    -11 (VIOLATED)
fanout818/X                              10     21    -11 (VIOLATED)
fanout819/X                              10     21    -11 (VIOLATED)
fanout822/X                              10     21    -11 (VIOLATED)
fanout823/X                              10     21    -11 (VIOLATED)
fanout826/X                              10     21    -11 (VIOLATED)
fanout827/X                              10     21    -11 (VIOLATED)
fanout828/X                              10     21    -11 (VIOLATED)
fanout829/X                              10     21    -11 (VIOLATED)
fanout830/X                              10     21    -11 (VIOLATED)
fanout833/X                              10     21    -11 (VIOLATED)
fanout834/X                              10     21    -11 (VIOLATED)
fanout837/X                              10     21    -11 (VIOLATED)
fanout838/X                              10     21    -11 (VIOLATED)
fanout841/X                              10     21    -11 (VIOLATED)
fanout842/X                              10     21    -11 (VIOLATED)
fanout845/X                              10     21    -11 (VIOLATED)
fanout847/X                              10     21    -11 (VIOLATED)
fanout849/X                              10     21    -11 (VIOLATED)
fanout851/X                              10     21    -11 (VIOLATED)
fanout853/X                              10     21    -11 (VIOLATED)
fanout855/X                              10     21    -11 (VIOLATED)
fanout857/X                              10     21    -11 (VIOLATED)
fanout859/X                              10     21    -11 (VIOLATED)
fanout860/X                              10     21    -11 (VIOLATED)
fanout861/X                              10     21    -11 (VIOLATED)
fanout862/X                              10     21    -11 (VIOLATED)
fanout863/X                              10     21    -11 (VIOLATED)
fanout864/X                              10     21    -11 (VIOLATED)
fanout866/X                              10     21    -11 (VIOLATED)
fanout867/X                              10     21    -11 (VIOLATED)
fanout868/X                              10     21    -11 (VIOLATED)
fanout869/X                              10     21    -11 (VIOLATED)
fanout870/X                              10     21    -11 (VIOLATED)
fanout871/X                              10     21    -11 (VIOLATED)
fanout874/X                              10     21    -11 (VIOLATED)
fanout875/X                              10     21    -11 (VIOLATED)
fanout876/X                              10     21    -11 (VIOLATED)
fanout888/X                              10     21    -11 (VIOLATED)
fanout890/X                              10     21    -11 (VIOLATED)
fanout892/X                              10     21    -11 (VIOLATED)
fanout895/X                              10     21    -11 (VIOLATED)
fanout897/X                              10     21    -11 (VIOLATED)
fanout899/X                              10     21    -11 (VIOLATED)
fanout900/X                              10     21    -11 (VIOLATED)
fanout904/X                              10     21    -11 (VIOLATED)
fanout905/X                              10     21    -11 (VIOLATED)
fanout915/X                              10     21    -11 (VIOLATED)
fanout920/X                              10     21    -11 (VIOLATED)
fanout921/X                              10     21    -11 (VIOLATED)
fanout922/X                              10     21    -11 (VIOLATED)
fanout924/X                              10     21    -11 (VIOLATED)
fanout927/X                              10     21    -11 (VIOLATED)
fanout930/X                              10     21    -11 (VIOLATED)
fanout931/X                              10     21    -11 (VIOLATED)
fanout932/X                              10     21    -11 (VIOLATED)
fanout935/X                              10     21    -11 (VIOLATED)
fanout936/X                              10     21    -11 (VIOLATED)
fanout938/X                              10     21    -11 (VIOLATED)
fanout939/X                              10     21    -11 (VIOLATED)
fanout940/X                              10     21    -11 (VIOLATED)
fanout944/X                              10     21    -11 (VIOLATED)
fanout946/X                              10     21    -11 (VIOLATED)
fanout948/X                              10     21    -11 (VIOLATED)
fanout950/X                              10     21    -11 (VIOLATED)
fanout956/X                              10     21    -11 (VIOLATED)
fanout963/X                              10     21    -11 (VIOLATED)
fanout968/X                              10     21    -11 (VIOLATED)
fanout981/X                              10     21    -11 (VIOLATED)
fanout991/X                              10     21    -11 (VIOLATED)
_09157_/X                                10     19     -9 (VIOLATED)
_10022_/Y                                10     19     -9 (VIOLATED)
_11064_/Y                                10     19     -9 (VIOLATED)
_11441_/Y                                10     19     -9 (VIOLATED)
_11468_/Y                                10     19     -9 (VIOLATED)
_11977_/X                                10     19     -9 (VIOLATED)
_11979_/X                                10     19     -9 (VIOLATED)
_11981_/X                                10     19     -9 (VIOLATED)
_11985_/X                                10     19     -9 (VIOLATED)
_11986_/X                                10     19     -9 (VIOLATED)
_12004_/X                                10     19     -9 (VIOLATED)
_12009_/X                                10     19     -9 (VIOLATED)
_12309_/X                                10     19     -9 (VIOLATED)
_12310_/X                                10     19     -9 (VIOLATED)
_12315_/X                                10     19     -9 (VIOLATED)
_12349_/X                                10     19     -9 (VIOLATED)
_12350_/X                                10     19     -9 (VIOLATED)
_12355_/X                                10     19     -9 (VIOLATED)
_12356_/X                                10     19     -9 (VIOLATED)
_12360_/X                                10     19     -9 (VIOLATED)
_12362_/X                                10     19     -9 (VIOLATED)
_18086_/Q                                10     19     -9 (VIOLATED)
_18211_/Q                                10     19     -9 (VIOLATED)
_18250_/Q                                10     19     -9 (VIOLATED)
_18276_/Q                                10     19     -9 (VIOLATED)
clkbuf_leaf_113_wb_clk_i/X               10     19     -9 (VIOLATED)
clkbuf_leaf_50_wb_clk_i/X                10     19     -9 (VIOLATED)
clkbuf_leaf_57_wb_clk_i/X                10     19     -9 (VIOLATED)
clkbuf_leaf_59_wb_clk_i/X                10     19     -9 (VIOLATED)
clkbuf_leaf_60_wb_clk_i/X                10     19     -9 (VIOLATED)
clkbuf_leaf_73_wb_clk_i/X                10     19     -9 (VIOLATED)
fanout1011/X                             10     19     -9 (VIOLATED)
fanout1111/X                             10     19     -9 (VIOLATED)
fanout1225/X                             10     19     -9 (VIOLATED)
fanout207/X                              10     19     -9 (VIOLATED)
fanout351/X                              10     19     -9 (VIOLATED)
fanout372/X                              10     19     -9 (VIOLATED)
fanout401/X                              10     19     -9 (VIOLATED)
fanout406/X                              10     19     -9 (VIOLATED)
fanout422/X                              10     19     -9 (VIOLATED)
fanout446/X                              10     19     -9 (VIOLATED)
fanout478/X                              10     19     -9 (VIOLATED)
fanout650/X                              10     19     -9 (VIOLATED)
fanout681/X                              10     19     -9 (VIOLATED)
fanout747/X                              10     19     -9 (VIOLATED)
fanout773/X                              10     19     -9 (VIOLATED)
fanout831/X                              10     19     -9 (VIOLATED)
fanout906/X                              10     19     -9 (VIOLATED)
fanout909/X                              10     19     -9 (VIOLATED)
fanout912/X                              10     19     -9 (VIOLATED)
fanout925/X                              10     19     -9 (VIOLATED)
fanout926/X                              10     19     -9 (VIOLATED)
fanout934/X                              10     19     -9 (VIOLATED)
fanout959/X                              10     19     -9 (VIOLATED)
fanout961/X                              10     19     -9 (VIOLATED)
fanout962/X                              10     19     -9 (VIOLATED)
clkbuf_leaf_65_wb_clk_i/X                10     18     -8 (VIOLATED)
_08036_/Y                                10     17     -7 (VIOLATED)
_08284_/X                                10     17     -7 (VIOLATED)
_08495_/Y                                10     17     -7 (VIOLATED)
_08580_/Y                                10     17     -7 (VIOLATED)
_09064_/Y                                10     17     -7 (VIOLATED)
_09153_/X                                10     17     -7 (VIOLATED)
_10334_/X                                10     17     -7 (VIOLATED)
_11125_/Y                                10     17     -7 (VIOLATED)
_11126_/X                                10     17     -7 (VIOLATED)
_11130_/Y                                10     17     -7 (VIOLATED)
_11131_/Y                                10     17     -7 (VIOLATED)
_11133_/Y                                10     17     -7 (VIOLATED)
_11134_/Y                                10     17     -7 (VIOLATED)
_11135_/X                                10     17     -7 (VIOLATED)
_11136_/X                                10     17     -7 (VIOLATED)
_11137_/X                                10     17     -7 (VIOLATED)
_11138_/Y                                10     17     -7 (VIOLATED)
_11139_/Y                                10     17     -7 (VIOLATED)
_11140_/X                                10     17     -7 (VIOLATED)
_11142_/Y                                10     17     -7 (VIOLATED)
_11143_/Y                                10     17     -7 (VIOLATED)
_11144_/Y                                10     17     -7 (VIOLATED)
_11145_/X                                10     17     -7 (VIOLATED)
_11147_/Y                                10     17     -7 (VIOLATED)
_11149_/Y                                10     17     -7 (VIOLATED)
_11150_/Y                                10     17     -7 (VIOLATED)
_11151_/Y                                10     17     -7 (VIOLATED)
_11152_/Y                                10     17     -7 (VIOLATED)
_11153_/Y                                10     17     -7 (VIOLATED)
_11154_/Y                                10     17     -7 (VIOLATED)
_11155_/Y                                10     17     -7 (VIOLATED)
_11157_/Y                                10     17     -7 (VIOLATED)
_11158_/Y                                10     17     -7 (VIOLATED)
_11159_/Y                                10     17     -7 (VIOLATED)
_11160_/Y                                10     17     -7 (VIOLATED)
_11161_/Y                                10     17     -7 (VIOLATED)
_11162_/X                                10     17     -7 (VIOLATED)
_11163_/X                                10     17     -7 (VIOLATED)
_11164_/X                                10     17     -7 (VIOLATED)
_11591_/X                                10     17     -7 (VIOLATED)
_11616_/X                                10     17     -7 (VIOLATED)
_12000_/Y                                10     17     -7 (VIOLATED)
_12024_/X                                10     17     -7 (VIOLATED)
_12028_/X                                10     17     -7 (VIOLATED)
_12317_/X                                10     17     -7 (VIOLATED)
_12319_/X                                10     17     -7 (VIOLATED)
_12328_/Y                                10     17     -7 (VIOLATED)
_12337_/X                                10     17     -7 (VIOLATED)
_12346_/X                                10     17     -7 (VIOLATED)
_12351_/X                                10     17     -7 (VIOLATED)
_12364_/X                                10     17     -7 (VIOLATED)
_12367_/X                                10     17     -7 (VIOLATED)
_12369_/Y                                10     17     -7 (VIOLATED)
_12386_/X                                10     17     -7 (VIOLATED)
_12388_/X                                10     17     -7 (VIOLATED)
_12396_/X                                10     17     -7 (VIOLATED)
_18266_/Q                                10     17     -7 (VIOLATED)
_18273_/Q                                10     17     -7 (VIOLATED)
clkbuf_0_wb_clk_i/X                      10     17     -7 (VIOLATED)
clkbuf_leaf_100_wb_clk_i/X               10     17     -7 (VIOLATED)
clkbuf_leaf_76_wb_clk_i/X                10     17     -7 (VIOLATED)
clkbuf_leaf_79_wb_clk_i/X                10     17     -7 (VIOLATED)
clkbuf_leaf_81_wb_clk_i/X                10     17     -7 (VIOLATED)
clkbuf_leaf_83_wb_clk_i/X                10     17     -7 (VIOLATED)
fanout1014/X                             10     17     -7 (VIOLATED)
fanout1086/X                             10     17     -7 (VIOLATED)
fanout1094/X                             10     17     -7 (VIOLATED)
fanout1234/X                             10     17     -7 (VIOLATED)
fanout245/X                              10     17     -7 (VIOLATED)
fanout346/X                              10     17     -7 (VIOLATED)
fanout386/X                              10     17     -7 (VIOLATED)
fanout395/X                              10     17     -7 (VIOLATED)
fanout419/X                              10     17     -7 (VIOLATED)
fanout430/X                              10     17     -7 (VIOLATED)
fanout470/X                              10     17     -7 (VIOLATED)
fanout498/X                              10     17     -7 (VIOLATED)
fanout546/X                              10     17     -7 (VIOLATED)
fanout616/X                              10     17     -7 (VIOLATED)
fanout619/X                              10     17     -7 (VIOLATED)
fanout646/X                              10     17     -7 (VIOLATED)
fanout654/X                              10     17     -7 (VIOLATED)
fanout662/X                              10     17     -7 (VIOLATED)
fanout670/X                              10     17     -7 (VIOLATED)
fanout685/X                              10     17     -7 (VIOLATED)
fanout758/X                              10     17     -7 (VIOLATED)
fanout762/X                              10     17     -7 (VIOLATED)
fanout792/X                              10     17     -7 (VIOLATED)
fanout797/X                              10     17     -7 (VIOLATED)
fanout929/X                              10     17     -7 (VIOLATED)
fanout958/X                              10     17     -7 (VIOLATED)
wire349/X                                10     17     -7 (VIOLATED)
wire374/X                                10     17     -7 (VIOLATED)
wire375/X                                10     17     -7 (VIOLATED)
wire377/X                                10     17     -7 (VIOLATED)
clkbuf_leaf_40_wb_clk_i/X                10     16     -6 (VIOLATED)
clkbuf_leaf_49_wb_clk_i/X                10     16     -6 (VIOLATED)
clkbuf_leaf_84_wb_clk_i/X                10     16     -6 (VIOLATED)
clkbuf_leaf_90_wb_clk_i/X                10     16     -6 (VIOLATED)
clkbuf_leaf_98_wb_clk_i/X                10     16     -6 (VIOLATED)
_08049_/Y                                10     15     -5 (VIOLATED)
_08192_/Y                                10     15     -5 (VIOLATED)
_08336_/X                                10     15     -5 (VIOLATED)
_08454_/X                                10     15     -5 (VIOLATED)
_08536_/Y                                10     15     -5 (VIOLATED)
_08746_/Y                                10     15     -5 (VIOLATED)
_08877_/X                                10     15     -5 (VIOLATED)
_09017_/X                                10     15     -5 (VIOLATED)
_09108_/Y                                10     15     -5 (VIOLATED)
_09203_/X                                10     15     -5 (VIOLATED)
_09397_/Y                                10     15     -5 (VIOLATED)
_09559_/X                                10     15     -5 (VIOLATED)
_09698_/X                                10     15     -5 (VIOLATED)
_09770_/X                                10     15     -5 (VIOLATED)
_09895_/X                                10     15     -5 (VIOLATED)
_10027_/Y                                10     15     -5 (VIOLATED)
_10771_/Y                                10     15     -5 (VIOLATED)
_11433_/X                                10     15     -5 (VIOLATED)
_11962_/Y                                10     15     -5 (VIOLATED)
_17508_/Q                                10     15     -5 (VIOLATED)
_17953_/Q                                10     15     -5 (VIOLATED)
_18253_/Q                                10     15     -5 (VIOLATED)
_18260_/Q                                10     15     -5 (VIOLATED)
_18267_/Q                                10     15     -5 (VIOLATED)
_18268_/Q                                10     15     -5 (VIOLATED)
_18272_/Q                                10     15     -5 (VIOLATED)
clkbuf_leaf_0_wb_clk_i/X                 10     15     -5 (VIOLATED)
clkbuf_leaf_199_wb_clk_i/X               10     15     -5 (VIOLATED)
clkbuf_leaf_35_wb_clk_i/X                10     15     -5 (VIOLATED)
clkbuf_leaf_38_wb_clk_i/X                10     15     -5 (VIOLATED)
clkbuf_leaf_39_wb_clk_i/X                10     15     -5 (VIOLATED)
clkbuf_leaf_42_wb_clk_i/X                10     15     -5 (VIOLATED)
clkbuf_leaf_87_wb_clk_i/X                10     15     -5 (VIOLATED)
clkbuf_leaf_91_wb_clk_i/X                10     15     -5 (VIOLATED)
fanout1019/X                             10     15     -5 (VIOLATED)
fanout1064/X                             10     15     -5 (VIOLATED)
fanout1072/X                             10     15     -5 (VIOLATED)
fanout1161/X                             10     15     -5 (VIOLATED)
fanout1170/X                             10     15     -5 (VIOLATED)
fanout1211/X                             10     15     -5 (VIOLATED)
fanout1241/X                             10     15     -5 (VIOLATED)
fanout1252/X                             10     15     -5 (VIOLATED)
fanout1311/X                             10     15     -5 (VIOLATED)
fanout1312/X                             10     15     -5 (VIOLATED)
fanout249/X                              10     15     -5 (VIOLATED)
fanout308/X                              10     15     -5 (VIOLATED)
fanout342/X                              10     15     -5 (VIOLATED)
fanout387/X                              10     15     -5 (VIOLATED)
fanout391/X                              10     15     -5 (VIOLATED)
fanout399/X                              10     15     -5 (VIOLATED)
fanout415/X                              10     15     -5 (VIOLATED)
fanout427/X                              10     15     -5 (VIOLATED)
fanout431/X                              10     15     -5 (VIOLATED)
fanout439/X                              10     15     -5 (VIOLATED)
fanout443/X                              10     15     -5 (VIOLATED)
fanout453/X                              10     15     -5 (VIOLATED)
fanout463/X                              10     15     -5 (VIOLATED)
fanout467/X                              10     15     -5 (VIOLATED)
fanout471/X                              10     15     -5 (VIOLATED)
fanout475/X                              10     15     -5 (VIOLATED)
fanout489/X                              10     15     -5 (VIOLATED)
fanout495/X                              10     15     -5 (VIOLATED)
fanout499/X                              10     15     -5 (VIOLATED)
fanout538/X                              10     15     -5 (VIOLATED)
fanout553/X                              10     15     -5 (VIOLATED)
fanout556/X                              10     15     -5 (VIOLATED)
fanout572/X                              10     15     -5 (VIOLATED)
fanout593/X                              10     15     -5 (VIOLATED)
fanout596/X                              10     15     -5 (VIOLATED)
fanout597/X                              10     15     -5 (VIOLATED)
fanout600/X                              10     15     -5 (VIOLATED)
fanout623/X                              10     15     -5 (VIOLATED)
fanout624/X                              10     15     -5 (VIOLATED)
fanout627/X                              10     15     -5 (VIOLATED)
fanout628/X                              10     15     -5 (VIOLATED)
fanout633/X                              10     15     -5 (VIOLATED)
fanout635/X                              10     15     -5 (VIOLATED)
fanout643/X                              10     15     -5 (VIOLATED)
fanout658/X                              10     15     -5 (VIOLATED)
fanout674/X                              10     15     -5 (VIOLATED)
fanout678/X                              10     15     -5 (VIOLATED)
fanout690/X                              10     15     -5 (VIOLATED)
fanout693/X                              10     15     -5 (VIOLATED)
fanout698/X                              10     15     -5 (VIOLATED)
fanout709/X                              10     15     -5 (VIOLATED)
fanout710/X                              10     15     -5 (VIOLATED)
fanout718/X                              10     15     -5 (VIOLATED)
fanout720/X                              10     15     -5 (VIOLATED)
fanout726/X                              10     15     -5 (VIOLATED)
fanout736/X                              10     15     -5 (VIOLATED)
fanout743/X                              10     15     -5 (VIOLATED)
fanout750/X                              10     15     -5 (VIOLATED)
fanout751/X                              10     15     -5 (VIOLATED)
fanout755/X                              10     15     -5 (VIOLATED)
fanout766/X                              10     15     -5 (VIOLATED)
fanout770/X                              10     15     -5 (VIOLATED)
fanout776/X                              10     15     -5 (VIOLATED)
fanout780/X                              10     15     -5 (VIOLATED)
fanout781/X                              10     15     -5 (VIOLATED)
fanout784/X                              10     15     -5 (VIOLATED)
fanout789/X                              10     15     -5 (VIOLATED)
fanout800/X                              10     15     -5 (VIOLATED)
fanout805/X                              10     15     -5 (VIOLATED)
fanout821/X                              10     15     -5 (VIOLATED)
fanout824/X                              10     15     -5 (VIOLATED)
fanout836/X                              10     15     -5 (VIOLATED)
fanout839/X                              10     15     -5 (VIOLATED)
fanout843/X                              10     15     -5 (VIOLATED)
fanout848/X                              10     15     -5 (VIOLATED)
fanout856/X                              10     15     -5 (VIOLATED)
fanout885/X                              10     15     -5 (VIOLATED)
fanout937/X                              10     15     -5 (VIOLATED)
fanout949/X                              10     15     -5 (VIOLATED)
wire360/X                                10     15     -5 (VIOLATED)
wire373/X                                10     15     -5 (VIOLATED)
wire376/X                                10     15     -5 (VIOLATED)
wire378/X                                10     15     -5 (VIOLATED)
wire379/X                                10     15     -5 (VIOLATED)
wire380/X                                10     15     -5 (VIOLATED)
wire523/X                                10     15     -5 (VIOLATED)
clkbuf_leaf_198_wb_clk_i/X               10     14     -4 (VIOLATED)
clkbuf_leaf_41_wb_clk_i/X                10     14     -4 (VIOLATED)
clkbuf_leaf_43_wb_clk_i/X                10     14     -4 (VIOLATED)
clkbuf_leaf_86_wb_clk_i/X                10     14     -4 (VIOLATED)
clkbuf_leaf_88_wb_clk_i/X                10     14     -4 (VIOLATED)
clkbuf_leaf_89_wb_clk_i/X                10     14     -4 (VIOLATED)
clkbuf_leaf_92_wb_clk_i/X                10     14     -4 (VIOLATED)
clkbuf_leaf_93_wb_clk_i/X                10     14     -4 (VIOLATED)
clkbuf_leaf_9_wb_clk_i/X                 10     14     -4 (VIOLATED)
_08704_/Y                                10     13     -3 (VIOLATED)
_10903_/Y                                10     13     -3 (VIOLATED)
_11436_/X                                10     13     -3 (VIOLATED)
_11536_/X                                10     13     -3 (VIOLATED)
_12052_/X                                10     13     -3 (VIOLATED)
_17520_/Q                                10     13     -3 (VIOLATED)
_17527_/Q                                10     13     -3 (VIOLATED)
_17917_/Q                                10     13     -3 (VIOLATED)
_18254_/Q                                10     13     -3 (VIOLATED)
_18255_/Q                                10     13     -3 (VIOLATED)
_18256_/Q                                10     13     -3 (VIOLATED)
_18265_/Q                                10     13     -3 (VIOLATED)
_18271_/Q                                10     13     -3 (VIOLATED)
_18277_/Q                                10     13     -3 (VIOLATED)
clkbuf_leaf_114_wb_clk_i/X               10     13     -3 (VIOLATED)
clkbuf_leaf_203_wb_clk_i/X               10     13     -3 (VIOLATED)
clkbuf_leaf_204_wb_clk_i/X               10     13     -3 (VIOLATED)
clkbuf_leaf_33_wb_clk_i/X                10     13     -3 (VIOLATED)
clkbuf_leaf_34_wb_clk_i/X                10     13     -3 (VIOLATED)
clkbuf_leaf_82_wb_clk_i/X                10     13     -3 (VIOLATED)
clkbuf_leaf_97_wb_clk_i/X                10     13     -3 (VIOLATED)
fanout1010/X                             10     13     -3 (VIOLATED)
fanout1021/X                             10     13     -3 (VIOLATED)
fanout1032/X                             10     13     -3 (VIOLATED)
fanout1047/X                             10     13     -3 (VIOLATED)
fanout1107/X                             10     13     -3 (VIOLATED)
fanout1163/X                             10     13     -3 (VIOLATED)
fanout1175/X                             10     13     -3 (VIOLATED)
fanout1177/X                             10     13     -3 (VIOLATED)
fanout1243/X                             10     13     -3 (VIOLATED)
fanout1278/X                             10     13     -3 (VIOLATED)
fanout1279/X                             10     13     -3 (VIOLATED)
fanout221/X                              10     13     -3 (VIOLATED)
fanout237/X                              10     13     -3 (VIOLATED)
fanout262/X                              10     13     -3 (VIOLATED)
fanout289/X                              10     13     -3 (VIOLATED)
fanout327/X                              10     13     -3 (VIOLATED)
fanout353/X                              10     13     -3 (VIOLATED)
fanout368/X                              10     13     -3 (VIOLATED)
fanout403/X                              10     13     -3 (VIOLATED)
fanout407/X                              10     13     -3 (VIOLATED)
fanout409/X                              10     13     -3 (VIOLATED)
fanout411/X                              10     13     -3 (VIOLATED)
fanout423/X                              10     13     -3 (VIOLATED)
fanout433/X                              10     13     -3 (VIOLATED)
fanout435/X                              10     13     -3 (VIOLATED)
fanout447/X                              10     13     -3 (VIOLATED)
fanout449/X                              10     13     -3 (VIOLATED)
fanout451/X                              10     13     -3 (VIOLATED)
fanout455/X                              10     13     -3 (VIOLATED)
fanout457/X                              10     13     -3 (VIOLATED)
fanout459/X                              10     13     -3 (VIOLATED)
fanout479/X                              10     13     -3 (VIOLATED)
fanout485/X                              10     13     -3 (VIOLATED)
fanout487/X                              10     13     -3 (VIOLATED)
fanout493/X                              10     13     -3 (VIOLATED)
fanout515/X                              10     13     -3 (VIOLATED)
fanout561/X                              10     13     -3 (VIOLATED)
fanout577/X                              10     13     -3 (VIOLATED)
fanout582/X                              10     13     -3 (VIOLATED)
fanout601/X                              10     13     -3 (VIOLATED)
fanout604/X                              10     13     -3 (VIOLATED)
fanout605/X                              10     13     -3 (VIOLATED)
fanout609/X                              10     13     -3 (VIOLATED)
fanout613/X                              10     13     -3 (VIOLATED)
fanout642/X                              10     13     -3 (VIOLATED)
fanout655/X                              10     13     -3 (VIOLATED)
fanout659/X                              10     13     -3 (VIOLATED)
fanout665/X                              10     13     -3 (VIOLATED)
fanout667/X                              10     13     -3 (VIOLATED)
fanout675/X                              10     13     -3 (VIOLATED)
fanout689/X                              10     13     -3 (VIOLATED)
fanout697/X                              10     13     -3 (VIOLATED)
fanout700/X                              10     13     -3 (VIOLATED)
fanout740/X                              10     13     -3 (VIOLATED)
fanout744/X                              10     13     -3 (VIOLATED)
fanout777/X                              10     13     -3 (VIOLATED)
fanout785/X                              10     13     -3 (VIOLATED)
fanout801/X                              10     13     -3 (VIOLATED)
fanout808/X                              10     13     -3 (VIOLATED)
fanout809/X                              10     13     -3 (VIOLATED)
fanout812/X                              10     13     -3 (VIOLATED)
fanout813/X                              10     13     -3 (VIOLATED)
fanout815/X                              10     13     -3 (VIOLATED)
fanout820/X                              10     13     -3 (VIOLATED)
fanout832/X                              10     13     -3 (VIOLATED)
fanout835/X                              10     13     -3 (VIOLATED)
fanout840/X                              10     13     -3 (VIOLATED)
fanout844/X                              10     13     -3 (VIOLATED)
fanout873/X                              10     13     -3 (VIOLATED)
fanout891/X                              10     13     -3 (VIOLATED)
fanout914/X                              10     13     -3 (VIOLATED)
fanout933/X                              10     13     -3 (VIOLATED)
fanout951/X                              10     13     -3 (VIOLATED)
fanout988/X                              10     13     -3 (VIOLATED)
input1/X                                 10     13     -3 (VIOLATED)
wire381/X                                10     13     -3 (VIOLATED)
_09279_/X                                10     12     -2 (VIOLATED)
clkbuf_leaf_107_wb_clk_i/X               10     12     -2 (VIOLATED)
clkbuf_leaf_108_wb_clk_i/X               10     12     -2 (VIOLATED)
clkbuf_leaf_10_wb_clk_i/X                10     12     -2 (VIOLATED)
clkbuf_leaf_115_wb_clk_i/X               10     12     -2 (VIOLATED)
clkbuf_leaf_117_wb_clk_i/X               10     12     -2 (VIOLATED)
clkbuf_leaf_123_wb_clk_i/X               10     12     -2 (VIOLATED)
clkbuf_leaf_150_wb_clk_i/X               10     12     -2 (VIOLATED)
clkbuf_leaf_151_wb_clk_i/X               10     12     -2 (VIOLATED)
clkbuf_leaf_152_wb_clk_i/X               10     12     -2 (VIOLATED)
clkbuf_leaf_184_wb_clk_i/X               10     12     -2 (VIOLATED)
clkbuf_leaf_188_wb_clk_i/X               10     12     -2 (VIOLATED)
clkbuf_leaf_191_wb_clk_i/X               10     12     -2 (VIOLATED)
clkbuf_leaf_201_wb_clk_i/X               10     12     -2 (VIOLATED)
clkbuf_leaf_66_wb_clk_i/X                10     12     -2 (VIOLATED)
clkbuf_leaf_77_wb_clk_i/X                10     12     -2 (VIOLATED)
clkbuf_leaf_80_wb_clk_i/X                10     12     -2 (VIOLATED)
_08182_/Y                                10     11        (VIOLATED)
_08204_/X                                10     11        (VIOLATED)
_08410_/X                                10     11        (VIOLATED)
_08808_/X                                10     11        (VIOLATED)
_08971_/X                                10     11        (VIOLATED)
_09373_/X                                10     11        (VIOLATED)
_09597_/X                                10     11        (VIOLATED)
_09665_/X                                10     11        (VIOLATED)
_09892_/Y                                10     11        (VIOLATED)
_10026_/X                                10     11        (VIOLATED)
_10080_/Y                                10     11        (VIOLATED)
_10158_/Y                                10     11        (VIOLATED)
_10193_/Y                                10     11        (VIOLATED)
_10249_/X                                10     11        (VIOLATED)
_10298_/Y                                10     11        (VIOLATED)
_10329_/X                                10     11        (VIOLATED)
_10349_/Y                                10     11        (VIOLATED)
_10368_/Y                                10     11        (VIOLATED)
_10390_/Y                                10     11        (VIOLATED)
_10407_/Y                                10     11        (VIOLATED)
_10429_/Y                                10     11        (VIOLATED)
_10449_/X                                10     11        (VIOLATED)
_10467_/Y                                10     11        (VIOLATED)
_10487_/Y                                10     11        (VIOLATED)
_10509_/Y                                10     11        (VIOLATED)
_10529_/Y                                10     11        (VIOLATED)
_10563_/Y                                10     11        (VIOLATED)
_10583_/Y                                10     11        (VIOLATED)
_10602_/Y                                10     11        (VIOLATED)
_10617_/Y                                10     11        (VIOLATED)
_10705_/Y                                10     11        (VIOLATED)
_10729_/X                                10     11        (VIOLATED)
_10744_/X                                10     11        (VIOLATED)
_10758_/Y                                10     11        (VIOLATED)
_11432_/Y                                10     11        (VIOLATED)
_11557_/X                                10     11        (VIOLATED)
_17510_/Q                                10     11        (VIOLATED)
_17516_/Q                                10     11        (VIOLATED)
_17517_/Q                                10     11        (VIOLATED)
_17518_/Q                                10     11        (VIOLATED)
_17522_/Q                                10     11        (VIOLATED)
_18270_/Q                                10     11        (VIOLATED)
clkbuf_leaf_110_wb_clk_i/X               10     11        (VIOLATED)
clkbuf_leaf_116_wb_clk_i/X               10     11        (VIOLATED)
clkbuf_leaf_128_wb_clk_i/X               10     11        (VIOLATED)
clkbuf_leaf_12_wb_clk_i/X                10     11        (VIOLATED)
clkbuf_leaf_132_wb_clk_i/X               10     11        (VIOLATED)
clkbuf_leaf_137_wb_clk_i/X               10     11        (VIOLATED)
clkbuf_leaf_138_wb_clk_i/X               10     11        (VIOLATED)
clkbuf_leaf_141_wb_clk_i/X               10     11        (VIOLATED)
clkbuf_leaf_148_wb_clk_i/X               10     11        (VIOLATED)
clkbuf_leaf_155_wb_clk_i/X               10     11        (VIOLATED)
clkbuf_leaf_156_wb_clk_i/X               10     11        (VIOLATED)
clkbuf_leaf_159_wb_clk_i/X               10     11        (VIOLATED)
clkbuf_leaf_160_wb_clk_i/X               10     11        (VIOLATED)
clkbuf_leaf_161_wb_clk_i/X               10     11        (VIOLATED)
clkbuf_leaf_162_wb_clk_i/X               10     11        (VIOLATED)
clkbuf_leaf_163_wb_clk_i/X               10     11        (VIOLATED)
clkbuf_leaf_175_wb_clk_i/X               10     11        (VIOLATED)
clkbuf_leaf_17_wb_clk_i/X                10     11        (VIOLATED)
clkbuf_leaf_185_wb_clk_i/X               10     11        (VIOLATED)
clkbuf_leaf_2_wb_clk_i/X                 10     11        (VIOLATED)
clkbuf_leaf_58_wb_clk_i/X                10     11        (VIOLATED)
clkbuf_leaf_64_wb_clk_i/X                10     11        (VIOLATED)
clkbuf_leaf_74_wb_clk_i/X                10     11        (VIOLATED)
clkbuf_leaf_95_wb_clk_i/X                10     11        (VIOLATED)
clkbuf_leaf_96_wb_clk_i/X                10     11        (VIOLATED)
clkbuf_leaf_99_wb_clk_i/X                10     11        (VIOLATED)
fanout1012/X                             10     11        (VIOLATED)
fanout1035/X                             10     11        (VIOLATED)
fanout1036/X                             10     11        (VIOLATED)
fanout1065/X                             10     11        (VIOLATED)
fanout1078/X                             10     11        (VIOLATED)
fanout1108/X                             10     11        (VIOLATED)
fanout1127/X                             10     11        (VIOLATED)
fanout1137/X                             10     11        (VIOLATED)
fanout1151/X                             10     11        (VIOLATED)
fanout1186/X                             10     11        (VIOLATED)
fanout1261/X                             10     11        (VIOLATED)
fanout1313/X                             10     11        (VIOLATED)
fanout316/X                              10     11        (VIOLATED)
fanout340/X                              10     11        (VIOLATED)
fanout389/X                              10     11        (VIOLATED)
fanout393/X                              10     11        (VIOLATED)
fanout397/X                              10     11        (VIOLATED)
fanout413/X                              10     11        (VIOLATED)
fanout417/X                              10     11        (VIOLATED)
fanout425/X                              10     11        (VIOLATED)
fanout437/X                              10     11        (VIOLATED)
fanout441/X                              10     11        (VIOLATED)
fanout461/X                              10     11        (VIOLATED)
fanout465/X                              10     11        (VIOLATED)
fanout473/X                              10     11        (VIOLATED)
fanout483/X                              10     11        (VIOLATED)
fanout491/X                              10     11        (VIOLATED)
fanout522/X                              10     11        (VIOLATED)
fanout542/X                              10     11        (VIOLATED)
fanout580/X                              10     11        (VIOLATED)
fanout581/X                              10     11        (VIOLATED)
fanout591/X                              10     11        (VIOLATED)
fanout607/X                              10     11        (VIOLATED)
fanout611/X                              10     11        (VIOLATED)
fanout620/X                              10     11        (VIOLATED)
fanout637/X                              10     11        (VIOLATED)
fanout639/X                              10     11        (VIOLATED)
fanout647/X                              10     11        (VIOLATED)
fanout651/X                              10     11        (VIOLATED)
fanout663/X                              10     11        (VIOLATED)
fanout671/X                              10     11        (VIOLATED)
fanout679/X                              10     11        (VIOLATED)
fanout686/X                              10     11        (VIOLATED)
fanout694/X                              10     11        (VIOLATED)
fanout702/X                              10     11        (VIOLATED)
fanout704/X                              10     11        (VIOLATED)
fanout706/X                              10     11        (VIOLATED)
fanout712/X                              10     11        (VIOLATED)
fanout714/X                              10     11        (VIOLATED)
fanout716/X                              10     11        (VIOLATED)
fanout722/X                              10     11        (VIOLATED)
fanout730/X                              10     11        (VIOLATED)
fanout732/X                              10     11        (VIOLATED)
fanout735/X                              10     11        (VIOLATED)
fanout738/X                              10     11        (VIOLATED)
fanout754/X                              10     11        (VIOLATED)
fanout759/X                              10     11        (VIOLATED)
fanout763/X                              10     11        (VIOLATED)
fanout767/X                              10     11        (VIOLATED)
fanout787/X                              10     11        (VIOLATED)
fanout793/X                              10     11        (VIOLATED)
fanout795/X                              10     11        (VIOLATED)
fanout804/X                              10     11        (VIOLATED)
fanout817/X                              10     11        (VIOLATED)
fanout825/X                              10     11        (VIOLATED)
fanout846/X                              10     11        (VIOLATED)
fanout850/X                              10     11        (VIOLATED)
fanout852/X                              10     11        (VIOLATED)
fanout854/X                              10     11        (VIOLATED)
fanout882/X                              10     11        (VIOLATED)
fanout894/X                              10     11        (VIOLATED)
fanout898/X                              10     11        (VIOLATED)
fanout902/X                              10     11        (VIOLATED)
fanout964/X                              10     11        (VIOLATED)
fanout977/X                              10     11        (VIOLATED)
fanout984/X                              10     11        (VIOLATED)
wire533/X                                10     11        (VIOLATED)

max capacitance

Pin                                        Limit         Cap       Slack
------------------------------------------------------------------------
fanout480/X                             0.200000    0.200909   -0.000909 (VIOLATED)



===========================================================================
report_parasitic_annotation -report_unannotated
============================================================================
Found 428 unannotated drivers.
 gpio_in[0]
 gpio_in[10]
 gpio_in[11]
 gpio_in[12]
 gpio_in[13]
 gpio_in[14]
 gpio_in[15]
 gpio_in[16]
 gpio_in[17]
 gpio_in[18]
 gpio_in[19]
 gpio_in[1]
 gpio_in[20]
 gpio_in[21]
 gpio_in[22]
 gpio_in[23]
 gpio_in[24]
 gpio_in[25]
 gpio_in[26]
 gpio_in[27]
 gpio_in[28]
 gpio_in[29]
 gpio_in[2]
 gpio_in[30]
 gpio_in[31]
 gpio_in[32]
 gpio_in[33]
 gpio_in[3]
 gpio_in[4]
 gpio_in[5]
 gpio_in[6]
 gpio_in[7]
 gpio_in[8]
 gpio_in[9]
 la_data_in[0]
 la_data_in[10]
 la_data_in[11]
 la_data_in[12]
 la_data_in[13]
 la_data_in[14]
 la_data_in[15]
 la_data_in[16]
 la_data_in[17]
 la_data_in[18]
 la_data_in[19]
 la_data_in[1]
 la_data_in[20]
 la_data_in[21]
 la_data_in[22]
 la_data_in[23]
 la_data_in[24]
 la_data_in[25]
 la_data_in[26]
 la_data_in[27]
 la_data_in[28]
 la_data_in[29]
 la_data_in[2]
 la_data_in[30]
 la_data_in[31]
 la_data_in[3]
 la_data_in[4]
 la_data_in[5]
 la_data_in[6]
 la_data_in[7]
 la_data_in[8]
 la_data_in[9]
 la_oenb[0]
 la_oenb[10]
 la_oenb[11]
 la_oenb[12]
 la_oenb[13]
 la_oenb[14]
 la_oenb[15]
 la_oenb[16]
 la_oenb[17]
 la_oenb[18]
 la_oenb[19]
 la_oenb[1]
 la_oenb[20]
 la_oenb[21]
 la_oenb[22]
 la_oenb[23]
 la_oenb[24]
 la_oenb[25]
 la_oenb[26]
 la_oenb[27]
 la_oenb[28]
 la_oenb[29]
 la_oenb[2]
 la_oenb[30]
 la_oenb[31]
 la_oenb[3]
 la_oenb[4]
 la_oenb[5]
 la_oenb[6]
 la_oenb[7]
 la_oenb[8]
 la_oenb[9]
 wbs_dat_i[10]
 wbs_dat_i[11]
 wbs_dat_i[12]
 wbs_dat_i[13]
 wbs_dat_i[14]
 wbs_dat_i[15]
 wbs_dat_i[16]
 wbs_dat_i[17]
 wbs_dat_i[18]
 wbs_dat_i[19]
 wbs_dat_i[1]
 wbs_dat_i[20]
 wbs_dat_i[21]
 wbs_dat_i[22]
 wbs_dat_i[23]
 wbs_dat_i[24]
 wbs_dat_i[25]
 wbs_dat_i[26]
 wbs_dat_i[27]
 wbs_dat_i[28]
 wbs_dat_i[29]
 wbs_dat_i[2]
 wbs_dat_i[30]
 wbs_dat_i[31]
 wbs_dat_i[3]
 wbs_dat_i[4]
 wbs_dat_i[5]
 wbs_dat_i[6]
 wbs_dat_i[7]
 wbs_dat_i[8]
 wbs_dat_i[9]
 wbs_sel_i[0]
 wbs_sel_i[1]
 wbs_sel_i[2]
 wbs_sel_i[3]
 _18285__1377/LO
 _18286__1378/LO
 _18287__1379/LO
 _18288__1380/LO
 _18289__1381/LO
 _18290__1382/LO
 _18291__1383/LO
 _18292__1384/LO
 _18293__1385/LO
 _18294__1386/LO
 _18295__1387/LO
 _18296__1388/LO
 _18297__1389/LO
 _18298__1390/LO
 _18299__1391/LO
 _18300__1392/LO
 _18301__1393/LO
 _18302__1394/LO
 _18303__1395/LO
 _18304__1396/LO
 _18305__1397/LO
 _18306__1398/LO
 _18307__1399/LO
 _18308__1400/LO
 _18309__1401/LO
 _18310__1402/LO
 _18311__1403/LO
 _18312__1404/LO
 _18313__1405/LO
 _18314__1406/LO
 _18315__1407/LO
 _18316__1408/LO
 _18317__1409/LO
 _18318__1410/LO
 _18319__1411/LO
 _18320__1412/LO
 _18321__1413/LO
 _18322__1414/LO
 _18323__1314/HI
 _18324__1315/HI
 _18325__1316/HI
 _18326__1317/HI
 _18327__1318/HI
 _18330__1319/HI
 _18331__1320/HI
 _18332__1321/HI
 _18333__1322/HI
 _18334__1323/HI
 _18335__1324/HI
 _18336__1325/HI
 _18337__1326/HI
 _18338__1327/HI
 _18339__1328/HI
 _18340__1329/HI
 _18341__1330/HI
 _18342__1331/HI
 _18343__1332/HI
 _18344__1333/HI
 _18349__1334/HI
 _18350__1335/HI
 _18351__1336/HI
 _18352__1337/HI
 _18353__1338/HI
 _18354__1339/HI
 _18355__1340/HI
 _18356__1341/HI
 _18357__1342/HI
 _18358__1343/HI
 _18359__1344/HI
 _18360__1345/HI
 _18361__1346/HI
 _18362__1347/HI
 _18363__1348/HI
 _18364__1349/HI
 _18365__1350/HI
 _18366__1351/HI
 _18367__1352/HI
 _18368__1353/HI
 _18369__1354/HI
 _18370__1355/HI
 _18371__1356/HI
 _18372__1357/HI
 _18373__1358/HI
 _18374__1359/HI
 _18375__1360/HI
 _18376__1361/HI
 _18377__1362/HI
 _18378__1363/HI
 _18379__1364/HI
 _18380__1365/HI
 _18381__1366/HI
 _18382__1367/HI
 _18383__1368/HI
 _18387__1369/HI
 _18391__1370/HI
 _18397__1371/HI
 _18400__1372/HI
 _18403__1373/HI
 _18405__1374/HI
 _18407__1375/HI
 _18412__1376/HI
 clkload0/Y
 clkload1/X
 clkload10/Y
 clkload100/X
 clkload101/Y
 clkload102/Y
 clkload103/X
 clkload104/X
 clkload105/Y
 clkload106/Y
 clkload107/X
 clkload108/X
 clkload109/X
 clkload11/Y
 clkload110/X
 clkload111/X
 clkload112/Y
 clkload113/Y
 clkload114/Y
 clkload115/X
 clkload116/Y
 clkload117/Y
 clkload118/Y
 clkload119/Y
 clkload12/Y
 clkload120/Y
 clkload121/Y
 clkload122/Y
 clkload123/Y
 clkload124/Y
 clkload125/Y
 clkload126/Y
 clkload127/Y
 clkload128/X
 clkload129/Y
 clkload13/Y
 clkload130/Y
 clkload131/X
 clkload132/Y
 clkload133/Y
 clkload134/Y
 clkload135/Y
 clkload136/Y
 clkload137/Y
 clkload138/X
 clkload139/Y
 clkload14/X
 clkload140/X
 clkload141/Y
 clkload142/Y
 clkload143/Y
 clkload144/Y
 clkload145/Y
 clkload146/Y
 clkload147/X
 clkload148/Y
 clkload149/Y
 clkload15/Y
 clkload150/Y
 clkload151/Y
 clkload152/X
 clkload153/Y
 clkload154/Y
 clkload155/Y
 clkload156/Y
 clkload157/Y
 clkload158/Y
 clkload159/Y
 clkload16/Y
 clkload160/Y
 clkload161/Y
 clkload162/Y
 clkload163/X
 clkload164/Y
 clkload165/Y
 clkload166/X
 clkload167/Y
 clkload168/Y
 clkload169/Y
 clkload17/Y
 clkload170/Y
 clkload171/Y
 clkload172/X
 clkload173/Y
 clkload174/Y
 clkload175/Y
 clkload176/X
 clkload177/Y
 clkload178/X
 clkload179/Y
 clkload18/Y
 clkload180/Y
 clkload181/X
 clkload182/Y
 clkload183/Y
 clkload184/Y
 clkload185/Y
 clkload186/Y
 clkload187/Y
 clkload188/Y
 clkload189/X
 clkload19/Y
 clkload190/Y
 clkload191/Y
 clkload192/Y
 clkload193/Y
 clkload2/Y
 clkload20/Y
 clkload21/Y
 clkload22/Y
 clkload23/Y
 clkload24/Y
 clkload25/Y
 clkload26/Y
 clkload27/Y
 clkload28/Y
 clkload29/Y
 clkload3/Y
 clkload30/Y
 clkload31/Y
 clkload32/Y
 clkload33/Y
 clkload34/Y
 clkload35/Y
 clkload36/X
 clkload37/Y
 clkload38/Y
 clkload39/X
 clkload4/X
 clkload40/Y
 clkload41/Y
 clkload42/X
 clkload43/Y
 clkload44/Y
 clkload45/Y
 clkload46/Y
 clkload47/Y
 clkload48/Y
 clkload49/X
 clkload5/X
 clkload50/X
 clkload51/Y
 clkload52/Y
 clkload53/Y
 clkload54/Y
 clkload55/Y
 clkload56/Y
 clkload57/X
 clkload58/Y
 clkload59/Y
 clkload6/Y
 clkload60/Y
 clkload61/Y
 clkload62/Y
 clkload63/Y
 clkload64/Y
 clkload65/Y
 clkload66/Y
 clkload67/Y
 clkload68/Y
 clkload69/Y
 clkload7/Y
 clkload70/Y
 clkload71/X
 clkload72/Y
 clkload73/X
 clkload74/Y
 clkload75/Y
 clkload76/Y
 clkload77/Y
 clkload78/Y
 clkload79/Y
 clkload8/X
 clkload80/Y
 clkload81/Y
 clkload82/Y
 clkload83/Y
 clkload84/X
 clkload85/Y
 clkload86/Y
 clkload87/Y
 clkload88/Y
 clkload89/Y
 clkload9/Y
 clkload90/Y
 clkload91/Y
 clkload92/Y
 clkload93/Y
 clkload94/Y
 clkload95/X
 clkload96/Y
 clkload97/X
 clkload98/X
 clkload99/Y
Found 0 partially unannotated drivers.

===========================================================================
max slew violation count 0
max fanout violation count 896
max cap violation count 1
============================================================================

===========================================================================
check_setup -verbose -unconstrained_endpoints -multiple_clock -no_clock -no_input_delay -loops -generated_clocks
===========================================================================
Warning: There are 20 unclocked register/latch pins.
  _18045_/CLK
  _18046_/CLK
  _18047_/CLK
  _18048_/CLK
  _18049_/CLK
  _18050_/CLK
  _18051_/CLK
  _18052_/CLK
  _18053_/CLK
  _18054_/CLK
  _18055_/CLK
  _18056_/CLK
  _18057_/CLK
  _18058_/CLK
  _18059_/CLK
  _18060_/CLK
  _18168_/CLK
  _18169_/CLK
  _18170_/CLK
  _18171_/CLK
Warning: There are 125 unconstrained endpoints.
  gpio_oeb[0]
  gpio_oeb[10]
  gpio_oeb[11]
  gpio_oeb[12]
  gpio_oeb[13]
  gpio_oeb[14]
  gpio_oeb[15]
  gpio_oeb[16]
  gpio_oeb[17]
  gpio_oeb[18]
  gpio_oeb[19]
  gpio_oeb[1]
  gpio_oeb[20]
  gpio_oeb[21]
  gpio_oeb[22]
  gpio_oeb[23]
  gpio_oeb[24]
  gpio_oeb[25]
  gpio_oeb[26]
  gpio_oeb[27]
  gpio_oeb[28]
  gpio_oeb[29]
  gpio_oeb[2]
  gpio_oeb[30]
  gpio_oeb[31]
  gpio_oeb[32]
  gpio_oeb[33]
  gpio_oeb[34]
  gpio_oeb[35]
  gpio_oeb[36]
  gpio_oeb[37]
  gpio_oeb[3]
  gpio_oeb[4]
  gpio_oeb[5]
  gpio_oeb[6]
  gpio_oeb[7]
  gpio_oeb[8]
  gpio_oeb[9]
  gpio_out[0]
  gpio_out[15]
  gpio_out[16]
  gpio_out[17]
  gpio_out[18]
  gpio_out[19]
  gpio_out[1]
  gpio_out[20]
  gpio_out[21]
  gpio_out[22]
  gpio_out[23]
  gpio_out[24]
  gpio_out[25]
  gpio_out[26]
  gpio_out[27]
  gpio_out[28]
  gpio_out[29]
  gpio_out[2]
  gpio_out[30]
  gpio_out[31]
  gpio_out[32]
  gpio_out[33]
  gpio_out[3]
  gpio_out[4]
  irq[0]
  irq[1]
  irq[2]
  la_data_out[0]
  la_data_out[10]
  la_data_out[11]
  la_data_out[12]
  la_data_out[13]
  la_data_out[14]
  la_data_out[15]
  la_data_out[16]
  la_data_out[17]
  la_data_out[18]
  la_data_out[19]
  la_data_out[1]
  la_data_out[20]
  la_data_out[21]
  la_data_out[22]
  la_data_out[23]
  la_data_out[24]
  la_data_out[25]
  la_data_out[26]
  la_data_out[27]
  la_data_out[28]
  la_data_out[29]
  la_data_out[2]
  la_data_out[30]
  la_data_out[31]
  la_data_out[3]
  la_data_out[4]
  la_data_out[5]
  la_data_out[6]
  la_data_out[7]
  la_data_out[8]
  la_data_out[9]
  wbs_dat_o[14]
  wbs_dat_o[17]
  wbs_dat_o[20]
  wbs_dat_o[22]
  wbs_dat_o[24]
  wbs_dat_o[29]
  wbs_dat_o[4]
  wbs_dat_o[8]
  _18045_/D
  _18046_/D
  _18047_/D
  _18048_/D
  _18049_/D
  _18050_/D
  _18051_/D
  _18052_/D
  _18053_/D
  _18054_/D
  _18055_/D
  _18056_/D
  _18057_/D
  _18058_/D
  _18059_/D
  _18060_/D
  _18168_/D
  _18169_/D
  _18170_/D
  _18171_/D
