
===========================================================================
report_checks -unconstrained
===========================================================================
======================= nom_ff_n40C_1v95 Corner ===================================

Startpoint: wb_rst_i (input port clocked by wb_clk_i)
Endpoint: _13968_ (recovery check against rising-edge clock wb_clk_i)
Path Group: asynchronous
Path Type: max

Fanout         Cap        Slew       Delay        Time   Description
---------------------------------------------------------------------------------------------
                                  0.000000    0.000000   clock wb_clk_i (rise edge)
                                  0.000000    0.000000   clock network delay (propagated)
                                 20.000000   20.000000 v input external delay
     2    0.005251    0.008628    0.004555   20.004555 v wb_rst_i (in)
                                                         wb_rst_i (net)
                      0.008633    0.000000   20.004555 v input66/A (sky130_fd_sc_hd__buf_1)
     1    0.008664    0.039312    0.066565   20.071121 v input66/X (sky130_fd_sc_hd__buf_1)
                                                         net66 (net)
                      0.039314    0.000311   20.071432 v fanout1433/A (sky130_fd_sc_hd__buf_8)
    14    0.201475    0.108093    0.142899   20.214331 v fanout1433/X (sky130_fd_sc_hd__buf_8)
                                                         net1433 (net)
                      0.114653    0.020691   20.235022 v fanout1387/A (sky130_fd_sc_hd__clkbuf_4)
    10    0.104687    0.144080    0.223599   20.458620 v fanout1387/X (sky130_fd_sc_hd__clkbuf_4)
                                                         net1387 (net)
                      0.144185    0.002190   20.460810 v fanout1359/A (sky130_fd_sc_hd__clkbuf_4)
    12    0.072698    0.103033    0.207118   20.667929 v fanout1359/X (sky130_fd_sc_hd__clkbuf_4)
                                                         net1359 (net)
                      0.103377    0.004414   20.672342 v fanout1358/A (sky130_fd_sc_hd__buf_2)
    12    0.052638    0.089044    0.166706   20.839048 v fanout1358/X (sky130_fd_sc_hd__buf_2)
                                                         net1358 (net)
                      0.089067    0.001213   20.840261 v fanout1357/A (sky130_fd_sc_hd__buf_4)
    20    0.079084    0.075884    0.165842   21.006104 v fanout1357/X (sky130_fd_sc_hd__buf_4)
                                                         net1357 (net)
                      0.076475    0.005354   21.011457 v fanout1356/A (sky130_fd_sc_hd__buf_4)
    10    0.066698    0.066298    0.153040   21.164497 v fanout1356/X (sky130_fd_sc_hd__buf_4)
                                                         net1356 (net)
                      0.066770    0.004450   21.168947 v _12569_/A (sky130_fd_sc_hd__inv_2)
     1    0.004786    0.028850    0.045704   21.214651 ^ _12569_/Y (sky130_fd_sc_hd__inv_2)
                                                         _00333_ (net)
                      0.028850    0.000068   21.214720 ^ _13968_/RESET_B (sky130_fd_sc_hd__dfrtp_1)
                                             21.214720   data arrival time

                                100.000000  100.000000   clock wb_clk_i (rise edge)
                                  0.000000  100.000000   clock source latency
     2    0.089088    0.302549    0.216204  100.216202 ^ wb_clk_i (in)
                                                         wb_clk_i (net)
                      0.304253    0.000000  100.216202 ^ clkbuf_0_wb_clk_i/A (sky130_fd_sc_hd__clkbuf_16)
    16    0.200781    0.165205    0.227686  100.443886 ^ clkbuf_0_wb_clk_i/X (sky130_fd_sc_hd__clkbuf_16)
                                                         clknet_0_wb_clk_i (net)
                      0.165620    0.006708  100.450592 ^ clkbuf_3_4_0_wb_clk_i/A (sky130_fd_sc_hd__clkbuf_8)
     4    0.041541    0.064835    0.138179  100.588776 ^ clkbuf_3_4_0_wb_clk_i/X (sky130_fd_sc_hd__clkbuf_8)
                                                         clknet_3_4_0_wb_clk_i (net)
                      0.065044    0.002565  100.591339 ^ clkbuf_4_9__f_wb_clk_i/A (sky130_fd_sc_hd__clkbuf_16)
    16    0.093342    0.084178    0.134662  100.725998 ^ clkbuf_4_9__f_wb_clk_i/X (sky130_fd_sc_hd__clkbuf_16)
                                                         clknet_4_9__leaf_wb_clk_i (net)
                      0.084345    0.003020  100.729019 ^ clkbuf_leaf_81_wb_clk_i/A (sky130_fd_sc_hd__clkbuf_8)
     9    0.037743    0.058768    0.118973  100.847992 ^ clkbuf_leaf_81_wb_clk_i/X (sky130_fd_sc_hd__clkbuf_8)
                                                         clknet_leaf_81_wb_clk_i (net)
                      0.058788    0.001016  100.849007 ^ _13968_/CLK (sky130_fd_sc_hd__dfrtp_1)
                                 -0.250000  100.599014   clock uncertainty
                                  0.000000  100.599014   clock reconvergence pessimism
                                  0.148212  100.747223   library recovery time
                                            100.747223   data required time
---------------------------------------------------------------------------------------------
                                            100.747223   data required time
                                            -21.214720   data arrival time
---------------------------------------------------------------------------------------------
                                             79.532509   slack (MET)


Startpoint: wbs_adr_i[4] (input port clocked by wb_clk_i)
Endpoint: wbs_dat_o[0] (output port clocked by wb_clk_i)
Path Group: wb_clk_i
Path Type: max

Fanout         Cap        Slew       Delay        Time   Description
---------------------------------------------------------------------------------------------
                                  0.000000    0.000000   clock wb_clk_i (rise edge)
                                  0.000000    0.000000   clock network delay (propagated)
                                 20.000000   20.000000 v input external delay
     2    0.005198    0.008540    0.004489   20.004490 v wbs_adr_i[4] (in)
                                                         wbs_adr_i[4] (net)
                      0.008541    0.000000   20.004490 v input93/A (sky130_fd_sc_hd__clkbuf_1)
     1    0.006275    0.030681    0.059098   20.063587 v input93/X (sky130_fd_sc_hd__clkbuf_1)
                                                         net93 (net)
                      0.030683    0.000270   20.063856 v _10014_/B (sky130_fd_sc_hd__or4_1)
     1    0.005382    0.064462    0.296026   20.359882 v _10014_/X (sky130_fd_sc_hd__or4_1)
                                                         _05892_ (net)
                      0.064462    0.000211   20.360094 v _10018_/A (sky130_fd_sc_hd__or4_1)
     1    0.007760    0.074810    0.328617   20.688711 v _10018_/X (sky130_fd_sc_hd__or4_1)
                                                         _05896_ (net)
                      0.074811    0.000382   20.689095 v _10024_/A (sky130_fd_sc_hd__or4_1)
     1    0.002597    0.051866    0.300346   20.989441 v _10024_/X (sky130_fd_sc_hd__or4_1)
                                                         net257 (net)
                      0.051866    0.000078   20.989519 v fanout912/A (sky130_fd_sc_hd__clkbuf_2)
    14    0.037395    0.099565    0.141489   21.131006 v fanout912/X (sky130_fd_sc_hd__clkbuf_2)
                                                         net912 (net)
                      0.099565    0.000377   21.131384 v fanout911/A (sky130_fd_sc_hd__buf_2)
    10    0.034079    0.062737    0.144885   21.276268 v fanout911/X (sky130_fd_sc_hd__buf_2)
                                                         net911 (net)
                      0.062761    0.001148   21.277416 v _12118_/B (sky130_fd_sc_hd__or2_1)
     1    0.002190    0.030121    0.125972   21.403389 v _12118_/X (sky130_fd_sc_hd__or2_1)
                                                         net239 (net)
                      0.030121    0.000064   21.403452 v output239/A (sky130_fd_sc_hd__buf_2)
     1    0.034230    0.062748    0.117161   21.520613 v output239/X (sky130_fd_sc_hd__buf_2)
                                                         wbs_dat_o[0] (net)
                      0.062757    0.000727   21.521339 v wbs_dat_o[0] (out)
                                             21.521339   data arrival time

                                100.000000  100.000000   clock wb_clk_i (rise edge)
                                  0.000000  100.000000   clock network delay (propagated)
                                 -0.250000   99.750000   clock uncertainty
                                  0.000000   99.750000   clock reconvergence pessimism
                                -20.000000   79.750000   output external delay
                                             79.750000   data required time
---------------------------------------------------------------------------------------------
                                             79.750000   data required time
                                            -21.521339   data arrival time
---------------------------------------------------------------------------------------------
                                             58.228661   slack (MET)




===========================================================================
report_checks --slack_max -0.01
============================================================================
======================= nom_ff_n40C_1v95 Corner ===================================

No paths found.


===========================================================================
 report_check_types -max_slew -max_cap -max_fanout -violators
============================================================================
======================= nom_ff_n40C_1v95 Corner ===================================

max fanout

Pin                                   Limit Fanout  Slack
---------------------------------------------------------
clkbuf_leaf_32_wb_clk_i/X                10     42    -32 (VIOLATED)
clkbuf_leaf_126_wb_clk_i/X               10     38    -28 (VIOLATED)
clkbuf_leaf_60_wb_clk_i/X                10     34    -24 (VIOLATED)
clkbuf_leaf_106_wb_clk_i/X               10     30    -20 (VIOLATED)
clkbuf_leaf_2_wb_clk_i/X                 10     30    -20 (VIOLATED)
clkbuf_leaf_37_wb_clk_i/X                10     30    -20 (VIOLATED)
clkbuf_leaf_108_wb_clk_i/X               10     28    -18 (VIOLATED)
clkbuf_leaf_113_wb_clk_i/X               10     28    -18 (VIOLATED)
clkbuf_leaf_120_wb_clk_i/X               10     28    -18 (VIOLATED)
clkbuf_leaf_104_wb_clk_i/X               10     26    -16 (VIOLATED)
clkbuf_leaf_118_wb_clk_i/X               10     26    -16 (VIOLATED)
clkbuf_leaf_130_wb_clk_i/X               10     26    -16 (VIOLATED)
clkbuf_leaf_3_wb_clk_i/X                 10     26    -16 (VIOLATED)
clkbuf_leaf_93_wb_clk_i/X                10     26    -16 (VIOLATED)
clkbuf_leaf_123_wb_clk_i/X               10     24    -14 (VIOLATED)
clkbuf_leaf_129_wb_clk_i/X               10     24    -14 (VIOLATED)
clkbuf_leaf_70_wb_clk_i/X                10     24    -14 (VIOLATED)
clkbuf_leaf_87_wb_clk_i/X                10     24    -14 (VIOLATED)
clkbuf_leaf_91_wb_clk_i/X                10     24    -14 (VIOLATED)
clkbuf_leaf_94_wb_clk_i/X                10     24    -14 (VIOLATED)
clkbuf_4_10__f_wb_clk_i/X                10     22    -12 (VIOLATED)
clkbuf_leaf_10_wb_clk_i/X                10     22    -12 (VIOLATED)
clkbuf_leaf_11_wb_clk_i/X                10     22    -12 (VIOLATED)
clkbuf_leaf_67_wb_clk_i/X                10     22    -12 (VIOLATED)
fanout701/X                              10     21    -11 (VIOLATED)
fanout845/X                              10     21    -11 (VIOLATED)
fanout874/X                              10     21    -11 (VIOLATED)
_06862_/Y                                10     20    -10 (VIOLATED)
_06866_/X                                10     20    -10 (VIOLATED)
_08828_/X                                10     20    -10 (VIOLATED)
_09429_/Y                                10     20    -10 (VIOLATED)
_10854_/Y                                10     20    -10 (VIOLATED)
_10870_/X                                10     20    -10 (VIOLATED)
_10942_/X                                10     20    -10 (VIOLATED)
_14708_/Q                                10     20    -10 (VIOLATED)
_14709_/Q                                10     20    -10 (VIOLATED)
clkbuf_4_2__f_wb_clk_i/X                 10     20    -10 (VIOLATED)
clkbuf_4_4__f_wb_clk_i/X                 10     20    -10 (VIOLATED)
clkbuf_leaf_7_wb_clk_i/X                 10     20    -10 (VIOLATED)
clkbuf_leaf_82_wb_clk_i/X                10     20    -10 (VIOLATED)
fanout1000/X                             10     20    -10 (VIOLATED)
fanout1002/X                             10     20    -10 (VIOLATED)
fanout1003/X                             10     20    -10 (VIOLATED)
fanout1005/X                             10     20    -10 (VIOLATED)
fanout1006/X                             10     20    -10 (VIOLATED)
fanout1011/X                             10     20    -10 (VIOLATED)
fanout1012/X                             10     20    -10 (VIOLATED)
fanout1016/X                             10     20    -10 (VIOLATED)
fanout1018/X                             10     20    -10 (VIOLATED)
fanout1019/X                             10     20    -10 (VIOLATED)
fanout1020/X                             10     20    -10 (VIOLATED)
fanout1023/X                             10     20    -10 (VIOLATED)
fanout1027/X                             10     20    -10 (VIOLATED)
fanout1029/X                             10     20    -10 (VIOLATED)
fanout1037/X                             10     20    -10 (VIOLATED)
fanout1038/X                             10     20    -10 (VIOLATED)
fanout1040/X                             10     20    -10 (VIOLATED)
fanout1041/X                             10     20    -10 (VIOLATED)
fanout1043/X                             10     20    -10 (VIOLATED)
fanout1044/X                             10     20    -10 (VIOLATED)
fanout1045/X                             10     20    -10 (VIOLATED)
fanout1046/X                             10     20    -10 (VIOLATED)
fanout1047/X                             10     20    -10 (VIOLATED)
fanout1048/X                             10     20    -10 (VIOLATED)
fanout1051/X                             10     20    -10 (VIOLATED)
fanout1052/X                             10     20    -10 (VIOLATED)
fanout1055/X                             10     20    -10 (VIOLATED)
fanout1056/X                             10     20    -10 (VIOLATED)
fanout1059/X                             10     20    -10 (VIOLATED)
fanout1060/X                             10     20    -10 (VIOLATED)
fanout1062/X                             10     20    -10 (VIOLATED)
fanout1065/X                             10     20    -10 (VIOLATED)
fanout1067/X                             10     20    -10 (VIOLATED)
fanout1070/X                             10     20    -10 (VIOLATED)
fanout1072/X                             10     20    -10 (VIOLATED)
fanout1073/X                             10     20    -10 (VIOLATED)
fanout1074/X                             10     20    -10 (VIOLATED)
fanout1077/X                             10     20    -10 (VIOLATED)
fanout1078/X                             10     20    -10 (VIOLATED)
fanout1080/X                             10     20    -10 (VIOLATED)
fanout1081/X                             10     20    -10 (VIOLATED)
fanout1083/X                             10     20    -10 (VIOLATED)
fanout1084/X                             10     20    -10 (VIOLATED)
fanout1086/X                             10     20    -10 (VIOLATED)
fanout1089/X                             10     20    -10 (VIOLATED)
fanout1091/X                             10     20    -10 (VIOLATED)
fanout1093/X                             10     20    -10 (VIOLATED)
fanout1094/X                             10     20    -10 (VIOLATED)
fanout1095/X                             10     20    -10 (VIOLATED)
fanout1096/X                             10     20    -10 (VIOLATED)
fanout1099/X                             10     20    -10 (VIOLATED)
fanout1100/X                             10     20    -10 (VIOLATED)
fanout1101/X                             10     20    -10 (VIOLATED)
fanout1102/X                             10     20    -10 (VIOLATED)
fanout1103/X                             10     20    -10 (VIOLATED)
fanout1106/X                             10     20    -10 (VIOLATED)
fanout1108/X                             10     20    -10 (VIOLATED)
fanout1110/X                             10     20    -10 (VIOLATED)
fanout1111/X                             10     20    -10 (VIOLATED)
fanout1112/X                             10     20    -10 (VIOLATED)
fanout1115/X                             10     20    -10 (VIOLATED)
fanout1116/X                             10     20    -10 (VIOLATED)
fanout1117/X                             10     20    -10 (VIOLATED)
fanout1118/X                             10     20    -10 (VIOLATED)
fanout1119/X                             10     20    -10 (VIOLATED)
fanout1121/X                             10     20    -10 (VIOLATED)
fanout1122/X                             10     20    -10 (VIOLATED)
fanout1123/X                             10     20    -10 (VIOLATED)
fanout1124/X                             10     20    -10 (VIOLATED)
fanout1126/X                             10     20    -10 (VIOLATED)
fanout1130/X                             10     20    -10 (VIOLATED)
fanout1131/X                             10     20    -10 (VIOLATED)
fanout1138/X                             10     20    -10 (VIOLATED)
fanout1140/X                             10     20    -10 (VIOLATED)
fanout1142/X                             10     20    -10 (VIOLATED)
fanout1143/X                             10     20    -10 (VIOLATED)
fanout1146/X                             10     20    -10 (VIOLATED)
fanout1147/X                             10     20    -10 (VIOLATED)
fanout1148/X                             10     20    -10 (VIOLATED)
fanout1149/X                             10     20    -10 (VIOLATED)
fanout1151/X                             10     20    -10 (VIOLATED)
fanout1152/X                             10     20    -10 (VIOLATED)
fanout1153/X                             10     20    -10 (VIOLATED)
fanout1156/X                             10     20    -10 (VIOLATED)
fanout1157/X                             10     20    -10 (VIOLATED)
fanout1158/X                             10     20    -10 (VIOLATED)
fanout1161/X                             10     20    -10 (VIOLATED)
fanout1162/X                             10     20    -10 (VIOLATED)
fanout1164/X                             10     20    -10 (VIOLATED)
fanout1167/X                             10     20    -10 (VIOLATED)
fanout1169/X                             10     20    -10 (VIOLATED)
fanout1170/X                             10     20    -10 (VIOLATED)
fanout1171/X                             10     20    -10 (VIOLATED)
fanout1173/X                             10     20    -10 (VIOLATED)
fanout1174/X                             10     20    -10 (VIOLATED)
fanout1175/X                             10     20    -10 (VIOLATED)
fanout1178/X                             10     20    -10 (VIOLATED)
fanout1179/X                             10     20    -10 (VIOLATED)
fanout1180/X                             10     20    -10 (VIOLATED)
fanout1182/X                             10     20    -10 (VIOLATED)
fanout1184/X                             10     20    -10 (VIOLATED)
fanout1186/X                             10     20    -10 (VIOLATED)
fanout1188/X                             10     20    -10 (VIOLATED)
fanout1189/X                             10     20    -10 (VIOLATED)
fanout1192/X                             10     20    -10 (VIOLATED)
fanout1194/X                             10     20    -10 (VIOLATED)
fanout1199/X                             10     20    -10 (VIOLATED)
fanout1200/X                             10     20    -10 (VIOLATED)
fanout1201/X                             10     20    -10 (VIOLATED)
fanout1204/X                             10     20    -10 (VIOLATED)
fanout1205/X                             10     20    -10 (VIOLATED)
fanout1206/X                             10     20    -10 (VIOLATED)
fanout1208/X                             10     20    -10 (VIOLATED)
fanout1210/X                             10     20    -10 (VIOLATED)
fanout1213/X                             10     20    -10 (VIOLATED)
fanout1214/X                             10     20    -10 (VIOLATED)
fanout1215/X                             10     20    -10 (VIOLATED)
fanout1218/X                             10     20    -10 (VIOLATED)
fanout1219/X                             10     20    -10 (VIOLATED)
fanout1221/X                             10     20    -10 (VIOLATED)
fanout1223/X                             10     20    -10 (VIOLATED)
fanout1224/X                             10     20    -10 (VIOLATED)
fanout1225/X                             10     20    -10 (VIOLATED)
fanout1226/X                             10     20    -10 (VIOLATED)
fanout1230/X                             10     20    -10 (VIOLATED)
fanout1232/X                             10     20    -10 (VIOLATED)
fanout1234/X                             10     20    -10 (VIOLATED)
fanout1235/X                             10     20    -10 (VIOLATED)
fanout1237/X                             10     20    -10 (VIOLATED)
fanout1243/X                             10     20    -10 (VIOLATED)
fanout1246/X                             10     20    -10 (VIOLATED)
fanout1264/X                             10     20    -10 (VIOLATED)
fanout1271/X                             10     20    -10 (VIOLATED)
fanout1276/X                             10     20    -10 (VIOLATED)
fanout1291/X                             10     20    -10 (VIOLATED)
fanout1292/X                             10     20    -10 (VIOLATED)
fanout1297/X                             10     20    -10 (VIOLATED)
fanout1315/X                             10     20    -10 (VIOLATED)
fanout1323/X                             10     20    -10 (VIOLATED)
fanout1355/X                             10     20    -10 (VIOLATED)
fanout1357/X                             10     20    -10 (VIOLATED)
fanout1385/X                             10     20    -10 (VIOLATED)
fanout1397/X                             10     20    -10 (VIOLATED)
fanout1407/X                             10     20    -10 (VIOLATED)
fanout1420/X                             10     20    -10 (VIOLATED)
fanout1428/X                             10     20    -10 (VIOLATED)
fanout263/X                              10     20    -10 (VIOLATED)
fanout264/X                              10     20    -10 (VIOLATED)
fanout265/X                              10     20    -10 (VIOLATED)
fanout266/X                              10     20    -10 (VIOLATED)
fanout267/X                              10     20    -10 (VIOLATED)
fanout268/X                              10     20    -10 (VIOLATED)
fanout269/X                              10     20    -10 (VIOLATED)
fanout270/X                              10     20    -10 (VIOLATED)
fanout271/X                              10     20    -10 (VIOLATED)
fanout272/X                              10     20    -10 (VIOLATED)
fanout273/X                              10     20    -10 (VIOLATED)
fanout274/X                              10     20    -10 (VIOLATED)
fanout275/X                              10     20    -10 (VIOLATED)
fanout278/X                              10     20    -10 (VIOLATED)
fanout279/X                              10     20    -10 (VIOLATED)
fanout280/X                              10     20    -10 (VIOLATED)
fanout281/X                              10     20    -10 (VIOLATED)
fanout283/X                              10     20    -10 (VIOLATED)
fanout285/X                              10     20    -10 (VIOLATED)
fanout287/X                              10     20    -10 (VIOLATED)
fanout288/X                              10     20    -10 (VIOLATED)
fanout292/X                              10     20    -10 (VIOLATED)
fanout293/X                              10     20    -10 (VIOLATED)
fanout296/X                              10     20    -10 (VIOLATED)
fanout297/X                              10     20    -10 (VIOLATED)
fanout298/X                              10     20    -10 (VIOLATED)
fanout299/X                              10     20    -10 (VIOLATED)
fanout300/X                              10     20    -10 (VIOLATED)
fanout301/X                              10     20    -10 (VIOLATED)
fanout302/X                              10     20    -10 (VIOLATED)
fanout303/X                              10     20    -10 (VIOLATED)
fanout304/X                              10     20    -10 (VIOLATED)
fanout305/X                              10     20    -10 (VIOLATED)
fanout306/X                              10     20    -10 (VIOLATED)
fanout308/X                              10     20    -10 (VIOLATED)
fanout311/X                              10     20    -10 (VIOLATED)
fanout313/X                              10     20    -10 (VIOLATED)
fanout325/X                              10     20    -10 (VIOLATED)
fanout326/X                              10     20    -10 (VIOLATED)
fanout328/X                              10     20    -10 (VIOLATED)
fanout329/X                              10     20    -10 (VIOLATED)
fanout332/X                              10     20    -10 (VIOLATED)
fanout333/X                              10     20    -10 (VIOLATED)
fanout337/X                              10     20    -10 (VIOLATED)
fanout338/X                              10     20    -10 (VIOLATED)
fanout339/X                              10     20    -10 (VIOLATED)
fanout341/X                              10     20    -10 (VIOLATED)
fanout342/X                              10     20    -10 (VIOLATED)
fanout344/X                              10     20    -10 (VIOLATED)
fanout346/X                              10     20    -10 (VIOLATED)
fanout348/X                              10     20    -10 (VIOLATED)
fanout349/X                              10     20    -10 (VIOLATED)
fanout353/X                              10     20    -10 (VIOLATED)
fanout354/X                              10     20    -10 (VIOLATED)
fanout355/X                              10     20    -10 (VIOLATED)
fanout358/X                              10     20    -10 (VIOLATED)
fanout359/X                              10     20    -10 (VIOLATED)
fanout361/X                              10     20    -10 (VIOLATED)
fanout363/X                              10     20    -10 (VIOLATED)
fanout365/X                              10     20    -10 (VIOLATED)
fanout367/X                              10     20    -10 (VIOLATED)
fanout369/X                              10     20    -10 (VIOLATED)
fanout371/X                              10     20    -10 (VIOLATED)
fanout373/X                              10     20    -10 (VIOLATED)
fanout375/X                              10     20    -10 (VIOLATED)
fanout377/X                              10     20    -10 (VIOLATED)
fanout379/X                              10     20    -10 (VIOLATED)
fanout381/X                              10     20    -10 (VIOLATED)
fanout382/X                              10     20    -10 (VIOLATED)
fanout385/X                              10     20    -10 (VIOLATED)
fanout386/X                              10     20    -10 (VIOLATED)
fanout387/X                              10     20    -10 (VIOLATED)
fanout388/X                              10     20    -10 (VIOLATED)
fanout389/X                              10     20    -10 (VIOLATED)
fanout390/X                              10     20    -10 (VIOLATED)
fanout393/X                              10     20    -10 (VIOLATED)
fanout395/X                              10     20    -10 (VIOLATED)
fanout397/X                              10     20    -10 (VIOLATED)
fanout399/X                              10     20    -10 (VIOLATED)
fanout401/X                              10     20    -10 (VIOLATED)
fanout403/X                              10     20    -10 (VIOLATED)
fanout405/X                              10     20    -10 (VIOLATED)
fanout407/X                              10     20    -10 (VIOLATED)
fanout409/X                              10     20    -10 (VIOLATED)
fanout411/X                              10     20    -10 (VIOLATED)
fanout413/X                              10     20    -10 (VIOLATED)
fanout415/X                              10     20    -10 (VIOLATED)
fanout417/X                              10     20    -10 (VIOLATED)
fanout419/X                              10     20    -10 (VIOLATED)
fanout421/X                              10     20    -10 (VIOLATED)
fanout422/X                              10     20    -10 (VIOLATED)
fanout423/X                              10     20    -10 (VIOLATED)
fanout425/X                              10     20    -10 (VIOLATED)
fanout426/X                              10     20    -10 (VIOLATED)
fanout427/X                              10     20    -10 (VIOLATED)
fanout437/X                              10     20    -10 (VIOLATED)
fanout440/X                              10     20    -10 (VIOLATED)
fanout444/X                              10     20    -10 (VIOLATED)
fanout445/X                              10     20    -10 (VIOLATED)
fanout448/X                              10     20    -10 (VIOLATED)
fanout450/X                              10     20    -10 (VIOLATED)
fanout452/X                              10     20    -10 (VIOLATED)
fanout454/X                              10     20    -10 (VIOLATED)
fanout456/X                              10     20    -10 (VIOLATED)
fanout457/X                              10     20    -10 (VIOLATED)
fanout458/X                              10     20    -10 (VIOLATED)
fanout461/X                              10     20    -10 (VIOLATED)
fanout462/X                              10     20    -10 (VIOLATED)
fanout463/X                              10     20    -10 (VIOLATED)
fanout465/X                              10     20    -10 (VIOLATED)
fanout468/X                              10     20    -10 (VIOLATED)
fanout469/X                              10     20    -10 (VIOLATED)
fanout472/X                              10     20    -10 (VIOLATED)
fanout475/X                              10     20    -10 (VIOLATED)
fanout476/X                              10     20    -10 (VIOLATED)
fanout478/X                              10     20    -10 (VIOLATED)
fanout480/X                              10     20    -10 (VIOLATED)
fanout482/X                              10     20    -10 (VIOLATED)
fanout486/X                              10     20    -10 (VIOLATED)
fanout488/X                              10     20    -10 (VIOLATED)
fanout490/X                              10     20    -10 (VIOLATED)
fanout492/X                              10     20    -10 (VIOLATED)
fanout494/X                              10     20    -10 (VIOLATED)
fanout495/X                              10     20    -10 (VIOLATED)
fanout496/X                              10     20    -10 (VIOLATED)
fanout499/X                              10     20    -10 (VIOLATED)
fanout501/X                              10     20    -10 (VIOLATED)
fanout502/X                              10     20    -10 (VIOLATED)
fanout503/X                              10     20    -10 (VIOLATED)
fanout506/X                              10     20    -10 (VIOLATED)
fanout507/X                              10     20    -10 (VIOLATED)
fanout508/X                              10     20    -10 (VIOLATED)
fanout510/X                              10     20    -10 (VIOLATED)
fanout512/X                              10     20    -10 (VIOLATED)
fanout515/X                              10     20    -10 (VIOLATED)
fanout516/X                              10     20    -10 (VIOLATED)
fanout518/X                              10     20    -10 (VIOLATED)
fanout521/X                              10     20    -10 (VIOLATED)
fanout522/X                              10     20    -10 (VIOLATED)
fanout525/X                              10     20    -10 (VIOLATED)
fanout529/X                              10     20    -10 (VIOLATED)
fanout530/X                              10     20    -10 (VIOLATED)
fanout534/X                              10     20    -10 (VIOLATED)
fanout535/X                              10     20    -10 (VIOLATED)
fanout539/X                              10     20    -10 (VIOLATED)
fanout540/X                              10     20    -10 (VIOLATED)
fanout541/X                              10     20    -10 (VIOLATED)
fanout542/X                              10     20    -10 (VIOLATED)
fanout546/X                              10     20    -10 (VIOLATED)
fanout554/X                              10     20    -10 (VIOLATED)
fanout556/X                              10     20    -10 (VIOLATED)
fanout561/X                              10     20    -10 (VIOLATED)
fanout570/X                              10     20    -10 (VIOLATED)
fanout574/X                              10     20    -10 (VIOLATED)
fanout580/X                              10     20    -10 (VIOLATED)
fanout581/X                              10     20    -10 (VIOLATED)
fanout582/X                              10     20    -10 (VIOLATED)
fanout583/X                              10     20    -10 (VIOLATED)
fanout584/X                              10     20    -10 (VIOLATED)
fanout585/X                              10     20    -10 (VIOLATED)
fanout586/X                              10     20    -10 (VIOLATED)
fanout587/X                              10     20    -10 (VIOLATED)
fanout591/X                              10     20    -10 (VIOLATED)
fanout592/X                              10     20    -10 (VIOLATED)
fanout593/X                              10     20    -10 (VIOLATED)
fanout595/X                              10     20    -10 (VIOLATED)
fanout596/X                              10     20    -10 (VIOLATED)
fanout604/X                              10     20    -10 (VIOLATED)
fanout605/X                              10     20    -10 (VIOLATED)
fanout607/X                              10     20    -10 (VIOLATED)
fanout608/X                              10     20    -10 (VIOLATED)
fanout610/X                              10     20    -10 (VIOLATED)
fanout615/X                              10     20    -10 (VIOLATED)
fanout617/X                              10     20    -10 (VIOLATED)
fanout619/X                              10     20    -10 (VIOLATED)
fanout621/X                              10     20    -10 (VIOLATED)
fanout622/X                              10     20    -10 (VIOLATED)
fanout624/X                              10     20    -10 (VIOLATED)
fanout627/X                              10     20    -10 (VIOLATED)
fanout630/X                              10     20    -10 (VIOLATED)
fanout631/X                              10     20    -10 (VIOLATED)
fanout634/X                              10     20    -10 (VIOLATED)
fanout636/X                              10     20    -10 (VIOLATED)
fanout637/X                              10     20    -10 (VIOLATED)
fanout638/X                              10     20    -10 (VIOLATED)
fanout640/X                              10     20    -10 (VIOLATED)
fanout642/X                              10     20    -10 (VIOLATED)
fanout646/X                              10     20    -10 (VIOLATED)
fanout648/X                              10     20    -10 (VIOLATED)
fanout649/X                              10     20    -10 (VIOLATED)
fanout651/X                              10     20    -10 (VIOLATED)
fanout653/X                              10     20    -10 (VIOLATED)
fanout654/X                              10     20    -10 (VIOLATED)
fanout655/X                              10     20    -10 (VIOLATED)
fanout656/X                              10     20    -10 (VIOLATED)
fanout659/X                              10     20    -10 (VIOLATED)
fanout661/X                              10     20    -10 (VIOLATED)
fanout663/X                              10     20    -10 (VIOLATED)
fanout665/X                              10     20    -10 (VIOLATED)
fanout666/X                              10     20    -10 (VIOLATED)
fanout668/X                              10     20    -10 (VIOLATED)
fanout679/X                              10     20    -10 (VIOLATED)
fanout684/X                              10     20    -10 (VIOLATED)
fanout691/X                              10     20    -10 (VIOLATED)
fanout694/X                              10     20    -10 (VIOLATED)
fanout695/X                              10     20    -10 (VIOLATED)
fanout697/X                              10     20    -10 (VIOLATED)
fanout698/X                              10     20    -10 (VIOLATED)
fanout699/X                              10     20    -10 (VIOLATED)
fanout703/X                              10     20    -10 (VIOLATED)
fanout705/X                              10     20    -10 (VIOLATED)
fanout706/X                              10     20    -10 (VIOLATED)
fanout707/X                              10     20    -10 (VIOLATED)
fanout709/X                              10     20    -10 (VIOLATED)
fanout710/X                              10     20    -10 (VIOLATED)
fanout712/X                              10     20    -10 (VIOLATED)
fanout713/X                              10     20    -10 (VIOLATED)
fanout717/X                              10     20    -10 (VIOLATED)
fanout718/X                              10     20    -10 (VIOLATED)
fanout720/X                              10     20    -10 (VIOLATED)
fanout722/X                              10     20    -10 (VIOLATED)
fanout723/X                              10     20    -10 (VIOLATED)
fanout724/X                              10     20    -10 (VIOLATED)
fanout726/X                              10     20    -10 (VIOLATED)
fanout727/X                              10     20    -10 (VIOLATED)
fanout728/X                              10     20    -10 (VIOLATED)
fanout729/X                              10     20    -10 (VIOLATED)
fanout730/X                              10     20    -10 (VIOLATED)
fanout732/X                              10     20    -10 (VIOLATED)
fanout733/X                              10     20    -10 (VIOLATED)
fanout737/X                              10     20    -10 (VIOLATED)
fanout738/X                              10     20    -10 (VIOLATED)
fanout739/X                              10     20    -10 (VIOLATED)
fanout740/X                              10     20    -10 (VIOLATED)
fanout742/X                              10     20    -10 (VIOLATED)
fanout743/X                              10     20    -10 (VIOLATED)
fanout746/X                              10     20    -10 (VIOLATED)
fanout747/X                              10     20    -10 (VIOLATED)
fanout748/X                              10     20    -10 (VIOLATED)
fanout749/X                              10     20    -10 (VIOLATED)
fanout754/X                              10     20    -10 (VIOLATED)
fanout756/X                              10     20    -10 (VIOLATED)
fanout757/X                              10     20    -10 (VIOLATED)
fanout760/X                              10     20    -10 (VIOLATED)
fanout761/X                              10     20    -10 (VIOLATED)
fanout762/X                              10     20    -10 (VIOLATED)
fanout764/X                              10     20    -10 (VIOLATED)
fanout768/X                              10     20    -10 (VIOLATED)
fanout769/X                              10     20    -10 (VIOLATED)
fanout771/X                              10     20    -10 (VIOLATED)
fanout773/X                              10     20    -10 (VIOLATED)
fanout774/X                              10     20    -10 (VIOLATED)
fanout775/X                              10     20    -10 (VIOLATED)
fanout777/X                              10     20    -10 (VIOLATED)
fanout778/X                              10     20    -10 (VIOLATED)
fanout780/X                              10     20    -10 (VIOLATED)
fanout782/X                              10     20    -10 (VIOLATED)
fanout784/X                              10     20    -10 (VIOLATED)
fanout786/X                              10     20    -10 (VIOLATED)
fanout787/X                              10     20    -10 (VIOLATED)
fanout789/X                              10     20    -10 (VIOLATED)
fanout790/X                              10     20    -10 (VIOLATED)
fanout791/X                              10     20    -10 (VIOLATED)
fanout792/X                              10     20    -10 (VIOLATED)
fanout793/X                              10     20    -10 (VIOLATED)
fanout794/X                              10     20    -10 (VIOLATED)
fanout797/X                              10     20    -10 (VIOLATED)
fanout798/X                              10     20    -10 (VIOLATED)
fanout801/X                              10     20    -10 (VIOLATED)
fanout803/X                              10     20    -10 (VIOLATED)
fanout806/X                              10     20    -10 (VIOLATED)
fanout808/X                              10     20    -10 (VIOLATED)
fanout809/X                              10     20    -10 (VIOLATED)
fanout812/X                              10     20    -10 (VIOLATED)
fanout814/X                              10     20    -10 (VIOLATED)
fanout816/X                              10     20    -10 (VIOLATED)
fanout818/X                              10     20    -10 (VIOLATED)
fanout819/X                              10     20    -10 (VIOLATED)
fanout821/X                              10     20    -10 (VIOLATED)
fanout822/X                              10     20    -10 (VIOLATED)
fanout824/X                              10     20    -10 (VIOLATED)
fanout825/X                              10     20    -10 (VIOLATED)
fanout826/X                              10     20    -10 (VIOLATED)
fanout827/X                              10     20    -10 (VIOLATED)
fanout829/X                              10     20    -10 (VIOLATED)
fanout831/X                              10     20    -10 (VIOLATED)
fanout832/X                              10     20    -10 (VIOLATED)
fanout833/X                              10     20    -10 (VIOLATED)
fanout835/X                              10     20    -10 (VIOLATED)
fanout836/X                              10     20    -10 (VIOLATED)
fanout839/X                              10     20    -10 (VIOLATED)
fanout842/X                              10     20    -10 (VIOLATED)
fanout843/X                              10     20    -10 (VIOLATED)
fanout844/X                              10     20    -10 (VIOLATED)
fanout847/X                              10     20    -10 (VIOLATED)
fanout850/X                              10     20    -10 (VIOLATED)
fanout852/X                              10     20    -10 (VIOLATED)
fanout854/X                              10     20    -10 (VIOLATED)
fanout855/X                              10     20    -10 (VIOLATED)
fanout857/X                              10     20    -10 (VIOLATED)
fanout859/X                              10     20    -10 (VIOLATED)
fanout861/X                              10     20    -10 (VIOLATED)
fanout863/X                              10     20    -10 (VIOLATED)
fanout864/X                              10     20    -10 (VIOLATED)
fanout867/X                              10     20    -10 (VIOLATED)
fanout869/X                              10     20    -10 (VIOLATED)
fanout870/X                              10     20    -10 (VIOLATED)
fanout872/X                              10     20    -10 (VIOLATED)
fanout876/X                              10     20    -10 (VIOLATED)
fanout879/X                              10     20    -10 (VIOLATED)
fanout880/X                              10     20    -10 (VIOLATED)
fanout885/X                              10     20    -10 (VIOLATED)
fanout886/X                              10     20    -10 (VIOLATED)
fanout887/X                              10     20    -10 (VIOLATED)
fanout888/X                              10     20    -10 (VIOLATED)
fanout890/X                              10     20    -10 (VIOLATED)
fanout891/X                              10     20    -10 (VIOLATED)
fanout893/X                              10     20    -10 (VIOLATED)
fanout895/X                              10     20    -10 (VIOLATED)
fanout897/X                              10     20    -10 (VIOLATED)
fanout898/X                              10     20    -10 (VIOLATED)
fanout905/X                              10     20    -10 (VIOLATED)
fanout913/X                              10     20    -10 (VIOLATED)
fanout914/X                              10     20    -10 (VIOLATED)
fanout917/X                              10     20    -10 (VIOLATED)
fanout918/X                              10     20    -10 (VIOLATED)
fanout920/X                              10     20    -10 (VIOLATED)
fanout922/X                              10     20    -10 (VIOLATED)
fanout923/X                              10     20    -10 (VIOLATED)
fanout925/X                              10     20    -10 (VIOLATED)
fanout926/X                              10     20    -10 (VIOLATED)
fanout929/X                              10     20    -10 (VIOLATED)
fanout931/X                              10     20    -10 (VIOLATED)
fanout933/X                              10     20    -10 (VIOLATED)
fanout935/X                              10     20    -10 (VIOLATED)
fanout937/X                              10     20    -10 (VIOLATED)
fanout938/X                              10     20    -10 (VIOLATED)
fanout939/X                              10     20    -10 (VIOLATED)
fanout941/X                              10     20    -10 (VIOLATED)
fanout942/X                              10     20    -10 (VIOLATED)
fanout947/X                              10     20    -10 (VIOLATED)
fanout949/X                              10     20    -10 (VIOLATED)
fanout952/X                              10     20    -10 (VIOLATED)
fanout955/X                              10     20    -10 (VIOLATED)
fanout958/X                              10     20    -10 (VIOLATED)
fanout959/X                              10     20    -10 (VIOLATED)
fanout960/X                              10     20    -10 (VIOLATED)
fanout962/X                              10     20    -10 (VIOLATED)
fanout963/X                              10     20    -10 (VIOLATED)
fanout965/X                              10     20    -10 (VIOLATED)
fanout966/X                              10     20    -10 (VIOLATED)
fanout967/X                              10     20    -10 (VIOLATED)
fanout969/X                              10     20    -10 (VIOLATED)
fanout971/X                              10     20    -10 (VIOLATED)
fanout973/X                              10     20    -10 (VIOLATED)
fanout975/X                              10     20    -10 (VIOLATED)
fanout977/X                              10     20    -10 (VIOLATED)
fanout979/X                              10     20    -10 (VIOLATED)
fanout981/X                              10     20    -10 (VIOLATED)
fanout984/X                              10     20    -10 (VIOLATED)
fanout986/X                              10     20    -10 (VIOLATED)
fanout988/X                              10     20    -10 (VIOLATED)
fanout990/X                              10     20    -10 (VIOLATED)
fanout994/X                              10     20    -10 (VIOLATED)
fanout995/X                              10     20    -10 (VIOLATED)
fanout996/X                              10     20    -10 (VIOLATED)
fanout997/X                              10     20    -10 (VIOLATED)
fanout998/X                              10     20    -10 (VIOLATED)
clkbuf_leaf_125_wb_clk_i/X               10     19     -9 (VIOLATED)
clkbuf_leaf_54_wb_clk_i/X                10     19     -9 (VIOLATED)
_06887_/Y                                10     18     -8 (VIOLATED)
_08623_/Y                                10     18     -8 (VIOLATED)
_08878_/X                                10     18     -8 (VIOLATED)
_09487_/X                                10     18     -8 (VIOLATED)
_10789_/X                                10     18     -8 (VIOLATED)
_10805_/Y                                10     18     -8 (VIOLATED)
_10855_/X                                10     18     -8 (VIOLATED)
_10871_/X                                10     18     -8 (VIOLATED)
_10883_/Y                                10     18     -8 (VIOLATED)
_10915_/Y                                10     18     -8 (VIOLATED)
_10932_/Y                                10     18     -8 (VIOLATED)
clkbuf_4_0__f_wb_clk_i/X                 10     18     -8 (VIOLATED)
clkbuf_4_11__f_wb_clk_i/X                10     18     -8 (VIOLATED)
clkbuf_4_13__f_wb_clk_i/X                10     18     -8 (VIOLATED)
clkbuf_4_14__f_wb_clk_i/X                10     18     -8 (VIOLATED)
clkbuf_4_5__f_wb_clk_i/X                 10     18     -8 (VIOLATED)
clkbuf_4_7__f_wb_clk_i/X                 10     18     -8 (VIOLATED)
clkbuf_leaf_119_wb_clk_i/X               10     18     -8 (VIOLATED)
clkbuf_leaf_28_wb_clk_i/X                10     18     -8 (VIOLATED)
clkbuf_leaf_56_wb_clk_i/X                10     18     -8 (VIOLATED)
clkbuf_leaf_77_wb_clk_i/X                10     18     -8 (VIOLATED)
fanout1009/X                             10     18     -8 (VIOLATED)
fanout1021/X                             10     18     -8 (VIOLATED)
fanout1030/X                             10     18     -8 (VIOLATED)
fanout1042/X                             10     18     -8 (VIOLATED)
fanout1069/X                             10     18     -8 (VIOLATED)
fanout1082/X                             10     18     -8 (VIOLATED)
fanout1090/X                             10     18     -8 (VIOLATED)
fanout1097/X                             10     18     -8 (VIOLATED)
fanout1145/X                             10     18     -8 (VIOLATED)
fanout1212/X                             10     18     -8 (VIOLATED)
fanout1231/X                             10     18     -8 (VIOLATED)
fanout1263/X                             10     18     -8 (VIOLATED)
fanout1310/X                             10     18     -8 (VIOLATED)
fanout1334/X                             10     18     -8 (VIOLATED)
fanout1372/X                             10     18     -8 (VIOLATED)
fanout294/X                              10     18     -8 (VIOLATED)
fanout307/X                              10     18     -8 (VIOLATED)
fanout314/X                              10     18     -8 (VIOLATED)
fanout330/X                              10     18     -8 (VIOLATED)
fanout347/X                              10     18     -8 (VIOLATED)
fanout364/X                              10     18     -8 (VIOLATED)
fanout368/X                              10     18     -8 (VIOLATED)
fanout372/X                              10     18     -8 (VIOLATED)
fanout376/X                              10     18     -8 (VIOLATED)
fanout380/X                              10     18     -8 (VIOLATED)
fanout383/X                              10     18     -8 (VIOLATED)
fanout412/X                              10     18     -8 (VIOLATED)
fanout416/X                              10     18     -8 (VIOLATED)
fanout446/X                              10     18     -8 (VIOLATED)
fanout513/X                              10     18     -8 (VIOLATED)
fanout523/X                              10     18     -8 (VIOLATED)
fanout603/X                              10     18     -8 (VIOLATED)
fanout612/X                              10     18     -8 (VIOLATED)
fanout632/X                              10     18     -8 (VIOLATED)
fanout673/X                              10     18     -8 (VIOLATED)
fanout692/X                              10     18     -8 (VIOLATED)
fanout716/X                              10     18     -8 (VIOLATED)
fanout719/X                              10     18     -8 (VIOLATED)
fanout745/X                              10     18     -8 (VIOLATED)
fanout750/X                              10     18     -8 (VIOLATED)
fanout759/X                              10     18     -8 (VIOLATED)
fanout788/X                              10     18     -8 (VIOLATED)
fanout815/X                              10     18     -8 (VIOLATED)
fanout828/X                              10     18     -8 (VIOLATED)
fanout834/X                              10     18     -8 (VIOLATED)
fanout838/X                              10     18     -8 (VIOLATED)
fanout841/X                              10     18     -8 (VIOLATED)
fanout871/X                              10     18     -8 (VIOLATED)
fanout881/X                              10     18     -8 (VIOLATED)
fanout892/X                              10     18     -8 (VIOLATED)
fanout948/X                              10     18     -8 (VIOLATED)
fanout950/X                              10     18     -8 (VIOLATED)
fanout954/X                              10     18     -8 (VIOLATED)
fanout974/X                              10     18     -8 (VIOLATED)
clkbuf_leaf_124_wb_clk_i/X               10     17     -7 (VIOLATED)
clkbuf_leaf_61_wb_clk_i/X                10     17     -7 (VIOLATED)
_06995_/X                                10     16     -6 (VIOLATED)
_07012_/X                                10     16     -6 (VIOLATED)
_07449_/X                                10     16     -6 (VIOLATED)
_08177_/X                                10     16     -6 (VIOLATED)
_08325_/Y                                10     16     -6 (VIOLATED)
_08381_/X                                10     16     -6 (VIOLATED)
_08412_/X                                10     16     -6 (VIOLATED)
_08561_/X                                10     16     -6 (VIOLATED)
_08797_/Y                                10     16     -6 (VIOLATED)
_08835_/Y                                10     16     -6 (VIOLATED)
_08865_/X                                10     16     -6 (VIOLATED)
_08874_/X                                10     16     -6 (VIOLATED)
_08951_/X                                10     16     -6 (VIOLATED)
_08980_/X                                10     16     -6 (VIOLATED)
_09042_/Y                                10     16     -6 (VIOLATED)
_09099_/X                                10     16     -6 (VIOLATED)
_09131_/X                                10     16     -6 (VIOLATED)
_09641_/X                                10     16     -6 (VIOLATED)
_10864_/X                                10     16     -6 (VIOLATED)
_10953_/X                                10     16     -6 (VIOLATED)
_10964_/X                                10     16     -6 (VIOLATED)
_11710_/X                                10     16     -6 (VIOLATED)
_14704_/Q                                10     16     -6 (VIOLATED)
_14706_/Q                                10     16     -6 (VIOLATED)
_14707_/Q                                10     16     -6 (VIOLATED)
_14734_/Q                                10     16     -6 (VIOLATED)
clkbuf_0_wb_clk_i/X                      10     16     -6 (VIOLATED)
clkbuf_4_15__f_wb_clk_i/X                10     16     -6 (VIOLATED)
clkbuf_4_8__f_wb_clk_i/X                 10     16     -6 (VIOLATED)
clkbuf_4_9__f_wb_clk_i/X                 10     16     -6 (VIOLATED)
clkbuf_leaf_112_wb_clk_i/X               10     16     -6 (VIOLATED)
clkbuf_leaf_55_wb_clk_i/X                10     16     -6 (VIOLATED)
clkbuf_leaf_62_wb_clk_i/X                10     16     -6 (VIOLATED)
clkbuf_leaf_6_wb_clk_i/X                 10     16     -6 (VIOLATED)
fanout1001/X                             10     16     -6 (VIOLATED)
fanout1053/X                             10     16     -6 (VIOLATED)
fanout1054/X                             10     16     -6 (VIOLATED)
fanout1057/X                             10     16     -6 (VIOLATED)
fanout1071/X                             10     16     -6 (VIOLATED)
fanout1079/X                             10     16     -6 (VIOLATED)
fanout1088/X                             10     16     -6 (VIOLATED)
fanout1107/X                             10     16     -6 (VIOLATED)
fanout1114/X                             10     16     -6 (VIOLATED)
fanout1127/X                             10     16     -6 (VIOLATED)
fanout1144/X                             10     16     -6 (VIOLATED)
fanout1154/X                             10     16     -6 (VIOLATED)
fanout1163/X                             10     16     -6 (VIOLATED)
fanout1185/X                             10     16     -6 (VIOLATED)
fanout1187/X                             10     16     -6 (VIOLATED)
fanout1193/X                             10     16     -6 (VIOLATED)
fanout1203/X                             10     16     -6 (VIOLATED)
fanout1242/X                             10     16     -6 (VIOLATED)
fanout1277/X                             10     16     -6 (VIOLATED)
fanout1352/X                             10     16     -6 (VIOLATED)
fanout1404/X                             10     16     -6 (VIOLATED)
fanout396/X                              10     16     -6 (VIOLATED)
fanout400/X                              10     16     -6 (VIOLATED)
fanout451/X                              10     16     -6 (VIOLATED)
fanout455/X                              10     16     -6 (VIOLATED)
fanout471/X                              10     16     -6 (VIOLATED)
fanout479/X                              10     16     -6 (VIOLATED)
fanout481/X                              10     16     -6 (VIOLATED)
fanout500/X                              10     16     -6 (VIOLATED)
fanout504/X                              10     16     -6 (VIOLATED)
fanout511/X                              10     16     -6 (VIOLATED)
fanout519/X                              10     16     -6 (VIOLATED)
fanout520/X                              10     16     -6 (VIOLATED)
fanout562/X                              10     16     -6 (VIOLATED)
fanout564/X                              10     16     -6 (VIOLATED)
fanout578/X                              10     16     -6 (VIOLATED)
fanout625/X                              10     16     -6 (VIOLATED)
fanout658/X                              10     16     -6 (VIOLATED)
fanout664/X                              10     16     -6 (VIOLATED)
fanout667/X                              10     16     -6 (VIOLATED)
fanout669/X                              10     16     -6 (VIOLATED)
fanout685/X                              10     16     -6 (VIOLATED)
fanout689/X                              10     16     -6 (VIOLATED)
fanout731/X                              10     16     -6 (VIOLATED)
fanout735/X                              10     16     -6 (VIOLATED)
fanout758/X                              10     16     -6 (VIOLATED)
fanout785/X                              10     16     -6 (VIOLATED)
fanout805/X                              10     16     -6 (VIOLATED)
fanout820/X                              10     16     -6 (VIOLATED)
fanout837/X                              10     16     -6 (VIOLATED)
fanout840/X                              10     16     -6 (VIOLATED)
fanout851/X                              10     16     -6 (VIOLATED)
fanout856/X                              10     16     -6 (VIOLATED)
fanout860/X                              10     16     -6 (VIOLATED)
fanout875/X                              10     16     -6 (VIOLATED)
fanout896/X                              10     16     -6 (VIOLATED)
fanout916/X                              10     16     -6 (VIOLATED)
fanout919/X                              10     16     -6 (VIOLATED)
fanout921/X                              10     16     -6 (VIOLATED)
fanout928/X                              10     16     -6 (VIOLATED)
fanout940/X                              10     16     -6 (VIOLATED)
fanout943/X                              10     16     -6 (VIOLATED)
fanout944/X                              10     16     -6 (VIOLATED)
fanout961/X                              10     16     -6 (VIOLATED)
fanout970/X                              10     16     -6 (VIOLATED)
fanout976/X                              10     16     -6 (VIOLATED)
fanout983/X                              10     16     -6 (VIOLATED)
fanout999/X                              10     16     -6 (VIOLATED)
wire589/X                                10     16     -6 (VIOLATED)
clkbuf_leaf_31_wb_clk_i/X                10     15     -5 (VIOLATED)
clkbuf_leaf_42_wb_clk_i/X                10     15     -5 (VIOLATED)
clkbuf_leaf_8_wb_clk_i/X                 10     15     -5 (VIOLATED)
_08236_/X                                10     14     -4 (VIOLATED)
_08265_/X                                10     14     -4 (VIOLATED)
_08293_/X                                10     14     -4 (VIOLATED)
_08440_/X                                10     14     -4 (VIOLATED)
_08473_/X                                10     14     -4 (VIOLATED)
_08502_/X                                10     14     -4 (VIOLATED)
_08590_/X                                10     14     -4 (VIOLATED)
_08677_/X                                10     14     -4 (VIOLATED)
_08769_/X                                10     14     -4 (VIOLATED)
_09011_/X                                10     14     -4 (VIOLATED)
_09070_/Y                                10     14     -4 (VIOLATED)
_09621_/Y                                10     14     -4 (VIOLATED)
_11063_/X                                10     14     -4 (VIOLATED)
_11091_/X                                10     14     -4 (VIOLATED)
_11095_/X                                10     14     -4 (VIOLATED)
_11110_/X                                10     14     -4 (VIOLATED)
_11113_/X                                10     14     -4 (VIOLATED)
_14717_/Q                                10     14     -4 (VIOLATED)
_14731_/Q                                10     14     -4 (VIOLATED)
_14733_/Q                                10     14     -4 (VIOLATED)
clkbuf_4_1__f_wb_clk_i/X                 10     14     -4 (VIOLATED)
clkbuf_4_3__f_wb_clk_i/X                 10     14     -4 (VIOLATED)
clkbuf_leaf_107_wb_clk_i/X               10     14     -4 (VIOLATED)
clkbuf_leaf_41_wb_clk_i/X                10     14     -4 (VIOLATED)
clkbuf_leaf_50_wb_clk_i/X                10     14     -4 (VIOLATED)
clkbuf_leaf_53_wb_clk_i/X                10     14     -4 (VIOLATED)
clkbuf_leaf_9_wb_clk_i/X                 10     14     -4 (VIOLATED)
fanout1022/X                             10     14     -4 (VIOLATED)
fanout1039/X                             10     14     -4 (VIOLATED)
fanout1049/X                             10     14     -4 (VIOLATED)
fanout1061/X                             10     14     -4 (VIOLATED)
fanout1075/X                             10     14     -4 (VIOLATED)
fanout1085/X                             10     14     -4 (VIOLATED)
fanout1092/X                             10     14     -4 (VIOLATED)
fanout1104/X                             10     14     -4 (VIOLATED)
fanout1139/X                             10     14     -4 (VIOLATED)
fanout1141/X                             10     14     -4 (VIOLATED)
fanout1150/X                             10     14     -4 (VIOLATED)
fanout1159/X                             10     14     -4 (VIOLATED)
fanout1172/X                             10     14     -4 (VIOLATED)
fanout1181/X                             10     14     -4 (VIOLATED)
fanout1202/X                             10     14     -4 (VIOLATED)
fanout1216/X                             10     14     -4 (VIOLATED)
fanout1227/X                             10     14     -4 (VIOLATED)
fanout1229/X                             10     14     -4 (VIOLATED)
fanout1241/X                             10     14     -4 (VIOLATED)
fanout1270/X                             10     14     -4 (VIOLATED)
fanout1295/X                             10     14     -4 (VIOLATED)
fanout1316/X                             10     14     -4 (VIOLATED)
fanout1317/X                             10     14     -4 (VIOLATED)
fanout1376/X                             10     14     -4 (VIOLATED)
fanout1433/X                             10     14     -4 (VIOLATED)
fanout322/X                              10     14     -4 (VIOLATED)
fanout391/X                              10     14     -4 (VIOLATED)
fanout404/X                              10     14     -4 (VIOLATED)
fanout408/X                              10     14     -4 (VIOLATED)
fanout420/X                              10     14     -4 (VIOLATED)
fanout436/X                              10     14     -4 (VIOLATED)
fanout438/X                              10     14     -4 (VIOLATED)
fanout459/X                              10     14     -4 (VIOLATED)
fanout464/X                              10     14     -4 (VIOLATED)
fanout473/X                              10     14     -4 (VIOLATED)
fanout483/X                              10     14     -4 (VIOLATED)
fanout484/X                              10     14     -4 (VIOLATED)
fanout489/X                              10     14     -4 (VIOLATED)
fanout493/X                              10     14     -4 (VIOLATED)
fanout528/X                              10     14     -4 (VIOLATED)
fanout594/X                              10     14     -4 (VIOLATED)
fanout609/X                              10     14     -4 (VIOLATED)
fanout626/X                              10     14     -4 (VIOLATED)
fanout628/X                              10     14     -4 (VIOLATED)
fanout633/X                              10     14     -4 (VIOLATED)
fanout639/X                              10     14     -4 (VIOLATED)
fanout657/X                              10     14     -4 (VIOLATED)
fanout680/X                              10     14     -4 (VIOLATED)
fanout688/X                              10     14     -4 (VIOLATED)
fanout700/X                              10     14     -4 (VIOLATED)
fanout708/X                              10     14     -4 (VIOLATED)
fanout715/X                              10     14     -4 (VIOLATED)
fanout725/X                              10     14     -4 (VIOLATED)
fanout734/X                              10     14     -4 (VIOLATED)
fanout765/X                              10     14     -4 (VIOLATED)
fanout770/X                              10     14     -4 (VIOLATED)
fanout811/X                              10     14     -4 (VIOLATED)
fanout823/X                              10     14     -4 (VIOLATED)
fanout830/X                              10     14     -4 (VIOLATED)
fanout846/X                              10     14     -4 (VIOLATED)
fanout873/X                              10     14     -4 (VIOLATED)
fanout894/X                              10     14     -4 (VIOLATED)
fanout900/X                              10     14     -4 (VIOLATED)
fanout901/X                              10     14     -4 (VIOLATED)
fanout912/X                              10     14     -4 (VIOLATED)
fanout932/X                              10     14     -4 (VIOLATED)
fanout978/X                              10     14     -4 (VIOLATED)
fanout989/X                              10     14     -4 (VIOLATED)
clkbuf_leaf_19_wb_clk_i/X                10     13     -3 (VIOLATED)
clkbuf_leaf_38_wb_clk_i/X                10     13     -3 (VIOLATED)
clkbuf_leaf_66_wb_clk_i/X                10     13     -3 (VIOLATED)
clkbuf_leaf_86_wb_clk_i/X                10     13     -3 (VIOLATED)
_06930_/X                                10     12     -2 (VIOLATED)
_07301_/X                                10     12     -2 (VIOLATED)
_07372_/X                                10     12     -2 (VIOLATED)
_07486_/X                                10     12     -2 (VIOLATED)
_07517_/X                                10     12     -2 (VIOLATED)
_07924_/X                                10     12     -2 (VIOLATED)
_08206_/X                                10     12     -2 (VIOLATED)
_08704_/X                                10     12     -2 (VIOLATED)
_09140_/X                                10     12     -2 (VIOLATED)
_09654_/X                                10     12     -2 (VIOLATED)
_09704_/X                                10     12     -2 (VIOLATED)
_09734_/X                                10     12     -2 (VIOLATED)
_10913_/X                                10     12     -2 (VIOLATED)
_10930_/X                                10     12     -2 (VIOLATED)
_11427_/X                                10     12     -2 (VIOLATED)
_14727_/Q                                10     12     -2 (VIOLATED)
_14730_/Q                                10     12     -2 (VIOLATED)
clkbuf_4_12__f_wb_clk_i/X                10     12     -2 (VIOLATED)
clkbuf_4_6__f_wb_clk_i/X                 10     12     -2 (VIOLATED)
clkbuf_leaf_0_wb_clk_i/X                 10     12     -2 (VIOLATED)
clkbuf_leaf_102_wb_clk_i/X               10     12     -2 (VIOLATED)
clkbuf_leaf_103_wb_clk_i/X               10     12     -2 (VIOLATED)
clkbuf_leaf_105_wb_clk_i/X               10     12     -2 (VIOLATED)
clkbuf_leaf_111_wb_clk_i/X               10     12     -2 (VIOLATED)
clkbuf_leaf_132_wb_clk_i/X               10     12     -2 (VIOLATED)
clkbuf_leaf_18_wb_clk_i/X                10     12     -2 (VIOLATED)
clkbuf_leaf_40_wb_clk_i/X                10     12     -2 (VIOLATED)
clkbuf_leaf_52_wb_clk_i/X                10     12     -2 (VIOLATED)
clkbuf_leaf_92_wb_clk_i/X                10     12     -2 (VIOLATED)
fanout1008/X                             10     12     -2 (VIOLATED)
fanout1033/X                             10     12     -2 (VIOLATED)
fanout1036/X                             10     12     -2 (VIOLATED)
fanout1050/X                             10     12     -2 (VIOLATED)
fanout1066/X                             10     12     -2 (VIOLATED)
fanout1105/X                             10     12     -2 (VIOLATED)
fanout1113/X                             10     12     -2 (VIOLATED)
fanout1120/X                             10     12     -2 (VIOLATED)
fanout1125/X                             10     12     -2 (VIOLATED)
fanout1132/X                             10     12     -2 (VIOLATED)
fanout1133/X                             10     12     -2 (VIOLATED)
fanout1136/X                             10     12     -2 (VIOLATED)
fanout1166/X                             10     12     -2 (VIOLATED)
fanout1168/X                             10     12     -2 (VIOLATED)
fanout1176/X                             10     12     -2 (VIOLATED)
fanout1191/X                             10     12     -2 (VIOLATED)
fanout1195/X                             10     12     -2 (VIOLATED)
fanout1207/X                             10     12     -2 (VIOLATED)
fanout1236/X                             10     12     -2 (VIOLATED)
fanout1251/X                             10     12     -2 (VIOLATED)
fanout1258/X                             10     12     -2 (VIOLATED)
fanout1294/X                             10     12     -2 (VIOLATED)
fanout1302/X                             10     12     -2 (VIOLATED)
fanout1328/X                             10     12     -2 (VIOLATED)
fanout1333/X                             10     12     -2 (VIOLATED)
fanout1358/X                             10     12     -2 (VIOLATED)
fanout1359/X                             10     12     -2 (VIOLATED)
fanout1386/X                             10     12     -2 (VIOLATED)
fanout1405/X                             10     12     -2 (VIOLATED)
fanout1426/X                             10     12     -2 (VIOLATED)
fanout291/X                              10     12     -2 (VIOLATED)
fanout295/X                              10     12     -2 (VIOLATED)
fanout309/X                              10     12     -2 (VIOLATED)
fanout327/X                              10     12     -2 (VIOLATED)
fanout331/X                              10     12     -2 (VIOLATED)
fanout335/X                              10     12     -2 (VIOLATED)
fanout343/X                              10     12     -2 (VIOLATED)
fanout351/X                              10     12     -2 (VIOLATED)
fanout384/X                              10     12     -2 (VIOLATED)
fanout392/X                              10     12     -2 (VIOLATED)
fanout394/X                              10     12     -2 (VIOLATED)
fanout398/X                              10     12     -2 (VIOLATED)
fanout447/X                              10     12     -2 (VIOLATED)
fanout460/X                              10     12     -2 (VIOLATED)
fanout466/X                              10     12     -2 (VIOLATED)
fanout498/X                              10     12     -2 (VIOLATED)
fanout505/X                              10     12     -2 (VIOLATED)
fanout509/X                              10     12     -2 (VIOLATED)
fanout517/X                              10     12     -2 (VIOLATED)
fanout524/X                              10     12     -2 (VIOLATED)
fanout533/X                              10     12     -2 (VIOLATED)
fanout620/X                              10     12     -2 (VIOLATED)
fanout635/X                              10     12     -2 (VIOLATED)
fanout650/X                              10     12     -2 (VIOLATED)
fanout652/X                              10     12     -2 (VIOLATED)
fanout662/X                              10     12     -2 (VIOLATED)
fanout696/X                              10     12     -2 (VIOLATED)
fanout711/X                              10     12     -2 (VIOLATED)
fanout714/X                              10     12     -2 (VIOLATED)
fanout721/X                              10     12     -2 (VIOLATED)
fanout741/X                              10     12     -2 (VIOLATED)
fanout744/X                              10     12     -2 (VIOLATED)
fanout766/X                              10     12     -2 (VIOLATED)
fanout767/X                              10     12     -2 (VIOLATED)
fanout783/X                              10     12     -2 (VIOLATED)
fanout795/X                              10     12     -2 (VIOLATED)
fanout796/X                              10     12     -2 (VIOLATED)
fanout802/X                              10     12     -2 (VIOLATED)
fanout810/X                              10     12     -2 (VIOLATED)
fanout848/X                              10     12     -2 (VIOLATED)
fanout849/X                              10     12     -2 (VIOLATED)
fanout853/X                              10     12     -2 (VIOLATED)
fanout862/X                              10     12     -2 (VIOLATED)
fanout865/X                              10     12     -2 (VIOLATED)
fanout868/X                              10     12     -2 (VIOLATED)
fanout877/X                              10     12     -2 (VIOLATED)
fanout883/X                              10     12     -2 (VIOLATED)
fanout904/X                              10     12     -2 (VIOLATED)
fanout907/X                              10     12     -2 (VIOLATED)
fanout924/X                              10     12     -2 (VIOLATED)
fanout927/X                              10     12     -2 (VIOLATED)
fanout930/X                              10     12     -2 (VIOLATED)
fanout964/X                              10     12     -2 (VIOLATED)
fanout968/X                              10     12     -2 (VIOLATED)
fanout972/X                              10     12     -2 (VIOLATED)
fanout993/X                              10     12     -2 (VIOLATED)
wire588/X                                10     12     -2 (VIOLATED)
clkbuf_leaf_100_wb_clk_i/X               10     11        (VIOLATED)
clkbuf_leaf_109_wb_clk_i/X               10     11        (VIOLATED)
clkbuf_leaf_128_wb_clk_i/X               10     11        (VIOLATED)
clkbuf_leaf_12_wb_clk_i/X                10     11        (VIOLATED)
clkbuf_leaf_27_wb_clk_i/X                10     11        (VIOLATED)
clkbuf_leaf_34_wb_clk_i/X                10     11        (VIOLATED)
clkbuf_leaf_57_wb_clk_i/X                10     11        (VIOLATED)
clkbuf_leaf_68_wb_clk_i/X                10     11        (VIOLATED)
clkbuf_leaf_74_wb_clk_i/X                10     11        (VIOLATED)
clkbuf_leaf_83_wb_clk_i/X                10     11        (VIOLATED)

max capacitance

Pin                                        Limit         Cap       Slack
------------------------------------------------------------------------
fanout844/X                             0.200000    0.229942   -0.029942 (VIOLATED)
fanout423/X                             0.200000    0.227106   -0.027106 (VIOLATED)
fanout1077/X                            0.200000    0.222233   -0.022233 (VIOLATED)
fanout871/X                             0.200000    0.219930   -0.019930 (VIOLATED)
fanout723/X                             0.200000    0.211398   -0.011398 (VIOLATED)
fanout1037/X                            0.200000    0.210608   -0.010608 (VIOLATED)
fanout452/X                             0.200000    0.208246   -0.008246 (VIOLATED)
fanout1200/X                            0.200000    0.206490   -0.006490 (VIOLATED)
fanout1011/X                            0.200000    0.203611   -0.003611 (VIOLATED)
fanout343/X                             0.200000    0.203188   -0.003188 (VIOLATED)
fanout1433/X                            0.200000    0.203176   -0.003176 (VIOLATED)
fanout1133/X                            0.200000    0.202291   -0.002291 (VIOLATED)
fanout694/X                             0.200000    0.201006   -0.001006 (VIOLATED)
clkbuf_0_wb_clk_i/X                     0.200000    0.200781   -0.000781 (VIOLATED)



===========================================================================
report_parasitic_annotation -report_unannotated
============================================================================
Found 449 unannotated drivers.
 gpio_in[1]
 gpio_in[2]
 gpio_in[36]
 gpio_in[37]
 gpio_in[3]
 gpio_in[4]
 la_data_in[0]
 la_data_in[100]
 la_data_in[101]
 la_data_in[102]
 la_data_in[103]
 la_data_in[104]
 la_data_in[105]
 la_data_in[106]
 la_data_in[107]
 la_data_in[108]
 la_data_in[109]
 la_data_in[10]
 la_data_in[110]
 la_data_in[111]
 la_data_in[112]
 la_data_in[113]
 la_data_in[114]
 la_data_in[115]
 la_data_in[116]
 la_data_in[117]
 la_data_in[118]
 la_data_in[119]
 la_data_in[11]
 la_data_in[120]
 la_data_in[121]
 la_data_in[122]
 la_data_in[123]
 la_data_in[124]
 la_data_in[125]
 la_data_in[126]
 la_data_in[127]
 la_data_in[12]
 la_data_in[13]
 la_data_in[14]
 la_data_in[15]
 la_data_in[16]
 la_data_in[17]
 la_data_in[18]
 la_data_in[19]
 la_data_in[1]
 la_data_in[20]
 la_data_in[21]
 la_data_in[22]
 la_data_in[23]
 la_data_in[24]
 la_data_in[25]
 la_data_in[26]
 la_data_in[27]
 la_data_in[28]
 la_data_in[29]
 la_data_in[2]
 la_data_in[30]
 la_data_in[31]
 la_data_in[32]
 la_data_in[33]
 la_data_in[34]
 la_data_in[35]
 la_data_in[36]
 la_data_in[37]
 la_data_in[38]
 la_data_in[39]
 la_data_in[3]
 la_data_in[40]
 la_data_in[41]
 la_data_in[42]
 la_data_in[43]
 la_data_in[44]
 la_data_in[45]
 la_data_in[46]
 la_data_in[47]
 la_data_in[48]
 la_data_in[49]
 la_data_in[4]
 la_data_in[50]
 la_data_in[51]
 la_data_in[52]
 la_data_in[53]
 la_data_in[54]
 la_data_in[55]
 la_data_in[56]
 la_data_in[57]
 la_data_in[58]
 la_data_in[59]
 la_data_in[5]
 la_data_in[60]
 la_data_in[61]
 la_data_in[62]
 la_data_in[63]
 la_data_in[64]
 la_data_in[65]
 la_data_in[66]
 la_data_in[67]
 la_data_in[68]
 la_data_in[69]
 la_data_in[6]
 la_data_in[70]
 la_data_in[71]
 la_data_in[72]
 la_data_in[73]
 la_data_in[74]
 la_data_in[75]
 la_data_in[76]
 la_data_in[77]
 la_data_in[78]
 la_data_in[79]
 la_data_in[7]
 la_data_in[80]
 la_data_in[81]
 la_data_in[82]
 la_data_in[83]
 la_data_in[84]
 la_data_in[85]
 la_data_in[86]
 la_data_in[87]
 la_data_in[88]
 la_data_in[89]
 la_data_in[8]
 la_data_in[90]
 la_data_in[91]
 la_data_in[92]
 la_data_in[93]
 la_data_in[94]
 la_data_in[95]
 la_data_in[96]
 la_data_in[97]
 la_data_in[98]
 la_data_in[99]
 la_data_in[9]
 la_oenb[0]
 la_oenb[100]
 la_oenb[101]
 la_oenb[102]
 la_oenb[103]
 la_oenb[104]
 la_oenb[105]
 la_oenb[106]
 la_oenb[107]
 la_oenb[108]
 la_oenb[109]
 la_oenb[10]
 la_oenb[110]
 la_oenb[111]
 la_oenb[112]
 la_oenb[113]
 la_oenb[114]
 la_oenb[115]
 la_oenb[116]
 la_oenb[117]
 la_oenb[118]
 la_oenb[119]
 la_oenb[11]
 la_oenb[120]
 la_oenb[121]
 la_oenb[122]
 la_oenb[123]
 la_oenb[124]
 la_oenb[125]
 la_oenb[126]
 la_oenb[127]
 la_oenb[12]
 la_oenb[13]
 la_oenb[14]
 la_oenb[15]
 la_oenb[16]
 la_oenb[17]
 la_oenb[18]
 la_oenb[19]
 la_oenb[1]
 la_oenb[20]
 la_oenb[21]
 la_oenb[22]
 la_oenb[23]
 la_oenb[24]
 la_oenb[25]
 la_oenb[26]
 la_oenb[27]
 la_oenb[28]
 la_oenb[29]
 la_oenb[2]
 la_oenb[30]
 la_oenb[31]
 la_oenb[32]
 la_oenb[33]
 la_oenb[34]
 la_oenb[35]
 la_oenb[36]
 la_oenb[37]
 la_oenb[38]
 la_oenb[39]
 la_oenb[3]
 la_oenb[40]
 la_oenb[41]
 la_oenb[42]
 la_oenb[43]
 la_oenb[44]
 la_oenb[45]
 la_oenb[46]
 la_oenb[47]
 la_oenb[48]
 la_oenb[49]
 la_oenb[4]
 la_oenb[50]
 la_oenb[51]
 la_oenb[52]
 la_oenb[53]
 la_oenb[54]
 la_oenb[55]
 la_oenb[56]
 la_oenb[57]
 la_oenb[58]
 la_oenb[59]
 la_oenb[5]
 la_oenb[60]
 la_oenb[61]
 la_oenb[62]
 la_oenb[63]
 la_oenb[64]
 la_oenb[65]
 la_oenb[66]
 la_oenb[67]
 la_oenb[68]
 la_oenb[69]
 la_oenb[6]
 la_oenb[70]
 la_oenb[71]
 la_oenb[72]
 la_oenb[73]
 la_oenb[74]
 la_oenb[75]
 la_oenb[76]
 la_oenb[77]
 la_oenb[78]
 la_oenb[79]
 la_oenb[7]
 la_oenb[80]
 la_oenb[81]
 la_oenb[82]
 la_oenb[83]
 la_oenb[84]
 la_oenb[85]
 la_oenb[86]
 la_oenb[87]
 la_oenb[88]
 la_oenb[89]
 la_oenb[8]
 la_oenb[90]
 la_oenb[91]
 la_oenb[92]
 la_oenb[93]
 la_oenb[94]
 la_oenb[95]
 la_oenb[96]
 la_oenb[97]
 la_oenb[98]
 la_oenb[99]
 la_oenb[9]
 ncs
 wbs_dat_i[10]
 wbs_dat_i[11]
 wbs_dat_i[12]
 wbs_dat_i[13]
 wbs_dat_i[14]
 wbs_dat_i[15]
 wbs_dat_i[16]
 wbs_dat_i[17]
 wbs_dat_i[18]
 wbs_dat_i[19]
 wbs_dat_i[1]
 wbs_dat_i[20]
 wbs_dat_i[21]
 wbs_dat_i[22]
 wbs_dat_i[23]
 wbs_dat_i[24]
 wbs_dat_i[25]
 wbs_dat_i[26]
 wbs_dat_i[27]
 wbs_dat_i[28]
 wbs_dat_i[29]
 wbs_dat_i[2]
 wbs_dat_i[30]
 wbs_dat_i[31]
 wbs_dat_i[3]
 wbs_dat_i[4]
 wbs_dat_i[5]
 wbs_dat_i[6]
 wbs_dat_i[7]
 wbs_dat_i[8]
 wbs_dat_i[9]
 wbs_sel_i[0]
 wbs_sel_i[1]
 wbs_sel_i[2]
 wbs_sel_i[3]
 _15049__1581/LO
 _15050__1582/LO
 _15051__1583/LO
 _15052__1584/LO
 _15053__1434/HI
 _15054__1435/HI
 _15055__1436/HI
 _15056__1437/HI
 _15057__1438/HI
 _15058__1439/HI
 _15059__1440/HI
 _15060__1441/HI
 _15061__1442/HI
 _15062__1443/HI
 _15063__1444/HI
 _15064__1445/HI
 _15065__1446/HI
 _15066__1447/HI
 _15067__1448/HI
 _15068__1449/HI
 _15069__1450/HI
 _15070__1451/HI
 _15071__1452/HI
 _15072__1453/HI
 _15073__1454/HI
 _15074__1455/HI
 _15075__1456/HI
 _15076__1457/HI
 _15077__1458/HI
 _15078__1459/HI
 _15079__1460/HI
 _15080__1461/HI
 _15081__1462/HI
 _15082__1463/HI
 _15083__1464/HI
 _15084__1465/HI
 _15085__1466/HI
 _15086__1467/HI
 _15087__1468/HI
 _15088__1469/HI
 _15089__1470/HI
 _15090__1471/HI
 _15091__1472/HI
 _15092__1473/HI
 _15093__1474/HI
 _15094__1475/HI
 _15095__1476/HI
 _15096__1477/HI
 _15097__1478/HI
 _15098__1479/HI
 _15099__1480/HI
 _15100__1481/HI
 _15101__1482/HI
 _15102__1483/HI
 _15103__1484/HI
 _15104__1485/HI
 _15105__1486/HI
 _15106__1487/HI
 _15107__1488/HI
 _15108__1489/HI
 _15109__1490/HI
 _15110__1491/HI
 _15111__1492/HI
 _15112__1493/HI
 _15113__1494/HI
 _15114__1495/HI
 _15115__1496/HI
 _15116__1497/HI
 _15117__1498/HI
 _15118__1499/HI
 _15119__1500/HI
 _15120__1501/HI
 _15121__1502/HI
 _15122__1503/HI
 _15123__1504/HI
 _15124__1505/HI
 _15125__1506/HI
 _15126__1507/HI
 _15127__1508/HI
 _15128__1509/HI
 _15129__1510/HI
 _15130__1511/HI
 _15131__1512/HI
 _15132__1513/HI
 _15133__1514/HI
 _15134__1515/HI
 _15135__1516/HI
 _15136__1517/HI
 _15137__1518/HI
 _15138__1519/HI
 _15139__1520/HI
 _15140__1521/HI
 _15141__1522/HI
 _15142__1523/HI
 _15143__1524/HI
 _15144__1525/HI
 _15145__1526/HI
 _15146__1527/HI
 _15147__1528/HI
 _15148__1529/HI
 _15149__1530/HI
 _15150__1531/HI
 _15151__1532/HI
 _15152__1533/HI
 _15153__1534/HI
 _15154__1535/HI
 _15155__1536/HI
 _15156__1537/HI
 _15157__1538/HI
 _15158__1539/HI
 _15159__1540/HI
 _15160__1541/HI
 _15161__1542/HI
 _15162__1543/HI
 _15163__1544/HI
 _15164__1545/HI
 _15165__1546/HI
 _15166__1547/HI
 _15167__1548/HI
 _15168__1549/HI
 _15169__1550/HI
 _15170__1551/HI
 _15171__1552/HI
 _15172__1553/HI
 _15173__1554/HI
 _15174__1555/HI
 _15175__1556/HI
 _15176__1557/HI
 _15177__1558/HI
 _15178__1559/HI
 _15179__1560/HI
 _15180__1561/HI
 _15181__1562/HI
 _15182__1563/HI
 _15183__1564/HI
 _15184__1565/HI
 _15185__1566/HI
 _15186__1567/HI
 _15187__1568/HI
 _15188__1569/HI
 _15189__1570/HI
 _15190__1571/HI
 _15191__1572/HI
 _15195__1573/HI
 _15199__1574/HI
 _15205__1575/HI
 _15208__1576/HI
 _15211__1577/HI
 _15213__1578/HI
 _15215__1579/HI
 _15220__1580/HI
Found 0 partially unannotated drivers.

===========================================================================
max slew violation count 0
max fanout violation count 964
max cap violation count 14
============================================================================

===========================================================================
check_setup -verbose -unconstrained_endpoints -multiple_clock -no_clock -no_input_delay -loops -generated_clocks
===========================================================================
Warning: There are 151 unconstrained endpoints.
  gpio_oeb[1]
  gpio_oeb[2]
  gpio_oeb[36]
  gpio_oeb[37]
  gpio_oeb[3]
  gpio_oeb[4]
  gpio_out[1]
  gpio_out[2]
  gpio_out[36]
  gpio_out[37]
  gpio_out[3]
  gpio_out[4]
  irq[0]
  irq[1]
  irq[2]
  la_data_out[0]
  la_data_out[100]
  la_data_out[101]
  la_data_out[102]
  la_data_out[103]
  la_data_out[104]
  la_data_out[105]
  la_data_out[106]
  la_data_out[107]
  la_data_out[108]
  la_data_out[109]
  la_data_out[10]
  la_data_out[110]
  la_data_out[111]
  la_data_out[112]
  la_data_out[113]
  la_data_out[114]
  la_data_out[115]
  la_data_out[116]
  la_data_out[117]
  la_data_out[118]
  la_data_out[119]
  la_data_out[11]
  la_data_out[120]
  la_data_out[121]
  la_data_out[122]
  la_data_out[123]
  la_data_out[124]
  la_data_out[125]
  la_data_out[126]
  la_data_out[127]
  la_data_out[12]
  la_data_out[13]
  la_data_out[14]
  la_data_out[15]
  la_data_out[16]
  la_data_out[17]
  la_data_out[18]
  la_data_out[19]
  la_data_out[1]
  la_data_out[20]
  la_data_out[21]
  la_data_out[22]
  la_data_out[23]
  la_data_out[24]
  la_data_out[25]
  la_data_out[26]
  la_data_out[27]
  la_data_out[28]
  la_data_out[29]
  la_data_out[2]
  la_data_out[30]
  la_data_out[31]
  la_data_out[32]
  la_data_out[33]
  la_data_out[34]
  la_data_out[35]
  la_data_out[36]
  la_data_out[37]
  la_data_out[38]
  la_data_out[39]
  la_data_out[3]
  la_data_out[40]
  la_data_out[41]
  la_data_out[42]
  la_data_out[43]
  la_data_out[44]
  la_data_out[45]
  la_data_out[46]
  la_data_out[47]
  la_data_out[48]
  la_data_out[49]
  la_data_out[4]
  la_data_out[50]
  la_data_out[51]
  la_data_out[52]
  la_data_out[53]
  la_data_out[54]
  la_data_out[55]
  la_data_out[56]
  la_data_out[57]
  la_data_out[58]
  la_data_out[59]
  la_data_out[5]
  la_data_out[60]
  la_data_out[61]
  la_data_out[62]
  la_data_out[63]
  la_data_out[64]
  la_data_out[65]
  la_data_out[66]
  la_data_out[67]
  la_data_out[68]
  la_data_out[69]
  la_data_out[6]
  la_data_out[70]
  la_data_out[71]
  la_data_out[72]
  la_data_out[73]
  la_data_out[74]
  la_data_out[75]
  la_data_out[76]
  la_data_out[77]
  la_data_out[78]
  la_data_out[79]
  la_data_out[7]
  la_data_out[80]
  la_data_out[81]
  la_data_out[82]
  la_data_out[83]
  la_data_out[84]
  la_data_out[85]
  la_data_out[86]
  la_data_out[87]
  la_data_out[88]
  la_data_out[89]
  la_data_out[8]
  la_data_out[90]
  la_data_out[91]
  la_data_out[92]
  la_data_out[93]
  la_data_out[94]
  la_data_out[95]
  la_data_out[96]
  la_data_out[97]
  la_data_out[98]
  la_data_out[99]
  la_data_out[9]
  wbs_dat_o[14]
  wbs_dat_o[17]
  wbs_dat_o[20]
  wbs_dat_o[22]
  wbs_dat_o[24]
  wbs_dat_o[29]
  wbs_dat_o[4]
  wbs_dat_o[8]
