
===========================================================================
report_checks -unconstrained
===========================================================================
======================= max_ss_100C_1v60 Corner ===================================

Startpoint: wb_rst_i (input port clocked by wb_clk_i)
Endpoint: _1561_ (recovery check against rising-edge clock wb_clk_i)
Path Group: asynchronous
Path Type: max

Fanout         Cap        Slew       Delay        Time   Description
---------------------------------------------------------------------------------------------
                                  0.000000    0.000000   clock wb_clk_i (rise edge)
                                  0.000000    0.000000   clock network delay (propagated)
                                 20.000000   20.000000 v input external delay
     2    0.003626    0.021664    0.011864   20.011866 v wb_rst_i (in)
                                                         wb_rst_i (net)
                      0.021664    0.000000   20.011866 v input5/A (sky130_fd_sc_hd__buf_2)
     5    0.046512    0.216420    0.356630   20.368496 v input5/X (sky130_fd_sc_hd__buf_2)
                                                         net5 (net)
                      0.217153    0.009702   20.378197 v _0739_/A (sky130_fd_sc_hd__inv_2)
     2    0.006184    0.084459    0.146793   20.524990 ^ _0739_/Y (sky130_fd_sc_hd__inv_2)
                                                         _0018_ (net)
                      0.084460    0.000313   20.525303 ^ _0929_/B (sky130_fd_sc_hd__and2_1)
     1    0.003690    0.095018    0.242954   20.768257 ^ _0929_/X (sky130_fd_sc_hd__and2_1)
                                                         team_11_WB.instance_to_wrap.kp.buffertop.nrst (net)
                      0.095018    0.000162   20.768419 ^ fanout184/A (sky130_fd_sc_hd__clkbuf_4)
    15    0.075717    0.362667    0.466596   21.235014 ^ fanout184/X (sky130_fd_sc_hd__clkbuf_4)
                                                         net184 (net)
                      0.363320    0.012706   21.247721 ^ fanout183/A (sky130_fd_sc_hd__clkbuf_4)
    19    0.072724    0.349634    0.577529   21.825251 ^ fanout183/X (sky130_fd_sc_hd__clkbuf_4)
                                                         net183 (net)
                      0.349852    0.004297   21.829546 ^ fanout182/A (sky130_fd_sc_hd__buf_2)
    15    0.052983    0.412510    0.560494   22.390041 ^ fanout182/X (sky130_fd_sc_hd__buf_2)
                                                         net182 (net)
                      0.412510    0.001382   22.391422 ^ fanout179/A (sky130_fd_sc_hd__clkbuf_4)
    10    0.049094    0.245712    0.529395   22.920818 ^ fanout179/X (sky130_fd_sc_hd__clkbuf_4)
                                                         net179 (net)
                      0.245734    0.002492   22.923309 ^ _1561_/SET_B (sky130_fd_sc_hd__dfstp_1)
                                             22.923309   data arrival time

                                100.000000  100.000000   clock wb_clk_i (rise edge)
                                  0.000000  100.000000   clock source latency
     2    0.044403    0.321209    0.224681  100.224678 ^ wb_clk_i (in)
                                                         wb_clk_i (net)
                      0.321333    0.000000  100.224678 ^ clkbuf_0_wb_clk_i/A (sky130_fd_sc_hd__clkbuf_16)
     5    0.037989    0.093911    0.355868  100.580544 ^ clkbuf_0_wb_clk_i/X (sky130_fd_sc_hd__clkbuf_16)
                                                         clknet_0_wb_clk_i (net)
                      0.094094    0.003595  100.584145 ^ clkbuf_1_1__f_wb_clk_i/A (sky130_fd_sc_hd__clkbuf_16)
    29    0.142731    0.238087    0.366519  100.950661 ^ clkbuf_1_1__f_wb_clk_i/X (sky130_fd_sc_hd__clkbuf_16)
                                                         clknet_1_1__leaf_wb_clk_i (net)
                      0.238748    0.010274  100.960938 ^ clkbuf_leaf_14_wb_clk_i/A (sky130_fd_sc_hd__clkbuf_8)
     6    0.027893    0.103076    0.330211  101.291145 ^ clkbuf_leaf_14_wb_clk_i/X (sky130_fd_sc_hd__clkbuf_8)
                                                         clknet_leaf_14_wb_clk_i (net)
                      0.103093    0.001336  101.292480 ^ _1561_/CLK (sky130_fd_sc_hd__dfstp_1)
                                 -0.250000  101.042480   clock uncertainty
                                  0.000000  101.042480   clock reconvergence pessimism
                                  0.255739  101.298225   library recovery time
                                            101.298225   data required time
---------------------------------------------------------------------------------------------
                                            101.298225   data required time
                                            -22.923309   data arrival time
---------------------------------------------------------------------------------------------
                                             78.374916   slack (MET)


Startpoint: wbs_adr_i[4] (input port clocked by wb_clk_i)
Endpoint: wbs_dat_o[9] (output port clocked by wb_clk_i)
Path Group: wb_clk_i
Path Type: max

Fanout         Cap        Slew       Delay        Time   Description
---------------------------------------------------------------------------------------------
                                  0.000000    0.000000   clock wb_clk_i (rise edge)
                                  0.000000    0.000000   clock network delay (propagated)
                                 20.000000   20.000000 v input external delay
     2    0.003641    0.021721    0.011919   20.011919 v wbs_adr_i[4] (in)
                                                         wbs_adr_i[4] (net)
                      0.021721    0.000000   20.011919 v input32/A (sky130_fd_sc_hd__clkbuf_1)
     1    0.006025    0.083140    0.166660   20.178579 v input32/X (sky130_fd_sc_hd__clkbuf_1)
                                                         net32 (net)
                      0.083141    0.000467   20.179047 v _0740_/B (sky130_fd_sc_hd__or4_1)
     3    0.018658    0.342214    1.416463   21.595510 v _0740_/X (sky130_fd_sc_hd__or4_1)
                                                         _0445_ (net)
                      0.342217    0.001837   21.597347 v _0744_/A (sky130_fd_sc_hd__or4_1)
     1    0.002813    0.176247    1.297918   22.895266 v _0744_/X (sky130_fd_sc_hd__or4_1)
                                                         _0449_ (net)
                      0.176247    0.000171   22.895435 v _0750_/A (sky130_fd_sc_hd__or4_2)
     5    0.021680    0.341452    1.817252   24.712688 v _0750_/X (sky130_fd_sc_hd__or4_2)
                                                         net76 (net)
                      0.341452    0.001879   24.714567 v fanout153/A (sky130_fd_sc_hd__dlymetal6s2s_1)
     6    0.020472    0.214658    0.536909   25.251476 v fanout153/X (sky130_fd_sc_hd__dlymetal6s2s_1)
                                                         net153 (net)
                      0.214659    0.001034   25.252510 v fanout152/A (sky130_fd_sc_hd__clkbuf_2)
    10    0.025738    0.185333    0.363412   25.615923 v fanout152/X (sky130_fd_sc_hd__clkbuf_2)
                                                         net152 (net)
                      0.185333    0.000680   25.616602 v _1922_/A (sky130_fd_sc_hd__clkbuf_1)
     1    0.002976    0.052680    0.216360   25.832964 v _1922_/X (sky130_fd_sc_hd__clkbuf_1)
                                                         net81 (net)
                      0.052680    0.000121   25.833084 v output81/A (sky130_fd_sc_hd__buf_2)
     1    0.037270    0.178349    0.345077   26.178162 v output81/X (sky130_fd_sc_hd__buf_2)
                                                         wbs_dat_o[9] (net)
                      0.178380    0.002309   26.180470 v wbs_dat_o[9] (out)
                                             26.180470   data arrival time

                                100.000000  100.000000   clock wb_clk_i (rise edge)
                                  0.000000  100.000000   clock network delay (propagated)
                                 -0.250000   99.750000   clock uncertainty
                                  0.000000   99.750000   clock reconvergence pessimism
                                -20.000000   79.750000   output external delay
                                             79.750000   data required time
---------------------------------------------------------------------------------------------
                                             79.750000   data required time
                                            -26.180470   data arrival time
---------------------------------------------------------------------------------------------
                                             53.569527   slack (MET)




===========================================================================
report_checks --slack_max -0.01
============================================================================
======================= max_ss_100C_1v60 Corner ===================================

No paths found.


===========================================================================
 report_check_types -max_slew -max_cap -max_fanout -violators
============================================================================
======================= max_ss_100C_1v60 Corner ===================================

max fanout

Pin                                   Limit Fanout  Slack
---------------------------------------------------------
clkbuf_leaf_6_wb_clk_i/X                 10     39    -29 (VIOLATED)
clkbuf_1_0__f_wb_clk_i/X                 10     29    -19 (VIOLATED)
clkbuf_1_1__f_wb_clk_i/X                 10     29    -19 (VIOLATED)
fanout113/X                              10     21    -11 (VIOLATED)
fanout133/X                              10     21    -11 (VIOLATED)
fanout135/X                              10     21    -11 (VIOLATED)
fanout158/X                              10     21    -11 (VIOLATED)
fanout166/X                              10     21    -11 (VIOLATED)
fanout169/X                              10     21    -11 (VIOLATED)
fanout171/X                              10     21    -11 (VIOLATED)
fanout172/X                              10     21    -11 (VIOLATED)
fanout178/X                              10     21    -11 (VIOLATED)
fanout86/X                               10     21    -11 (VIOLATED)
fanout88/X                               10     21    -11 (VIOLATED)
fanout97/X                               10     21    -11 (VIOLATED)
fanout98/X                               10     21    -11 (VIOLATED)
clkbuf_leaf_21_wb_clk_i/X                10     19     -9 (VIOLATED)
fanout168/X                              10     19     -9 (VIOLATED)
fanout183/X                              10     19     -9 (VIOLATED)
fanout85/X                               10     19     -9 (VIOLATED)
fanout96/X                               10     19     -9 (VIOLATED)
_0796_/X                                 10     17     -7 (VIOLATED)
_1392_/X                                 10     17     -7 (VIOLATED)
_1394_/X                                 10     17     -7 (VIOLATED)
_1395_/X                                 10     17     -7 (VIOLATED)
_1396_/X                                 10     17     -7 (VIOLATED)
_1397_/X                                 10     17     -7 (VIOLATED)
_1398_/X                                 10     17     -7 (VIOLATED)
_1399_/X                                 10     17     -7 (VIOLATED)
_1400_/X                                 10     17     -7 (VIOLATED)
_1401_/X                                 10     17     -7 (VIOLATED)
_1402_/X                                 10     17     -7 (VIOLATED)
_1403_/X                                 10     17     -7 (VIOLATED)
_1404_/X                                 10     17     -7 (VIOLATED)
_1405_/X                                 10     17     -7 (VIOLATED)
_1406_/X                                 10     17     -7 (VIOLATED)
_1407_/X                                 10     17     -7 (VIOLATED)
_1408_/X                                 10     17     -7 (VIOLATED)
fanout131/X                              10     17     -7 (VIOLATED)
fanout99/X                               10     17     -7 (VIOLATED)
clkbuf_leaf_24_wb_clk_i/X                10     16     -6 (VIOLATED)
clkbuf_leaf_2_wb_clk_i/X                 10     15     -5 (VIOLATED)
fanout138/X                              10     15     -5 (VIOLATED)
fanout149/X                              10     15     -5 (VIOLATED)
fanout159/X                              10     15     -5 (VIOLATED)
fanout182/X                              10     15     -5 (VIOLATED)
fanout184/X                              10     15     -5 (VIOLATED)
fanout83/X                               10     15     -5 (VIOLATED)
_0756_/Y                                 10     13     -3 (VIOLATED)
_0897_/X                                 10     13     -3 (VIOLATED)
clkbuf_leaf_1_wb_clk_i/X                 10     13     -3 (VIOLATED)
clkbuf_leaf_23_wb_clk_i/X                10     13     -3 (VIOLATED)
fanout170/X                              10     13     -3 (VIOLATED)
fanout174/X                              10     13     -3 (VIOLATED)
clkbuf_leaf_15_wb_clk_i/X                10     12     -2 (VIOLATED)
_0758_/X                                 10     11        (VIOLATED)
_0896_/Y                                 10     11        (VIOLATED)
clkbuf_leaf_16_wb_clk_i/X                10     11        (VIOLATED)
clkbuf_leaf_17_wb_clk_i/X                10     11        (VIOLATED)
clkbuf_leaf_18_wb_clk_i/X                10     11        (VIOLATED)
fanout114/X                              10     11        (VIOLATED)
fanout115/X                              10     11        (VIOLATED)
fanout132/X                              10     11        (VIOLATED)
fanout150/X                              10     11        (VIOLATED)
fanout164/X                              10     11        (VIOLATED)
fanout89/X                               10     11        (VIOLATED)



===========================================================================
report_parasitic_annotation -report_unannotated
============================================================================
Found 367 unannotated drivers.
 ACK_I
 DAT_I[0]
 DAT_I[10]
 DAT_I[11]
 DAT_I[12]
 DAT_I[13]
 DAT_I[14]
 DAT_I[15]
 DAT_I[16]
 DAT_I[17]
 DAT_I[18]
 DAT_I[19]
 DAT_I[1]
 DAT_I[20]
 DAT_I[21]
 DAT_I[22]
 DAT_I[23]
 DAT_I[24]
 DAT_I[25]
 DAT_I[26]
 DAT_I[27]
 DAT_I[28]
 DAT_I[29]
 DAT_I[2]
 DAT_I[30]
 DAT_I[31]
 DAT_I[3]
 DAT_I[4]
 DAT_I[5]
 DAT_I[6]
 DAT_I[7]
 DAT_I[8]
 DAT_I[9]
 gpio_in[0]
 gpio_in[10]
 gpio_in[11]
 gpio_in[12]
 gpio_in[13]
 gpio_in[14]
 gpio_in[15]
 gpio_in[16]
 gpio_in[17]
 gpio_in[18]
 gpio_in[19]
 gpio_in[1]
 gpio_in[20]
 gpio_in[21]
 gpio_in[22]
 gpio_in[23]
 gpio_in[24]
 gpio_in[25]
 gpio_in[26]
 gpio_in[27]
 gpio_in[28]
 gpio_in[29]
 gpio_in[2]
 gpio_in[30]
 gpio_in[31]
 gpio_in[32]
 gpio_in[33]
 gpio_in[3]
 gpio_in[4]
 gpio_in[5]
 gpio_in[6]
 gpio_in[7]
 gpio_in[8]
 gpio_in[9]
 la_data_in[0]
 la_data_in[10]
 la_data_in[11]
 la_data_in[12]
 la_data_in[13]
 la_data_in[14]
 la_data_in[15]
 la_data_in[16]
 la_data_in[17]
 la_data_in[18]
 la_data_in[19]
 la_data_in[1]
 la_data_in[20]
 la_data_in[21]
 la_data_in[22]
 la_data_in[23]
 la_data_in[24]
 la_data_in[25]
 la_data_in[26]
 la_data_in[27]
 la_data_in[28]
 la_data_in[29]
 la_data_in[2]
 la_data_in[30]
 la_data_in[31]
 la_data_in[3]
 la_data_in[4]
 la_data_in[5]
 la_data_in[6]
 la_data_in[7]
 la_data_in[8]
 la_data_in[9]
 la_oenb[0]
 la_oenb[10]
 la_oenb[11]
 la_oenb[12]
 la_oenb[13]
 la_oenb[14]
 la_oenb[15]
 la_oenb[16]
 la_oenb[17]
 la_oenb[18]
 la_oenb[19]
 la_oenb[1]
 la_oenb[20]
 la_oenb[21]
 la_oenb[22]
 la_oenb[23]
 la_oenb[24]
 la_oenb[25]
 la_oenb[26]
 la_oenb[27]
 la_oenb[28]
 la_oenb[29]
 la_oenb[2]
 la_oenb[30]
 la_oenb[31]
 la_oenb[3]
 la_oenb[4]
 la_oenb[5]
 la_oenb[6]
 la_oenb[7]
 la_oenb[8]
 la_oenb[9]
 wbs_dat_i[10]
 wbs_dat_i[11]
 wbs_dat_i[12]
 wbs_dat_i[13]
 wbs_dat_i[14]
 wbs_dat_i[15]
 wbs_dat_i[16]
 wbs_dat_i[17]
 wbs_dat_i[18]
 wbs_dat_i[19]
 wbs_dat_i[1]
 wbs_dat_i[20]
 wbs_dat_i[21]
 wbs_dat_i[22]
 wbs_dat_i[23]
 wbs_dat_i[24]
 wbs_dat_i[25]
 wbs_dat_i[26]
 wbs_dat_i[27]
 wbs_dat_i[28]
 wbs_dat_i[29]
 wbs_dat_i[2]
 wbs_dat_i[30]
 wbs_dat_i[31]
 wbs_dat_i[3]
 wbs_dat_i[4]
 wbs_dat_i[5]
 wbs_dat_i[6]
 wbs_dat_i[7]
 wbs_dat_i[8]
 wbs_dat_i[9]
 wbs_sel_i[0]
 wbs_sel_i[1]
 wbs_sel_i[2]
 wbs_sel_i[3]
 _1744__188/HI
 _1745__189/HI
 _1746__190/HI
 _1747__191/HI
 _1748__192/HI
 _1749__193/HI
 _1750__194/HI
 _1751__195/HI
 _1752__196/HI
 _1753__197/HI
 _1754__198/HI
 _1755__199/HI
 _1756__200/HI
 _1757__201/HI
 _1758__202/HI
 _1759__203/HI
 _1760__204/HI
 _1761__205/HI
 _1762__206/HI
 _1763__207/HI
 _1764__208/HI
 _1765__209/HI
 _1766__210/HI
 _1767__211/HI
 _1768__212/HI
 _1769__213/HI
 _1770__214/HI
 _1771__215/HI
 _1772__216/HI
 _1773__217/HI
 _1774__218/HI
 _1775__219/HI
 _1776__220/HI
 _1777__221/HI
 _1778__222/HI
 _1779__223/HI
 _1780__224/HI
 _1781__225/HI
 _1782__226/HI
 _1783__227/HI
 _1784__228/HI
 _1785__229/HI
 _1786__230/HI
 _1787__231/HI
 _1788__232/HI
 _1789__233/HI
 _1790__234/HI
 _1791__235/HI
 _1792__236/HI
 _1793__237/HI
 _1794__238/HI
 _1795__239/HI
 _1796__240/HI
 _1797__241/HI
 _1798__242/HI
 _1799__243/HI
 _1800__244/HI
 _1801__245/HI
 _1802__246/HI
 _1803__247/HI
 _1804__248/HI
 _1805__249/HI
 _1806__250/HI
 _1807__251/HI
 _1808__252/HI
 _1809__253/HI
 _1810__254/HI
 _1811__255/HI
 _1812__256/HI
 _1813__257/HI
 _1814__258/HI
 _1815__341/LO
 _1816__342/LO
 _1817__343/LO
 _1818__344/LO
 _1819__345/LO
 _1820__346/LO
 _1821__347/LO
 _1822__348/LO
 _1823__349/LO
 _1824__350/LO
 _1825__351/LO
 _1826__352/LO
 _1827__353/LO
 _1828__354/LO
 _1829__355/LO
 _1830__356/LO
 _1831__357/LO
 _1832__358/LO
 _1833__259/HI
 _1834__260/HI
 _1835__261/HI
 _1836__262/HI
 _1837__263/HI
 _1838__264/HI
 _1839__265/HI
 _1840__266/HI
 _1841__267/HI
 _1842__268/HI
 _1843__269/HI
 _1844__270/HI
 _1845__271/HI
 _1846__272/HI
 _1847__273/HI
 _1848__274/HI
 _1849__359/LO
 _1850__360/LO
 _1851__361/LO
 _1852__362/LO
 _1853__275/HI
 _1854__276/HI
 _1855__277/HI
 _1856__278/HI
 _1857__279/HI
 _1858__280/HI
 _1859__281/HI
 _1860__282/HI
 _1861__283/HI
 _1862__284/HI
 _1863__285/HI
 _1864__286/HI
 _1865__287/HI
 _1866__288/HI
 _1867__289/HI
 _1868__290/HI
 _1869__291/HI
 _1870__292/HI
 _1872__293/HI
 _1875__294/HI
 _1876__295/HI
 _1877__296/HI
 _1878__297/HI
 _1879__298/HI
 _1880__299/HI
 _1881__300/HI
 _1882__301/HI
 _1883__302/HI
 _1884__303/HI
 _1885__304/HI
 _1886__305/HI
 _1887__306/HI
 _1888__307/HI
 _1889__308/HI
 _1890__309/HI
 _1891__310/HI
 _1892__311/HI
 _1893__312/HI
 _1894__313/HI
 _1895__314/HI
 _1896__315/HI
 _1897__316/HI
 _1898__317/HI
 _1899__318/HI
 _1900__319/HI
 _1901__320/HI
 _1902__321/HI
 _1903__322/HI
 _1904__323/HI
 _1905__324/HI
 _1906__325/HI
 _1907__326/HI
 _1908__327/HI
 _1909__328/HI
 _1910__329/HI
 _1911__330/HI
 _1912__331/HI
 _1913__332/HI
 _1917__333/HI
 _1921__334/HI
 _1927__335/HI
 _1930__336/HI
 _1933__337/HI
 _1935__338/HI
 _1937__339/HI
 _1942__340/HI
 clkload0/X
 clkload1/Y
 clkload10/Y
 clkload11/Y
 clkload12/Y
 clkload13/Y
 clkload14/X
 clkload15/X
 clkload16/Y
 clkload17/Y
 clkload18/Y
 clkload19/Y
 clkload2/Y
 clkload20/X
 clkload21/X
 clkload22/X
 clkload23/Y
 clkload24/Y
 clkload25/Y
 clkload3/Y
 clkload4/Y
 clkload5/Y
 clkload6/Y
 clkload7/Y
 clkload8/Y
 clkload9/Y
Found 0 partially unannotated drivers.

===========================================================================
max slew violation count 0
max fanout violation count 66
max cap violation count 0
============================================================================

===========================================================================
check_setup -verbose -unconstrained_endpoints -multiple_clock -no_clock -no_input_delay -loops -generated_clocks
===========================================================================
Warning: There are 175 unconstrained endpoints.
  ADR_O[0]
  ADR_O[10]
  ADR_O[11]
  ADR_O[12]
  ADR_O[13]
  ADR_O[14]
  ADR_O[15]
  ADR_O[16]
  ADR_O[17]
  ADR_O[18]
  ADR_O[19]
  ADR_O[1]
  ADR_O[20]
  ADR_O[21]
  ADR_O[22]
  ADR_O[23]
  ADR_O[24]
  ADR_O[25]
  ADR_O[26]
  ADR_O[27]
  ADR_O[28]
  ADR_O[29]
  ADR_O[2]
  ADR_O[30]
  ADR_O[31]
  ADR_O[3]
  ADR_O[4]
  ADR_O[5]
  ADR_O[6]
  ADR_O[7]
  ADR_O[8]
  ADR_O[9]
  CYC_O
  DAT_O[0]
  DAT_O[10]
  DAT_O[11]
  DAT_O[12]
  DAT_O[13]
  DAT_O[14]
  DAT_O[15]
  DAT_O[16]
  DAT_O[17]
  DAT_O[18]
  DAT_O[19]
  DAT_O[1]
  DAT_O[20]
  DAT_O[21]
  DAT_O[22]
  DAT_O[23]
  DAT_O[24]
  DAT_O[25]
  DAT_O[26]
  DAT_O[27]
  DAT_O[28]
  DAT_O[29]
  DAT_O[2]
  DAT_O[30]
  DAT_O[31]
  DAT_O[3]
  DAT_O[4]
  DAT_O[5]
  DAT_O[6]
  DAT_O[7]
  DAT_O[8]
  DAT_O[9]
  SEL_O[0]
  SEL_O[1]
  SEL_O[2]
  SEL_O[3]
  STB_O
  WE_O
  gpio_oeb[0]
  gpio_oeb[10]
  gpio_oeb[11]
  gpio_oeb[12]
  gpio_oeb[13]
  gpio_oeb[14]
  gpio_oeb[15]
  gpio_oeb[16]
  gpio_oeb[17]
  gpio_oeb[18]
  gpio_oeb[19]
  gpio_oeb[1]
  gpio_oeb[20]
  gpio_oeb[21]
  gpio_oeb[22]
  gpio_oeb[23]
  gpio_oeb[24]
  gpio_oeb[25]
  gpio_oeb[26]
  gpio_oeb[27]
  gpio_oeb[28]
  gpio_oeb[29]
  gpio_oeb[2]
  gpio_oeb[30]
  gpio_oeb[31]
  gpio_oeb[32]
  gpio_oeb[33]
  gpio_oeb[34]
  gpio_oeb[35]
  gpio_oeb[36]
  gpio_oeb[37]
  gpio_oeb[3]
  gpio_oeb[4]
  gpio_oeb[5]
  gpio_oeb[6]
  gpio_oeb[7]
  gpio_oeb[8]
  gpio_oeb[9]
  gpio_out[0]
  gpio_out[10]
  gpio_out[11]
  gpio_out[12]
  gpio_out[13]
  gpio_out[14]
  gpio_out[15]
  gpio_out[16]
  gpio_out[17]
  gpio_out[1]
  gpio_out[27]
  gpio_out[2]
  gpio_out[34]
  gpio_out[35]
  gpio_out[36]
  gpio_out[37]
  gpio_out[3]
  gpio_out[4]
  gpio_out[5]
  gpio_out[6]
  gpio_out[7]
  gpio_out[8]
  gpio_out[9]
  irq[0]
  irq[1]
  irq[2]
  la_data_out[0]
  la_data_out[10]
  la_data_out[11]
  la_data_out[12]
  la_data_out[13]
  la_data_out[14]
  la_data_out[15]
  la_data_out[16]
  la_data_out[17]
  la_data_out[18]
  la_data_out[19]
  la_data_out[1]
  la_data_out[20]
  la_data_out[21]
  la_data_out[22]
  la_data_out[23]
  la_data_out[24]
  la_data_out[25]
  la_data_out[26]
  la_data_out[27]
  la_data_out[28]
  la_data_out[29]
  la_data_out[2]
  la_data_out[30]
  la_data_out[31]
  la_data_out[3]
  la_data_out[4]
  la_data_out[5]
  la_data_out[6]
  la_data_out[7]
  la_data_out[8]
  la_data_out[9]
  wbs_dat_o[14]
  wbs_dat_o[17]
  wbs_dat_o[20]
  wbs_dat_o[22]
  wbs_dat_o[24]
  wbs_dat_o[29]
  wbs_dat_o[4]
  wbs_dat_o[8]
