
===========================================================================
report_checks -unconstrained
===========================================================================
======================= nom_ss_100C_1v60 Corner ===================================

Startpoint: wb_rst_i (input port clocked by wb_clk_i)
Endpoint: _1690_ (recovery check against rising-edge clock wb_clk_i)
Path Group: asynchronous
Path Type: max

Fanout         Cap        Slew       Delay        Time   Description
---------------------------------------------------------------------------------------------
                                  0.000000    0.000000   clock wb_clk_i (rise edge)
                                  0.000000    0.000000   clock network delay (propagated)
                                 20.000000   20.000000 v input external delay
     2    0.003856    0.022566    0.012552   20.012552 v wb_rst_i (in)
                                                         wb_rst_i (net)
                      0.022566    0.000000   20.012552 v input5/A (sky130_fd_sc_hd__buf_1)
     3    0.015466    0.182781    0.243620   20.256172 v input5/X (sky130_fd_sc_hd__buf_1)
                                                         net5 (net)
                      0.182785    0.001142   20.257315 v fanout224/A (sky130_fd_sc_hd__buf_2)
    11    0.051491    0.234734    0.450560   20.707874 v fanout224/X (sky130_fd_sc_hd__buf_2)
                                                         net224 (net)
                      0.234735    0.001139   20.709013 v fanout223/A (sky130_fd_sc_hd__buf_4)
    19    0.082102    0.200176    0.460046   21.169060 v fanout223/X (sky130_fd_sc_hd__buf_4)
                                                         net223 (net)
                      0.200179    0.001329   21.170389 v fanout222/A (sky130_fd_sc_hd__buf_4)
    21    0.088154    0.212164    0.454680   21.625069 v fanout222/X (sky130_fd_sc_hd__buf_4)
                                                         net222 (net)
                      0.212481    0.007248   21.632317 v _1635_/A (sky130_fd_sc_hd__inv_2)
     1    0.003709    0.068269    0.124254   21.756571 ^ _1635_/Y (sky130_fd_sc_hd__inv_2)
                                                         _0047_ (net)
                      0.068269    0.000076   21.756647 ^ _1690_/RESET_B (sky130_fd_sc_hd__dfrtp_2)
                                             21.756647   data arrival time

                                100.000000  100.000000   clock wb_clk_i (rise edge)
                                  0.000000  100.000000   clock source latency
     2    0.040696    0.294039    0.207336  100.207336 ^ wb_clk_i (in)
                                                         wb_clk_i (net)
                      0.294232    0.000000  100.207336 ^ clkbuf_0_wb_clk_i/A (sky130_fd_sc_hd__clkbuf_16)
     9    0.066150    0.129901    0.377469  100.584801 ^ clkbuf_0_wb_clk_i/X (sky130_fd_sc_hd__clkbuf_16)
                                                         clknet_0_wb_clk_i (net)
                      0.129939    0.002125  100.586929 ^ clkbuf_2_2__f_wb_clk_i/A (sky130_fd_sc_hd__clkbuf_16)
    23    0.076884    0.143766    0.316838  100.903763 ^ clkbuf_2_2__f_wb_clk_i/X (sky130_fd_sc_hd__clkbuf_16)
                                                         clknet_2_2__leaf_wb_clk_i (net)
                      0.143768    0.001030  100.904793 ^ _1690_/CLK (sky130_fd_sc_hd__dfrtp_2)
                                 -0.250000  100.654800   clock uncertainty
                                  0.000000  100.654800   clock reconvergence pessimism
                                  0.469936  101.124733   library recovery time
                                            101.124733   data required time
---------------------------------------------------------------------------------------------
                                            101.124733   data required time
                                            -21.756647   data arrival time
---------------------------------------------------------------------------------------------
                                             79.368088   slack (MET)


Startpoint: wbs_adr_i[16] (input port clocked by wb_clk_i)
Endpoint: wbs_dat_o[0] (output port clocked by wb_clk_i)
Path Group: wb_clk_i
Path Type: max

Fanout         Cap        Slew       Delay        Time   Description
---------------------------------------------------------------------------------------------
                                  0.000000    0.000000   clock wb_clk_i (rise edge)
                                  0.000000    0.000000   clock network delay (propagated)
                                 20.000000   20.000000 v input external delay
     2    0.003906    0.022765    0.012706   20.012707 v wbs_adr_i[16] (in)
                                                         wbs_adr_i[16] (net)
                      0.022765    0.000000   20.012707 v input13/A (sky130_fd_sc_hd__buf_1)
     1    0.009638    0.121083    0.197048   20.209755 v input13/X (sky130_fd_sc_hd__buf_1)
                                                         net13 (net)
                      0.121084    0.000549   20.210304 v _0802_/B (sky130_fd_sc_hd__or4_1)
     1    0.004091    0.194757    1.216169   21.426472 v _0802_/X (sky130_fd_sc_hd__or4_1)
                                                         _0132_ (net)
                      0.194757    0.000155   21.426626 v _0805_/B (sky130_fd_sc_hd__or4_1)
     4    0.014375    0.304572    1.409280   22.835907 v _0805_/X (sky130_fd_sc_hd__or4_1)
                                                         _0135_ (net)
                      0.304717    0.000615   22.836521 v _0827_/B_N (sky130_fd_sc_hd__and4bb_2)
    11    0.040015    0.398864    0.998641   23.835161 ^ _0827_/X (sky130_fd_sc_hd__and4bb_2)
                                                         _0142_ (net)
                      0.398865    0.001565   23.836727 ^ fanout174/A (sky130_fd_sc_hd__clkbuf_4)
    21    0.063879    0.310010    0.570735   24.407461 ^ fanout174/X (sky130_fd_sc_hd__clkbuf_4)
                                                         net174 (net)
                      0.310013    0.001579   24.409040 ^ _0828_/A (sky130_fd_sc_hd__inv_2)
     4    0.012392    0.095760    0.174307   24.583347 v _0828_/Y (sky130_fd_sc_hd__inv_2)
                                                         _0143_ (net)
                      0.095760    0.000295   24.583643 v _1495_/B1 (sky130_fd_sc_hd__a211o_1)
     1    0.005292    0.108705    0.536462   25.120104 v _1495_/X (sky130_fd_sc_hd__a211o_1)
                                                         _0771_ (net)
                      0.108705    0.000197   25.120300 v _1496_/B1 (sky130_fd_sc_hd__o31a_1)
     1    0.005109    0.105797    0.221940   25.342241 v _1496_/X (sky130_fd_sc_hd__o31a_1)
                                                         _0772_ (net)
                      0.105797    0.000178   25.342419 v _1499_/B1 (sky130_fd_sc_hd__o221a_1)
     1    0.009924    0.158753    0.519126   25.861546 v _1499_/X (sky130_fd_sc_hd__o221a_1)
                                                         net125 (net)
                      0.158753    0.000311   25.861856 v output125/A (sky130_fd_sc_hd__buf_2)
     1    0.034289    0.166074    0.387175   26.249031 v output125/X (sky130_fd_sc_hd__buf_2)
                                                         wbs_dat_o[0] (net)
                      0.166074    0.000719   26.249750 v wbs_dat_o[0] (out)
                                             26.249750   data arrival time

                                100.000000  100.000000   clock wb_clk_i (rise edge)
                                  0.000000  100.000000   clock network delay (propagated)
                                 -0.250000   99.750000   clock uncertainty
                                  0.000000   99.750000   clock reconvergence pessimism
                                -20.000000   79.750000   output external delay
                                             79.750000   data required time
---------------------------------------------------------------------------------------------
                                             79.750000   data required time
                                            -26.249750   data arrival time
---------------------------------------------------------------------------------------------
                                             53.500244   slack (MET)




===========================================================================
report_checks --slack_max -0.01
============================================================================
======================= nom_ss_100C_1v60 Corner ===================================

No paths found.


===========================================================================
 report_check_types -max_slew -max_cap -max_fanout -violators
============================================================================
======================= nom_ss_100C_1v60 Corner ===================================

max fanout

Pin                                   Limit Fanout  Slack
---------------------------------------------------------
clkbuf_2_0__f_wb_clk_i/X                 10     35    -25 (VIOLATED)
clkbuf_2_1__f_wb_clk_i/X                 10     35    -25 (VIOLATED)
clkbuf_2_3__f_wb_clk_i/X                 10     27    -17 (VIOLATED)
clkbuf_2_2__f_wb_clk_i/X                 10     23    -13 (VIOLATED)
fanout151/X                              10     21    -11 (VIOLATED)
fanout152/X                              10     21    -11 (VIOLATED)
fanout153/X                              10     21    -11 (VIOLATED)
fanout155/X                              10     21    -11 (VIOLATED)
fanout157/X                              10     21    -11 (VIOLATED)
fanout158/X                              10     21    -11 (VIOLATED)
fanout159/X                              10     21    -11 (VIOLATED)
fanout160/X                              10     21    -11 (VIOLATED)
fanout162/X                              10     21    -11 (VIOLATED)
fanout163/X                              10     21    -11 (VIOLATED)
fanout164/X                              10     21    -11 (VIOLATED)
fanout166/X                              10     21    -11 (VIOLATED)
fanout168/X                              10     21    -11 (VIOLATED)
fanout170/X                              10     21    -11 (VIOLATED)
fanout172/X                              10     21    -11 (VIOLATED)
fanout173/X                              10     21    -11 (VIOLATED)
fanout174/X                              10     21    -11 (VIOLATED)
fanout177/X                              10     21    -11 (VIOLATED)
fanout182/X                              10     21    -11 (VIOLATED)
fanout191/X                              10     21    -11 (VIOLATED)
fanout201/X                              10     21    -11 (VIOLATED)
fanout205/X                              10     21    -11 (VIOLATED)
fanout207/X                              10     21    -11 (VIOLATED)
fanout208/X                              10     21    -11 (VIOLATED)
fanout212/X                              10     21    -11 (VIOLATED)
fanout218/X                              10     21    -11 (VIOLATED)
fanout219/X                              10     21    -11 (VIOLATED)
fanout220/X                              10     21    -11 (VIOLATED)
fanout222/X                              10     21    -11 (VIOLATED)
_0834_/X                                 10     19     -9 (VIOLATED)
_1663_/Q                                 10     19     -9 (VIOLATED)
fanout161/X                              10     19     -9 (VIOLATED)
fanout204/X                              10     19     -9 (VIOLATED)
fanout223/X                              10     19     -9 (VIOLATED)
fanout200/X                              10     17     -7 (VIOLATED)
_0782_/Y                                 10     15     -5 (VIOLATED)
fanout167/X                              10     15     -5 (VIOLATED)
fanout221/X                              10     15     -5 (VIOLATED)
_0836_/X                                 10     13     -3 (VIOLATED)
_1569_/Y                                 10     13     -3 (VIOLATED)
fanout193/X                              10     13     -3 (VIOLATED)
fanout198/X                              10     13     -3 (VIOLATED)
fanout202/X                              10     13     -3 (VIOLATED)
fanout215/X                              10     13     -3 (VIOLATED)
_0810_/Y                                 10     11        (VIOLATED)
_0827_/X                                 10     11        (VIOLATED)
_1193_/Y                                 10     11        (VIOLATED)
_1538_/Y                                 10     11        (VIOLATED)
_1542_/X                                 10     11        (VIOLATED)
fanout156/X                              10     11        (VIOLATED)
fanout196/X                              10     11        (VIOLATED)
fanout224/X                              10     11        (VIOLATED)



===========================================================================
report_parasitic_annotation -report_unannotated
============================================================================
Found 275 unannotated drivers.
 ACK_I
 DAT_I[0]
 DAT_I[10]
 DAT_I[11]
 DAT_I[12]
 DAT_I[13]
 DAT_I[14]
 DAT_I[15]
 DAT_I[16]
 DAT_I[17]
 DAT_I[18]
 DAT_I[19]
 DAT_I[1]
 DAT_I[20]
 DAT_I[21]
 DAT_I[22]
 DAT_I[23]
 DAT_I[24]
 DAT_I[25]
 DAT_I[26]
 DAT_I[27]
 DAT_I[28]
 DAT_I[29]
 DAT_I[2]
 DAT_I[30]
 DAT_I[31]
 DAT_I[3]
 DAT_I[4]
 DAT_I[5]
 DAT_I[6]
 DAT_I[7]
 DAT_I[8]
 DAT_I[9]
 gpio_in[0]
 gpio_in[10]
 gpio_in[11]
 gpio_in[12]
 gpio_in[13]
 gpio_in[14]
 gpio_in[15]
 gpio_in[16]
 gpio_in[17]
 gpio_in[18]
 gpio_in[19]
 gpio_in[1]
 gpio_in[20]
 gpio_in[21]
 gpio_in[22]
 gpio_in[23]
 gpio_in[24]
 gpio_in[25]
 gpio_in[26]
 gpio_in[27]
 gpio_in[28]
 gpio_in[29]
 gpio_in[2]
 gpio_in[30]
 gpio_in[31]
 gpio_in[32]
 gpio_in[33]
 gpio_in[34]
 gpio_in[35]
 gpio_in[36]
 gpio_in[37]
 gpio_in[3]
 gpio_in[4]
 gpio_in[5]
 gpio_in[6]
 gpio_in[7]
 gpio_in[8]
 gpio_in[9]
 la_data_in[10]
 la_data_in[11]
 la_data_in[12]
 la_data_in[13]
 la_data_in[14]
 la_data_in[15]
 la_data_in[16]
 la_data_in[17]
 la_data_in[18]
 la_data_in[19]
 la_data_in[20]
 la_data_in[21]
 la_data_in[22]
 la_data_in[23]
 la_data_in[24]
 la_data_in[25]
 la_data_in[26]
 la_data_in[27]
 la_data_in[28]
 la_data_in[29]
 la_data_in[2]
 la_data_in[30]
 la_data_in[31]
 la_data_in[3]
 la_data_in[4]
 la_data_in[5]
 la_data_in[6]
 la_data_in[7]
 la_data_in[8]
 la_data_in[9]
 la_oenb[10]
 la_oenb[11]
 la_oenb[12]
 la_oenb[13]
 la_oenb[14]
 la_oenb[15]
 la_oenb[16]
 la_oenb[17]
 la_oenb[18]
 la_oenb[19]
 la_oenb[20]
 la_oenb[21]
 la_oenb[22]
 la_oenb[23]
 la_oenb[24]
 la_oenb[25]
 la_oenb[26]
 la_oenb[27]
 la_oenb[28]
 la_oenb[29]
 la_oenb[2]
 la_oenb[30]
 la_oenb[31]
 la_oenb[3]
 la_oenb[4]
 la_oenb[5]
 la_oenb[6]
 la_oenb[7]
 la_oenb[8]
 la_oenb[9]
 wbs_dat_i[14]
 wbs_dat_i[15]
 wbs_dat_i[16]
 wbs_dat_i[17]
 wbs_dat_i[18]
 wbs_dat_i[19]
 wbs_dat_i[20]
 wbs_dat_i[21]
 wbs_dat_i[22]
 wbs_dat_i[23]
 wbs_dat_i[24]
 wbs_dat_i[25]
 wbs_dat_i[26]
 wbs_dat_i[27]
 wbs_dat_i[28]
 wbs_dat_i[29]
 wbs_dat_i[30]
 wbs_dat_i[31]
 wbs_sel_i[0]
 wbs_sel_i[1]
 wbs_sel_i[2]
 wbs_sel_i[3]
 _1700__227/HI
 _1701__228/HI
 _1702__229/HI
 _1703__230/HI
 _1704__231/HI
 _1705__232/HI
 _1706__233/HI
 _1707__234/HI
 _1708__235/HI
 _1709__236/HI
 _1710__237/HI
 _1711__238/HI
 _1712__239/HI
 _1713__240/HI
 _1714__241/HI
 _1715__242/HI
 _1716__243/HI
 _1717__244/HI
 _1718__245/HI
 _1719__246/HI
 _1720__247/HI
 _1721__248/HI
 _1722__249/HI
 _1723__250/HI
 _1724__251/HI
 _1725__252/HI
 _1726__253/HI
 _1727__254/HI
 _1728__255/HI
 _1729__256/HI
 _1730__257/HI
 _1731__258/HI
 _1732__259/HI
 _1733__260/HI
 _1734__261/HI
 _1735__262/HI
 _1736__263/HI
 _1737__264/HI
 _1738__265/HI
 _1739__266/HI
 _1740__267/HI
 _1741__268/HI
 _1742__269/HI
 _1743__270/HI
 _1744__271/HI
 _1745__272/HI
 _1746__273/HI
 _1747__274/HI
 _1748__275/HI
 _1749__276/HI
 _1750__277/HI
 _1751__278/HI
 _1752__279/HI
 _1753__280/HI
 _1754__281/HI
 _1755__282/HI
 _1756__283/HI
 _1757__284/HI
 _1758__285/HI
 _1759__286/HI
 _1760__287/HI
 _1761__288/HI
 _1762__289/HI
 _1763__290/HI
 _1764__291/HI
 _1765__292/HI
 _1766__293/HI
 _1767__294/HI
 _1768__295/HI
 _1769__296/HI
 _1770__297/HI
 _1772__342/LO
 _1773__343/LO
 _1774__344/LO
 _1775__345/LO
 _1808__298/HI
 _1809__299/HI
 _1810__300/HI
 _1811__301/HI
 _1813__302/HI
 _1814__303/HI
 _1815__304/HI
 _1816__305/HI
 _1817__306/HI
 _1818__307/HI
 _1819__308/HI
 _1820__309/HI
 _1821__310/HI
 _1822__311/HI
 _1823__312/HI
 _1824__313/HI
 _1825__314/HI
 _1826__315/HI
 _1827__316/HI
 _1828__317/HI
 _1829__318/HI
 _1830__319/HI
 _1831__320/HI
 _1832__321/HI
 _1833__322/HI
 _1834__323/HI
 _1835__324/HI
 _1836__325/HI
 _1837__326/HI
 _1838__327/HI
 _1839__328/HI
 _1840__329/HI
 _1841__330/HI
 _1842__331/HI
 _1843__332/HI
 _1844__333/HI
 _1845__334/HI
 _1846__335/HI
 _1847__336/HI
 _1850__337/HI
 _1853__338/HI
 _1855__339/HI
 _1857__340/HI
 _1862__341/HI
 clkload0/X
 clkload1/Y
 clkload2/Y
Found 0 partially unannotated drivers.

===========================================================================
max slew violation count 0
max fanout violation count 56
max cap violation count 0
============================================================================

===========================================================================
check_setup -verbose -unconstrained_endpoints -multiple_clock -no_clock -no_input_delay -loops -generated_clocks
===========================================================================
Warning: There are 119 unconstrained endpoints.
  ADR_O[0]
  ADR_O[10]
  ADR_O[11]
  ADR_O[12]
  ADR_O[13]
  ADR_O[14]
  ADR_O[15]
  ADR_O[16]
  ADR_O[17]
  ADR_O[18]
  ADR_O[19]
  ADR_O[1]
  ADR_O[20]
  ADR_O[21]
  ADR_O[22]
  ADR_O[23]
  ADR_O[24]
  ADR_O[25]
  ADR_O[26]
  ADR_O[27]
  ADR_O[28]
  ADR_O[29]
  ADR_O[2]
  ADR_O[30]
  ADR_O[31]
  ADR_O[3]
  ADR_O[4]
  ADR_O[5]
  ADR_O[6]
  ADR_O[7]
  ADR_O[8]
  ADR_O[9]
  CYC_O
  DAT_O[0]
  DAT_O[10]
  DAT_O[11]
  DAT_O[12]
  DAT_O[13]
  DAT_O[14]
  DAT_O[15]
  DAT_O[16]
  DAT_O[17]
  DAT_O[18]
  DAT_O[19]
  DAT_O[1]
  DAT_O[20]
  DAT_O[21]
  DAT_O[22]
  DAT_O[23]
  DAT_O[24]
  DAT_O[25]
  DAT_O[26]
  DAT_O[27]
  DAT_O[28]
  DAT_O[29]
  DAT_O[2]
  DAT_O[30]
  DAT_O[31]
  DAT_O[3]
  DAT_O[4]
  DAT_O[5]
  DAT_O[6]
  DAT_O[7]
  DAT_O[8]
  DAT_O[9]
  SEL_O[0]
  SEL_O[1]
  SEL_O[2]
  SEL_O[3]
  STB_O
  WE_O
  gpio_oeb[1]
  gpio_oeb[2]
  gpio_oeb[3]
  gpio_oeb[4]
  gpio_out[1]
  gpio_out[2]
  gpio_out[3]
  gpio_out[4]
  irq[1]
  irq[2]
  la_data_out[0]
  la_data_out[10]
  la_data_out[11]
  la_data_out[12]
  la_data_out[13]
  la_data_out[14]
  la_data_out[15]
  la_data_out[16]
  la_data_out[17]
  la_data_out[18]
  la_data_out[19]
  la_data_out[1]
  la_data_out[20]
  la_data_out[21]
  la_data_out[22]
  la_data_out[23]
  la_data_out[24]
  la_data_out[25]
  la_data_out[26]
  la_data_out[27]
  la_data_out[28]
  la_data_out[29]
  la_data_out[2]
  la_data_out[30]
  la_data_out[31]
  la_data_out[3]
  la_data_out[4]
  la_data_out[5]
  la_data_out[6]
  la_data_out[7]
  la_data_out[8]
  la_data_out[9]
  wbs_dat_o[14]
  wbs_dat_o[17]
  wbs_dat_o[20]
  wbs_dat_o[22]
  wbs_dat_o[24]
  wbs_dat_o[29]
