
===========================================================================
report_checks -unconstrained
===========================================================================
======================= max_tt_025C_1v80 Corner ===================================

Startpoint: wb_rst_i (input port clocked by wb_clk_i)
Endpoint: _10806_ (recovery check against rising-edge clock wb_clk_i)
Path Group: asynchronous
Path Type: max

Fanout         Cap        Slew       Delay        Time   Description
---------------------------------------------------------------------------------------------
                                  0.000000    0.000000   clock wb_clk_i (rise edge)
                                  0.000000    0.000000   clock network delay (propagated)
                                 20.000000   20.000000 v input external delay
     2    0.003896    0.011162    0.006322   20.006323 v wb_rst_i (in)
                                                         wb_rst_i (net)
                      0.011164    0.000000   20.006323 v input7/A (sky130_fd_sc_hd__clkbuf_2)
     4    0.030693    0.120642    0.161501   20.167824 v input7/X (sky130_fd_sc_hd__clkbuf_2)
                                                         net7 (net)
                      0.120948    0.004709   20.172533 v _04952_/A (sky130_fd_sc_hd__inv_2)
     2    0.014915    0.078149    0.112742   20.285275 ^ _04952_/Y (sky130_fd_sc_hd__inv_2)
                                                         _00065_ (net)
                      0.078201    0.001021   20.286295 ^ _05074_/B (sky130_fd_sc_hd__nand2_4)
     6    0.093878    0.211821    0.164524   20.450821 v _05074_/Y (sky130_fd_sc_hd__nand2_4)
                                                         _00805_ (net)
                      0.211901    0.003638   20.454458 v fanout419/A (sky130_fd_sc_hd__buf_2)
    10    0.046352    0.113476    0.273445   20.727903 v fanout419/X (sky130_fd_sc_hd__buf_2)
                                                         net419 (net)
                      0.113483    0.001130   20.729033 v fanout415/A (sky130_fd_sc_hd__buf_2)
    14    0.052788    0.127301    0.238449   20.967482 v fanout415/X (sky130_fd_sc_hd__buf_2)
                                                         net415 (net)
                      0.127544    0.004032   20.971516 v fanout408/A (sky130_fd_sc_hd__clkbuf_2)
     5    0.023471    0.094500    0.194659   21.166174 v fanout408/X (sky130_fd_sc_hd__clkbuf_2)
                                                         net408 (net)
                      0.094524    0.001444   21.167618 v _05075_/A (sky130_fd_sc_hd__inv_2)
     4    0.032272    0.151253    0.152479   21.320097 ^ _05075_/Y (sky130_fd_sc_hd__inv_2)
                                                         team_07_WB.instance_to_wrap.team_07.DUT_button_edge_detector.buttonBack.nrst (net)
                      0.151284    0.001821   21.321917 ^ fanout340/A (sky130_fd_sc_hd__buf_2)
    10    0.063491    0.308747    0.324054   21.645971 ^ fanout340/X (sky130_fd_sc_hd__buf_2)
                                                         net340 (net)
                      0.308758    0.001513   21.647484 ^ fanout339/A (sky130_fd_sc_hd__buf_2)
    10    0.061705    0.301085    0.358900   22.006386 ^ fanout339/X (sky130_fd_sc_hd__buf_2)
                                                         net339 (net)
                      0.301117    0.002629   22.009014 ^ fanout338/A (sky130_fd_sc_hd__clkbuf_4)
    14    0.083764    0.254159    0.358707   22.367722 ^ fanout338/X (sky130_fd_sc_hd__clkbuf_4)
                                                         net338 (net)
                      0.254195    0.002636   22.370358 ^ fanout337/A (sky130_fd_sc_hd__clkbuf_4)
    18    0.077638    0.235039    0.342400   22.712757 ^ fanout337/X (sky130_fd_sc_hd__clkbuf_4)
                                                         net337 (net)
                      0.235096    0.003050   22.715807 ^ fanout334/A (sky130_fd_sc_hd__buf_2)
     8    0.035132    0.174904    0.259284   22.975090 ^ fanout334/X (sky130_fd_sc_hd__buf_2)
                                                         net334 (net)
                      0.174919    0.001728   22.976820 ^ fanout333/A (sky130_fd_sc_hd__clkbuf_4)
    10    0.045136    0.142926    0.252930   23.229750 ^ fanout333/X (sky130_fd_sc_hd__clkbuf_4)
                                                         net333 (net)
                      0.142993    0.002878   23.232628 ^ _10806_/RESET_B (sky130_fd_sc_hd__dfrtp_1)
                                             23.232628   data arrival time

                                100.000000  100.000000   clock wb_clk_i (rise edge)
                                  0.000000  100.000000   clock source latency
     2    0.071496    0.326160    0.234152  100.234146 ^ wb_clk_i (in)
                                                         wb_clk_i (net)
                      0.327943    0.000000  100.234146 ^ clkbuf_0_wb_clk_i/A (sky130_fd_sc_hd__clkbuf_16)
    16    0.174382    0.187183    0.316803  100.550949 ^ clkbuf_0_wb_clk_i/X (sky130_fd_sc_hd__clkbuf_16)
                                                         clknet_0_wb_clk_i (net)
                      0.187917    0.009543  100.560493 ^ clkbuf_3_3_0_wb_clk_i/A (sky130_fd_sc_hd__clkbuf_8)
    18    0.119422    0.211439    0.288146  100.848640 ^ clkbuf_3_3_0_wb_clk_i/X (sky130_fd_sc_hd__clkbuf_8)
                                                         clknet_3_3_0_wb_clk_i (net)
                      0.212973    0.014687  100.863327 ^ clkbuf_leaf_19_wb_clk_i/A (sky130_fd_sc_hd__clkbuf_8)
     5    0.017579    0.049716    0.185032  101.048363 ^ clkbuf_leaf_19_wb_clk_i/X (sky130_fd_sc_hd__clkbuf_8)
                                                         clknet_leaf_19_wb_clk_i (net)
                      0.049731    0.000803  101.049164 ^ _10806_/CLK (sky130_fd_sc_hd__dfrtp_1)
                                 -0.250000  100.799164   clock uncertainty
                                  0.000000  100.799164   clock reconvergence pessimism
                                  0.206432  101.005600   library recovery time
                                            101.005600   data required time
---------------------------------------------------------------------------------------------
                                            101.005600   data required time
                                            -23.232628   data arrival time
---------------------------------------------------------------------------------------------
                                             77.772972   slack (MET)


Startpoint: wbs_adr_i[5] (input port clocked by wb_clk_i)
Endpoint: wbs_dat_o[0] (output port clocked by wb_clk_i)
Path Group: wb_clk_i
Path Type: max

Fanout         Cap        Slew       Delay        Time   Description
---------------------------------------------------------------------------------------------
                                  0.000000    0.000000   clock wb_clk_i (rise edge)
                                  0.000000    0.000000   clock network delay (propagated)
                                 20.000000   20.000000 v input external delay
     2    0.003971    0.011333    0.006448   20.006449 v wbs_adr_i[5] (in)
                                                         wbs_adr_i[5] (net)
                      0.011335    0.000000   20.006449 v input35/A (sky130_fd_sc_hd__clkbuf_1)
     1    0.003937    0.032332    0.078760   20.085209 v input35/X (sky130_fd_sc_hd__clkbuf_1)
                                                         net35 (net)
                      0.032333    0.000201   20.085409 v _04994_/A (sky130_fd_sc_hd__or4_1)
     1    0.002675    0.080983    0.506505   20.591915 v _04994_/X (sky130_fd_sc_hd__or4_1)
                                                         _00735_ (net)
                      0.080983    0.000105   20.592020 v _04998_/A (sky130_fd_sc_hd__or4_2)
     2    0.028423    0.184952    0.796351   21.388371 v _04998_/X (sky130_fd_sc_hd__or4_2)
                                                         _00739_ (net)
                      0.184969    0.001886   21.390257 v _05004_/A (sky130_fd_sc_hd__or4_1)
     1    0.003025    0.083955    0.558160   21.948418 v _05004_/X (sky130_fd_sc_hd__or4_1)
                                                         net75 (net)
                      0.083955    0.000195   21.948612 v fanout400/A (sky130_fd_sc_hd__clkbuf_2)
     7    0.025752    0.102205    0.180817   22.129429 v fanout400/X (sky130_fd_sc_hd__clkbuf_2)
                                                         net400 (net)
                      0.102208    0.000735   22.130165 v fanout399/A (sky130_fd_sc_hd__clkbuf_2)
    10    0.027446    0.108640    0.194117   22.324282 v fanout399/X (sky130_fd_sc_hd__clkbuf_2)
                                                         net399 (net)
                      0.108643    0.000743   22.325024 v _07447_/B (sky130_fd_sc_hd__or2_1)
     1    0.002548    0.046453    0.223753   22.548779 v _07447_/X (sky130_fd_sc_hd__or2_1)
                                                         net57 (net)
                      0.046453    0.000156   22.548935 v output57/A (sky130_fd_sc_hd__buf_2)
     1    0.034566    0.090537    0.180524   22.729458 v output57/X (sky130_fd_sc_hd__buf_2)
                                                         wbs_dat_o[0] (net)
                      0.090571    0.001618   22.731077 v wbs_dat_o[0] (out)
                                             22.731077   data arrival time

                                100.000000  100.000000   clock wb_clk_i (rise edge)
                                  0.000000  100.000000   clock network delay (propagated)
                                 -0.250000   99.750000   clock uncertainty
                                  0.000000   99.750000   clock reconvergence pessimism
                                -20.000000   79.750000   output external delay
                                             79.750000   data required time
---------------------------------------------------------------------------------------------
                                             79.750000   data required time
                                            -22.731077   data arrival time
---------------------------------------------------------------------------------------------
                                             57.018921   slack (MET)




===========================================================================
report_checks --slack_max -0.01
============================================================================
======================= max_tt_025C_1v80 Corner ===================================

No paths found.


===========================================================================
 report_check_types -max_slew -max_cap -max_fanout -violators
============================================================================
======================= max_tt_025C_1v80 Corner ===================================

max fanout

Pin                                   Limit Fanout  Slack
---------------------------------------------------------
clkbuf_leaf_63_wb_clk_i/X                10     36    -26 (VIOLATED)
clkbuf_leaf_22_wb_clk_i/X                10     34    -24 (VIOLATED)
clkbuf_3_5_0_wb_clk_i/X                  10     30    -20 (VIOLATED)
clkbuf_3_4_0_wb_clk_i/X                  10     26    -16 (VIOLATED)
_05010_/Y                                10     20    -10 (VIOLATED)
_05918_/X                                10     20    -10 (VIOLATED)
_05919_/Y                                10     20    -10 (VIOLATED)
_05927_/Y                                10     20    -10 (VIOLATED)
_05945_/Y                                10     20    -10 (VIOLATED)
_05953_/Y                                10     20    -10 (VIOLATED)
_05974_/Y                                10     20    -10 (VIOLATED)
_05995_/X                                10     20    -10 (VIOLATED)
_06018_/Y                                10     20    -10 (VIOLATED)
_06036_/Y                                10     20    -10 (VIOLATED)
_06198_/X                                10     20    -10 (VIOLATED)
_06416_/Y                                10     20    -10 (VIOLATED)
_06667_/X                                10     20    -10 (VIOLATED)
_07504_/X                                10     20    -10 (VIOLATED)
_08130_/X                                10     20    -10 (VIOLATED)
_10438_/Q                                10     20    -10 (VIOLATED)
_10454_/Q                                10     20    -10 (VIOLATED)
clkbuf_3_1_0_wb_clk_i/X                  10     20    -10 (VIOLATED)
clkbuf_3_6_0_wb_clk_i/X                  10     20    -10 (VIOLATED)
clkbuf_3_7_0_wb_clk_i/X                  10     20    -10 (VIOLATED)
fanout100/X                              10     20    -10 (VIOLATED)
fanout101/X                              10     20    -10 (VIOLATED)
fanout102/X                              10     20    -10 (VIOLATED)
fanout104/X                              10     20    -10 (VIOLATED)
fanout106/X                              10     20    -10 (VIOLATED)
fanout108/X                              10     20    -10 (VIOLATED)
fanout110/X                              10     20    -10 (VIOLATED)
fanout112/X                              10     20    -10 (VIOLATED)
fanout113/X                              10     20    -10 (VIOLATED)
fanout114/X                              10     20    -10 (VIOLATED)
fanout115/X                              10     20    -10 (VIOLATED)
fanout118/X                              10     20    -10 (VIOLATED)
fanout120/X                              10     20    -10 (VIOLATED)
fanout125/X                              10     20    -10 (VIOLATED)
fanout126/X                              10     20    -10 (VIOLATED)
fanout127/X                              10     20    -10 (VIOLATED)
fanout129/X                              10     20    -10 (VIOLATED)
fanout131/X                              10     20    -10 (VIOLATED)
fanout133/X                              10     20    -10 (VIOLATED)
fanout135/X                              10     20    -10 (VIOLATED)
fanout138/X                              10     20    -10 (VIOLATED)
fanout139/X                              10     20    -10 (VIOLATED)
fanout140/X                              10     20    -10 (VIOLATED)
fanout141/X                              10     20    -10 (VIOLATED)
fanout143/X                              10     20    -10 (VIOLATED)
fanout145/X                              10     20    -10 (VIOLATED)
fanout147/X                              10     20    -10 (VIOLATED)
fanout155/X                              10     20    -10 (VIOLATED)
fanout157/X                              10     20    -10 (VIOLATED)
fanout158/X                              10     20    -10 (VIOLATED)
fanout159/X                              10     20    -10 (VIOLATED)
fanout164/X                              10     20    -10 (VIOLATED)
fanout165/X                              10     20    -10 (VIOLATED)
fanout168/X                              10     20    -10 (VIOLATED)
fanout169/X                              10     20    -10 (VIOLATED)
fanout171/X                              10     20    -10 (VIOLATED)
fanout172/X                              10     20    -10 (VIOLATED)
fanout173/X                              10     20    -10 (VIOLATED)
fanout174/X                              10     20    -10 (VIOLATED)
fanout175/X                              10     20    -10 (VIOLATED)
fanout176/X                              10     20    -10 (VIOLATED)
fanout177/X                              10     20    -10 (VIOLATED)
fanout179/X                              10     20    -10 (VIOLATED)
fanout184/X                              10     20    -10 (VIOLATED)
fanout185/X                              10     20    -10 (VIOLATED)
fanout186/X                              10     20    -10 (VIOLATED)
fanout189/X                              10     20    -10 (VIOLATED)
fanout191/X                              10     20    -10 (VIOLATED)
fanout192/X                              10     20    -10 (VIOLATED)
fanout197/X                              10     20    -10 (VIOLATED)
fanout198/X                              10     20    -10 (VIOLATED)
fanout201/X                              10     20    -10 (VIOLATED)
fanout203/X                              10     20    -10 (VIOLATED)
fanout205/X                              10     20    -10 (VIOLATED)
fanout206/X                              10     20    -10 (VIOLATED)
fanout208/X                              10     20    -10 (VIOLATED)
fanout210/X                              10     20    -10 (VIOLATED)
fanout211/X                              10     20    -10 (VIOLATED)
fanout212/X                              10     20    -10 (VIOLATED)
fanout217/X                              10     20    -10 (VIOLATED)
fanout223/X                              10     20    -10 (VIOLATED)
fanout224/X                              10     20    -10 (VIOLATED)
fanout225/X                              10     20    -10 (VIOLATED)
fanout239/X                              10     20    -10 (VIOLATED)
fanout240/X                              10     20    -10 (VIOLATED)
fanout241/X                              10     20    -10 (VIOLATED)
fanout243/X                              10     20    -10 (VIOLATED)
fanout244/X                              10     20    -10 (VIOLATED)
fanout250/X                              10     20    -10 (VIOLATED)
fanout252/X                              10     20    -10 (VIOLATED)
fanout253/X                              10     20    -10 (VIOLATED)
fanout257/X                              10     20    -10 (VIOLATED)
fanout264/X                              10     20    -10 (VIOLATED)
fanout265/X                              10     20    -10 (VIOLATED)
fanout267/X                              10     20    -10 (VIOLATED)
fanout268/X                              10     20    -10 (VIOLATED)
fanout269/X                              10     20    -10 (VIOLATED)
fanout270/X                              10     20    -10 (VIOLATED)
fanout275/X                              10     20    -10 (VIOLATED)
fanout277/X                              10     20    -10 (VIOLATED)
fanout278/X                              10     20    -10 (VIOLATED)
fanout280/X                              10     20    -10 (VIOLATED)
fanout282/X                              10     20    -10 (VIOLATED)
fanout284/X                              10     20    -10 (VIOLATED)
fanout287/X                              10     20    -10 (VIOLATED)
fanout291/X                              10     20    -10 (VIOLATED)
fanout293/X                              10     20    -10 (VIOLATED)
fanout295/X                              10     20    -10 (VIOLATED)
fanout297/X                              10     20    -10 (VIOLATED)
fanout303/X                              10     20    -10 (VIOLATED)
fanout306/X                              10     20    -10 (VIOLATED)
fanout307/X                              10     20    -10 (VIOLATED)
fanout324/X                              10     20    -10 (VIOLATED)
fanout346/X                              10     20    -10 (VIOLATED)
fanout348/X                              10     20    -10 (VIOLATED)
fanout375/X                              10     20    -10 (VIOLATED)
fanout378/X                              10     20    -10 (VIOLATED)
fanout381/X                              10     20    -10 (VIOLATED)
fanout395/X                              10     20    -10 (VIOLATED)
fanout401/X                              10     20    -10 (VIOLATED)
fanout403/X                              10     20    -10 (VIOLATED)
fanout409/X                              10     20    -10 (VIOLATED)
fanout421/X                              10     20    -10 (VIOLATED)
fanout422/X                              10     20    -10 (VIOLATED)
fanout427/X                              10     20    -10 (VIOLATED)
fanout433/X                              10     20    -10 (VIOLATED)
fanout434/X                              10     20    -10 (VIOLATED)
fanout435/X                              10     20    -10 (VIOLATED)
fanout439/X                              10     20    -10 (VIOLATED)
fanout440/X                              10     20    -10 (VIOLATED)
fanout441/X                              10     20    -10 (VIOLATED)
fanout457/X                              10     20    -10 (VIOLATED)
fanout460/X                              10     20    -10 (VIOLATED)
fanout461/X                              10     20    -10 (VIOLATED)
fanout462/X                              10     20    -10 (VIOLATED)
fanout465/X                              10     20    -10 (VIOLATED)
fanout466/X                              10     20    -10 (VIOLATED)
fanout467/X                              10     20    -10 (VIOLATED)
fanout476/X                              10     20    -10 (VIOLATED)
fanout478/X                              10     20    -10 (VIOLATED)
fanout487/X                              10     20    -10 (VIOLATED)
fanout496/X                              10     20    -10 (VIOLATED)
fanout81/X                               10     20    -10 (VIOLATED)
fanout84/X                               10     20    -10 (VIOLATED)
fanout85/X                               10     20    -10 (VIOLATED)
fanout86/X                               10     20    -10 (VIOLATED)
fanout87/X                               10     20    -10 (VIOLATED)
fanout92/X                               10     20    -10 (VIOLATED)
fanout93/X                               10     20    -10 (VIOLATED)
fanout96/X                               10     20    -10 (VIOLATED)
fanout98/X                               10     20    -10 (VIOLATED)
fanout99/X                               10     20    -10 (VIOLATED)
clkbuf_leaf_28_wb_clk_i/X                10     19     -9 (VIOLATED)
_05478_/Y                                10     18     -8 (VIOLATED)
_05535_/Y                                10     18     -8 (VIOLATED)
_05568_/Y                                10     18     -8 (VIOLATED)
_05610_/X                                10     18     -8 (VIOLATED)
_05942_/Y                                10     18     -8 (VIOLATED)
_05951_/Y                                10     18     -8 (VIOLATED)
_05956_/Y                                10     18     -8 (VIOLATED)
_05970_/X                                10     18     -8 (VIOLATED)
_05983_/X                                10     18     -8 (VIOLATED)
_06005_/X                                10     18     -8 (VIOLATED)
_06176_/Y                                10     18     -8 (VIOLATED)
_06319_/X                                10     18     -8 (VIOLATED)
_06391_/X                                10     18     -8 (VIOLATED)
_06392_/X                                10     18     -8 (VIOLATED)
_06399_/Y                                10     18     -8 (VIOLATED)
_06421_/X                                10     18     -8 (VIOLATED)
_06434_/Y                                10     18     -8 (VIOLATED)
_10230_/Q                                10     18     -8 (VIOLATED)
_10410_/Q                                10     18     -8 (VIOLATED)
_10446_/Q                                10     18     -8 (VIOLATED)
clkbuf_3_3_0_wb_clk_i/X                  10     18     -8 (VIOLATED)
clkbuf_leaf_61_wb_clk_i/X                10     18     -8 (VIOLATED)
fanout124/X                              10     18     -8 (VIOLATED)
fanout134/X                              10     18     -8 (VIOLATED)
fanout146/X                              10     18     -8 (VIOLATED)
fanout276/X                              10     18     -8 (VIOLATED)
fanout279/X                              10     18     -8 (VIOLATED)
fanout294/X                              10     18     -8 (VIOLATED)
fanout296/X                              10     18     -8 (VIOLATED)
fanout317/X                              10     18     -8 (VIOLATED)
fanout337/X                              10     18     -8 (VIOLATED)
fanout468/X                              10     18     -8 (VIOLATED)
fanout489/X                              10     18     -8 (VIOLATED)
fanout495/X                              10     18     -8 (VIOLATED)
fanout83/X                               10     18     -8 (VIOLATED)
clkbuf_leaf_26_wb_clk_i/X                10     17     -7 (VIOLATED)
clkbuf_leaf_38_wb_clk_i/X                10     17     -7 (VIOLATED)
clkbuf_leaf_41_wb_clk_i/X                10     17     -7 (VIOLATED)
clkbuf_leaf_59_wb_clk_i/X                10     17     -7 (VIOLATED)
clkbuf_leaf_80_wb_clk_i/X                10     17     -7 (VIOLATED)
_04930_/Y                                10     16     -6 (VIOLATED)
_04982_/Y                                10     16     -6 (VIOLATED)
_05063_/Y                                10     16     -6 (VIOLATED)
_05142_/X                                10     16     -6 (VIOLATED)
_05479_/Y                                10     16     -6 (VIOLATED)
_05523_/Y                                10     16     -6 (VIOLATED)
_05934_/Y                                10     16     -6 (VIOLATED)
_05938_/Y                                10     16     -6 (VIOLATED)
_05972_/Y                                10     16     -6 (VIOLATED)
_05982_/Y                                10     16     -6 (VIOLATED)
_05990_/Y                                10     16     -6 (VIOLATED)
_06014_/X                                10     16     -6 (VIOLATED)
_06032_/Y                                10     16     -6 (VIOLATED)
_06317_/Y                                10     16     -6 (VIOLATED)
_06342_/X                                10     16     -6 (VIOLATED)
_06427_/Y                                10     16     -6 (VIOLATED)
_06437_/Y                                10     16     -6 (VIOLATED)
_06462_/Y                                10     16     -6 (VIOLATED)
_06473_/Y                                10     16     -6 (VIOLATED)
_06514_/Y                                10     16     -6 (VIOLATED)
_08133_/Y                                10     16     -6 (VIOLATED)
_10004_/Q                                10     16     -6 (VIOLATED)
_10260_/Q                                10     16     -6 (VIOLATED)
_10409_/Q                                10     16     -6 (VIOLATED)
_10431_/Q                                10     16     -6 (VIOLATED)
_10452_/Q                                10     16     -6 (VIOLATED)
clkbuf_0_wb_clk_i/X                      10     16     -6 (VIOLATED)
clkbuf_leaf_16_wb_clk_i/X                10     16     -6 (VIOLATED)
clkbuf_leaf_37_wb_clk_i/X                10     16     -6 (VIOLATED)
clkbuf_leaf_72_wb_clk_i/X                10     16     -6 (VIOLATED)
fanout128/X                              10     16     -6 (VIOLATED)
fanout132/X                              10     16     -6 (VIOLATED)
fanout137/X                              10     16     -6 (VIOLATED)
fanout148/X                              10     16     -6 (VIOLATED)
fanout181/X                              10     16     -6 (VIOLATED)
fanout182/X                              10     16     -6 (VIOLATED)
fanout200/X                              10     16     -6 (VIOLATED)
fanout209/X                              10     16     -6 (VIOLATED)
fanout313/X                              10     16     -6 (VIOLATED)
fanout332/X                              10     16     -6 (VIOLATED)
fanout349/X                              10     16     -6 (VIOLATED)
fanout359/X                              10     16     -6 (VIOLATED)
fanout396/X                              10     16     -6 (VIOLATED)
fanout458/X                              10     16     -6 (VIOLATED)
fanout463/X                              10     16     -6 (VIOLATED)
fanout500/X                              10     16     -6 (VIOLATED)
fanout505/X                              10     16     -6 (VIOLATED)
clkbuf_leaf_1_wb_clk_i/X                 10     15     -5 (VIOLATED)
clkbuf_leaf_36_wb_clk_i/X                10     15     -5 (VIOLATED)
clkbuf_leaf_64_wb_clk_i/X                10     15     -5 (VIOLATED)
clkbuf_leaf_70_wb_clk_i/X                10     15     -5 (VIOLATED)
clkbuf_leaf_74_wb_clk_i/X                10     15     -5 (VIOLATED)
clkbuf_leaf_77_wb_clk_i/X                10     15     -5 (VIOLATED)
clkbuf_leaf_78_wb_clk_i/X                10     15     -5 (VIOLATED)
_04902_/Y                                10     14     -4 (VIOLATED)
_04903_/Y                                10     14     -4 (VIOLATED)
_05064_/X                                10     14     -4 (VIOLATED)
_05453_/Y                                10     14     -4 (VIOLATED)
_05490_/Y                                10     14     -4 (VIOLATED)
_05501_/Y                                10     14     -4 (VIOLATED)
_05567_/X                                10     14     -4 (VIOLATED)
_05921_/X                                10     14     -4 (VIOLATED)
_05941_/Y                                10     14     -4 (VIOLATED)
_05944_/Y                                10     14     -4 (VIOLATED)
_05947_/X                                10     14     -4 (VIOLATED)
_05950_/Y                                10     14     -4 (VIOLATED)
_05991_/Y                                10     14     -4 (VIOLATED)
_06001_/X                                10     14     -4 (VIOLATED)
_06111_/X                                10     14     -4 (VIOLATED)
_06435_/X                                10     14     -4 (VIOLATED)
_06529_/X                                10     14     -4 (VIOLATED)
_09665_/Y                                10     14     -4 (VIOLATED)
_10228_/Q                                10     14     -4 (VIOLATED)
_10407_/Q                                10     14     -4 (VIOLATED)
_10414_/Q                                10     14     -4 (VIOLATED)
_10453_/Q                                10     14     -4 (VIOLATED)
clkbuf_3_0_0_wb_clk_i/X                  10     14     -4 (VIOLATED)
clkbuf_3_2_0_wb_clk_i/X                  10     14     -4 (VIOLATED)
clkbuf_leaf_15_wb_clk_i/X                10     14     -4 (VIOLATED)
clkbuf_leaf_17_wb_clk_i/X                10     14     -4 (VIOLATED)
clkbuf_leaf_24_wb_clk_i/X                10     14     -4 (VIOLATED)
clkbuf_leaf_34_wb_clk_i/X                10     14     -4 (VIOLATED)
clkbuf_leaf_35_wb_clk_i/X                10     14     -4 (VIOLATED)
clkbuf_leaf_42_wb_clk_i/X                10     14     -4 (VIOLATED)
clkbuf_leaf_71_wb_clk_i/X                10     14     -4 (VIOLATED)
fanout109/X                              10     14     -4 (VIOLATED)
fanout116/X                              10     14     -4 (VIOLATED)
fanout178/X                              10     14     -4 (VIOLATED)
fanout187/X                              10     14     -4 (VIOLATED)
fanout249/X                              10     14     -4 (VIOLATED)
fanout260/X                              10     14     -4 (VIOLATED)
fanout314/X                              10     14     -4 (VIOLATED)
fanout338/X                              10     14     -4 (VIOLATED)
fanout356/X                              10     14     -4 (VIOLATED)
fanout376/X                              10     14     -4 (VIOLATED)
fanout415/X                              10     14     -4 (VIOLATED)
fanout453/X                              10     14     -4 (VIOLATED)
fanout456/X                              10     14     -4 (VIOLATED)
fanout477/X                              10     14     -4 (VIOLATED)
fanout502/X                              10     14     -4 (VIOLATED)
fanout91/X                               10     14     -4 (VIOLATED)
fanout97/X                               10     14     -4 (VIOLATED)
clkbuf_leaf_27_wb_clk_i/X                10     13     -3 (VIOLATED)
clkbuf_leaf_30_wb_clk_i/X                10     13     -3 (VIOLATED)
clkbuf_leaf_32_wb_clk_i/X                10     13     -3 (VIOLATED)
clkbuf_leaf_44_wb_clk_i/X                10     13     -3 (VIOLATED)
_04944_/Y                                10     12     -2 (VIOLATED)
_04948_/Y                                10     12     -2 (VIOLATED)
_05499_/Y                                10     12     -2 (VIOLATED)
_05514_/Y                                10     12     -2 (VIOLATED)
_05565_/Y                                10     12     -2 (VIOLATED)
_05892_/X                                10     12     -2 (VIOLATED)
_05924_/Y                                10     12     -2 (VIOLATED)
_05931_/X                                10     12     -2 (VIOLATED)
_06034_/X                                10     12     -2 (VIOLATED)
_06038_/Y                                10     12     -2 (VIOLATED)
_06120_/Y                                10     12     -2 (VIOLATED)
_06173_/Y                                10     12     -2 (VIOLATED)
_06375_/X                                10     12     -2 (VIOLATED)
_06394_/Y                                10     12     -2 (VIOLATED)
_06458_/X                                10     12     -2 (VIOLATED)
_06573_/X                                10     12     -2 (VIOLATED)
_06670_/Y                                10     12     -2 (VIOLATED)
_07110_/Y                                10     12     -2 (VIOLATED)
_07319_/X                                10     12     -2 (VIOLATED)
_10226_/Q                                10     12     -2 (VIOLATED)
_10242_/Q                                10     12     -2 (VIOLATED)
_10246_/Q                                10     12     -2 (VIOLATED)
clkbuf_leaf_11_wb_clk_i/X                10     12     -2 (VIOLATED)
clkbuf_leaf_40_wb_clk_i/X                10     12     -2 (VIOLATED)
clkbuf_leaf_45_wb_clk_i/X                10     12     -2 (VIOLATED)
clkbuf_leaf_50_wb_clk_i/X                10     12     -2 (VIOLATED)
clkbuf_leaf_52_wb_clk_i/X                10     12     -2 (VIOLATED)
fanout111/X                              10     12     -2 (VIOLATED)
fanout119/X                              10     12     -2 (VIOLATED)
fanout136/X                              10     12     -2 (VIOLATED)
fanout142/X                              10     12     -2 (VIOLATED)
fanout156/X                              10     12     -2 (VIOLATED)
fanout160/X                              10     12     -2 (VIOLATED)
fanout188/X                              10     12     -2 (VIOLATED)
fanout190/X                              10     12     -2 (VIOLATED)
fanout194/X                              10     12     -2 (VIOLATED)
fanout213/X                              10     12     -2 (VIOLATED)
fanout226/X                              10     12     -2 (VIOLATED)
fanout255/X                              10     12     -2 (VIOLATED)
fanout259/X                              10     12     -2 (VIOLATED)
fanout288/X                              10     12     -2 (VIOLATED)
fanout383/X                              10     12     -2 (VIOLATED)
fanout397/X                              10     12     -2 (VIOLATED)
fanout402/X                              10     12     -2 (VIOLATED)
fanout445/X                              10     12     -2 (VIOLATED)
fanout490/X                              10     12     -2 (VIOLATED)
input4/X                                 10     12     -2 (VIOLATED)
clkbuf_leaf_23_wb_clk_i/X                10     11        (VIOLATED)
clkbuf_leaf_39_wb_clk_i/X                10     11        (VIOLATED)
clkbuf_leaf_56_wb_clk_i/X                10     11        (VIOLATED)
clkbuf_leaf_57_wb_clk_i/X                10     11        (VIOLATED)
clkbuf_leaf_73_wb_clk_i/X                10     11        (VIOLATED)



===========================================================================
report_parasitic_annotation -report_unannotated
============================================================================
Found 526 unannotated drivers.
 gpio_in[0]
 gpio_in[10]
 gpio_in[11]
 gpio_in[12]
 gpio_in[13]
 gpio_in[14]
 gpio_in[15]
 gpio_in[16]
 gpio_in[17]
 gpio_in[18]
 gpio_in[19]
 gpio_in[1]
 gpio_in[20]
 gpio_in[21]
 gpio_in[28]
 gpio_in[29]
 gpio_in[2]
 gpio_in[30]
 gpio_in[31]
 gpio_in[32]
 gpio_in[33]
 gpio_in[34]
 gpio_in[35]
 gpio_in[36]
 gpio_in[37]
 gpio_in[3]
 gpio_in[4]
 gpio_in[5]
 gpio_in[6]
 gpio_in[7]
 gpio_in[8]
 gpio_in[9]
 la_data_in[0]
 la_data_in[100]
 la_data_in[101]
 la_data_in[102]
 la_data_in[103]
 la_data_in[104]
 la_data_in[105]
 la_data_in[106]
 la_data_in[107]
 la_data_in[108]
 la_data_in[109]
 la_data_in[10]
 la_data_in[110]
 la_data_in[111]
 la_data_in[112]
 la_data_in[113]
 la_data_in[114]
 la_data_in[115]
 la_data_in[116]
 la_data_in[117]
 la_data_in[118]
 la_data_in[119]
 la_data_in[11]
 la_data_in[120]
 la_data_in[121]
 la_data_in[122]
 la_data_in[123]
 la_data_in[124]
 la_data_in[125]
 la_data_in[126]
 la_data_in[127]
 la_data_in[12]
 la_data_in[13]
 la_data_in[14]
 la_data_in[15]
 la_data_in[16]
 la_data_in[17]
 la_data_in[18]
 la_data_in[19]
 la_data_in[1]
 la_data_in[20]
 la_data_in[21]
 la_data_in[22]
 la_data_in[23]
 la_data_in[24]
 la_data_in[25]
 la_data_in[26]
 la_data_in[27]
 la_data_in[28]
 la_data_in[29]
 la_data_in[2]
 la_data_in[30]
 la_data_in[31]
 la_data_in[32]
 la_data_in[33]
 la_data_in[34]
 la_data_in[35]
 la_data_in[36]
 la_data_in[37]
 la_data_in[38]
 la_data_in[39]
 la_data_in[3]
 la_data_in[40]
 la_data_in[41]
 la_data_in[42]
 la_data_in[43]
 la_data_in[44]
 la_data_in[45]
 la_data_in[46]
 la_data_in[47]
 la_data_in[48]
 la_data_in[49]
 la_data_in[4]
 la_data_in[50]
 la_data_in[51]
 la_data_in[52]
 la_data_in[53]
 la_data_in[54]
 la_data_in[55]
 la_data_in[56]
 la_data_in[57]
 la_data_in[58]
 la_data_in[59]
 la_data_in[5]
 la_data_in[60]
 la_data_in[61]
 la_data_in[62]
 la_data_in[63]
 la_data_in[64]
 la_data_in[65]
 la_data_in[66]
 la_data_in[67]
 la_data_in[68]
 la_data_in[69]
 la_data_in[6]
 la_data_in[70]
 la_data_in[71]
 la_data_in[72]
 la_data_in[73]
 la_data_in[74]
 la_data_in[75]
 la_data_in[76]
 la_data_in[77]
 la_data_in[78]
 la_data_in[79]
 la_data_in[7]
 la_data_in[80]
 la_data_in[81]
 la_data_in[82]
 la_data_in[83]
 la_data_in[84]
 la_data_in[85]
 la_data_in[86]
 la_data_in[87]
 la_data_in[88]
 la_data_in[89]
 la_data_in[8]
 la_data_in[90]
 la_data_in[91]
 la_data_in[92]
 la_data_in[93]
 la_data_in[94]
 la_data_in[95]
 la_data_in[96]
 la_data_in[97]
 la_data_in[98]
 la_data_in[99]
 la_data_in[9]
 la_oenb[0]
 la_oenb[100]
 la_oenb[101]
 la_oenb[102]
 la_oenb[103]
 la_oenb[104]
 la_oenb[105]
 la_oenb[106]
 la_oenb[107]
 la_oenb[108]
 la_oenb[109]
 la_oenb[10]
 la_oenb[110]
 la_oenb[111]
 la_oenb[112]
 la_oenb[113]
 la_oenb[114]
 la_oenb[115]
 la_oenb[116]
 la_oenb[117]
 la_oenb[118]
 la_oenb[119]
 la_oenb[11]
 la_oenb[120]
 la_oenb[121]
 la_oenb[122]
 la_oenb[123]
 la_oenb[124]
 la_oenb[125]
 la_oenb[126]
 la_oenb[127]
 la_oenb[12]
 la_oenb[13]
 la_oenb[14]
 la_oenb[15]
 la_oenb[16]
 la_oenb[17]
 la_oenb[18]
 la_oenb[19]
 la_oenb[1]
 la_oenb[20]
 la_oenb[21]
 la_oenb[22]
 la_oenb[23]
 la_oenb[24]
 la_oenb[25]
 la_oenb[26]
 la_oenb[27]
 la_oenb[28]
 la_oenb[29]
 la_oenb[2]
 la_oenb[30]
 la_oenb[31]
 la_oenb[32]
 la_oenb[33]
 la_oenb[34]
 la_oenb[35]
 la_oenb[36]
 la_oenb[37]
 la_oenb[38]
 la_oenb[39]
 la_oenb[3]
 la_oenb[40]
 la_oenb[41]
 la_oenb[42]
 la_oenb[43]
 la_oenb[44]
 la_oenb[45]
 la_oenb[46]
 la_oenb[47]
 la_oenb[48]
 la_oenb[49]
 la_oenb[4]
 la_oenb[50]
 la_oenb[51]
 la_oenb[52]
 la_oenb[53]
 la_oenb[54]
 la_oenb[55]
 la_oenb[56]
 la_oenb[57]
 la_oenb[58]
 la_oenb[59]
 la_oenb[5]
 la_oenb[60]
 la_oenb[61]
 la_oenb[62]
 la_oenb[63]
 la_oenb[64]
 la_oenb[65]
 la_oenb[66]
 la_oenb[67]
 la_oenb[68]
 la_oenb[69]
 la_oenb[6]
 la_oenb[70]
 la_oenb[71]
 la_oenb[72]
 la_oenb[73]
 la_oenb[74]
 la_oenb[75]
 la_oenb[76]
 la_oenb[77]
 la_oenb[78]
 la_oenb[79]
 la_oenb[7]
 la_oenb[80]
 la_oenb[81]
 la_oenb[82]
 la_oenb[83]
 la_oenb[84]
 la_oenb[85]
 la_oenb[86]
 la_oenb[87]
 la_oenb[88]
 la_oenb[89]
 la_oenb[8]
 la_oenb[90]
 la_oenb[91]
 la_oenb[92]
 la_oenb[93]
 la_oenb[94]
 la_oenb[95]
 la_oenb[96]
 la_oenb[97]
 la_oenb[98]
 la_oenb[99]
 la_oenb[9]
 wbs_dat_i[10]
 wbs_dat_i[11]
 wbs_dat_i[12]
 wbs_dat_i[13]
 wbs_dat_i[14]
 wbs_dat_i[15]
 wbs_dat_i[16]
 wbs_dat_i[17]
 wbs_dat_i[18]
 wbs_dat_i[19]
 wbs_dat_i[1]
 wbs_dat_i[20]
 wbs_dat_i[21]
 wbs_dat_i[22]
 wbs_dat_i[23]
 wbs_dat_i[24]
 wbs_dat_i[25]
 wbs_dat_i[26]
 wbs_dat_i[27]
 wbs_dat_i[28]
 wbs_dat_i[29]
 wbs_dat_i[2]
 wbs_dat_i[30]
 wbs_dat_i[31]
 wbs_dat_i[3]
 wbs_dat_i[4]
 wbs_dat_i[5]
 wbs_dat_i[6]
 wbs_dat_i[7]
 wbs_dat_i[8]
 wbs_dat_i[9]
 wbs_sel_i[0]
 wbs_sel_i[1]
 wbs_sel_i[2]
 wbs_sel_i[3]
 _10809__683/LO
 _10810__684/LO
 _10811__685/LO
 _10812__686/LO
 _10813__687/LO
 _10814__688/LO
 _10815__689/LO
 _10816__690/LO
 _10817__691/LO
 _10818__692/LO
 _10819__506/HI
 _10820__507/HI
 _10821__508/HI
 _10822__509/HI
 _10823__510/HI
 _10824__511/HI
 _10825__512/HI
 _10826__513/HI
 _10827__514/HI
 _10828__515/HI
 _10829__516/HI
 _10830__517/HI
 _10831__693/LO
 _10832__694/LO
 _10833__695/LO
 _10834__696/LO
 _10835__697/LO
 _10836__698/LO
 _10837__699/LO
 _10838__700/LO
 _10839__701/LO
 _10840__702/LO
 _10841__703/LO
 _10842__704/LO
 _10843__705/LO
 _10844__706/LO
 _10845__707/LO
 _10846__708/LO
 _10847__518/HI
 _10848__519/HI
 _10849__520/HI
 _10850__521/HI
 _10851__522/HI
 _10852__523/HI
 _10853__524/HI
 _10854__525/HI
 _10855__526/HI
 _10856__527/HI
 _10866__528/HI
 _10867__529/HI
 _10868__530/HI
 _10869__531/HI
 _10870__532/HI
 _10871__533/HI
 _10872__534/HI
 _10873__535/HI
 _10874__536/HI
 _10875__537/HI
 _10876__538/HI
 _10877__539/HI
 _10878__540/HI
 _10879__541/HI
 _10880__542/HI
 _10881__543/HI
 _10882__544/HI
 _10883__545/HI
 _10884__546/HI
 _10885__547/HI
 _10886__548/HI
 _10887__549/HI
 _10888__550/HI
 _10889__551/HI
 _10890__552/HI
 _10891__553/HI
 _10892__554/HI
 _10893__555/HI
 _10894__556/HI
 _10895__557/HI
 _10896__558/HI
 _10897__559/HI
 _10898__560/HI
 _10899__561/HI
 _10900__562/HI
 _10901__563/HI
 _10902__564/HI
 _10903__565/HI
 _10904__566/HI
 _10905__567/HI
 _10906__568/HI
 _10907__569/HI
 _10908__570/HI
 _10909__571/HI
 _10910__572/HI
 _10911__573/HI
 _10912__574/HI
 _10913__575/HI
 _10914__576/HI
 _10915__577/HI
 _10916__578/HI
 _10917__579/HI
 _10918__580/HI
 _10919__581/HI
 _10920__582/HI
 _10921__583/HI
 _10922__584/HI
 _10923__585/HI
 _10924__586/HI
 _10925__587/HI
 _10926__588/HI
 _10927__589/HI
 _10928__590/HI
 _10929__591/HI
 _10930__592/HI
 _10931__593/HI
 _10932__594/HI
 _10933__595/HI
 _10934__596/HI
 _10935__597/HI
 _10936__598/HI
 _10937__599/HI
 _10938__600/HI
 _10939__601/HI
 _10940__602/HI
 _10941__603/HI
 _10942__604/HI
 _10943__605/HI
 _10944__606/HI
 _10945__607/HI
 _10946__608/HI
 _10947__609/HI
 _10948__610/HI
 _10949__611/HI
 _10950__612/HI
 _10951__613/HI
 _10952__614/HI
 _10953__615/HI
 _10954__616/HI
 _10955__617/HI
 _10956__618/HI
 _10957__619/HI
 _10958__620/HI
 _10959__621/HI
 _10960__622/HI
 _10961__623/HI
 _10962__624/HI
 _10963__625/HI
 _10964__626/HI
 _10965__627/HI
 _10966__628/HI
 _10967__629/HI
 _10968__630/HI
 _10969__631/HI
 _10970__632/HI
 _10971__633/HI
 _10972__634/HI
 _10973__635/HI
 _10974__636/HI
 _10975__637/HI
 _10976__638/HI
 _10977__639/HI
 _10978__640/HI
 _10979__641/HI
 _10980__642/HI
 _10981__643/HI
 _10982__644/HI
 _10983__645/HI
 _10984__646/HI
 _10985__647/HI
 _10986__648/HI
 _10987__649/HI
 _10988__650/HI
 _10989__651/HI
 _10990__652/HI
 _10991__653/HI
 _10992__654/HI
 _10993__655/HI
 _10994__656/HI
 _10995__657/HI
 _10996__658/HI
 _10997__659/HI
 _10998__660/HI
 _10999__661/HI
 _11000__662/HI
 _11001__663/HI
 _11002__664/HI
 _11003__665/HI
 _11004__666/HI
 _11005__667/HI
 _11006__668/HI
 _11007__669/HI
 _11008__670/HI
 _11009__671/HI
 _11010__672/HI
 _11011__673/HI
 _11012__674/HI
 _11016__675/HI
 _11020__676/HI
 _11026__677/HI
 _11029__678/HI
 _11032__679/HI
 _11034__680/HI
 _11036__681/HI
 _11041__682/HI
Found 0 partially unannotated drivers.

===========================================================================
max slew violation count 0
max fanout violation count 355
max cap violation count 0
============================================================================

===========================================================================
check_setup -verbose -unconstrained_endpoints -multiple_clock -no_clock -no_input_delay -loops -generated_clocks
===========================================================================
Warning: There are 17 unclocked register/latch pins.
  _10020_/CLK
  _10021_/CLK
  _10022_/CLK
  _10023_/CLK
  _10024_/CLK
  _10025_/CLK
  _10026_/CLK
  _10027_/CLK
  _10028_/CLK
  _10029_/CLK
  _10030_/CLK
  _10031_/CLK
  _10032_/CLK
  _10033_/CLK
  _10034_/CLK
  _10035_/CLK
  _10036_/CLK
Warning: There are 230 unconstrained endpoints.
  gpio_oeb[0]
  gpio_oeb[10]
  gpio_oeb[11]
  gpio_oeb[12]
  gpio_oeb[13]
  gpio_oeb[14]
  gpio_oeb[15]
  gpio_oeb[16]
  gpio_oeb[17]
  gpio_oeb[18]
  gpio_oeb[19]
  gpio_oeb[1]
  gpio_oeb[20]
  gpio_oeb[21]
  gpio_oeb[22]
  gpio_oeb[23]
  gpio_oeb[24]
  gpio_oeb[25]
  gpio_oeb[26]
  gpio_oeb[27]
  gpio_oeb[28]
  gpio_oeb[29]
  gpio_oeb[2]
  gpio_oeb[30]
  gpio_oeb[31]
  gpio_oeb[32]
  gpio_oeb[33]
  gpio_oeb[34]
  gpio_oeb[35]
  gpio_oeb[36]
  gpio_oeb[37]
  gpio_oeb[3]
  gpio_oeb[4]
  gpio_oeb[5]
  gpio_oeb[6]
  gpio_oeb[7]
  gpio_oeb[8]
  gpio_oeb[9]
  gpio_out[0]
  gpio_out[1]
  gpio_out[22]
  gpio_out[23]
  gpio_out[24]
  gpio_out[25]
  gpio_out[26]
  gpio_out[27]
  gpio_out[28]
  gpio_out[29]
  gpio_out[2]
  gpio_out[30]
  gpio_out[31]
  gpio_out[32]
  gpio_out[33]
  gpio_out[34]
  gpio_out[35]
  gpio_out[36]
  gpio_out[37]
  gpio_out[3]
  gpio_out[4]
  gpio_out[5]
  gpio_out[6]
  gpio_out[7]
  gpio_out[8]
  gpio_out[9]
  irq[0]
  irq[1]
  irq[2]
  la_data_out[0]
  la_data_out[100]
  la_data_out[101]
  la_data_out[102]
  la_data_out[103]
  la_data_out[104]
  la_data_out[105]
  la_data_out[106]
  la_data_out[107]
  la_data_out[108]
  la_data_out[109]
  la_data_out[10]
  la_data_out[110]
  la_data_out[111]
  la_data_out[112]
  la_data_out[113]
  la_data_out[114]
  la_data_out[115]
  la_data_out[116]
  la_data_out[117]
  la_data_out[118]
  la_data_out[119]
  la_data_out[11]
  la_data_out[120]
  la_data_out[121]
  la_data_out[122]
  la_data_out[123]
  la_data_out[124]
  la_data_out[125]
  la_data_out[126]
  la_data_out[127]
  la_data_out[12]
  la_data_out[13]
  la_data_out[14]
  la_data_out[15]
  la_data_out[16]
  la_data_out[17]
  la_data_out[18]
  la_data_out[19]
  la_data_out[1]
  la_data_out[20]
  la_data_out[21]
  la_data_out[22]
  la_data_out[23]
  la_data_out[24]
  la_data_out[25]
  la_data_out[26]
  la_data_out[27]
  la_data_out[28]
  la_data_out[29]
  la_data_out[2]
  la_data_out[30]
  la_data_out[31]
  la_data_out[32]
  la_data_out[33]
  la_data_out[34]
  la_data_out[35]
  la_data_out[36]
  la_data_out[37]
  la_data_out[38]
  la_data_out[39]
  la_data_out[3]
  la_data_out[40]
  la_data_out[41]
  la_data_out[42]
  la_data_out[43]
  la_data_out[44]
  la_data_out[45]
  la_data_out[46]
  la_data_out[47]
  la_data_out[48]
  la_data_out[49]
  la_data_out[4]
  la_data_out[50]
  la_data_out[51]
  la_data_out[52]
  la_data_out[53]
  la_data_out[54]
  la_data_out[55]
  la_data_out[56]
  la_data_out[57]
  la_data_out[58]
  la_data_out[59]
  la_data_out[5]
  la_data_out[60]
  la_data_out[61]
  la_data_out[62]
  la_data_out[63]
  la_data_out[64]
  la_data_out[65]
  la_data_out[66]
  la_data_out[67]
  la_data_out[68]
  la_data_out[69]
  la_data_out[6]
  la_data_out[70]
  la_data_out[71]
  la_data_out[72]
  la_data_out[73]
  la_data_out[74]
  la_data_out[75]
  la_data_out[76]
  la_data_out[77]
  la_data_out[78]
  la_data_out[79]
  la_data_out[7]
  la_data_out[80]
  la_data_out[81]
  la_data_out[82]
  la_data_out[83]
  la_data_out[84]
  la_data_out[85]
  la_data_out[86]
  la_data_out[87]
  la_data_out[88]
  la_data_out[89]
  la_data_out[8]
  la_data_out[90]
  la_data_out[91]
  la_data_out[92]
  la_data_out[93]
  la_data_out[94]
  la_data_out[95]
  la_data_out[96]
  la_data_out[97]
  la_data_out[98]
  la_data_out[99]
  la_data_out[9]
  wbs_dat_o[14]
  wbs_dat_o[17]
  wbs_dat_o[20]
  wbs_dat_o[22]
  wbs_dat_o[24]
  wbs_dat_o[29]
  wbs_dat_o[4]
  wbs_dat_o[8]
  _10020_/D
  _10021_/D
  _10022_/D
  _10023_/D
  _10024_/D
  _10025_/D
  _10026_/D
  _10027_/D
  _10028_/D
  _10029_/D
  _10030_/D
  _10031_/D
  _10032_/D
  _10033_/D
  _10034_/D
  _10035_/D
  _10036_/D
  _10108_/D
  _10109_/D
  _10110_/D
  _10111_/D
  _10118_/D
  _10127_/D
  _10152_/D
  _10153_/D
  _10155_/D
  _10806_/D
