
===========================================================================
report_checks -unconstrained
===========================================================================
======================= min_tt_025C_1v80 Corner ===================================

Startpoint: wb_rst_i (input port clocked by wb_clk_i)
Endpoint: _19476_ (recovery check against rising-edge clock wb_clk_i)
Path Group: asynchronous
Path Type: max

Fanout         Cap        Slew       Delay        Time   Description
---------------------------------------------------------------------------------------------
                                  0.000000    0.000000   clock wb_clk_i (rise edge)
                                  0.000000    0.000000   clock network delay (propagated)
                                 20.000000   20.000000 v input external delay
     2    0.008125    0.020398    0.013145   20.013145 v wb_rst_i (in)
                                                         wb_rst_i (net)
                      0.020398    0.000000   20.013145 v input8/A (sky130_fd_sc_hd__buf_8)
    16    0.177895    0.129939    0.189340   20.202486 v input8/X (sky130_fd_sc_hd__buf_8)
                                                         net8 (net)
                      0.135641    0.021412   20.223898 v _09206_/A (sky130_fd_sc_hd__inv_2)
     2    0.010275    0.065297    0.101902   20.325800 ^ _09206_/Y (sky130_fd_sc_hd__inv_2)
                                                         _00009_ (net)
                      0.065297    0.000130   20.325930 ^ fanout1585/A (sky130_fd_sc_hd__dlymetal6s2s_1)
     5    0.022156    0.235115    0.230404   20.556334 ^ fanout1585/X (sky130_fd_sc_hd__dlymetal6s2s_1)
                                                         net1585 (net)
                      0.235116    0.000325   20.556660 ^ fanout1584/A (sky130_fd_sc_hd__buf_2)
    10    0.037529    0.185723    0.267436   20.824095 ^ fanout1584/X (sky130_fd_sc_hd__buf_2)
                                                         net1584 (net)
                      0.185723    0.000577   20.824673 ^ _09394_/B (sky130_fd_sc_hd__or2_4)
     6    0.091040    0.275688    0.324963   21.149635 ^ _09394_/X (sky130_fd_sc_hd__or2_4)
                                                         team_09_WB.instance_to_wrap.ag2.reset (net)
                      0.276424    0.011607   21.161242 ^ fanout854/A (sky130_fd_sc_hd__buf_6)
    16    0.157607    0.310027    0.342874   21.504116 ^ fanout854/X (sky130_fd_sc_hd__buf_6)
                                                         net854 (net)
                      0.310986    0.014104   21.518221 ^ fanout759/A (sky130_fd_sc_hd__clkbuf_4)
    12    0.067767    0.206669    0.341696   21.859917 ^ fanout759/X (sky130_fd_sc_hd__clkbuf_4)
                                                         net759 (net)
                      0.206669    0.000592   21.860508 ^ fanout758/A (sky130_fd_sc_hd__buf_2)
    10    0.052582    0.256797    0.308891   22.169399 ^ fanout758/X (sky130_fd_sc_hd__buf_2)
                                                         net758 (net)
                      0.256798    0.000369   22.169769 ^ fanout755/A (sky130_fd_sc_hd__clkbuf_4)
    20    0.068846    0.209597    0.328294   22.498062 ^ fanout755/X (sky130_fd_sc_hd__clkbuf_4)
                                                         net755 (net)
                      0.209783    0.003826   22.501888 ^ fanout754/A (sky130_fd_sc_hd__buf_2)
     7    0.033163    0.165569    0.246693   22.748583 ^ fanout754/X (sky130_fd_sc_hd__buf_2)
                                                         net754 (net)
                      0.165569    0.000190   22.748772 ^ fanout753/A (sky130_fd_sc_hd__clkbuf_4)
    10    0.053689    0.166094    0.267869   23.016642 ^ fanout753/X (sky130_fd_sc_hd__clkbuf_4)
                                                         net753 (net)
                      0.166114    0.001879   23.018520 ^ _19476_/RESET_B (sky130_fd_sc_hd__dfrtp_1)
                                             23.018520   data arrival time

                                100.000000  100.000000   clock wb_clk_i (rise edge)
                                  0.000000  100.000000   clock source latency
     2    0.094062    0.426103    0.296296  100.296295 ^ wb_clk_i (in)
                                                         wb_clk_i (net)
                      0.426240    0.000000  100.296295 ^ clkbuf_0_wb_clk_i/A (sky130_fd_sc_hd__clkbuf_16)
     8    0.156194    0.170256    0.328704  100.625000 ^ clkbuf_0_wb_clk_i/X (sky130_fd_sc_hd__clkbuf_16)
                                                         clknet_0_wb_clk_i (net)
                      0.170313    0.002963  100.627960 ^ clkbuf_2_1_0_wb_clk_i/A (sky130_fd_sc_hd__clkbuf_8)
    16    0.183765    0.316157    0.358931  100.986893 ^ clkbuf_2_1_0_wb_clk_i/X (sky130_fd_sc_hd__clkbuf_8)
                                                         clknet_2_1_0_wb_clk_i (net)
                      0.318686    0.022830  101.009720 ^ clkbuf_5_9__f_wb_clk_i/A (sky130_fd_sc_hd__clkbuf_16)
    18    0.096297    0.114492    0.266297  101.276016 ^ clkbuf_5_9__f_wb_clk_i/X (sky130_fd_sc_hd__clkbuf_16)
                                                         clknet_5_9__leaf_wb_clk_i (net)
                      0.114556    0.002551  101.278572 ^ clkbuf_leaf_28_wb_clk_i/A (sky130_fd_sc_hd__clkbuf_8)
     8    0.024556    0.058032    0.163723  101.442291 ^ clkbuf_leaf_28_wb_clk_i/X (sky130_fd_sc_hd__clkbuf_8)
                                                         clknet_leaf_28_wb_clk_i (net)
                      0.058032    0.000178  101.442467 ^ _19476_/CLK (sky130_fd_sc_hd__dfrtp_1)
                                 -0.250000  101.192474   clock uncertainty
                                  0.000000  101.192474   clock reconvergence pessimism
                                  0.203036  101.395508   library recovery time
                                            101.395508   data required time
---------------------------------------------------------------------------------------------
                                            101.395508   data required time
                                            -23.018520   data arrival time
---------------------------------------------------------------------------------------------
                                             78.376984   slack (MET)


Startpoint: wbs_adr_i[0] (input port clocked by wb_clk_i)
Endpoint: wbs_dat_o[0] (output port clocked by wb_clk_i)
Path Group: wb_clk_i
Path Type: max

Fanout         Cap        Slew       Delay        Time   Description
---------------------------------------------------------------------------------------------
                                  0.000000    0.000000   clock wb_clk_i (rise edge)
                                  0.000000    0.000000   clock network delay (propagated)
                                 20.000000   20.000000 v input external delay
     2    0.003356    0.009924    0.005357   20.005358 v wbs_adr_i[0] (in)
                                                         wbs_adr_i[0] (net)
                      0.009924    0.000000   20.005358 v input9/A (sky130_fd_sc_hd__buf_2)
     2    0.053552    0.128254    0.196890   20.202248 v input9/X (sky130_fd_sc_hd__buf_2)
                                                         net9 (net)
                      0.128293    0.002137   20.204384 v _09360_/B (sky130_fd_sc_hd__or4_1)
     1    0.002694    0.081125    0.517726   20.722111 v _09360_/X (sky130_fd_sc_hd__or4_1)
                                                         _04277_ (net)
                      0.081125    0.000032   20.722143 v _09363_/B (sky130_fd_sc_hd__or4_1)
     1    0.002406    0.078620    0.499080   21.221222 v _09363_/X (sky130_fd_sc_hd__or4_1)
                                                         _04280_ (net)
                      0.078620    0.000027   21.221249 v _09369_/A (sky130_fd_sc_hd__or4_2)
     6    0.024078    0.170334    0.777774   21.999023 v _09369_/X (sky130_fd_sc_hd__or4_2)
                                                         net89 (net)
                      0.170338    0.001100   22.000124 v fanout610/A (sky130_fd_sc_hd__buf_2)
    10    0.031481    0.084043    0.230981   22.231104 v fanout610/X (sky130_fd_sc_hd__buf_2)
                                                         net610 (net)
                      0.084057    0.001075   22.232180 v _13634_/B (sky130_fd_sc_hd__or2_1)
     1    0.001738    0.042988    0.207615   22.439795 v _13634_/X (sky130_fd_sc_hd__or2_1)
                                                         net71 (net)
                      0.042988    0.000007   22.439802 v output71/A (sky130_fd_sc_hd__buf_2)
     1    0.033973    0.088670    0.179080   22.618881 v output71/X (sky130_fd_sc_hd__buf_2)
                                                         wbs_dat_o[0] (net)
                      0.088670    0.000163   22.619045 v wbs_dat_o[0] (out)
                                             22.619045   data arrival time

                                100.000000  100.000000   clock wb_clk_i (rise edge)
                                  0.000000  100.000000   clock network delay (propagated)
                                 -0.250000   99.750000   clock uncertainty
                                  0.000000   99.750000   clock reconvergence pessimism
                                -20.000000   79.750000   output external delay
                                             79.750000   data required time
---------------------------------------------------------------------------------------------
                                             79.750000   data required time
                                            -22.619045   data arrival time
---------------------------------------------------------------------------------------------
                                             57.130951   slack (MET)




===========================================================================
report_checks --slack_max -0.01
============================================================================
======================= min_tt_025C_1v80 Corner ===================================

No paths found.


===========================================================================
 report_check_types -max_slew -max_cap -max_fanout -violators
============================================================================
======================= min_tt_025C_1v80 Corner ===================================

max fanout

Pin                                   Limit Fanout  Slack
---------------------------------------------------------
clkbuf_leaf_0_wb_clk_i/X                 10     32    -22 (VIOLATED)
clkbuf_leaf_175_wb_clk_i/X               10     30    -20 (VIOLATED)
clkbuf_leaf_89_wb_clk_i/X                10     26    -16 (VIOLATED)
clkbuf_5_8__f_wb_clk_i/X                 10     24    -14 (VIOLATED)
clkbuf_5_22__f_wb_clk_i/X                10     22    -12 (VIOLATED)
fanout1546/X                             10     21    -11 (VIOLATED)
_09130_/Y                                10     20    -10 (VIOLATED)
_09605_/X                                10     20    -10 (VIOLATED)
_09623_/Y                                10     20    -10 (VIOLATED)
_11769_/Y                                10     20    -10 (VIOLATED)
_12350_/Y                                10     20    -10 (VIOLATED)
_13104_/Y                                10     20    -10 (VIOLATED)
_13587_/X                                10     20    -10 (VIOLATED)
_13608_/X                                10     20    -10 (VIOLATED)
_15994_/Y                                10     20    -10 (VIOLATED)
_15995_/Y                                10     20    -10 (VIOLATED)
_15997_/X                                10     20    -10 (VIOLATED)
_16044_/Y                                10     20    -10 (VIOLATED)
_16134_/Y                                10     20    -10 (VIOLATED)
_17808_/X                                10     20    -10 (VIOLATED)
_20143_/Q                                10     20    -10 (VIOLATED)
clkbuf_5_15__f_wb_clk_i/X                10     20    -10 (VIOLATED)
clkbuf_5_21__f_wb_clk_i/X                10     20    -10 (VIOLATED)
clkbuf_5_5__f_wb_clk_i/X                 10     20    -10 (VIOLATED)
clkbuf_5_6__f_wb_clk_i/X                 10     20    -10 (VIOLATED)
fanout100/X                              10     20    -10 (VIOLATED)
fanout1001/X                             10     20    -10 (VIOLATED)
fanout1004/X                             10     20    -10 (VIOLATED)
fanout1005/X                             10     20    -10 (VIOLATED)
fanout1007/X                             10     20    -10 (VIOLATED)
fanout1008/X                             10     20    -10 (VIOLATED)
fanout1009/X                             10     20    -10 (VIOLATED)
fanout1011/X                             10     20    -10 (VIOLATED)
fanout1012/X                             10     20    -10 (VIOLATED)
fanout1014/X                             10     20    -10 (VIOLATED)
fanout1015/X                             10     20    -10 (VIOLATED)
fanout1017/X                             10     20    -10 (VIOLATED)
fanout1019/X                             10     20    -10 (VIOLATED)
fanout102/X                              10     20    -10 (VIOLATED)
fanout1021/X                             10     20    -10 (VIOLATED)
fanout1023/X                             10     20    -10 (VIOLATED)
fanout1024/X                             10     20    -10 (VIOLATED)
fanout1028/X                             10     20    -10 (VIOLATED)
fanout1029/X                             10     20    -10 (VIOLATED)
fanout1032/X                             10     20    -10 (VIOLATED)
fanout1033/X                             10     20    -10 (VIOLATED)
fanout1035/X                             10     20    -10 (VIOLATED)
fanout1038/X                             10     20    -10 (VIOLATED)
fanout104/X                              10     20    -10 (VIOLATED)
fanout1040/X                             10     20    -10 (VIOLATED)
fanout1043/X                             10     20    -10 (VIOLATED)
fanout1044/X                             10     20    -10 (VIOLATED)
fanout1046/X                             10     20    -10 (VIOLATED)
fanout1047/X                             10     20    -10 (VIOLATED)
fanout1048/X                             10     20    -10 (VIOLATED)
fanout105/X                              10     20    -10 (VIOLATED)
fanout1050/X                             10     20    -10 (VIOLATED)
fanout1052/X                             10     20    -10 (VIOLATED)
fanout1053/X                             10     20    -10 (VIOLATED)
fanout1056/X                             10     20    -10 (VIOLATED)
fanout1057/X                             10     20    -10 (VIOLATED)
fanout1058/X                             10     20    -10 (VIOLATED)
fanout1059/X                             10     20    -10 (VIOLATED)
fanout106/X                              10     20    -10 (VIOLATED)
fanout1061/X                             10     20    -10 (VIOLATED)
fanout1063/X                             10     20    -10 (VIOLATED)
fanout1064/X                             10     20    -10 (VIOLATED)
fanout1065/X                             10     20    -10 (VIOLATED)
fanout1066/X                             10     20    -10 (VIOLATED)
fanout1068/X                             10     20    -10 (VIOLATED)
fanout1070/X                             10     20    -10 (VIOLATED)
fanout1073/X                             10     20    -10 (VIOLATED)
fanout1074/X                             10     20    -10 (VIOLATED)
fanout1075/X                             10     20    -10 (VIOLATED)
fanout1078/X                             10     20    -10 (VIOLATED)
fanout1079/X                             10     20    -10 (VIOLATED)
fanout1080/X                             10     20    -10 (VIOLATED)
fanout1082/X                             10     20    -10 (VIOLATED)
fanout1084/X                             10     20    -10 (VIOLATED)
fanout1086/X                             10     20    -10 (VIOLATED)
fanout1087/X                             10     20    -10 (VIOLATED)
fanout1088/X                             10     20    -10 (VIOLATED)
fanout1089/X                             10     20    -10 (VIOLATED)
fanout109/X                              10     20    -10 (VIOLATED)
fanout1092/X                             10     20    -10 (VIOLATED)
fanout1093/X                             10     20    -10 (VIOLATED)
fanout1094/X                             10     20    -10 (VIOLATED)
fanout1095/X                             10     20    -10 (VIOLATED)
fanout1097/X                             10     20    -10 (VIOLATED)
fanout1098/X                             10     20    -10 (VIOLATED)
fanout1099/X                             10     20    -10 (VIOLATED)
fanout1101/X                             10     20    -10 (VIOLATED)
fanout1102/X                             10     20    -10 (VIOLATED)
fanout1104/X                             10     20    -10 (VIOLATED)
fanout1106/X                             10     20    -10 (VIOLATED)
fanout1107/X                             10     20    -10 (VIOLATED)
fanout1108/X                             10     20    -10 (VIOLATED)
fanout1110/X                             10     20    -10 (VIOLATED)
fanout1111/X                             10     20    -10 (VIOLATED)
fanout1112/X                             10     20    -10 (VIOLATED)
fanout1113/X                             10     20    -10 (VIOLATED)
fanout1114/X                             10     20    -10 (VIOLATED)
fanout1115/X                             10     20    -10 (VIOLATED)
fanout1116/X                             10     20    -10 (VIOLATED)
fanout1117/X                             10     20    -10 (VIOLATED)
fanout1118/X                             10     20    -10 (VIOLATED)
fanout112/X                              10     20    -10 (VIOLATED)
fanout1121/X                             10     20    -10 (VIOLATED)
fanout1123/X                             10     20    -10 (VIOLATED)
fanout1124/X                             10     20    -10 (VIOLATED)
fanout1125/X                             10     20    -10 (VIOLATED)
fanout1126/X                             10     20    -10 (VIOLATED)
fanout1127/X                             10     20    -10 (VIOLATED)
fanout1128/X                             10     20    -10 (VIOLATED)
fanout1129/X                             10     20    -10 (VIOLATED)
fanout113/X                              10     20    -10 (VIOLATED)
fanout1132/X                             10     20    -10 (VIOLATED)
fanout1134/X                             10     20    -10 (VIOLATED)
fanout1135/X                             10     20    -10 (VIOLATED)
fanout1136/X                             10     20    -10 (VIOLATED)
fanout1138/X                             10     20    -10 (VIOLATED)
fanout1143/X                             10     20    -10 (VIOLATED)
fanout1145/X                             10     20    -10 (VIOLATED)
fanout1147/X                             10     20    -10 (VIOLATED)
fanout1148/X                             10     20    -10 (VIOLATED)
fanout1149/X                             10     20    -10 (VIOLATED)
fanout1150/X                             10     20    -10 (VIOLATED)
fanout1152/X                             10     20    -10 (VIOLATED)
fanout1154/X                             10     20    -10 (VIOLATED)
fanout1155/X                             10     20    -10 (VIOLATED)
fanout1156/X                             10     20    -10 (VIOLATED)
fanout1158/X                             10     20    -10 (VIOLATED)
fanout1159/X                             10     20    -10 (VIOLATED)
fanout1162/X                             10     20    -10 (VIOLATED)
fanout1164/X                             10     20    -10 (VIOLATED)
fanout1165/X                             10     20    -10 (VIOLATED)
fanout1167/X                             10     20    -10 (VIOLATED)
fanout1168/X                             10     20    -10 (VIOLATED)
fanout1170/X                             10     20    -10 (VIOLATED)
fanout1173/X                             10     20    -10 (VIOLATED)
fanout1175/X                             10     20    -10 (VIOLATED)
fanout1176/X                             10     20    -10 (VIOLATED)
fanout1177/X                             10     20    -10 (VIOLATED)
fanout1178/X                             10     20    -10 (VIOLATED)
fanout118/X                              10     20    -10 (VIOLATED)
fanout1180/X                             10     20    -10 (VIOLATED)
fanout1182/X                             10     20    -10 (VIOLATED)
fanout1184/X                             10     20    -10 (VIOLATED)
fanout1186/X                             10     20    -10 (VIOLATED)
fanout1187/X                             10     20    -10 (VIOLATED)
fanout1188/X                             10     20    -10 (VIOLATED)
fanout1189/X                             10     20    -10 (VIOLATED)
fanout1191/X                             10     20    -10 (VIOLATED)
fanout1192/X                             10     20    -10 (VIOLATED)
fanout1194/X                             10     20    -10 (VIOLATED)
fanout1195/X                             10     20    -10 (VIOLATED)
fanout1196/X                             10     20    -10 (VIOLATED)
fanout1197/X                             10     20    -10 (VIOLATED)
fanout1199/X                             10     20    -10 (VIOLATED)
fanout1201/X                             10     20    -10 (VIOLATED)
fanout1202/X                             10     20    -10 (VIOLATED)
fanout1203/X                             10     20    -10 (VIOLATED)
fanout1204/X                             10     20    -10 (VIOLATED)
fanout1206/X                             10     20    -10 (VIOLATED)
fanout1207/X                             10     20    -10 (VIOLATED)
fanout1208/X                             10     20    -10 (VIOLATED)
fanout1210/X                             10     20    -10 (VIOLATED)
fanout1212/X                             10     20    -10 (VIOLATED)
fanout1214/X                             10     20    -10 (VIOLATED)
fanout1215/X                             10     20    -10 (VIOLATED)
fanout1216/X                             10     20    -10 (VIOLATED)
fanout1219/X                             10     20    -10 (VIOLATED)
fanout1220/X                             10     20    -10 (VIOLATED)
fanout1223/X                             10     20    -10 (VIOLATED)
fanout1224/X                             10     20    -10 (VIOLATED)
fanout1225/X                             10     20    -10 (VIOLATED)
fanout1226/X                             10     20    -10 (VIOLATED)
fanout1227/X                             10     20    -10 (VIOLATED)
fanout1228/X                             10     20    -10 (VIOLATED)
fanout1229/X                             10     20    -10 (VIOLATED)
fanout1234/X                             10     20    -10 (VIOLATED)
fanout1236/X                             10     20    -10 (VIOLATED)
fanout1237/X                             10     20    -10 (VIOLATED)
fanout1239/X                             10     20    -10 (VIOLATED)
fanout1240/X                             10     20    -10 (VIOLATED)
fanout1242/X                             10     20    -10 (VIOLATED)
fanout1243/X                             10     20    -10 (VIOLATED)
fanout1247/X                             10     20    -10 (VIOLATED)
fanout1255/X                             10     20    -10 (VIOLATED)
fanout1267/X                             10     20    -10 (VIOLATED)
fanout1272/X                             10     20    -10 (VIOLATED)
fanout1274/X                             10     20    -10 (VIOLATED)
fanout1282/X                             10     20    -10 (VIOLATED)
fanout1283/X                             10     20    -10 (VIOLATED)
fanout1284/X                             10     20    -10 (VIOLATED)
fanout1287/X                             10     20    -10 (VIOLATED)
fanout1288/X                             10     20    -10 (VIOLATED)
fanout1289/X                             10     20    -10 (VIOLATED)
fanout1290/X                             10     20    -10 (VIOLATED)
fanout1292/X                             10     20    -10 (VIOLATED)
fanout1294/X                             10     20    -10 (VIOLATED)
fanout1295/X                             10     20    -10 (VIOLATED)
fanout1296/X                             10     20    -10 (VIOLATED)
fanout1297/X                             10     20    -10 (VIOLATED)
fanout1298/X                             10     20    -10 (VIOLATED)
fanout1302/X                             10     20    -10 (VIOLATED)
fanout1303/X                             10     20    -10 (VIOLATED)
fanout1304/X                             10     20    -10 (VIOLATED)
fanout1307/X                             10     20    -10 (VIOLATED)
fanout1308/X                             10     20    -10 (VIOLATED)
fanout1309/X                             10     20    -10 (VIOLATED)
fanout1310/X                             10     20    -10 (VIOLATED)
fanout1312/X                             10     20    -10 (VIOLATED)
fanout1313/X                             10     20    -10 (VIOLATED)
fanout1314/X                             10     20    -10 (VIOLATED)
fanout1317/X                             10     20    -10 (VIOLATED)
fanout1318/X                             10     20    -10 (VIOLATED)
fanout1320/X                             10     20    -10 (VIOLATED)
fanout1325/X                             10     20    -10 (VIOLATED)
fanout1326/X                             10     20    -10 (VIOLATED)
fanout1327/X                             10     20    -10 (VIOLATED)
fanout1329/X                             10     20    -10 (VIOLATED)
fanout1330/X                             10     20    -10 (VIOLATED)
fanout1331/X                             10     20    -10 (VIOLATED)
fanout1333/X                             10     20    -10 (VIOLATED)
fanout1334/X                             10     20    -10 (VIOLATED)
fanout1335/X                             10     20    -10 (VIOLATED)
fanout1337/X                             10     20    -10 (VIOLATED)
fanout1338/X                             10     20    -10 (VIOLATED)
fanout1339/X                             10     20    -10 (VIOLATED)
fanout1342/X                             10     20    -10 (VIOLATED)
fanout1344/X                             10     20    -10 (VIOLATED)
fanout1346/X                             10     20    -10 (VIOLATED)
fanout1348/X                             10     20    -10 (VIOLATED)
fanout1350/X                             10     20    -10 (VIOLATED)
fanout1352/X                             10     20    -10 (VIOLATED)
fanout1354/X                             10     20    -10 (VIOLATED)
fanout1356/X                             10     20    -10 (VIOLATED)
fanout1357/X                             10     20    -10 (VIOLATED)
fanout1359/X                             10     20    -10 (VIOLATED)
fanout1361/X                             10     20    -10 (VIOLATED)
fanout1362/X                             10     20    -10 (VIOLATED)
fanout1363/X                             10     20    -10 (VIOLATED)
fanout1364/X                             10     20    -10 (VIOLATED)
fanout1365/X                             10     20    -10 (VIOLATED)
fanout1366/X                             10     20    -10 (VIOLATED)
fanout1367/X                             10     20    -10 (VIOLATED)
fanout1368/X                             10     20    -10 (VIOLATED)
fanout1371/X                             10     20    -10 (VIOLATED)
fanout1372/X                             10     20    -10 (VIOLATED)
fanout1373/X                             10     20    -10 (VIOLATED)
fanout1376/X                             10     20    -10 (VIOLATED)
fanout1378/X                             10     20    -10 (VIOLATED)
fanout1380/X                             10     20    -10 (VIOLATED)
fanout1381/X                             10     20    -10 (VIOLATED)
fanout1382/X                             10     20    -10 (VIOLATED)
fanout1384/X                             10     20    -10 (VIOLATED)
fanout1385/X                             10     20    -10 (VIOLATED)
fanout1386/X                             10     20    -10 (VIOLATED)
fanout1388/X                             10     20    -10 (VIOLATED)
fanout1390/X                             10     20    -10 (VIOLATED)
fanout1391/X                             10     20    -10 (VIOLATED)
fanout1392/X                             10     20    -10 (VIOLATED)
fanout1394/X                             10     20    -10 (VIOLATED)
fanout1397/X                             10     20    -10 (VIOLATED)
fanout1399/X                             10     20    -10 (VIOLATED)
fanout1400/X                             10     20    -10 (VIOLATED)
fanout1401/X                             10     20    -10 (VIOLATED)
fanout1404/X                             10     20    -10 (VIOLATED)
fanout1405/X                             10     20    -10 (VIOLATED)
fanout1408/X                             10     20    -10 (VIOLATED)
fanout1410/X                             10     20    -10 (VIOLATED)
fanout1411/X                             10     20    -10 (VIOLATED)
fanout1414/X                             10     20    -10 (VIOLATED)
fanout1415/X                             10     20    -10 (VIOLATED)
fanout1418/X                             10     20    -10 (VIOLATED)
fanout1419/X                             10     20    -10 (VIOLATED)
fanout1421/X                             10     20    -10 (VIOLATED)
fanout1423/X                             10     20    -10 (VIOLATED)
fanout1424/X                             10     20    -10 (VIOLATED)
fanout1426/X                             10     20    -10 (VIOLATED)
fanout1427/X                             10     20    -10 (VIOLATED)
fanout1428/X                             10     20    -10 (VIOLATED)
fanout1430/X                             10     20    -10 (VIOLATED)
fanout1432/X                             10     20    -10 (VIOLATED)
fanout1435/X                             10     20    -10 (VIOLATED)
fanout1436/X                             10     20    -10 (VIOLATED)
fanout1437/X                             10     20    -10 (VIOLATED)
fanout1438/X                             10     20    -10 (VIOLATED)
fanout1439/X                             10     20    -10 (VIOLATED)
fanout1441/X                             10     20    -10 (VIOLATED)
fanout1443/X                             10     20    -10 (VIOLATED)
fanout1444/X                             10     20    -10 (VIOLATED)
fanout1445/X                             10     20    -10 (VIOLATED)
fanout1449/X                             10     20    -10 (VIOLATED)
fanout1450/X                             10     20    -10 (VIOLATED)
fanout1452/X                             10     20    -10 (VIOLATED)
fanout1453/X                             10     20    -10 (VIOLATED)
fanout1454/X                             10     20    -10 (VIOLATED)
fanout1455/X                             10     20    -10 (VIOLATED)
fanout1457/X                             10     20    -10 (VIOLATED)
fanout1458/X                             10     20    -10 (VIOLATED)
fanout1462/X                             10     20    -10 (VIOLATED)
fanout1463/X                             10     20    -10 (VIOLATED)
fanout1464/X                             10     20    -10 (VIOLATED)
fanout1467/X                             10     20    -10 (VIOLATED)
fanout1469/X                             10     20    -10 (VIOLATED)
fanout1470/X                             10     20    -10 (VIOLATED)
fanout1472/X                             10     20    -10 (VIOLATED)
fanout1475/X                             10     20    -10 (VIOLATED)
fanout1476/X                             10     20    -10 (VIOLATED)
fanout1479/X                             10     20    -10 (VIOLATED)
fanout1481/X                             10     20    -10 (VIOLATED)
fanout1482/X                             10     20    -10 (VIOLATED)
fanout1485/X                             10     20    -10 (VIOLATED)
fanout1487/X                             10     20    -10 (VIOLATED)
fanout1489/X                             10     20    -10 (VIOLATED)
fanout1490/X                             10     20    -10 (VIOLATED)
fanout1491/X                             10     20    -10 (VIOLATED)
fanout1493/X                             10     20    -10 (VIOLATED)
fanout1495/X                             10     20    -10 (VIOLATED)
fanout1496/X                             10     20    -10 (VIOLATED)
fanout1497/X                             10     20    -10 (VIOLATED)
fanout1498/X                             10     20    -10 (VIOLATED)
fanout1500/X                             10     20    -10 (VIOLATED)
fanout1501/X                             10     20    -10 (VIOLATED)
fanout1506/X                             10     20    -10 (VIOLATED)
fanout1508/X                             10     20    -10 (VIOLATED)
fanout1509/X                             10     20    -10 (VIOLATED)
fanout151/X                              10     20    -10 (VIOLATED)
fanout1511/X                             10     20    -10 (VIOLATED)
fanout1512/X                             10     20    -10 (VIOLATED)
fanout1514/X                             10     20    -10 (VIOLATED)
fanout1515/X                             10     20    -10 (VIOLATED)
fanout1516/X                             10     20    -10 (VIOLATED)
fanout1517/X                             10     20    -10 (VIOLATED)
fanout1518/X                             10     20    -10 (VIOLATED)
fanout1521/X                             10     20    -10 (VIOLATED)
fanout1522/X                             10     20    -10 (VIOLATED)
fanout1523/X                             10     20    -10 (VIOLATED)
fanout1525/X                             10     20    -10 (VIOLATED)
fanout1531/X                             10     20    -10 (VIOLATED)
fanout1532/X                             10     20    -10 (VIOLATED)
fanout1533/X                             10     20    -10 (VIOLATED)
fanout1534/X                             10     20    -10 (VIOLATED)
fanout1535/X                             10     20    -10 (VIOLATED)
fanout1536/X                             10     20    -10 (VIOLATED)
fanout1537/X                             10     20    -10 (VIOLATED)
fanout1538/X                             10     20    -10 (VIOLATED)
fanout1539/X                             10     20    -10 (VIOLATED)
fanout1540/X                             10     20    -10 (VIOLATED)
fanout1541/X                             10     20    -10 (VIOLATED)
fanout1544/X                             10     20    -10 (VIOLATED)
fanout1545/X                             10     20    -10 (VIOLATED)
fanout1551/X                             10     20    -10 (VIOLATED)
fanout1553/X                             10     20    -10 (VIOLATED)
fanout1555/X                             10     20    -10 (VIOLATED)
fanout1558/X                             10     20    -10 (VIOLATED)
fanout156/X                              10     20    -10 (VIOLATED)
fanout1560/X                             10     20    -10 (VIOLATED)
fanout1562/X                             10     20    -10 (VIOLATED)
fanout1563/X                             10     20    -10 (VIOLATED)
fanout1564/X                             10     20    -10 (VIOLATED)
fanout1565/X                             10     20    -10 (VIOLATED)
fanout1567/X                             10     20    -10 (VIOLATED)
fanout1568/X                             10     20    -10 (VIOLATED)
fanout1569/X                             10     20    -10 (VIOLATED)
fanout1570/X                             10     20    -10 (VIOLATED)
fanout1571/X                             10     20    -10 (VIOLATED)
fanout1576/X                             10     20    -10 (VIOLATED)
fanout1579/X                             10     20    -10 (VIOLATED)
fanout177/X                              10     20    -10 (VIOLATED)
fanout194/X                              10     20    -10 (VIOLATED)
fanout200/X                              10     20    -10 (VIOLATED)
fanout202/X                              10     20    -10 (VIOLATED)
fanout210/X                              10     20    -10 (VIOLATED)
fanout216/X                              10     20    -10 (VIOLATED)
fanout219/X                              10     20    -10 (VIOLATED)
fanout220/X                              10     20    -10 (VIOLATED)
fanout224/X                              10     20    -10 (VIOLATED)
fanout230/X                              10     20    -10 (VIOLATED)
fanout236/X                              10     20    -10 (VIOLATED)
fanout237/X                              10     20    -10 (VIOLATED)
fanout242/X                              10     20    -10 (VIOLATED)
fanout260/X                              10     20    -10 (VIOLATED)
fanout261/X                              10     20    -10 (VIOLATED)
fanout262/X                              10     20    -10 (VIOLATED)
fanout264/X                              10     20    -10 (VIOLATED)
fanout265/X                              10     20    -10 (VIOLATED)
fanout267/X                              10     20    -10 (VIOLATED)
fanout268/X                              10     20    -10 (VIOLATED)
fanout270/X                              10     20    -10 (VIOLATED)
fanout272/X                              10     20    -10 (VIOLATED)
fanout275/X                              10     20    -10 (VIOLATED)
fanout280/X                              10     20    -10 (VIOLATED)
fanout283/X                              10     20    -10 (VIOLATED)
fanout284/X                              10     20    -10 (VIOLATED)
fanout285/X                              10     20    -10 (VIOLATED)
fanout286/X                              10     20    -10 (VIOLATED)
fanout288/X                              10     20    -10 (VIOLATED)
fanout290/X                              10     20    -10 (VIOLATED)
fanout291/X                              10     20    -10 (VIOLATED)
fanout293/X                              10     20    -10 (VIOLATED)
fanout294/X                              10     20    -10 (VIOLATED)
fanout298/X                              10     20    -10 (VIOLATED)
fanout299/X                              10     20    -10 (VIOLATED)
fanout300/X                              10     20    -10 (VIOLATED)
fanout302/X                              10     20    -10 (VIOLATED)
fanout303/X                              10     20    -10 (VIOLATED)
fanout305/X                              10     20    -10 (VIOLATED)
fanout306/X                              10     20    -10 (VIOLATED)
fanout308/X                              10     20    -10 (VIOLATED)
fanout310/X                              10     20    -10 (VIOLATED)
fanout312/X                              10     20    -10 (VIOLATED)
fanout314/X                              10     20    -10 (VIOLATED)
fanout315/X                              10     20    -10 (VIOLATED)
fanout319/X                              10     20    -10 (VIOLATED)
fanout322/X                              10     20    -10 (VIOLATED)
fanout323/X                              10     20    -10 (VIOLATED)
fanout325/X                              10     20    -10 (VIOLATED)
fanout326/X                              10     20    -10 (VIOLATED)
fanout327/X                              10     20    -10 (VIOLATED)
fanout328/X                              10     20    -10 (VIOLATED)
fanout329/X                              10     20    -10 (VIOLATED)
fanout332/X                              10     20    -10 (VIOLATED)
fanout333/X                              10     20    -10 (VIOLATED)
fanout336/X                              10     20    -10 (VIOLATED)
fanout338/X                              10     20    -10 (VIOLATED)
fanout340/X                              10     20    -10 (VIOLATED)
fanout342/X                              10     20    -10 (VIOLATED)
fanout344/X                              10     20    -10 (VIOLATED)
fanout345/X                              10     20    -10 (VIOLATED)
fanout346/X                              10     20    -10 (VIOLATED)
fanout347/X                              10     20    -10 (VIOLATED)
fanout350/X                              10     20    -10 (VIOLATED)
fanout352/X                              10     20    -10 (VIOLATED)
fanout353/X                              10     20    -10 (VIOLATED)
fanout355/X                              10     20    -10 (VIOLATED)
fanout360/X                              10     20    -10 (VIOLATED)
fanout361/X                              10     20    -10 (VIOLATED)
fanout363/X                              10     20    -10 (VIOLATED)
fanout364/X                              10     20    -10 (VIOLATED)
fanout367/X                              10     20    -10 (VIOLATED)
fanout369/X                              10     20    -10 (VIOLATED)
fanout370/X                              10     20    -10 (VIOLATED)
fanout371/X                              10     20    -10 (VIOLATED)
fanout372/X                              10     20    -10 (VIOLATED)
fanout374/X                              10     20    -10 (VIOLATED)
fanout376/X                              10     20    -10 (VIOLATED)
fanout378/X                              10     20    -10 (VIOLATED)
fanout379/X                              10     20    -10 (VIOLATED)
fanout382/X                              10     20    -10 (VIOLATED)
fanout384/X                              10     20    -10 (VIOLATED)
fanout387/X                              10     20    -10 (VIOLATED)
fanout389/X                              10     20    -10 (VIOLATED)
fanout391/X                              10     20    -10 (VIOLATED)
fanout393/X                              10     20    -10 (VIOLATED)
fanout394/X                              10     20    -10 (VIOLATED)
fanout397/X                              10     20    -10 (VIOLATED)
fanout407/X                              10     20    -10 (VIOLATED)
fanout408/X                              10     20    -10 (VIOLATED)
fanout413/X                              10     20    -10 (VIOLATED)
fanout414/X                              10     20    -10 (VIOLATED)
fanout415/X                              10     20    -10 (VIOLATED)
fanout416/X                              10     20    -10 (VIOLATED)
fanout418/X                              10     20    -10 (VIOLATED)
fanout419/X                              10     20    -10 (VIOLATED)
fanout422/X                              10     20    -10 (VIOLATED)
fanout424/X                              10     20    -10 (VIOLATED)
fanout426/X                              10     20    -10 (VIOLATED)
fanout428/X                              10     20    -10 (VIOLATED)
fanout430/X                              10     20    -10 (VIOLATED)
fanout431/X                              10     20    -10 (VIOLATED)
fanout432/X                              10     20    -10 (VIOLATED)
fanout433/X                              10     20    -10 (VIOLATED)
fanout435/X                              10     20    -10 (VIOLATED)
fanout436/X                              10     20    -10 (VIOLATED)
fanout438/X                              10     20    -10 (VIOLATED)
fanout439/X                              10     20    -10 (VIOLATED)
fanout445/X                              10     20    -10 (VIOLATED)
fanout448/X                              10     20    -10 (VIOLATED)
fanout449/X                              10     20    -10 (VIOLATED)
fanout450/X                              10     20    -10 (VIOLATED)
fanout452/X                              10     20    -10 (VIOLATED)
fanout453/X                              10     20    -10 (VIOLATED)
fanout455/X                              10     20    -10 (VIOLATED)
fanout457/X                              10     20    -10 (VIOLATED)
fanout458/X                              10     20    -10 (VIOLATED)
fanout459/X                              10     20    -10 (VIOLATED)
fanout460/X                              10     20    -10 (VIOLATED)
fanout463/X                              10     20    -10 (VIOLATED)
fanout464/X                              10     20    -10 (VIOLATED)
fanout465/X                              10     20    -10 (VIOLATED)
fanout467/X                              10     20    -10 (VIOLATED)
fanout470/X                              10     20    -10 (VIOLATED)
fanout472/X                              10     20    -10 (VIOLATED)
fanout474/X                              10     20    -10 (VIOLATED)
fanout479/X                              10     20    -10 (VIOLATED)
fanout480/X                              10     20    -10 (VIOLATED)
fanout486/X                              10     20    -10 (VIOLATED)
fanout488/X                              10     20    -10 (VIOLATED)
fanout489/X                              10     20    -10 (VIOLATED)
fanout490/X                              10     20    -10 (VIOLATED)
fanout491/X                              10     20    -10 (VIOLATED)
fanout494/X                              10     20    -10 (VIOLATED)
fanout496/X                              10     20    -10 (VIOLATED)
fanout497/X                              10     20    -10 (VIOLATED)
fanout500/X                              10     20    -10 (VIOLATED)
fanout501/X                              10     20    -10 (VIOLATED)
fanout505/X                              10     20    -10 (VIOLATED)
fanout507/X                              10     20    -10 (VIOLATED)
fanout512/X                              10     20    -10 (VIOLATED)
fanout514/X                              10     20    -10 (VIOLATED)
fanout515/X                              10     20    -10 (VIOLATED)
fanout516/X                              10     20    -10 (VIOLATED)
fanout518/X                              10     20    -10 (VIOLATED)
fanout520/X                              10     20    -10 (VIOLATED)
fanout525/X                              10     20    -10 (VIOLATED)
fanout526/X                              10     20    -10 (VIOLATED)
fanout527/X                              10     20    -10 (VIOLATED)
fanout528/X                              10     20    -10 (VIOLATED)
fanout530/X                              10     20    -10 (VIOLATED)
fanout531/X                              10     20    -10 (VIOLATED)
fanout532/X                              10     20    -10 (VIOLATED)
fanout533/X                              10     20    -10 (VIOLATED)
fanout535/X                              10     20    -10 (VIOLATED)
fanout536/X                              10     20    -10 (VIOLATED)
fanout538/X                              10     20    -10 (VIOLATED)
fanout540/X                              10     20    -10 (VIOLATED)
fanout541/X                              10     20    -10 (VIOLATED)
fanout543/X                              10     20    -10 (VIOLATED)
fanout544/X                              10     20    -10 (VIOLATED)
fanout545/X                              10     20    -10 (VIOLATED)
fanout549/X                              10     20    -10 (VIOLATED)
fanout550/X                              10     20    -10 (VIOLATED)
fanout551/X                              10     20    -10 (VIOLATED)
fanout555/X                              10     20    -10 (VIOLATED)
fanout557/X                              10     20    -10 (VIOLATED)
fanout558/X                              10     20    -10 (VIOLATED)
fanout559/X                              10     20    -10 (VIOLATED)
fanout561/X                              10     20    -10 (VIOLATED)
fanout562/X                              10     20    -10 (VIOLATED)
fanout563/X                              10     20    -10 (VIOLATED)
fanout565/X                              10     20    -10 (VIOLATED)
fanout566/X                              10     20    -10 (VIOLATED)
fanout567/X                              10     20    -10 (VIOLATED)
fanout570/X                              10     20    -10 (VIOLATED)
fanout571/X                              10     20    -10 (VIOLATED)
fanout572/X                              10     20    -10 (VIOLATED)
fanout575/X                              10     20    -10 (VIOLATED)
fanout577/X                              10     20    -10 (VIOLATED)
fanout580/X                              10     20    -10 (VIOLATED)
fanout581/X                              10     20    -10 (VIOLATED)
fanout582/X                              10     20    -10 (VIOLATED)
fanout583/X                              10     20    -10 (VIOLATED)
fanout585/X                              10     20    -10 (VIOLATED)
fanout587/X                              10     20    -10 (VIOLATED)
fanout589/X                              10     20    -10 (VIOLATED)
fanout591/X                              10     20    -10 (VIOLATED)
fanout597/X                              10     20    -10 (VIOLATED)
fanout599/X                              10     20    -10 (VIOLATED)
fanout601/X                              10     20    -10 (VIOLATED)
fanout602/X                              10     20    -10 (VIOLATED)
fanout605/X                              10     20    -10 (VIOLATED)
fanout620/X                              10     20    -10 (VIOLATED)
fanout621/X                              10     20    -10 (VIOLATED)
fanout623/X                              10     20    -10 (VIOLATED)
fanout625/X                              10     20    -10 (VIOLATED)
fanout627/X                              10     20    -10 (VIOLATED)
fanout630/X                              10     20    -10 (VIOLATED)
fanout631/X                              10     20    -10 (VIOLATED)
fanout635/X                              10     20    -10 (VIOLATED)
fanout636/X                              10     20    -10 (VIOLATED)
fanout637/X                              10     20    -10 (VIOLATED)
fanout640/X                              10     20    -10 (VIOLATED)
fanout641/X                              10     20    -10 (VIOLATED)
fanout643/X                              10     20    -10 (VIOLATED)
fanout644/X                              10     20    -10 (VIOLATED)
fanout647/X                              10     20    -10 (VIOLATED)
fanout650/X                              10     20    -10 (VIOLATED)
fanout651/X                              10     20    -10 (VIOLATED)
fanout654/X                              10     20    -10 (VIOLATED)
fanout656/X                              10     20    -10 (VIOLATED)
fanout659/X                              10     20    -10 (VIOLATED)
fanout660/X                              10     20    -10 (VIOLATED)
fanout662/X                              10     20    -10 (VIOLATED)
fanout664/X                              10     20    -10 (VIOLATED)
fanout666/X                              10     20    -10 (VIOLATED)
fanout667/X                              10     20    -10 (VIOLATED)
fanout670/X                              10     20    -10 (VIOLATED)
fanout672/X                              10     20    -10 (VIOLATED)
fanout674/X                              10     20    -10 (VIOLATED)
fanout676/X                              10     20    -10 (VIOLATED)
fanout678/X                              10     20    -10 (VIOLATED)
fanout679/X                              10     20    -10 (VIOLATED)
fanout680/X                              10     20    -10 (VIOLATED)
fanout682/X                              10     20    -10 (VIOLATED)
fanout685/X                              10     20    -10 (VIOLATED)
fanout686/X                              10     20    -10 (VIOLATED)
fanout687/X                              10     20    -10 (VIOLATED)
fanout689/X                              10     20    -10 (VIOLATED)
fanout690/X                              10     20    -10 (VIOLATED)
fanout692/X                              10     20    -10 (VIOLATED)
fanout694/X                              10     20    -10 (VIOLATED)
fanout696/X                              10     20    -10 (VIOLATED)
fanout698/X                              10     20    -10 (VIOLATED)
fanout700/X                              10     20    -10 (VIOLATED)
fanout701/X                              10     20    -10 (VIOLATED)
fanout703/X                              10     20    -10 (VIOLATED)
fanout706/X                              10     20    -10 (VIOLATED)
fanout707/X                              10     20    -10 (VIOLATED)
fanout708/X                              10     20    -10 (VIOLATED)
fanout709/X                              10     20    -10 (VIOLATED)
fanout721/X                              10     20    -10 (VIOLATED)
fanout755/X                              10     20    -10 (VIOLATED)
fanout757/X                              10     20    -10 (VIOLATED)
fanout760/X                              10     20    -10 (VIOLATED)
fanout763/X                              10     20    -10 (VIOLATED)
fanout764/X                              10     20    -10 (VIOLATED)
fanout769/X                              10     20    -10 (VIOLATED)
fanout771/X                              10     20    -10 (VIOLATED)
fanout775/X                              10     20    -10 (VIOLATED)
fanout780/X                              10     20    -10 (VIOLATED)
fanout783/X                              10     20    -10 (VIOLATED)
fanout788/X                              10     20    -10 (VIOLATED)
fanout796/X                              10     20    -10 (VIOLATED)
fanout803/X                              10     20    -10 (VIOLATED)
fanout820/X                              10     20    -10 (VIOLATED)
fanout825/X                              10     20    -10 (VIOLATED)
fanout826/X                              10     20    -10 (VIOLATED)
fanout831/X                              10     20    -10 (VIOLATED)
fanout837/X                              10     20    -10 (VIOLATED)
fanout840/X                              10     20    -10 (VIOLATED)
fanout841/X                              10     20    -10 (VIOLATED)
fanout855/X                              10     20    -10 (VIOLATED)
fanout860/X                              10     20    -10 (VIOLATED)
fanout864/X                              10     20    -10 (VIOLATED)
fanout866/X                              10     20    -10 (VIOLATED)
fanout869/X                              10     20    -10 (VIOLATED)
fanout887/X                              10     20    -10 (VIOLATED)
fanout898/X                              10     20    -10 (VIOLATED)
fanout904/X                              10     20    -10 (VIOLATED)
fanout924/X                              10     20    -10 (VIOLATED)
fanout95/X                               10     20    -10 (VIOLATED)
fanout96/X                               10     20    -10 (VIOLATED)
fanout970/X                              10     20    -10 (VIOLATED)
fanout971/X                              10     20    -10 (VIOLATED)
fanout982/X                              10     20    -10 (VIOLATED)
fanout986/X                              10     20    -10 (VIOLATED)
fanout989/X                              10     20    -10 (VIOLATED)
fanout997/X                              10     20    -10 (VIOLATED)
_09128_/Y                                10     18     -8 (VIOLATED)
_09131_/Y                                10     18     -8 (VIOLATED)
_12783_/Y                                10     18     -8 (VIOLATED)
_12784_/Y                                10     18     -8 (VIOLATED)
_13588_/X                                10     18     -8 (VIOLATED)
_14803_/Y                                10     18     -8 (VIOLATED)
_14948_/Y                                10     18     -8 (VIOLATED)
_15236_/Y                                10     18     -8 (VIOLATED)
_15533_/Y                                10     18     -8 (VIOLATED)
_16005_/X                                10     18     -8 (VIOLATED)
_16008_/Y                                10     18     -8 (VIOLATED)
_16304_/X                                10     18     -8 (VIOLATED)
_18392_/Q                                10     18     -8 (VIOLATED)
clkbuf_5_11__f_wb_clk_i/X                10     18     -8 (VIOLATED)
clkbuf_5_13__f_wb_clk_i/X                10     18     -8 (VIOLATED)
clkbuf_5_23__f_wb_clk_i/X                10     18     -8 (VIOLATED)
clkbuf_5_25__f_wb_clk_i/X                10     18     -8 (VIOLATED)
clkbuf_5_29__f_wb_clk_i/X                10     18     -8 (VIOLATED)
clkbuf_5_4__f_wb_clk_i/X                 10     18     -8 (VIOLATED)
clkbuf_5_9__f_wb_clk_i/X                 10     18     -8 (VIOLATED)
clkbuf_leaf_121_wb_clk_i/X               10     18     -8 (VIOLATED)
fanout1036/X                             10     18     -8 (VIOLATED)
fanout1041/X                             10     18     -8 (VIOLATED)
fanout1042/X                             10     18     -8 (VIOLATED)
fanout1049/X                             10     18     -8 (VIOLATED)
fanout1060/X                             10     18     -8 (VIOLATED)
fanout1083/X                             10     18     -8 (VIOLATED)
fanout1085/X                             10     18     -8 (VIOLATED)
fanout1091/X                             10     18     -8 (VIOLATED)
fanout1166/X                             10     18     -8 (VIOLATED)
fanout1174/X                             10     18     -8 (VIOLATED)
fanout1190/X                             10     18     -8 (VIOLATED)
fanout1213/X                             10     18     -8 (VIOLATED)
fanout1218/X                             10     18     -8 (VIOLATED)
fanout1238/X                             10     18     -8 (VIOLATED)
fanout1347/X                             10     18     -8 (VIOLATED)
fanout1389/X                             10     18     -8 (VIOLATED)
fanout1417/X                             10     18     -8 (VIOLATED)
fanout1442/X                             10     18     -8 (VIOLATED)
fanout1447/X                             10     18     -8 (VIOLATED)
fanout1456/X                             10     18     -8 (VIOLATED)
fanout1465/X                             10     18     -8 (VIOLATED)
fanout1483/X                             10     18     -8 (VIOLATED)
fanout1484/X                             10     18     -8 (VIOLATED)
fanout1492/X                             10     18     -8 (VIOLATED)
fanout1557/X                             10     18     -8 (VIOLATED)
fanout1559/X                             10     18     -8 (VIOLATED)
fanout157/X                              10     18     -8 (VIOLATED)
fanout252/X                              10     18     -8 (VIOLATED)
fanout276/X                              10     18     -8 (VIOLATED)
fanout287/X                              10     18     -8 (VIOLATED)
fanout324/X                              10     18     -8 (VIOLATED)
fanout341/X                              10     18     -8 (VIOLATED)
fanout383/X                              10     18     -8 (VIOLATED)
fanout386/X                              10     18     -8 (VIOLATED)
fanout425/X                              10     18     -8 (VIOLATED)
fanout440/X                              10     18     -8 (VIOLATED)
fanout442/X                              10     18     -8 (VIOLATED)
fanout462/X                              10     18     -8 (VIOLATED)
fanout469/X                              10     18     -8 (VIOLATED)
fanout523/X                              10     18     -8 (VIOLATED)
fanout592/X                              10     18     -8 (VIOLATED)
fanout594/X                              10     18     -8 (VIOLATED)
fanout596/X                              10     18     -8 (VIOLATED)
fanout624/X                              10     18     -8 (VIOLATED)
fanout629/X                              10     18     -8 (VIOLATED)
fanout668/X                              10     18     -8 (VIOLATED)
fanout702/X                              10     18     -8 (VIOLATED)
fanout871/X                              10     18     -8 (VIOLATED)
fanout875/X                              10     18     -8 (VIOLATED)
fanout876/X                              10     18     -8 (VIOLATED)
clkbuf_leaf_181_wb_clk_i/X               10     17     -7 (VIOLATED)
_09442_/X                                10     16     -6 (VIOLATED)
_09584_/X                                10     16     -6 (VIOLATED)
_09660_/X                                10     16     -6 (VIOLATED)
_09719_/X                                10     16     -6 (VIOLATED)
_09807_/Y                                10     16     -6 (VIOLATED)
_11555_/X                                10     16     -6 (VIOLATED)
_12348_/X                                10     16     -6 (VIOLATED)
_12369_/X                                10     16     -6 (VIOLATED)
_14785_/Y                                10     16     -6 (VIOLATED)
_14794_/X                                10     16     -6 (VIOLATED)
_15642_/Y                                10     16     -6 (VIOLATED)
_15986_/Y                                10     16     -6 (VIOLATED)
_16004_/Y                                10     16     -6 (VIOLATED)
_16039_/Y                                10     16     -6 (VIOLATED)
_16137_/Y                                10     16     -6 (VIOLATED)
_16305_/X                                10     16     -6 (VIOLATED)
_16316_/Y                                10     16     -6 (VIOLATED)
_19076_/Q                                10     16     -6 (VIOLATED)
_19657_/Q                                10     16     -6 (VIOLATED)
clkbuf_2_0_0_wb_clk_i/X                  10     16     -6 (VIOLATED)
clkbuf_2_1_0_wb_clk_i/X                  10     16     -6 (VIOLATED)
clkbuf_2_2_0_wb_clk_i/X                  10     16     -6 (VIOLATED)
clkbuf_2_3_0_wb_clk_i/X                  10     16     -6 (VIOLATED)
clkbuf_5_14__f_wb_clk_i/X                10     16     -6 (VIOLATED)
clkbuf_5_24__f_wb_clk_i/X                10     16     -6 (VIOLATED)
clkbuf_5_2__f_wb_clk_i/X                 10     16     -6 (VIOLATED)
clkbuf_5_7__f_wb_clk_i/X                 10     16     -6 (VIOLATED)
clkbuf_leaf_107_wb_clk_i/X               10     16     -6 (VIOLATED)
clkbuf_leaf_116_wb_clk_i/X               10     16     -6 (VIOLATED)
clkbuf_leaf_148_wb_clk_i/X               10     16     -6 (VIOLATED)
clkbuf_leaf_172_wb_clk_i/X               10     16     -6 (VIOLATED)
clkbuf_leaf_74_wb_clk_i/X                10     16     -6 (VIOLATED)
fanout1054/X                             10     16     -6 (VIOLATED)
fanout1120/X                             10     16     -6 (VIOLATED)
fanout1140/X                             10     16     -6 (VIOLATED)
fanout1198/X                             10     16     -6 (VIOLATED)
fanout1256/X                             10     16     -6 (VIOLATED)
fanout1268/X                             10     16     -6 (VIOLATED)
fanout1293/X                             10     16     -6 (VIOLATED)
fanout1315/X                             10     16     -6 (VIOLATED)
fanout1328/X                             10     16     -6 (VIOLATED)
fanout1383/X                             10     16     -6 (VIOLATED)
fanout1393/X                             10     16     -6 (VIOLATED)
fanout1407/X                             10     16     -6 (VIOLATED)
fanout1420/X                             10     16     -6 (VIOLATED)
fanout1429/X                             10     16     -6 (VIOLATED)
fanout1440/X                             10     16     -6 (VIOLATED)
fanout1471/X                             10     16     -6 (VIOLATED)
fanout1474/X                             10     16     -6 (VIOLATED)
fanout1478/X                             10     16     -6 (VIOLATED)
fanout1510/X                             10     16     -6 (VIOLATED)
fanout1526/X                             10     16     -6 (VIOLATED)
fanout1549/X                             10     16     -6 (VIOLATED)
fanout1574/X                             10     16     -6 (VIOLATED)
fanout192/X                              10     16     -6 (VIOLATED)
fanout198/X                              10     16     -6 (VIOLATED)
fanout205/X                              10     16     -6 (VIOLATED)
fanout222/X                              10     16     -6 (VIOLATED)
fanout232/X                              10     16     -6 (VIOLATED)
fanout257/X                              10     16     -6 (VIOLATED)
fanout258/X                              10     16     -6 (VIOLATED)
fanout266/X                              10     16     -6 (VIOLATED)
fanout304/X                              10     16     -6 (VIOLATED)
fanout309/X                              10     16     -6 (VIOLATED)
fanout330/X                              10     16     -6 (VIOLATED)
fanout348/X                              10     16     -6 (VIOLATED)
fanout375/X                              10     16     -6 (VIOLATED)
fanout377/X                              10     16     -6 (VIOLATED)
fanout381/X                              10     16     -6 (VIOLATED)
fanout390/X                              10     16     -6 (VIOLATED)
fanout412/X                              10     16     -6 (VIOLATED)
fanout444/X                              10     16     -6 (VIOLATED)
fanout447/X                              10     16     -6 (VIOLATED)
fanout456/X                              10     16     -6 (VIOLATED)
fanout487/X                              10     16     -6 (VIOLATED)
fanout517/X                              10     16     -6 (VIOLATED)
fanout529/X                              10     16     -6 (VIOLATED)
fanout554/X                              10     16     -6 (VIOLATED)
fanout573/X                              10     16     -6 (VIOLATED)
fanout646/X                              10     16     -6 (VIOLATED)
fanout652/X                              10     16     -6 (VIOLATED)
fanout655/X                              10     16     -6 (VIOLATED)
fanout675/X                              10     16     -6 (VIOLATED)
fanout768/X                              10     16     -6 (VIOLATED)
fanout777/X                              10     16     -6 (VIOLATED)
fanout785/X                              10     16     -6 (VIOLATED)
fanout838/X                              10     16     -6 (VIOLATED)
fanout854/X                              10     16     -6 (VIOLATED)
fanout885/X                              10     16     -6 (VIOLATED)
fanout950/X                              10     16     -6 (VIOLATED)
fanout990/X                              10     16     -6 (VIOLATED)
fanout993/X                              10     16     -6 (VIOLATED)
input8/X                                 10     16     -6 (VIOLATED)
max_cap420/X                             10     16     -6 (VIOLATED)
clkbuf_leaf_250_wb_clk_i/X               10     15     -5 (VIOLATED)
clkbuf_leaf_48_wb_clk_i/X                10     15     -5 (VIOLATED)
clkbuf_leaf_4_wb_clk_i/X                 10     15     -5 (VIOLATED)
_09441_/Y                                10     14     -4 (VIOLATED)
_09568_/Y                                10     14     -4 (VIOLATED)
_09612_/Y                                10     14     -4 (VIOLATED)
_09739_/Y                                10     14     -4 (VIOLATED)
_09809_/X                                10     14     -4 (VIOLATED)
_09924_/Y                                10     14     -4 (VIOLATED)
_11772_/Y                                10     14     -4 (VIOLATED)
_12208_/X                                10     14     -4 (VIOLATED)
_12413_/X                                10     14     -4 (VIOLATED)
_12519_/X                                10     14     -4 (VIOLATED)
_15964_/X                                10     14     -4 (VIOLATED)
_15977_/X                                10     14     -4 (VIOLATED)
_16136_/X                                10     14     -4 (VIOLATED)
_16303_/X                                10     14     -4 (VIOLATED)
_17789_/X                                10     14     -4 (VIOLATED)
_19091_/Q                                10     14     -4 (VIOLATED)
_19127_/Q                                10     14     -4 (VIOLATED)
_19656_/Q                                10     14     -4 (VIOLATED)
_19658_/Q                                10     14     -4 (VIOLATED)
_19659_/Q                                10     14     -4 (VIOLATED)
_19759_/Q                                10     14     -4 (VIOLATED)
_19786_/Q                                10     14     -4 (VIOLATED)
_19813_/Q                                10     14     -4 (VIOLATED)
_20263_/Q                                10     14     -4 (VIOLATED)
_20283_/Q                                10     14     -4 (VIOLATED)
_20298_/Q                                10     14     -4 (VIOLATED)
_20299_/Q                                10     14     -4 (VIOLATED)
_20303_/Q                                10     14     -4 (VIOLATED)
_20304_/Q                                10     14     -4 (VIOLATED)
_20313_/Q                                10     14     -4 (VIOLATED)
_20345_/Q                                10     14     -4 (VIOLATED)
_20362_/Q                                10     14     -4 (VIOLATED)
clkbuf_5_12__f_wb_clk_i/X                10     14     -4 (VIOLATED)
clkbuf_5_16__f_wb_clk_i/X                10     14     -4 (VIOLATED)
clkbuf_5_18__f_wb_clk_i/X                10     14     -4 (VIOLATED)
clkbuf_5_1__f_wb_clk_i/X                 10     14     -4 (VIOLATED)
clkbuf_5_20__f_wb_clk_i/X                10     14     -4 (VIOLATED)
clkbuf_5_26__f_wb_clk_i/X                10     14     -4 (VIOLATED)
clkbuf_5_28__f_wb_clk_i/X                10     14     -4 (VIOLATED)
clkbuf_5_30__f_wb_clk_i/X                10     14     -4 (VIOLATED)
clkbuf_5_3__f_wb_clk_i/X                 10     14     -4 (VIOLATED)
clkbuf_leaf_106_wb_clk_i/X               10     14     -4 (VIOLATED)
clkbuf_leaf_112_wb_clk_i/X               10     14     -4 (VIOLATED)
clkbuf_leaf_123_wb_clk_i/X               10     14     -4 (VIOLATED)
clkbuf_leaf_156_wb_clk_i/X               10     14     -4 (VIOLATED)
clkbuf_leaf_179_wb_clk_i/X               10     14     -4 (VIOLATED)
clkbuf_leaf_56_wb_clk_i/X                10     14     -4 (VIOLATED)
clkbuf_leaf_60_wb_clk_i/X                10     14     -4 (VIOLATED)
clkbuf_leaf_65_wb_clk_i/X                10     14     -4 (VIOLATED)
clkbuf_leaf_8_wb_clk_i/X                 10     14     -4 (VIOLATED)
clkbuf_leaf_9_wb_clk_i/X                 10     14     -4 (VIOLATED)
fanout1013/X                             10     14     -4 (VIOLATED)
fanout1025/X                             10     14     -4 (VIOLATED)
fanout1034/X                             10     14     -4 (VIOLATED)
fanout1055/X                             10     14     -4 (VIOLATED)
fanout1062/X                             10     14     -4 (VIOLATED)
fanout1072/X                             10     14     -4 (VIOLATED)
fanout1077/X                             10     14     -4 (VIOLATED)
fanout1103/X                             10     14     -4 (VIOLATED)
fanout1119/X                             10     14     -4 (VIOLATED)
fanout1122/X                             10     14     -4 (VIOLATED)
fanout1133/X                             10     14     -4 (VIOLATED)
fanout1144/X                             10     14     -4 (VIOLATED)
fanout1146/X                             10     14     -4 (VIOLATED)
fanout1151/X                             10     14     -4 (VIOLATED)
fanout1163/X                             10     14     -4 (VIOLATED)
fanout1169/X                             10     14     -4 (VIOLATED)
fanout117/X                              10     14     -4 (VIOLATED)
fanout1179/X                             10     14     -4 (VIOLATED)
fanout1211/X                             10     14     -4 (VIOLATED)
fanout1233/X                             10     14     -4 (VIOLATED)
fanout1241/X                             10     14     -4 (VIOLATED)
fanout1257/X                             10     14     -4 (VIOLATED)
fanout1275/X                             10     14     -4 (VIOLATED)
fanout1285/X                             10     14     -4 (VIOLATED)
fanout1299/X                             10     14     -4 (VIOLATED)
fanout1305/X                             10     14     -4 (VIOLATED)
fanout1306/X                             10     14     -4 (VIOLATED)
fanout1360/X                             10     14     -4 (VIOLATED)
fanout1370/X                             10     14     -4 (VIOLATED)
fanout1374/X                             10     14     -4 (VIOLATED)
fanout1402/X                             10     14     -4 (VIOLATED)
fanout1433/X                             10     14     -4 (VIOLATED)
fanout1434/X                             10     14     -4 (VIOLATED)
fanout1451/X                             10     14     -4 (VIOLATED)
fanout1468/X                             10     14     -4 (VIOLATED)
fanout1473/X                             10     14     -4 (VIOLATED)
fanout1486/X                             10     14     -4 (VIOLATED)
fanout1503/X                             10     14     -4 (VIOLATED)
fanout1505/X                             10     14     -4 (VIOLATED)
fanout1519/X                             10     14     -4 (VIOLATED)
fanout1524/X                             10     14     -4 (VIOLATED)
fanout1529/X                             10     14     -4 (VIOLATED)
fanout1543/X                             10     14     -4 (VIOLATED)
fanout1550/X                             10     14     -4 (VIOLATED)
fanout171/X                              10     14     -4 (VIOLATED)
fanout241/X                              10     14     -4 (VIOLATED)
fanout263/X                              10     14     -4 (VIOLATED)
fanout274/X                              10     14     -4 (VIOLATED)
fanout289/X                              10     14     -4 (VIOLATED)
fanout292/X                              10     14     -4 (VIOLATED)
fanout301/X                              10     14     -4 (VIOLATED)
fanout311/X                              10     14     -4 (VIOLATED)
fanout313/X                              10     14     -4 (VIOLATED)
fanout321/X                              10     14     -4 (VIOLATED)
fanout349/X                              10     14     -4 (VIOLATED)
fanout409/X                              10     14     -4 (VIOLATED)
fanout417/X                              10     14     -4 (VIOLATED)
fanout423/X                              10     14     -4 (VIOLATED)
fanout451/X                              10     14     -4 (VIOLATED)
fanout461/X                              10     14     -4 (VIOLATED)
fanout476/X                              10     14     -4 (VIOLATED)
fanout493/X                              10     14     -4 (VIOLATED)
fanout521/X                              10     14     -4 (VIOLATED)
fanout524/X                              10     14     -4 (VIOLATED)
fanout546/X                              10     14     -4 (VIOLATED)
fanout556/X                              10     14     -4 (VIOLATED)
fanout574/X                              10     14     -4 (VIOLATED)
fanout590/X                              10     14     -4 (VIOLATED)
fanout608/X                              10     14     -4 (VIOLATED)
fanout622/X                              10     14     -4 (VIOLATED)
fanout633/X                              10     14     -4 (VIOLATED)
fanout645/X                              10     14     -4 (VIOLATED)
fanout657/X                              10     14     -4 (VIOLATED)
fanout663/X                              10     14     -4 (VIOLATED)
fanout671/X                              10     14     -4 (VIOLATED)
fanout673/X                              10     14     -4 (VIOLATED)
fanout677/X                              10     14     -4 (VIOLATED)
fanout683/X                              10     14     -4 (VIOLATED)
fanout688/X                              10     14     -4 (VIOLATED)
fanout695/X                              10     14     -4 (VIOLATED)
fanout697/X                              10     14     -4 (VIOLATED)
fanout726/X                              10     14     -4 (VIOLATED)
fanout751/X                              10     14     -4 (VIOLATED)
fanout791/X                              10     14     -4 (VIOLATED)
fanout828/X                              10     14     -4 (VIOLATED)
fanout99/X                               10     14     -4 (VIOLATED)
fanout995/X                              10     14     -4 (VIOLATED)
max_cap398/X                             10     14     -4 (VIOLATED)
clkbuf_leaf_109_wb_clk_i/X               10     13     -3 (VIOLATED)
clkbuf_leaf_10_wb_clk_i/X                10     13     -3 (VIOLATED)
clkbuf_leaf_157_wb_clk_i/X               10     13     -3 (VIOLATED)
clkbuf_leaf_178_wb_clk_i/X               10     13     -3 (VIOLATED)
clkbuf_leaf_247_wb_clk_i/X               10     13     -3 (VIOLATED)
clkbuf_leaf_39_wb_clk_i/X                10     13     -3 (VIOLATED)
clkbuf_leaf_3_wb_clk_i/X                 10     13     -3 (VIOLATED)
clkbuf_leaf_49_wb_clk_i/X                10     13     -3 (VIOLATED)
clkbuf_leaf_97_wb_clk_i/X                10     13     -3 (VIOLATED)
_09405_/Y                                10     12     -2 (VIOLATED)
_09443_/Y                                10     12     -2 (VIOLATED)
_09620_/X                                10     12     -2 (VIOLATED)
_11691_/X                                10     12     -2 (VIOLATED)
_11773_/X                                10     12     -2 (VIOLATED)
_12351_/Y                                10     12     -2 (VIOLATED)
_12497_/X                                10     12     -2 (VIOLATED)
_12670_/X                                10     12     -2 (VIOLATED)
_13625_/X                                10     12     -2 (VIOLATED)
_15641_/Y                                10     12     -2 (VIOLATED)
_15987_/Y                                10     12     -2 (VIOLATED)
_16124_/X                                10     12     -2 (VIOLATED)
_16130_/Y                                10     12     -2 (VIOLATED)
_16291_/Y                                10     12     -2 (VIOLATED)
_17590_/X                                10     12     -2 (VIOLATED)
_17816_/X                                10     12     -2 (VIOLATED)
_17851_/X                                10     12     -2 (VIOLATED)
_19654_/Q                                10     12     -2 (VIOLATED)
_19660_/Q                                10     12     -2 (VIOLATED)
clkbuf_5_10__f_wb_clk_i/X                10     12     -2 (VIOLATED)
clkbuf_5_19__f_wb_clk_i/X                10     12     -2 (VIOLATED)
clkbuf_leaf_115_wb_clk_i/X               10     12     -2 (VIOLATED)
clkbuf_leaf_127_wb_clk_i/X               10     12     -2 (VIOLATED)
clkbuf_leaf_147_wb_clk_i/X               10     12     -2 (VIOLATED)
clkbuf_leaf_150_wb_clk_i/X               10     12     -2 (VIOLATED)
clkbuf_leaf_164_wb_clk_i/X               10     12     -2 (VIOLATED)
clkbuf_leaf_168_wb_clk_i/X               10     12     -2 (VIOLATED)
clkbuf_leaf_185_wb_clk_i/X               10     12     -2 (VIOLATED)
clkbuf_leaf_188_wb_clk_i/X               10     12     -2 (VIOLATED)
clkbuf_leaf_208_wb_clk_i/X               10     12     -2 (VIOLATED)
clkbuf_leaf_221_wb_clk_i/X               10     12     -2 (VIOLATED)
clkbuf_leaf_224_wb_clk_i/X               10     12     -2 (VIOLATED)
clkbuf_leaf_237_wb_clk_i/X               10     12     -2 (VIOLATED)
clkbuf_leaf_242_wb_clk_i/X               10     12     -2 (VIOLATED)
clkbuf_leaf_245_wb_clk_i/X               10     12     -2 (VIOLATED)
clkbuf_leaf_41_wb_clk_i/X                10     12     -2 (VIOLATED)
clkbuf_leaf_44_wb_clk_i/X                10     12     -2 (VIOLATED)
fanout1002/X                             10     12     -2 (VIOLATED)
fanout1003/X                             10     12     -2 (VIOLATED)
fanout1016/X                             10     12     -2 (VIOLATED)
fanout1026/X                             10     12     -2 (VIOLATED)
fanout1030/X                             10     12     -2 (VIOLATED)
fanout1037/X                             10     12     -2 (VIOLATED)
fanout1039/X                             10     12     -2 (VIOLATED)
fanout1045/X                             10     12     -2 (VIOLATED)
fanout1069/X                             10     12     -2 (VIOLATED)
fanout107/X                              10     12     -2 (VIOLATED)
fanout1071/X                             10     12     -2 (VIOLATED)
fanout1076/X                             10     12     -2 (VIOLATED)
fanout1100/X                             10     12     -2 (VIOLATED)
fanout1109/X                             10     12     -2 (VIOLATED)
fanout1131/X                             10     12     -2 (VIOLATED)
fanout1160/X                             10     12     -2 (VIOLATED)
fanout1161/X                             10     12     -2 (VIOLATED)
fanout1172/X                             10     12     -2 (VIOLATED)
fanout1181/X                             10     12     -2 (VIOLATED)
fanout1222/X                             10     12     -2 (VIOLATED)
fanout1235/X                             10     12     -2 (VIOLATED)
fanout1244/X                             10     12     -2 (VIOLATED)
fanout1319/X                             10     12     -2 (VIOLATED)
fanout1332/X                             10     12     -2 (VIOLATED)
fanout1341/X                             10     12     -2 (VIOLATED)
fanout1349/X                             10     12     -2 (VIOLATED)
fanout1369/X                             10     12     -2 (VIOLATED)
fanout1377/X                             10     12     -2 (VIOLATED)
fanout1379/X                             10     12     -2 (VIOLATED)
fanout1395/X                             10     12     -2 (VIOLATED)
fanout141/X                              10     12     -2 (VIOLATED)
fanout1413/X                             10     12     -2 (VIOLATED)
fanout1416/X                             10     12     -2 (VIOLATED)
fanout1425/X                             10     12     -2 (VIOLATED)
fanout1431/X                             10     12     -2 (VIOLATED)
fanout1459/X                             10     12     -2 (VIOLATED)
fanout1477/X                             10     12     -2 (VIOLATED)
fanout1502/X                             10     12     -2 (VIOLATED)
fanout153/X                              10     12     -2 (VIOLATED)
fanout1548/X                             10     12     -2 (VIOLATED)
fanout1556/X                             10     12     -2 (VIOLATED)
fanout1572/X                             10     12     -2 (VIOLATED)
fanout184/X                              10     12     -2 (VIOLATED)
fanout271/X                              10     12     -2 (VIOLATED)
fanout295/X                              10     12     -2 (VIOLATED)
fanout296/X                              10     12     -2 (VIOLATED)
fanout343/X                              10     12     -2 (VIOLATED)
fanout351/X                              10     12     -2 (VIOLATED)
fanout357/X                              10     12     -2 (VIOLATED)
fanout392/X                              10     12     -2 (VIOLATED)
fanout396/X                              10     12     -2 (VIOLATED)
fanout429/X                              10     12     -2 (VIOLATED)
fanout454/X                              10     12     -2 (VIOLATED)
fanout492/X                              10     12     -2 (VIOLATED)
fanout495/X                              10     12     -2 (VIOLATED)
fanout503/X                              10     12     -2 (VIOLATED)
fanout513/X                              10     12     -2 (VIOLATED)
fanout564/X                              10     12     -2 (VIOLATED)
fanout578/X                              10     12     -2 (VIOLATED)
fanout588/X                              10     12     -2 (VIOLATED)
fanout607/X                              10     12     -2 (VIOLATED)
fanout634/X                              10     12     -2 (VIOLATED)
fanout648/X                              10     12     -2 (VIOLATED)
fanout665/X                              10     12     -2 (VIOLATED)
fanout684/X                              10     12     -2 (VIOLATED)
fanout691/X                              10     12     -2 (VIOLATED)
fanout693/X                              10     12     -2 (VIOLATED)
fanout704/X                              10     12     -2 (VIOLATED)
fanout705/X                              10     12     -2 (VIOLATED)
fanout759/X                              10     12     -2 (VIOLATED)
fanout805/X                              10     12     -2 (VIOLATED)
fanout813/X                              10     12     -2 (VIOLATED)
fanout819/X                              10     12     -2 (VIOLATED)
fanout906/X                              10     12     -2 (VIOLATED)
fanout915/X                              10     12     -2 (VIOLATED)
fanout960/X                              10     12     -2 (VIOLATED)
fanout972/X                              10     12     -2 (VIOLATED)
fanout996/X                              10     12     -2 (VIOLATED)
fanout998/X                              10     12     -2 (VIOLATED)
clkbuf_leaf_102_wb_clk_i/X               10     11        (VIOLATED)
clkbuf_leaf_110_wb_clk_i/X               10     11        (VIOLATED)
clkbuf_leaf_122_wb_clk_i/X               10     11        (VIOLATED)
clkbuf_leaf_124_wb_clk_i/X               10     11        (VIOLATED)
clkbuf_leaf_137_wb_clk_i/X               10     11        (VIOLATED)
clkbuf_leaf_151_wb_clk_i/X               10     11        (VIOLATED)
clkbuf_leaf_161_wb_clk_i/X               10     11        (VIOLATED)
clkbuf_leaf_162_wb_clk_i/X               10     11        (VIOLATED)
clkbuf_leaf_177_wb_clk_i/X               10     11        (VIOLATED)
clkbuf_leaf_19_wb_clk_i/X                10     11        (VIOLATED)
clkbuf_leaf_202_wb_clk_i/X               10     11        (VIOLATED)
clkbuf_leaf_209_wb_clk_i/X               10     11        (VIOLATED)
clkbuf_leaf_246_wb_clk_i/X               10     11        (VIOLATED)
clkbuf_leaf_249_wb_clk_i/X               10     11        (VIOLATED)
clkbuf_leaf_38_wb_clk_i/X                10     11        (VIOLATED)
clkbuf_leaf_57_wb_clk_i/X                10     11        (VIOLATED)
clkbuf_leaf_78_wb_clk_i/X                10     11        (VIOLATED)

max capacitance

Pin                                        Limit         Cap       Slack
------------------------------------------------------------------------
fanout1486/X                            0.200000    0.203369   -0.003369 (VIOLATED)



===========================================================================
report_parasitic_annotation -report_unannotated
============================================================================
Found 515 unannotated drivers.
 gpio_in[0]
 gpio_in[10]
 gpio_in[11]
 gpio_in[12]
 gpio_in[13]
 gpio_in[14]
 gpio_in[15]
 gpio_in[16]
 gpio_in[17]
 gpio_in[18]
 gpio_in[19]
 gpio_in[1]
 gpio_in[20]
 gpio_in[21]
 gpio_in[22]
 gpio_in[23]
 gpio_in[24]
 gpio_in[25]
 gpio_in[26]
 gpio_in[27]
 gpio_in[28]
 gpio_in[2]
 gpio_in[36]
 gpio_in[37]
 gpio_in[3]
 gpio_in[4]
 gpio_in[5]
 gpio_in[6]
 gpio_in[7]
 gpio_in[8]
 gpio_in[9]
 la_data_in[0]
 la_data_in[100]
 la_data_in[101]
 la_data_in[102]
 la_data_in[103]
 la_data_in[104]
 la_data_in[105]
 la_data_in[106]
 la_data_in[107]
 la_data_in[108]
 la_data_in[109]
 la_data_in[10]
 la_data_in[110]
 la_data_in[111]
 la_data_in[112]
 la_data_in[113]
 la_data_in[114]
 la_data_in[115]
 la_data_in[116]
 la_data_in[117]
 la_data_in[118]
 la_data_in[119]
 la_data_in[11]
 la_data_in[120]
 la_data_in[121]
 la_data_in[122]
 la_data_in[123]
 la_data_in[124]
 la_data_in[125]
 la_data_in[126]
 la_data_in[127]
 la_data_in[12]
 la_data_in[13]
 la_data_in[14]
 la_data_in[15]
 la_data_in[16]
 la_data_in[17]
 la_data_in[18]
 la_data_in[19]
 la_data_in[1]
 la_data_in[20]
 la_data_in[21]
 la_data_in[22]
 la_data_in[23]
 la_data_in[24]
 la_data_in[25]
 la_data_in[26]
 la_data_in[27]
 la_data_in[28]
 la_data_in[29]
 la_data_in[2]
 la_data_in[30]
 la_data_in[31]
 la_data_in[32]
 la_data_in[33]
 la_data_in[34]
 la_data_in[35]
 la_data_in[36]
 la_data_in[37]
 la_data_in[38]
 la_data_in[39]
 la_data_in[3]
 la_data_in[40]
 la_data_in[41]
 la_data_in[42]
 la_data_in[43]
 la_data_in[44]
 la_data_in[45]
 la_data_in[46]
 la_data_in[47]
 la_data_in[48]
 la_data_in[49]
 la_data_in[4]
 la_data_in[50]
 la_data_in[51]
 la_data_in[52]
 la_data_in[53]
 la_data_in[54]
 la_data_in[55]
 la_data_in[56]
 la_data_in[57]
 la_data_in[58]
 la_data_in[59]
 la_data_in[5]
 la_data_in[60]
 la_data_in[61]
 la_data_in[62]
 la_data_in[63]
 la_data_in[64]
 la_data_in[65]
 la_data_in[66]
 la_data_in[67]
 la_data_in[68]
 la_data_in[69]
 la_data_in[6]
 la_data_in[70]
 la_data_in[71]
 la_data_in[72]
 la_data_in[73]
 la_data_in[74]
 la_data_in[75]
 la_data_in[76]
 la_data_in[77]
 la_data_in[78]
 la_data_in[79]
 la_data_in[7]
 la_data_in[80]
 la_data_in[81]
 la_data_in[82]
 la_data_in[83]
 la_data_in[84]
 la_data_in[85]
 la_data_in[86]
 la_data_in[87]
 la_data_in[88]
 la_data_in[89]
 la_data_in[8]
 la_data_in[90]
 la_data_in[91]
 la_data_in[92]
 la_data_in[93]
 la_data_in[94]
 la_data_in[95]
 la_data_in[96]
 la_data_in[97]
 la_data_in[98]
 la_data_in[99]
 la_data_in[9]
 la_oenb[0]
 la_oenb[100]
 la_oenb[101]
 la_oenb[102]
 la_oenb[103]
 la_oenb[104]
 la_oenb[105]
 la_oenb[106]
 la_oenb[107]
 la_oenb[108]
 la_oenb[109]
 la_oenb[10]
 la_oenb[110]
 la_oenb[111]
 la_oenb[112]
 la_oenb[113]
 la_oenb[114]
 la_oenb[115]
 la_oenb[116]
 la_oenb[117]
 la_oenb[118]
 la_oenb[119]
 la_oenb[11]
 la_oenb[120]
 la_oenb[121]
 la_oenb[122]
 la_oenb[123]
 la_oenb[124]
 la_oenb[125]
 la_oenb[126]
 la_oenb[127]
 la_oenb[12]
 la_oenb[13]
 la_oenb[14]
 la_oenb[15]
 la_oenb[16]
 la_oenb[17]
 la_oenb[18]
 la_oenb[19]
 la_oenb[1]
 la_oenb[20]
 la_oenb[21]
 la_oenb[22]
 la_oenb[23]
 la_oenb[24]
 la_oenb[25]
 la_oenb[26]
 la_oenb[27]
 la_oenb[28]
 la_oenb[29]
 la_oenb[2]
 la_oenb[30]
 la_oenb[31]
 la_oenb[32]
 la_oenb[33]
 la_oenb[34]
 la_oenb[35]
 la_oenb[36]
 la_oenb[37]
 la_oenb[38]
 la_oenb[39]
 la_oenb[3]
 la_oenb[40]
 la_oenb[41]
 la_oenb[42]
 la_oenb[43]
 la_oenb[44]
 la_oenb[45]
 la_oenb[46]
 la_oenb[47]
 la_oenb[48]
 la_oenb[49]
 la_oenb[4]
 la_oenb[50]
 la_oenb[51]
 la_oenb[52]
 la_oenb[53]
 la_oenb[54]
 la_oenb[55]
 la_oenb[56]
 la_oenb[57]
 la_oenb[58]
 la_oenb[59]
 la_oenb[5]
 la_oenb[60]
 la_oenb[61]
 la_oenb[62]
 la_oenb[63]
 la_oenb[64]
 la_oenb[65]
 la_oenb[66]
 la_oenb[67]
 la_oenb[68]
 la_oenb[69]
 la_oenb[6]
 la_oenb[70]
 la_oenb[71]
 la_oenb[72]
 la_oenb[73]
 la_oenb[74]
 la_oenb[75]
 la_oenb[76]
 la_oenb[77]
 la_oenb[78]
 la_oenb[79]
 la_oenb[7]
 la_oenb[80]
 la_oenb[81]
 la_oenb[82]
 la_oenb[83]
 la_oenb[84]
 la_oenb[85]
 la_oenb[86]
 la_oenb[87]
 la_oenb[88]
 la_oenb[89]
 la_oenb[8]
 la_oenb[90]
 la_oenb[91]
 la_oenb[92]
 la_oenb[93]
 la_oenb[94]
 la_oenb[95]
 la_oenb[96]
 la_oenb[97]
 la_oenb[98]
 la_oenb[99]
 la_oenb[9]
 ncs
 wbs_dat_i[10]
 wbs_dat_i[11]
 wbs_dat_i[12]
 wbs_dat_i[13]
 wbs_dat_i[14]
 wbs_dat_i[15]
 wbs_dat_i[16]
 wbs_dat_i[17]
 wbs_dat_i[18]
 wbs_dat_i[19]
 wbs_dat_i[1]
 wbs_dat_i[20]
 wbs_dat_i[21]
 wbs_dat_i[22]
 wbs_dat_i[23]
 wbs_dat_i[24]
 wbs_dat_i[25]
 wbs_dat_i[26]
 wbs_dat_i[27]
 wbs_dat_i[28]
 wbs_dat_i[29]
 wbs_dat_i[2]
 wbs_dat_i[30]
 wbs_dat_i[31]
 wbs_dat_i[3]
 wbs_dat_i[4]
 wbs_dat_i[5]
 wbs_dat_i[6]
 wbs_dat_i[7]
 wbs_dat_i[8]
 wbs_dat_i[9]
 wbs_sel_i[0]
 wbs_sel_i[1]
 wbs_sel_i[2]
 wbs_sel_i[3]
 _20185__1586/HI
 _20186__1587/HI
 _20458__1588/HI
 _20459__1767/LO
 _20460__1768/LO
 _20461__1769/LO
 _20462__1770/LO
 _20463__1589/HI
 _20464__1590/HI
 _20465__1591/HI
 _20466__1592/HI
 _20467__1593/HI
 _20468__1594/HI
 _20469__1595/HI
 _20470__1596/HI
 _20471__1597/HI
 _20472__1598/HI
 _20473__1599/HI
 _20474__1600/HI
 _20475__1601/HI
 _20476__1602/HI
 _20477__1603/HI
 _20478__1604/HI
 _20479__1605/HI
 _20480__1606/HI
 _20481__1607/HI
 _20482__1608/HI
 _20483__1609/HI
 _20484__1610/HI
 _20485__1611/HI
 _20486__1612/HI
 _20487__1771/LO
 _20488__1772/LO
 _20489__1773/LO
 _20490__1774/LO
 _20491__1775/LO
 _20492__1776/LO
 _20493__1777/LO
 _20494__1613/HI
 _20495__1614/HI
 _20496__1615/HI
 _20497__1616/HI
 _20498__1617/HI
 _20499__1618/HI
 _20502__1619/HI
 _20503__1620/HI
 _20504__1621/HI
 _20505__1622/HI
 _20506__1623/HI
 _20507__1624/HI
 _20508__1625/HI
 _20509__1626/HI
 _20510__1627/HI
 _20511__1628/HI
 _20512__1629/HI
 _20513__1630/HI
 _20514__1631/HI
 _20515__1632/HI
 _20516__1633/HI
 _20517__1634/HI
 _20518__1635/HI
 _20519__1636/HI
 _20520__1637/HI
 _20521__1638/HI
 _20522__1639/HI
 _20523__1640/HI
 _20524__1641/HI
 _20525__1642/HI
 _20526__1643/HI
 _20527__1644/HI
 _20528__1645/HI
 _20529__1646/HI
 _20530__1647/HI
 _20531__1648/HI
 _20532__1649/HI
 _20533__1650/HI
 _20534__1651/HI
 _20535__1652/HI
 _20536__1653/HI
 _20537__1654/HI
 _20538__1655/HI
 _20539__1656/HI
 _20540__1657/HI
 _20541__1658/HI
 _20542__1659/HI
 _20543__1660/HI
 _20544__1661/HI
 _20545__1662/HI
 _20546__1663/HI
 _20547__1664/HI
 _20548__1665/HI
 _20549__1666/HI
 _20550__1667/HI
 _20551__1668/HI
 _20552__1669/HI
 _20553__1670/HI
 _20554__1671/HI
 _20555__1672/HI
 _20556__1673/HI
 _20557__1674/HI
 _20558__1675/HI
 _20559__1676/HI
 _20560__1677/HI
 _20561__1678/HI
 _20562__1679/HI
 _20563__1680/HI
 _20564__1681/HI
 _20565__1682/HI
 _20566__1683/HI
 _20567__1684/HI
 _20568__1685/HI
 _20569__1686/HI
 _20570__1687/HI
 _20571__1688/HI
 _20572__1689/HI
 _20573__1690/HI
 _20574__1691/HI
 _20575__1692/HI
 _20576__1693/HI
 _20577__1694/HI
 _20578__1695/HI
 _20579__1696/HI
 _20580__1697/HI
 _20581__1698/HI
 _20582__1699/HI
 _20583__1700/HI
 _20584__1701/HI
 _20585__1702/HI
 _20586__1703/HI
 _20587__1704/HI
 _20588__1705/HI
 _20589__1706/HI
 _20590__1707/HI
 _20591__1708/HI
 _20592__1709/HI
 _20593__1710/HI
 _20594__1711/HI
 _20595__1712/HI
 _20596__1713/HI
 _20597__1714/HI
 _20598__1715/HI
 _20599__1716/HI
 _20600__1717/HI
 _20601__1718/HI
 _20602__1719/HI
 _20603__1720/HI
 _20604__1721/HI
 _20605__1722/HI
 _20606__1723/HI
 _20607__1724/HI
 _20608__1725/HI
 _20609__1726/HI
 _20610__1727/HI
 _20611__1728/HI
 _20612__1729/HI
 _20613__1730/HI
 _20614__1731/HI
 _20615__1732/HI
 _20616__1733/HI
 _20617__1734/HI
 _20618__1735/HI
 _20619__1736/HI
 _20620__1737/HI
 _20621__1738/HI
 _20622__1739/HI
 _20623__1740/HI
 _20624__1741/HI
 _20625__1742/HI
 _20626__1743/HI
 _20627__1744/HI
 _20628__1745/HI
 _20629__1746/HI
 _20630__1747/HI
 _20631__1748/HI
 _20632__1749/HI
 _20633__1750/HI
 _20634__1751/HI
 _20635__1752/HI
 _20636__1753/HI
 _20637__1754/HI
 _20638__1755/HI
 _20639__1756/HI
 _20640__1757/HI
 _20641__1758/HI
 _20645__1759/HI
 _20649__1760/HI
 _20655__1761/HI
 _20658__1762/HI
 _20661__1763/HI
 _20663__1764/HI
 _20665__1765/HI
 _20670__1766/HI
Found 0 partially unannotated drivers.

===========================================================================
max slew violation count 0
max fanout violation count 1101
max cap violation count 1
============================================================================

===========================================================================
check_setup -verbose -unconstrained_endpoints -multiple_clock -no_clock -no_input_delay -loops -generated_clocks
===========================================================================
Warning: There are 192 unconstrained endpoints.
  gpio_oeb[0]
  gpio_oeb[10]
  gpio_oeb[11]
  gpio_oeb[12]
  gpio_oeb[13]
  gpio_oeb[14]
  gpio_oeb[15]
  gpio_oeb[16]
  gpio_oeb[17]
  gpio_oeb[18]
  gpio_oeb[19]
  gpio_oeb[1]
  gpio_oeb[20]
  gpio_oeb[21]
  gpio_oeb[22]
  gpio_oeb[23]
  gpio_oeb[24]
  gpio_oeb[25]
  gpio_oeb[26]
  gpio_oeb[27]
  gpio_oeb[28]
  gpio_oeb[29]
  gpio_oeb[2]
  gpio_oeb[30]
  gpio_oeb[31]
  gpio_oeb[32]
  gpio_oeb[33]
  gpio_oeb[34]
  gpio_oeb[35]
  gpio_oeb[36]
  gpio_oeb[37]
  gpio_oeb[3]
  gpio_oeb[4]
  gpio_oeb[5]
  gpio_oeb[6]
  gpio_oeb[7]
  gpio_oeb[8]
  gpio_oeb[9]
  gpio_out[1]
  gpio_out[29]
  gpio_out[2]
  gpio_out[30]
  gpio_out[31]
  gpio_out[32]
  gpio_out[33]
  gpio_out[34]
  gpio_out[35]
  gpio_out[36]
  gpio_out[37]
  gpio_out[3]
  gpio_out[4]
  irq[0]
  irq[1]
  irq[2]
  la_data_out[0]
  la_data_out[100]
  la_data_out[101]
  la_data_out[102]
  la_data_out[103]
  la_data_out[104]
  la_data_out[105]
  la_data_out[106]
  la_data_out[107]
  la_data_out[108]
  la_data_out[109]
  la_data_out[10]
  la_data_out[110]
  la_data_out[111]
  la_data_out[112]
  la_data_out[113]
  la_data_out[114]
  la_data_out[115]
  la_data_out[116]
  la_data_out[117]
  la_data_out[118]
  la_data_out[119]
  la_data_out[11]
  la_data_out[120]
  la_data_out[121]
  la_data_out[122]
  la_data_out[123]
  la_data_out[124]
  la_data_out[125]
  la_data_out[126]
  la_data_out[127]
  la_data_out[12]
  la_data_out[13]
  la_data_out[14]
  la_data_out[15]
  la_data_out[16]
  la_data_out[17]
  la_data_out[18]
  la_data_out[19]
  la_data_out[1]
  la_data_out[20]
  la_data_out[21]
  la_data_out[22]
  la_data_out[23]
  la_data_out[24]
  la_data_out[25]
  la_data_out[26]
  la_data_out[27]
  la_data_out[28]
  la_data_out[29]
  la_data_out[2]
  la_data_out[30]
  la_data_out[31]
  la_data_out[32]
  la_data_out[33]
  la_data_out[34]
  la_data_out[35]
  la_data_out[36]
  la_data_out[37]
  la_data_out[38]
  la_data_out[39]
  la_data_out[3]
  la_data_out[40]
  la_data_out[41]
  la_data_out[42]
  la_data_out[43]
  la_data_out[44]
  la_data_out[45]
  la_data_out[46]
  la_data_out[47]
  la_data_out[48]
  la_data_out[49]
  la_data_out[4]
  la_data_out[50]
  la_data_out[51]
  la_data_out[52]
  la_data_out[53]
  la_data_out[54]
  la_data_out[55]
  la_data_out[56]
  la_data_out[57]
  la_data_out[58]
  la_data_out[59]
  la_data_out[5]
  la_data_out[60]
  la_data_out[61]
  la_data_out[62]
  la_data_out[63]
  la_data_out[64]
  la_data_out[65]
  la_data_out[66]
  la_data_out[67]
  la_data_out[68]
  la_data_out[69]
  la_data_out[6]
  la_data_out[70]
  la_data_out[71]
  la_data_out[72]
  la_data_out[73]
  la_data_out[74]
  la_data_out[75]
  la_data_out[76]
  la_data_out[77]
  la_data_out[78]
  la_data_out[79]
  la_data_out[7]
  la_data_out[80]
  la_data_out[81]
  la_data_out[82]
  la_data_out[83]
  la_data_out[84]
  la_data_out[85]
  la_data_out[86]
  la_data_out[87]
  la_data_out[88]
  la_data_out[89]
  la_data_out[8]
  la_data_out[90]
  la_data_out[91]
  la_data_out[92]
  la_data_out[93]
  la_data_out[94]
  la_data_out[95]
  la_data_out[96]
  la_data_out[97]
  la_data_out[98]
  la_data_out[99]
  la_data_out[9]
  wbs_dat_o[14]
  wbs_dat_o[17]
  wbs_dat_o[20]
  wbs_dat_o[22]
  wbs_dat_o[24]
  wbs_dat_o[29]
  wbs_dat_o[4]
  wbs_dat_o[8]
  _20185_/D
  _20186_/D
