
===========================================================================
report_checks -unconstrained
===========================================================================
======================= min_ss_100C_1v60 Corner ===================================

Startpoint: wb_rst_i (input port clocked by wb_clk_i)
Endpoint: _9240_ (recovery check against rising-edge clock wb_clk_i)
Path Group: asynchronous
Path Type: max

Fanout         Cap        Slew       Delay        Time   Description
---------------------------------------------------------------------------------------------
                                  0.000000    0.000000   clock wb_clk_i (rise edge)
                                  0.000000    0.000000   clock network delay (propagated)
                                 20.000000   20.000000 v input external delay
     2    0.005585    0.029419    0.017954   20.017954 v wb_rst_i (in)
                                                         wb_rst_i (net)
                      0.029419    0.000000   20.017954 v input4/A (sky130_fd_sc_hd__dlymetal6s2s_1)
     3    0.017467    0.189033    0.367724   20.385677 v input4/X (sky130_fd_sc_hd__dlymetal6s2s_1)
                                                         net4 (net)
                      0.189033    0.000787   20.386465 v _4680_/A (sky130_fd_sc_hd__or3b_1)
     1    0.002682    0.139336    0.888823   21.275288 v _4680_/X (sky130_fd_sc_hd__or3b_1)
                                                         _0637_ (net)
                      0.139336    0.000025   21.275312 v fanout278/A (sky130_fd_sc_hd__buf_4)
    17    0.081421    0.197794    0.416151   21.691463 v fanout278/X (sky130_fd_sc_hd__buf_4)
                                                         net278 (net)
                      0.197794    0.000147   21.691610 v _4681_/A (sky130_fd_sc_hd__inv_2)
     7    0.039866    0.294478    0.313300   22.004911 ^ _4681_/Y (sky130_fd_sc_hd__inv_2)
                                                         team_08_WB.instance_to_wrap.allocation.game.cactus1size.clock_div_inst0.reset (net)
                      0.294480    0.000712   22.005623 ^ fanout224/A (sky130_fd_sc_hd__clkbuf_4)
    13    0.063688    0.308369    0.525603   22.531225 ^ fanout224/X (sky130_fd_sc_hd__clkbuf_4)
                                                         net224 (net)
                      0.308369    0.000655   22.531881 ^ fanout210/A (sky130_fd_sc_hd__dlymetal6s2s_1)
     5    0.021047    0.343245    0.456216   22.988098 ^ fanout210/X (sky130_fd_sc_hd__dlymetal6s2s_1)
                                                         net210 (net)
                      0.343245    0.000060   22.988157 ^ fanout209/A (sky130_fd_sc_hd__clkbuf_4)
    10    0.043030    0.218632    0.480417   23.468575 ^ fanout209/X (sky130_fd_sc_hd__clkbuf_4)
                                                         net209 (net)
                      0.218632    0.000107   23.468681 ^ fanout208/A (sky130_fd_sc_hd__buf_2)
     8    0.033171    0.264253    0.407347   23.876028 ^ fanout208/X (sky130_fd_sc_hd__buf_2)
                                                         net208 (net)
                      0.264253    0.000508   23.876537 ^ fanout207/A (sky130_fd_sc_hd__clkbuf_4)
    10    0.044600    0.224958    0.450457   24.326994 ^ fanout207/X (sky130_fd_sc_hd__clkbuf_4)
                                                         net207 (net)
                      0.224962    0.001284   24.328279 ^ _9240_/SET_B (sky130_fd_sc_hd__dfstp_1)
                                             24.328279   data arrival time

                                100.000000  100.000000   clock wb_clk_i (rise edge)
                                  0.000000  100.000000   clock source latency
     2    0.037901    0.275117    0.191186  100.191185 ^ wb_clk_i (in)
                                                         wb_clk_i (net)
                      0.275128    0.000000  100.191185 ^ clkbuf_0_wb_clk_i/A (sky130_fd_sc_hd__clkbuf_16)
    17    0.159123    0.260453    0.470315  100.661499 ^ clkbuf_0_wb_clk_i/X (sky130_fd_sc_hd__clkbuf_16)
                                                         clknet_0_wb_clk_i (net)
                      0.260485    0.002970  100.664467 ^ clkbuf_3_2__f_wb_clk_i/A (sky130_fd_sc_hd__clkbuf_16)
    19    0.082402    0.151790    0.381277  101.045746 ^ clkbuf_3_2__f_wb_clk_i/X (sky130_fd_sc_hd__clkbuf_16)
                                                         clknet_3_2__leaf_wb_clk_i (net)
                      0.151810    0.001954  101.047699 ^ clkbuf_leaf_4_wb_clk_i/A (sky130_fd_sc_hd__clkbuf_8)
    12    0.034084    0.115608    0.304382  101.352081 ^ clkbuf_leaf_4_wb_clk_i/X (sky130_fd_sc_hd__clkbuf_8)
                                                         clknet_leaf_4_wb_clk_i (net)
                      0.115608    0.000156  101.352242 ^ _9240_/CLK (sky130_fd_sc_hd__dfstp_1)
                                 -0.250000  101.102242   clock uncertainty
                                  0.000000  101.102242   clock reconvergence pessimism
                                  0.262179  101.364418   library recovery time
                                            101.364418   data required time
---------------------------------------------------------------------------------------------
                                            101.364418   data required time
                                            -24.328279   data arrival time
---------------------------------------------------------------------------------------------
                                             77.036133   slack (MET)


Startpoint: wbs_adr_i[0] (input port clocked by wb_clk_i)
Endpoint: wbs_dat_o[23] (output port clocked by wb_clk_i)
Path Group: wb_clk_i
Path Type: max

Fanout         Cap        Slew       Delay        Time   Description
---------------------------------------------------------------------------------------------
                                  0.000000    0.000000   clock wb_clk_i (rise edge)
                                  0.000000    0.000000   clock network delay (propagated)
                                 20.000000   20.000000 v input external delay
     2    0.003689    0.021908    0.012006   20.012007 v wbs_adr_i[0] (in)
                                                         wbs_adr_i[0] (net)
                      0.021908    0.000000   20.012007 v input5/A (sky130_fd_sc_hd__buf_1)
     3    0.017626    0.206264    0.260320   20.272327 v input5/X (sky130_fd_sc_hd__buf_1)
                                                         net5 (net)
                      0.206267    0.001128   20.273455 v _4499_/B (sky130_fd_sc_hd__or4_1)
     1    0.002284    0.172897    1.197501   21.470955 v _4499_/X (sky130_fd_sc_hd__or4_1)
                                                         _0470_ (net)
                      0.172897    0.000023   21.470978 v _4502_/B (sky130_fd_sc_hd__or4_1)
     1    0.006996    0.228244    1.285486   22.756464 v _4502_/X (sky130_fd_sc_hd__or4_1)
                                                         _0473_ (net)
                      0.228244    0.000250   22.756714 v _4508_/A (sky130_fd_sc_hd__or4_1)
     2    0.007593    0.234444    1.351207   24.107922 v _4508_/X (sky130_fd_sc_hd__or4_1)
                                                         net88 (net)
                      0.234444    0.000050   24.107971 v fanout265/A (sky130_fd_sc_hd__buf_4)
    21    0.100192    0.229495    0.489235   24.597206 v fanout265/X (sky130_fd_sc_hd__buf_4)
                                                         net265 (net)
                      0.229495    0.001174   24.598381 v fanout264/A (sky130_fd_sc_hd__clkbuf_2)
     6    0.022530    0.164246    0.354859   24.953239 v fanout264/X (sky130_fd_sc_hd__clkbuf_2)
                                                         net264 (net)
                      0.164246    0.000185   24.953424 v _9639_/A (sky130_fd_sc_hd__clkbuf_1)
     1    0.002747    0.050255    0.204134   25.157558 v _9639_/X (sky130_fd_sc_hd__clkbuf_1)
                                                         net81 (net)
                      0.050255    0.000020   25.157578 v output81/A (sky130_fd_sc_hd__buf_2)
     1    0.035070    0.169041    0.338405   25.495983 v output81/X (sky130_fd_sc_hd__buf_2)
                                                         wbs_dat_o[23] (net)
                      0.169041    0.000208   25.496191 v wbs_dat_o[23] (out)
                                             25.496191   data arrival time

                                100.000000  100.000000   clock wb_clk_i (rise edge)
                                  0.000000  100.000000   clock network delay (propagated)
                                 -0.250000   99.750000   clock uncertainty
                                  0.000000   99.750000   clock reconvergence pessimism
                                -20.000000   79.750000   output external delay
                                             79.750000   data required time
---------------------------------------------------------------------------------------------
                                             79.750000   data required time
                                            -25.496191   data arrival time
---------------------------------------------------------------------------------------------
                                             54.253803   slack (MET)




===========================================================================
report_checks --slack_max -0.01
============================================================================
======================= min_ss_100C_1v60 Corner ===================================

No paths found.


===========================================================================
 report_check_types -max_slew -max_cap -max_fanout -violators
============================================================================
======================= min_ss_100C_1v60 Corner ===================================

max fanout

Pin                                   Limit Fanout  Slack
---------------------------------------------------------
_4731_/Y                                 10     21    -11 (VIOLATED)
_4741_/X                                 10     21    -11 (VIOLATED)
_4771_/X                                 10     21    -11 (VIOLATED)
_4808_/Y                                 10     21    -11 (VIOLATED)
_4857_/X                                 10     21    -11 (VIOLATED)
_7300_/X                                 10     21    -11 (VIOLATED)
_7301_/Y                                 10     21    -11 (VIOLATED)
_9322_/Q                                 10     21    -11 (VIOLATED)
clkbuf_3_3__f_wb_clk_i/X                 10     21    -11 (VIOLATED)
fanout100/X                              10     21    -11 (VIOLATED)
fanout103/X                              10     21    -11 (VIOLATED)
fanout104/X                              10     21    -11 (VIOLATED)
fanout105/X                              10     21    -11 (VIOLATED)
fanout106/X                              10     21    -11 (VIOLATED)
fanout110/X                              10     21    -11 (VIOLATED)
fanout112/X                              10     21    -11 (VIOLATED)
fanout116/X                              10     21    -11 (VIOLATED)
fanout124/X                              10     21    -11 (VIOLATED)
fanout126/X                              10     21    -11 (VIOLATED)
fanout129/X                              10     21    -11 (VIOLATED)
fanout133/X                              10     21    -11 (VIOLATED)
fanout135/X                              10     21    -11 (VIOLATED)
fanout136/X                              10     21    -11 (VIOLATED)
fanout138/X                              10     21    -11 (VIOLATED)
fanout139/X                              10     21    -11 (VIOLATED)
fanout140/X                              10     21    -11 (VIOLATED)
fanout141/X                              10     21    -11 (VIOLATED)
fanout143/X                              10     21    -11 (VIOLATED)
fanout147/X                              10     21    -11 (VIOLATED)
fanout149/X                              10     21    -11 (VIOLATED)
fanout150/X                              10     21    -11 (VIOLATED)
fanout152/X                              10     21    -11 (VIOLATED)
fanout159/X                              10     21    -11 (VIOLATED)
fanout162/X                              10     21    -11 (VIOLATED)
fanout163/X                              10     21    -11 (VIOLATED)
fanout166/X                              10     21    -11 (VIOLATED)
fanout169/X                              10     21    -11 (VIOLATED)
fanout170/X                              10     21    -11 (VIOLATED)
fanout176/X                              10     21    -11 (VIOLATED)
fanout179/X                              10     21    -11 (VIOLATED)
fanout185/X                              10     21    -11 (VIOLATED)
fanout189/X                              10     21    -11 (VIOLATED)
fanout192/X                              10     21    -11 (VIOLATED)
fanout231/X                              10     21    -11 (VIOLATED)
fanout234/X                              10     21    -11 (VIOLATED)
fanout247/X                              10     21    -11 (VIOLATED)
fanout256/X                              10     21    -11 (VIOLATED)
fanout261/X                              10     21    -11 (VIOLATED)
fanout263/X                              10     21    -11 (VIOLATED)
fanout265/X                              10     21    -11 (VIOLATED)
fanout277/X                              10     21    -11 (VIOLATED)
fanout279/X                              10     21    -11 (VIOLATED)
fanout292/X                              10     21    -11 (VIOLATED)
fanout311/X                              10     21    -11 (VIOLATED)
fanout312/X                              10     21    -11 (VIOLATED)
fanout313/X                              10     21    -11 (VIOLATED)
fanout315/X                              10     21    -11 (VIOLATED)
fanout317/X                              10     21    -11 (VIOLATED)
fanout318/X                              10     21    -11 (VIOLATED)
fanout325/X                              10     21    -11 (VIOLATED)
fanout335/X                              10     21    -11 (VIOLATED)
fanout95/X                               10     21    -11 (VIOLATED)
fanout97/X                               10     21    -11 (VIOLATED)
fanout99/X                               10     21    -11 (VIOLATED)
_4449_/Y                                 10     19     -9 (VIOLATED)
_4765_/Y                                 10     19     -9 (VIOLATED)
_4819_/X                                 10     19     -9 (VIOLATED)
_4899_/Y                                 10     19     -9 (VIOLATED)
_4952_/Y                                 10     19     -9 (VIOLATED)
_7671_/X                                 10     19     -9 (VIOLATED)
_9326_/Q                                 10     19     -9 (VIOLATED)
clkbuf_3_2__f_wb_clk_i/X                 10     19     -9 (VIOLATED)
clkbuf_3_4__f_wb_clk_i/X                 10     19     -9 (VIOLATED)
clkbuf_3_6__f_wb_clk_i/X                 10     19     -9 (VIOLATED)
clkbuf_3_7__f_wb_clk_i/X                 10     19     -9 (VIOLATED)
fanout161/X                              10     19     -9 (VIOLATED)
fanout252/X                              10     19     -9 (VIOLATED)
_4793_/X                                 10     17     -7 (VIOLATED)
_4794_/X                                 10     17     -7 (VIOLATED)
_4914_/X                                 10     17     -7 (VIOLATED)
_4966_/Y                                 10     17     -7 (VIOLATED)
_4969_/X                                 10     17     -7 (VIOLATED)
_4987_/Y                                 10     17     -7 (VIOLATED)
_6374_/Y                                 10     17     -7 (VIOLATED)
_7651_/Y                                 10     17     -7 (VIOLATED)
_9110_/Q                                 10     17     -7 (VIOLATED)
_9316_/Q                                 10     17     -7 (VIOLATED)
clkbuf_0_wb_clk_i/X                      10     17     -7 (VIOLATED)
clkbuf_3_0__f_wb_clk_i/X                 10     17     -7 (VIOLATED)
fanout109/X                              10     17     -7 (VIOLATED)
fanout125/X                              10     17     -7 (VIOLATED)
fanout128/X                              10     17     -7 (VIOLATED)
fanout131/X                              10     17     -7 (VIOLATED)
fanout134/X                              10     17     -7 (VIOLATED)
fanout175/X                              10     17     -7 (VIOLATED)
fanout202/X                              10     17     -7 (VIOLATED)
fanout235/X                              10     17     -7 (VIOLATED)
fanout262/X                              10     17     -7 (VIOLATED)
fanout267/X                              10     17     -7 (VIOLATED)
fanout278/X                              10     17     -7 (VIOLATED)
clkbuf_leaf_54_wb_clk_i/X                10     16     -6 (VIOLATED)
_4747_/Y                                 10     15     -5 (VIOLATED)
_4795_/X                                 10     15     -5 (VIOLATED)
_4820_/Y                                 10     15     -5 (VIOLATED)
_4907_/Y                                 10     15     -5 (VIOLATED)
_4956_/X                                 10     15     -5 (VIOLATED)
_6649_/X                                 10     15     -5 (VIOLATED)
_6669_/Y                                 10     15     -5 (VIOLATED)
_9315_/Q                                 10     15     -5 (VIOLATED)
_9317_/Q                                 10     15     -5 (VIOLATED)
clkbuf_3_1__f_wb_clk_i/X                 10     15     -5 (VIOLATED)
clkbuf_3_5__f_wb_clk_i/X                 10     15     -5 (VIOLATED)
clkbuf_leaf_48_wb_clk_i/X                10     15     -5 (VIOLATED)
fanout102/X                              10     15     -5 (VIOLATED)
fanout168/X                              10     15     -5 (VIOLATED)
fanout248/X                              10     15     -5 (VIOLATED)
fanout271/X                              10     15     -5 (VIOLATED)
input3/X                                 10     15     -5 (VIOLATED)
input40/X                                10     15     -5 (VIOLATED)
clkbuf_leaf_23_wb_clk_i/X                10     14     -4 (VIOLATED)
_4796_/Y                                 10     13     -3 (VIOLATED)
_4865_/Y                                 10     13     -3 (VIOLATED)
_5061_/X                                 10     13     -3 (VIOLATED)
_6446_/X                                 10     13     -3 (VIOLATED)
_7715_/X                                 10     13     -3 (VIOLATED)
_8383_/Y                                 10     13     -3 (VIOLATED)
_9314_/Q                                 10     13     -3 (VIOLATED)
clkbuf_leaf_30_wb_clk_i/X                10     13     -3 (VIOLATED)
clkbuf_leaf_46_wb_clk_i/X                10     13     -3 (VIOLATED)
clkbuf_leaf_5_wb_clk_i/X                 10     13     -3 (VIOLATED)
fanout120/X                              10     13     -3 (VIOLATED)
fanout151/X                              10     13     -3 (VIOLATED)
fanout154/X                              10     13     -3 (VIOLATED)
fanout224/X                              10     13     -3 (VIOLATED)
fanout253/X                              10     13     -3 (VIOLATED)
fanout255/X                              10     13     -3 (VIOLATED)
fanout257/X                              10     13     -3 (VIOLATED)
fanout270/X                              10     13     -3 (VIOLATED)
fanout98/X                               10     13     -3 (VIOLATED)
clkbuf_leaf_10_wb_clk_i/X                10     12     -2 (VIOLATED)
clkbuf_leaf_12_wb_clk_i/X                10     12     -2 (VIOLATED)
clkbuf_leaf_13_wb_clk_i/X                10     12     -2 (VIOLATED)
clkbuf_leaf_35_wb_clk_i/X                10     12     -2 (VIOLATED)
clkbuf_leaf_47_wb_clk_i/X                10     12     -2 (VIOLATED)
clkbuf_leaf_4_wb_clk_i/X                 10     12     -2 (VIOLATED)
clkbuf_leaf_7_wb_clk_i/X                 10     12     -2 (VIOLATED)
clkbuf_leaf_8_wb_clk_i/X                 10     12     -2 (VIOLATED)
_4742_/Y                                 10     11        (VIOLATED)
_4789_/Y                                 10     11        (VIOLATED)
_4986_/Y                                 10     11        (VIOLATED)
_5134_/X                                 10     11        (VIOLATED)
_6341_/X                                 10     11        (VIOLATED)
_7675_/Y                                 10     11        (VIOLATED)
_7681_/X                                 10     11        (VIOLATED)
_7686_/Y                                 10     11        (VIOLATED)
clkbuf_leaf_0_wb_clk_i/X                 10     11        (VIOLATED)
clkbuf_leaf_14_wb_clk_i/X                10     11        (VIOLATED)
clkbuf_leaf_1_wb_clk_i/X                 10     11        (VIOLATED)
clkbuf_leaf_24_wb_clk_i/X                10     11        (VIOLATED)
clkbuf_leaf_25_wb_clk_i/X                10     11        (VIOLATED)
clkbuf_leaf_27_wb_clk_i/X                10     11        (VIOLATED)
clkbuf_leaf_36_wb_clk_i/X                10     11        (VIOLATED)
clkbuf_leaf_50_wb_clk_i/X                10     11        (VIOLATED)
fanout160/X                              10     11        (VIOLATED)
fanout167/X                              10     11        (VIOLATED)
fanout180/X                              10     11        (VIOLATED)
fanout223/X                              10     11        (VIOLATED)
fanout246/X                              10     11        (VIOLATED)
fanout274/X                              10     11        (VIOLATED)
fanout321/X                              10     11        (VIOLATED)



===========================================================================
report_parasitic_annotation -report_unannotated
============================================================================
Found 386 unannotated drivers.
 ACK_I
 DAT_I[0]
 DAT_I[10]
 DAT_I[11]
 DAT_I[12]
 DAT_I[13]
 DAT_I[14]
 DAT_I[15]
 DAT_I[16]
 DAT_I[17]
 DAT_I[18]
 DAT_I[19]
 DAT_I[1]
 DAT_I[20]
 DAT_I[21]
 DAT_I[22]
 DAT_I[23]
 DAT_I[24]
 DAT_I[25]
 DAT_I[26]
 DAT_I[27]
 DAT_I[28]
 DAT_I[29]
 DAT_I[2]
 DAT_I[30]
 DAT_I[31]
 DAT_I[3]
 DAT_I[4]
 DAT_I[5]
 DAT_I[6]
 DAT_I[7]
 DAT_I[8]
 DAT_I[9]
 gpio_in[10]
 gpio_in[11]
 gpio_in[12]
 gpio_in[13]
 gpio_in[14]
 gpio_in[15]
 gpio_in[16]
 gpio_in[17]
 gpio_in[18]
 gpio_in[19]
 gpio_in[1]
 gpio_in[20]
 gpio_in[21]
 gpio_in[22]
 gpio_in[23]
 gpio_in[24]
 gpio_in[25]
 gpio_in[26]
 gpio_in[27]
 gpio_in[28]
 gpio_in[29]
 gpio_in[2]
 gpio_in[30]
 gpio_in[31]
 gpio_in[32]
 gpio_in[33]
 gpio_in[34]
 gpio_in[35]
 gpio_in[36]
 gpio_in[37]
 gpio_in[3]
 gpio_in[4]
 gpio_in[7]
 gpio_in[8]
 gpio_in[9]
 la_data_in[0]
 la_data_in[10]
 la_data_in[11]
 la_data_in[12]
 la_data_in[13]
 la_data_in[14]
 la_data_in[15]
 la_data_in[16]
 la_data_in[17]
 la_data_in[18]
 la_data_in[19]
 la_data_in[1]
 la_data_in[20]
 la_data_in[21]
 la_data_in[22]
 la_data_in[23]
 la_data_in[24]
 la_data_in[25]
 la_data_in[26]
 la_data_in[27]
 la_data_in[28]
 la_data_in[29]
 la_data_in[2]
 la_data_in[30]
 la_data_in[31]
 la_data_in[3]
 la_data_in[4]
 la_data_in[5]
 la_data_in[6]
 la_data_in[7]
 la_data_in[8]
 la_data_in[9]
 la_oenb[0]
 la_oenb[10]
 la_oenb[11]
 la_oenb[12]
 la_oenb[13]
 la_oenb[14]
 la_oenb[15]
 la_oenb[16]
 la_oenb[17]
 la_oenb[18]
 la_oenb[19]
 la_oenb[1]
 la_oenb[20]
 la_oenb[21]
 la_oenb[22]
 la_oenb[23]
 la_oenb[24]
 la_oenb[25]
 la_oenb[26]
 la_oenb[27]
 la_oenb[28]
 la_oenb[29]
 la_oenb[2]
 la_oenb[30]
 la_oenb[31]
 la_oenb[3]
 la_oenb[4]
 la_oenb[5]
 la_oenb[6]
 la_oenb[7]
 la_oenb[8]
 la_oenb[9]
 wbs_dat_i[10]
 wbs_dat_i[11]
 wbs_dat_i[12]
 wbs_dat_i[13]
 wbs_dat_i[14]
 wbs_dat_i[15]
 wbs_dat_i[16]
 wbs_dat_i[17]
 wbs_dat_i[18]
 wbs_dat_i[19]
 wbs_dat_i[1]
 wbs_dat_i[20]
 wbs_dat_i[21]
 wbs_dat_i[22]
 wbs_dat_i[23]
 wbs_dat_i[24]
 wbs_dat_i[25]
 wbs_dat_i[26]
 wbs_dat_i[27]
 wbs_dat_i[28]
 wbs_dat_i[29]
 wbs_dat_i[2]
 wbs_dat_i[30]
 wbs_dat_i[31]
 wbs_dat_i[3]
 wbs_dat_i[4]
 wbs_dat_i[5]
 wbs_dat_i[6]
 wbs_dat_i[7]
 wbs_dat_i[8]
 wbs_dat_i[9]
 wbs_sel_i[0]
 wbs_sel_i[1]
 wbs_sel_i[2]
 wbs_sel_i[3]
 _9303__336/HI
 _9462__337/HI
 _9463__338/HI
 _9464__339/HI
 _9465__340/HI
 _9466__341/HI
 _9467__342/HI
 _9468__343/HI
 _9469__344/HI
 _9470__345/HI
 _9471__346/HI
 _9472__347/HI
 _9473__348/HI
 _9474__349/HI
 _9475__350/HI
 _9476__351/HI
 _9477__352/HI
 _9478__353/HI
 _9479__354/HI
 _9480__355/HI
 _9481__356/HI
 _9482__357/HI
 _9483__358/HI
 _9484__359/HI
 _9485__360/HI
 _9486__361/HI
 _9487__362/HI
 _9488__363/HI
 _9489__364/HI
 _9490__365/HI
 _9491__366/HI
 _9492__367/HI
 _9493__368/HI
 _9494__369/HI
 _9495__370/HI
 _9496__371/HI
 _9497__372/HI
 _9498__373/HI
 _9499__374/HI
 _9500__375/HI
 _9501__376/HI
 _9502__377/HI
 _9503__378/HI
 _9504__379/HI
 _9505__380/HI
 _9506__381/HI
 _9507__382/HI
 _9508__383/HI
 _9509__384/HI
 _9510__385/HI
 _9511__386/HI
 _9512__387/HI
 _9513__388/HI
 _9514__389/HI
 _9515__390/HI
 _9516__391/HI
 _9517__392/HI
 _9518__393/HI
 _9519__394/HI
 _9520__395/HI
 _9521__396/HI
 _9522__397/HI
 _9523__398/HI
 _9524__399/HI
 _9525__400/HI
 _9526__401/HI
 _9527__402/HI
 _9528__403/HI
 _9529__404/HI
 _9530__405/HI
 _9531__406/HI
 _9532__407/HI
 _9533__489/LO
 _9534__490/LO
 _9535__491/LO
 _9536__492/LO
 _9537__493/LO
 _9538__494/LO
 _9539__495/LO
 _9540__408/HI
 _9541__409/HI
 _9542__410/HI
 _9543__411/HI
 _9544__412/HI
 _9545__413/HI
 _9546__414/HI
 _9547__415/HI
 _9548__416/HI
 _9549__417/HI
 _9550__418/HI
 _9551__419/HI
 _9552__420/HI
 _9553__421/HI
 _9554__422/HI
 _9555__423/HI
 _9556__424/HI
 _9557__425/HI
 _9558__426/HI
 _9559__427/HI
 _9560__428/HI
 _9561__429/HI
 _9562__430/HI
 _9563__431/HI
 _9564__432/HI
 _9565__433/HI
 _9566__434/HI
 _9567__435/HI
 _9568__496/LO
 _9569__497/LO
 _9570__498/LO
 _9571__436/HI
 _9572__437/HI
 _9573__438/HI
 _9574__439/HI
 _9575__440/HI
 _9576__441/HI
 _9577__442/HI
 _9579__443/HI
 _9580__444/HI
 _9581__445/HI
 _9582__446/HI
 _9583__447/HI
 _9584__448/HI
 _9585__449/HI
 _9586__450/HI
 _9587__451/HI
 _9588__452/HI
 _9589__453/HI
 _9590__454/HI
 _9591__455/HI
 _9592__456/HI
 _9593__457/HI
 _9594__458/HI
 _9595__459/HI
 _9596__460/HI
 _9597__461/HI
 _9598__462/HI
 _9599__463/HI
 _9600__464/HI
 _9601__465/HI
 _9602__466/HI
 _9603__467/HI
 _9604__468/HI
 _9605__469/HI
 _9606__470/HI
 _9607__471/HI
 _9608__472/HI
 _9609__473/HI
 _9610__474/HI
 _9611__475/HI
 _9612__476/HI
 _9613__477/HI
 _9614__478/HI
 _9615__479/HI
 _9616__480/HI
 _9620__481/HI
 _9624__482/HI
 _9630__483/HI
 _9633__484/HI
 _9636__485/HI
 _9638__486/HI
 _9640__487/HI
 _9645__488/HI
 clkload0/Y
 clkload1/Y
 clkload10/Y
 clkload11/Y
 clkload12/Y
 clkload13/Y
 clkload14/Y
 clkload15/Y
 clkload16/Y
 clkload17/Y
 clkload18/Y
 clkload19/Y
 clkload2/Y
 clkload20/Y
 clkload21/X
 clkload22/Y
 clkload23/X
 clkload24/X
 clkload25/Y
 clkload26/Y
 clkload27/X
 clkload28/Y
 clkload29/X
 clkload3/X
 clkload30/X
 clkload31/Y
 clkload32/Y
 clkload33/Y
 clkload34/Y
 clkload35/Y
 clkload36/Y
 clkload37/Y
 clkload38/Y
 clkload39/Y
 clkload4/Y
 clkload40/Y
 clkload41/Y
 clkload42/Y
 clkload43/Y
 clkload44/Y
 clkload45/Y
 clkload46/Y
 clkload47/Y
 clkload48/Y
 clkload49/Y
 clkload5/X
 clkload50/Y
 clkload51/Y
 clkload52/Y
 clkload53/Y
 clkload54/Y
 clkload55/Y
 clkload6/Y
 clkload7/Y
 clkload8/Y
 clkload9/Y
Found 0 partially unannotated drivers.

===========================================================================
max slew violation count 0
max fanout violation count 170
max cap violation count 0
============================================================================

===========================================================================
check_setup -verbose -unconstrained_endpoints -multiple_clock -no_clock -no_input_delay -loops -generated_clocks
===========================================================================
Warning: There are 17 unclocked register/latch pins.
  _9159_/CLK
  _9160_/CLK
  _9161_/CLK
  _9162_/CLK
  _9163_/CLK
  _9164_/CLK
  _9165_/CLK
  _9166_/CLK
  _9167_/CLK
  _9168_/CLK
  _9169_/CLK
  _9170_/CLK
  _9171_/CLK
  _9172_/CLK
  _9173_/CLK
  _9174_/CLK
  _9175_/CLK
Warning: There are 180 unconstrained endpoints.
  ADR_O[0]
  ADR_O[10]
  ADR_O[11]
  ADR_O[12]
  ADR_O[13]
  ADR_O[14]
  ADR_O[15]
  ADR_O[16]
  ADR_O[17]
  ADR_O[18]
  ADR_O[19]
  ADR_O[1]
  ADR_O[20]
  ADR_O[21]
  ADR_O[22]
  ADR_O[23]
  ADR_O[24]
  ADR_O[25]
  ADR_O[26]
  ADR_O[27]
  ADR_O[28]
  ADR_O[29]
  ADR_O[2]
  ADR_O[30]
  ADR_O[31]
  ADR_O[3]
  ADR_O[4]
  ADR_O[5]
  ADR_O[6]
  ADR_O[7]
  ADR_O[8]
  ADR_O[9]
  CYC_O
  DAT_O[0]
  DAT_O[10]
  DAT_O[11]
  DAT_O[12]
  DAT_O[13]
  DAT_O[14]
  DAT_O[15]
  DAT_O[16]
  DAT_O[17]
  DAT_O[18]
  DAT_O[19]
  DAT_O[1]
  DAT_O[20]
  DAT_O[21]
  DAT_O[22]
  DAT_O[23]
  DAT_O[24]
  DAT_O[25]
  DAT_O[26]
  DAT_O[27]
  DAT_O[28]
  DAT_O[29]
  DAT_O[2]
  DAT_O[30]
  DAT_O[31]
  DAT_O[3]
  DAT_O[4]
  DAT_O[5]
  DAT_O[6]
  DAT_O[7]
  DAT_O[8]
  DAT_O[9]
  SEL_O[0]
  SEL_O[1]
  SEL_O[2]
  SEL_O[3]
  STB_O
  WE_O
  gpio_oeb[0]
  gpio_oeb[10]
  gpio_oeb[11]
  gpio_oeb[12]
  gpio_oeb[13]
  gpio_oeb[14]
  gpio_oeb[15]
  gpio_oeb[16]
  gpio_oeb[17]
  gpio_oeb[18]
  gpio_oeb[19]
  gpio_oeb[1]
  gpio_oeb[20]
  gpio_oeb[21]
  gpio_oeb[22]
  gpio_oeb[23]
  gpio_oeb[24]
  gpio_oeb[25]
  gpio_oeb[26]
  gpio_oeb[27]
  gpio_oeb[28]
  gpio_oeb[29]
  gpio_oeb[2]
  gpio_oeb[30]
  gpio_oeb[31]
  gpio_oeb[32]
  gpio_oeb[33]
  gpio_oeb[34]
  gpio_oeb[35]
  gpio_oeb[36]
  gpio_oeb[37]
  gpio_oeb[3]
  gpio_oeb[4]
  gpio_oeb[5]
  gpio_oeb[6]
  gpio_oeb[7]
  gpio_oeb[8]
  gpio_oeb[9]
  gpio_out[0]
  gpio_out[1]
  gpio_out[2]
  gpio_out[35]
  gpio_out[36]
  gpio_out[37]
  gpio_out[3]
  gpio_out[4]
  gpio_out[5]
  gpio_out[6]
  irq[0]
  irq[1]
  irq[2]
  la_data_out[0]
  la_data_out[10]
  la_data_out[11]
  la_data_out[12]
  la_data_out[13]
  la_data_out[14]
  la_data_out[15]
  la_data_out[16]
  la_data_out[17]
  la_data_out[18]
  la_data_out[19]
  la_data_out[1]
  la_data_out[20]
  la_data_out[21]
  la_data_out[22]
  la_data_out[23]
  la_data_out[24]
  la_data_out[25]
  la_data_out[26]
  la_data_out[27]
  la_data_out[28]
  la_data_out[29]
  la_data_out[2]
  la_data_out[30]
  la_data_out[31]
  la_data_out[3]
  la_data_out[4]
  la_data_out[5]
  la_data_out[6]
  la_data_out[7]
  la_data_out[8]
  la_data_out[9]
  wbs_dat_o[14]
  wbs_dat_o[17]
  wbs_dat_o[20]
  wbs_dat_o[22]
  wbs_dat_o[24]
  wbs_dat_o[29]
  wbs_dat_o[4]
  wbs_dat_o[8]
  _9159_/D
  _9160_/D
  _9161_/D
  _9162_/D
  _9163_/D
  _9164_/D
  _9165_/D
  _9166_/D
  _9167_/D
  _9168_/D
  _9169_/D
  _9170_/D
  _9171_/D
  _9172_/D
  _9173_/D
  _9174_/D
  _9175_/D
  _9303_/D
