
===========================================================================
report_checks -unconstrained
===========================================================================
======================= min_ss_100C_1v60 Corner ===================================

Startpoint: nrst (input port clocked by clk)
Endpoint: _1563_ (recovery check against rising-edge clock clk)
Path Group: asynchronous
Path Type: max

Fanout         Cap        Slew       Delay        Time   Description
---------------------------------------------------------------------------------------------
                                  0.000000    0.000000   clock clk (rise edge)
                                  0.000000    0.000000   clock network delay (propagated)
                                 20.000000   20.000000 ^ input external delay
     2    0.003739    0.038546    0.020719   20.020720 ^ nrst (in)
                                                         nrst (net)
                      0.038546    0.000000   20.020720 ^ input6/A (sky130_fd_sc_hd__buf_1)
     1    0.012099    0.239086    0.257200   20.277920 ^ input6/X (sky130_fd_sc_hd__buf_1)
                                                         net6 (net)
                      0.239088    0.000545   20.278465 ^ _0902_/A (sky130_fd_sc_hd__and2_1)
     5    0.023287    0.371858    0.508850   20.787315 ^ _0902_/X (sky130_fd_sc_hd__and2_1)
                                                         kp.buffertop.nrst (net)
                      0.371858    0.000417   20.787733 ^ fanout125/A (sky130_fd_sc_hd__buf_2)
    13    0.058543    0.452787    0.601881   21.389614 ^ fanout125/X (sky130_fd_sc_hd__buf_2)
                                                         net125 (net)
                      0.452787    0.000925   21.390539 ^ fanout124/A (sky130_fd_sc_hd__buf_2)
    15    0.046664    0.365062    0.569894   21.960434 ^ fanout124/X (sky130_fd_sc_hd__buf_2)
                                                         net124 (net)
                      0.365062    0.000099   21.960533 ^ fanout123/A (sky130_fd_sc_hd__clkbuf_4)
    10    0.047735    0.239202    0.505217   22.465752 ^ fanout123/X (sky130_fd_sc_hd__clkbuf_4)
                                                         net123 (net)
                      0.239202    0.000496   22.466246 ^ fanout122/A (sky130_fd_sc_hd__clkbuf_4)
    10    0.043895    0.221628    0.437417   22.903664 ^ fanout122/X (sky130_fd_sc_hd__clkbuf_4)
                                                         net122 (net)
                      0.221629    0.000997   22.904659 ^ _1563_/RESET_B (sky130_fd_sc_hd__dfrtp_1)
                                             22.904659   data arrival time

                                100.000000  100.000000   clock clk (rise edge)
                                  0.000000  100.000000   clock source latency
     2    0.031971    0.233549    0.161329  100.161324 ^ clk (in)
                                                         clk (net)
                      0.233551    0.000000  100.161324 ^ clkbuf_0_clk/A (sky130_fd_sc_hd__clkbuf_16)
     5    0.034617    0.086913    0.316895  100.478218 ^ clkbuf_0_clk/X (sky130_fd_sc_hd__clkbuf_16)
                                                         clknet_0_clk (net)
                      0.086913    0.000377  100.478600 ^ clkbuf_1_1__f_clk/A (sky130_fd_sc_hd__clkbuf_16)
    25    0.132867    0.222782    0.358746  100.837341 ^ clkbuf_1_1__f_clk/X (sky130_fd_sc_hd__clkbuf_16)
                                                         clknet_1_1__leaf_clk (net)
                      0.222785    0.001265  100.838608 ^ clkbuf_leaf_11_clk/A (sky130_fd_sc_hd__clkbuf_8)
     6    0.030400    0.108733    0.329813  101.168419 ^ clkbuf_leaf_11_clk/X (sky130_fd_sc_hd__clkbuf_8)
                                                         clknet_leaf_11_clk (net)
                      0.108733    0.000455  101.168877 ^ _1563_/CLK (sky130_fd_sc_hd__dfrtp_1)
                                 -0.250000  100.918877   clock uncertainty
                                  0.000000  100.918877   clock reconvergence pessimism
                                  0.419455  101.338333   library recovery time
                                            101.338333   data required time
---------------------------------------------------------------------------------------------
                                            101.338333   data required time
                                            -22.904659   data arrival time
---------------------------------------------------------------------------------------------
                                             78.433678   slack (MET)


Startpoint: _1699_ (rising edge-triggered flip-flop clocked by clk)
Endpoint: gpio_out[24] (output port clocked by clk)
Path Group: clk
Path Type: max

Fanout         Cap        Slew       Delay        Time   Description
---------------------------------------------------------------------------------------------
                                  0.000000    0.000000   clock clk (rise edge)
                                  0.000000    0.000000   clock source latency
     2    0.031971    0.233549    0.161330    0.161330 ^ clk (in)
                                                         clk (net)
                      0.233551    0.000000    0.161330 ^ clkbuf_0_clk/A (sky130_fd_sc_hd__clkbuf_16)
     5    0.034617    0.086913    0.316897    0.478227 ^ clkbuf_0_clk/X (sky130_fd_sc_hd__clkbuf_16)
                                                         clknet_0_clk (net)
                      0.086913    0.000273    0.478500 ^ clkbuf_1_0__f_clk/A (sky130_fd_sc_hd__clkbuf_16)
    31    0.150136    0.247545    0.376660    0.855160 ^ clkbuf_1_0__f_clk/X (sky130_fd_sc_hd__clkbuf_16)
                                                         clknet_1_0__leaf_clk (net)
                      0.247587    0.003271    0.858431 ^ clkbuf_leaf_7_clk/A (sky130_fd_sc_hd__clkbuf_8)
     7    0.040543    0.131553    0.359623    1.218053 ^ clkbuf_leaf_7_clk/X (sky130_fd_sc_hd__clkbuf_8)
                                                         clknet_leaf_7_clk (net)
                      0.131553    0.000192    1.218245 ^ _1699_/CLK (sky130_fd_sc_hd__dfrtp_1)
     5    0.011474    0.151799    0.845118    2.063364 v _1699_/Q (sky130_fd_sc_hd__dfrtp_1)
                                                         sending.cnt_500hz[5] (net)
                      0.151799    0.000112    2.063475 v _0903_/A (sky130_fd_sc_hd__or4_1)
     1    0.003880    0.198059    1.256798    3.320273 v _0903_/X (sky130_fd_sc_hd__or4_1)
                                                         _0532_ (net)
                      0.198059    0.000053    3.320326 v _0904_/A2 (sky130_fd_sc_hd__a211o_1)
     1    0.003745    0.094363    0.598312    3.918638 v _0904_/X (sky130_fd_sc_hd__a211o_1)
                                                         _0533_ (net)
                      0.094363    0.000051    3.918689 v _0905_/A2 (sky130_fd_sc_hd__a21oi_1)
     1    0.002663    0.168164    0.232639    4.151328 ^ _0905_/Y (sky130_fd_sc_hd__a21oi_1)
                                                         sending.lcd_en (net)
                      0.168164    0.000027    4.151355 ^ _1772_/A (sky130_fd_sc_hd__clkbuf_1)
     1    0.005651    0.122913    0.229029    4.380384 ^ _1772_/X (sky130_fd_sc_hd__clkbuf_1)
                                                         net16 (net)
                      0.122913    0.000131    4.380514 ^ output16/A (sky130_fd_sc_hd__clkbuf_4)
     1    0.034681    0.181349    0.354390    4.734905 ^ output16/X (sky130_fd_sc_hd__clkbuf_4)
                                                         gpio_out[24] (net)
                      0.181349    0.000441    4.735345 ^ gpio_out[24] (out)
                                              4.735345   data arrival time

                                100.000000  100.000000   clock clk (rise edge)
                                  0.000000  100.000000   clock network delay (propagated)
                                 -0.250000   99.750000   clock uncertainty
                                  0.000000   99.750000   clock reconvergence pessimism
                                -20.000000   79.750000   output external delay
                                             79.750000   data required time
---------------------------------------------------------------------------------------------
                                             79.750000   data required time
                                             -4.735345   data arrival time
---------------------------------------------------------------------------------------------
                                             75.014648   slack (MET)




===========================================================================
report_checks --slack_max -0.01
============================================================================
======================= min_ss_100C_1v60 Corner ===================================

No paths found.


===========================================================================
 report_check_types -max_slew -max_cap -max_fanout -violators
============================================================================
======================= min_ss_100C_1v60 Corner ===================================

max fanout

Pin                                   Limit Fanout  Slack
---------------------------------------------------------
clkbuf_1_0__f_clk/X                      10     31    -21 (VIOLATED)
clkbuf_1_1__f_clk/X                      10     25    -15 (VIOLATED)
_1185_/X                                 10     21    -11 (VIOLATED)
fanout30/X                               10     21    -11 (VIOLATED)
fanout36/X                               10     21    -11 (VIOLATED)
fanout51/X                               10     21    -11 (VIOLATED)
fanout75/X                               10     21    -11 (VIOLATED)
fanout93/X                               10     21    -11 (VIOLATED)
fanout121/X                              10     19     -9 (VIOLATED)
clkbuf_leaf_22_clk/X                     10     18     -8 (VIOLATED)
_1372_/X                                 10     17     -7 (VIOLATED)
_1373_/X                                 10     17     -7 (VIOLATED)
_1374_/X                                 10     17     -7 (VIOLATED)
_1375_/X                                 10     17     -7 (VIOLATED)
_1377_/X                                 10     17     -7 (VIOLATED)
_1378_/X                                 10     17     -7 (VIOLATED)
_1380_/X                                 10     17     -7 (VIOLATED)
_1381_/X                                 10     17     -7 (VIOLATED)
_1383_/X                                 10     17     -7 (VIOLATED)
_1384_/X                                 10     17     -7 (VIOLATED)
_1386_/X                                 10     17     -7 (VIOLATED)
_1387_/X                                 10     17     -7 (VIOLATED)
_1389_/X                                 10     17     -7 (VIOLATED)
fanout37/X                               10     17     -7 (VIOLATED)
clkbuf_leaf_6_clk/X                      10     16     -6 (VIOLATED)
_1382_/X                                 10     15     -5 (VIOLATED)
_1385_/X                                 10     15     -5 (VIOLATED)
_1388_/X                                 10     15     -5 (VIOLATED)
clkbuf_leaf_1_clk/X                      10     15     -5 (VIOLATED)
fanout108/X                              10     15     -5 (VIOLATED)
fanout124/X                              10     15     -5 (VIOLATED)
fanout25/X                               10     15     -5 (VIOLATED)
clkbuf_leaf_2_clk/X                      10     14     -4 (VIOLATED)
clkbuf_leaf_12_clk/X                     10     13     -3 (VIOLATED)
clkbuf_leaf_24_clk/X                     10     13     -3 (VIOLATED)
fanout125/X                              10     13     -3 (VIOLATED)
fanout39/X                               10     13     -3 (VIOLATED)
fanout74/X                               10     13     -3 (VIOLATED)
clkbuf_leaf_16_clk/X                     10     12     -2 (VIOLATED)
clkbuf_leaf_8_clk/X                      10     12     -2 (VIOLATED)
_0734_/Y                                 10     11        (VIOLATED)
clkbuf_leaf_13_clk/X                     10     11        (VIOLATED)
clkbuf_leaf_14_clk/X                     10     11        (VIOLATED)
clkbuf_leaf_15_clk/X                     10     11        (VIOLATED)
clkbuf_leaf_3_clk/X                      10     11        (VIOLATED)
fanout105/X                              10     11        (VIOLATED)
fanout113/X                              10     11        (VIOLATED)
fanout31/X                               10     11        (VIOLATED)
fanout40/X                               10     11        (VIOLATED)
fanout56/X                               10     11        (VIOLATED)
fanout67/X                               10     11        (VIOLATED)
fanout92/X                               10     11        (VIOLATED)



===========================================================================
report_parasitic_annotation -report_unannotated
============================================================================
Found 108 unannotated drivers.
 gpio_in[0]
 gpio_in[10]
 gpio_in[11]
 gpio_in[12]
 gpio_in[13]
 gpio_in[14]
 gpio_in[15]
 gpio_in[16]
 gpio_in[17]
 gpio_in[18]
 gpio_in[19]
 gpio_in[1]
 gpio_in[20]
 gpio_in[21]
 gpio_in[22]
 gpio_in[23]
 gpio_in[24]
 gpio_in[25]
 gpio_in[26]
 gpio_in[27]
 gpio_in[28]
 gpio_in[29]
 gpio_in[2]
 gpio_in[3]
 gpio_in[4]
 gpio_in[5]
 gpio_in[6]
 gpio_in[7]
 gpio_in[8]
 gpio_in[9]
 _1722__161/LO
 _1723__162/LO
 _1724__163/LO
 _1725__164/LO
 _1726__165/LO
 _1727__166/LO
 _1728__167/LO
 _1729__168/LO
 _1730__169/LO
 _1731__170/LO
 _1732__171/LO
 _1733__172/LO
 _1734__173/LO
 _1735__174/LO
 _1736__126/HI
 _1737__127/HI
 _1738__128/HI
 _1739__129/HI
 _1740__130/HI
 _1741__131/HI
 _1742__132/HI
 _1743__133/HI
 _1744__134/HI
 _1745__135/HI
 _1746__136/HI
 _1747__137/HI
 _1748__138/HI
 _1749__139/HI
 _1750__140/HI
 _1751__141/HI
 _1752__175/LO
 _1753__176/LO
 _1754__177/LO
 _1755__178/LO
 _1756__142/HI
 _1757__143/HI
 _1758__144/HI
 _1759__145/HI
 _1760__146/HI
 _1761__147/HI
 _1762__148/HI
 _1763__149/HI
 _1764__150/HI
 _1765__151/HI
 _1766__152/HI
 _1767__153/HI
 _1768__154/HI
 _1769__155/HI
 _1771__156/HI
 _1774__157/HI
 _1775__158/HI
 _1776__159/HI
 _1777__160/HI
 clkload0/Y
 clkload1/Y
 clkload10/Y
 clkload11/Y
 clkload12/Y
 clkload13/Y
 clkload14/Y
 clkload15/Y
 clkload16/Y
 clkload17/Y
 clkload18/Y
 clkload19/Y
 clkload2/Y
 clkload20/Y
 clkload21/X
 clkload22/Y
 clkload23/Y
 clkload24/Y
 clkload3/Y
 clkload4/Y
 clkload5/Y
 clkload6/Y
 clkload7/Y
 clkload8/Y
 clkload9/Y
Found 0 partially unannotated drivers.

===========================================================================
max slew violation count 0
max fanout violation count 52
max cap violation count 0
============================================================================

===========================================================================
check_setup -verbose -unconstrained_endpoints -multiple_clock -no_clock -no_input_delay -loops -generated_clocks
===========================================================================
Warning: There are 53 unconstrained endpoints.
  gpio_oeb[0]
  gpio_oeb[10]
  gpio_oeb[11]
  gpio_oeb[12]
  gpio_oeb[13]
  gpio_oeb[14]
  gpio_oeb[15]
  gpio_oeb[16]
  gpio_oeb[17]
  gpio_oeb[18]
  gpio_oeb[19]
  gpio_oeb[1]
  gpio_oeb[20]
  gpio_oeb[21]
  gpio_oeb[22]
  gpio_oeb[23]
  gpio_oeb[24]
  gpio_oeb[25]
  gpio_oeb[26]
  gpio_oeb[27]
  gpio_oeb[28]
  gpio_oeb[29]
  gpio_oeb[2]
  gpio_oeb[30]
  gpio_oeb[31]
  gpio_oeb[32]
  gpio_oeb[33]
  gpio_oeb[3]
  gpio_oeb[4]
  gpio_oeb[5]
  gpio_oeb[6]
  gpio_oeb[7]
  gpio_oeb[8]
  gpio_oeb[9]
  gpio_out[0]
  gpio_out[10]
  gpio_out[11]
  gpio_out[12]
  gpio_out[13]
  gpio_out[1]
  gpio_out[23]
  gpio_out[2]
  gpio_out[30]
  gpio_out[31]
  gpio_out[32]
  gpio_out[33]
  gpio_out[3]
  gpio_out[4]
  gpio_out[5]
  gpio_out[6]
  gpio_out[7]
  gpio_out[8]
  gpio_out[9]
