
===========================================================================
report_checks -unconstrained
===========================================================================
======================= min_tt_025C_1v80 Corner ===================================

Startpoint: wb_rst_i (input port clocked by wb_clk_i)
Endpoint: _1670_ (recovery check against rising-edge clock wb_clk_i)
Path Group: asynchronous
Path Type: max

Fanout         Cap        Slew       Delay        Time   Description
---------------------------------------------------------------------------------------------
                                  0.000000    0.000000   clock wb_clk_i (rise edge)
                                  0.000000    0.000000   clock network delay (propagated)
                                 20.000000   20.000000 v input external delay
     2    0.005116    0.013869    0.008280   20.008280 v wb_rst_i (in)
                                                         wb_rst_i (net)
                      0.013874    0.000000   20.008280 v input5/A (sky130_fd_sc_hd__buf_1)
     5    0.025758    0.151835    0.173069   20.181349 v input5/X (sky130_fd_sc_hd__buf_1)
                                                         net5 (net)
                      0.151835    0.000204   20.181553 v fanout222/A (sky130_fd_sc_hd__clkbuf_4)
    15    0.068013    0.137748    0.279009   20.460562 v fanout222/X (sky130_fd_sc_hd__clkbuf_4)
                                                         net222 (net)
                      0.137748    0.000389   20.460951 v fanout220/A (sky130_fd_sc_hd__buf_4)
    21    0.075787    0.101877    0.250070   20.711021 v fanout220/X (sky130_fd_sc_hd__buf_4)
                                                         net220 (net)
                      0.101898    0.001409   20.712429 v _1615_/A (sky130_fd_sc_hd__inv_2)
     1    0.003899    0.037723    0.064967   20.777397 ^ _1615_/Y (sky130_fd_sc_hd__inv_2)
                                                         _0027_ (net)
                      0.037723    0.000028   20.777426 ^ _1670_/RESET_B (sky130_fd_sc_hd__dfrtp_2)
                                             20.777426   data arrival time

                                100.000000  100.000000   clock wb_clk_i (rise edge)
                                  0.000000  100.000000   clock source latency
     2    0.029859    0.139349    0.097472  100.097466 ^ wb_clk_i (in)
                                                         wb_clk_i (net)
                      0.139413    0.000000  100.097466 ^ clkbuf_0_wb_clk_i/A (sky130_fd_sc_hd__clkbuf_16)
     9    0.057916    0.076366    0.188585  100.286057 ^ clkbuf_0_wb_clk_i/X (sky130_fd_sc_hd__clkbuf_16)
                                                         clknet_0_wb_clk_i (net)
                      0.076366    0.000448  100.286499 ^ clkbuf_2_0__f_wb_clk_i/A (sky130_fd_sc_hd__clkbuf_16)
    25    0.074731    0.091733    0.178879  100.465378 ^ clkbuf_2_0__f_wb_clk_i/X (sky130_fd_sc_hd__clkbuf_16)
                                                         clknet_2_0__leaf_wb_clk_i (net)
                      0.091750    0.001258  100.466637 ^ _1670_/CLK (sky130_fd_sc_hd__dfrtp_2)
                                 -0.250000  100.216644   clock uncertainty
                                  0.000000  100.216644   clock reconvergence pessimism
                                  0.235687  100.452332   library recovery time
                                            100.452332   data required time
---------------------------------------------------------------------------------------------
                                            100.452332   data required time
                                            -20.777426   data arrival time
---------------------------------------------------------------------------------------------
                                             79.674904   slack (MET)


Startpoint: wbs_adr_i[29] (input port clocked by wb_clk_i)
Endpoint: wbs_dat_o[0] (output port clocked by wb_clk_i)
Path Group: wb_clk_i
Path Type: max

Fanout         Cap        Slew       Delay        Time   Description
---------------------------------------------------------------------------------------------
                                  0.000000    0.000000   clock wb_clk_i (rise edge)
                                  0.000000    0.000000   clock network delay (propagated)
                                 20.000000   20.000000 ^ input external delay
     2    0.004864    0.028699    0.017392   20.017393 ^ wbs_adr_i[29] (in)
                                                         wbs_adr_i[29] (net)
                      0.028699    0.000000   20.017393 ^ input27/A (sky130_fd_sc_hd__buf_1)
     3    0.024341    0.287826    0.244317   20.261709 ^ input27/X (sky130_fd_sc_hd__buf_1)
                                                         net27 (net)
                      0.287839    0.001604   20.263313 ^ _0804_/C_N (sky130_fd_sc_hd__or4bb_2)
     3    0.026565    0.173313    0.759389   21.022703 v _0804_/X (sky130_fd_sc_hd__or4bb_2)
                                                         _0134_ (net)
                      0.173347    0.002405   21.025108 v _0805_/D (sky130_fd_sc_hd__or4_4)
     9    0.056325    0.164201    0.576565   21.601673 v _0805_/X (sky130_fd_sc_hd__or4_4)
                                                         _0135_ (net)
                      0.164722    0.008384   21.610056 v _0827_/B_N (sky130_fd_sc_hd__and4bb_2)
    11    0.038770    0.234501    0.495254   22.105310 ^ _0827_/X (sky130_fd_sc_hd__and4bb_2)
                                                         _0142_ (net)
                      0.234501    0.000261   22.105572 ^ fanout175/A (sky130_fd_sc_hd__buf_4)
    21    0.100006    0.275866    0.333978   22.439550 ^ fanout175/X (sky130_fd_sc_hd__buf_4)
                                                         net175 (net)
                      0.275879    0.001585   22.441133 ^ _0828_/A (sky130_fd_sc_hd__inv_2)
     4    0.010499    0.070867    0.083977   22.525112 v _0828_/Y (sky130_fd_sc_hd__inv_2)
                                                         _0143_ (net)
                      0.070867    0.000064   22.525175 v _1495_/B1 (sky130_fd_sc_hd__a211o_1)
     1    0.002788    0.047083    0.268937   22.794111 v _1495_/X (sky130_fd_sc_hd__a211o_1)
                                                         _0771_ (net)
                      0.047083    0.000025   22.794136 v _1496_/B1 (sky130_fd_sc_hd__o31a_1)
     1    0.002507    0.045321    0.097042   22.891180 v _1496_/X (sky130_fd_sc_hd__o31a_1)
                                                         _0772_ (net)
                      0.045321    0.000021   22.891201 v _1499_/B1 (sky130_fd_sc_hd__o221a_1)
     1    0.009306    0.077875    0.258545   23.149746 v _1499_/X (sky130_fd_sc_hd__o221a_1)
                                                         net125 (net)
                      0.077875    0.000338   23.150084 v output125/A (sky130_fd_sc_hd__clkbuf_4)
     1    0.034611    0.080067    0.198009   23.348093 v output125/X (sky130_fd_sc_hd__clkbuf_4)
                                                         wbs_dat_o[0] (net)
                      0.080068    0.000417   23.348509 v wbs_dat_o[0] (out)
                                             23.348509   data arrival time

                                100.000000  100.000000   clock wb_clk_i (rise edge)
                                  0.000000  100.000000   clock network delay (propagated)
                                 -0.250000   99.750000   clock uncertainty
                                  0.000000   99.750000   clock reconvergence pessimism
                                -20.000000   79.750000   output external delay
                                             79.750000   data required time
---------------------------------------------------------------------------------------------
                                             79.750000   data required time
                                            -23.348509   data arrival time
---------------------------------------------------------------------------------------------
                                             56.401489   slack (MET)




===========================================================================
report_checks --slack_max -0.01
============================================================================
======================= min_tt_025C_1v80 Corner ===================================

No paths found.


===========================================================================
 report_check_types -max_slew -max_cap -max_fanout -violators
============================================================================
======================= min_tt_025C_1v80 Corner ===================================

max fanout

Pin                                   Limit Fanout  Slack
---------------------------------------------------------
clkbuf_2_3__f_wb_clk_i/X                 10     35    -25 (VIOLATED)
clkbuf_2_1__f_wb_clk_i/X                 10     31    -21 (VIOLATED)
clkbuf_2_2__f_wb_clk_i/X                 10     29    -19 (VIOLATED)
clkbuf_2_0__f_wb_clk_i/X                 10     25    -15 (VIOLATED)
fanout151/X                              10     21    -11 (VIOLATED)
fanout152/X                              10     21    -11 (VIOLATED)
fanout154/X                              10     21    -11 (VIOLATED)
fanout157/X                              10     21    -11 (VIOLATED)
fanout158/X                              10     21    -11 (VIOLATED)
fanout160/X                              10     21    -11 (VIOLATED)
fanout163/X                              10     21    -11 (VIOLATED)
fanout164/X                              10     21    -11 (VIOLATED)
fanout165/X                              10     21    -11 (VIOLATED)
fanout169/X                              10     21    -11 (VIOLATED)
fanout170/X                              10     21    -11 (VIOLATED)
fanout171/X                              10     21    -11 (VIOLATED)
fanout174/X                              10     21    -11 (VIOLATED)
fanout175/X                              10     21    -11 (VIOLATED)
fanout180/X                              10     21    -11 (VIOLATED)
fanout181/X                              10     21    -11 (VIOLATED)
fanout184/X                              10     21    -11 (VIOLATED)
fanout192/X                              10     21    -11 (VIOLATED)
fanout193/X                              10     21    -11 (VIOLATED)
fanout195/X                              10     21    -11 (VIOLATED)
fanout197/X                              10     21    -11 (VIOLATED)
fanout199/X                              10     21    -11 (VIOLATED)
fanout201/X                              10     21    -11 (VIOLATED)
fanout203/X                              10     21    -11 (VIOLATED)
fanout207/X                              10     21    -11 (VIOLATED)
fanout208/X                              10     21    -11 (VIOLATED)
fanout211/X                              10     21    -11 (VIOLATED)
fanout213/X                              10     21    -11 (VIOLATED)
fanout214/X                              10     21    -11 (VIOLATED)
fanout215/X                              10     21    -11 (VIOLATED)
fanout220/X                              10     21    -11 (VIOLATED)
fanout221/X                              10     21    -11 (VIOLATED)
fanout223/X                              10     21    -11 (VIOLATED)
fanout225/X                              10     21    -11 (VIOLATED)
fanout227/X                              10     21    -11 (VIOLATED)
fanout228/X                              10     21    -11 (VIOLATED)
_0834_/X                                 10     19     -9 (VIOLATED)
_1663_/Q                                 10     19     -9 (VIOLATED)
fanout167/X                              10     19     -9 (VIOLATED)
fanout179/X                              10     19     -9 (VIOLATED)
fanout183/X                              10     17     -7 (VIOLATED)
_0782_/Y                                 10     15     -5 (VIOLATED)
_0832_/X                                 10     15     -5 (VIOLATED)
fanout186/X                              10     15     -5 (VIOLATED)
fanout200/X                              10     15     -5 (VIOLATED)
fanout212/X                              10     15     -5 (VIOLATED)
fanout217/X                              10     15     -5 (VIOLATED)
fanout219/X                              10     15     -5 (VIOLATED)
fanout222/X                              10     15     -5 (VIOLATED)
_0836_/X                                 10     13     -3 (VIOLATED)
_1171_/Y                                 10     13     -3 (VIOLATED)
_1668_/Q                                 10     13     -3 (VIOLATED)
fanout177/X                              10     13     -3 (VIOLATED)
fanout188/X                              10     13     -3 (VIOLATED)
fanout198/X                              10     13     -3 (VIOLATED)
fanout202/X                              10     13     -3 (VIOLATED)
fanout205/X                              10     12     -2 (VIOLATED)
fanout210/X                              10     12     -2 (VIOLATED)
_0827_/X                                 10     11        (VIOLATED)
_1177_/Y                                 10     11        (VIOLATED)
_1189_/X                                 10     11        (VIOLATED)
_1193_/Y                                 10     11        (VIOLATED)
fanout156/X                              10     11        (VIOLATED)
fanout162/X                              10     11        (VIOLATED)
fanout168/X                              10     11        (VIOLATED)
fanout172/X                              10     11        (VIOLATED)
fanout216/X                              10     11        (VIOLATED)
fanout226/X                              10     11        (VIOLATED)



===========================================================================
report_parasitic_annotation -report_unannotated
============================================================================
Found 275 unannotated drivers.
 ACK_I
 DAT_I[0]
 DAT_I[10]
 DAT_I[11]
 DAT_I[12]
 DAT_I[13]
 DAT_I[14]
 DAT_I[15]
 DAT_I[16]
 DAT_I[17]
 DAT_I[18]
 DAT_I[19]
 DAT_I[1]
 DAT_I[20]
 DAT_I[21]
 DAT_I[22]
 DAT_I[23]
 DAT_I[24]
 DAT_I[25]
 DAT_I[26]
 DAT_I[27]
 DAT_I[28]
 DAT_I[29]
 DAT_I[2]
 DAT_I[30]
 DAT_I[31]
 DAT_I[3]
 DAT_I[4]
 DAT_I[5]
 DAT_I[6]
 DAT_I[7]
 DAT_I[8]
 DAT_I[9]
 gpio_in[0]
 gpio_in[10]
 gpio_in[11]
 gpio_in[12]
 gpio_in[13]
 gpio_in[14]
 gpio_in[15]
 gpio_in[16]
 gpio_in[17]
 gpio_in[18]
 gpio_in[19]
 gpio_in[1]
 gpio_in[20]
 gpio_in[21]
 gpio_in[22]
 gpio_in[23]
 gpio_in[24]
 gpio_in[25]
 gpio_in[26]
 gpio_in[27]
 gpio_in[28]
 gpio_in[29]
 gpio_in[2]
 gpio_in[30]
 gpio_in[31]
 gpio_in[32]
 gpio_in[33]
 gpio_in[34]
 gpio_in[35]
 gpio_in[36]
 gpio_in[37]
 gpio_in[3]
 gpio_in[4]
 gpio_in[5]
 gpio_in[6]
 gpio_in[7]
 gpio_in[8]
 gpio_in[9]
 la_data_in[10]
 la_data_in[11]
 la_data_in[12]
 la_data_in[13]
 la_data_in[14]
 la_data_in[15]
 la_data_in[16]
 la_data_in[17]
 la_data_in[18]
 la_data_in[19]
 la_data_in[20]
 la_data_in[21]
 la_data_in[22]
 la_data_in[23]
 la_data_in[24]
 la_data_in[25]
 la_data_in[26]
 la_data_in[27]
 la_data_in[28]
 la_data_in[29]
 la_data_in[2]
 la_data_in[30]
 la_data_in[31]
 la_data_in[3]
 la_data_in[4]
 la_data_in[5]
 la_data_in[6]
 la_data_in[7]
 la_data_in[8]
 la_data_in[9]
 la_oenb[10]
 la_oenb[11]
 la_oenb[12]
 la_oenb[13]
 la_oenb[14]
 la_oenb[15]
 la_oenb[16]
 la_oenb[17]
 la_oenb[18]
 la_oenb[19]
 la_oenb[20]
 la_oenb[21]
 la_oenb[22]
 la_oenb[23]
 la_oenb[24]
 la_oenb[25]
 la_oenb[26]
 la_oenb[27]
 la_oenb[28]
 la_oenb[29]
 la_oenb[2]
 la_oenb[30]
 la_oenb[31]
 la_oenb[3]
 la_oenb[4]
 la_oenb[5]
 la_oenb[6]
 la_oenb[7]
 la_oenb[8]
 la_oenb[9]
 wbs_dat_i[14]
 wbs_dat_i[15]
 wbs_dat_i[16]
 wbs_dat_i[17]
 wbs_dat_i[18]
 wbs_dat_i[19]
 wbs_dat_i[20]
 wbs_dat_i[21]
 wbs_dat_i[22]
 wbs_dat_i[23]
 wbs_dat_i[24]
 wbs_dat_i[25]
 wbs_dat_i[26]
 wbs_dat_i[27]
 wbs_dat_i[28]
 wbs_dat_i[29]
 wbs_dat_i[30]
 wbs_dat_i[31]
 wbs_sel_i[0]
 wbs_sel_i[1]
 wbs_sel_i[2]
 wbs_sel_i[3]
 _1700__229/HI
 _1701__230/HI
 _1702__231/HI
 _1703__232/HI
 _1704__233/HI
 _1705__234/HI
 _1706__235/HI
 _1707__236/HI
 _1708__237/HI
 _1709__238/HI
 _1710__239/HI
 _1711__240/HI
 _1712__241/HI
 _1713__242/HI
 _1714__243/HI
 _1715__244/HI
 _1716__245/HI
 _1717__246/HI
 _1718__247/HI
 _1719__248/HI
 _1720__249/HI
 _1721__250/HI
 _1722__251/HI
 _1723__252/HI
 _1724__253/HI
 _1725__254/HI
 _1726__255/HI
 _1727__256/HI
 _1728__257/HI
 _1729__258/HI
 _1730__259/HI
 _1731__260/HI
 _1732__261/HI
 _1733__262/HI
 _1734__263/HI
 _1735__264/HI
 _1736__265/HI
 _1737__266/HI
 _1738__267/HI
 _1739__268/HI
 _1740__269/HI
 _1741__270/HI
 _1742__271/HI
 _1743__272/HI
 _1744__273/HI
 _1745__274/HI
 _1746__275/HI
 _1747__276/HI
 _1748__277/HI
 _1749__278/HI
 _1750__279/HI
 _1751__280/HI
 _1752__281/HI
 _1753__282/HI
 _1754__283/HI
 _1755__284/HI
 _1756__285/HI
 _1757__286/HI
 _1758__287/HI
 _1759__288/HI
 _1760__289/HI
 _1761__290/HI
 _1762__291/HI
 _1763__292/HI
 _1764__293/HI
 _1765__294/HI
 _1766__295/HI
 _1767__296/HI
 _1768__297/HI
 _1769__298/HI
 _1770__299/HI
 _1772__344/LO
 _1773__345/LO
 _1774__346/LO
 _1775__347/LO
 _1808__300/HI
 _1809__301/HI
 _1810__302/HI
 _1811__303/HI
 _1813__304/HI
 _1814__305/HI
 _1815__306/HI
 _1816__307/HI
 _1817__308/HI
 _1818__309/HI
 _1819__310/HI
 _1820__311/HI
 _1821__312/HI
 _1822__313/HI
 _1823__314/HI
 _1824__315/HI
 _1825__316/HI
 _1826__317/HI
 _1827__318/HI
 _1828__319/HI
 _1829__320/HI
 _1830__321/HI
 _1831__322/HI
 _1832__323/HI
 _1833__324/HI
 _1834__325/HI
 _1835__326/HI
 _1836__327/HI
 _1837__328/HI
 _1838__329/HI
 _1839__330/HI
 _1840__331/HI
 _1841__332/HI
 _1842__333/HI
 _1843__334/HI
 _1844__335/HI
 _1845__336/HI
 _1846__337/HI
 _1847__338/HI
 _1850__339/HI
 _1853__340/HI
 _1855__341/HI
 _1857__342/HI
 _1862__343/HI
 clkload0/Y
 clkload1/Y
 clkload2/Y
Found 0 partially unannotated drivers.

===========================================================================
max slew violation count 0
max fanout violation count 72
max cap violation count 0
============================================================================

===========================================================================
check_setup -verbose -unconstrained_endpoints -multiple_clock -no_clock -no_input_delay -loops -generated_clocks
===========================================================================
Warning: There are 119 unconstrained endpoints.
  ADR_O[0]
  ADR_O[10]
  ADR_O[11]
  ADR_O[12]
  ADR_O[13]
  ADR_O[14]
  ADR_O[15]
  ADR_O[16]
  ADR_O[17]
  ADR_O[18]
  ADR_O[19]
  ADR_O[1]
  ADR_O[20]
  ADR_O[21]
  ADR_O[22]
  ADR_O[23]
  ADR_O[24]
  ADR_O[25]
  ADR_O[26]
  ADR_O[27]
  ADR_O[28]
  ADR_O[29]
  ADR_O[2]
  ADR_O[30]
  ADR_O[31]
  ADR_O[3]
  ADR_O[4]
  ADR_O[5]
  ADR_O[6]
  ADR_O[7]
  ADR_O[8]
  ADR_O[9]
  CYC_O
  DAT_O[0]
  DAT_O[10]
  DAT_O[11]
  DAT_O[12]
  DAT_O[13]
  DAT_O[14]
  DAT_O[15]
  DAT_O[16]
  DAT_O[17]
  DAT_O[18]
  DAT_O[19]
  DAT_O[1]
  DAT_O[20]
  DAT_O[21]
  DAT_O[22]
  DAT_O[23]
  DAT_O[24]
  DAT_O[25]
  DAT_O[26]
  DAT_O[27]
  DAT_O[28]
  DAT_O[29]
  DAT_O[2]
  DAT_O[30]
  DAT_O[31]
  DAT_O[3]
  DAT_O[4]
  DAT_O[5]
  DAT_O[6]
  DAT_O[7]
  DAT_O[8]
  DAT_O[9]
  SEL_O[0]
  SEL_O[1]
  SEL_O[2]
  SEL_O[3]
  STB_O
  WE_O
  gpio_oeb[1]
  gpio_oeb[2]
  gpio_oeb[3]
  gpio_oeb[4]
  gpio_out[1]
  gpio_out[2]
  gpio_out[3]
  gpio_out[4]
  irq[1]
  irq[2]
  la_data_out[0]
  la_data_out[10]
  la_data_out[11]
  la_data_out[12]
  la_data_out[13]
  la_data_out[14]
  la_data_out[15]
  la_data_out[16]
  la_data_out[17]
  la_data_out[18]
  la_data_out[19]
  la_data_out[1]
  la_data_out[20]
  la_data_out[21]
  la_data_out[22]
  la_data_out[23]
  la_data_out[24]
  la_data_out[25]
  la_data_out[26]
  la_data_out[27]
  la_data_out[28]
  la_data_out[29]
  la_data_out[2]
  la_data_out[30]
  la_data_out[31]
  la_data_out[3]
  la_data_out[4]
  la_data_out[5]
  la_data_out[6]
  la_data_out[7]
  la_data_out[8]
  la_data_out[9]
  wbs_dat_o[14]
  wbs_dat_o[17]
  wbs_dat_o[20]
  wbs_dat_o[22]
  wbs_dat_o[24]
  wbs_dat_o[29]
