
===========================================================================
report_checks -unconstrained
===========================================================================
======================= nom_ff_n40C_1v95 Corner ===================================

Startpoint: nrst (input port clocked by clk)
Endpoint: _12797_ (recovery check against rising-edge clock clk)
Path Group: asynchronous
Path Type: max

Fanout         Cap        Slew       Delay        Time   Description
---------------------------------------------------------------------------------------------
                                  0.000000    0.000000   clock clk (rise edge)
                                  0.000000    0.000000   clock network delay (propagated)
                                 20.000000   20.000000 ^ input external delay
     2    0.003490    0.016392    0.009043   20.009045 ^ nrst (in)
                                                         nrst (net)
                      0.016393    0.000000   20.009045 ^ input39/A (sky130_fd_sc_hd__buf_2)
     5    0.047483    0.175759    0.161622   20.170666 ^ input39/X (sky130_fd_sc_hd__buf_2)
                                                         net39 (net)
                      0.176352    0.008308   20.178974 ^ fanout1021/A (sky130_fd_sc_hd__buf_4)
    13    0.122347    0.252978    0.251376   20.430349 ^ fanout1021/X (sky130_fd_sc_hd__buf_4)
                                                         net1021 (net)
                      0.253095    0.004526   20.434875 ^ fanout960/A (sky130_fd_sc_hd__clkbuf_4)
    13    0.076142    0.175511    0.235486   20.670362 ^ fanout960/X (sky130_fd_sc_hd__clkbuf_4)
                                                         net960 (net)
                      0.175534    0.001689   20.672050 ^ fanout942/A (sky130_fd_sc_hd__clkbuf_2)
    11    0.044612    0.187245    0.199535   20.871586 ^ fanout942/X (sky130_fd_sc_hd__clkbuf_2)
                                                         net942 (net)
                      0.187250    0.000835   20.872421 ^ fanout937/A (sky130_fd_sc_hd__buf_2)
    13    0.048979    0.180543    0.200775   21.073195 ^ fanout937/X (sky130_fd_sc_hd__buf_2)
                                                         net937 (net)
                      0.180631    0.003316   21.076511 ^ fanout934/A (sky130_fd_sc_hd__clkbuf_4)
    10    0.052325    0.123451    0.188351   21.264862 ^ fanout934/X (sky130_fd_sc_hd__clkbuf_4)
                                                         net934 (net)
                      0.123451    0.000572   21.265434 ^ fanout933/A (sky130_fd_sc_hd__clkbuf_4)
    10    0.046407    0.110582    0.170047   21.435482 ^ fanout933/X (sky130_fd_sc_hd__clkbuf_4)
                                                         net933 (net)
                      0.110592    0.001130   21.436611 ^ _12797_/RESET_B (sky130_fd_sc_hd__dfrtp_1)
                                             21.436611   data arrival time

                                100.000000  100.000000   clock clk (rise edge)
                                  0.000000  100.000000   clock source latency
     2    0.074179    0.251422    0.183206  100.183205 ^ clk (in)
                                                         clk (net)
                      0.253815    0.000000  100.183205 ^ clkbuf_0_clk/A (sky130_fd_sc_hd__clkbuf_16)
    17    0.215442    0.176340    0.227907  100.411110 ^ clkbuf_0_clk/X (sky130_fd_sc_hd__clkbuf_16)
                                                         clknet_0_clk (net)
                      0.177381    0.010921  100.422028 ^ clkbuf_3_0_0_clk/A (sky130_fd_sc_hd__clkbuf_8)
     5    0.046583    0.070882    0.144986  100.567017 ^ clkbuf_3_0_0_clk/X (sky130_fd_sc_hd__clkbuf_8)
                                                         clknet_3_0_0_clk (net)
                      0.070934    0.001748  100.568764 ^ clkbuf_4_0__f_clk/A (sky130_fd_sc_hd__clkbuf_16)
    17    0.087897    0.080202    0.133213  100.701981 ^ clkbuf_4_0__f_clk/X (sky130_fd_sc_hd__clkbuf_16)
                                                         clknet_4_0__leaf_clk (net)
                      0.080348    0.002750  100.704727 ^ clkbuf_leaf_0_clk/A (sky130_fd_sc_hd__clkbuf_8)
    15    0.055715    0.080548    0.133532  100.838257 ^ clkbuf_leaf_0_clk/X (sky130_fd_sc_hd__clkbuf_8)
                                                         clknet_leaf_0_clk (net)
                      0.080664    0.002032  100.840294 ^ _12797_/CLK (sky130_fd_sc_hd__dfrtp_1)
                                 -0.250000  100.590294   clock uncertainty
                                  0.000000  100.590294   clock reconvergence pessimism
                                  0.136364  100.726662   library recovery time
                                            100.726662   data required time
---------------------------------------------------------------------------------------------
                                            100.726662   data required time
                                            -21.436611   data arrival time
---------------------------------------------------------------------------------------------
                                             79.290047   slack (MET)


Startpoint: _12432_ (rising edge-triggered flip-flop clocked by clk)
Endpoint: _13777_ (rising edge-triggered flip-flop clocked by clk)
Path Group: clk
Path Type: max

Fanout         Cap        Slew       Delay        Time   Description
---------------------------------------------------------------------------------------------
                                  0.000000    0.000000   clock clk (rise edge)
                                  0.000000    0.000000   clock source latency
     2    0.074179    0.251422    0.183209    0.183209 ^ clk (in)
                                                         clk (net)
                      0.253815    0.000000    0.183209 ^ clkbuf_0_clk/A (sky130_fd_sc_hd__clkbuf_16)
    17    0.215442    0.176340    0.227902    0.411111 ^ clkbuf_0_clk/X (sky130_fd_sc_hd__clkbuf_16)
                                                         clknet_0_clk (net)
                      0.177391    0.010968    0.422078 ^ clkbuf_3_6_0_clk/A (sky130_fd_sc_hd__clkbuf_8)
     5    0.044139    0.068203    0.142141    0.564219 ^ clkbuf_3_6_0_clk/X (sky130_fd_sc_hd__clkbuf_8)
                                                         clknet_3_6_0_clk (net)
                      0.068489    0.003181    0.567401 ^ clkbuf_4_13__f_clk/A (sky130_fd_sc_hd__clkbuf_16)
    15    0.089054    0.081036    0.132920    0.700321 ^ clkbuf_4_13__f_clk/X (sky130_fd_sc_hd__clkbuf_16)
                                                         clknet_4_13__leaf_clk (net)
                      0.081055    0.001010    0.701331 ^ clkbuf_leaf_78_clk/A (sky130_fd_sc_hd__clkbuf_8)
    25    0.079530    0.110320    0.153822    0.855152 ^ clkbuf_leaf_78_clk/X (sky130_fd_sc_hd__clkbuf_8)
                                                         clknet_leaf_78_clk (net)
                      0.110423    0.002780    0.857932 ^ _12432_/CLK (sky130_fd_sc_hd__dfrtp_2)
     7    0.023030    0.061501    0.301166    1.159098 v _12432_/Q (sky130_fd_sc_hd__dfrtp_2)
                                                         top.a1.dataIn[27] (net)
                      0.061513    0.000831    1.159929 v _11361_/A (sky130_fd_sc_hd__or4_1)
     2    0.006305    0.068182    0.319785    1.479714 v _11361_/X (sky130_fd_sc_hd__or4_1)
                                                         _05222_ (net)
                      0.068182    0.000166    1.479879 v _11369_/B (sky130_fd_sc_hd__or4b_4)
     7    0.027672    0.085268    0.357101    1.836980 v _11369_/X (sky130_fd_sc_hd__or4b_4)
                                                         _05230_ (net)
                      0.085299    0.001409    1.838390 v _11381_/C (sky130_fd_sc_hd__and3_1)
     2    0.004193    0.031679    0.137818    1.976207 v _11381_/X (sky130_fd_sc_hd__and3_1)
                                                         _05242_ (net)
                      0.031679    0.000093    1.976301 v _11383_/C (sky130_fd_sc_hd__or3_1)
     3    0.009361    0.068472    0.202746    2.179047 v _11383_/X (sky130_fd_sc_hd__or3_1)
                                                         _05244_ (net)
                      0.068472    0.000228    2.179275 v _11385_/A2 (sky130_fd_sc_hd__a21o_1)
     4    0.013581    0.054215    0.156286    2.335562 v _11385_/X (sky130_fd_sc_hd__a21o_1)
                                                         _05246_ (net)
                      0.054217    0.000386    2.335948 v _11398_/A1 (sky130_fd_sc_hd__a2111o_1)
     4    0.013378    0.076307    0.263827    2.599774 v _11398_/X (sky130_fd_sc_hd__a2111o_1)
                                                         _05259_ (net)
                      0.076308    0.000465    2.600240 v _11402_/B1 (sky130_fd_sc_hd__a22o_1)
     2    0.007612    0.042243    0.115306    2.715545 v _11402_/X (sky130_fd_sc_hd__a22o_1)
                                                         _05263_ (net)
                      0.042244    0.000214    2.715759 v fanout479/A (sky130_fd_sc_hd__clkbuf_2)
     5    0.023158    0.064475    0.111080    2.826839 v fanout479/X (sky130_fd_sc_hd__clkbuf_2)
                                                         net479 (net)
                      0.064478    0.000533    2.827372 v _11408_/B (sky130_fd_sc_hd__xnor2_2)
     4    0.014262    0.057202    0.113880    2.941253 v _11408_/Y (sky130_fd_sc_hd__xnor2_2)
                                                         _05269_ (net)
                      0.057203    0.000327    2.941580 v _11412_/A2_N (sky130_fd_sc_hd__a2bb2o_1)
     3    0.016972    0.130466    0.225396    3.166975 ^ _11412_/X (sky130_fd_sc_hd__a2bb2o_1)
                                                         _05273_ (net)
                      0.130511    0.000733    3.167708 ^ _11417_/A2 (sky130_fd_sc_hd__a211oi_4)
     4    0.023380    0.072200    0.069019    3.236727 v _11417_/Y (sky130_fd_sc_hd__a211oi_4)
                                                         _05278_ (net)
                      0.072252    0.001013    3.237741 v _11432_/A2 (sky130_fd_sc_hd__o41ai_4)
     4    0.014094    0.252332    0.288873    3.526614 ^ _11432_/Y (sky130_fd_sc_hd__o41ai_4)
                                                         _05293_ (net)
                      0.252332    0.000254    3.526868 ^ wire327/A (sky130_fd_sc_hd__dlymetal6s2s_1)
     6    0.020561    0.169543    0.175996    3.702864 ^ wire327/X (sky130_fd_sc_hd__dlymetal6s2s_1)
                                                         net327 (net)
                      0.169551    0.000970    3.703834 ^ _11442_/A1 (sky130_fd_sc_hd__a21oi_1)
     3    0.010344    0.077188    0.080692    3.784526 v _11442_/Y (sky130_fd_sc_hd__a21oi_1)
                                                         _05303_ (net)
                      0.077189    0.000264    3.784790 v _11445_/B (sky130_fd_sc_hd__or3_2)
     4    0.015246    0.078374    0.305182    4.089972 v _11445_/X (sky130_fd_sc_hd__or3_2)
                                                         _05306_ (net)
                      0.078393    0.000318    4.090289 v _11452_/A1 (sky130_fd_sc_hd__a21o_1)
     3    0.014184    0.056018    0.145498    4.235787 v _11452_/X (sky130_fd_sc_hd__a21o_1)
                                                         _05313_ (net)
                      0.056031    0.000836    4.236623 v _11461_/A1 (sky130_fd_sc_hd__a21o_1)
     3    0.007319    0.037259    0.118731    4.355354 v _11461_/X (sky130_fd_sc_hd__a21o_1)
                                                         _05322_ (net)
                      0.037260    0.000176    4.355530 v _11469_/A1 (sky130_fd_sc_hd__a21o_2)
    10    0.034815    0.076753    0.171178    4.526708 v _11469_/X (sky130_fd_sc_hd__a21o_2)
                                                         _05330_ (net)
                      0.076799    0.001722    4.528430 v _11478_/A2 (sky130_fd_sc_hd__a21bo_1)
     2    0.004479    0.030445    0.140353    4.668783 v _11478_/X (sky130_fd_sc_hd__a21bo_1)
                                                         _05339_ (net)
                      0.030445    0.000104    4.668887 v _11481_/B1 (sky130_fd_sc_hd__a2bb2o_1)
     3    0.006510    0.047803    0.179464    4.848351 v _11481_/X (sky130_fd_sc_hd__a2bb2o_1)
                                                         _05342_ (net)
                      0.047803    0.000140    4.848491 v _11491_/A1 (sky130_fd_sc_hd__a211o_1)
     2    0.009885    0.057632    0.186812    5.035303 v _11491_/X (sky130_fd_sc_hd__a211o_1)
                                                         _05352_ (net)
                      0.057632    0.000268    5.035571 v _11502_/A1 (sky130_fd_sc_hd__a21o_2)
    10    0.036698    0.079786    0.181819    5.217391 v _11502_/X (sky130_fd_sc_hd__a21o_2)
                                                         _05363_ (net)
                      0.079794    0.000818    5.218209 v _11507_/A1 (sky130_fd_sc_hd__a2111o_1)
     3    0.008508    0.061802    0.255054    5.473263 v _11507_/X (sky130_fd_sc_hd__a2111o_1)
                                                         _05368_ (net)
                      0.061802    0.000203    5.473466 v _11512_/B (sky130_fd_sc_hd__and2_1)
     2    0.006624    0.036202    0.119931    5.593397 v _11512_/X (sky130_fd_sc_hd__and2_1)
                                                         _05373_ (net)
                      0.036203    0.000220    5.593616 v _11514_/B (sky130_fd_sc_hd__or2_2)
     3    0.016385    0.062160    0.193165    5.786781 v _11514_/X (sky130_fd_sc_hd__or2_2)
                                                         _05375_ (net)
                      0.062162    0.000413    5.787194 v _11519_/A2 (sky130_fd_sc_hd__a32o_1)
     2    0.006629    0.039285    0.151134    5.938328 v _11519_/X (sky130_fd_sc_hd__a32o_1)
                                                         _05380_ (net)
                      0.039286    0.000167    5.938495 v _11539_/B1 (sky130_fd_sc_hd__a41o_1)
     2    0.007973    0.045538    0.084134    6.022629 v _11539_/X (sky130_fd_sc_hd__a41o_1)
                                                         _05400_ (net)
                      0.045538    0.000160    6.022789 v fanout248/A (sky130_fd_sc_hd__buf_2)
    10    0.039051    0.070244    0.128781    6.151571 v fanout248/X (sky130_fd_sc_hd__buf_2)
                                                         net248 (net)
                      0.070267    0.001211    6.152782 v _11556_/D (sky130_fd_sc_hd__and4_1)
     2    0.005271    0.035781    0.147921    6.300703 v _11556_/X (sky130_fd_sc_hd__and4_1)
                                                         _05417_ (net)
                      0.035781    0.000120    6.300823 v _11559_/A1 (sky130_fd_sc_hd__o21a_1)
     2    0.009425    0.045972    0.137435    6.438258 v _11559_/X (sky130_fd_sc_hd__o21a_1)
                                                         _05420_ (net)
                      0.045972    0.000248    6.438506 v _11565_/D (sky130_fd_sc_hd__and4bb_1)
     2    0.007100    0.043393    0.146092    6.584598 v _11565_/X (sky130_fd_sc_hd__and4bb_1)
                                                         _05426_ (net)
                      0.043393    0.000176    6.584774 v _11571_/A2 (sky130_fd_sc_hd__a21o_1)
     7    0.022763    0.080611    0.169879    6.754652 v _11571_/X (sky130_fd_sc_hd__a21o_1)
                                                         _05432_ (net)
                      0.080621    0.000898    6.755549 v _11574_/A1 (sky130_fd_sc_hd__a21oi_1)
     3    0.009661    0.169187    0.166525    6.922075 ^ _11574_/Y (sky130_fd_sc_hd__a21oi_1)
                                                         _05435_ (net)
                      0.169188    0.000253    6.922328 ^ _11578_/B (sky130_fd_sc_hd__xor2_1)
     3    0.010547    0.179895    0.166930    7.089257 ^ _11578_/X (sky130_fd_sc_hd__xor2_1)
                                                         _05439_ (net)
                      0.179895    0.000208    7.089466 ^ _11582_/A2 (sky130_fd_sc_hd__a21o_1)
     6    0.017010    0.115538    0.147763    7.237229 ^ _11582_/X (sky130_fd_sc_hd__a21o_1)
                                                         _05443_ (net)
                      0.115539    0.000572    7.237800 ^ _11595_/A1 (sky130_fd_sc_hd__a21o_1)
     3    0.009170    0.066359    0.103716    7.341516 ^ _11595_/X (sky130_fd_sc_hd__a21o_1)
                                                         _05456_ (net)
                      0.066359    0.000197    7.341714 ^ _11604_/A1 (sky130_fd_sc_hd__a21o_1)
     4    0.012688    0.087992    0.113006    7.454720 ^ _11604_/X (sky130_fd_sc_hd__a21o_1)
                                                         _05465_ (net)
                      0.087992    0.000381    7.455101 ^ fanout207/A (sky130_fd_sc_hd__clkbuf_4)
    10    0.042075    0.100890    0.152902    7.608003 ^ fanout207/X (sky130_fd_sc_hd__clkbuf_4)
                                                         net207 (net)
                      0.101012    0.002337    7.610339 ^ _11607_/C_N (sky130_fd_sc_hd__or3b_1)
     2    0.006147    0.055813    0.214701    7.825040 v _11607_/X (sky130_fd_sc_hd__or3b_1)
                                                         _05468_ (net)
                      0.055813    0.000131    7.825172 v _11609_/B2 (sky130_fd_sc_hd__a2bb2o_1)
     3    0.009494    0.057886    0.178275    8.003447 v _11609_/X (sky130_fd_sc_hd__a2bb2o_1)
                                                         _05470_ (net)
                      0.057887    0.000341    8.003788 v _11620_/A1 (sky130_fd_sc_hd__a211o_1)
     2    0.010465    0.058315    0.192663    8.196451 v _11620_/X (sky130_fd_sc_hd__a211o_1)
                                                         _05481_ (net)
                      0.058315    0.000301    8.196752 v _11636_/A1 (sky130_fd_sc_hd__a21o_2)
    10    0.035383    0.077854    0.179739    8.376491 v _11636_/X (sky130_fd_sc_hd__a21o_2)
                                                         _05497_ (net)
                      0.077864    0.000917    8.377407 v _11645_/A1 (sky130_fd_sc_hd__a211o_1)
     2    0.011502    0.061055    0.203043    8.580450 v _11645_/X (sky130_fd_sc_hd__a211o_1)
                                                         _05506_ (net)
                      0.061056    0.000376    8.580826 v _11651_/A (sky130_fd_sc_hd__xnor2_2)
     4    0.012436    0.057917    0.116925    8.697751 v _11651_/Y (sky130_fd_sc_hd__xnor2_2)
                                                         _05512_ (net)
                      0.057918    0.000249    8.698000 v _11659_/B (sky130_fd_sc_hd__or3_2)
     4    0.015708    0.079018    0.300240    8.998240 v _11659_/X (sky130_fd_sc_hd__or3_2)
                                                         _05520_ (net)
                      0.079019    0.000404    8.998644 v _11678_/A (sky130_fd_sc_hd__or4bb_2)
     5    0.019851    0.100230    0.422068    9.420712 v _11678_/X (sky130_fd_sc_hd__or4bb_2)
                                                         _05539_ (net)
                      0.100231    0.000452    9.421164 v _11684_/D (sky130_fd_sc_hd__and4_1)
     2    0.004640    0.034214    0.158299    9.579463 v _11684_/X (sky130_fd_sc_hd__and4_1)
                                                         _05545_ (net)
                      0.034214    0.000123    9.579586 v _11686_/C (sky130_fd_sc_hd__or3_1)
     3    0.009698    0.069414    0.205021    9.784607 v _11686_/X (sky130_fd_sc_hd__or3_1)
                                                         _05547_ (net)
                      0.069414    0.000253    9.784861 v _11688_/A1 (sky130_fd_sc_hd__a21bo_1)
     5    0.014006    0.056884    0.149893    9.934752 v _11688_/X (sky130_fd_sc_hd__a21bo_1)
                                                         _05549_ (net)
                      0.056887    0.000468    9.935221 v _11710_/A1 (sky130_fd_sc_hd__a311o_2)
     4    0.016728    0.064966    0.232394   10.167615 v _11710_/X (sky130_fd_sc_hd__a311o_2)
                                                         _05571_ (net)
                      0.064997    0.000284   10.167899 v _11719_/A1 (sky130_fd_sc_hd__a21o_1)
     6    0.017995    0.066745    0.150012   10.317910 v _11719_/X (sky130_fd_sc_hd__a21o_1)
                                                         _05580_ (net)
                      0.066748    0.000488   10.318398 v _11737_/C (sky130_fd_sc_hd__and3_1)
     3    0.008189    0.043263    0.143404   10.461802 v _11737_/X (sky130_fd_sc_hd__and3_1)
                                                         _05598_ (net)
                      0.043263    0.000173   10.461976 v _11746_/B (sky130_fd_sc_hd__or4_1)
     2    0.006094    0.067309    0.302939   10.764915 v _11746_/X (sky130_fd_sc_hd__or4_1)
                                                         _05607_ (net)
                      0.067309    0.000152   10.765066 v _11750_/C (sky130_fd_sc_hd__or4_1)
     1    0.005357    0.064310    0.283462   11.048529 v _11750_/X (sky130_fd_sc_hd__or4_1)
                                                         _05611_ (net)
                      0.064310    0.000151   11.048679 v _11751_/B1 (sky130_fd_sc_hd__a21o_1)
     7    0.021135    0.075861    0.127010   11.175690 v _11751_/X (sky130_fd_sc_hd__a21o_1)
                                                         _05612_ (net)
                      0.075870    0.000811   11.176501 v _11762_/A1 (sky130_fd_sc_hd__a21oi_1)
     3    0.009054    0.160670    0.158767   11.335268 ^ _11762_/Y (sky130_fd_sc_hd__a21oi_1)
                                                         _05623_ (net)
                      0.160670    0.000225   11.335493 ^ _11766_/B (sky130_fd_sc_hd__xor2_1)
     3    0.011606    0.194030    0.177291   11.512784 ^ _11766_/X (sky130_fd_sc_hd__xor2_1)
                                                         _05627_ (net)
                      0.194031    0.000417   11.513201 ^ _11768_/A2 (sky130_fd_sc_hd__a21o_1)
     6    0.017467    0.118400    0.150578   11.663778 ^ _11768_/X (sky130_fd_sc_hd__a21o_1)
                                                         _05629_ (net)
                      0.118400    0.000405   11.664184 ^ _11779_/A1 (sky130_fd_sc_hd__a21oi_1)
     4    0.012244    0.073761    0.082242   11.746426 v _11779_/Y (sky130_fd_sc_hd__a21oi_1)
                                                         _05640_ (net)
                      0.073761    0.000200   11.746625 v _11788_/A1 (sky130_fd_sc_hd__o21bai_1)
     2    0.006966    0.126008    0.142287   11.888912 ^ _11788_/Y (sky130_fd_sc_hd__o21bai_1)
                                                         _05649_ (net)
                      0.126008    0.000222   11.889134 ^ fanout129/A (sky130_fd_sc_hd__buf_2)
    10    0.040449    0.150013    0.174643   12.063777 ^ fanout129/X (sky130_fd_sc_hd__buf_2)
                                                         net129 (net)
                      0.150020    0.000905   12.064682 ^ _11814_/D (sky130_fd_sc_hd__and4_1)
     3    0.008986    0.077405    0.154660   12.219342 ^ _11814_/X (sky130_fd_sc_hd__and4_1)
                                                         _05675_ (net)
                      0.077405    0.000226   12.219569 ^ _11816_/S (sky130_fd_sc_hd__mux2_1)
     4    0.013650    0.076809    0.233274   12.452843 v _11816_/X (sky130_fd_sc_hd__mux2_1)
                                                         _05677_ (net)
                      0.076809    0.000284   12.453127 v _11820_/C (sky130_fd_sc_hd__or4b_1)
     1    0.003385    0.055913    0.273634   12.726761 v _11820_/X (sky130_fd_sc_hd__or4b_1)
                                                         _05681_ (net)
                      0.055913    0.000106   12.726866 v _11821_/B1 (sky130_fd_sc_hd__a21o_2)
     9    0.030751    0.070004    0.135608   12.862474 v _11821_/X (sky130_fd_sc_hd__a21o_2)
                                                         _05682_ (net)
                      0.070021    0.001056   12.863530 v _11837_/B (sky130_fd_sc_hd__and3_1)
     2    0.003457    0.029549    0.118376   12.981907 v _11837_/X (sky130_fd_sc_hd__and3_1)
                                                         _05698_ (net)
                      0.029549    0.000049   12.981956 v _11839_/C (sky130_fd_sc_hd__or3_1)
     3    0.009398    0.068649    0.202326   13.184281 v _11839_/X (sky130_fd_sc_hd__or3_1)
                                                         _05700_ (net)
                      0.068649    0.000253   13.184535 v _11842_/A1 (sky130_fd_sc_hd__a21bo_1)
     6    0.021064    0.077044    0.166941   13.351476 v _11842_/X (sky130_fd_sc_hd__a21bo_1)
                                                         _05703_ (net)
                      0.077051    0.000728   13.352204 v _11856_/A1 (sky130_fd_sc_hd__a211o_1)
     3    0.010175    0.057830    0.198414   13.550618 v _11856_/X (sky130_fd_sc_hd__a211o_1)
                                                         _05717_ (net)
                      0.057830    0.000248   13.550866 v _11863_/A1 (sky130_fd_sc_hd__a21o_1)
     2    0.007475    0.037743    0.119826   13.670691 v _11863_/X (sky130_fd_sc_hd__a21o_1)
                                                         _05724_ (net)
                      0.037744    0.000227   13.670919 v fanout127/A (sky130_fd_sc_hd__buf_2)
    10    0.033988    0.062431    0.119818   13.790737 v fanout127/X (sky130_fd_sc_hd__buf_2)
                                                         net127 (net)
                      0.062456    0.001173   13.791910 v _11879_/B (sky130_fd_sc_hd__xnor2_2)
     3    0.015315    0.177371    0.162884   13.954794 ^ _11879_/Y (sky130_fd_sc_hd__xnor2_2)
                                                         _05740_ (net)
                      0.177371    0.000347   13.955141 ^ _11883_/A2 (sky130_fd_sc_hd__o211a_1)
     3    0.012988    0.088554    0.136350   14.091491 ^ _11883_/X (sky130_fd_sc_hd__o211a_1)
                                                         _05744_ (net)
                      0.088554    0.000413   14.091904 ^ _11884_/C_N (sky130_fd_sc_hd__or4bb_2)
     4    0.012172    0.084196    0.378150   14.470054 v _11884_/X (sky130_fd_sc_hd__or4bb_2)
                                                         _05745_ (net)
                      0.084196    0.000278   14.470332 v _11897_/A1 (sky130_fd_sc_hd__a311o_1)
     2    0.007133    0.054674    0.194972   14.665304 v _11897_/X (sky130_fd_sc_hd__a311o_1)
                                                         _05758_ (net)
                      0.054674    0.000159   14.665463 v fanout125/A (sky130_fd_sc_hd__buf_2)
    10    0.035716    0.064878    0.128460   14.793923 v fanout125/X (sky130_fd_sc_hd__buf_2)
                                                         net125 (net)
                      0.064947    0.001890   14.795813 v _11900_/A (sky130_fd_sc_hd__nand2_1)
     3    0.008817    0.071668    0.079099   14.874912 ^ _11900_/Y (sky130_fd_sc_hd__nand2_1)
                                                         _05761_ (net)
                      0.071693    0.000179   14.875091 ^ _11916_/A2_N (sky130_fd_sc_hd__a2bb2o_1)
     3    0.008141    0.053578    0.142792   15.017882 v _11916_/X (sky130_fd_sc_hd__a2bb2o_1)
                                                         _05777_ (net)
                      0.053578    0.000210   15.018092 v _11924_/A (sky130_fd_sc_hd__or4_4)
     6    0.023418    0.081342    0.358712   15.376804 v _11924_/X (sky130_fd_sc_hd__or4_4)
                                                         _05785_ (net)
                      0.081342    0.000547   15.377352 v _11935_/A1 (sky130_fd_sc_hd__a21o_2)
     8    0.030355    0.069333    0.181416   15.558767 v _11935_/X (sky130_fd_sc_hd__a21o_2)
                                                         _05796_ (net)
                      0.069351    0.001075   15.559842 v _11945_/B (sky130_fd_sc_hd__and3_1)
     4    0.017208    0.068420    0.159002   15.718843 v _11945_/X (sky130_fd_sc_hd__and3_1)
                                                         _05806_ (net)
                      0.068420    0.000187   15.719030 v _11960_/B (sky130_fd_sc_hd__or4b_1)
     3    0.011150    0.088171    0.336392   16.055422 v _11960_/X (sky130_fd_sc_hd__or4b_1)
                                                         _05821_ (net)
                      0.088171    0.000346   16.055769 v _11966_/A3 (sky130_fd_sc_hd__a31o_1)
     3    0.015324    0.063610    0.195952   16.251720 v _11966_/X (sky130_fd_sc_hd__a31o_1)
                                                         _05827_ (net)
                      0.063610    0.000261   16.251982 v _11972_/A2 (sky130_fd_sc_hd__a21o_2)
     9    0.032278    0.072478    0.194628   16.446609 v _11972_/X (sky130_fd_sc_hd__a21o_2)
                                                         _05833_ (net)
                      0.072546    0.001995   16.448605 v _11981_/B (sky130_fd_sc_hd__and2_1)
     4    0.008934    0.043139    0.131598   16.580202 v _11981_/X (sky130_fd_sc_hd__and2_1)
                                                         _05842_ (net)
                      0.043139    0.000108   16.580311 v _11989_/B (sky130_fd_sc_hd__or4b_1)
     3    0.014893    0.100357    0.344096   16.924408 v _11989_/X (sky130_fd_sc_hd__or4b_1)
                                                         _05850_ (net)
                      0.100361    0.000734   16.925140 v _12002_/A1 (sky130_fd_sc_hd__a211o_2)
     2    0.020415    0.065653    0.239934   17.165075 v _12002_/X (sky130_fd_sc_hd__a211o_2)
                                                         _05863_ (net)
                      0.065655    0.000433   17.165508 v _12003_/A2 (sky130_fd_sc_hd__a21oi_4)
    10    0.037150    0.216308    0.215023   17.380531 ^ _12003_/Y (sky130_fd_sc_hd__a21oi_4)
                                                         _05864_ (net)
                      0.216335    0.001945   17.382477 ^ _12007_/A_N (sky130_fd_sc_hd__and2b_2)
     3    0.019527    0.052149    0.174884   17.557360 v _12007_/X (sky130_fd_sc_hd__and2b_2)
                                                         _05868_ (net)
                      0.052153    0.000474   17.557835 v _12008_/B (sky130_fd_sc_hd__xor2_2)
     5    0.018515    0.076414    0.121108   17.678944 v _12008_/X (sky130_fd_sc_hd__xor2_2)
                                                         _05869_ (net)
                      0.076417    0.000384   17.679327 v _12011_/B (sky130_fd_sc_hd__or3_1)
     2    0.005786    0.054063    0.222903   17.902229 v _12011_/X (sky130_fd_sc_hd__or3_1)
                                                         _05872_ (net)
                      0.054063    0.000075   17.902304 v _12052_/B (sky130_fd_sc_hd__or4_1)
     1    0.002747    0.052558    0.284764   18.187069 v _12052_/X (sky130_fd_sc_hd__or4_1)
                                                         _05913_ (net)
                      0.052558    0.000082   18.187151 v _12053_/A2 (sky130_fd_sc_hd__a2111o_1)
     1    0.003079    0.041671    0.250182   18.437332 v _12053_/X (sky130_fd_sc_hd__a2111o_1)
                                                         _05914_ (net)
                      0.041671    0.000089   18.437422 v _12054_/B1_N (sky130_fd_sc_hd__a21bo_1)
     2    0.007623    0.055581    0.131365   18.568787 ^ _12054_/X (sky130_fd_sc_hd__a21bo_1)
                                                         _05915_ (net)
                      0.055581    0.000220   18.569006 ^ _12058_/A (sky130_fd_sc_hd__and3_1)
     2    0.006033    0.057732    0.103837   18.672844 ^ _12058_/X (sky130_fd_sc_hd__and3_1)
                                                         _05919_ (net)
                      0.057732    0.000126   18.672970 ^ _12063_/A1 (sky130_fd_sc_hd__a22o_2)
     6    0.028244    0.112948    0.146430   18.819401 ^ _12063_/X (sky130_fd_sc_hd__a22o_2)
                                                         _05924_ (net)
                      0.112951    0.000762   18.820162 ^ _12075_/C_N (sky130_fd_sc_hd__or4bb_1)
     2    0.008904    0.077994    0.307303   19.127464 v _12075_/X (sky130_fd_sc_hd__or4bb_1)
                                                         _05936_ (net)
                      0.077994    0.000215   19.127680 v _12076_/A2 (sky130_fd_sc_hd__a21bo_1)
     3    0.015920    0.062281    0.174387   19.302067 v _12076_/X (sky130_fd_sc_hd__a21bo_1)
                                                         _05937_ (net)
                      0.062281    0.000293   19.302359 v _12079_/B1 (sky130_fd_sc_hd__a2111o_2)
     6    0.018939    0.074325    0.253264   19.555624 v _12079_/X (sky130_fd_sc_hd__a2111o_2)
                                                         _05940_ (net)
                      0.074330    0.000616   19.556240 v _12082_/A1_N (sky130_fd_sc_hd__o2bb2a_1)
     1    0.008943    0.075651    0.187146   19.743385 ^ _12082_/X (sky130_fd_sc_hd__o2bb2a_1)
                                                         _05943_ (net)
                      0.075651    0.000187   19.743572 ^ _12091_/B (sky130_fd_sc_hd__xor2_2)
     3    0.012828    0.056914    0.058945   19.802517 v _12091_/X (sky130_fd_sc_hd__xor2_2)
                                                         _05952_ (net)
                      0.056915    0.000275   19.802794 v _12092_/B (sky130_fd_sc_hd__or2_2)
     6    0.023971    0.074013    0.213301   20.016094 v _12092_/X (sky130_fd_sc_hd__or2_2)
                                                         _05953_ (net)
                      0.074026    0.000998   20.017092 v _12102_/A2 (sky130_fd_sc_hd__o41a_2)
     4    0.023731    0.082703    0.342059   20.359152 v _12102_/X (sky130_fd_sc_hd__o41a_2)
                                                         _05963_ (net)
                      0.082704    0.000449   20.359600 v _12107_/B (sky130_fd_sc_hd__or3b_1)
     3    0.007734    0.062043    0.236533   20.596134 v _12107_/X (sky130_fd_sc_hd__or3b_1)
                                                         _05968_ (net)
                      0.062043    0.000165   20.596298 v _12117_/A2 (sky130_fd_sc_hd__a2111o_1)
     1    0.003665    0.044447    0.257073   20.853371 v _12117_/X (sky130_fd_sc_hd__a2111o_1)
                                                         _05978_ (net)
                      0.044447    0.000114   20.853485 v _12121_/A1 (sky130_fd_sc_hd__a21o_1)
     1    0.005820    0.032814    0.109695   20.963181 v _12121_/X (sky130_fd_sc_hd__a21o_1)
                                                         _05982_ (net)
                      0.032814    0.000199   20.963379 v _12123_/B (sky130_fd_sc_hd__xor2_1)
     3    0.011563    0.193387    0.171521   21.134901 ^ _12123_/X (sky130_fd_sc_hd__xor2_1)
                                                         _05984_ (net)
                      0.193389    0.000494   21.135395 ^ _12128_/A (sky130_fd_sc_hd__nand2_1)
     2    0.006436    0.062235    0.053031   21.188425 v _12128_/Y (sky130_fd_sc_hd__nand2_1)
                                                         _05989_ (net)
                      0.062236    0.000178   21.188604 v _12134_/A2 (sky130_fd_sc_hd__o2111a_1)
     4    0.013466    0.063309    0.191523   21.380127 v _12134_/X (sky130_fd_sc_hd__o2111a_1)
                                                         _05995_ (net)
                      0.063309    0.000249   21.380375 v _12141_/A (sky130_fd_sc_hd__or4b_4)
     4    0.020187    0.078526    0.358968   21.739344 v _12141_/X (sky130_fd_sc_hd__or4b_4)
                                                         _06002_ (net)
                      0.078526    0.000423   21.739767 v _12145_/A1 (sky130_fd_sc_hd__a21oi_4)
     6    0.037775    0.219487    0.209599   21.949366 ^ _12145_/Y (sky130_fd_sc_hd__a21oi_4)
                                                         _06006_ (net)
                      0.219496    0.001155   21.950520 ^ _12146_/B (sky130_fd_sc_hd__xnor2_4)
     5    0.024317    0.074694    0.072980   22.023500 v _12146_/Y (sky130_fd_sc_hd__xnor2_4)
                                                         _06007_ (net)
                      0.074723    0.000499   22.024000 v _12157_/A2 (sky130_fd_sc_hd__o32a_1)
     4    0.012922    0.068786    0.239208   22.263206 v _12157_/X (sky130_fd_sc_hd__o32a_1)
                                                         _06018_ (net)
                      0.068786    0.000258   22.263464 v _12160_/A2 (sky130_fd_sc_hd__a21o_1)
     4    0.013654    0.054400    0.156620   22.420084 v _12160_/X (sky130_fd_sc_hd__a21o_1)
                                                         _06021_ (net)
                      0.054400    0.000265   22.420349 v _12161_/B2 (sky130_fd_sc_hd__a2bb2o_1)
     1    0.009866    0.058420    0.179305   22.599655 v _12161_/X (sky130_fd_sc_hd__a2bb2o_1)
                                                         _06022_ (net)
                      0.058420    0.000263   22.599916 v _12162_/B (sky130_fd_sc_hd__xnor2_2)
     4    0.014294    0.058172    0.111504   22.711420 v _12162_/Y (sky130_fd_sc_hd__xnor2_2)
                                                         _06023_ (net)
                      0.058196    0.000391   22.711811 v _12170_/A1 (sky130_fd_sc_hd__o31a_1)
     6    0.017820    0.077661    0.236831   22.948643 v _12170_/X (sky130_fd_sc_hd__o31a_1)
                                                         _06031_ (net)
                      0.077661    0.000291   22.948935 v _12175_/A3 (sky130_fd_sc_hd__o31a_1)
     1    0.008049    0.050778    0.177181   23.126116 v _12175_/X (sky130_fd_sc_hd__o31a_1)
                                                         _06036_ (net)
                      0.050778    0.000162   23.126276 v _12176_/B (sky130_fd_sc_hd__xor2_2)
     5    0.017807    0.077843    0.119591   23.245869 v _12176_/X (sky130_fd_sc_hd__xor2_2)
                                                         _06037_ (net)
                      0.077846    0.000414   23.246283 v _12184_/A1 (sky130_fd_sc_hd__a21oi_1)
     2    0.011642    0.196355    0.185109   23.431391 ^ _12184_/Y (sky130_fd_sc_hd__a21oi_1)
                                                         _06045_ (net)
                      0.196355    0.000199   23.431589 ^ _12187_/A1 (sky130_fd_sc_hd__a21oi_2)
     6    0.022243    0.085186    0.081879   23.513470 v _12187_/Y (sky130_fd_sc_hd__a21oi_2)
                                                         _06048_ (net)
                      0.085190    0.000524   23.513992 v _12189_/C (sky130_fd_sc_hd__or3_1)
     2    0.005388    0.052785    0.200462   23.714455 v _12189_/X (sky130_fd_sc_hd__or3_1)
                                                         _06050_ (net)
                      0.052785    0.000082   23.714537 v _12192_/B1 (sky130_fd_sc_hd__a2bb2o_1)
     4    0.010934    0.061298    0.204935   23.919472 v _12192_/X (sky130_fd_sc_hd__a2bb2o_1)
                                                         _06053_ (net)
                      0.061298    0.000236   23.919708 v _12196_/B (sky130_fd_sc_hd__and3_1)
     2    0.004986    0.033757    0.120131   24.039839 v _12196_/X (sky130_fd_sc_hd__and3_1)
                                                         _06057_ (net)
                      0.033757    0.000115   24.039955 v _12198_/C (sky130_fd_sc_hd__or3_1)
     3    0.010596    0.071685    0.209196   24.249151 v _12198_/X (sky130_fd_sc_hd__or3_1)
                                                         _06059_ (net)
                      0.071685    0.000234   24.249386 v _12202_/A1 (sky130_fd_sc_hd__a21o_1)
     4    0.014504    0.056848    0.143961   24.393347 v _12202_/X (sky130_fd_sc_hd__a21o_1)
                                                         _06063_ (net)
                      0.056848    0.000254   24.393600 v _12203_/B (sky130_fd_sc_hd__and2b_1)
     1    0.004639    0.030114    0.111266   24.504866 v _12203_/X (sky130_fd_sc_hd__and2b_1)
                                                         _06064_ (net)
                      0.030114    0.000091   24.504957 v _12206_/B (sky130_fd_sc_hd__xnor2_1)
     2    0.005978    0.044906    0.086285   24.591242 v _12206_/Y (sky130_fd_sc_hd__xnor2_1)
                                                         _06066_ (net)
                      0.044906    0.000144   24.591385 v _12236_/A1 (sky130_fd_sc_hd__mux2_1)
     1    0.002443    0.036643    0.147983   24.739368 v _12236_/X (sky130_fd_sc_hd__mux2_1)
                                                         _01302_ (net)
                      0.036643    0.000071   24.739439 v _13777_/D (sky130_fd_sc_hd__dfxtp_1)
                                             24.739439   data arrival time

                                100.000000  100.000000   clock clk (rise edge)
                                  0.000000  100.000000   clock source latency
     2    0.074179    0.251422    0.183206  100.183205 ^ clk (in)
                                                         clk (net)
                      0.253815    0.000000  100.183205 ^ clkbuf_0_clk/A (sky130_fd_sc_hd__clkbuf_16)
    17    0.215442    0.176340    0.227907  100.411110 ^ clkbuf_0_clk/X (sky130_fd_sc_hd__clkbuf_16)
                                                         clknet_0_clk (net)
                      0.177391    0.010964  100.422073 ^ clkbuf_3_6_0_clk/A (sky130_fd_sc_hd__clkbuf_8)
     5    0.044139    0.068203    0.142144  100.564217 ^ clkbuf_3_6_0_clk/X (sky130_fd_sc_hd__clkbuf_8)
                                                         clknet_3_6_0_clk (net)
                      0.068464    0.003013  100.567230 ^ clkbuf_4_12__f_clk/A (sky130_fd_sc_hd__clkbuf_16)
    13    0.077387    0.072409    0.127166  100.694397 ^ clkbuf_4_12__f_clk/X (sky130_fd_sc_hd__clkbuf_16)
                                                         clknet_4_12__leaf_clk (net)
                      0.072640    0.003240  100.697639 ^ clkbuf_leaf_54_clk/A (sky130_fd_sc_hd__clkbuf_8)
    22    0.073421    0.102240    0.146819  100.844452 ^ clkbuf_leaf_54_clk/X (sky130_fd_sc_hd__clkbuf_8)
                                                         clknet_leaf_54_clk (net)
                      0.102392    0.003219  100.847672 ^ _13777_/CLK (sky130_fd_sc_hd__dfxtp_1)
                                 -0.250000  100.597679   clock uncertainty
                                  0.000000  100.597679   clock reconvergence pessimism
                                 -0.064882  100.532799   library setup time
                                            100.532799   data required time
---------------------------------------------------------------------------------------------
                                            100.532799   data required time
                                            -24.739439   data arrival time
---------------------------------------------------------------------------------------------
                                             75.793358   slack (MET)




===========================================================================
report_checks --slack_max -0.01
============================================================================
======================= nom_ff_n40C_1v95 Corner ===================================

No paths found.


===========================================================================
 report_check_types -max_slew -max_cap -max_fanout -violators
============================================================================
======================= nom_ff_n40C_1v95 Corner ===================================

max fanout

Pin                                   Limit Fanout  Slack
---------------------------------------------------------
clkbuf_leaf_89_clk/X                     10     51    -41 (VIOLATED)
clkbuf_leaf_42_clk/X                     10     45    -35 (VIOLATED)
clkbuf_leaf_116_clk/X                    10     37    -27 (VIOLATED)
clkbuf_leaf_75_clk/X                     10     35    -25 (VIOLATED)
clkbuf_leaf_53_clk/X                     10     25    -15 (VIOLATED)
clkbuf_leaf_78_clk/X                     10     25    -15 (VIOLATED)
clkbuf_leaf_90_clk/X                     10     24    -14 (VIOLATED)
clkbuf_leaf_54_clk/X                     10     22    -12 (VIOLATED)
fanout911/X                              10     22    -12 (VIOLATED)
_07405_/X                                10     21    -11 (VIOLATED)
_12452_/Q                                10     21    -11 (VIOLATED)
_12453_/Q                                10     21    -11 (VIOLATED)
_13736_/Q                                10     21    -11 (VIOLATED)
clkbuf_4_3__f_clk/X                      10     21    -11 (VIOLATED)
clkbuf_leaf_115_clk/X                    10     21    -11 (VIOLATED)
fanout1007/X                             10     21    -11 (VIOLATED)
fanout1061/X                             10     21    -11 (VIOLATED)
fanout1078/X                             10     21    -11 (VIOLATED)
fanout1079/X                             10     21    -11 (VIOLATED)
fanout131/X                              10     21    -11 (VIOLATED)
fanout133/X                              10     21    -11 (VIOLATED)
fanout135/X                              10     21    -11 (VIOLATED)
fanout137/X                              10     21    -11 (VIOLATED)
fanout205/X                              10     21    -11 (VIOLATED)
fanout245/X                              10     21    -11 (VIOLATED)
fanout281/X                              10     21    -11 (VIOLATED)
fanout283/X                              10     21    -11 (VIOLATED)
fanout284/X                              10     21    -11 (VIOLATED)
fanout285/X                              10     21    -11 (VIOLATED)
fanout286/X                              10     21    -11 (VIOLATED)
fanout297/X                              10     21    -11 (VIOLATED)
fanout301/X                              10     21    -11 (VIOLATED)
fanout302/X                              10     21    -11 (VIOLATED)
fanout307/X                              10     21    -11 (VIOLATED)
fanout308/X                              10     21    -11 (VIOLATED)
fanout320/X                              10     21    -11 (VIOLATED)
fanout325/X                              10     21    -11 (VIOLATED)
fanout356/X                              10     21    -11 (VIOLATED)
fanout370/X                              10     21    -11 (VIOLATED)
fanout372/X                              10     21    -11 (VIOLATED)
fanout374/X                              10     21    -11 (VIOLATED)
fanout376/X                              10     21    -11 (VIOLATED)
fanout378/X                              10     21    -11 (VIOLATED)
fanout380/X                              10     21    -11 (VIOLATED)
fanout382/X                              10     21    -11 (VIOLATED)
fanout384/X                              10     21    -11 (VIOLATED)
fanout386/X                              10     21    -11 (VIOLATED)
fanout388/X                              10     21    -11 (VIOLATED)
fanout390/X                              10     21    -11 (VIOLATED)
fanout392/X                              10     21    -11 (VIOLATED)
fanout394/X                              10     21    -11 (VIOLATED)
fanout396/X                              10     21    -11 (VIOLATED)
fanout398/X                              10     21    -11 (VIOLATED)
fanout406/X                              10     21    -11 (VIOLATED)
fanout407/X                              10     21    -11 (VIOLATED)
fanout408/X                              10     21    -11 (VIOLATED)
fanout410/X                              10     21    -11 (VIOLATED)
fanout412/X                              10     21    -11 (VIOLATED)
fanout414/X                              10     21    -11 (VIOLATED)
fanout416/X                              10     21    -11 (VIOLATED)
fanout418/X                              10     21    -11 (VIOLATED)
fanout420/X                              10     21    -11 (VIOLATED)
fanout422/X                              10     21    -11 (VIOLATED)
fanout424/X                              10     21    -11 (VIOLATED)
fanout426/X                              10     21    -11 (VIOLATED)
fanout428/X                              10     21    -11 (VIOLATED)
fanout430/X                              10     21    -11 (VIOLATED)
fanout431/X                              10     21    -11 (VIOLATED)
fanout432/X                              10     21    -11 (VIOLATED)
fanout434/X                              10     21    -11 (VIOLATED)
fanout436/X                              10     21    -11 (VIOLATED)
fanout438/X                              10     21    -11 (VIOLATED)
fanout440/X                              10     21    -11 (VIOLATED)
fanout442/X                              10     21    -11 (VIOLATED)
fanout444/X                              10     21    -11 (VIOLATED)
fanout446/X                              10     21    -11 (VIOLATED)
fanout448/X                              10     21    -11 (VIOLATED)
fanout450/X                              10     21    -11 (VIOLATED)
fanout452/X                              10     21    -11 (VIOLATED)
fanout454/X                              10     21    -11 (VIOLATED)
fanout456/X                              10     21    -11 (VIOLATED)
fanout457/X                              10     21    -11 (VIOLATED)
fanout458/X                              10     21    -11 (VIOLATED)
fanout459/X                              10     21    -11 (VIOLATED)
fanout461/X                              10     21    -11 (VIOLATED)
fanout462/X                              10     21    -11 (VIOLATED)
fanout463/X                              10     21    -11 (VIOLATED)
fanout465/X                              10     21    -11 (VIOLATED)
fanout468/X                              10     21    -11 (VIOLATED)
fanout470/X                              10     21    -11 (VIOLATED)
fanout472/X                              10     21    -11 (VIOLATED)
fanout473/X                              10     21    -11 (VIOLATED)
fanout474/X                              10     21    -11 (VIOLATED)
fanout475/X                              10     21    -11 (VIOLATED)
fanout476/X                              10     21    -11 (VIOLATED)
fanout477/X                              10     21    -11 (VIOLATED)
fanout481/X                              10     21    -11 (VIOLATED)
fanout483/X                              10     21    -11 (VIOLATED)
fanout485/X                              10     21    -11 (VIOLATED)
fanout487/X                              10     21    -11 (VIOLATED)
fanout489/X                              10     21    -11 (VIOLATED)
fanout491/X                              10     21    -11 (VIOLATED)
fanout493/X                              10     21    -11 (VIOLATED)
fanout495/X                              10     21    -11 (VIOLATED)
fanout497/X                              10     21    -11 (VIOLATED)
fanout498/X                              10     21    -11 (VIOLATED)
fanout499/X                              10     21    -11 (VIOLATED)
fanout501/X                              10     21    -11 (VIOLATED)
fanout503/X                              10     21    -11 (VIOLATED)
fanout505/X                              10     21    -11 (VIOLATED)
fanout507/X                              10     21    -11 (VIOLATED)
fanout509/X                              10     21    -11 (VIOLATED)
fanout511/X                              10     21    -11 (VIOLATED)
fanout513/X                              10     21    -11 (VIOLATED)
fanout515/X                              10     21    -11 (VIOLATED)
fanout517/X                              10     21    -11 (VIOLATED)
fanout519/X                              10     21    -11 (VIOLATED)
fanout521/X                              10     21    -11 (VIOLATED)
fanout523/X                              10     21    -11 (VIOLATED)
fanout525/X                              10     21    -11 (VIOLATED)
fanout526/X                              10     21    -11 (VIOLATED)
fanout527/X                              10     21    -11 (VIOLATED)
fanout529/X                              10     21    -11 (VIOLATED)
fanout530/X                              10     21    -11 (VIOLATED)
fanout531/X                              10     21    -11 (VIOLATED)
fanout533/X                              10     21    -11 (VIOLATED)
fanout535/X                              10     21    -11 (VIOLATED)
fanout537/X                              10     21    -11 (VIOLATED)
fanout538/X                              10     21    -11 (VIOLATED)
fanout539/X                              10     21    -11 (VIOLATED)
fanout540/X                              10     21    -11 (VIOLATED)
fanout542/X                              10     21    -11 (VIOLATED)
fanout544/X                              10     21    -11 (VIOLATED)
fanout546/X                              10     21    -11 (VIOLATED)
fanout548/X                              10     21    -11 (VIOLATED)
fanout550/X                              10     21    -11 (VIOLATED)
fanout552/X                              10     21    -11 (VIOLATED)
fanout554/X                              10     21    -11 (VIOLATED)
fanout556/X                              10     21    -11 (VIOLATED)
fanout558/X                              10     21    -11 (VIOLATED)
fanout560/X                              10     21    -11 (VIOLATED)
fanout562/X                              10     21    -11 (VIOLATED)
fanout564/X                              10     21    -11 (VIOLATED)
fanout565/X                              10     21    -11 (VIOLATED)
fanout566/X                              10     21    -11 (VIOLATED)
fanout568/X                              10     21    -11 (VIOLATED)
fanout570/X                              10     21    -11 (VIOLATED)
fanout572/X                              10     21    -11 (VIOLATED)
fanout574/X                              10     21    -11 (VIOLATED)
fanout576/X                              10     21    -11 (VIOLATED)
fanout578/X                              10     21    -11 (VIOLATED)
fanout580/X                              10     21    -11 (VIOLATED)
fanout582/X                              10     21    -11 (VIOLATED)
fanout584/X                              10     21    -11 (VIOLATED)
fanout585/X                              10     21    -11 (VIOLATED)
fanout586/X                              10     21    -11 (VIOLATED)
fanout588/X                              10     21    -11 (VIOLATED)
fanout590/X                              10     21    -11 (VIOLATED)
fanout592/X                              10     21    -11 (VIOLATED)
fanout594/X                              10     21    -11 (VIOLATED)
fanout596/X                              10     21    -11 (VIOLATED)
fanout598/X                              10     21    -11 (VIOLATED)
fanout600/X                              10     21    -11 (VIOLATED)
fanout602/X                              10     21    -11 (VIOLATED)
fanout604/X                              10     21    -11 (VIOLATED)
fanout606/X                              10     21    -11 (VIOLATED)
fanout608/X                              10     21    -11 (VIOLATED)
fanout610/X                              10     21    -11 (VIOLATED)
fanout621/X                              10     21    -11 (VIOLATED)
fanout622/X                              10     21    -11 (VIOLATED)
fanout623/X                              10     21    -11 (VIOLATED)
fanout625/X                              10     21    -11 (VIOLATED)
fanout627/X                              10     21    -11 (VIOLATED)
fanout628/X                              10     21    -11 (VIOLATED)
fanout629/X                              10     21    -11 (VIOLATED)
fanout631/X                              10     21    -11 (VIOLATED)
fanout633/X                              10     21    -11 (VIOLATED)
fanout635/X                              10     21    -11 (VIOLATED)
fanout637/X                              10     21    -11 (VIOLATED)
fanout639/X                              10     21    -11 (VIOLATED)
fanout641/X                              10     21    -11 (VIOLATED)
fanout643/X                              10     21    -11 (VIOLATED)
fanout645/X                              10     21    -11 (VIOLATED)
fanout647/X                              10     21    -11 (VIOLATED)
fanout649/X                              10     21    -11 (VIOLATED)
fanout651/X                              10     21    -11 (VIOLATED)
fanout653/X                              10     21    -11 (VIOLATED)
fanout655/X                              10     21    -11 (VIOLATED)
fanout657/X                              10     21    -11 (VIOLATED)
fanout659/X                              10     21    -11 (VIOLATED)
fanout661/X                              10     21    -11 (VIOLATED)
fanout663/X                              10     21    -11 (VIOLATED)
fanout665/X                              10     21    -11 (VIOLATED)
fanout667/X                              10     21    -11 (VIOLATED)
fanout669/X                              10     21    -11 (VIOLATED)
fanout671/X                              10     21    -11 (VIOLATED)
fanout673/X                              10     21    -11 (VIOLATED)
fanout675/X                              10     21    -11 (VIOLATED)
fanout677/X                              10     21    -11 (VIOLATED)
fanout679/X                              10     21    -11 (VIOLATED)
fanout681/X                              10     21    -11 (VIOLATED)
fanout683/X                              10     21    -11 (VIOLATED)
fanout685/X                              10     21    -11 (VIOLATED)
fanout687/X                              10     21    -11 (VIOLATED)
fanout689/X                              10     21    -11 (VIOLATED)
fanout691/X                              10     21    -11 (VIOLATED)
fanout693/X                              10     21    -11 (VIOLATED)
fanout695/X                              10     21    -11 (VIOLATED)
fanout697/X                              10     21    -11 (VIOLATED)
fanout699/X                              10     21    -11 (VIOLATED)
fanout701/X                              10     21    -11 (VIOLATED)
fanout703/X                              10     21    -11 (VIOLATED)
fanout705/X                              10     21    -11 (VIOLATED)
fanout707/X                              10     21    -11 (VIOLATED)
fanout708/X                              10     21    -11 (VIOLATED)
fanout709/X                              10     21    -11 (VIOLATED)
fanout711/X                              10     21    -11 (VIOLATED)
fanout713/X                              10     21    -11 (VIOLATED)
fanout715/X                              10     21    -11 (VIOLATED)
fanout717/X                              10     21    -11 (VIOLATED)
fanout719/X                              10     21    -11 (VIOLATED)
fanout721/X                              10     21    -11 (VIOLATED)
fanout723/X                              10     21    -11 (VIOLATED)
fanout724/X                              10     21    -11 (VIOLATED)
fanout725/X                              10     21    -11 (VIOLATED)
fanout726/X                              10     21    -11 (VIOLATED)
fanout728/X                              10     21    -11 (VIOLATED)
fanout730/X                              10     21    -11 (VIOLATED)
fanout731/X                              10     21    -11 (VIOLATED)
fanout732/X                              10     21    -11 (VIOLATED)
fanout734/X                              10     21    -11 (VIOLATED)
fanout736/X                              10     21    -11 (VIOLATED)
fanout738/X                              10     21    -11 (VIOLATED)
fanout740/X                              10     21    -11 (VIOLATED)
fanout742/X                              10     21    -11 (VIOLATED)
fanout748/X                              10     21    -11 (VIOLATED)
fanout750/X                              10     21    -11 (VIOLATED)
fanout752/X                              10     21    -11 (VIOLATED)
fanout754/X                              10     21    -11 (VIOLATED)
fanout756/X                              10     21    -11 (VIOLATED)
fanout758/X                              10     21    -11 (VIOLATED)
fanout760/X                              10     21    -11 (VIOLATED)
fanout762/X                              10     21    -11 (VIOLATED)
fanout764/X                              10     21    -11 (VIOLATED)
fanout766/X                              10     21    -11 (VIOLATED)
fanout768/X                              10     21    -11 (VIOLATED)
fanout770/X                              10     21    -11 (VIOLATED)
fanout771/X                              10     21    -11 (VIOLATED)
fanout772/X                              10     21    -11 (VIOLATED)
fanout774/X                              10     21    -11 (VIOLATED)
fanout776/X                              10     21    -11 (VIOLATED)
fanout778/X                              10     21    -11 (VIOLATED)
fanout780/X                              10     21    -11 (VIOLATED)
fanout782/X                              10     21    -11 (VIOLATED)
fanout784/X                              10     21    -11 (VIOLATED)
fanout786/X                              10     21    -11 (VIOLATED)
fanout788/X                              10     21    -11 (VIOLATED)
fanout789/X                              10     21    -11 (VIOLATED)
fanout790/X                              10     21    -11 (VIOLATED)
fanout792/X                              10     21    -11 (VIOLATED)
fanout794/X                              10     21    -11 (VIOLATED)
fanout800/X                              10     21    -11 (VIOLATED)
fanout802/X                              10     21    -11 (VIOLATED)
fanout804/X                              10     21    -11 (VIOLATED)
fanout806/X                              10     21    -11 (VIOLATED)
fanout816/X                              10     21    -11 (VIOLATED)
fanout817/X                              10     21    -11 (VIOLATED)
fanout818/X                              10     21    -11 (VIOLATED)
fanout820/X                              10     21    -11 (VIOLATED)
fanout821/X                              10     21    -11 (VIOLATED)
fanout822/X                              10     21    -11 (VIOLATED)
fanout825/X                              10     21    -11 (VIOLATED)
fanout826/X                              10     21    -11 (VIOLATED)
fanout828/X                              10     21    -11 (VIOLATED)
fanout829/X                              10     21    -11 (VIOLATED)
fanout831/X                              10     21    -11 (VIOLATED)
fanout838/X                              10     21    -11 (VIOLATED)
fanout840/X                              10     21    -11 (VIOLATED)
fanout849/X                              10     21    -11 (VIOLATED)
fanout853/X                              10     21    -11 (VIOLATED)
fanout867/X                              10     21    -11 (VIOLATED)
fanout868/X                              10     21    -11 (VIOLATED)
fanout873/X                              10     21    -11 (VIOLATED)
fanout876/X                              10     21    -11 (VIOLATED)
fanout877/X                              10     21    -11 (VIOLATED)
fanout884/X                              10     21    -11 (VIOLATED)
fanout890/X                              10     21    -11 (VIOLATED)
fanout897/X                              10     21    -11 (VIOLATED)
fanout902/X                              10     21    -11 (VIOLATED)
fanout904/X                              10     21    -11 (VIOLATED)
fanout905/X                              10     21    -11 (VIOLATED)
fanout910/X                              10     21    -11 (VIOLATED)
fanout915/X                              10     21    -11 (VIOLATED)
fanout918/X                              10     21    -11 (VIOLATED)
fanout924/X                              10     21    -11 (VIOLATED)
fanout925/X                              10     21    -11 (VIOLATED)
fanout932/X                              10     21    -11 (VIOLATED)
clkbuf_leaf_93_clk/X                     10     20    -10 (VIOLATED)
_06515_/X                                10     19     -9 (VIOLATED)
_07249_/Y                                10     19     -9 (VIOLATED)
_07401_/X                                10     19     -9 (VIOLATED)
_07500_/Y                                10     19     -9 (VIOLATED)
_12461_/Q                                10     19     -9 (VIOLATED)
_12547_/Q                                10     19     -9 (VIOLATED)
_13735_/Q                                10     19     -9 (VIOLATED)
clkbuf_4_14__f_clk/X                     10     19     -9 (VIOLATED)
clkbuf_4_15__f_clk/X                     10     19     -9 (VIOLATED)
clkbuf_4_2__f_clk/X                      10     19     -9 (VIOLATED)
clkbuf_4_6__f_clk/X                      10     19     -9 (VIOLATED)
clkbuf_leaf_117_clk/X                    10     19     -9 (VIOLATED)
clkbuf_leaf_118_clk/X                    10     19     -9 (VIOLATED)
clkbuf_leaf_26_clk/X                     10     19     -9 (VIOLATED)
clkbuf_leaf_65_clk/X                     10     19     -9 (VIOLATED)
clkbuf_leaf_74_clk/X                     10     19     -9 (VIOLATED)
fanout1003/X                             10     19     -9 (VIOLATED)
fanout1116/X                             10     19     -9 (VIOLATED)
fanout305/X                              10     19     -9 (VIOLATED)
fanout379/X                              10     19     -9 (VIOLATED)
fanout387/X                              10     19     -9 (VIOLATED)
fanout415/X                              10     19     -9 (VIOLATED)
fanout443/X                              10     19     -9 (VIOLATED)
fanout455/X                              10     19     -9 (VIOLATED)
fanout502/X                              10     19     -9 (VIOLATED)
fanout534/X                              10     19     -9 (VIOLATED)
fanout553/X                              10     19     -9 (VIOLATED)
fanout577/X                              10     19     -9 (VIOLATED)
fanout597/X                              10     19     -9 (VIOLATED)
fanout601/X                              10     19     -9 (VIOLATED)
fanout605/X                              10     19     -9 (VIOLATED)
fanout609/X                              10     19     -9 (VIOLATED)
fanout652/X                              10     19     -9 (VIOLATED)
fanout656/X                              10     19     -9 (VIOLATED)
fanout672/X                              10     19     -9 (VIOLATED)
fanout676/X                              10     19     -9 (VIOLATED)
fanout692/X                              10     19     -9 (VIOLATED)
fanout704/X                              10     19     -9 (VIOLATED)
fanout735/X                              10     19     -9 (VIOLATED)
fanout759/X                              10     19     -9 (VIOLATED)
fanout761/X                              10     19     -9 (VIOLATED)
fanout823/X                              10     19     -9 (VIOLATED)
fanout848/X                              10     19     -9 (VIOLATED)
fanout893/X                              10     19     -9 (VIOLATED)
fanout985/X                              10     19     -9 (VIOLATED)
clkbuf_leaf_111_clk/X                    10     18     -8 (VIOLATED)
clkbuf_leaf_113_clk/X                    10     18     -8 (VIOLATED)
clkbuf_leaf_12_clk/X                     10     18     -8 (VIOLATED)
clkbuf_leaf_15_clk/X                     10     18     -8 (VIOLATED)
clkbuf_leaf_32_clk/X                     10     18     -8 (VIOLATED)
clkbuf_leaf_3_clk/X                      10     18     -8 (VIOLATED)
clkbuf_leaf_40_clk/X                     10     18     -8 (VIOLATED)
clkbuf_leaf_55_clk/X                     10     18     -8 (VIOLATED)
clkbuf_leaf_59_clk/X                     10     18     -8 (VIOLATED)
clkbuf_leaf_62_clk/X                     10     18     -8 (VIOLATED)
_06619_/Y                                10     17     -7 (VIOLATED)
_06951_/Y                                10     17     -7 (VIOLATED)
_07229_/Y                                10     17     -7 (VIOLATED)
_07311_/Y                                10     17     -7 (VIOLATED)
_07372_/Y                                10     17     -7 (VIOLATED)
_09139_/X                                10     17     -7 (VIOLATED)
_09407_/Y                                10     17     -7 (VIOLATED)
_09477_/X                                10     17     -7 (VIOLATED)
_09546_/Y                                10     17     -7 (VIOLATED)
_09617_/Y                                10     17     -7 (VIOLATED)
_09760_/X                                10     17     -7 (VIOLATED)
_09763_/X                                10     17     -7 (VIOLATED)
_12439_/Q                                10     17     -7 (VIOLATED)
_12457_/Q                                10     17     -7 (VIOLATED)
_12458_/Q                                10     17     -7 (VIOLATED)
_12459_/Q                                10     17     -7 (VIOLATED)
_12548_/Q                                10     17     -7 (VIOLATED)
_12558_/Q                                10     17     -7 (VIOLATED)
clkbuf_0_clk/X                           10     17     -7 (VIOLATED)
clkbuf_4_0__f_clk/X                      10     17     -7 (VIOLATED)
clkbuf_4_11__f_clk/X                     10     17     -7 (VIOLATED)
clkbuf_4_1__f_clk/X                      10     17     -7 (VIOLATED)
clkbuf_4_4__f_clk/X                      10     17     -7 (VIOLATED)
clkbuf_4_7__f_clk/X                      10     17     -7 (VIOLATED)
clkbuf_leaf_106_clk/X                    10     17     -7 (VIOLATED)
clkbuf_leaf_107_clk/X                    10     17     -7 (VIOLATED)
clkbuf_leaf_28_clk/X                     10     17     -7 (VIOLATED)
clkbuf_leaf_33_clk/X                     10     17     -7 (VIOLATED)
clkbuf_leaf_37_clk/X                     10     17     -7 (VIOLATED)
clkbuf_leaf_63_clk/X                     10     17     -7 (VIOLATED)
clkbuf_leaf_69_clk/X                     10     17     -7 (VIOLATED)
fanout1030/X                             10     17     -7 (VIOLATED)
fanout1067/X                             10     17     -7 (VIOLATED)
fanout423/X                              10     17     -7 (VIOLATED)
fanout427/X                              10     17     -7 (VIOLATED)
fanout435/X                              10     17     -7 (VIOLATED)
fanout471/X                              10     17     -7 (VIOLATED)
fanout482/X                              10     17     -7 (VIOLATED)
fanout490/X                              10     17     -7 (VIOLATED)
fanout514/X                              10     17     -7 (VIOLATED)
fanout541/X                              10     17     -7 (VIOLATED)
fanout557/X                              10     17     -7 (VIOLATED)
fanout589/X                              10     17     -7 (VIOLATED)
fanout624/X                              10     17     -7 (VIOLATED)
fanout632/X                              10     17     -7 (VIOLATED)
fanout660/X                              10     17     -7 (VIOLATED)
fanout664/X                              10     17     -7 (VIOLATED)
fanout668/X                              10     17     -7 (VIOLATED)
fanout696/X                              10     17     -7 (VIOLATED)
fanout712/X                              10     17     -7 (VIOLATED)
fanout727/X                              10     17     -7 (VIOLATED)
fanout739/X                              10     17     -7 (VIOLATED)
fanout749/X                              10     17     -7 (VIOLATED)
fanout757/X                              10     17     -7 (VIOLATED)
fanout777/X                              10     17     -7 (VIOLATED)
fanout779/X                              10     17     -7 (VIOLATED)
fanout889/X                              10     17     -7 (VIOLATED)
fanout928/X                              10     17     -7 (VIOLATED)
fanout969/X                              10     17     -7 (VIOLATED)
fanout978/X                              10     17     -7 (VIOLATED)
input34/X                                10     17     -7 (VIOLATED)
clkbuf_leaf_101_clk/X                    10     16     -6 (VIOLATED)
clkbuf_leaf_108_clk/X                    10     16     -6 (VIOLATED)
clkbuf_leaf_27_clk/X                     10     16     -6 (VIOLATED)
clkbuf_leaf_61_clk/X                     10     16     -6 (VIOLATED)
clkbuf_leaf_79_clk/X                     10     16     -6 (VIOLATED)
_06482_/Y                                10     15     -5 (VIOLATED)
_06802_/Y                                10     15     -5 (VIOLATED)
_06864_/Y                                10     15     -5 (VIOLATED)
_06992_/Y                                10     15     -5 (VIOLATED)
_07331_/Y                                10     15     -5 (VIOLATED)
_08255_/X                                10     15     -5 (VIOLATED)
_09145_/Y                                10     15     -5 (VIOLATED)
_09336_/X                                10     15     -5 (VIOLATED)
_09350_/X                                10     15     -5 (VIOLATED)
_09386_/X                                10     15     -5 (VIOLATED)
_09423_/X                                10     15     -5 (VIOLATED)
_09441_/Y                                10     15     -5 (VIOLATED)
_09526_/Y                                10     15     -5 (VIOLATED)
_09561_/Y                                10     15     -5 (VIOLATED)
_09578_/Y                                10     15     -5 (VIOLATED)
_09595_/Y                                10     15     -5 (VIOLATED)
_12407_/Q                                10     15     -5 (VIOLATED)
_12408_/Q                                10     15     -5 (VIOLATED)
_12409_/Q                                10     15     -5 (VIOLATED)
_12412_/Q                                10     15     -5 (VIOLATED)
_13619_/Q                                10     15     -5 (VIOLATED)
clkbuf_4_10__f_clk/X                     10     15     -5 (VIOLATED)
clkbuf_4_13__f_clk/X                     10     15     -5 (VIOLATED)
clkbuf_4_8__f_clk/X                      10     15     -5 (VIOLATED)
clkbuf_4_9__f_clk/X                      10     15     -5 (VIOLATED)
clkbuf_leaf_0_clk/X                      10     15     -5 (VIOLATED)
clkbuf_leaf_105_clk/X                    10     15     -5 (VIOLATED)
clkbuf_leaf_10_clk/X                     10     15     -5 (VIOLATED)
clkbuf_leaf_120_clk/X                    10     15     -5 (VIOLATED)
clkbuf_leaf_2_clk/X                      10     15     -5 (VIOLATED)
clkbuf_leaf_31_clk/X                     10     15     -5 (VIOLATED)
clkbuf_leaf_34_clk/X                     10     15     -5 (VIOLATED)
clkbuf_leaf_47_clk/X                     10     15     -5 (VIOLATED)
clkbuf_leaf_60_clk/X                     10     15     -5 (VIOLATED)
clkbuf_leaf_6_clk/X                      10     15     -5 (VIOLATED)
clkbuf_leaf_88_clk/X                     10     15     -5 (VIOLATED)
fanout1009/X                             10     15     -5 (VIOLATED)
fanout1034/X                             10     15     -5 (VIOLATED)
fanout1049/X                             10     15     -5 (VIOLATED)
fanout1081/X                             10     15     -5 (VIOLATED)
fanout1090/X                             10     15     -5 (VIOLATED)
fanout134/X                              10     15     -5 (VIOLATED)
fanout190/X                              10     15     -5 (VIOLATED)
fanout299/X                              10     15     -5 (VIOLATED)
fanout323/X                              10     15     -5 (VIOLATED)
fanout326/X                              10     15     -5 (VIOLATED)
fanout362/X                              10     15     -5 (VIOLATED)
fanout373/X                              10     15     -5 (VIOLATED)
fanout375/X                              10     15     -5 (VIOLATED)
fanout383/X                              10     15     -5 (VIOLATED)
fanout391/X                              10     15     -5 (VIOLATED)
fanout419/X                              10     15     -5 (VIOLATED)
fanout425/X                              10     15     -5 (VIOLATED)
fanout429/X                              10     15     -5 (VIOLATED)
fanout439/X                              10     15     -5 (VIOLATED)
fanout451/X                              10     15     -5 (VIOLATED)
fanout460/X                              10     15     -5 (VIOLATED)
fanout466/X                              10     15     -5 (VIOLATED)
fanout486/X                              10     15     -5 (VIOLATED)
fanout492/X                              10     15     -5 (VIOLATED)
fanout506/X                              10     15     -5 (VIOLATED)
fanout510/X                              10     15     -5 (VIOLATED)
fanout516/X                              10     15     -5 (VIOLATED)
fanout518/X                              10     15     -5 (VIOLATED)
fanout524/X                              10     15     -5 (VIOLATED)
fanout545/X                              10     15     -5 (VIOLATED)
fanout549/X                              10     15     -5 (VIOLATED)
fanout561/X                              10     15     -5 (VIOLATED)
fanout569/X                              10     15     -5 (VIOLATED)
fanout573/X                              10     15     -5 (VIOLATED)
fanout581/X                              10     15     -5 (VIOLATED)
fanout591/X                              10     15     -5 (VIOLATED)
fanout593/X                              10     15     -5 (VIOLATED)
fanout626/X                              10     15     -5 (VIOLATED)
fanout634/X                              10     15     -5 (VIOLATED)
fanout636/X                              10     15     -5 (VIOLATED)
fanout640/X                              10     15     -5 (VIOLATED)
fanout644/X                              10     15     -5 (VIOLATED)
fanout648/X                              10     15     -5 (VIOLATED)
fanout662/X                              10     15     -5 (VIOLATED)
fanout666/X                              10     15     -5 (VIOLATED)
fanout680/X                              10     15     -5 (VIOLATED)
fanout684/X                              10     15     -5 (VIOLATED)
fanout688/X                              10     15     -5 (VIOLATED)
fanout720/X                              10     15     -5 (VIOLATED)
fanout741/X                              10     15     -5 (VIOLATED)
fanout751/X                              10     15     -5 (VIOLATED)
fanout765/X                              10     15     -5 (VIOLATED)
fanout767/X                              10     15     -5 (VIOLATED)
fanout785/X                              10     15     -5 (VIOLATED)
fanout793/X                              10     15     -5 (VIOLATED)
fanout801/X                              10     15     -5 (VIOLATED)
fanout805/X                              10     15     -5 (VIOLATED)
fanout895/X                              10     15     -5 (VIOLATED)
fanout901/X                              10     15     -5 (VIOLATED)
fanout917/X                              10     15     -5 (VIOLATED)
fanout958/X                              10     15     -5 (VIOLATED)
fanout982/X                              10     15     -5 (VIOLATED)
clkbuf_leaf_114_clk/X                    10     14     -4 (VIOLATED)
clkbuf_leaf_16_clk/X                     10     14     -4 (VIOLATED)
clkbuf_leaf_23_clk/X                     10     14     -4 (VIOLATED)
clkbuf_leaf_24_clk/X                     10     14     -4 (VIOLATED)
clkbuf_leaf_25_clk/X                     10     14     -4 (VIOLATED)
clkbuf_leaf_44_clk/X                     10     14     -4 (VIOLATED)
clkbuf_leaf_49_clk/X                     10     14     -4 (VIOLATED)
clkbuf_leaf_64_clk/X                     10     14     -4 (VIOLATED)
_06691_/Y                                10     13     -3 (VIOLATED)
_06761_/Y                                10     13     -3 (VIOLATED)
_06886_/Y                                10     13     -3 (VIOLATED)
_06973_/Y                                10     13     -3 (VIOLATED)
_07015_/Y                                10     13     -3 (VIOLATED)
_07058_/Y                                10     13     -3 (VIOLATED)
_07127_/Y                                10     13     -3 (VIOLATED)
_07147_/Y                                10     13     -3 (VIOLATED)
_07167_/Y                                10     13     -3 (VIOLATED)
_07208_/Y                                10     13     -3 (VIOLATED)
_07351_/Y                                10     13     -3 (VIOLATED)
_07400_/X                                10     13     -3 (VIOLATED)
_07498_/X                                10     13     -3 (VIOLATED)
_07551_/Y                                10     13     -3 (VIOLATED)
_09118_/X                                10     13     -3 (VIOLATED)
_09316_/Y                                10     13     -3 (VIOLATED)
_09459_/Y                                10     13     -3 (VIOLATED)
_09492_/Y                                10     13     -3 (VIOLATED)
_11186_/Y                                10     13     -3 (VIOLATED)
_12406_/Q                                10     13     -3 (VIOLATED)
_12410_/Q                                10     13     -3 (VIOLATED)
_12414_/Q                                10     13     -3 (VIOLATED)
_12415_/Q                                10     13     -3 (VIOLATED)
_12421_/Q                                10     13     -3 (VIOLATED)
_12456_/Q                                10     13     -3 (VIOLATED)
_12463_/Q                                10     13     -3 (VIOLATED)
clkbuf_4_12__f_clk/X                     10     13     -3 (VIOLATED)
clkbuf_4_5__f_clk/X                      10     13     -3 (VIOLATED)
clkbuf_leaf_11_clk/X                     10     13     -3 (VIOLATED)
clkbuf_leaf_13_clk/X                     10     13     -3 (VIOLATED)
clkbuf_leaf_14_clk/X                     10     13     -3 (VIOLATED)
clkbuf_leaf_20_clk/X                     10     13     -3 (VIOLATED)
clkbuf_leaf_22_clk/X                     10     13     -3 (VIOLATED)
clkbuf_leaf_29_clk/X                     10     13     -3 (VIOLATED)
clkbuf_leaf_35_clk/X                     10     13     -3 (VIOLATED)
clkbuf_leaf_4_clk/X                      10     13     -3 (VIOLATED)
clkbuf_leaf_56_clk/X                     10     13     -3 (VIOLATED)
clkbuf_leaf_70_clk/X                     10     13     -3 (VIOLATED)
fanout1019/X                             10     13     -3 (VIOLATED)
fanout1021/X                             10     13     -3 (VIOLATED)
fanout1050/X                             10     13     -3 (VIOLATED)
fanout1058/X                             10     13     -3 (VIOLATED)
fanout1072/X                             10     13     -3 (VIOLATED)
fanout1099/X                             10     13     -3 (VIOLATED)
fanout1120/X                             10     13     -3 (VIOLATED)
fanout146/X                              10     13     -3 (VIOLATED)
fanout211/X                              10     13     -3 (VIOLATED)
fanout215/X                              10     13     -3 (VIOLATED)
fanout260/X                              10     13     -3 (VIOLATED)
fanout264/X                              10     13     -3 (VIOLATED)
fanout312/X                              10     13     -3 (VIOLATED)
fanout371/X                              10     13     -3 (VIOLATED)
fanout381/X                              10     13     -3 (VIOLATED)
fanout389/X                              10     13     -3 (VIOLATED)
fanout397/X                              10     13     -3 (VIOLATED)
fanout411/X                              10     13     -3 (VIOLATED)
fanout413/X                              10     13     -3 (VIOLATED)
fanout417/X                              10     13     -3 (VIOLATED)
fanout445/X                              10     13     -3 (VIOLATED)
fanout447/X                              10     13     -3 (VIOLATED)
fanout449/X                              10     13     -3 (VIOLATED)
fanout467/X                              10     13     -3 (VIOLATED)
fanout484/X                              10     13     -3 (VIOLATED)
fanout494/X                              10     13     -3 (VIOLATED)
fanout496/X                              10     13     -3 (VIOLATED)
fanout504/X                              10     13     -3 (VIOLATED)
fanout512/X                              10     13     -3 (VIOLATED)
fanout551/X                              10     13     -3 (VIOLATED)
fanout555/X                              10     13     -3 (VIOLATED)
fanout571/X                              10     13     -3 (VIOLATED)
fanout575/X                              10     13     -3 (VIOLATED)
fanout579/X                              10     13     -3 (VIOLATED)
fanout583/X                              10     13     -3 (VIOLATED)
fanout599/X                              10     13     -3 (VIOLATED)
fanout603/X                              10     13     -3 (VIOLATED)
fanout607/X                              10     13     -3 (VIOLATED)
fanout611/X                              10     13     -3 (VIOLATED)
fanout638/X                              10     13     -3 (VIOLATED)
fanout654/X                              10     13     -3 (VIOLATED)
fanout658/X                              10     13     -3 (VIOLATED)
fanout674/X                              10     13     -3 (VIOLATED)
fanout678/X                              10     13     -3 (VIOLATED)
fanout690/X                              10     13     -3 (VIOLATED)
fanout694/X                              10     13     -3 (VIOLATED)
fanout700/X                              10     13     -3 (VIOLATED)
fanout702/X                              10     13     -3 (VIOLATED)
fanout706/X                              10     13     -3 (VIOLATED)
fanout716/X                              10     13     -3 (VIOLATED)
fanout718/X                              10     13     -3 (VIOLATED)
fanout737/X                              10     13     -3 (VIOLATED)
fanout763/X                              10     13     -3 (VIOLATED)
fanout781/X                              10     13     -3 (VIOLATED)
fanout833/X                              10     13     -3 (VIOLATED)
fanout891/X                              10     13     -3 (VIOLATED)
fanout919/X                              10     13     -3 (VIOLATED)
fanout937/X                              10     13     -3 (VIOLATED)
fanout950/X                              10     13     -3 (VIOLATED)
fanout960/X                              10     13     -3 (VIOLATED)
clkbuf_leaf_104_clk/X                    10     12     -2 (VIOLATED)
clkbuf_leaf_110_clk/X                    10     12     -2 (VIOLATED)
clkbuf_leaf_112_clk/X                    10     12     -2 (VIOLATED)
clkbuf_leaf_38_clk/X                     10     12     -2 (VIOLATED)
clkbuf_leaf_39_clk/X                     10     12     -2 (VIOLATED)
clkbuf_leaf_45_clk/X                     10     12     -2 (VIOLATED)
clkbuf_leaf_7_clk/X                      10     12     -2 (VIOLATED)
clkbuf_leaf_92_clk/X                     10     12     -2 (VIOLATED)
clkbuf_leaf_9_clk/X                      10     12     -2 (VIOLATED)
_06314_/X                                10     11        (VIOLATED)
_06483_/X                                10     11        (VIOLATED)
_06526_/X                                10     11        (VIOLATED)
_06616_/Y                                10     11        (VIOLATED)
_06739_/X                                10     11        (VIOLATED)
_06824_/Y                                10     11        (VIOLATED)
_06907_/Y                                10     11        (VIOLATED)
_06930_/Y                                10     11        (VIOLATED)
_06972_/Y                                10     11        (VIOLATED)
_07036_/Y                                10     11        (VIOLATED)
_07105_/Y                                10     11        (VIOLATED)
_07631_/Y                                10     11        (VIOLATED)
_07658_/X                                10     11        (VIOLATED)
_08063_/X                                10     11        (VIOLATED)
_08162_/X                                10     11        (VIOLATED)
_09371_/X                                10     11        (VIOLATED)
_11045_/X                                10     11        (VIOLATED)
_12405_/Q                                10     11        (VIOLATED)
_12413_/Q                                10     11        (VIOLATED)
_12416_/Q                                10     11        (VIOLATED)
_12417_/Q                                10     11        (VIOLATED)
_12419_/Q                                10     11        (VIOLATED)
_12422_/Q                                10     11        (VIOLATED)
_12448_/Q                                10     11        (VIOLATED)
_12454_/Q                                10     11        (VIOLATED)
_12467_/Q                                10     11        (VIOLATED)
clkbuf_leaf_102_clk/X                    10     11        (VIOLATED)
clkbuf_leaf_18_clk/X                     10     11        (VIOLATED)
clkbuf_leaf_19_clk/X                     10     11        (VIOLATED)
clkbuf_leaf_21_clk/X                     10     11        (VIOLATED)
clkbuf_leaf_5_clk/X                      10     11        (VIOLATED)
clkbuf_leaf_66_clk/X                     10     11        (VIOLATED)
clkbuf_leaf_67_clk/X                     10     11        (VIOLATED)
clkbuf_leaf_95_clk/X                     10     11        (VIOLATED)
fanout1006/X                             10     11        (VIOLATED)
fanout1020/X                             10     11        (VIOLATED)
fanout1044/X                             10     11        (VIOLATED)
fanout1073/X                             10     11        (VIOLATED)
fanout1091/X                             10     11        (VIOLATED)
fanout1111/X                             10     11        (VIOLATED)
fanout1121/X                             10     11        (VIOLATED)
fanout138/X                              10     11        (VIOLATED)
fanout247/X                              10     11        (VIOLATED)
fanout292/X                              10     11        (VIOLATED)
fanout316/X                              10     11        (VIOLATED)
fanout377/X                              10     11        (VIOLATED)
fanout385/X                              10     11        (VIOLATED)
fanout393/X                              10     11        (VIOLATED)
fanout409/X                              10     11        (VIOLATED)
fanout421/X                              10     11        (VIOLATED)
fanout433/X                              10     11        (VIOLATED)
fanout437/X                              10     11        (VIOLATED)
fanout441/X                              10     11        (VIOLATED)
fanout453/X                              10     11        (VIOLATED)
fanout488/X                              10     11        (VIOLATED)
fanout500/X                              10     11        (VIOLATED)
fanout508/X                              10     11        (VIOLATED)
fanout520/X                              10     11        (VIOLATED)
fanout522/X                              10     11        (VIOLATED)
fanout528/X                              10     11        (VIOLATED)
fanout532/X                              10     11        (VIOLATED)
fanout536/X                              10     11        (VIOLATED)
fanout543/X                              10     11        (VIOLATED)
fanout547/X                              10     11        (VIOLATED)
fanout559/X                              10     11        (VIOLATED)
fanout563/X                              10     11        (VIOLATED)
fanout567/X                              10     11        (VIOLATED)
fanout587/X                              10     11        (VIOLATED)
fanout595/X                              10     11        (VIOLATED)
fanout630/X                              10     11        (VIOLATED)
fanout642/X                              10     11        (VIOLATED)
fanout646/X                              10     11        (VIOLATED)
fanout650/X                              10     11        (VIOLATED)
fanout670/X                              10     11        (VIOLATED)
fanout682/X                              10     11        (VIOLATED)
fanout686/X                              10     11        (VIOLATED)
fanout698/X                              10     11        (VIOLATED)
fanout710/X                              10     11        (VIOLATED)
fanout714/X                              10     11        (VIOLATED)
fanout722/X                              10     11        (VIOLATED)
fanout729/X                              10     11        (VIOLATED)
fanout733/X                              10     11        (VIOLATED)
fanout753/X                              10     11        (VIOLATED)
fanout755/X                              10     11        (VIOLATED)
fanout769/X                              10     11        (VIOLATED)
fanout773/X                              10     11        (VIOLATED)
fanout775/X                              10     11        (VIOLATED)
fanout783/X                              10     11        (VIOLATED)
fanout787/X                              10     11        (VIOLATED)
fanout791/X                              10     11        (VIOLATED)
fanout795/X                              10     11        (VIOLATED)
fanout803/X                              10     11        (VIOLATED)
fanout807/X                              10     11        (VIOLATED)
fanout827/X                              10     11        (VIOLATED)
fanout839/X                              10     11        (VIOLATED)
fanout886/X                              10     11        (VIOLATED)
fanout899/X                              10     11        (VIOLATED)
fanout942/X                              10     11        (VIOLATED)
fanout993/X                              10     11        (VIOLATED)
fanout994/X                              10     11        (VIOLATED)
max_cap342/X                             10     11        (VIOLATED)
max_cap353/X                             10     11        (VIOLATED)
wire354/X                                10     11        (VIOLATED)

max capacitance

Pin                                        Limit         Cap       Slack
------------------------------------------------------------------------
clkbuf_0_clk/X                          0.200000    0.215442   -0.015442 (VIOLATED)
fanout725/X                             0.200000    0.213455   -0.013455 (VIOLATED)



===========================================================================
report_parasitic_annotation -report_unannotated
============================================================================
Found 156 unannotated drivers.
 gpio_in[0]
 gpio_in[10]
 gpio_in[11]
 gpio_in[12]
 gpio_in[13]
 gpio_in[14]
 gpio_in[19]
 gpio_in[1]
 gpio_in[20]
 gpio_in[21]
 gpio_in[22]
 gpio_in[23]
 gpio_in[24]
 gpio_in[25]
 gpio_in[26]
 gpio_in[27]
 gpio_in[28]
 gpio_in[29]
 gpio_in[2]
 gpio_in[30]
 gpio_in[31]
 gpio_in[3]
 gpio_in[4]
 gpio_in[5]
 gpio_in[6]
 gpio_in[7]
 gpio_in[8]
 gpio_in[9]
 _13861__1122/HI
 _13862__1123/HI
 _13863__1124/HI
 _13864__1125/HI
 _13865__1126/HI
 _13867__1127/HI
 _13868__1128/HI
 _13869__1129/HI
 _13870__1130/HI
 _13871__1131/HI
 _13872__1132/HI
 _13873__1133/HI
 _13874__1134/HI
 _13875__1135/HI
 _13876__1136/HI
 _13877__1137/HI
 _13878__1138/HI
 _13879__1139/HI
 clkload0/Y
 clkload1/Y
 clkload10/Y
 clkload100/X
 clkload101/Y
 clkload102/Y
 clkload103/Y
 clkload104/Y
 clkload105/Y
 clkload106/Y
 clkload107/Y
 clkload108/Y
 clkload109/Y
 clkload11/Y
 clkload12/Y
 clkload13/Y
 clkload14/Y
 clkload15/Y
 clkload16/Y
 clkload17/Y
 clkload18/Y
 clkload19/Y
 clkload2/Y
 clkload20/Y
 clkload21/Y
 clkload22/Y
 clkload23/Y
 clkload24/Y
 clkload25/Y
 clkload26/Y
 clkload27/Y
 clkload28/Y
 clkload29/X
 clkload3/Y
 clkload30/Y
 clkload31/Y
 clkload32/Y
 clkload33/Y
 clkload34/Y
 clkload35/Y
 clkload36/Y
 clkload37/Y
 clkload38/Y
 clkload39/Y
 clkload4/Y
 clkload40/Y
 clkload41/Y
 clkload42/Y
 clkload43/X
 clkload44/Y
 clkload45/Y
 clkload46/Y
 clkload47/Y
 clkload48/Y
 clkload49/Y
 clkload5/Y
 clkload50/Y
 clkload51/Y
 clkload52/Y
 clkload53/Y
 clkload54/Y
 clkload55/Y
 clkload56/Y
 clkload57/Y
 clkload58/Y
 clkload59/X
 clkload6/Y
 clkload60/Y
 clkload61/Y
 clkload62/X
 clkload63/Y
 clkload64/Y
 clkload65/Y
 clkload66/Y
 clkload67/Y
 clkload68/Y
 clkload69/X
 clkload7/Y
 clkload70/Y
 clkload71/Y
 clkload72/X
 clkload73/Y
 clkload74/Y
 clkload75/Y
 clkload76/Y
 clkload77/Y
 clkload78/Y
 clkload79/Y
 clkload8/X
 clkload80/Y
 clkload81/Y
 clkload82/Y
 clkload83/Y
 clkload84/Y
 clkload85/Y
 clkload86/Y
 clkload87/Y
 clkload88/Y
 clkload89/Y
 clkload9/Y
 clkload90/Y
 clkload91/Y
 clkload92/Y
 clkload93/Y
 clkload94/X
 clkload95/Y
 clkload96/Y
 clkload97/Y
 clkload98/Y
 clkload99/X
Found 0 partially unannotated drivers.

===========================================================================
max slew violation count 0
max fanout violation count 735
max cap violation count 2
============================================================================

===========================================================================
check_setup -verbose -unconstrained_endpoints -multiple_clock -no_clock -no_input_delay -loops -generated_clocks
===========================================================================
Warning: There are 18 unconstrained endpoints.
  gpio_out[15]
  gpio_out[16]
  gpio_out[17]
  gpio_out[18]
  gpio_out[1]
  gpio_out[23]
  gpio_out[24]
  gpio_out[25]
  gpio_out[26]
  gpio_out[27]
  gpio_out[28]
  gpio_out[29]
  gpio_out[2]
  gpio_out[30]
  gpio_out[31]
  gpio_out[3]
  gpio_out[4]
  gpio_out[5]
