
===========================================================================
report_checks -unconstrained
===========================================================================
======================= min_tt_025C_1v80 Corner ===================================

Startpoint: wb_rst_i (input port clocked by wb_clk_i)
Endpoint: _15618_ (recovery check against rising-edge clock wb_clk_i)
Path Group: asynchronous
Path Type: max

Fanout         Cap        Slew       Delay        Time   Description
---------------------------------------------------------------------------------------------
                                  0.000000    0.000000   clock wb_clk_i (rise edge)
                                  0.000000    0.000000   clock network delay (propagated)
                                 20.000000   20.000000 v input external delay
     2    0.003488    0.010228    0.005572   20.005573 v wb_rst_i (in)
                                                         wb_rst_i (net)
                      0.010228    0.000000   20.005573 v input38/A (sky130_fd_sc_hd__buf_1)
     1    0.009514    0.061777    0.103412   20.108986 v input38/X (sky130_fd_sc_hd__buf_1)
                                                         net38 (net)
                      0.061777    0.000338   20.109324 v fanout1265/A (sky130_fd_sc_hd__clkbuf_8)
    10    0.139365    0.149781    0.243432   20.352755 v fanout1265/X (sky130_fd_sc_hd__clkbuf_8)
                                                         net1265 (net)
                      0.149784    0.000565   20.353319 v fanout1199/A (sky130_fd_sc_hd__clkbuf_4)
    10    0.062455    0.128023    0.269063   20.622383 v fanout1199/X (sky130_fd_sc_hd__clkbuf_4)
                                                         net1199 (net)
                      0.128512    0.006425   20.628807 v fanout1198/A (sky130_fd_sc_hd__buf_4)
    12    0.096315    0.126447    0.256161   20.884970 v fanout1198/X (sky130_fd_sc_hd__buf_4)
                                                         net1198 (net)
                      0.126453    0.000778   20.885748 v fanout1144/A (sky130_fd_sc_hd__clkbuf_2)
    10    0.038771    0.148197    0.235859   21.121607 v fanout1144/X (sky130_fd_sc_hd__clkbuf_2)
                                                         net1144 (net)
                      0.148197    0.000096   21.121702 v fanout1135/A (sky130_fd_sc_hd__clkbuf_2)
    10    0.035753    0.137037    0.237279   21.358980 v fanout1135/X (sky130_fd_sc_hd__clkbuf_2)
                                                         net1135 (net)
                      0.137038    0.000611   21.359592 v fanout1134/A (sky130_fd_sc_hd__clkbuf_2)
    10    0.038821    0.148337    0.240510   21.600101 v fanout1134/X (sky130_fd_sc_hd__clkbuf_2)
                                                         net1134 (net)
                      0.148337    0.000133   21.600235 v fanout1133/A (sky130_fd_sc_hd__buf_4)
    10    0.059257    0.084035    0.240071   21.840305 v fanout1133/X (sky130_fd_sc_hd__buf_4)
                                                         net1133 (net)
                      0.084035    0.000165   21.840471 v fanout1132/A (sky130_fd_sc_hd__buf_4)
    10    0.059606    0.084251    0.212069   22.052540 v fanout1132/X (sky130_fd_sc_hd__buf_4)
                                                         net1132 (net)
                      0.084258    0.000835   22.053375 v _14212_/A (sky130_fd_sc_hd__inv_2)
     1    0.004483    0.036144    0.061281   22.114656 ^ _14212_/Y (sky130_fd_sc_hd__inv_2)
                                                         _00426_ (net)
                      0.036144    0.000027   22.114683 ^ _15618_/RESET_B (sky130_fd_sc_hd__dfrtp_1)
                                             22.114683   data arrival time

                                100.000000  100.000000   clock wb_clk_i (rise edge)
                                  0.000000  100.000000   clock source latency
     2    0.083859    0.380349    0.266255  100.266251 ^ wb_clk_i (in)
                                                         wb_clk_i (net)
                      0.380500    0.000000  100.266251 ^ clkbuf_0_wb_clk_i/A (sky130_fd_sc_hd__clkbuf_16)
    16    0.186306    0.199134    0.337188  100.603439 ^ clkbuf_0_wb_clk_i/X (sky130_fd_sc_hd__clkbuf_16)
                                                         clknet_0_wb_clk_i (net)
                      0.199252    0.004022  100.607460 ^ clkbuf_3_1_0_wb_clk_i/A (sky130_fd_sc_hd__clkbuf_8)
     4    0.044593    0.090124    0.214037  100.821495 ^ clkbuf_3_1_0_wb_clk_i/X (sky130_fd_sc_hd__clkbuf_8)
                                                         clknet_3_1_0_wb_clk_i (net)
                      0.090206    0.002451  100.823952 ^ clkbuf_4_2__f_wb_clk_i/A (sky130_fd_sc_hd__clkbuf_16)
    18    0.101939    0.117450    0.203713  101.027664 ^ clkbuf_4_2__f_wb_clk_i/X (sky130_fd_sc_hd__clkbuf_16)
                                                         clknet_4_2__leaf_wb_clk_i (net)
                      0.117567    0.002302  101.029961 ^ clkbuf_leaf_124_wb_clk_i/A (sky130_fd_sc_hd__clkbuf_8)
    22    0.054195    0.104538    0.200501  101.230469 ^ clkbuf_leaf_124_wb_clk_i/X (sky130_fd_sc_hd__clkbuf_8)
                                                         clknet_leaf_124_wb_clk_i (net)
                      0.104539    0.000597  101.231064 ^ _15618_/CLK (sky130_fd_sc_hd__dfrtp_1)
                                 -0.250000  100.981064   clock uncertainty
                                  0.000000  100.981064   clock reconvergence pessimism
                                  0.250857  101.231918   library recovery time
                                            101.231918   data required time
---------------------------------------------------------------------------------------------
                                            101.231918   data required time
                                            -22.114683   data arrival time
---------------------------------------------------------------------------------------------
                                             79.117241   slack (MET)


Startpoint: wbs_adr_i[19] (input port clocked by wb_clk_i)
Endpoint: wbs_dat_o[24] (output port clocked by wb_clk_i)
Path Group: wb_clk_i
Path Type: max

Fanout         Cap        Slew       Delay        Time   Description
---------------------------------------------------------------------------------------------
                                  0.000000    0.000000   clock wb_clk_i (rise edge)
                                  0.000000    0.000000   clock network delay (propagated)
                                 20.000000   20.000000 v input external delay
     2    0.003627    0.010550    0.005807   20.005808 v wbs_adr_i[19] (in)
                                                         wbs_adr_i[19] (net)
                      0.010550    0.000000   20.005808 v input49/A (sky130_fd_sc_hd__clkbuf_2)
     2    0.038572    0.148261    0.181521   20.187328 v input49/X (sky130_fd_sc_hd__clkbuf_2)
                                                         net49 (net)
                      0.148673    0.006462   20.193790 v _08594_/B (sky130_fd_sc_hd__or4b_2)
     2    0.019246    0.156814    0.754659   20.948448 v _08594_/X (sky130_fd_sc_hd__or4b_2)
                                                         _04255_ (net)
                      0.156824    0.001370   20.949818 v _08597_/B (sky130_fd_sc_hd__or4_1)
     1    0.002047    0.076214    0.518714   21.468533 v _08597_/X (sky130_fd_sc_hd__or4_1)
                                                         _04258_ (net)
                      0.076214    0.000021   21.468554 v _08598_/D (sky130_fd_sc_hd__or4_2)
     8    0.029178    0.187258    0.676678   22.145231 v _08598_/X (sky130_fd_sc_hd__or4_2)
                                                         _04259_ (net)
                      0.187258    0.000149   22.145382 v fanout1004/A (sky130_fd_sc_hd__clkbuf_2)
     6    0.025727    0.102835    0.225237   22.370619 v fanout1004/X (sky130_fd_sc_hd__clkbuf_2)
                                                         net1004 (net)
                      0.102835    0.000240   22.370857 v fanout1003/A (sky130_fd_sc_hd__buf_2)
    10    0.031115    0.082747    0.200316   22.571175 v fanout1003/X (sky130_fd_sc_hd__buf_2)
                                                         net1003 (net)
                      0.082758    0.000945   22.572119 v _08599_/B (sky130_fd_sc_hd__nor2_2)
     9    0.026485    0.298128    0.261196   22.833315 ^ _08599_/Y (sky130_fd_sc_hd__nor2_2)
                                                         _04260_ (net)
                      0.298132    0.000927   22.834242 ^ _13484_/B (sky130_fd_sc_hd__and2_1)
     1    0.002220    0.045014    0.167567   23.001808 ^ _13484_/X (sky130_fd_sc_hd__and2_1)
                                                         net208 (net)
                      0.045014    0.000020   23.001829 ^ output208/A (sky130_fd_sc_hd__buf_2)
     1    0.034610    0.171703    0.199359   23.201187 ^ output208/X (sky130_fd_sc_hd__buf_2)
                                                         wbs_dat_o[24] (net)
                      0.171703    0.000306   23.201492 ^ wbs_dat_o[24] (out)
                                             23.201492   data arrival time

                                100.000000  100.000000   clock wb_clk_i (rise edge)
                                  0.000000  100.000000   clock network delay (propagated)
                                 -0.250000   99.750000   clock uncertainty
                                  0.000000   99.750000   clock reconvergence pessimism
                                -20.000000   79.750000   output external delay
                                             79.750000   data required time
---------------------------------------------------------------------------------------------
                                             79.750000   data required time
                                            -23.201492   data arrival time
---------------------------------------------------------------------------------------------
                                             56.548504   slack (MET)




===========================================================================
report_checks --slack_max -0.01
============================================================================
======================= min_tt_025C_1v80 Corner ===================================

No paths found.


===========================================================================
 report_check_types -max_slew -max_cap -max_fanout -violators
============================================================================
======================= min_tt_025C_1v80 Corner ===================================

max slew

Pin                                        Limit        Slew       Slack
------------------------------------------------------------------------
ANTENNA_wire629_A/DIODE                 0.750000    1.092716   -0.342716 (VIOLATED)
wire629/A                               0.750000    1.092716   -0.342716 (VIOLATED)
_09772_/Y                               0.750000    1.092713   -0.342713 (VIOLATED)
ANTENNA_wire633_A/DIODE                 0.750000    0.965773   -0.215774 (VIOLATED)
wire633/A                               0.750000    0.965773   -0.215774 (VIOLATED)
_09518_/Y                               0.750000    0.965770   -0.215770 (VIOLATED)
ANTENNA_wire537_A/DIODE                 0.750000    0.904541   -0.154541 (VIOLATED)
wire537/A                               0.750000    0.904541   -0.154541 (VIOLATED)
_09284_/Y                               0.750000    0.904539   -0.154539 (VIOLATED)
ANTENNA_wire637_A/DIODE                 0.750000    0.889199   -0.139199 (VIOLATED)
_09215_/Y                               0.750000    0.889199   -0.139199 (VIOLATED)
wire637/A                               0.750000    0.889199   -0.139199 (VIOLATED)
ANTENNA__13201__A1_N/DIODE              0.750000    0.858987   -0.108987 (VIOLATED)
ANTENNA_wire640_A/DIODE                 0.750000    0.858987   -0.108987 (VIOLATED)
_09047_/Y                               0.750000    0.858987   -0.108987 (VIOLATED)
_13201_/A1_N                            0.750000    0.858987   -0.108987 (VIOLATED)
wire640/A                               0.750000    0.858987   -0.108987 (VIOLATED)
ANTENNA_wire635_A/DIODE                 0.750000    0.805337   -0.055337 (VIOLATED)
_09343_/Y                               0.750000    0.805337   -0.055337 (VIOLATED)
wire635/A                               0.750000    0.805337   -0.055337 (VIOLATED)
wire614/A                               0.750000    0.789352   -0.039352 (VIOLATED)
ANTENNA_wire614_A/DIODE                 0.750000    0.789352   -0.039352 (VIOLATED)
_09410_/Y                               0.750000    0.789348   -0.039348 (VIOLATED)
wire625/A                               0.750000    0.786227   -0.036227 (VIOLATED)
_09901_/Y                               0.750000    0.786225   -0.036226 (VIOLATED)
ANTENNA_wire648_A/DIODE                 0.750000    0.765787   -0.015787 (VIOLATED)
_10381_/Y                               0.750000    0.765787   -0.015787 (VIOLATED)
wire648/A                               0.750000    0.765787   -0.015787 (VIOLATED)
wire524/A                               0.750000    0.753263   -0.003263 (VIOLATED)
ANTENNA_wire524_A/DIODE                 0.750000    0.753263   -0.003263 (VIOLATED)
_09669_/Y                               0.750000    0.753244   -0.003244 (VIOLATED)

max fanout

Pin                                   Limit Fanout  Slack
---------------------------------------------------------
clkbuf_leaf_64_wb_clk_i/X                10     44    -34 (VIOLATED)
clkbuf_leaf_78_wb_clk_i/X                10     42    -32 (VIOLATED)
clkbuf_leaf_117_wb_clk_i/X               10     40    -30 (VIOLATED)
clkbuf_leaf_121_wb_clk_i/X               10     40    -30 (VIOLATED)
clkbuf_leaf_67_wb_clk_i/X                10     40    -30 (VIOLATED)
clkbuf_leaf_127_wb_clk_i/X               10     38    -28 (VIOLATED)
clkbuf_leaf_19_wb_clk_i/X                10     38    -28 (VIOLATED)
clkbuf_leaf_51_wb_clk_i/X                10     38    -28 (VIOLATED)
clkbuf_leaf_100_wb_clk_i/X               10     36    -26 (VIOLATED)
clkbuf_leaf_125_wb_clk_i/X               10     36    -26 (VIOLATED)
clkbuf_leaf_43_wb_clk_i/X                10     36    -26 (VIOLATED)
clkbuf_leaf_45_wb_clk_i/X                10     36    -26 (VIOLATED)
clkbuf_leaf_50_wb_clk_i/X                10     36    -26 (VIOLATED)
clkbuf_leaf_112_wb_clk_i/X               10     34    -24 (VIOLATED)
clkbuf_leaf_116_wb_clk_i/X               10     34    -24 (VIOLATED)
clkbuf_leaf_38_wb_clk_i/X                10     34    -24 (VIOLATED)
clkbuf_leaf_49_wb_clk_i/X                10     34    -24 (VIOLATED)
clkbuf_leaf_69_wb_clk_i/X                10     34    -24 (VIOLATED)
clkbuf_leaf_14_wb_clk_i/X                10     32    -22 (VIOLATED)
clkbuf_leaf_34_wb_clk_i/X                10     32    -22 (VIOLATED)
clkbuf_leaf_3_wb_clk_i/X                 10     32    -22 (VIOLATED)
clkbuf_leaf_33_wb_clk_i/X                10     30    -20 (VIOLATED)
clkbuf_leaf_41_wb_clk_i/X                10     30    -20 (VIOLATED)
clkbuf_leaf_23_wb_clk_i/X                10     28    -18 (VIOLATED)
clkbuf_leaf_32_wb_clk_i/X                10     28    -18 (VIOLATED)
clkbuf_leaf_44_wb_clk_i/X                10     28    -18 (VIOLATED)
clkbuf_leaf_2_wb_clk_i/X                 10     26    -16 (VIOLATED)
clkbuf_leaf_48_wb_clk_i/X                10     26    -16 (VIOLATED)
clkbuf_leaf_119_wb_clk_i/X               10     24    -14 (VIOLATED)
clkbuf_leaf_11_wb_clk_i/X                10     24    -14 (VIOLATED)
clkbuf_leaf_17_wb_clk_i/X                10     24    -14 (VIOLATED)
clkbuf_leaf_18_wb_clk_i/X                10     24    -14 (VIOLATED)
clkbuf_leaf_29_wb_clk_i/X                10     24    -14 (VIOLATED)
clkbuf_leaf_54_wb_clk_i/X                10     24    -14 (VIOLATED)
clkbuf_leaf_63_wb_clk_i/X                10     24    -14 (VIOLATED)
clkbuf_4_6__f_wb_clk_i/X                 10     22    -12 (VIOLATED)
clkbuf_leaf_124_wb_clk_i/X               10     22    -12 (VIOLATED)
clkbuf_leaf_126_wb_clk_i/X               10     22    -12 (VIOLATED)
clkbuf_leaf_94_wb_clk_i/X                10     22    -12 (VIOLATED)
fanout591/X                              10     21    -11 (VIOLATED)
fanout854/X                              10     21    -11 (VIOLATED)
fanout858/X                              10     21    -11 (VIOLATED)
_08065_/Y                                10     20    -10 (VIOLATED)
_08718_/Y                                10     20    -10 (VIOLATED)
_09012_/X                                10     20    -10 (VIOLATED)
_10593_/Y                                10     20    -10 (VIOLATED)
_10596_/Y                                10     20    -10 (VIOLATED)
_11313_/X                                10     20    -10 (VIOLATED)
_13411_/X                                10     20    -10 (VIOLATED)
_15376_/Q                                10     20    -10 (VIOLATED)
clkbuf_4_1__f_wb_clk_i/X                 10     20    -10 (VIOLATED)
clkbuf_4_3__f_wb_clk_i/X                 10     20    -10 (VIOLATED)
clkbuf_leaf_42_wb_clk_i/X                10     20    -10 (VIOLATED)
fanout1001/X                             10     20    -10 (VIOLATED)
fanout1002/X                             10     20    -10 (VIOLATED)
fanout1005/X                             10     20    -10 (VIOLATED)
fanout1007/X                             10     20    -10 (VIOLATED)
fanout1014/X                             10     20    -10 (VIOLATED)
fanout1016/X                             10     20    -10 (VIOLATED)
fanout1018/X                             10     20    -10 (VIOLATED)
fanout1023/X                             10     20    -10 (VIOLATED)
fanout1024/X                             10     20    -10 (VIOLATED)
fanout1026/X                             10     20    -10 (VIOLATED)
fanout1028/X                             10     20    -10 (VIOLATED)
fanout1031/X                             10     20    -10 (VIOLATED)
fanout1033/X                             10     20    -10 (VIOLATED)
fanout1037/X                             10     20    -10 (VIOLATED)
fanout1041/X                             10     20    -10 (VIOLATED)
fanout1042/X                             10     20    -10 (VIOLATED)
fanout1043/X                             10     20    -10 (VIOLATED)
fanout1045/X                             10     20    -10 (VIOLATED)
fanout1046/X                             10     20    -10 (VIOLATED)
fanout1051/X                             10     20    -10 (VIOLATED)
fanout1052/X                             10     20    -10 (VIOLATED)
fanout1054/X                             10     20    -10 (VIOLATED)
fanout1056/X                             10     20    -10 (VIOLATED)
fanout1065/X                             10     20    -10 (VIOLATED)
fanout1067/X                             10     20    -10 (VIOLATED)
fanout1068/X                             10     20    -10 (VIOLATED)
fanout1084/X                             10     20    -10 (VIOLATED)
fanout1098/X                             10     20    -10 (VIOLATED)
fanout1104/X                             10     20    -10 (VIOLATED)
fanout1122/X                             10     20    -10 (VIOLATED)
fanout1147/X                             10     20    -10 (VIOLATED)
fanout1158/X                             10     20    -10 (VIOLATED)
fanout1163/X                             10     20    -10 (VIOLATED)
fanout1174/X                             10     20    -10 (VIOLATED)
fanout1202/X                             10     20    -10 (VIOLATED)
fanout1210/X                             10     20    -10 (VIOLATED)
fanout1215/X                             10     20    -10 (VIOLATED)
fanout1224/X                             10     20    -10 (VIOLATED)
fanout1236/X                             10     20    -10 (VIOLATED)
fanout1238/X                             10     20    -10 (VIOLATED)
fanout1239/X                             10     20    -10 (VIOLATED)
fanout1252/X                             10     20    -10 (VIOLATED)
fanout228/X                              10     20    -10 (VIOLATED)
fanout229/X                              10     20    -10 (VIOLATED)
fanout232/X                              10     20    -10 (VIOLATED)
fanout233/X                              10     20    -10 (VIOLATED)
fanout243/X                              10     20    -10 (VIOLATED)
fanout264/X                              10     20    -10 (VIOLATED)
fanout294/X                              10     20    -10 (VIOLATED)
fanout331/X                              10     20    -10 (VIOLATED)
fanout332/X                              10     20    -10 (VIOLATED)
fanout337/X                              10     20    -10 (VIOLATED)
fanout383/X                              10     20    -10 (VIOLATED)
fanout384/X                              10     20    -10 (VIOLATED)
fanout396/X                              10     20    -10 (VIOLATED)
fanout402/X                              10     20    -10 (VIOLATED)
fanout403/X                              10     20    -10 (VIOLATED)
fanout404/X                              10     20    -10 (VIOLATED)
fanout407/X                              10     20    -10 (VIOLATED)
fanout414/X                              10     20    -10 (VIOLATED)
fanout415/X                              10     20    -10 (VIOLATED)
fanout430/X                              10     20    -10 (VIOLATED)
fanout432/X                              10     20    -10 (VIOLATED)
fanout434/X                              10     20    -10 (VIOLATED)
fanout436/X                              10     20    -10 (VIOLATED)
fanout438/X                              10     20    -10 (VIOLATED)
fanout439/X                              10     20    -10 (VIOLATED)
fanout440/X                              10     20    -10 (VIOLATED)
fanout442/X                              10     20    -10 (VIOLATED)
fanout444/X                              10     20    -10 (VIOLATED)
fanout446/X                              10     20    -10 (VIOLATED)
fanout448/X                              10     20    -10 (VIOLATED)
fanout450/X                              10     20    -10 (VIOLATED)
fanout452/X                              10     20    -10 (VIOLATED)
fanout454/X                              10     20    -10 (VIOLATED)
fanout456/X                              10     20    -10 (VIOLATED)
fanout458/X                              10     20    -10 (VIOLATED)
fanout460/X                              10     20    -10 (VIOLATED)
fanout462/X                              10     20    -10 (VIOLATED)
fanout464/X                              10     20    -10 (VIOLATED)
fanout466/X                              10     20    -10 (VIOLATED)
fanout467/X                              10     20    -10 (VIOLATED)
fanout468/X                              10     20    -10 (VIOLATED)
fanout470/X                              10     20    -10 (VIOLATED)
fanout472/X                              10     20    -10 (VIOLATED)
fanout474/X                              10     20    -10 (VIOLATED)
fanout476/X                              10     20    -10 (VIOLATED)
fanout478/X                              10     20    -10 (VIOLATED)
fanout480/X                              10     20    -10 (VIOLATED)
fanout482/X                              10     20    -10 (VIOLATED)
fanout484/X                              10     20    -10 (VIOLATED)
fanout486/X                              10     20    -10 (VIOLATED)
fanout488/X                              10     20    -10 (VIOLATED)
fanout490/X                              10     20    -10 (VIOLATED)
fanout492/X                              10     20    -10 (VIOLATED)
fanout494/X                              10     20    -10 (VIOLATED)
fanout496/X                              10     20    -10 (VIOLATED)
fanout543/X                              10     20    -10 (VIOLATED)
fanout546/X                              10     20    -10 (VIOLATED)
fanout553/X                              10     20    -10 (VIOLATED)
fanout554/X                              10     20    -10 (VIOLATED)
fanout555/X                              10     20    -10 (VIOLATED)
fanout557/X                              10     20    -10 (VIOLATED)
fanout559/X                              10     20    -10 (VIOLATED)
fanout561/X                              10     20    -10 (VIOLATED)
fanout563/X                              10     20    -10 (VIOLATED)
fanout565/X                              10     20    -10 (VIOLATED)
fanout567/X                              10     20    -10 (VIOLATED)
fanout569/X                              10     20    -10 (VIOLATED)
fanout571/X                              10     20    -10 (VIOLATED)
fanout573/X                              10     20    -10 (VIOLATED)
fanout575/X                              10     20    -10 (VIOLATED)
fanout577/X                              10     20    -10 (VIOLATED)
fanout579/X                              10     20    -10 (VIOLATED)
fanout581/X                              10     20    -10 (VIOLATED)
fanout583/X                              10     20    -10 (VIOLATED)
fanout585/X                              10     20    -10 (VIOLATED)
fanout587/X                              10     20    -10 (VIOLATED)
fanout589/X                              10     20    -10 (VIOLATED)
fanout593/X                              10     20    -10 (VIOLATED)
fanout595/X                              10     20    -10 (VIOLATED)
fanout597/X                              10     20    -10 (VIOLATED)
fanout599/X                              10     20    -10 (VIOLATED)
fanout601/X                              10     20    -10 (VIOLATED)
fanout603/X                              10     20    -10 (VIOLATED)
fanout606/X                              10     20    -10 (VIOLATED)
fanout607/X                              10     20    -10 (VIOLATED)
fanout616/X                              10     20    -10 (VIOLATED)
fanout618/X                              10     20    -10 (VIOLATED)
fanout641/X                              10     20    -10 (VIOLATED)
fanout642/X                              10     20    -10 (VIOLATED)
fanout643/X                              10     20    -10 (VIOLATED)
fanout655/X                              10     20    -10 (VIOLATED)
fanout657/X                              10     20    -10 (VIOLATED)
fanout659/X                              10     20    -10 (VIOLATED)
fanout661/X                              10     20    -10 (VIOLATED)
fanout662/X                              10     20    -10 (VIOLATED)
fanout664/X                              10     20    -10 (VIOLATED)
fanout665/X                              10     20    -10 (VIOLATED)
fanout668/X                              10     20    -10 (VIOLATED)
fanout669/X                              10     20    -10 (VIOLATED)
fanout671/X                              10     20    -10 (VIOLATED)
fanout673/X                              10     20    -10 (VIOLATED)
fanout674/X                              10     20    -10 (VIOLATED)
fanout676/X                              10     20    -10 (VIOLATED)
fanout678/X                              10     20    -10 (VIOLATED)
fanout680/X                              10     20    -10 (VIOLATED)
fanout682/X                              10     20    -10 (VIOLATED)
fanout684/X                              10     20    -10 (VIOLATED)
fanout686/X                              10     20    -10 (VIOLATED)
fanout688/X                              10     20    -10 (VIOLATED)
fanout690/X                              10     20    -10 (VIOLATED)
fanout692/X                              10     20    -10 (VIOLATED)
fanout694/X                              10     20    -10 (VIOLATED)
fanout696/X                              10     20    -10 (VIOLATED)
fanout698/X                              10     20    -10 (VIOLATED)
fanout700/X                              10     20    -10 (VIOLATED)
fanout702/X                              10     20    -10 (VIOLATED)
fanout704/X                              10     20    -10 (VIOLATED)
fanout706/X                              10     20    -10 (VIOLATED)
fanout708/X                              10     20    -10 (VIOLATED)
fanout710/X                              10     20    -10 (VIOLATED)
fanout712/X                              10     20    -10 (VIOLATED)
fanout714/X                              10     20    -10 (VIOLATED)
fanout715/X                              10     20    -10 (VIOLATED)
fanout716/X                              10     20    -10 (VIOLATED)
fanout718/X                              10     20    -10 (VIOLATED)
fanout720/X                              10     20    -10 (VIOLATED)
fanout722/X                              10     20    -10 (VIOLATED)
fanout724/X                              10     20    -10 (VIOLATED)
fanout726/X                              10     20    -10 (VIOLATED)
fanout728/X                              10     20    -10 (VIOLATED)
fanout730/X                              10     20    -10 (VIOLATED)
fanout732/X                              10     20    -10 (VIOLATED)
fanout734/X                              10     20    -10 (VIOLATED)
fanout736/X                              10     20    -10 (VIOLATED)
fanout738/X                              10     20    -10 (VIOLATED)
fanout740/X                              10     20    -10 (VIOLATED)
fanout742/X                              10     20    -10 (VIOLATED)
fanout744/X                              10     20    -10 (VIOLATED)
fanout746/X                              10     20    -10 (VIOLATED)
fanout748/X                              10     20    -10 (VIOLATED)
fanout750/X                              10     20    -10 (VIOLATED)
fanout752/X                              10     20    -10 (VIOLATED)
fanout754/X                              10     20    -10 (VIOLATED)
fanout756/X                              10     20    -10 (VIOLATED)
fanout758/X                              10     20    -10 (VIOLATED)
fanout760/X                              10     20    -10 (VIOLATED)
fanout762/X                              10     20    -10 (VIOLATED)
fanout764/X                              10     20    -10 (VIOLATED)
fanout766/X                              10     20    -10 (VIOLATED)
fanout768/X                              10     20    -10 (VIOLATED)
fanout770/X                              10     20    -10 (VIOLATED)
fanout772/X                              10     20    -10 (VIOLATED)
fanout774/X                              10     20    -10 (VIOLATED)
fanout776/X                              10     20    -10 (VIOLATED)
fanout778/X                              10     20    -10 (VIOLATED)
fanout780/X                              10     20    -10 (VIOLATED)
fanout782/X                              10     20    -10 (VIOLATED)
fanout784/X                              10     20    -10 (VIOLATED)
fanout786/X                              10     20    -10 (VIOLATED)
fanout788/X                              10     20    -10 (VIOLATED)
fanout796/X                              10     20    -10 (VIOLATED)
fanout797/X                              10     20    -10 (VIOLATED)
fanout799/X                              10     20    -10 (VIOLATED)
fanout801/X                              10     20    -10 (VIOLATED)
fanout803/X                              10     20    -10 (VIOLATED)
fanout805/X                              10     20    -10 (VIOLATED)
fanout807/X                              10     20    -10 (VIOLATED)
fanout809/X                              10     20    -10 (VIOLATED)
fanout811/X                              10     20    -10 (VIOLATED)
fanout813/X                              10     20    -10 (VIOLATED)
fanout815/X                              10     20    -10 (VIOLATED)
fanout817/X                              10     20    -10 (VIOLATED)
fanout819/X                              10     20    -10 (VIOLATED)
fanout821/X                              10     20    -10 (VIOLATED)
fanout823/X                              10     20    -10 (VIOLATED)
fanout825/X                              10     20    -10 (VIOLATED)
fanout827/X                              10     20    -10 (VIOLATED)
fanout829/X                              10     20    -10 (VIOLATED)
fanout831/X                              10     20    -10 (VIOLATED)
fanout833/X                              10     20    -10 (VIOLATED)
fanout835/X                              10     20    -10 (VIOLATED)
fanout838/X                              10     20    -10 (VIOLATED)
fanout839/X                              10     20    -10 (VIOLATED)
fanout841/X                              10     20    -10 (VIOLATED)
fanout843/X                              10     20    -10 (VIOLATED)
fanout845/X                              10     20    -10 (VIOLATED)
fanout849/X                              10     20    -10 (VIOLATED)
fanout850/X                              10     20    -10 (VIOLATED)
fanout853/X                              10     20    -10 (VIOLATED)
fanout855/X                              10     20    -10 (VIOLATED)
fanout857/X                              10     20    -10 (VIOLATED)
fanout860/X                              10     20    -10 (VIOLATED)
fanout862/X                              10     20    -10 (VIOLATED)
fanout864/X                              10     20    -10 (VIOLATED)
fanout866/X                              10     20    -10 (VIOLATED)
fanout868/X                              10     20    -10 (VIOLATED)
fanout870/X                              10     20    -10 (VIOLATED)
fanout872/X                              10     20    -10 (VIOLATED)
fanout874/X                              10     20    -10 (VIOLATED)
fanout876/X                              10     20    -10 (VIOLATED)
fanout878/X                              10     20    -10 (VIOLATED)
fanout880/X                              10     20    -10 (VIOLATED)
fanout882/X                              10     20    -10 (VIOLATED)
fanout884/X                              10     20    -10 (VIOLATED)
fanout886/X                              10     20    -10 (VIOLATED)
fanout888/X                              10     20    -10 (VIOLATED)
fanout890/X                              10     20    -10 (VIOLATED)
fanout892/X                              10     20    -10 (VIOLATED)
fanout894/X                              10     20    -10 (VIOLATED)
fanout896/X                              10     20    -10 (VIOLATED)
fanout898/X                              10     20    -10 (VIOLATED)
fanout900/X                              10     20    -10 (VIOLATED)
fanout902/X                              10     20    -10 (VIOLATED)
fanout904/X                              10     20    -10 (VIOLATED)
fanout906/X                              10     20    -10 (VIOLATED)
fanout908/X                              10     20    -10 (VIOLATED)
fanout910/X                              10     20    -10 (VIOLATED)
fanout912/X                              10     20    -10 (VIOLATED)
fanout914/X                              10     20    -10 (VIOLATED)
fanout916/X                              10     20    -10 (VIOLATED)
fanout918/X                              10     20    -10 (VIOLATED)
fanout920/X                              10     20    -10 (VIOLATED)
fanout922/X                              10     20    -10 (VIOLATED)
fanout924/X                              10     20    -10 (VIOLATED)
fanout926/X                              10     20    -10 (VIOLATED)
fanout928/X                              10     20    -10 (VIOLATED)
fanout930/X                              10     20    -10 (VIOLATED)
fanout933/X                              10     20    -10 (VIOLATED)
fanout935/X                              10     20    -10 (VIOLATED)
fanout937/X                              10     20    -10 (VIOLATED)
fanout938/X                              10     20    -10 (VIOLATED)
fanout939/X                              10     20    -10 (VIOLATED)
fanout940/X                              10     20    -10 (VIOLATED)
fanout941/X                              10     20    -10 (VIOLATED)
fanout947/X                              10     20    -10 (VIOLATED)
fanout952/X                              10     20    -10 (VIOLATED)
fanout954/X                              10     20    -10 (VIOLATED)
fanout956/X                              10     20    -10 (VIOLATED)
fanout958/X                              10     20    -10 (VIOLATED)
fanout962/X                              10     20    -10 (VIOLATED)
fanout964/X                              10     20    -10 (VIOLATED)
fanout966/X                              10     20    -10 (VIOLATED)
fanout968/X                              10     20    -10 (VIOLATED)
fanout969/X                              10     20    -10 (VIOLATED)
fanout970/X                              10     20    -10 (VIOLATED)
fanout973/X                              10     20    -10 (VIOLATED)
fanout974/X                              10     20    -10 (VIOLATED)
fanout977/X                              10     20    -10 (VIOLATED)
fanout978/X                              10     20    -10 (VIOLATED)
fanout981/X                              10     20    -10 (VIOLATED)
fanout982/X                              10     20    -10 (VIOLATED)
fanout983/X                              10     20    -10 (VIOLATED)
fanout985/X                              10     20    -10 (VIOLATED)
fanout989/X                              10     20    -10 (VIOLATED)
fanout990/X                              10     20    -10 (VIOLATED)
fanout992/X                              10     20    -10 (VIOLATED)
fanout998/X                              10     20    -10 (VIOLATED)
fanout999/X                              10     20    -10 (VIOLATED)
clkbuf_leaf_103_wb_clk_i/X               10     19     -9 (VIOLATED)
clkbuf_leaf_104_wb_clk_i/X               10     19     -9 (VIOLATED)
clkbuf_leaf_120_wb_clk_i/X               10     19     -9 (VIOLATED)
_08680_/Y                                10     18     -8 (VIOLATED)
_10520_/Y                                10     18     -8 (VIOLATED)
_10587_/X                                10     18     -8 (VIOLATED)
_10599_/X                                10     18     -8 (VIOLATED)
_15264_/Q                                10     18     -8 (VIOLATED)
clkbuf_4_0__f_wb_clk_i/X                 10     18     -8 (VIOLATED)
clkbuf_4_2__f_wb_clk_i/X                 10     18     -8 (VIOLATED)
clkbuf_4_4__f_wb_clk_i/X                 10     18     -8 (VIOLATED)
clkbuf_4_5__f_wb_clk_i/X                 10     18     -8 (VIOLATED)
clkbuf_leaf_35_wb_clk_i/X                10     18     -8 (VIOLATED)
clkbuf_leaf_36_wb_clk_i/X                10     18     -8 (VIOLATED)
fanout1000/X                             10     18     -8 (VIOLATED)
fanout1036/X                             10     18     -8 (VIOLATED)
fanout1209/X                             10     18     -8 (VIOLATED)
fanout270/X                              10     18     -8 (VIOLATED)
fanout315/X                              10     18     -8 (VIOLATED)
fanout385/X                              10     18     -8 (VIOLATED)
fanout435/X                              10     18     -8 (VIOLATED)
fanout578/X                              10     18     -8 (VIOLATED)
fanout590/X                              10     18     -8 (VIOLATED)
fanout683/X                              10     18     -8 (VIOLATED)
fanout747/X                              10     18     -8 (VIOLATED)
fanout763/X                              10     18     -8 (VIOLATED)
fanout787/X                              10     18     -8 (VIOLATED)
fanout802/X                              10     18     -8 (VIOLATED)
fanout871/X                              10     18     -8 (VIOLATED)
fanout907/X                              10     18     -8 (VIOLATED)
fanout993/X                              10     18     -8 (VIOLATED)
clkbuf_leaf_118_wb_clk_i/X               10     17     -7 (VIOLATED)
clkbuf_leaf_24_wb_clk_i/X                10     17     -7 (VIOLATED)
clkbuf_leaf_66_wb_clk_i/X                10     17     -7 (VIOLATED)
clkbuf_leaf_74_wb_clk_i/X                10     17     -7 (VIOLATED)
clkbuf_leaf_93_wb_clk_i/X                10     17     -7 (VIOLATED)
_07596_/Y                                10     16     -6 (VIOLATED)
_09453_/Y                                10     16     -6 (VIOLATED)
_09544_/X                                10     16     -6 (VIOLATED)
_11332_/X                                10     16     -6 (VIOLATED)
_11336_/X                                10     16     -6 (VIOLATED)
_13238_/Y                                10     16     -6 (VIOLATED)
_15216_/Q                                10     16     -6 (VIOLATED)
_15263_/Q                                10     16     -6 (VIOLATED)
clkbuf_0_wb_clk_i/X                      10     16     -6 (VIOLATED)
clkbuf_4_10__f_wb_clk_i/X                10     16     -6 (VIOLATED)
clkbuf_4_11__f_wb_clk_i/X                10     16     -6 (VIOLATED)
clkbuf_4_12__f_wb_clk_i/X                10     16     -6 (VIOLATED)
clkbuf_4_7__f_wb_clk_i/X                 10     16     -6 (VIOLATED)
clkbuf_leaf_12_wb_clk_i/X                10     16     -6 (VIOLATED)
clkbuf_leaf_22_wb_clk_i/X                10     16     -6 (VIOLATED)
fanout1025/X                             10     16     -6 (VIOLATED)
fanout1027/X                             10     16     -6 (VIOLATED)
fanout1070/X                             10     16     -6 (VIOLATED)
fanout1079/X                             10     16     -6 (VIOLATED)
fanout1088/X                             10     16     -6 (VIOLATED)
fanout1097/X                             10     16     -6 (VIOLATED)
fanout1188/X                             10     16     -6 (VIOLATED)
fanout1220/X                             10     16     -6 (VIOLATED)
fanout1256/X                             10     16     -6 (VIOLATED)
fanout234/X                              10     16     -6 (VIOLATED)
fanout412/X                              10     16     -6 (VIOLATED)
fanout419/X                              10     16     -6 (VIOLATED)
fanout443/X                              10     16     -6 (VIOLATED)
fanout447/X                              10     16     -6 (VIOLATED)
fanout451/X                              10     16     -6 (VIOLATED)
fanout455/X                              10     16     -6 (VIOLATED)
fanout463/X                              10     16     -6 (VIOLATED)
fanout479/X                              10     16     -6 (VIOLATED)
fanout483/X                              10     16     -6 (VIOLATED)
fanout566/X                              10     16     -6 (VIOLATED)
fanout574/X                              10     16     -6 (VIOLATED)
fanout584/X                              10     16     -6 (VIOLATED)
fanout594/X                              10     16     -6 (VIOLATED)
fanout617/X                              10     16     -6 (VIOLATED)
fanout679/X                              10     16     -6 (VIOLATED)
fanout695/X                              10     16     -6 (VIOLATED)
fanout699/X                              10     16     -6 (VIOLATED)
fanout703/X                              10     16     -6 (VIOLATED)
fanout727/X                              10     16     -6 (VIOLATED)
fanout731/X                              10     16     -6 (VIOLATED)
fanout741/X                              10     16     -6 (VIOLATED)
fanout743/X                              10     16     -6 (VIOLATED)
fanout775/X                              10     16     -6 (VIOLATED)
fanout791/X                              10     16     -6 (VIOLATED)
fanout806/X                              10     16     -6 (VIOLATED)
fanout810/X                              10     16     -6 (VIOLATED)
fanout826/X                              10     16     -6 (VIOLATED)
fanout830/X                              10     16     -6 (VIOLATED)
fanout834/X                              10     16     -6 (VIOLATED)
fanout840/X                              10     16     -6 (VIOLATED)
fanout844/X                              10     16     -6 (VIOLATED)
fanout859/X                              10     16     -6 (VIOLATED)
fanout867/X                              10     16     -6 (VIOLATED)
fanout879/X                              10     16     -6 (VIOLATED)
fanout895/X                              10     16     -6 (VIOLATED)
fanout972/X                              10     16     -6 (VIOLATED)
fanout986/X                              10     16     -6 (VIOLATED)
clkbuf_leaf_39_wb_clk_i/X                10     15     -5 (VIOLATED)
_07572_/Y                                10     14     -4 (VIOLATED)
_08651_/Y                                10     14     -4 (VIOLATED)
_08950_/Y                                10     14     -4 (VIOLATED)
_08980_/X                                10     14     -4 (VIOLATED)
_09013_/Y                                10     14     -4 (VIOLATED)
_09369_/Y                                10     14     -4 (VIOLATED)
_09499_/Y                                10     14     -4 (VIOLATED)
_10600_/X                                10     14     -4 (VIOLATED)
_10617_/Y                                10     14     -4 (VIOLATED)
_10626_/Y                                10     14     -4 (VIOLATED)
_10667_/Y                                10     14     -4 (VIOLATED)
_10669_/Y                                10     14     -4 (VIOLATED)
_10671_/X                                10     14     -4 (VIOLATED)
_10673_/X                                10     14     -4 (VIOLATED)
_10675_/X                                10     14     -4 (VIOLATED)
_10677_/X                                10     14     -4 (VIOLATED)
_15211_/Q                                10     14     -4 (VIOLATED)
_15212_/Q                                10     14     -4 (VIOLATED)
_15215_/Q                                10     14     -4 (VIOLATED)
_15217_/Q                                10     14     -4 (VIOLATED)
_15218_/Q                                10     14     -4 (VIOLATED)
_15260_/Q                                10     14     -4 (VIOLATED)
_15261_/Q                                10     14     -4 (VIOLATED)
_15262_/Q                                10     14     -4 (VIOLATED)
_16426_/Q                                10     14     -4 (VIOLATED)
clkbuf_4_14__f_wb_clk_i/X                10     14     -4 (VIOLATED)
clkbuf_4_15__f_wb_clk_i/X                10     14     -4 (VIOLATED)
clkbuf_4_8__f_wb_clk_i/X                 10     14     -4 (VIOLATED)
clkbuf_leaf_0_wb_clk_i/X                 10     14     -4 (VIOLATED)
clkbuf_leaf_15_wb_clk_i/X                10     14     -4 (VIOLATED)
clkbuf_leaf_25_wb_clk_i/X                10     14     -4 (VIOLATED)
clkbuf_leaf_27_wb_clk_i/X                10     14     -4 (VIOLATED)
clkbuf_leaf_40_wb_clk_i/X                10     14     -4 (VIOLATED)
clkbuf_leaf_65_wb_clk_i/X                10     14     -4 (VIOLATED)
clkbuf_leaf_84_wb_clk_i/X                10     14     -4 (VIOLATED)
fanout1006/X                             10     14     -4 (VIOLATED)
fanout1022/X                             10     14     -4 (VIOLATED)
fanout1107/X                             10     14     -4 (VIOLATED)
fanout1116/X                             10     14     -4 (VIOLATED)
fanout1120/X                             10     14     -4 (VIOLATED)
fanout1143/X                             10     14     -4 (VIOLATED)
fanout1153/X                             10     14     -4 (VIOLATED)
fanout1170/X                             10     14     -4 (VIOLATED)
fanout1196/X                             10     14     -4 (VIOLATED)
fanout1213/X                             10     14     -4 (VIOLATED)
fanout1230/X                             10     14     -4 (VIOLATED)
fanout1246/X                             10     14     -4 (VIOLATED)
fanout1250/X                             10     14     -4 (VIOLATED)
fanout1253/X                             10     14     -4 (VIOLATED)
fanout1260/X                             10     14     -4 (VIOLATED)
fanout263/X                              10     14     -4 (VIOLATED)
fanout267/X                              10     14     -4 (VIOLATED)
fanout299/X                              10     14     -4 (VIOLATED)
fanout311/X                              10     14     -4 (VIOLATED)
fanout433/X                              10     14     -4 (VIOLATED)
fanout445/X                              10     14     -4 (VIOLATED)
fanout449/X                              10     14     -4 (VIOLATED)
fanout453/X                              10     14     -4 (VIOLATED)
fanout457/X                              10     14     -4 (VIOLATED)
fanout459/X                              10     14     -4 (VIOLATED)
fanout465/X                              10     14     -4 (VIOLATED)
fanout471/X                              10     14     -4 (VIOLATED)
fanout475/X                              10     14     -4 (VIOLATED)
fanout481/X                              10     14     -4 (VIOLATED)
fanout485/X                              10     14     -4 (VIOLATED)
fanout487/X                              10     14     -4 (VIOLATED)
fanout547/X                              10     14     -4 (VIOLATED)
fanout568/X                              10     14     -4 (VIOLATED)
fanout570/X                              10     14     -4 (VIOLATED)
fanout576/X                              10     14     -4 (VIOLATED)
fanout596/X                              10     14     -4 (VIOLATED)
fanout602/X                              10     14     -4 (VIOLATED)
fanout619/X                              10     14     -4 (VIOLATED)
fanout675/X                              10     14     -4 (VIOLATED)
fanout681/X                              10     14     -4 (VIOLATED)
fanout691/X                              10     14     -4 (VIOLATED)
fanout697/X                              10     14     -4 (VIOLATED)
fanout701/X                              10     14     -4 (VIOLATED)
fanout705/X                              10     14     -4 (VIOLATED)
fanout707/X                              10     14     -4 (VIOLATED)
fanout711/X                              10     14     -4 (VIOLATED)
fanout721/X                              10     14     -4 (VIOLATED)
fanout723/X                              10     14     -4 (VIOLATED)
fanout729/X                              10     14     -4 (VIOLATED)
fanout733/X                              10     14     -4 (VIOLATED)
fanout737/X                              10     14     -4 (VIOLATED)
fanout745/X                              10     14     -4 (VIOLATED)
fanout751/X                              10     14     -4 (VIOLATED)
fanout755/X                              10     14     -4 (VIOLATED)
fanout767/X                              10     14     -4 (VIOLATED)
fanout777/X                              10     14     -4 (VIOLATED)
fanout779/X                              10     14     -4 (VIOLATED)
fanout783/X                              10     14     -4 (VIOLATED)
fanout798/X                              10     14     -4 (VIOLATED)
fanout808/X                              10     14     -4 (VIOLATED)
fanout812/X                              10     14     -4 (VIOLATED)
fanout814/X                              10     14     -4 (VIOLATED)
fanout818/X                              10     14     -4 (VIOLATED)
fanout822/X                              10     14     -4 (VIOLATED)
fanout828/X                              10     14     -4 (VIOLATED)
fanout832/X                              10     14     -4 (VIOLATED)
fanout836/X                              10     14     -4 (VIOLATED)
fanout842/X                              10     14     -4 (VIOLATED)
fanout846/X                              10     14     -4 (VIOLATED)
fanout861/X                              10     14     -4 (VIOLATED)
fanout863/X                              10     14     -4 (VIOLATED)
fanout869/X                              10     14     -4 (VIOLATED)
fanout877/X                              10     14     -4 (VIOLATED)
fanout881/X                              10     14     -4 (VIOLATED)
fanout883/X                              10     14     -4 (VIOLATED)
fanout887/X                              10     14     -4 (VIOLATED)
fanout897/X                              10     14     -4 (VIOLATED)
fanout899/X                              10     14     -4 (VIOLATED)
fanout903/X                              10     14     -4 (VIOLATED)
fanout915/X                              10     14     -4 (VIOLATED)
fanout919/X                              10     14     -4 (VIOLATED)
fanout925/X                              10     14     -4 (VIOLATED)
fanout927/X                              10     14     -4 (VIOLATED)
fanout946/X                              10     14     -4 (VIOLATED)
fanout967/X                              10     14     -4 (VIOLATED)
fanout975/X                              10     14     -4 (VIOLATED)
max_cap542/X                             10     14     -4 (VIOLATED)
wire498/X                                10     14     -4 (VIOLATED)
clkbuf_leaf_109_wb_clk_i/X               10     13     -3 (VIOLATED)
clkbuf_leaf_128_wb_clk_i/X               10     13     -3 (VIOLATED)
clkbuf_leaf_16_wb_clk_i/X                10     13     -3 (VIOLATED)
clkbuf_leaf_60_wb_clk_i/X                10     13     -3 (VIOLATED)
clkbuf_leaf_68_wb_clk_i/X                10     13     -3 (VIOLATED)
clkbuf_leaf_73_wb_clk_i/X                10     13     -3 (VIOLATED)
clkbuf_leaf_96_wb_clk_i/X                10     13     -3 (VIOLATED)
_09113_/Y                                10     12     -2 (VIOLATED)
_09197_/Y                                10     12     -2 (VIOLATED)
_09285_/Y                                10     12     -2 (VIOLATED)
_09325_/Y                                10     12     -2 (VIOLATED)
_09411_/Y                                10     12     -2 (VIOLATED)
_09714_/Y                                10     12     -2 (VIOLATED)
_09797_/Y                                10     12     -2 (VIOLATED)
_09972_/Y                                10     12     -2 (VIOLATED)
_10178_/Y                                10     12     -2 (VIOLATED)
_10225_/X                                10     12     -2 (VIOLATED)
_10607_/X                                10     12     -2 (VIOLATED)
_15210_/Q                                10     12     -2 (VIOLATED)
_15213_/Q                                10     12     -2 (VIOLATED)
_15214_/Q                                10     12     -2 (VIOLATED)
_15219_/Q                                10     12     -2 (VIOLATED)
_15220_/Q                                10     12     -2 (VIOLATED)
_15258_/Q                                10     12     -2 (VIOLATED)
_15259_/Q                                10     12     -2 (VIOLATED)
_15272_/Q                                10     12     -2 (VIOLATED)
_15378_/Q                                10     12     -2 (VIOLATED)
clkbuf_4_13__f_wb_clk_i/X                10     12     -2 (VIOLATED)
clkbuf_leaf_10_wb_clk_i/X                10     12     -2 (VIOLATED)
clkbuf_leaf_13_wb_clk_i/X                10     12     -2 (VIOLATED)
clkbuf_leaf_20_wb_clk_i/X                10     12     -2 (VIOLATED)
clkbuf_leaf_76_wb_clk_i/X                10     12     -2 (VIOLATED)
clkbuf_leaf_92_wb_clk_i/X                10     12     -2 (VIOLATED)
fanout1103/X                             10     12     -2 (VIOLATED)
fanout1124/X                             10     12     -2 (VIOLATED)
fanout1198/X                             10     12     -2 (VIOLATED)
fanout1237/X                             10     12     -2 (VIOLATED)
fanout1242/X                             10     12     -2 (VIOLATED)
fanout230/X                              10     12     -2 (VIOLATED)
fanout235/X                              10     12     -2 (VIOLATED)
fanout380/X                              10     12     -2 (VIOLATED)
fanout391/X                              10     12     -2 (VIOLATED)
fanout400/X                              10     12     -2 (VIOLATED)
fanout437/X                              10     12     -2 (VIOLATED)
fanout491/X                              10     12     -2 (VIOLATED)
fanout493/X                              10     12     -2 (VIOLATED)
fanout544/X                              10     12     -2 (VIOLATED)
fanout558/X                              10     12     -2 (VIOLATED)
fanout560/X                              10     12     -2 (VIOLATED)
fanout562/X                              10     12     -2 (VIOLATED)
fanout564/X                              10     12     -2 (VIOLATED)
fanout580/X                              10     12     -2 (VIOLATED)
fanout586/X                              10     12     -2 (VIOLATED)
fanout588/X                              10     12     -2 (VIOLATED)
fanout592/X                              10     12     -2 (VIOLATED)
fanout598/X                              10     12     -2 (VIOLATED)
fanout600/X                              10     12     -2 (VIOLATED)
fanout660/X                              10     12     -2 (VIOLATED)
fanout685/X                              10     12     -2 (VIOLATED)
fanout687/X                              10     12     -2 (VIOLATED)
fanout689/X                              10     12     -2 (VIOLATED)
fanout749/X                              10     12     -2 (VIOLATED)
fanout759/X                              10     12     -2 (VIOLATED)
fanout761/X                              10     12     -2 (VIOLATED)
fanout765/X                              10     12     -2 (VIOLATED)
fanout771/X                              10     12     -2 (VIOLATED)
fanout773/X                              10     12     -2 (VIOLATED)
fanout789/X                              10     12     -2 (VIOLATED)
fanout804/X                              10     12     -2 (VIOLATED)
fanout873/X                              10     12     -2 (VIOLATED)
fanout891/X                              10     12     -2 (VIOLATED)
fanout893/X                              10     12     -2 (VIOLATED)
fanout909/X                              10     12     -2 (VIOLATED)
fanout911/X                              10     12     -2 (VIOLATED)
fanout913/X                              10     12     -2 (VIOLATED)
fanout932/X                              10     12     -2 (VIOLATED)
fanout976/X                              10     12     -2 (VIOLATED)
clkbuf_leaf_101_wb_clk_i/X               10     11        (VIOLATED)
clkbuf_leaf_111_wb_clk_i/X               10     11        (VIOLATED)
clkbuf_leaf_113_wb_clk_i/X               10     11        (VIOLATED)
clkbuf_leaf_114_wb_clk_i/X               10     11        (VIOLATED)
clkbuf_leaf_122_wb_clk_i/X               10     11        (VIOLATED)
clkbuf_leaf_123_wb_clk_i/X               10     11        (VIOLATED)
clkbuf_leaf_1_wb_clk_i/X                 10     11        (VIOLATED)
clkbuf_leaf_21_wb_clk_i/X                10     11        (VIOLATED)
clkbuf_leaf_77_wb_clk_i/X                10     11        (VIOLATED)
clkbuf_leaf_80_wb_clk_i/X                10     11        (VIOLATED)
clkbuf_leaf_86_wb_clk_i/X                10     11        (VIOLATED)
clkbuf_leaf_97_wb_clk_i/X                10     11        (VIOLATED)
clkbuf_leaf_99_wb_clk_i/X                10     11        (VIOLATED)



===========================================================================
report_parasitic_annotation -report_unannotated
============================================================================
Found 487 unannotated drivers.
 gpio_in[0]
 gpio_in[10]
 gpio_in[11]
 gpio_in[12]
 gpio_in[13]
 gpio_in[14]
 gpio_in[15]
 gpio_in[16]
 gpio_in[17]
 gpio_in[18]
 gpio_in[1]
 gpio_in[23]
 gpio_in[24]
 gpio_in[25]
 gpio_in[26]
 gpio_in[27]
 gpio_in[28]
 gpio_in[29]
 gpio_in[2]
 gpio_in[30]
 gpio_in[31]
 gpio_in[32]
 gpio_in[33]
 gpio_in[34]
 gpio_in[35]
 gpio_in[36]
 gpio_in[37]
 gpio_in[3]
 gpio_in[4]
 gpio_in[5]
 gpio_in[6]
 gpio_in[7]
 gpio_in[8]
 gpio_in[9]
 la_data_in[0]
 la_data_in[100]
 la_data_in[101]
 la_data_in[102]
 la_data_in[103]
 la_data_in[104]
 la_data_in[105]
 la_data_in[106]
 la_data_in[107]
 la_data_in[108]
 la_data_in[109]
 la_data_in[10]
 la_data_in[110]
 la_data_in[111]
 la_data_in[112]
 la_data_in[113]
 la_data_in[114]
 la_data_in[115]
 la_data_in[116]
 la_data_in[117]
 la_data_in[118]
 la_data_in[119]
 la_data_in[11]
 la_data_in[120]
 la_data_in[121]
 la_data_in[122]
 la_data_in[123]
 la_data_in[124]
 la_data_in[125]
 la_data_in[126]
 la_data_in[127]
 la_data_in[12]
 la_data_in[13]
 la_data_in[14]
 la_data_in[15]
 la_data_in[16]
 la_data_in[17]
 la_data_in[18]
 la_data_in[19]
 la_data_in[1]
 la_data_in[20]
 la_data_in[21]
 la_data_in[22]
 la_data_in[23]
 la_data_in[24]
 la_data_in[25]
 la_data_in[26]
 la_data_in[27]
 la_data_in[28]
 la_data_in[29]
 la_data_in[2]
 la_data_in[30]
 la_data_in[31]
 la_data_in[32]
 la_data_in[33]
 la_data_in[34]
 la_data_in[35]
 la_data_in[36]
 la_data_in[37]
 la_data_in[38]
 la_data_in[39]
 la_data_in[3]
 la_data_in[40]
 la_data_in[41]
 la_data_in[42]
 la_data_in[43]
 la_data_in[44]
 la_data_in[45]
 la_data_in[46]
 la_data_in[47]
 la_data_in[48]
 la_data_in[49]
 la_data_in[4]
 la_data_in[50]
 la_data_in[51]
 la_data_in[52]
 la_data_in[53]
 la_data_in[54]
 la_data_in[55]
 la_data_in[56]
 la_data_in[57]
 la_data_in[58]
 la_data_in[59]
 la_data_in[5]
 la_data_in[60]
 la_data_in[61]
 la_data_in[62]
 la_data_in[63]
 la_data_in[64]
 la_data_in[65]
 la_data_in[66]
 la_data_in[67]
 la_data_in[68]
 la_data_in[69]
 la_data_in[6]
 la_data_in[70]
 la_data_in[71]
 la_data_in[72]
 la_data_in[73]
 la_data_in[74]
 la_data_in[75]
 la_data_in[76]
 la_data_in[77]
 la_data_in[78]
 la_data_in[79]
 la_data_in[7]
 la_data_in[80]
 la_data_in[81]
 la_data_in[82]
 la_data_in[83]
 la_data_in[84]
 la_data_in[85]
 la_data_in[86]
 la_data_in[87]
 la_data_in[88]
 la_data_in[89]
 la_data_in[8]
 la_data_in[90]
 la_data_in[91]
 la_data_in[92]
 la_data_in[93]
 la_data_in[94]
 la_data_in[95]
 la_data_in[96]
 la_data_in[97]
 la_data_in[98]
 la_data_in[99]
 la_data_in[9]
 la_oenb[0]
 la_oenb[100]
 la_oenb[101]
 la_oenb[102]
 la_oenb[103]
 la_oenb[104]
 la_oenb[105]
 la_oenb[106]
 la_oenb[107]
 la_oenb[108]
 la_oenb[109]
 la_oenb[10]
 la_oenb[110]
 la_oenb[111]
 la_oenb[112]
 la_oenb[113]
 la_oenb[114]
 la_oenb[115]
 la_oenb[116]
 la_oenb[117]
 la_oenb[118]
 la_oenb[119]
 la_oenb[11]
 la_oenb[120]
 la_oenb[121]
 la_oenb[122]
 la_oenb[123]
 la_oenb[124]
 la_oenb[125]
 la_oenb[126]
 la_oenb[127]
 la_oenb[12]
 la_oenb[13]
 la_oenb[14]
 la_oenb[15]
 la_oenb[16]
 la_oenb[17]
 la_oenb[18]
 la_oenb[19]
 la_oenb[1]
 la_oenb[20]
 la_oenb[21]
 la_oenb[22]
 la_oenb[23]
 la_oenb[24]
 la_oenb[25]
 la_oenb[26]
 la_oenb[27]
 la_oenb[28]
 la_oenb[29]
 la_oenb[2]
 la_oenb[30]
 la_oenb[31]
 la_oenb[32]
 la_oenb[33]
 la_oenb[34]
 la_oenb[35]
 la_oenb[36]
 la_oenb[37]
 la_oenb[38]
 la_oenb[39]
 la_oenb[3]
 la_oenb[40]
 la_oenb[41]
 la_oenb[42]
 la_oenb[43]
 la_oenb[44]
 la_oenb[45]
 la_oenb[46]
 la_oenb[47]
 la_oenb[48]
 la_oenb[49]
 la_oenb[4]
 la_oenb[50]
 la_oenb[51]
 la_oenb[52]
 la_oenb[53]
 la_oenb[54]
 la_oenb[55]
 la_oenb[56]
 la_oenb[57]
 la_oenb[58]
 la_oenb[59]
 la_oenb[5]
 la_oenb[60]
 la_oenb[61]
 la_oenb[62]
 la_oenb[63]
 la_oenb[64]
 la_oenb[65]
 la_oenb[66]
 la_oenb[67]
 la_oenb[68]
 la_oenb[69]
 la_oenb[6]
 la_oenb[70]
 la_oenb[71]
 la_oenb[72]
 la_oenb[73]
 la_oenb[74]
 la_oenb[75]
 la_oenb[76]
 la_oenb[77]
 la_oenb[78]
 la_oenb[79]
 la_oenb[7]
 la_oenb[80]
 la_oenb[81]
 la_oenb[82]
 la_oenb[83]
 la_oenb[84]
 la_oenb[85]
 la_oenb[86]
 la_oenb[87]
 la_oenb[88]
 la_oenb[89]
 la_oenb[8]
 la_oenb[90]
 la_oenb[91]
 la_oenb[92]
 la_oenb[93]
 la_oenb[94]
 la_oenb[95]
 la_oenb[96]
 la_oenb[97]
 la_oenb[98]
 la_oenb[99]
 la_oenb[9]
 wbs_sel_i[0]
 wbs_sel_i[1]
 wbs_sel_i[2]
 wbs_sel_i[3]
 _16699__1266/HI
 _16700__1438/LO
 _16701__1439/LO
 _16702__1440/LO
 _16703__1441/LO
 _16704__1442/LO
 _16705__1443/LO
 _16706__1444/LO
 _16707__1445/LO
 _16708__1267/HI
 _16709__1268/HI
 _16710__1269/HI
 _16711__1270/HI
 _16712__1271/HI
 _16713__1272/HI
 _16714__1273/HI
 _16715__1274/HI
 _16716__1275/HI
 _16717__1276/HI
 _16718__1446/LO
 _16719__1447/LO
 _16720__1448/LO
 _16721__1449/LO
 _16722__1277/HI
 _16723__1278/HI
 _16724__1279/HI
 _16725__1280/HI
 _16726__1450/LO
 _16727__1451/LO
 _16728__1452/LO
 _16729__1453/LO
 _16730__1454/LO
 _16731__1455/LO
 _16732__1456/LO
 _16733__1457/LO
 _16734__1458/LO
 _16735__1281/HI
 _16736__1282/HI
 _16738__1283/HI
 _16739__1284/HI
 _16740__1285/HI
 _16741__1286/HI
 _16742__1287/HI
 _16743__1288/HI
 _16744__1289/HI
 _16745__1290/HI
 _16746__1291/HI
 _16748__1292/HI
 _16749__1293/HI
 _16750__1294/HI
 _16751__1295/HI
 _16752__1296/HI
 _16753__1297/HI
 _16754__1298/HI
 _16755__1299/HI
 _16756__1300/HI
 _16757__1301/HI
 _16758__1302/HI
 _16759__1303/HI
 _16760__1304/HI
 _16761__1305/HI
 _16762__1306/HI
 _16763__1307/HI
 _16764__1308/HI
 _16765__1309/HI
 _16766__1310/HI
 _16767__1311/HI
 _16768__1312/HI
 _16769__1313/HI
 _16770__1314/HI
 _16771__1315/HI
 _16772__1316/HI
 _16773__1317/HI
 _16774__1318/HI
 _16775__1319/HI
 _16776__1320/HI
 _16777__1321/HI
 _16778__1322/HI
 _16779__1323/HI
 _16780__1324/HI
 _16781__1325/HI
 _16782__1326/HI
 _16783__1327/HI
 _16784__1328/HI
 _16785__1329/HI
 _16786__1330/HI
 _16787__1331/HI
 _16788__1332/HI
 _16789__1333/HI
 _16790__1334/HI
 _16791__1335/HI
 _16792__1336/HI
 _16793__1337/HI
 _16794__1338/HI
 _16795__1339/HI
 _16796__1340/HI
 _16797__1341/HI
 _16798__1342/HI
 _16799__1343/HI
 _16800__1344/HI
 _16801__1345/HI
 _16802__1346/HI
 _16803__1347/HI
 _16804__1348/HI
 _16805__1349/HI
 _16806__1350/HI
 _16807__1351/HI
 _16808__1352/HI
 _16809__1353/HI
 _16810__1354/HI
 _16811__1355/HI
 _16812__1356/HI
 _16813__1357/HI
 _16814__1358/HI
 _16815__1359/HI
 _16816__1360/HI
 _16817__1361/HI
 _16818__1362/HI
 _16819__1363/HI
 _16820__1364/HI
 _16821__1365/HI
 _16822__1366/HI
 _16823__1367/HI
 _16824__1368/HI
 _16825__1369/HI
 _16826__1370/HI
 _16827__1371/HI
 _16828__1372/HI
 _16829__1373/HI
 _16830__1374/HI
 _16831__1375/HI
 _16832__1376/HI
 _16833__1377/HI
 _16834__1378/HI
 _16835__1379/HI
 _16836__1380/HI
 _16837__1381/HI
 _16838__1382/HI
 _16839__1383/HI
 _16840__1384/HI
 _16841__1385/HI
 _16842__1386/HI
 _16843__1387/HI
 _16844__1388/HI
 _16845__1389/HI
 _16846__1390/HI
 _16847__1391/HI
 _16848__1392/HI
 _16849__1393/HI
 _16850__1394/HI
 _16851__1395/HI
 _16852__1396/HI
 _16853__1397/HI
 _16854__1398/HI
 _16855__1399/HI
 _16856__1400/HI
 _16857__1401/HI
 _16858__1402/HI
 _16859__1403/HI
 _16860__1404/HI
 _16861__1405/HI
 _16862__1406/HI
 _16863__1407/HI
 _16864__1408/HI
 _16865__1409/HI
 _16866__1410/HI
 _16867__1411/HI
 _16868__1412/HI
 _16869__1413/HI
 _16870__1414/HI
 _16871__1415/HI
 _16872__1416/HI
 _16873__1417/HI
 _16874__1418/HI
 _16875__1419/HI
 _16876__1420/HI
 _16877__1421/HI
 _16878__1422/HI
 _16879__1423/HI
 _16880__1424/HI
 _16881__1425/HI
 _16882__1426/HI
 _16883__1427/HI
 _16884__1428/HI
 _16885__1429/HI
 _16886__1430/HI
 _16887__1431/HI
 _16888__1432/HI
 _16889__1433/HI
 _16890__1434/HI
 _16891__1435/HI
 _16892__1436/HI
 _16893__1437/HI
Found 0 partially unannotated drivers.

===========================================================================
max slew violation count 31
max fanout violation count 665
max cap violation count 0
============================================================================

===========================================================================
check_setup -verbose -unconstrained_endpoints -multiple_clock -no_clock -no_input_delay -loops -generated_clocks
===========================================================================
Warning: There are 193 unconstrained endpoints.
  gpio_oeb[0]
  gpio_oeb[10]
  gpio_oeb[11]
  gpio_oeb[12]
  gpio_oeb[13]
  gpio_oeb[14]
  gpio_oeb[15]
  gpio_oeb[16]
  gpio_oeb[17]
  gpio_oeb[18]
  gpio_oeb[19]
  gpio_oeb[1]
  gpio_oeb[20]
  gpio_oeb[21]
  gpio_oeb[22]
  gpio_oeb[23]
  gpio_oeb[24]
  gpio_oeb[25]
  gpio_oeb[26]
  gpio_oeb[27]
  gpio_oeb[28]
  gpio_oeb[29]
  gpio_oeb[2]
  gpio_oeb[30]
  gpio_oeb[31]
  gpio_oeb[32]
  gpio_oeb[33]
  gpio_oeb[34]
  gpio_oeb[35]
  gpio_oeb[36]
  gpio_oeb[37]
  gpio_oeb[3]
  gpio_oeb[4]
  gpio_oeb[5]
  gpio_oeb[6]
  gpio_oeb[7]
  gpio_oeb[8]
  gpio_oeb[9]
  gpio_out[19]
  gpio_out[1]
  gpio_out[20]
  gpio_out[21]
  gpio_out[22]
  gpio_out[27]
  gpio_out[28]
  gpio_out[29]
  gpio_out[2]
  gpio_out[30]
  gpio_out[31]
  gpio_out[32]
  gpio_out[33]
  gpio_out[34]
  gpio_out[35]
  gpio_out[36]
  gpio_out[37]
  gpio_out[3]
  gpio_out[4]
  gpio_out[5]
  gpio_out[6]
  gpio_out[7]
  gpio_out[8]
  gpio_out[9]
  irq[0]
  irq[1]
  irq[2]
  la_data_out[0]
  la_data_out[100]
  la_data_out[101]
  la_data_out[102]
  la_data_out[103]
  la_data_out[104]
  la_data_out[105]
  la_data_out[106]
  la_data_out[107]
  la_data_out[108]
  la_data_out[109]
  la_data_out[10]
  la_data_out[110]
  la_data_out[111]
  la_data_out[112]
  la_data_out[113]
  la_data_out[114]
  la_data_out[115]
  la_data_out[116]
  la_data_out[117]
  la_data_out[118]
  la_data_out[119]
  la_data_out[11]
  la_data_out[120]
  la_data_out[121]
  la_data_out[122]
  la_data_out[123]
  la_data_out[124]
  la_data_out[125]
  la_data_out[126]
  la_data_out[127]
  la_data_out[12]
  la_data_out[13]
  la_data_out[14]
  la_data_out[15]
  la_data_out[16]
  la_data_out[17]
  la_data_out[18]
  la_data_out[19]
  la_data_out[1]
  la_data_out[20]
  la_data_out[21]
  la_data_out[22]
  la_data_out[23]
  la_data_out[24]
  la_data_out[25]
  la_data_out[26]
  la_data_out[27]
  la_data_out[28]
  la_data_out[29]
  la_data_out[2]
  la_data_out[30]
  la_data_out[31]
  la_data_out[32]
  la_data_out[33]
  la_data_out[34]
  la_data_out[35]
  la_data_out[36]
  la_data_out[37]
  la_data_out[38]
  la_data_out[39]
  la_data_out[3]
  la_data_out[40]
  la_data_out[41]
  la_data_out[42]
  la_data_out[43]
  la_data_out[44]
  la_data_out[45]
  la_data_out[46]
  la_data_out[47]
  la_data_out[48]
  la_data_out[49]
  la_data_out[4]
  la_data_out[50]
  la_data_out[51]
  la_data_out[52]
  la_data_out[53]
  la_data_out[54]
  la_data_out[55]
  la_data_out[56]
  la_data_out[57]
  la_data_out[58]
  la_data_out[59]
  la_data_out[5]
  la_data_out[60]
  la_data_out[61]
  la_data_out[62]
  la_data_out[63]
  la_data_out[64]
  la_data_out[65]
  la_data_out[66]
  la_data_out[67]
  la_data_out[68]
  la_data_out[69]
  la_data_out[6]
  la_data_out[70]
  la_data_out[71]
  la_data_out[72]
  la_data_out[73]
  la_data_out[74]
  la_data_out[75]
  la_data_out[76]
  la_data_out[77]
  la_data_out[78]
  la_data_out[79]
  la_data_out[7]
  la_data_out[80]
  la_data_out[81]
  la_data_out[82]
  la_data_out[83]
  la_data_out[84]
  la_data_out[85]
  la_data_out[86]
  la_data_out[87]
  la_data_out[88]
  la_data_out[89]
  la_data_out[8]
  la_data_out[90]
  la_data_out[91]
  la_data_out[92]
  la_data_out[93]
  la_data_out[94]
  la_data_out[95]
  la_data_out[96]
  la_data_out[97]
  la_data_out[98]
  la_data_out[99]
  la_data_out[9]
