
===========================================================================
report_checks -unconstrained
===========================================================================
======================= nom_ff_n40C_1v95 Corner ===================================

Startpoint: wb_rst_i (input port clocked by wb_clk_i)
Endpoint: _15311_ (recovery check against rising-edge clock wb_clk_i)
Path Group: asynchronous
Path Type: max

Fanout         Cap        Slew       Delay        Time   Description
---------------------------------------------------------------------------------------------
                                  0.000000    0.000000   clock wb_clk_i (rise edge)
                                  0.000000    0.000000   clock network delay (propagated)
                                 20.000000   20.000000 v input external delay
     2    0.003507    0.005759    0.002895   20.002895 v wb_rst_i (in)
                                                         wb_rst_i (net)
                      0.005759    0.000000   20.002895 v input38/A (sky130_fd_sc_hd__clkbuf_1)
     1    0.005479    0.027743    0.055653   20.058550 v input38/X (sky130_fd_sc_hd__clkbuf_1)
                                                         net38 (net)
                      0.027743    0.000167   20.058716 v fanout1265/A (sky130_fd_sc_hd__buf_4)
    11    0.115423    0.104416    0.161103   20.219820 v fanout1265/X (sky130_fd_sc_hd__buf_4)
                                                         net1265 (net)
                      0.104487    0.002292   20.222111 v fanout1264/A (sky130_fd_sc_hd__clkbuf_4)
    11    0.089625    0.124249    0.207452   20.429564 v fanout1264/X (sky130_fd_sc_hd__clkbuf_4)
                                                         net1264 (net)
                      0.124271    0.001702   20.431265 v fanout1263/A (sky130_fd_sc_hd__clkbuf_8)
    21    0.111780    0.088782    0.176067   20.607332 v fanout1263/X (sky130_fd_sc_hd__clkbuf_8)
                                                         net1263 (net)
                      0.088816    0.001666   20.608997 v fanout1262/A (sky130_fd_sc_hd__clkbuf_4)
    13    0.062371    0.089704    0.175051   20.784048 v fanout1262/X (sky130_fd_sc_hd__clkbuf_4)
                                                         net1262 (net)
                      0.089732    0.001322   20.785370 v fanout1261/A (sky130_fd_sc_hd__buf_4)
    21    0.079269    0.076831    0.163624   20.948994 v fanout1261/X (sky130_fd_sc_hd__buf_4)
                                                         net1261 (net)
                      0.076953    0.002581   20.951576 v fanout1260/A (sky130_fd_sc_hd__buf_4)
    21    0.084234    0.079975    0.162794   21.114370 v fanout1260/X (sky130_fd_sc_hd__buf_4)
                                                         net1260 (net)
                      0.079992    0.000997   21.115366 v fanout1259/A (sky130_fd_sc_hd__buf_4)
    10    0.060206    0.064554    0.149539   21.264906 v fanout1259/X (sky130_fd_sc_hd__buf_4)
                                                         net1259 (net)
                      0.064582    0.001316   21.266222 v fanout1258/A (sky130_fd_sc_hd__buf_4)
    10    0.056695    0.061182    0.141306   21.407528 v fanout1258/X (sky130_fd_sc_hd__buf_4)
                                                         net1258 (net)
                      0.061279    0.002144   21.409672 v _13910_/A (sky130_fd_sc_hd__inv_2)
     1    0.004759    0.027652    0.043954   21.453625 ^ _13910_/Y (sky130_fd_sc_hd__inv_2)
                                                         _00124_ (net)
                      0.027652    0.000110   21.453735 ^ _15311_/RESET_B (sky130_fd_sc_hd__dfrtp_1)
                                             21.453735   data arrival time

                                100.000000  100.000000   clock wb_clk_i (rise edge)
                                  0.000000  100.000000   clock source latency
     2    0.079207    0.269715    0.194113  100.194107 ^ wb_clk_i (in)
                                                         wb_clk_i (net)
                      0.271893    0.000000  100.194107 ^ clkbuf_0_wb_clk_i/A (sky130_fd_sc_hd__clkbuf_16)
    17    0.197204    0.162818    0.217334  100.411446 ^ clkbuf_0_wb_clk_i/X (sky130_fd_sc_hd__clkbuf_16)
                                                         clknet_0_wb_clk_i (net)
                      0.168394    0.023704  100.435150 ^ clkbuf_3_7_0_wb_clk_i/A (sky130_fd_sc_hd__clkbuf_8)
     5    0.046714    0.070849    0.143714  100.578865 ^ clkbuf_3_7_0_wb_clk_i/X (sky130_fd_sc_hd__clkbuf_8)
                                                         clknet_3_7_0_wb_clk_i (net)
                      0.070986    0.002110  100.580971 ^ clkbuf_4_14__f_wb_clk_i/A (sky130_fd_sc_hd__clkbuf_16)
    15    0.074026    0.069982    0.125816  100.706787 ^ clkbuf_4_14__f_wb_clk_i/X (sky130_fd_sc_hd__clkbuf_16)
                                                         clknet_4_14__leaf_wb_clk_i (net)
                      0.070182    0.002963  100.709747 ^ clkbuf_leaf_61_wb_clk_i/A (sky130_fd_sc_hd__clkbuf_8)
    14    0.044368    0.066681    0.121176  100.830925 ^ clkbuf_leaf_61_wb_clk_i/X (sky130_fd_sc_hd__clkbuf_8)
                                                         clknet_leaf_61_wb_clk_i (net)
                      0.066690    0.000810  100.831734 ^ _15311_/CLK (sky130_fd_sc_hd__dfrtp_1)
                                 -0.250000  100.581741   clock uncertainty
                                  0.000000  100.581741   clock reconvergence pessimism
                                  0.149613  100.731354   library recovery time
                                            100.731354   data required time
---------------------------------------------------------------------------------------------
                                            100.731354   data required time
                                            -21.453735   data arrival time
---------------------------------------------------------------------------------------------
                                             79.277611   slack (MET)


Startpoint: wbs_adr_i[30] (input port clocked by wb_clk_i)
Endpoint: wbs_dat_o[4] (output port clocked by wb_clk_i)
Path Group: wb_clk_i
Path Type: max

Fanout         Cap        Slew       Delay        Time   Description
---------------------------------------------------------------------------------------------
                                  0.000000    0.000000   clock wb_clk_i (rise edge)
                                  0.000000    0.000000   clock network delay (propagated)
                                 20.000000   20.000000 v input external delay
     2    0.005885    0.009650    0.005254   20.005255 v wbs_adr_i[30] (in)
                                                         wbs_adr_i[30] (net)
                      0.009650    0.000000   20.005255 v input62/A (sky130_fd_sc_hd__buf_2)
     3    0.048551    0.083547    0.121362   20.126617 v input62/X (sky130_fd_sc_hd__buf_2)
                                                         net62 (net)
                      0.085610    0.010424   20.137041 v _08595_/B (sky130_fd_sc_hd__or4bb_4)
     3    0.047667    0.109298    0.387434   20.524475 v _08595_/X (sky130_fd_sc_hd__or4bb_4)
                                                         _04256_ (net)
                      0.110629    0.009061   20.533537 v _08597_/C (sky130_fd_sc_hd__or4_1)
     1    0.002581    0.051725    0.278693   20.812229 v _08597_/X (sky130_fd_sc_hd__or4_1)
                                                         _04258_ (net)
                      0.051725    0.000080   20.812309 v _08598_/D (sky130_fd_sc_hd__or4_1)
     1    0.007495    0.073528    0.248347   21.060656 v _08598_/X (sky130_fd_sc_hd__or4_1)
                                                         _04259_ (net)
                      0.073528    0.000345   21.061001 v fanout1005/A (sky130_fd_sc_hd__buf_2)
    15    0.054295    0.090601    0.157909   21.218910 v fanout1005/X (sky130_fd_sc_hd__buf_2)
                                                         net1005 (net)
                      0.090791    0.003130   21.222040 v fanout1004/A (sky130_fd_sc_hd__clkbuf_2)
     8    0.035911    0.096138    0.153873   21.375914 v fanout1004/X (sky130_fd_sc_hd__clkbuf_2)
                                                         net1004 (net)
                      0.096194    0.002128   21.378042 v fanout1003/A (sky130_fd_sc_hd__clkbuf_2)
     5    0.021758    0.061450    0.130036   21.508078 v fanout1003/X (sky130_fd_sc_hd__clkbuf_2)
                                                         net1003 (net)
                      0.061457    0.000671   21.508749 v _08599_/B (sky130_fd_sc_hd__nor2_4)
    19    0.066970    0.300752    0.245741   21.754490 ^ _08599_/Y (sky130_fd_sc_hd__nor2_4)
                                                         _04260_ (net)
                      0.300761    0.001357   21.755848 ^ _13464_/B (sky130_fd_sc_hd__and2_1)
     1    0.005721    0.054970    0.114440   21.870287 ^ _13464_/X (sky130_fd_sc_hd__and2_1)
                                                         net218 (net)
                      0.054971    0.000242   21.870529 ^ output218/A (sky130_fd_sc_hd__buf_2)
     1    0.035604    0.132926    0.147431   22.017960 ^ output218/X (sky130_fd_sc_hd__buf_2)
                                                         wbs_dat_o[4] (net)
                      0.132936    0.000966   22.018927 ^ wbs_dat_o[4] (out)
                                             22.018927   data arrival time

                                100.000000  100.000000   clock wb_clk_i (rise edge)
                                  0.000000  100.000000   clock network delay (propagated)
                                 -0.250000   99.750000   clock uncertainty
                                  0.000000   99.750000   clock reconvergence pessimism
                                -20.000000   79.750000   output external delay
                                             79.750000   data required time
---------------------------------------------------------------------------------------------
                                             79.750000   data required time
                                            -22.018927   data arrival time
---------------------------------------------------------------------------------------------
                                             57.731071   slack (MET)




===========================================================================
report_checks --slack_max -0.01
============================================================================
======================= nom_ff_n40C_1v95 Corner ===================================

No paths found.


===========================================================================
 report_check_types -max_slew -max_cap -max_fanout -violators
============================================================================
======================= nom_ff_n40C_1v95 Corner ===================================

max slew

Pin                                        Limit        Slew       Slack
------------------------------------------------------------------------
wire627/A                               0.750000    0.755903   -0.005903 (VIOLATED)
ANTENNA_wire627_A/DIODE                 0.750000    0.755903   -0.005903 (VIOLATED)
ANTENNA__09772__Y/DIODE                 0.750000    0.755891   -0.005891 (VIOLATED)
_09772_/Y                               0.750000    0.755891   -0.005891 (VIOLATED)

max fanout

Pin                                   Limit Fanout  Slack
---------------------------------------------------------
clkbuf_leaf_80_wb_clk_i/X                10     51    -41 (VIOLATED)
clkbuf_leaf_70_wb_clk_i/X                10     47    -37 (VIOLATED)
clkbuf_leaf_40_wb_clk_i/X                10     39    -29 (VIOLATED)
clkbuf_leaf_48_wb_clk_i/X                10     39    -29 (VIOLATED)
clkbuf_leaf_30_wb_clk_i/X                10     37    -27 (VIOLATED)
clkbuf_leaf_115_wb_clk_i/X               10     33    -23 (VIOLATED)
clkbuf_leaf_17_wb_clk_i/X                10     33    -23 (VIOLATED)
clkbuf_leaf_22_wb_clk_i/X                10     33    -23 (VIOLATED)
clkbuf_leaf_18_wb_clk_i/X                10     31    -21 (VIOLATED)
clkbuf_4_2__f_wb_clk_i/X                 10     23    -13 (VIOLATED)
_08065_/Y                                10     21    -11 (VIOLATED)
_08718_/Y                                10     21    -11 (VIOLATED)
_09012_/X                                10     21    -11 (VIOLATED)
_10593_/Y                                10     21    -11 (VIOLATED)
_10596_/Y                                10     21    -11 (VIOLATED)
_13411_/X                                10     21    -11 (VIOLATED)
_15247_/Q                                10     21    -11 (VIOLATED)
_15376_/Q                                10     21    -11 (VIOLATED)
clkbuf_leaf_95_wb_clk_i/X                10     21    -11 (VIOLATED)
fanout1014/X                             10     21    -11 (VIOLATED)
fanout1018/X                             10     21    -11 (VIOLATED)
fanout1019/X                             10     21    -11 (VIOLATED)
fanout1021/X                             10     21    -11 (VIOLATED)
fanout1023/X                             10     21    -11 (VIOLATED)
fanout1026/X                             10     21    -11 (VIOLATED)
fanout1028/X                             10     21    -11 (VIOLATED)
fanout1034/X                             10     21    -11 (VIOLATED)
fanout1035/X                             10     21    -11 (VIOLATED)
fanout1037/X                             10     21    -11 (VIOLATED)
fanout1040/X                             10     21    -11 (VIOLATED)
fanout1042/X                             10     21    -11 (VIOLATED)
fanout1043/X                             10     21    -11 (VIOLATED)
fanout1047/X                             10     21    -11 (VIOLATED)
fanout1048/X                             10     21    -11 (VIOLATED)
fanout1053/X                             10     21    -11 (VIOLATED)
fanout1054/X                             10     21    -11 (VIOLATED)
fanout1055/X                             10     21    -11 (VIOLATED)
fanout1058/X                             10     21    -11 (VIOLATED)
fanout1066/X                             10     21    -11 (VIOLATED)
fanout1068/X                             10     21    -11 (VIOLATED)
fanout1074/X                             10     21    -11 (VIOLATED)
fanout1077/X                             10     21    -11 (VIOLATED)
fanout1099/X                             10     21    -11 (VIOLATED)
fanout1124/X                             10     21    -11 (VIOLATED)
fanout1142/X                             10     21    -11 (VIOLATED)
fanout1153/X                             10     21    -11 (VIOLATED)
fanout1201/X                             10     21    -11 (VIOLATED)
fanout1213/X                             10     21    -11 (VIOLATED)
fanout1241/X                             10     21    -11 (VIOLATED)
fanout1260/X                             10     21    -11 (VIOLATED)
fanout1261/X                             10     21    -11 (VIOLATED)
fanout1263/X                             10     21    -11 (VIOLATED)
fanout229/X                              10     21    -11 (VIOLATED)
fanout231/X                              10     21    -11 (VIOLATED)
fanout232/X                              10     21    -11 (VIOLATED)
fanout233/X                              10     21    -11 (VIOLATED)
fanout234/X                              10     21    -11 (VIOLATED)
fanout248/X                              10     21    -11 (VIOLATED)
fanout284/X                              10     21    -11 (VIOLATED)
fanout321/X                              10     21    -11 (VIOLATED)
fanout323/X                              10     21    -11 (VIOLATED)
fanout325/X                              10     21    -11 (VIOLATED)
fanout382/X                              10     21    -11 (VIOLATED)
fanout384/X                              10     21    -11 (VIOLATED)
fanout407/X                              10     21    -11 (VIOLATED)
fanout408/X                              10     21    -11 (VIOLATED)
fanout412/X                              10     21    -11 (VIOLATED)
fanout422/X                              10     21    -11 (VIOLATED)
fanout430/X                              10     21    -11 (VIOLATED)
fanout432/X                              10     21    -11 (VIOLATED)
fanout434/X                              10     21    -11 (VIOLATED)
fanout436/X                              10     21    -11 (VIOLATED)
fanout438/X                              10     21    -11 (VIOLATED)
fanout440/X                              10     21    -11 (VIOLATED)
fanout442/X                              10     21    -11 (VIOLATED)
fanout444/X                              10     21    -11 (VIOLATED)
fanout446/X                              10     21    -11 (VIOLATED)
fanout448/X                              10     21    -11 (VIOLATED)
fanout450/X                              10     21    -11 (VIOLATED)
fanout452/X                              10     21    -11 (VIOLATED)
fanout454/X                              10     21    -11 (VIOLATED)
fanout456/X                              10     21    -11 (VIOLATED)
fanout458/X                              10     21    -11 (VIOLATED)
fanout460/X                              10     21    -11 (VIOLATED)
fanout462/X                              10     21    -11 (VIOLATED)
fanout464/X                              10     21    -11 (VIOLATED)
fanout466/X                              10     21    -11 (VIOLATED)
fanout467/X                              10     21    -11 (VIOLATED)
fanout470/X                              10     21    -11 (VIOLATED)
fanout471/X                              10     21    -11 (VIOLATED)
fanout474/X                              10     21    -11 (VIOLATED)
fanout476/X                              10     21    -11 (VIOLATED)
fanout478/X                              10     21    -11 (VIOLATED)
fanout479/X                              10     21    -11 (VIOLATED)
fanout482/X                              10     21    -11 (VIOLATED)
fanout484/X                              10     21    -11 (VIOLATED)
fanout486/X                              10     21    -11 (VIOLATED)
fanout487/X                              10     21    -11 (VIOLATED)
fanout490/X                              10     21    -11 (VIOLATED)
fanout492/X                              10     21    -11 (VIOLATED)
fanout543/X                              10     21    -11 (VIOLATED)
fanout544/X                              10     21    -11 (VIOLATED)
fanout545/X                              10     21    -11 (VIOLATED)
fanout552/X                              10     21    -11 (VIOLATED)
fanout553/X                              10     21    -11 (VIOLATED)
fanout556/X                              10     21    -11 (VIOLATED)
fanout558/X                              10     21    -11 (VIOLATED)
fanout560/X                              10     21    -11 (VIOLATED)
fanout561/X                              10     21    -11 (VIOLATED)
fanout564/X                              10     21    -11 (VIOLATED)
fanout565/X                              10     21    -11 (VIOLATED)
fanout566/X                              10     21    -11 (VIOLATED)
fanout568/X                              10     21    -11 (VIOLATED)
fanout570/X                              10     21    -11 (VIOLATED)
fanout572/X                              10     21    -11 (VIOLATED)
fanout573/X                              10     21    -11 (VIOLATED)
fanout576/X                              10     21    -11 (VIOLATED)
fanout578/X                              10     21    -11 (VIOLATED)
fanout580/X                              10     21    -11 (VIOLATED)
fanout582/X                              10     21    -11 (VIOLATED)
fanout584/X                              10     21    -11 (VIOLATED)
fanout586/X                              10     21    -11 (VIOLATED)
fanout588/X                              10     21    -11 (VIOLATED)
fanout589/X                              10     21    -11 (VIOLATED)
fanout590/X                              10     21    -11 (VIOLATED)
fanout592/X                              10     21    -11 (VIOLATED)
fanout594/X                              10     21    -11 (VIOLATED)
fanout596/X                              10     21    -11 (VIOLATED)
fanout598/X                              10     21    -11 (VIOLATED)
fanout600/X                              10     21    -11 (VIOLATED)
fanout602/X                              10     21    -11 (VIOLATED)
fanout604/X                              10     21    -11 (VIOLATED)
fanout607/X                              10     21    -11 (VIOLATED)
fanout612/X                              10     21    -11 (VIOLATED)
fanout614/X                              10     21    -11 (VIOLATED)
fanout637/X                              10     21    -11 (VIOLATED)
fanout639/X                              10     21    -11 (VIOLATED)
fanout650/X                              10     21    -11 (VIOLATED)
fanout652/X                              10     21    -11 (VIOLATED)
fanout653/X                              10     21    -11 (VIOLATED)
fanout657/X                              10     21    -11 (VIOLATED)
fanout658/X                              10     21    -11 (VIOLATED)
fanout660/X                              10     21    -11 (VIOLATED)
fanout661/X                              10     21    -11 (VIOLATED)
fanout663/X                              10     21    -11 (VIOLATED)
fanout664/X                              10     21    -11 (VIOLATED)
fanout667/X                              10     21    -11 (VIOLATED)
fanout668/X                              10     21    -11 (VIOLATED)
fanout670/X                              10     21    -11 (VIOLATED)
fanout672/X                              10     21    -11 (VIOLATED)
fanout673/X                              10     21    -11 (VIOLATED)
fanout674/X                              10     21    -11 (VIOLATED)
fanout677/X                              10     21    -11 (VIOLATED)
fanout678/X                              10     21    -11 (VIOLATED)
fanout681/X                              10     21    -11 (VIOLATED)
fanout683/X                              10     21    -11 (VIOLATED)
fanout685/X                              10     21    -11 (VIOLATED)
fanout687/X                              10     21    -11 (VIOLATED)
fanout689/X                              10     21    -11 (VIOLATED)
fanout691/X                              10     21    -11 (VIOLATED)
fanout693/X                              10     21    -11 (VIOLATED)
fanout695/X                              10     21    -11 (VIOLATED)
fanout697/X                              10     21    -11 (VIOLATED)
fanout699/X                              10     21    -11 (VIOLATED)
fanout701/X                              10     21    -11 (VIOLATED)
fanout703/X                              10     21    -11 (VIOLATED)
fanout705/X                              10     21    -11 (VIOLATED)
fanout706/X                              10     21    -11 (VIOLATED)
fanout709/X                              10     21    -11 (VIOLATED)
fanout710/X                              10     21    -11 (VIOLATED)
fanout713/X                              10     21    -11 (VIOLATED)
fanout715/X                              10     21    -11 (VIOLATED)
fanout717/X                              10     21    -11 (VIOLATED)
fanout718/X                              10     21    -11 (VIOLATED)
fanout721/X                              10     21    -11 (VIOLATED)
fanout723/X                              10     21    -11 (VIOLATED)
fanout725/X                              10     21    -11 (VIOLATED)
fanout727/X                              10     21    -11 (VIOLATED)
fanout729/X                              10     21    -11 (VIOLATED)
fanout730/X                              10     21    -11 (VIOLATED)
fanout733/X                              10     21    -11 (VIOLATED)
fanout735/X                              10     21    -11 (VIOLATED)
fanout737/X                              10     21    -11 (VIOLATED)
fanout739/X                              10     21    -11 (VIOLATED)
fanout741/X                              10     21    -11 (VIOLATED)
fanout743/X                              10     21    -11 (VIOLATED)
fanout745/X                              10     21    -11 (VIOLATED)
fanout746/X                              10     21    -11 (VIOLATED)
fanout749/X                              10     21    -11 (VIOLATED)
fanout751/X                              10     21    -11 (VIOLATED)
fanout753/X                              10     21    -11 (VIOLATED)
fanout754/X                              10     21    -11 (VIOLATED)
fanout757/X                              10     21    -11 (VIOLATED)
fanout758/X                              10     21    -11 (VIOLATED)
fanout761/X                              10     21    -11 (VIOLATED)
fanout763/X                              10     21    -11 (VIOLATED)
fanout765/X                              10     21    -11 (VIOLATED)
fanout767/X                              10     21    -11 (VIOLATED)
fanout769/X                              10     21    -11 (VIOLATED)
fanout771/X                              10     21    -11 (VIOLATED)
fanout773/X                              10     21    -11 (VIOLATED)
fanout775/X                              10     21    -11 (VIOLATED)
fanout777/X                              10     21    -11 (VIOLATED)
fanout779/X                              10     21    -11 (VIOLATED)
fanout781/X                              10     21    -11 (VIOLATED)
fanout782/X                              10     21    -11 (VIOLATED)
fanout785/X                              10     21    -11 (VIOLATED)
fanout787/X                              10     21    -11 (VIOLATED)
fanout795/X                              10     21    -11 (VIOLATED)
fanout796/X                              10     21    -11 (VIOLATED)
fanout797/X                              10     21    -11 (VIOLATED)
fanout800/X                              10     21    -11 (VIOLATED)
fanout802/X                              10     21    -11 (VIOLATED)
fanout804/X                              10     21    -11 (VIOLATED)
fanout806/X                              10     21    -11 (VIOLATED)
fanout808/X                              10     21    -11 (VIOLATED)
fanout810/X                              10     21    -11 (VIOLATED)
fanout812/X                              10     21    -11 (VIOLATED)
fanout814/X                              10     21    -11 (VIOLATED)
fanout816/X                              10     21    -11 (VIOLATED)
fanout818/X                              10     21    -11 (VIOLATED)
fanout820/X                              10     21    -11 (VIOLATED)
fanout822/X                              10     21    -11 (VIOLATED)
fanout824/X                              10     21    -11 (VIOLATED)
fanout826/X                              10     21    -11 (VIOLATED)
fanout828/X                              10     21    -11 (VIOLATED)
fanout830/X                              10     21    -11 (VIOLATED)
fanout832/X                              10     21    -11 (VIOLATED)
fanout834/X                              10     21    -11 (VIOLATED)
fanout836/X                              10     21    -11 (VIOLATED)
fanout837/X                              10     21    -11 (VIOLATED)
fanout838/X                              10     21    -11 (VIOLATED)
fanout840/X                              10     21    -11 (VIOLATED)
fanout842/X                              10     21    -11 (VIOLATED)
fanout844/X                              10     21    -11 (VIOLATED)
fanout849/X                              10     21    -11 (VIOLATED)
fanout852/X                              10     21    -11 (VIOLATED)
fanout855/X                              10     21    -11 (VIOLATED)
fanout857/X                              10     21    -11 (VIOLATED)
fanout858/X                              10     21    -11 (VIOLATED)
fanout860/X                              10     21    -11 (VIOLATED)
fanout862/X                              10     21    -11 (VIOLATED)
fanout864/X                              10     21    -11 (VIOLATED)
fanout866/X                              10     21    -11 (VIOLATED)
fanout867/X                              10     21    -11 (VIOLATED)
fanout870/X                              10     21    -11 (VIOLATED)
fanout871/X                              10     21    -11 (VIOLATED)
fanout872/X                              10     21    -11 (VIOLATED)
fanout874/X                              10     21    -11 (VIOLATED)
fanout876/X                              10     21    -11 (VIOLATED)
fanout878/X                              10     21    -11 (VIOLATED)
fanout880/X                              10     21    -11 (VIOLATED)
fanout882/X                              10     21    -11 (VIOLATED)
fanout884/X                              10     21    -11 (VIOLATED)
fanout886/X                              10     21    -11 (VIOLATED)
fanout887/X                              10     21    -11 (VIOLATED)
fanout890/X                              10     21    -11 (VIOLATED)
fanout891/X                              10     21    -11 (VIOLATED)
fanout894/X                              10     21    -11 (VIOLATED)
fanout895/X                              10     21    -11 (VIOLATED)
fanout898/X                              10     21    -11 (VIOLATED)
fanout900/X                              10     21    -11 (VIOLATED)
fanout902/X                              10     21    -11 (VIOLATED)
fanout903/X                              10     21    -11 (VIOLATED)
fanout906/X                              10     21    -11 (VIOLATED)
fanout908/X                              10     21    -11 (VIOLATED)
fanout910/X                              10     21    -11 (VIOLATED)
fanout912/X                              10     21    -11 (VIOLATED)
fanout914/X                              10     21    -11 (VIOLATED)
fanout915/X                              10     21    -11 (VIOLATED)
fanout918/X                              10     21    -11 (VIOLATED)
fanout920/X                              10     21    -11 (VIOLATED)
fanout922/X                              10     21    -11 (VIOLATED)
fanout924/X                              10     21    -11 (VIOLATED)
fanout926/X                              10     21    -11 (VIOLATED)
fanout928/X                              10     21    -11 (VIOLATED)
fanout930/X                              10     21    -11 (VIOLATED)
fanout933/X                              10     21    -11 (VIOLATED)
fanout939/X                              10     21    -11 (VIOLATED)
fanout940/X                              10     21    -11 (VIOLATED)
fanout942/X                              10     21    -11 (VIOLATED)
fanout946/X                              10     21    -11 (VIOLATED)
fanout948/X                              10     21    -11 (VIOLATED)
fanout953/X                              10     21    -11 (VIOLATED)
fanout956/X                              10     21    -11 (VIOLATED)
fanout957/X                              10     21    -11 (VIOLATED)
fanout962/X                              10     21    -11 (VIOLATED)
fanout964/X                              10     21    -11 (VIOLATED)
fanout966/X                              10     21    -11 (VIOLATED)
fanout968/X                              10     21    -11 (VIOLATED)
fanout969/X                              10     21    -11 (VIOLATED)
fanout970/X                              10     21    -11 (VIOLATED)
fanout971/X                              10     21    -11 (VIOLATED)
fanout973/X                              10     21    -11 (VIOLATED)
fanout976/X                              10     21    -11 (VIOLATED)
fanout982/X                              10     21    -11 (VIOLATED)
fanout984/X                              10     21    -11 (VIOLATED)
fanout990/X                              10     21    -11 (VIOLATED)
fanout991/X                              10     21    -11 (VIOLATED)
fanout998/X                              10     21    -11 (VIOLATED)
fanout999/X                              10     21    -11 (VIOLATED)
fanout1024/X                             10     20    -10 (VIOLATED)
_08599_/Y                                10     19     -9 (VIOLATED)
_08680_/Y                                10     19     -9 (VIOLATED)
_10587_/X                                10     19     -9 (VIOLATED)
_10599_/X                                10     19     -9 (VIOLATED)
_15264_/Q                                10     19     -9 (VIOLATED)
clkbuf_4_0__f_wb_clk_i/X                 10     19     -9 (VIOLATED)
clkbuf_4_10__f_wb_clk_i/X                10     19     -9 (VIOLATED)
clkbuf_4_11__f_wb_clk_i/X                10     19     -9 (VIOLATED)
clkbuf_4_1__f_wb_clk_i/X                 10     19     -9 (VIOLATED)
clkbuf_4_3__f_wb_clk_i/X                 10     19     -9 (VIOLATED)
clkbuf_4_5__f_wb_clk_i/X                 10     19     -9 (VIOLATED)
clkbuf_4_7__f_wb_clk_i/X                 10     19     -9 (VIOLATED)
clkbuf_leaf_0_wb_clk_i/X                 10     19     -9 (VIOLATED)
clkbuf_leaf_42_wb_clk_i/X                10     19     -9 (VIOLATED)
clkbuf_leaf_44_wb_clk_i/X                10     19     -9 (VIOLATED)
clkbuf_leaf_49_wb_clk_i/X                10     19     -9 (VIOLATED)
clkbuf_leaf_87_wb_clk_i/X                10     19     -9 (VIOLATED)
clkbuf_leaf_89_wb_clk_i/X                10     19     -9 (VIOLATED)
fanout1010/X                             10     19     -9 (VIOLATED)
fanout1025/X                             10     19     -9 (VIOLATED)
fanout1027/X                             10     19     -9 (VIOLATED)
fanout1128/X                             10     19     -9 (VIOLATED)
fanout1135/X                             10     19     -9 (VIOLATED)
fanout1138/X                             10     19     -9 (VIOLATED)
fanout1145/X                             10     19     -9 (VIOLATED)
fanout1156/X                             10     19     -9 (VIOLATED)
fanout230/X                              10     19     -9 (VIOLATED)
fanout404/X                              10     19     -9 (VIOLATED)
fanout435/X                              10     19     -9 (VIOLATED)
fanout468/X                              10     19     -9 (VIOLATED)
fanout480/X                              10     19     -9 (VIOLATED)
fanout554/X                              10     19     -9 (VIOLATED)
fanout574/X                              10     19     -9 (VIOLATED)
fanout656/X                              10     19     -9 (VIOLATED)
fanout679/X                              10     19     -9 (VIOLATED)
fanout711/X                              10     19     -9 (VIOLATED)
fanout854/X                              10     19     -9 (VIOLATED)
fanout868/X                              10     19     -9 (VIOLATED)
fanout935/X                              10     19     -9 (VIOLATED)
fanout975/X                              10     19     -9 (VIOLATED)
fanout977/X                              10     19     -9 (VIOLATED)
fanout978/X                              10     19     -9 (VIOLATED)
wire498/X                                10     19     -9 (VIOLATED)
clkbuf_leaf_105_wb_clk_i/X               10     18     -8 (VIOLATED)
clkbuf_leaf_126_wb_clk_i/X               10     18     -8 (VIOLATED)
clkbuf_leaf_23_wb_clk_i/X                10     18     -8 (VIOLATED)
clkbuf_leaf_2_wb_clk_i/X                 10     18     -8 (VIOLATED)
clkbuf_leaf_31_wb_clk_i/X                10     18     -8 (VIOLATED)
clkbuf_leaf_32_wb_clk_i/X                10     18     -8 (VIOLATED)
clkbuf_leaf_38_wb_clk_i/X                10     18     -8 (VIOLATED)
clkbuf_leaf_5_wb_clk_i/X                 10     18     -8 (VIOLATED)
clkbuf_leaf_83_wb_clk_i/X                10     18     -8 (VIOLATED)
clkbuf_leaf_90_wb_clk_i/X                10     18     -8 (VIOLATED)
_07596_/Y                                10     17     -7 (VIOLATED)
_08639_/X                                10     17     -7 (VIOLATED)
_08701_/X                                10     17     -7 (VIOLATED)
_09453_/Y                                10     17     -7 (VIOLATED)
_09544_/X                                10     17     -7 (VIOLATED)
_10633_/Y                                10     17     -7 (VIOLATED)
_10839_/X                                10     17     -7 (VIOLATED)
_11332_/X                                10     17     -7 (VIOLATED)
_11336_/X                                10     17     -7 (VIOLATED)
_13238_/Y                                10     17     -7 (VIOLATED)
_15216_/Q                                10     17     -7 (VIOLATED)
_15263_/Q                                10     17     -7 (VIOLATED)
_15363_/Q                                10     17     -7 (VIOLATED)
_15367_/Q                                10     17     -7 (VIOLATED)
clkbuf_0_wb_clk_i/X                      10     17     -7 (VIOLATED)
clkbuf_4_12__f_wb_clk_i/X                10     17     -7 (VIOLATED)
clkbuf_4_13__f_wb_clk_i/X                10     17     -7 (VIOLATED)
clkbuf_4_4__f_wb_clk_i/X                 10     17     -7 (VIOLATED)
clkbuf_4_6__f_wb_clk_i/X                 10     17     -7 (VIOLATED)
clkbuf_4_8__f_wb_clk_i/X                 10     17     -7 (VIOLATED)
clkbuf_4_9__f_wb_clk_i/X                 10     17     -7 (VIOLATED)
clkbuf_leaf_120_wb_clk_i/X               10     17     -7 (VIOLATED)
clkbuf_leaf_3_wb_clk_i/X                 10     17     -7 (VIOLATED)
clkbuf_leaf_84_wb_clk_i/X                10     17     -7 (VIOLATED)
fanout1008/X                             10     17     -7 (VIOLATED)
fanout1071/X                             10     17     -7 (VIOLATED)
fanout1100/X                             10     17     -7 (VIOLATED)
fanout1141/X                             10     17     -7 (VIOLATED)
fanout1182/X                             10     17     -7 (VIOLATED)
fanout373/X                              10     17     -7 (VIOLATED)
fanout383/X                              10     17     -7 (VIOLATED)
fanout406/X                              10     17     -7 (VIOLATED)
fanout420/X                              10     17     -7 (VIOLATED)
fanout472/X                              10     17     -7 (VIOLATED)
fanout488/X                              10     17     -7 (VIOLATED)
fanout497/X                              10     17     -7 (VIOLATED)
fanout562/X                              10     17     -7 (VIOLATED)
fanout606/X                              10     17     -7 (VIOLATED)
fanout675/X                              10     17     -7 (VIOLATED)
fanout700/X                              10     17     -7 (VIOLATED)
fanout707/X                              10     17     -7 (VIOLATED)
fanout719/X                              10     17     -7 (VIOLATED)
fanout731/X                              10     17     -7 (VIOLATED)
fanout747/X                              10     17     -7 (VIOLATED)
fanout755/X                              10     17     -7 (VIOLATED)
fanout759/X                              10     17     -7 (VIOLATED)
fanout783/X                              10     17     -7 (VIOLATED)
fanout790/X                              10     17     -7 (VIOLATED)
fanout798/X                              10     17     -7 (VIOLATED)
fanout811/X                              10     17     -7 (VIOLATED)
fanout888/X                              10     17     -7 (VIOLATED)
fanout892/X                              10     17     -7 (VIOLATED)
fanout896/X                              10     17     -7 (VIOLATED)
fanout904/X                              10     17     -7 (VIOLATED)
fanout916/X                              10     17     -7 (VIOLATED)
fanout938/X                              10     17     -7 (VIOLATED)
clkbuf_leaf_114_wb_clk_i/X               10     16     -6 (VIOLATED)
clkbuf_leaf_123_wb_clk_i/X               10     16     -6 (VIOLATED)
clkbuf_leaf_14_wb_clk_i/X                10     16     -6 (VIOLATED)
clkbuf_leaf_28_wb_clk_i/X                10     16     -6 (VIOLATED)
clkbuf_leaf_34_wb_clk_i/X                10     16     -6 (VIOLATED)
clkbuf_leaf_4_wb_clk_i/X                 10     16     -6 (VIOLATED)
clkbuf_leaf_79_wb_clk_i/X                10     16     -6 (VIOLATED)
fanout925/X                              10     16     -6 (VIOLATED)
_07572_/Y                                10     15     -5 (VIOLATED)
_08651_/Y                                10     15     -5 (VIOLATED)
_08950_/Y                                10     15     -5 (VIOLATED)
_08980_/X                                10     15     -5 (VIOLATED)
_09013_/Y                                10     15     -5 (VIOLATED)
_09369_/Y                                10     15     -5 (VIOLATED)
_09499_/Y                                10     15     -5 (VIOLATED)
_10600_/X                                10     15     -5 (VIOLATED)
_10617_/Y                                10     15     -5 (VIOLATED)
_10626_/Y                                10     15     -5 (VIOLATED)
_10630_/Y                                10     15     -5 (VIOLATED)
_13492_/X                                10     15     -5 (VIOLATED)
_15211_/Q                                10     15     -5 (VIOLATED)
_15212_/Q                                10     15     -5 (VIOLATED)
_15215_/Q                                10     15     -5 (VIOLATED)
_15217_/Q                                10     15     -5 (VIOLATED)
_15218_/Q                                10     15     -5 (VIOLATED)
_15260_/Q                                10     15     -5 (VIOLATED)
_15261_/Q                                10     15     -5 (VIOLATED)
_15262_/Q                                10     15     -5 (VIOLATED)
_16426_/Q                                10     15     -5 (VIOLATED)
clkbuf_4_14__f_wb_clk_i/X                10     15     -5 (VIOLATED)
clkbuf_leaf_10_wb_clk_i/X                10     15     -5 (VIOLATED)
clkbuf_leaf_121_wb_clk_i/X               10     15     -5 (VIOLATED)
clkbuf_leaf_15_wb_clk_i/X                10     15     -5 (VIOLATED)
clkbuf_leaf_19_wb_clk_i/X                10     15     -5 (VIOLATED)
clkbuf_leaf_21_wb_clk_i/X                10     15     -5 (VIOLATED)
clkbuf_leaf_27_wb_clk_i/X                10     15     -5 (VIOLATED)
clkbuf_leaf_36_wb_clk_i/X                10     15     -5 (VIOLATED)
clkbuf_leaf_50_wb_clk_i/X                10     15     -5 (VIOLATED)
clkbuf_leaf_69_wb_clk_i/X                10     15     -5 (VIOLATED)
clkbuf_leaf_71_wb_clk_i/X                10     15     -5 (VIOLATED)
clkbuf_leaf_82_wb_clk_i/X                10     15     -5 (VIOLATED)
fanout1000/X                             10     15     -5 (VIOLATED)
fanout1005/X                             10     15     -5 (VIOLATED)
fanout1085/X                             10     15     -5 (VIOLATED)
fanout1110/X                             10     15     -5 (VIOLATED)
fanout1118/X                             10     15     -5 (VIOLATED)
fanout1169/X                             10     15     -5 (VIOLATED)
fanout1171/X                             10     15     -5 (VIOLATED)
fanout1179/X                             10     15     -5 (VIOLATED)
fanout1218/X                             10     15     -5 (VIOLATED)
fanout1249/X                             10     15     -5 (VIOLATED)
fanout260/X                              10     15     -5 (VIOLATED)
fanout307/X                              10     15     -5 (VIOLATED)
fanout320/X                              10     15     -5 (VIOLATED)
fanout328/X                              10     15     -5 (VIOLATED)
fanout357/X                              10     15     -5 (VIOLATED)
fanout375/X                              10     15     -5 (VIOLATED)
fanout447/X                              10     15     -5 (VIOLATED)
fanout451/X                              10     15     -5 (VIOLATED)
fanout459/X                              10     15     -5 (VIOLATED)
fanout463/X                              10     15     -5 (VIOLATED)
fanout473/X                              10     15     -5 (VIOLATED)
fanout477/X                              10     15     -5 (VIOLATED)
fanout485/X                              10     15     -5 (VIOLATED)
fanout489/X                              10     15     -5 (VIOLATED)
fanout495/X                              10     15     -5 (VIOLATED)
fanout546/X                              10     15     -5 (VIOLATED)
fanout563/X                              10     15     -5 (VIOLATED)
fanout571/X                              10     15     -5 (VIOLATED)
fanout583/X                              10     15     -5 (VIOLATED)
fanout595/X                              10     15     -5 (VIOLATED)
fanout603/X                              10     15     -5 (VIOLATED)
fanout615/X                              10     15     -5 (VIOLATED)
fanout640/X                              10     15     -5 (VIOLATED)
fanout676/X                              10     15     -5 (VIOLATED)
fanout684/X                              10     15     -5 (VIOLATED)
fanout694/X                              10     15     -5 (VIOLATED)
fanout704/X                              10     15     -5 (VIOLATED)
fanout708/X                              10     15     -5 (VIOLATED)
fanout720/X                              10     15     -5 (VIOLATED)
fanout724/X                              10     15     -5 (VIOLATED)
fanout728/X                              10     15     -5 (VIOLATED)
fanout732/X                              10     15     -5 (VIOLATED)
fanout748/X                              10     15     -5 (VIOLATED)
fanout752/X                              10     15     -5 (VIOLATED)
fanout756/X                              10     15     -5 (VIOLATED)
fanout760/X                              10     15     -5 (VIOLATED)
fanout764/X                              10     15     -5 (VIOLATED)
fanout776/X                              10     15     -5 (VIOLATED)
fanout784/X                              10     15     -5 (VIOLATED)
fanout788/X                              10     15     -5 (VIOLATED)
fanout799/X                              10     15     -5 (VIOLATED)
fanout801/X                              10     15     -5 (VIOLATED)
fanout807/X                              10     15     -5 (VIOLATED)
fanout815/X                              10     15     -5 (VIOLATED)
fanout817/X                              10     15     -5 (VIOLATED)
fanout829/X                              10     15     -5 (VIOLATED)
fanout835/X                              10     15     -5 (VIOLATED)
fanout861/X                              10     15     -5 (VIOLATED)
fanout865/X                              10     15     -5 (VIOLATED)
fanout877/X                              10     15     -5 (VIOLATED)
fanout881/X                              10     15     -5 (VIOLATED)
fanout885/X                              10     15     -5 (VIOLATED)
fanout889/X                              10     15     -5 (VIOLATED)
fanout893/X                              10     15     -5 (VIOLATED)
fanout897/X                              10     15     -5 (VIOLATED)
fanout901/X                              10     15     -5 (VIOLATED)
fanout905/X                              10     15     -5 (VIOLATED)
fanout909/X                              10     15     -5 (VIOLATED)
fanout911/X                              10     15     -5 (VIOLATED)
fanout917/X                              10     15     -5 (VIOLATED)
fanout921/X                              10     15     -5 (VIOLATED)
fanout934/X                              10     15     -5 (VIOLATED)
fanout943/X                              10     15     -5 (VIOLATED)
wire517/X                                10     15     -5 (VIOLATED)
clkbuf_leaf_128_wb_clk_i/X               10     14     -4 (VIOLATED)
clkbuf_leaf_20_wb_clk_i/X                10     14     -4 (VIOLATED)
clkbuf_leaf_29_wb_clk_i/X                10     14     -4 (VIOLATED)
clkbuf_leaf_41_wb_clk_i/X                10     14     -4 (VIOLATED)
clkbuf_leaf_45_wb_clk_i/X                10     14     -4 (VIOLATED)
clkbuf_leaf_47_wb_clk_i/X                10     14     -4 (VIOLATED)
clkbuf_leaf_59_wb_clk_i/X                10     14     -4 (VIOLATED)
clkbuf_leaf_61_wb_clk_i/X                10     14     -4 (VIOLATED)
clkbuf_leaf_62_wb_clk_i/X                10     14     -4 (VIOLATED)
clkbuf_leaf_65_wb_clk_i/X                10     14     -4 (VIOLATED)
clkbuf_leaf_66_wb_clk_i/X                10     14     -4 (VIOLATED)
clkbuf_leaf_93_wb_clk_i/X                10     14     -4 (VIOLATED)
_08657_/Y                                10     13     -3 (VIOLATED)
_09052_/Y                                10     13     -3 (VIOLATED)
_09113_/Y                                10     13     -3 (VIOLATED)
_09197_/Y                                10     13     -3 (VIOLATED)
_09285_/Y                                10     13     -3 (VIOLATED)
_09325_/Y                                10     13     -3 (VIOLATED)
_09411_/Y                                10     13     -3 (VIOLATED)
_09714_/Y                                10     13     -3 (VIOLATED)
_09797_/Y                                10     13     -3 (VIOLATED)
_09972_/Y                                10     13     -3 (VIOLATED)
_10178_/Y                                10     13     -3 (VIOLATED)
_10225_/X                                10     13     -3 (VIOLATED)
_10607_/X                                10     13     -3 (VIOLATED)
_15210_/Q                                10     13     -3 (VIOLATED)
_15213_/Q                                10     13     -3 (VIOLATED)
_15214_/Q                                10     13     -3 (VIOLATED)
_15219_/Q                                10     13     -3 (VIOLATED)
_15220_/Q                                10     13     -3 (VIOLATED)
_15258_/Q                                10     13     -3 (VIOLATED)
_15272_/Q                                10     13     -3 (VIOLATED)
_15377_/Q                                10     13     -3 (VIOLATED)
_15378_/Q                                10     13     -3 (VIOLATED)
clkbuf_leaf_124_wb_clk_i/X               10     13     -3 (VIOLATED)
clkbuf_leaf_16_wb_clk_i/X                10     13     -3 (VIOLATED)
clkbuf_leaf_39_wb_clk_i/X                10     13     -3 (VIOLATED)
clkbuf_leaf_43_wb_clk_i/X                10     13     -3 (VIOLATED)
clkbuf_leaf_72_wb_clk_i/X                10     13     -3 (VIOLATED)
clkbuf_leaf_88_wb_clk_i/X                10     13     -3 (VIOLATED)
clkbuf_leaf_92_wb_clk_i/X                10     13     -3 (VIOLATED)
clkbuf_leaf_94_wb_clk_i/X                10     13     -3 (VIOLATED)
fanout1033/X                             10     13     -3 (VIOLATED)
fanout1046/X                             10     13     -3 (VIOLATED)
fanout1131/X                             10     13     -3 (VIOLATED)
fanout1146/X                             10     13     -3 (VIOLATED)
fanout1170/X                             10     13     -3 (VIOLATED)
fanout1175/X                             10     13     -3 (VIOLATED)
fanout1187/X                             10     13     -3 (VIOLATED)
fanout1194/X                             10     13     -3 (VIOLATED)
fanout1236/X                             10     13     -3 (VIOLATED)
fanout1240/X                             10     13     -3 (VIOLATED)
fanout1243/X                             10     13     -3 (VIOLATED)
fanout1262/X                             10     13     -3 (VIOLATED)
fanout392/X                              10     13     -3 (VIOLATED)
fanout400/X                              10     13     -3 (VIOLATED)
fanout417/X                              10     13     -3 (VIOLATED)
fanout431/X                              10     13     -3 (VIOLATED)
fanout433/X                              10     13     -3 (VIOLATED)
fanout437/X                              10     13     -3 (VIOLATED)
fanout439/X                              10     13     -3 (VIOLATED)
fanout441/X                              10     13     -3 (VIOLATED)
fanout443/X                              10     13     -3 (VIOLATED)
fanout445/X                              10     13     -3 (VIOLATED)
fanout453/X                              10     13     -3 (VIOLATED)
fanout455/X                              10     13     -3 (VIOLATED)
fanout457/X                              10     13     -3 (VIOLATED)
fanout465/X                              10     13     -3 (VIOLATED)
fanout469/X                              10     13     -3 (VIOLATED)
fanout481/X                              10     13     -3 (VIOLATED)
fanout491/X                              10     13     -3 (VIOLATED)
fanout493/X                              10     13     -3 (VIOLATED)
fanout555/X                              10     13     -3 (VIOLATED)
fanout557/X                              10     13     -3 (VIOLATED)
fanout559/X                              10     13     -3 (VIOLATED)
fanout569/X                              10     13     -3 (VIOLATED)
fanout575/X                              10     13     -3 (VIOLATED)
fanout577/X                              10     13     -3 (VIOLATED)
fanout579/X                              10     13     -3 (VIOLATED)
fanout585/X                              10     13     -3 (VIOLATED)
fanout587/X                              10     13     -3 (VIOLATED)
fanout593/X                              10     13     -3 (VIOLATED)
fanout597/X                              10     13     -3 (VIOLATED)
fanout599/X                              10     13     -3 (VIOLATED)
fanout638/X                              10     13     -3 (VIOLATED)
fanout659/X                              10     13     -3 (VIOLATED)
fanout680/X                              10     13     -3 (VIOLATED)
fanout686/X                              10     13     -3 (VIOLATED)
fanout688/X                              10     13     -3 (VIOLATED)
fanout690/X                              10     13     -3 (VIOLATED)
fanout692/X                              10     13     -3 (VIOLATED)
fanout712/X                              10     13     -3 (VIOLATED)
fanout714/X                              10     13     -3 (VIOLATED)
fanout716/X                              10     13     -3 (VIOLATED)
fanout734/X                              10     13     -3 (VIOLATED)
fanout736/X                              10     13     -3 (VIOLATED)
fanout738/X                              10     13     -3 (VIOLATED)
fanout740/X                              10     13     -3 (VIOLATED)
fanout742/X                              10     13     -3 (VIOLATED)
fanout744/X                              10     13     -3 (VIOLATED)
fanout750/X                              10     13     -3 (VIOLATED)
fanout766/X                              10     13     -3 (VIOLATED)
fanout768/X                              10     13     -3 (VIOLATED)
fanout770/X                              10     13     -3 (VIOLATED)
fanout772/X                              10     13     -3 (VIOLATED)
fanout778/X                              10     13     -3 (VIOLATED)
fanout780/X                              10     13     -3 (VIOLATED)
fanout786/X                              10     13     -3 (VIOLATED)
fanout803/X                              10     13     -3 (VIOLATED)
fanout813/X                              10     13     -3 (VIOLATED)
fanout821/X                              10     13     -3 (VIOLATED)
fanout823/X                              10     13     -3 (VIOLATED)
fanout825/X                              10     13     -3 (VIOLATED)
fanout827/X                              10     13     -3 (VIOLATED)
fanout839/X                              10     13     -3 (VIOLATED)
fanout841/X                              10     13     -3 (VIOLATED)
fanout843/X                              10     13     -3 (VIOLATED)
fanout845/X                              10     13     -3 (VIOLATED)
fanout859/X                              10     13     -3 (VIOLATED)
fanout869/X                              10     13     -3 (VIOLATED)
fanout927/X                              10     13     -3 (VIOLATED)
fanout929/X                              10     13     -3 (VIOLATED)
fanout972/X                              10     13     -3 (VIOLATED)
fanout985/X                              10     13     -3 (VIOLATED)
fanout993/X                              10     13     -3 (VIOLATED)
max_cap542/X                             10     13     -3 (VIOLATED)
wire608/X                                10     13     -3 (VIOLATED)
clkbuf_leaf_100_wb_clk_i/X               10     12     -2 (VIOLATED)
clkbuf_leaf_122_wb_clk_i/X               10     12     -2 (VIOLATED)
clkbuf_leaf_125_wb_clk_i/X               10     12     -2 (VIOLATED)
clkbuf_leaf_127_wb_clk_i/X               10     12     -2 (VIOLATED)
clkbuf_leaf_13_wb_clk_i/X                10     12     -2 (VIOLATED)
clkbuf_leaf_1_wb_clk_i/X                 10     12     -2 (VIOLATED)
clkbuf_leaf_37_wb_clk_i/X                10     12     -2 (VIOLATED)
clkbuf_leaf_54_wb_clk_i/X                10     12     -2 (VIOLATED)
clkbuf_leaf_6_wb_clk_i/X                 10     12     -2 (VIOLATED)
clkbuf_leaf_86_wb_clk_i/X                10     12     -2 (VIOLATED)
clkbuf_leaf_8_wb_clk_i/X                 10     12     -2 (VIOLATED)
clkbuf_leaf_9_wb_clk_i/X                 10     12     -2 (VIOLATED)
_08600_/Y                                10     11        (VIOLATED)
_08634_/X                                10     11        (VIOLATED)
_08660_/X                                10     11        (VIOLATED)
_08689_/X                                10     11        (VIOLATED)
_08717_/Y                                10     11        (VIOLATED)
_09072_/Y                                10     11        (VIOLATED)
_09586_/Y                                10     11        (VIOLATED)
_09670_/Y                                10     11        (VIOLATED)
_09754_/Y                                10     11        (VIOLATED)
_09839_/Y                                10     11        (VIOLATED)
_09927_/Y                                10     11        (VIOLATED)
_09974_/X                                10     11        (VIOLATED)
_10110_/Y                                10     11        (VIOLATED)
_10154_/Y                                10     11        (VIOLATED)
_10292_/X                                10     11        (VIOLATED)
_10360_/Y                                10     11        (VIOLATED)
_10605_/Y                                10     11        (VIOLATED)
_10613_/X                                10     11        (VIOLATED)
_11069_/Y                                10     11        (VIOLATED)
_15209_/Q                                10     11        (VIOLATED)
_15221_/Q                                10     11        (VIOLATED)
_15223_/Q                                10     11        (VIOLATED)
_15225_/Q                                10     11        (VIOLATED)
_15227_/Q                                10     11        (VIOLATED)
_15228_/Q                                10     11        (VIOLATED)
_15229_/Q                                10     11        (VIOLATED)
_15230_/Q                                10     11        (VIOLATED)
_15232_/Q                                10     11        (VIOLATED)
_15233_/Q                                10     11        (VIOLATED)
_15234_/Q                                10     11        (VIOLATED)
_15235_/Q                                10     11        (VIOLATED)
_15236_/Q                                10     11        (VIOLATED)
_15237_/Q                                10     11        (VIOLATED)
_15266_/Q                                10     11        (VIOLATED)
_15267_/Q                                10     11        (VIOLATED)
_15268_/Q                                10     11        (VIOLATED)
_15269_/Q                                10     11        (VIOLATED)
_15270_/Q                                10     11        (VIOLATED)
_15271_/Q                                10     11        (VIOLATED)
_15379_/Q                                10     11        (VIOLATED)
clkbuf_4_15__f_wb_clk_i/X                10     11        (VIOLATED)
clkbuf_leaf_116_wb_clk_i/X               10     11        (VIOLATED)
clkbuf_leaf_24_wb_clk_i/X                10     11        (VIOLATED)
clkbuf_leaf_46_wb_clk_i/X                10     11        (VIOLATED)
clkbuf_leaf_52_wb_clk_i/X                10     11        (VIOLATED)
fanout1031/X                             10     11        (VIOLATED)
fanout1056/X                             10     11        (VIOLATED)
fanout1086/X                             10     11        (VIOLATED)
fanout1094/X                             10     11        (VIOLATED)
fanout1101/X                             10     11        (VIOLATED)
fanout1119/X                             10     11        (VIOLATED)
fanout1123/X                             10     11        (VIOLATED)
fanout1152/X                             10     11        (VIOLATED)
fanout1202/X                             10     11        (VIOLATED)
fanout1206/X                             10     11        (VIOLATED)
fanout1211/X                             10     11        (VIOLATED)
fanout1237/X                             10     11        (VIOLATED)
fanout1255/X                             10     11        (VIOLATED)
fanout1264/X                             10     11        (VIOLATED)
fanout1265/X                             10     11        (VIOLATED)
fanout291/X                              10     11        (VIOLATED)
fanout381/X                              10     11        (VIOLATED)
fanout401/X                              10     11        (VIOLATED)
fanout415/X                              10     11        (VIOLATED)
fanout449/X                              10     11        (VIOLATED)
fanout461/X                              10     11        (VIOLATED)
fanout475/X                              10     11        (VIOLATED)
fanout483/X                              10     11        (VIOLATED)
fanout567/X                              10     11        (VIOLATED)
fanout581/X                              10     11        (VIOLATED)
fanout591/X                              10     11        (VIOLATED)
fanout601/X                              10     11        (VIOLATED)
fanout613/X                              10     11        (VIOLATED)
fanout655/X                              10     11        (VIOLATED)
fanout662/X                              10     11        (VIOLATED)
fanout682/X                              10     11        (VIOLATED)
fanout696/X                              10     11        (VIOLATED)
fanout698/X                              10     11        (VIOLATED)
fanout702/X                              10     11        (VIOLATED)
fanout722/X                              10     11        (VIOLATED)
fanout726/X                              10     11        (VIOLATED)
fanout762/X                              10     11        (VIOLATED)
fanout774/X                              10     11        (VIOLATED)
fanout805/X                              10     11        (VIOLATED)
fanout809/X                              10     11        (VIOLATED)
fanout819/X                              10     11        (VIOLATED)
fanout831/X                              10     11        (VIOLATED)
fanout833/X                              10     11        (VIOLATED)
fanout851/X                              10     11        (VIOLATED)
fanout853/X                              10     11        (VIOLATED)
fanout856/X                              10     11        (VIOLATED)
fanout863/X                              10     11        (VIOLATED)
fanout873/X                              10     11        (VIOLATED)
fanout875/X                              10     11        (VIOLATED)
fanout879/X                              10     11        (VIOLATED)
fanout883/X                              10     11        (VIOLATED)
fanout899/X                              10     11        (VIOLATED)
fanout907/X                              10     11        (VIOLATED)
fanout913/X                              10     11        (VIOLATED)
fanout919/X                              10     11        (VIOLATED)
fanout923/X                              10     11        (VIOLATED)
fanout941/X                              10     11        (VIOLATED)
fanout954/X                              10     11        (VIOLATED)
fanout967/X                              10     11        (VIOLATED)
fanout989/X                              10     11        (VIOLATED)



===========================================================================
report_parasitic_annotation -report_unannotated
============================================================================
Found 314 unannotated drivers.
 gpio_in[0]
 gpio_in[10]
 gpio_in[11]
 gpio_in[12]
 gpio_in[13]
 gpio_in[14]
 gpio_in[15]
 gpio_in[16]
 gpio_in[17]
 gpio_in[18]
 gpio_in[1]
 gpio_in[23]
 gpio_in[24]
 gpio_in[25]
 gpio_in[26]
 gpio_in[27]
 gpio_in[28]
 gpio_in[29]
 gpio_in[2]
 gpio_in[30]
 gpio_in[31]
 gpio_in[32]
 gpio_in[33]
 gpio_in[34]
 gpio_in[35]
 gpio_in[36]
 gpio_in[37]
 gpio_in[3]
 gpio_in[4]
 gpio_in[5]
 gpio_in[6]
 gpio_in[7]
 gpio_in[8]
 gpio_in[9]
 la_data_in[0]
 la_data_in[10]
 la_data_in[11]
 la_data_in[12]
 la_data_in[13]
 la_data_in[14]
 la_data_in[15]
 la_data_in[16]
 la_data_in[17]
 la_data_in[18]
 la_data_in[19]
 la_data_in[1]
 la_data_in[20]
 la_data_in[21]
 la_data_in[22]
 la_data_in[23]
 la_data_in[24]
 la_data_in[25]
 la_data_in[26]
 la_data_in[27]
 la_data_in[28]
 la_data_in[29]
 la_data_in[2]
 la_data_in[30]
 la_data_in[31]
 la_data_in[3]
 la_data_in[4]
 la_data_in[5]
 la_data_in[6]
 la_data_in[7]
 la_data_in[8]
 la_data_in[9]
 la_oenb[0]
 la_oenb[10]
 la_oenb[11]
 la_oenb[12]
 la_oenb[13]
 la_oenb[14]
 la_oenb[15]
 la_oenb[16]
 la_oenb[17]
 la_oenb[18]
 la_oenb[19]
 la_oenb[1]
 la_oenb[20]
 la_oenb[21]
 la_oenb[22]
 la_oenb[23]
 la_oenb[24]
 la_oenb[25]
 la_oenb[26]
 la_oenb[27]
 la_oenb[28]
 la_oenb[29]
 la_oenb[2]
 la_oenb[30]
 la_oenb[31]
 la_oenb[3]
 la_oenb[4]
 la_oenb[5]
 la_oenb[6]
 la_oenb[7]
 la_oenb[8]
 la_oenb[9]
 wbs_sel_i[0]
 wbs_sel_i[1]
 wbs_sel_i[2]
 wbs_sel_i[3]
 _16699__1266/HI
 _16700__1342/LO
 _16701__1343/LO
 _16702__1344/LO
 _16703__1345/LO
 _16704__1346/LO
 _16705__1347/LO
 _16706__1348/LO
 _16707__1349/LO
 _16708__1267/HI
 _16709__1268/HI
 _16710__1269/HI
 _16711__1270/HI
 _16712__1271/HI
 _16713__1272/HI
 _16714__1273/HI
 _16715__1274/HI
 _16716__1275/HI
 _16717__1276/HI
 _16718__1350/LO
 _16719__1351/LO
 _16720__1352/LO
 _16721__1353/LO
 _16722__1277/HI
 _16723__1278/HI
 _16724__1279/HI
 _16725__1280/HI
 _16726__1354/LO
 _16727__1355/LO
 _16728__1356/LO
 _16729__1357/LO
 _16730__1358/LO
 _16731__1359/LO
 _16732__1360/LO
 _16733__1361/LO
 _16734__1362/LO
 _16735__1281/HI
 _16736__1282/HI
 _16738__1283/HI
 _16739__1284/HI
 _16740__1285/HI
 _16741__1286/HI
 _16742__1287/HI
 _16743__1288/HI
 _16744__1289/HI
 _16745__1290/HI
 _16746__1291/HI
 _16748__1292/HI
 _16749__1293/HI
 _16750__1294/HI
 _16751__1295/HI
 _16752__1296/HI
 _16753__1297/HI
 _16754__1298/HI
 _16755__1299/HI
 _16756__1300/HI
 _16757__1301/HI
 _16758__1302/HI
 _16759__1303/HI
 _16760__1304/HI
 _16761__1305/HI
 _16762__1306/HI
 _16763__1307/HI
 _16764__1308/HI
 _16765__1309/HI
 _16766__1310/HI
 _16767__1311/HI
 _16768__1312/HI
 _16769__1313/HI
 _16770__1314/HI
 _16771__1315/HI
 _16772__1316/HI
 _16773__1317/HI
 _16774__1318/HI
 _16775__1319/HI
 _16776__1320/HI
 _16777__1321/HI
 _16778__1322/HI
 _16779__1323/HI
 _16780__1324/HI
 _16781__1325/HI
 _16782__1326/HI
 _16783__1327/HI
 _16784__1328/HI
 _16785__1329/HI
 _16786__1330/HI
 _16787__1331/HI
 _16788__1332/HI
 _16789__1333/HI
 _16790__1334/HI
 _16791__1335/HI
 _16792__1336/HI
 _16793__1337/HI
 _16794__1338/HI
 _16795__1339/HI
 _16796__1340/HI
 _16797__1341/HI
 clkload0/Y
 clkload1/Y
 clkload10/Y
 clkload100/Y
 clkload101/Y
 clkload102/Y
 clkload103/Y
 clkload104/Y
 clkload105/Y
 clkload106/Y
 clkload107/X
 clkload108/Y
 clkload109/X
 clkload11/Y
 clkload110/Y
 clkload111/Y
 clkload112/Y
 clkload113/X
 clkload114/Y
 clkload12/Y
 clkload13/X
 clkload14/X
 clkload15/Y
 clkload16/Y
 clkload17/Y
 clkload18/Y
 clkload19/Y
 clkload2/Y
 clkload20/Y
 clkload21/X
 clkload22/Y
 clkload23/Y
 clkload24/Y
 clkload25/Y
 clkload26/Y
 clkload27/Y
 clkload28/Y
 clkload29/Y
 clkload3/X
 clkload30/Y
 clkload31/X
 clkload32/Y
 clkload33/X
 clkload34/Y
 clkload35/Y
 clkload36/Y
 clkload37/Y
 clkload38/Y
 clkload39/Y
 clkload4/Y
 clkload40/Y
 clkload41/Y
 clkload42/Y
 clkload43/Y
 clkload44/Y
 clkload45/Y
 clkload46/Y
 clkload47/Y
 clkload48/Y
 clkload49/Y
 clkload5/X
 clkload50/Y
 clkload51/Y
 clkload52/Y
 clkload53/Y
 clkload54/Y
 clkload55/Y
 clkload56/Y
 clkload57/Y
 clkload58/Y
 clkload59/Y
 clkload6/Y
 clkload60/Y
 clkload61/Y
 clkload62/Y
 clkload63/Y
 clkload64/Y
 clkload65/X
 clkload66/Y
 clkload67/Y
 clkload68/Y
 clkload69/Y
 clkload7/X
 clkload70/Y
 clkload71/Y
 clkload72/X
 clkload73/X
 clkload74/Y
 clkload75/X
 clkload76/X
 clkload77/Y
 clkload78/Y
 clkload79/Y
 clkload8/Y
 clkload80/Y
 clkload81/Y
 clkload82/Y
 clkload83/Y
 clkload84/X
 clkload85/Y
 clkload86/X
 clkload87/Y
 clkload88/X
 clkload89/Y
 clkload9/Y
 clkload90/Y
 clkload91/Y
 clkload92/X
 clkload93/X
 clkload94/X
 clkload95/Y
 clkload96/Y
 clkload97/Y
 clkload98/Y
 clkload99/Y
Found 0 partially unannotated drivers.

===========================================================================
max slew violation count 4
max fanout violation count 770
max cap violation count 0
============================================================================

===========================================================================
check_setup -verbose -unconstrained_endpoints -multiple_clock -no_clock -no_input_delay -loops -generated_clocks
===========================================================================
Warning: There are 97 unconstrained endpoints.
  gpio_oeb[0]
  gpio_oeb[10]
  gpio_oeb[11]
  gpio_oeb[12]
  gpio_oeb[13]
  gpio_oeb[14]
  gpio_oeb[15]
  gpio_oeb[16]
  gpio_oeb[17]
  gpio_oeb[18]
  gpio_oeb[19]
  gpio_oeb[1]
  gpio_oeb[20]
  gpio_oeb[21]
  gpio_oeb[22]
  gpio_oeb[23]
  gpio_oeb[24]
  gpio_oeb[25]
  gpio_oeb[26]
  gpio_oeb[27]
  gpio_oeb[28]
  gpio_oeb[29]
  gpio_oeb[2]
  gpio_oeb[30]
  gpio_oeb[31]
  gpio_oeb[32]
  gpio_oeb[33]
  gpio_oeb[34]
  gpio_oeb[35]
  gpio_oeb[36]
  gpio_oeb[37]
  gpio_oeb[3]
  gpio_oeb[4]
  gpio_oeb[5]
  gpio_oeb[6]
  gpio_oeb[7]
  gpio_oeb[8]
  gpio_oeb[9]
  gpio_out[19]
  gpio_out[1]
  gpio_out[20]
  gpio_out[21]
  gpio_out[22]
  gpio_out[27]
  gpio_out[28]
  gpio_out[29]
  gpio_out[2]
  gpio_out[30]
  gpio_out[31]
  gpio_out[32]
  gpio_out[33]
  gpio_out[34]
  gpio_out[35]
  gpio_out[36]
  gpio_out[37]
  gpio_out[3]
  gpio_out[4]
  gpio_out[5]
  gpio_out[6]
  gpio_out[7]
  gpio_out[8]
  gpio_out[9]
  irq[0]
  irq[1]
  irq[2]
  la_data_out[0]
  la_data_out[10]
  la_data_out[11]
  la_data_out[12]
  la_data_out[13]
  la_data_out[14]
  la_data_out[15]
  la_data_out[16]
  la_data_out[17]
  la_data_out[18]
  la_data_out[19]
  la_data_out[1]
  la_data_out[20]
  la_data_out[21]
  la_data_out[22]
  la_data_out[23]
  la_data_out[24]
  la_data_out[25]
  la_data_out[26]
  la_data_out[27]
  la_data_out[28]
  la_data_out[29]
  la_data_out[2]
  la_data_out[30]
  la_data_out[31]
  la_data_out[3]
  la_data_out[4]
  la_data_out[5]
  la_data_out[6]
  la_data_out[7]
  la_data_out[8]
  la_data_out[9]
