
===========================================================================
report_checks -unconstrained
===========================================================================
======================= max_tt_025C_1v80 Corner ===================================

Startpoint: wb_rst_i (input port clocked by clk)
Endpoint: _6_ (recovery check against rising-edge clock clk)
Path Group: asynchronous
Path Type: max

Fanout         Cap        Slew       Delay        Time   Description
---------------------------------------------------------------------------------------------
                                  0.000000    0.000000   clock clk (rise edge)
                                  5.570000    5.570000   clock network delay (propagated)
                                 12.500000   18.070000 v input external delay
     1    0.002670    0.000000    0.000000   18.070000 v wb_rst_i (in)
                                                         wb_rst_i (net)
                      0.000144    0.000076   18.070076 v input1/A (sky130_fd_sc_hd__clkbuf_1)
     1    0.008670    0.057087    0.100236   18.170313 v input1/X (sky130_fd_sc_hd__clkbuf_1)
                                                         net1 (net)
                      0.057104    0.001005   18.171318 v _3_/A (sky130_fd_sc_hd__inv_2)
     1    0.004800    0.031396    0.054733   18.226051 ^ _3_/Y (sky130_fd_sc_hd__inv_2)
                                                         _1_ (net)
                      0.031396    0.000139   18.226189 ^ _6_/RESET_B (sky130_fd_sc_hd__dfrtp_1)
                                             18.226189   data arrival time

                                 25.000000   25.000000   clock clk (rise edge)
                                  4.650000   29.650000   clock source latency
     1    0.073255    0.610000    0.000000   29.650000 ^ wb_clk_i (in)
                                                         wb_clk_i (net)
                      0.638681    0.013625   29.663624 ^ clkbuf_0_wb_clk_i/A (sky130_fd_sc_hd__clkbuf_16)
     2    0.072515    0.099442    0.289033   29.952656 ^ clkbuf_0_wb_clk_i/X (sky130_fd_sc_hd__clkbuf_16)
                                                         clknet_0_wb_clk_i (net)
                      0.102254    0.012363   29.965019 ^ clkbuf_1_0__f_wb_clk_i/A (sky130_fd_sc_hd__clkbuf_16)
     1    0.014586    0.037322    0.133952   30.098970 ^ clkbuf_1_0__f_wb_clk_i/X (sky130_fd_sc_hd__clkbuf_16)
                                                         clknet_1_0__leaf_wb_clk_i (net)
                      0.037328    0.001297   30.100267 ^ _6_/CLK (sky130_fd_sc_hd__dfrtp_1)
                                 -0.100000   30.000269   clock uncertainty
                                  0.000000   30.000269   clock reconvergence pessimism
                                  0.231506   30.231775   library recovery time
                                             30.231775   data required time
---------------------------------------------------------------------------------------------
                                             30.231775   data required time
                                            -18.226189   data arrival time
---------------------------------------------------------------------------------------------
                                             12.005587   slack (MET)


Startpoint: wbs_dat_i[1] (input port clocked by clk)
Endpoint: SRAM_0 (rising edge-triggered flip-flop clocked by clk)
Path Group: clk
Path Type: max

Fanout         Cap        Slew       Delay        Time   Description
---------------------------------------------------------------------------------------------
                                  0.000000    0.000000   clock clk (rise edge)
                                  5.570000    5.570000   clock network delay (propagated)
                                  4.610000   10.180000 ^ input external delay
     1    0.003447    0.840000    0.000000   10.180000 ^ wbs_dat_i[1] (in)
                                                         wbs_dat_i[1] (net)
                      0.840161    0.000084   10.180084 ^ hold123/A (sky130_fd_sc_hd__dlygate4sd3_1)
     1    0.002438    0.049664    0.676039   10.856123 ^ hold123/X (sky130_fd_sc_hd__dlygate4sd3_1)
                                                         net215 (net)
                      0.049664    0.000121   10.856244 ^ hold9/A (sky130_fd_sc_hd__dlygate4sd3_1)
     1    0.005334    0.075005    0.584594   11.440838 ^ hold9/X (sky130_fd_sc_hd__dlygate4sd3_1)
                                                         net101 (net)
                      0.075005    0.000413   11.441251 ^ input24/A (sky130_fd_sc_hd__buf_4)
     1    0.016816    0.057473    0.139639   11.580890 ^ input24/X (sky130_fd_sc_hd__buf_4)
                                                         net24 (net)
                      0.057562    0.002059   11.582949 ^ hold10/A (sky130_fd_sc_hd__dlygate4sd3_1)
     1    0.080806    0.778913    1.106576   12.689525 ^ hold10/X (sky130_fd_sc_hd__dlygate4sd3_1)
                                                         net102 (net)
                      0.779868    0.023728   12.713252 ^ SRAM_0/DI[1] (EF_SRAM_1024x32_wrapper)
                                             12.713252   data arrival time

                                 25.000000   25.000000   clock clk (rise edge)
                                  4.650000   29.650000   clock source latency
     1    0.073255    0.610000    0.000000   29.650000 ^ wb_clk_i (in)
                                                         wb_clk_i (net)
                      0.638681    0.013625   29.663624 ^ clkbuf_0_wb_clk_i/A (sky130_fd_sc_hd__clkbuf_16)
     2    0.072515    0.099442    0.289033   29.952656 ^ clkbuf_0_wb_clk_i/X (sky130_fd_sc_hd__clkbuf_16)
                                                         clknet_0_wb_clk_i (net)
                      0.099583    0.002697   29.955353 ^ clkbuf_1_1__f_wb_clk_i/A (sky130_fd_sc_hd__clkbuf_16)
     1    0.136558    0.150780    0.207134   30.162487 ^ clkbuf_1_1__f_wb_clk_i/X (sky130_fd_sc_hd__clkbuf_16)
                                                         clknet_1_1__leaf_wb_clk_i (net)
                      0.155732    0.020371   30.182858 ^ SRAM_0/CLKin (EF_SRAM_1024x32_wrapper)
                                 -0.100000   30.082859   clock uncertainty
                                  0.000000   30.082859   clock reconvergence pessimism
                                 -0.792133   29.290728   library setup time
                                             29.290728   data required time
---------------------------------------------------------------------------------------------
                                             29.290728   data required time
                                            -12.713252   data arrival time
---------------------------------------------------------------------------------------------
                                             16.577475   slack (MET)




===========================================================================
report_checks --slack_max -0.01
============================================================================
======================= max_tt_025C_1v80 Corner ===================================

No paths found.


===========================================================================
 report_check_types -max_slew -max_cap -max_fanout -violators
============================================================================
======================= max_tt_025C_1v80 Corner ===================================



===========================================================================
report_parasitic_annotation -report_unannotated
============================================================================
Found 32 unannotated drivers.
 wbs_adr_i[10]
 wbs_adr_i[11]
 wbs_adr_i[12]
 wbs_adr_i[13]
 wbs_adr_i[14]
 wbs_adr_i[15]
 wbs_adr_i[16]
 wbs_adr_i[17]
 wbs_adr_i[18]
 wbs_adr_i[19]
 wbs_adr_i[20]
 wbs_adr_i[21]
 wbs_adr_i[22]
 wbs_adr_i[23]
 wbs_adr_i[24]
 wbs_adr_i[25]
 wbs_adr_i[26]
 wbs_adr_i[27]
 wbs_adr_i[28]
 wbs_adr_i[29]
 wbs_adr_i[30]
 wbs_adr_i[31]
 SRAM_0/ScanOutCC
 SRAM_0_84/HI
 SRAM_0_85/HI
 SRAM_0_86/HI
 SRAM_0_87/HI
 SRAM_0_88/HI
 SRAM_0_89/HI
 SRAM_0_90/HI
 SRAM_0_91/LO
 SRAM_0_92/LO
Found 0 partially unannotated drivers.

===========================================================================
max slew violation count 0
max fanout violation count 0
max cap violation count 0
============================================================================

===========================================================================
check_setup -verbose -unconstrained_endpoints -multiple_clock -no_clock -no_input_delay -loops -generated_clocks
===========================================================================
Warning: There are 5 unconstrained endpoints.
  SRAM_0/SM
  SRAM_0/ScanInCC
  SRAM_0/ScanInDL
  SRAM_0/ScanInDR
  SRAM_0/TM
