
===========================================================================
report_checks -unconstrained
===========================================================================
======================= min_ss_100C_1v60 Corner ===================================

Startpoint: wb_rst_i (input port clocked by wb_clk_i)
Endpoint: _1516_ (recovery check against rising-edge clock wb_clk_i)
Path Group: asynchronous
Path Type: max

Fanout         Cap        Slew       Delay        Time   Description
---------------------------------------------------------------------------------------------
                                  0.000000    0.000000   clock wb_clk_i (rise edge)
                                  0.000000    0.000000   clock network delay (propagated)
                                 20.000000   20.000000 v input external delay
     2    0.004547    0.025311    0.014712   20.014711 v wb_rst_i (in)
                                                         wb_rst_i (net)
                      0.025311    0.000000   20.014711 v input5/A (sky130_fd_sc_hd__buf_1)
     2    0.012801    0.153780    0.224013   20.238726 v input5/X (sky130_fd_sc_hd__buf_1)
                                                         net5 (net)
                      0.153780    0.000249   20.238974 v _0739_/A (sky130_fd_sc_hd__inv_2)
     2    0.006308    0.071758    0.120615   20.359589 ^ _0739_/Y (sky130_fd_sc_hd__inv_2)
                                                         _0018_ (net)
                      0.071758    0.000057   20.359646 ^ _0929_/B (sky130_fd_sc_hd__and2_2)
     6    0.039751    0.337630    0.485830   20.845476 ^ _0929_/X (sky130_fd_sc_hd__and2_2)
                                                         team_11_WB.instance_to_wrap.kp.buffertop.nrst (net)
                      0.337630    0.000263   20.845737 ^ fanout185/A (sky130_fd_sc_hd__buf_2)
    10    0.048540    0.379035    0.534326   21.380064 ^ fanout185/X (sky130_fd_sc_hd__buf_2)
                                                         net185 (net)
                      0.379035    0.000247   21.380312 ^ fanout176/A (sky130_fd_sc_hd__buf_2)
    12    0.051153    0.398132    0.565231   21.945543 ^ fanout176/X (sky130_fd_sc_hd__buf_2)
                                                         net176 (net)
                      0.398132    0.001236   21.946779 ^ fanout171/A (sky130_fd_sc_hd__clkbuf_4)
    20    0.066469    0.321211    0.579071   22.525850 ^ fanout171/X (sky130_fd_sc_hd__clkbuf_4)
                                                         net171 (net)
                      0.321211    0.000158   22.526009 ^ fanout170/A (sky130_fd_sc_hd__clkbuf_4)
    10    0.046751    0.234718    0.482464   23.008472 ^ fanout170/X (sky130_fd_sc_hd__clkbuf_4)
                                                         net170 (net)
                      0.234724    0.001547   23.010019 ^ _1516_/RESET_B (sky130_fd_sc_hd__dfrtp_1)
                                             23.010019   data arrival time

                                100.000000  100.000000   clock wb_clk_i (rise edge)
                                  0.000000  100.000000   clock source latency
     2    0.026775    0.197451    0.136097  100.136093 ^ wb_clk_i (in)
                                                         wb_clk_i (net)
                      0.197475    0.000000  100.136093 ^ clkbuf_0_wb_clk_i/A (sky130_fd_sc_hd__clkbuf_16)
     4    0.034067    0.086015    0.299991  100.436089 ^ clkbuf_0_wb_clk_i/X (sky130_fd_sc_hd__clkbuf_16)
                                                         clknet_0_wb_clk_i (net)
                      0.086015    0.000341  100.436424 ^ clkbuf_1_1__f_wb_clk_i/A (sky130_fd_sc_hd__clkbuf_16)
    32    0.162086    0.264609    0.389043  100.825470 ^ clkbuf_1_1__f_wb_clk_i/X (sky130_fd_sc_hd__clkbuf_16)
                                                         clknet_1_1__leaf_wb_clk_i (net)
                      0.264621    0.002110  100.827583 ^ clkbuf_leaf_16_wb_clk_i/A (sky130_fd_sc_hd__clkbuf_8)
     8    0.025103    0.096368    0.335362  101.162941 ^ clkbuf_leaf_16_wb_clk_i/X (sky130_fd_sc_hd__clkbuf_8)
                                                         clknet_leaf_16_wb_clk_i (net)
                      0.096368    0.000171  101.163116 ^ _1516_/CLK (sky130_fd_sc_hd__dfrtp_1)
                                 -0.250000  100.913116   clock uncertainty
                                  0.000000  100.913116   clock reconvergence pessimism
                                  0.410449  101.323570   library recovery time
                                            101.323570   data required time
---------------------------------------------------------------------------------------------
                                            101.323570   data required time
                                            -23.010019   data arrival time
---------------------------------------------------------------------------------------------
                                             78.313553   slack (MET)


Startpoint: wbs_adr_i[5] (input port clocked by wb_clk_i)
Endpoint: wbs_dat_o[7] (output port clocked by wb_clk_i)
Path Group: wb_clk_i
Path Type: max

Fanout         Cap        Slew       Delay        Time   Description
---------------------------------------------------------------------------------------------
                                  0.000000    0.000000   clock wb_clk_i (rise edge)
                                  0.000000    0.000000   clock network delay (propagated)
                                 20.000000   20.000000 v input external delay
     2    0.003920    0.022818    0.012740   20.012741 v wbs_adr_i[5] (in)
                                                         wbs_adr_i[5] (net)
                      0.022818    0.000000   20.012741 v input33/A (sky130_fd_sc_hd__clkbuf_1)
     1    0.004462    0.066995    0.154389   20.167130 v input33/X (sky130_fd_sc_hd__clkbuf_1)
                                                         net33 (net)
                      0.066995    0.000092   20.167221 v _0740_/A (sky130_fd_sc_hd__or4_1)
     1    0.005925    0.216973    1.267930   21.435152 v _0740_/X (sky130_fd_sc_hd__or4_1)
                                                         _0445_ (net)
                      0.216973    0.000124   21.435276 v _0744_/A (sky130_fd_sc_hd__or4_1)
     1    0.010134    0.266652    1.389307   22.824581 v _0744_/X (sky130_fd_sc_hd__or4_1)
                                                         _0449_ (net)
                      0.266652    0.000396   22.824978 v _0750_/A (sky130_fd_sc_hd__or4_1)
     1    0.003270    0.189101    1.282063   24.107040 v _0750_/X (sky130_fd_sc_hd__or4_1)
                                                         net76 (net)
                      0.189101    0.000039   24.107080 v fanout155/A (sky130_fd_sc_hd__clkbuf_2)
    14    0.041085    0.285857    0.426052   24.533133 v fanout155/X (sky130_fd_sc_hd__clkbuf_2)
                                                         net155 (net)
                      0.285857    0.000860   24.533991 v fanout154/A (sky130_fd_sc_hd__buf_2)
    20    0.044648    0.207522    0.481082   25.015074 v fanout154/X (sky130_fd_sc_hd__buf_2)
                                                         net154 (net)
                      0.207525    0.001126   25.016199 v _1817_/A (sky130_fd_sc_hd__clkbuf_1)
     1    0.001972    0.044419    0.217161   25.233360 v _1817_/X (sky130_fd_sc_hd__clkbuf_1)
                                                         net80 (net)
                      0.044419    0.000011   25.233372 v output80/A (sky130_fd_sc_hd__buf_2)
     1    0.034004    0.164849    0.332337   25.565708 v output80/X (sky130_fd_sc_hd__buf_2)
                                                         wbs_dat_o[7] (net)
                      0.164849    0.000185   25.565893 v wbs_dat_o[7] (out)
                                             25.565893   data arrival time

                                100.000000  100.000000   clock wb_clk_i (rise edge)
                                  0.000000  100.000000   clock network delay (propagated)
                                 -0.250000   99.750000   clock uncertainty
                                  0.000000   99.750000   clock reconvergence pessimism
                                -20.000000   79.750000   output external delay
                                             79.750000   data required time
---------------------------------------------------------------------------------------------
                                             79.750000   data required time
                                            -25.565893   data arrival time
---------------------------------------------------------------------------------------------
                                             54.184105   slack (MET)




===========================================================================
report_checks --slack_max -0.01
============================================================================
======================= min_ss_100C_1v60 Corner ===================================

No paths found.


===========================================================================
 report_check_types -max_slew -max_cap -max_fanout -violators
============================================================================
======================= min_ss_100C_1v60 Corner ===================================

max fanout

Pin                                   Limit Fanout  Slack
---------------------------------------------------------
clkbuf_1_1__f_wb_clk_i/X                 10     32    -22 (VIOLATED)
clkbuf_1_0__f_wb_clk_i/X                 10     24    -14 (VIOLATED)
fanout135/X                              10     20    -10 (VIOLATED)
fanout154/X                              10     20    -10 (VIOLATED)
fanout158/X                              10     20    -10 (VIOLATED)
fanout162/X                              10     20    -10 (VIOLATED)
fanout163/X                              10     20    -10 (VIOLATED)
fanout164/X                              10     20    -10 (VIOLATED)
fanout171/X                              10     20    -10 (VIOLATED)
fanout173/X                              10     20    -10 (VIOLATED)
fanout88/X                               10     20    -10 (VIOLATED)
fanout99/X                               10     20    -10 (VIOLATED)
_1392_/X                                 10     16     -6 (VIOLATED)
_1394_/X                                 10     16     -6 (VIOLATED)
_1395_/X                                 10     16     -6 (VIOLATED)
_1396_/X                                 10     16     -6 (VIOLATED)
_1397_/X                                 10     16     -6 (VIOLATED)
_1398_/X                                 10     16     -6 (VIOLATED)
_1399_/X                                 10     16     -6 (VIOLATED)
_1400_/X                                 10     16     -6 (VIOLATED)
_1401_/X                                 10     16     -6 (VIOLATED)
_1402_/X                                 10     16     -6 (VIOLATED)
_1403_/X                                 10     16     -6 (VIOLATED)
_1404_/X                                 10     16     -6 (VIOLATED)
_1405_/X                                 10     16     -6 (VIOLATED)
_1406_/X                                 10     16     -6 (VIOLATED)
_1407_/X                                 10     16     -6 (VIOLATED)
_1408_/X                                 10     16     -6 (VIOLATED)
fanout108/X                              10     16     -6 (VIOLATED)
fanout150/X                              10     16     -6 (VIOLATED)
fanout126/X                              10     14     -4 (VIOLATED)
fanout143/X                              10     14     -4 (VIOLATED)
fanout155/X                              10     14     -4 (VIOLATED)
fanout184/X                              10     14     -4 (VIOLATED)
clkbuf_leaf_10_wb_clk_i/X                10     13     -3 (VIOLATED)
clkbuf_leaf_23_wb_clk_i/X                10     13     -3 (VIOLATED)
clkbuf_leaf_24_wb_clk_i/X                10     13     -3 (VIOLATED)
_0756_/Y                                 10     12     -2 (VIOLATED)
clkbuf_leaf_0_wb_clk_i/X                 10     12     -2 (VIOLATED)
clkbuf_leaf_18_wb_clk_i/X                10     12     -2 (VIOLATED)
clkbuf_leaf_21_wb_clk_i/X                10     12     -2 (VIOLATED)
fanout151/X                              10     12     -2 (VIOLATED)
fanout160/X                              10     12     -2 (VIOLATED)
fanout176/X                              10     12     -2 (VIOLATED)
fanout181/X                              10     12     -2 (VIOLATED)
fanout84/X                               10     12     -2 (VIOLATED)
clkbuf_leaf_5_wb_clk_i/X                 10     11        (VIOLATED)



===========================================================================
report_parasitic_annotation -report_unannotated
============================================================================
Found 141 unannotated drivers.
 gpio_in[0]
 gpio_in[10]
 gpio_in[11]
 gpio_in[12]
 gpio_in[13]
 gpio_in[14]
 gpio_in[15]
 gpio_in[16]
 gpio_in[17]
 gpio_in[18]
 gpio_in[19]
 gpio_in[1]
 gpio_in[20]
 gpio_in[21]
 gpio_in[22]
 gpio_in[23]
 gpio_in[24]
 gpio_in[25]
 gpio_in[26]
 gpio_in[27]
 gpio_in[28]
 gpio_in[29]
 gpio_in[2]
 gpio_in[30]
 gpio_in[31]
 gpio_in[32]
 gpio_in[33]
 gpio_in[3]
 gpio_in[4]
 gpio_in[5]
 gpio_in[6]
 gpio_in[7]
 gpio_in[8]
 gpio_in[9]
 wbs_dat_i[10]
 wbs_dat_i[11]
 wbs_dat_i[12]
 wbs_dat_i[13]
 wbs_dat_i[14]
 wbs_dat_i[15]
 wbs_dat_i[16]
 wbs_dat_i[17]
 wbs_dat_i[18]
 wbs_dat_i[19]
 wbs_dat_i[1]
 wbs_dat_i[20]
 wbs_dat_i[21]
 wbs_dat_i[22]
 wbs_dat_i[23]
 wbs_dat_i[24]
 wbs_dat_i[25]
 wbs_dat_i[26]
 wbs_dat_i[27]
 wbs_dat_i[28]
 wbs_dat_i[29]
 wbs_dat_i[2]
 wbs_dat_i[30]
 wbs_dat_i[31]
 wbs_dat_i[3]
 wbs_dat_i[4]
 wbs_dat_i[5]
 wbs_dat_i[6]
 wbs_dat_i[7]
 wbs_dat_i[8]
 wbs_dat_i[9]
 wbs_sel_i[0]
 wbs_sel_i[1]
 wbs_sel_i[2]
 wbs_sel_i[3]
 _1744__239/LO
 _1745__240/LO
 _1746__241/LO
 _1747__242/LO
 _1748__243/LO
 _1749__244/LO
 _1750__245/LO
 _1751__246/LO
 _1752__247/LO
 _1753__248/LO
 _1754__249/LO
 _1755__250/LO
 _1756__251/LO
 _1757__252/LO
 _1758__253/LO
 _1759__254/LO
 _1760__255/LO
 _1761__256/LO
 _1762__189/HI
 _1763__190/HI
 _1764__191/HI
 _1765__192/HI
 _1766__193/HI
 _1767__194/HI
 _1768__195/HI
 _1769__196/HI
 _1770__197/HI
 _1771__198/HI
 _1772__199/HI
 _1773__200/HI
 _1774__201/HI
 _1775__202/HI
 _1776__203/HI
 _1777__204/HI
 _1778__257/LO
 _1779__258/LO
 _1780__259/LO
 _1781__260/LO
 _1782__205/HI
 _1783__206/HI
 _1784__207/HI
 _1785__208/HI
 _1786__209/HI
 _1787__210/HI
 _1788__211/HI
 _1789__212/HI
 _1790__213/HI
 _1791__214/HI
 _1792__215/HI
 _1793__216/HI
 _1794__217/HI
 _1795__218/HI
 _1796__219/HI
 _1797__220/HI
 _1798__221/HI
 _1799__222/HI
 _1801__223/HI
 _1804__224/HI
 _1805__225/HI
 _1806__226/HI
 _1807__227/HI
 _1808__228/HI
 _1809__229/HI
 _1810__230/HI
 _1814__231/HI
 _1818__232/HI
 _1824__233/HI
 _1827__234/HI
 _1830__235/HI
 _1832__236/HI
 _1834__237/HI
 _1839__238/HI
Found 0 partially unannotated drivers.

===========================================================================
max slew violation count 0
max fanout violation count 47
max cap violation count 0
============================================================================

===========================================================================
check_setup -verbose -unconstrained_endpoints -multiple_clock -no_clock -no_input_delay -loops -generated_clocks
===========================================================================
Warning: There are 72 unconstrained endpoints.
  gpio_oeb[0]
  gpio_oeb[10]
  gpio_oeb[11]
  gpio_oeb[12]
  gpio_oeb[13]
  gpio_oeb[14]
  gpio_oeb[15]
  gpio_oeb[16]
  gpio_oeb[17]
  gpio_oeb[18]
  gpio_oeb[19]
  gpio_oeb[1]
  gpio_oeb[20]
  gpio_oeb[21]
  gpio_oeb[22]
  gpio_oeb[23]
  gpio_oeb[24]
  gpio_oeb[25]
  gpio_oeb[26]
  gpio_oeb[27]
  gpio_oeb[28]
  gpio_oeb[29]
  gpio_oeb[2]
  gpio_oeb[30]
  gpio_oeb[31]
  gpio_oeb[32]
  gpio_oeb[33]
  gpio_oeb[34]
  gpio_oeb[35]
  gpio_oeb[36]
  gpio_oeb[37]
  gpio_oeb[3]
  gpio_oeb[4]
  gpio_oeb[5]
  gpio_oeb[6]
  gpio_oeb[7]
  gpio_oeb[8]
  gpio_oeb[9]
  gpio_out[0]
  gpio_out[10]
  gpio_out[11]
  gpio_out[12]
  gpio_out[13]
  gpio_out[14]
  gpio_out[15]
  gpio_out[16]
  gpio_out[17]
  gpio_out[1]
  gpio_out[27]
  gpio_out[2]
  gpio_out[34]
  gpio_out[35]
  gpio_out[36]
  gpio_out[37]
  gpio_out[3]
  gpio_out[4]
  gpio_out[5]
  gpio_out[6]
  gpio_out[7]
  gpio_out[8]
  gpio_out[9]
  irq[0]
  irq[1]
  irq[2]
  wbs_dat_o[14]
  wbs_dat_o[17]
  wbs_dat_o[20]
  wbs_dat_o[22]
  wbs_dat_o[24]
  wbs_dat_o[29]
  wbs_dat_o[4]
  wbs_dat_o[8]
