
===========================================================================
report_checks -unconstrained
===========================================================================
======================= max_tt_025C_1v80 Corner ===================================

Startpoint: nrst (input port clocked by clk)
Endpoint: _13081_ (recovery check against rising-edge clock clk)
Path Group: asynchronous
Path Type: max

Fanout         Cap        Slew       Delay        Time   Description
---------------------------------------------------------------------------------------------
                                  0.000000    0.000000   clock clk (rise edge)
                                  0.000000    0.000000   clock network delay (propagated)
                                 20.000000   20.000000 ^ input external delay
     2    0.004039    0.025115    0.014703   20.014704 ^ nrst (in)
                                                         nrst (net)
                      0.025117    0.000000   20.014704 ^ input39/A (sky130_fd_sc_hd__buf_1)
     1    0.009231    0.115986    0.124556   20.139259 ^ input39/X (sky130_fd_sc_hd__buf_1)
                                                         net39 (net)
                      0.115992    0.000686   20.139946 ^ fanout1386/A (sky130_fd_sc_hd__buf_6)
    13    0.208690    0.411088    0.354300   20.494246 ^ fanout1386/X (sky130_fd_sc_hd__buf_6)
                                                         net1386 (net)
                      0.420331    0.049148   20.543394 ^ fanout1385/A (sky130_fd_sc_hd__clkbuf_4)
    11    0.074612    0.227298    0.371024   20.914417 ^ fanout1385/X (sky130_fd_sc_hd__clkbuf_4)
                                                         net1385 (net)
                      0.227335    0.002482   20.916899 ^ fanout1364/A (sky130_fd_sc_hd__buf_2)
    11    0.060232    0.293751    0.334968   21.251867 ^ fanout1364/X (sky130_fd_sc_hd__buf_2)
                                                         net1364 (net)
                      0.293761    0.001450   21.253317 ^ fanout1363/A (sky130_fd_sc_hd__clkbuf_2)
    11    0.055403    0.300587    0.350626   21.603943 ^ fanout1363/X (sky130_fd_sc_hd__clkbuf_2)
                                                         net1363 (net)
                      0.300597    0.001457   21.605398 ^ fanout1356/A (sky130_fd_sc_hd__clkbuf_2)
    11    0.043209    0.236614    0.308424   21.913822 ^ fanout1356/X (sky130_fd_sc_hd__clkbuf_2)
                                                         net1356 (net)
                      0.236624    0.001295   21.915117 ^ fanout1355/A (sky130_fd_sc_hd__buf_2)
     8    0.038788    0.191098    0.270827   22.185944 ^ fanout1355/X (sky130_fd_sc_hd__buf_2)
                                                         net1355 (net)
                      0.191101    0.001073   22.187017 ^ fanout1353/A (sky130_fd_sc_hd__clkbuf_4)
    10    0.045151    0.143804    0.257147   22.444164 ^ fanout1353/X (sky130_fd_sc_hd__clkbuf_4)
                                                         net1353 (net)
                      0.143853    0.002592   22.446756 ^ _13081_/SET_B (sky130_fd_sc_hd__dfstp_1)
                                             22.446756   data arrival time

                                100.000000  100.000000   clock clk (rise edge)
                                  0.000000  100.000000   clock source latency
     2    0.128497    0.576508    0.404135  100.404129 ^ clk (in)
                                                         clk (net)
                      0.576891    0.000000  100.404129 ^ clkbuf_0_clk/A (sky130_fd_sc_hd__clkbuf_16)
    17    0.232397    0.247117    0.393506  100.797638 ^ clkbuf_0_clk/X (sky130_fd_sc_hd__clkbuf_16)
                                                         clknet_0_clk (net)
                      0.251906    0.027391  100.825027 ^ clkbuf_3_6_0_clk/A (sky130_fd_sc_hd__clkbuf_8)
    25    0.229793    0.393459    0.427221  101.252251 ^ clkbuf_3_6_0_clk/X (sky130_fd_sc_hd__clkbuf_8)
                                                         clknet_3_6_0_clk (net)
                      0.396033    0.026120  101.278366 ^ clkbuf_leaf_45_clk/A (sky130_fd_sc_hd__clkbuf_8)
    23    0.072607    0.137392    0.293994  101.572365 ^ clkbuf_leaf_45_clk/X (sky130_fd_sc_hd__clkbuf_8)
                                                         clknet_leaf_45_clk (net)
                      0.137458    0.002537  101.574898 ^ _13081_/CLK (sky130_fd_sc_hd__dfstp_1)
                                 -0.250000  101.324905   clock uncertainty
                                  0.000000  101.324905   clock reconvergence pessimism
                                  0.153767  101.478668   library recovery time
                                            101.478668   data required time
---------------------------------------------------------------------------------------------
                                            101.478668   data required time
                                            -22.446756   data arrival time
---------------------------------------------------------------------------------------------
                                             79.031914   slack (MET)


Startpoint: _14324_ (rising edge-triggered flip-flop clocked by clk)
Endpoint: gpio_out[1] (output port clocked by clk)
Path Group: clk
Path Type: max

Fanout         Cap        Slew       Delay        Time   Description
---------------------------------------------------------------------------------------------
                                  0.000000    0.000000   clock clk (rise edge)
                                  0.000000    0.000000   clock source latency
     2    0.128497    0.576508    0.404135    0.404135 ^ clk (in)
                                                         clk (net)
                      0.576891    0.000000    0.404135 ^ clkbuf_0_clk/A (sky130_fd_sc_hd__clkbuf_16)
    17    0.232397    0.247117    0.393506    0.797641 ^ clkbuf_0_clk/X (sky130_fd_sc_hd__clkbuf_16)
                                                         clknet_0_clk (net)
                      0.251990    0.027626    0.825267 ^ clkbuf_3_7_0_clk/A (sky130_fd_sc_hd__clkbuf_8)
    33    0.205153    0.351517    0.407526    1.232793 ^ clkbuf_3_7_0_clk/X (sky130_fd_sc_hd__clkbuf_8)
                                                         clknet_3_7_0_clk (net)
                      0.353773    0.022896    1.255689 ^ clkbuf_leaf_57_clk/A (sky130_fd_sc_hd__clkbuf_8)
    41    0.104771    0.186718    0.324187    1.579876 ^ clkbuf_leaf_57_clk/X (sky130_fd_sc_hd__clkbuf_8)
                                                         clknet_leaf_57_clk (net)
                      0.186969    0.004677    1.584552 ^ _14324_/CLK (sky130_fd_sc_hd__dfxtp_1)
     6    0.018319    0.092052    0.396126    1.980678 v _14324_/Q (sky130_fd_sc_hd__dfxtp_1)
                                                         cpu.LCD0.cnt_500hz[5] (net)
                      0.092071    0.001298    1.981976 v _06699_/A (sky130_fd_sc_hd__or4_1)
     1    0.003772    0.089660    0.536913    2.518889 v _06699_/X (sky130_fd_sc_hd__or4_1)
                                                         _01997_ (net)
                      0.089660    0.000239    2.519129 v _06700_/A3 (sky130_fd_sc_hd__a311o_1)
     1    0.004849    0.063138    0.372658    2.891787 v _06700_/X (sky130_fd_sc_hd__a311o_1)
                                                         _01998_ (net)
                      0.063138    0.000340    2.892127 v _06701_/A2 (sky130_fd_sc_hd__a21oi_1)
     1    0.003790    0.122002    0.156529    3.048656 ^ _06701_/Y (sky130_fd_sc_hd__a21oi_1)
                                                         cpu.LCD0.lcd_en (net)
                      0.122002    0.000241    3.048897 ^ _14664_/A (sky130_fd_sc_hd__clkbuf_1)
     1    0.003932    0.057037    0.110617    3.159514 ^ _14664_/X (sky130_fd_sc_hd__clkbuf_1)
                                                         net117 (net)
                      0.057037    0.000270    3.159785 ^ output117/A (sky130_fd_sc_hd__buf_2)
     1    0.034607    0.171881    0.202945    3.362729 ^ output117/X (sky130_fd_sc_hd__buf_2)
                                                         gpio_out[1] (net)
                      0.171955    0.001665    3.364394 ^ gpio_out[1] (out)
                                              3.364394   data arrival time

                                100.000000  100.000000   clock clk (rise edge)
                                  0.000000  100.000000   clock network delay (propagated)
                                 -0.250000   99.750000   clock uncertainty
                                  0.000000   99.750000   clock reconvergence pessimism
                                -20.000000   79.750000   output external delay
                                             79.750000   data required time
---------------------------------------------------------------------------------------------
                                             79.750000   data required time
                                             -3.364394   data arrival time
---------------------------------------------------------------------------------------------
                                             76.385605   slack (MET)




===========================================================================
report_checks --slack_max -0.01
============================================================================
======================= max_tt_025C_1v80 Corner ===================================

No paths found.


===========================================================================
 report_check_types -max_slew -max_cap -max_fanout -violators
============================================================================
======================= max_tt_025C_1v80 Corner ===================================

max slew

Pin                                        Limit        Slew       Slack
------------------------------------------------------------------------
wire774/A                               0.750000    1.134071   -0.384071 (VIOLATED)
ANTENNA_wire774_A/DIODE                 0.750000    1.134070   -0.384070 (VIOLATED)
ANTENNA__06881__Y/DIODE                 0.750000    1.134045   -0.384045 (VIOLATED)
ANTENNA_fanout770_A/DIODE               0.750000    1.134045   -0.384045 (VIOLATED)
fanout770/A                             0.750000    1.134045   -0.384045 (VIOLATED)
_06881_/Y                               0.750000    1.134043   -0.384043 (VIOLATED)
wire856/A                               0.750000    1.072343   -0.322343 (VIOLATED)
ANTENNA_wire856_A/DIODE                 0.750000    1.072340   -0.322340 (VIOLATED)
ANTENNA_fanout855_A/DIODE               0.750000    1.072333   -0.322333 (VIOLATED)
fanout855/A                             0.750000    1.072333   -0.322333 (VIOLATED)
ANTENNA__06744__Y/DIODE                 0.750000    1.072330   -0.322330 (VIOLATED)
_06744_/Y                               0.750000    1.072320   -0.322320 (VIOLATED)
wire843/A                               0.750000    0.816321   -0.066321 (VIOLATED)
ANTENNA_wire843_A/DIODE                 0.750000    0.816319   -0.066319 (VIOLATED)
fanout841/A                             0.750000    0.816305   -0.066305 (VIOLATED)
ANTENNA_fanout841_A/DIODE               0.750000    0.816301   -0.066301 (VIOLATED)
ANTENNA__06758__Y/DIODE                 0.750000    0.816283   -0.066283 (VIOLATED)
_06758_/Y                               0.750000    0.816281   -0.066281 (VIOLATED)
wire887/A                               0.750000    0.803818   -0.053818 (VIOLATED)
ANTENNA_wire887_A/DIODE                 0.750000    0.803817   -0.053817 (VIOLATED)
fanout884/A                             0.750000    0.803809   -0.053809 (VIOLATED)
ANTENNA_fanout884_A/DIODE               0.750000    0.803808   -0.053808 (VIOLATED)
ANTENNA__06715__Y/DIODE                 0.750000    0.803803   -0.053803 (VIOLATED)
_06715_/Y                               0.750000    0.803801   -0.053801 (VIOLATED)
_09995_/A2                              0.750000    0.776683   -0.026683 (VIOLATED)
_10873_/B                               0.750000    0.776680   -0.026680 (VIOLATED)
ANTENNA__10873__B/DIODE                 0.750000    0.776679   -0.026679 (VIOLATED)
ANTENNA__09995__A2/DIODE                0.750000    0.776678   -0.026678 (VIOLATED)
_10758_/B                               0.750000    0.776658   -0.026658 (VIOLATED)
ANTENNA__10758__B/DIODE                 0.750000    0.776656   -0.026656 (VIOLATED)
ANTENNA__09483__Y/DIODE                 0.750000    0.776540   -0.026540 (VIOLATED)
_09483_/Y                               0.750000    0.776526   -0.026526 (VIOLATED)
_08180_/A1_N                            0.750000    0.773497   -0.023497 (VIOLATED)
ANTENNA__08180__A1_N/DIODE              0.750000    0.773495   -0.023495 (VIOLATED)
ANTENNA__08178__Y/DIODE                 0.750000    0.773447   -0.023447 (VIOLATED)
_08178_/Y                               0.750000    0.773441   -0.023441 (VIOLATED)

max fanout

Pin                                   Limit Fanout  Slack
---------------------------------------------------------
clkbuf_leaf_21_clk/X                     10     53    -43 (VIOLATED)
clkbuf_leaf_22_clk/X                     10     53    -43 (VIOLATED)
clkbuf_leaf_28_clk/X                     10     53    -43 (VIOLATED)
clkbuf_leaf_29_clk/X                     10     53    -43 (VIOLATED)
clkbuf_leaf_31_clk/X                     10     53    -43 (VIOLATED)
clkbuf_leaf_34_clk/X                     10     53    -43 (VIOLATED)
clkbuf_leaf_35_clk/X                     10     53    -43 (VIOLATED)
clkbuf_leaf_48_clk/X                     10     53    -43 (VIOLATED)
clkbuf_leaf_49_clk/X                     10     53    -43 (VIOLATED)
clkbuf_leaf_74_clk/X                     10     53    -43 (VIOLATED)
clkbuf_leaf_0_clk/X                      10     51    -41 (VIOLATED)
clkbuf_leaf_20_clk/X                     10     51    -41 (VIOLATED)
clkbuf_leaf_44_clk/X                     10     51    -41 (VIOLATED)
clkbuf_leaf_46_clk/X                     10     51    -41 (VIOLATED)
clkbuf_leaf_50_clk/X                     10     51    -41 (VIOLATED)
clkbuf_leaf_52_clk/X                     10     51    -41 (VIOLATED)
clkbuf_leaf_68_clk/X                     10     51    -41 (VIOLATED)
clkbuf_leaf_73_clk/X                     10     51    -41 (VIOLATED)
clkbuf_leaf_77_clk/X                     10     51    -41 (VIOLATED)
clkbuf_leaf_23_clk/X                     10     49    -39 (VIOLATED)
clkbuf_leaf_26_clk/X                     10     47    -37 (VIOLATED)
clkbuf_leaf_33_clk/X                     10     47    -37 (VIOLATED)
clkbuf_leaf_47_clk/X                     10     47    -37 (VIOLATED)
clkbuf_leaf_53_clk/X                     10     47    -37 (VIOLATED)
clkbuf_leaf_51_clk/X                     10     45    -35 (VIOLATED)
clkbuf_leaf_5_clk/X                      10     45    -35 (VIOLATED)
clkbuf_leaf_61_clk/X                     10     45    -35 (VIOLATED)
clkbuf_leaf_8_clk/X                      10     45    -35 (VIOLATED)
clkbuf_leaf_54_clk/X                     10     43    -33 (VIOLATED)
clkbuf_leaf_1_clk/X                      10     41    -31 (VIOLATED)
clkbuf_leaf_27_clk/X                     10     41    -31 (VIOLATED)
clkbuf_leaf_57_clk/X                     10     41    -31 (VIOLATED)
clkbuf_leaf_64_clk/X                     10     41    -31 (VIOLATED)
clkbuf_leaf_70_clk/X                     10     41    -31 (VIOLATED)
clkbuf_leaf_105_clk/X                    10     39    -29 (VIOLATED)
clkbuf_leaf_16_clk/X                     10     39    -29 (VIOLATED)
clkbuf_leaf_24_clk/X                     10     39    -29 (VIOLATED)
clkbuf_leaf_25_clk/X                     10     39    -29 (VIOLATED)
clkbuf_leaf_67_clk/X                     10     39    -29 (VIOLATED)
clkbuf_leaf_75_clk/X                     10     39    -29 (VIOLATED)
clkbuf_leaf_7_clk/X                      10     39    -29 (VIOLATED)
clkbuf_leaf_94_clk/X                     10     39    -29 (VIOLATED)
clkbuf_leaf_96_clk/X                     10     39    -29 (VIOLATED)
clkbuf_leaf_99_clk/X                     10     39    -29 (VIOLATED)
clkbuf_leaf_102_clk/X                    10     37    -27 (VIOLATED)
clkbuf_leaf_12_clk/X                     10     37    -27 (VIOLATED)
clkbuf_leaf_14_clk/X                     10     37    -27 (VIOLATED)
clkbuf_leaf_2_clk/X                      10     37    -27 (VIOLATED)
clkbuf_leaf_37_clk/X                     10     37    -27 (VIOLATED)
clkbuf_leaf_66_clk/X                     10     37    -27 (VIOLATED)
clkbuf_leaf_69_clk/X                     10     37    -27 (VIOLATED)
clkbuf_leaf_71_clk/X                     10     37    -27 (VIOLATED)
clkbuf_leaf_78_clk/X                     10     37    -27 (VIOLATED)
clkbuf_leaf_79_clk/X                     10     37    -27 (VIOLATED)
clkbuf_leaf_82_clk/X                     10     37    -27 (VIOLATED)
clkbuf_leaf_103_clk/X                    10     35    -25 (VIOLATED)
clkbuf_leaf_63_clk/X                     10     35    -25 (VIOLATED)
clkbuf_leaf_91_clk/X                     10     35    -25 (VIOLATED)
clkbuf_leaf_93_clk/X                     10     35    -25 (VIOLATED)
clkbuf_leaf_95_clk/X                     10     35    -25 (VIOLATED)
clkbuf_leaf_9_clk/X                      10     35    -25 (VIOLATED)
clkbuf_3_1_0_clk/X                       10     33    -23 (VIOLATED)
clkbuf_3_2_0_clk/X                       10     33    -23 (VIOLATED)
clkbuf_3_7_0_clk/X                       10     33    -23 (VIOLATED)
clkbuf_leaf_101_clk/X                    10     33    -23 (VIOLATED)
clkbuf_leaf_106_clk/X                    10     33    -23 (VIOLATED)
clkbuf_leaf_58_clk/X                     10     33    -23 (VIOLATED)
clkbuf_leaf_90_clk/X                     10     33    -23 (VIOLATED)
clkbuf_leaf_92_clk/X                     10     33    -23 (VIOLATED)
clkbuf_3_0_0_clk/X                       10     31    -21 (VIOLATED)
clkbuf_leaf_100_clk/X                    10     31    -21 (VIOLATED)
clkbuf_leaf_18_clk/X                     10     31    -21 (VIOLATED)
clkbuf_leaf_65_clk/X                     10     31    -21 (VIOLATED)
clkbuf_leaf_86_clk/X                     10     31    -21 (VIOLATED)
clkbuf_3_4_0_clk/X                       10     29    -19 (VIOLATED)
clkbuf_leaf_104_clk/X                    10     29    -19 (VIOLATED)
clkbuf_leaf_11_clk/X                     10     29    -19 (VIOLATED)
clkbuf_leaf_32_clk/X                     10     29    -19 (VIOLATED)
clkbuf_leaf_42_clk/X                     10     29    -19 (VIOLATED)
clkbuf_leaf_97_clk/X                     10     29    -19 (VIOLATED)
clkbuf_3_3_0_clk/X                       10     27    -17 (VIOLATED)
clkbuf_leaf_3_clk/X                      10     27    -17 (VIOLATED)
clkbuf_leaf_81_clk/X                     10     27    -17 (VIOLATED)
clkbuf_leaf_88_clk/X                     10     27    -17 (VIOLATED)
fanout814/X                              10     27    -17 (VIOLATED)
fanout875/X                              10     27    -17 (VIOLATED)
clkbuf_3_6_0_clk/X                       10     25    -15 (VIOLATED)
clkbuf_leaf_30_clk/X                     10     25    -15 (VIOLATED)
clkbuf_leaf_36_clk/X                     10     25    -15 (VIOLATED)
clkbuf_leaf_98_clk/X                     10     25    -15 (VIOLATED)
clkbuf_3_5_0_clk/X                       10     23    -13 (VIOLATED)
clkbuf_leaf_45_clk/X                     10     23    -13 (VIOLATED)
clkbuf_leaf_6_clk/X                      10     23    -13 (VIOLATED)
fanout864/X                              10     23    -13 (VIOLATED)
fanout599/X                              10     22    -12 (VIOLATED)
fanout781/X                              10     22    -12 (VIOLATED)
fanout796/X                              10     22    -12 (VIOLATED)
fanout879/X                              10     22    -12 (VIOLATED)
_06713_/X                                10     21    -11 (VIOLATED)
_08111_/X                                10     21    -11 (VIOLATED)
_09189_/X                                10     21    -11 (VIOLATED)
_13325_/Q                                10     21    -11 (VIOLATED)
_14387_/Q                                10     21    -11 (VIOLATED)
_14459_/Q                                10     21    -11 (VIOLATED)
_14462_/Q                                10     21    -11 (VIOLATED)
_14466_/Q                                10     21    -11 (VIOLATED)
fanout1001/X                             10     21    -11 (VIOLATED)
fanout1012/X                             10     21    -11 (VIOLATED)
fanout1013/X                             10     21    -11 (VIOLATED)
fanout1014/X                             10     21    -11 (VIOLATED)
fanout1018/X                             10     21    -11 (VIOLATED)
fanout1019/X                             10     21    -11 (VIOLATED)
fanout1021/X                             10     21    -11 (VIOLATED)
fanout1022/X                             10     21    -11 (VIOLATED)
fanout1023/X                             10     21    -11 (VIOLATED)
fanout1026/X                             10     21    -11 (VIOLATED)
fanout1028/X                             10     21    -11 (VIOLATED)
fanout1029/X                             10     21    -11 (VIOLATED)
fanout1031/X                             10     21    -11 (VIOLATED)
fanout1036/X                             10     21    -11 (VIOLATED)
fanout1045/X                             10     21    -11 (VIOLATED)
fanout1046/X                             10     21    -11 (VIOLATED)
fanout1049/X                             10     21    -11 (VIOLATED)
fanout1050/X                             10     21    -11 (VIOLATED)
fanout1051/X                             10     21    -11 (VIOLATED)
fanout1052/X                             10     21    -11 (VIOLATED)
fanout1062/X                             10     21    -11 (VIOLATED)
fanout1063/X                             10     21    -11 (VIOLATED)
fanout1066/X                             10     21    -11 (VIOLATED)
fanout1068/X                             10     21    -11 (VIOLATED)
fanout1073/X                             10     21    -11 (VIOLATED)
fanout1080/X                             10     21    -11 (VIOLATED)
fanout1083/X                             10     21    -11 (VIOLATED)
fanout1084/X                             10     21    -11 (VIOLATED)
fanout1086/X                             10     21    -11 (VIOLATED)
fanout1088/X                             10     21    -11 (VIOLATED)
fanout1089/X                             10     21    -11 (VIOLATED)
fanout1092/X                             10     21    -11 (VIOLATED)
fanout1093/X                             10     21    -11 (VIOLATED)
fanout1095/X                             10     21    -11 (VIOLATED)
fanout1096/X                             10     21    -11 (VIOLATED)
fanout1097/X                             10     21    -11 (VIOLATED)
fanout1099/X                             10     21    -11 (VIOLATED)
fanout1100/X                             10     21    -11 (VIOLATED)
fanout1102/X                             10     21    -11 (VIOLATED)
fanout1106/X                             10     21    -11 (VIOLATED)
fanout1107/X                             10     21    -11 (VIOLATED)
fanout1122/X                             10     21    -11 (VIOLATED)
fanout1130/X                             10     21    -11 (VIOLATED)
fanout1134/X                             10     21    -11 (VIOLATED)
fanout1135/X                             10     21    -11 (VIOLATED)
fanout1141/X                             10     21    -11 (VIOLATED)
fanout1150/X                             10     21    -11 (VIOLATED)
fanout1235/X                             10     21    -11 (VIOLATED)
fanout125/X                              10     21    -11 (VIOLATED)
fanout1254/X                             10     21    -11 (VIOLATED)
fanout126/X                              10     21    -11 (VIOLATED)
fanout1275/X                             10     21    -11 (VIOLATED)
fanout1302/X                             10     21    -11 (VIOLATED)
fanout132/X                              10     21    -11 (VIOLATED)
fanout134/X                              10     21    -11 (VIOLATED)
fanout154/X                              10     21    -11 (VIOLATED)
fanout168/X                              10     21    -11 (VIOLATED)
fanout191/X                              10     21    -11 (VIOLATED)
fanout202/X                              10     21    -11 (VIOLATED)
fanout257/X                              10     21    -11 (VIOLATED)
fanout272/X                              10     21    -11 (VIOLATED)
fanout273/X                              10     21    -11 (VIOLATED)
fanout274/X                              10     21    -11 (VIOLATED)
fanout277/X                              10     21    -11 (VIOLATED)
fanout278/X                              10     21    -11 (VIOLATED)
fanout281/X                              10     21    -11 (VIOLATED)
fanout282/X                              10     21    -11 (VIOLATED)
fanout284/X                              10     21    -11 (VIOLATED)
fanout285/X                              10     21    -11 (VIOLATED)
fanout288/X                              10     21    -11 (VIOLATED)
fanout291/X                              10     21    -11 (VIOLATED)
fanout293/X                              10     21    -11 (VIOLATED)
fanout295/X                              10     21    -11 (VIOLATED)
fanout296/X                              10     21    -11 (VIOLATED)
fanout298/X                              10     21    -11 (VIOLATED)
fanout300/X                              10     21    -11 (VIOLATED)
fanout301/X                              10     21    -11 (VIOLATED)
fanout305/X                              10     21    -11 (VIOLATED)
fanout306/X                              10     21    -11 (VIOLATED)
fanout310/X                              10     21    -11 (VIOLATED)
fanout312/X                              10     21    -11 (VIOLATED)
fanout314/X                              10     21    -11 (VIOLATED)
fanout316/X                              10     21    -11 (VIOLATED)
fanout318/X                              10     21    -11 (VIOLATED)
fanout320/X                              10     21    -11 (VIOLATED)
fanout322/X                              10     21    -11 (VIOLATED)
fanout323/X                              10     21    -11 (VIOLATED)
fanout326/X                              10     21    -11 (VIOLATED)
fanout328/X                              10     21    -11 (VIOLATED)
fanout330/X                              10     21    -11 (VIOLATED)
fanout332/X                              10     21    -11 (VIOLATED)
fanout334/X                              10     21    -11 (VIOLATED)
fanout336/X                              10     21    -11 (VIOLATED)
fanout338/X                              10     21    -11 (VIOLATED)
fanout340/X                              10     21    -11 (VIOLATED)
fanout342/X                              10     21    -11 (VIOLATED)
fanout343/X                              10     21    -11 (VIOLATED)
fanout346/X                              10     21    -11 (VIOLATED)
fanout347/X                              10     21    -11 (VIOLATED)
fanout348/X                              10     21    -11 (VIOLATED)
fanout350/X                              10     21    -11 (VIOLATED)
fanout352/X                              10     21    -11 (VIOLATED)
fanout354/X                              10     21    -11 (VIOLATED)
fanout356/X                              10     21    -11 (VIOLATED)
fanout358/X                              10     21    -11 (VIOLATED)
fanout360/X                              10     21    -11 (VIOLATED)
fanout362/X                              10     21    -11 (VIOLATED)
fanout364/X                              10     21    -11 (VIOLATED)
fanout366/X                              10     21    -11 (VIOLATED)
fanout368/X                              10     21    -11 (VIOLATED)
fanout370/X                              10     21    -11 (VIOLATED)
fanout371/X                              10     21    -11 (VIOLATED)
fanout372/X                              10     21    -11 (VIOLATED)
fanout374/X                              10     21    -11 (VIOLATED)
fanout376/X                              10     21    -11 (VIOLATED)
fanout378/X                              10     21    -11 (VIOLATED)
fanout379/X                              10     21    -11 (VIOLATED)
fanout382/X                              10     21    -11 (VIOLATED)
fanout384/X                              10     21    -11 (VIOLATED)
fanout386/X                              10     21    -11 (VIOLATED)
fanout387/X                              10     21    -11 (VIOLATED)
fanout388/X                              10     21    -11 (VIOLATED)
fanout390/X                              10     21    -11 (VIOLATED)
fanout391/X                              10     21    -11 (VIOLATED)
fanout392/X                              10     21    -11 (VIOLATED)
fanout394/X                              10     21    -11 (VIOLATED)
fanout396/X                              10     21    -11 (VIOLATED)
fanout398/X                              10     21    -11 (VIOLATED)
fanout400/X                              10     21    -11 (VIOLATED)
fanout402/X                              10     21    -11 (VIOLATED)
fanout404/X                              10     21    -11 (VIOLATED)
fanout406/X                              10     21    -11 (VIOLATED)
fanout408/X                              10     21    -11 (VIOLATED)
fanout410/X                              10     21    -11 (VIOLATED)
fanout412/X                              10     21    -11 (VIOLATED)
fanout414/X                              10     21    -11 (VIOLATED)
fanout415/X                              10     21    -11 (VIOLATED)
fanout418/X                              10     21    -11 (VIOLATED)
fanout420/X                              10     21    -11 (VIOLATED)
fanout422/X                              10     21    -11 (VIOLATED)
fanout423/X                              10     21    -11 (VIOLATED)
fanout426/X                              10     21    -11 (VIOLATED)
fanout428/X                              10     21    -11 (VIOLATED)
fanout430/X                              10     21    -11 (VIOLATED)
fanout431/X                              10     21    -11 (VIOLATED)
fanout432/X                              10     21    -11 (VIOLATED)
fanout435/X                              10     21    -11 (VIOLATED)
fanout437/X                              10     21    -11 (VIOLATED)
fanout439/X                              10     21    -11 (VIOLATED)
fanout440/X                              10     21    -11 (VIOLATED)
fanout441/X                              10     21    -11 (VIOLATED)
fanout442/X                              10     21    -11 (VIOLATED)
fanout443/X                              10     21    -11 (VIOLATED)
fanout444/X                              10     21    -11 (VIOLATED)
fanout445/X                              10     21    -11 (VIOLATED)
fanout446/X                              10     21    -11 (VIOLATED)
fanout447/X                              10     21    -11 (VIOLATED)
fanout448/X                              10     21    -11 (VIOLATED)
fanout470/X                              10     21    -11 (VIOLATED)
fanout476/X                              10     21    -11 (VIOLATED)
fanout478/X                              10     21    -11 (VIOLATED)
fanout484/X                              10     21    -11 (VIOLATED)
fanout493/X                              10     21    -11 (VIOLATED)
fanout495/X                              10     21    -11 (VIOLATED)
fanout496/X                              10     21    -11 (VIOLATED)
fanout498/X                              10     21    -11 (VIOLATED)
fanout511/X                              10     21    -11 (VIOLATED)
fanout515/X                              10     21    -11 (VIOLATED)
fanout519/X                              10     21    -11 (VIOLATED)
fanout522/X                              10     21    -11 (VIOLATED)
fanout523/X                              10     21    -11 (VIOLATED)
fanout526/X                              10     21    -11 (VIOLATED)
fanout527/X                              10     21    -11 (VIOLATED)
fanout532/X                              10     21    -11 (VIOLATED)
fanout538/X                              10     21    -11 (VIOLATED)
fanout543/X                              10     21    -11 (VIOLATED)
fanout544/X                              10     21    -11 (VIOLATED)
fanout547/X                              10     21    -11 (VIOLATED)
fanout549/X                              10     21    -11 (VIOLATED)
fanout551/X                              10     21    -11 (VIOLATED)
fanout553/X                              10     21    -11 (VIOLATED)
fanout555/X                              10     21    -11 (VIOLATED)
fanout556/X                              10     21    -11 (VIOLATED)
fanout558/X                              10     21    -11 (VIOLATED)
fanout560/X                              10     21    -11 (VIOLATED)
fanout562/X                              10     21    -11 (VIOLATED)
fanout564/X                              10     21    -11 (VIOLATED)
fanout565/X                              10     21    -11 (VIOLATED)
fanout566/X                              10     21    -11 (VIOLATED)
fanout568/X                              10     21    -11 (VIOLATED)
fanout569/X                              10     21    -11 (VIOLATED)
fanout571/X                              10     21    -11 (VIOLATED)
fanout573/X                              10     21    -11 (VIOLATED)
fanout575/X                              10     21    -11 (VIOLATED)
fanout577/X                              10     21    -11 (VIOLATED)
fanout578/X                              10     21    -11 (VIOLATED)
fanout579/X                              10     21    -11 (VIOLATED)
fanout581/X                              10     21    -11 (VIOLATED)
fanout582/X                              10     21    -11 (VIOLATED)
fanout583/X                              10     21    -11 (VIOLATED)
fanout584/X                              10     21    -11 (VIOLATED)
fanout586/X                              10     21    -11 (VIOLATED)
fanout588/X                              10     21    -11 (VIOLATED)
fanout590/X                              10     21    -11 (VIOLATED)
fanout591/X                              10     21    -11 (VIOLATED)
fanout593/X                              10     21    -11 (VIOLATED)
fanout594/X                              10     21    -11 (VIOLATED)
fanout595/X                              10     21    -11 (VIOLATED)
fanout596/X                              10     21    -11 (VIOLATED)
fanout597/X                              10     21    -11 (VIOLATED)
fanout601/X                              10     21    -11 (VIOLATED)
fanout602/X                              10     21    -11 (VIOLATED)
fanout603/X                              10     21    -11 (VIOLATED)
fanout604/X                              10     21    -11 (VIOLATED)
fanout605/X                              10     21    -11 (VIOLATED)
fanout607/X                              10     21    -11 (VIOLATED)
fanout609/X                              10     21    -11 (VIOLATED)
fanout611/X                              10     21    -11 (VIOLATED)
fanout613/X                              10     21    -11 (VIOLATED)
fanout615/X                              10     21    -11 (VIOLATED)
fanout617/X                              10     21    -11 (VIOLATED)
fanout618/X                              10     21    -11 (VIOLATED)
fanout621/X                              10     21    -11 (VIOLATED)
fanout622/X                              10     21    -11 (VIOLATED)
fanout625/X                              10     21    -11 (VIOLATED)
fanout626/X                              10     21    -11 (VIOLATED)
fanout630/X                              10     21    -11 (VIOLATED)
fanout631/X                              10     21    -11 (VIOLATED)
fanout633/X                              10     21    -11 (VIOLATED)
fanout635/X                              10     21    -11 (VIOLATED)
fanout636/X                              10     21    -11 (VIOLATED)
fanout638/X                              10     21    -11 (VIOLATED)
fanout640/X                              10     21    -11 (VIOLATED)
fanout642/X                              10     21    -11 (VIOLATED)
fanout643/X                              10     21    -11 (VIOLATED)
fanout646/X                              10     21    -11 (VIOLATED)
fanout648/X                              10     21    -11 (VIOLATED)
fanout649/X                              10     21    -11 (VIOLATED)
fanout650/X                              10     21    -11 (VIOLATED)
fanout651/X                              10     21    -11 (VIOLATED)
fanout652/X                              10     21    -11 (VIOLATED)
fanout654/X                              10     21    -11 (VIOLATED)
fanout655/X                              10     21    -11 (VIOLATED)
fanout657/X                              10     21    -11 (VIOLATED)
fanout659/X                              10     21    -11 (VIOLATED)
fanout660/X                              10     21    -11 (VIOLATED)
fanout661/X                              10     21    -11 (VIOLATED)
fanout665/X                              10     21    -11 (VIOLATED)
fanout667/X                              10     21    -11 (VIOLATED)
fanout669/X                              10     21    -11 (VIOLATED)
fanout670/X                              10     21    -11 (VIOLATED)
fanout671/X                              10     21    -11 (VIOLATED)
fanout672/X                              10     21    -11 (VIOLATED)
fanout674/X                              10     21    -11 (VIOLATED)
fanout675/X                              10     21    -11 (VIOLATED)
fanout677/X                              10     21    -11 (VIOLATED)
fanout678/X                              10     21    -11 (VIOLATED)
fanout680/X                              10     21    -11 (VIOLATED)
fanout682/X                              10     21    -11 (VIOLATED)
fanout683/X                              10     21    -11 (VIOLATED)
fanout684/X                              10     21    -11 (VIOLATED)
fanout686/X                              10     21    -11 (VIOLATED)
fanout687/X                              10     21    -11 (VIOLATED)
fanout688/X                              10     21    -11 (VIOLATED)
fanout690/X                              10     21    -11 (VIOLATED)
fanout691/X                              10     21    -11 (VIOLATED)
fanout692/X                              10     21    -11 (VIOLATED)
fanout694/X                              10     21    -11 (VIOLATED)
fanout696/X                              10     21    -11 (VIOLATED)
fanout697/X                              10     21    -11 (VIOLATED)
fanout699/X                              10     21    -11 (VIOLATED)
fanout700/X                              10     21    -11 (VIOLATED)
fanout701/X                              10     21    -11 (VIOLATED)
fanout702/X                              10     21    -11 (VIOLATED)
fanout703/X                              10     21    -11 (VIOLATED)
fanout705/X                              10     21    -11 (VIOLATED)
fanout707/X                              10     21    -11 (VIOLATED)
fanout708/X                              10     21    -11 (VIOLATED)
fanout709/X                              10     21    -11 (VIOLATED)
fanout711/X                              10     21    -11 (VIOLATED)
fanout713/X                              10     21    -11 (VIOLATED)
fanout714/X                              10     21    -11 (VIOLATED)
fanout715/X                              10     21    -11 (VIOLATED)
fanout717/X                              10     21    -11 (VIOLATED)
fanout721/X                              10     21    -11 (VIOLATED)
fanout722/X                              10     21    -11 (VIOLATED)
fanout723/X                              10     21    -11 (VIOLATED)
fanout724/X                              10     21    -11 (VIOLATED)
fanout728/X                              10     21    -11 (VIOLATED)
fanout733/X                              10     21    -11 (VIOLATED)
fanout738/X                              10     21    -11 (VIOLATED)
fanout739/X                              10     21    -11 (VIOLATED)
fanout747/X                              10     21    -11 (VIOLATED)
fanout751/X                              10     21    -11 (VIOLATED)
fanout752/X                              10     21    -11 (VIOLATED)
fanout754/X                              10     21    -11 (VIOLATED)
fanout756/X                              10     21    -11 (VIOLATED)
fanout757/X                              10     21    -11 (VIOLATED)
fanout759/X                              10     21    -11 (VIOLATED)
fanout761/X                              10     21    -11 (VIOLATED)
fanout762/X                              10     21    -11 (VIOLATED)
fanout763/X                              10     21    -11 (VIOLATED)
fanout765/X                              10     21    -11 (VIOLATED)
fanout767/X                              10     21    -11 (VIOLATED)
fanout769/X                              10     21    -11 (VIOLATED)
fanout771/X                              10     21    -11 (VIOLATED)
fanout775/X                              10     21    -11 (VIOLATED)
fanout776/X                              10     21    -11 (VIOLATED)
fanout777/X                              10     21    -11 (VIOLATED)
fanout780/X                              10     21    -11 (VIOLATED)
fanout782/X                              10     21    -11 (VIOLATED)
fanout786/X                              10     21    -11 (VIOLATED)
fanout787/X                              10     21    -11 (VIOLATED)
fanout788/X                              10     21    -11 (VIOLATED)
fanout790/X                              10     21    -11 (VIOLATED)
fanout792/X                              10     21    -11 (VIOLATED)
fanout793/X                              10     21    -11 (VIOLATED)
fanout795/X                              10     21    -11 (VIOLATED)
fanout797/X                              10     21    -11 (VIOLATED)
fanout799/X                              10     21    -11 (VIOLATED)
fanout801/X                              10     21    -11 (VIOLATED)
fanout802/X                              10     21    -11 (VIOLATED)
fanout804/X                              10     21    -11 (VIOLATED)
fanout805/X                              10     21    -11 (VIOLATED)
fanout806/X                              10     21    -11 (VIOLATED)
fanout811/X                              10     21    -11 (VIOLATED)
fanout813/X                              10     21    -11 (VIOLATED)
fanout816/X                              10     21    -11 (VIOLATED)
fanout817/X                              10     21    -11 (VIOLATED)
fanout818/X                              10     21    -11 (VIOLATED)
fanout820/X                              10     21    -11 (VIOLATED)
fanout821/X                              10     21    -11 (VIOLATED)
fanout823/X                              10     21    -11 (VIOLATED)
fanout825/X                              10     21    -11 (VIOLATED)
fanout827/X                              10     21    -11 (VIOLATED)
fanout828/X                              10     21    -11 (VIOLATED)
fanout830/X                              10     21    -11 (VIOLATED)
fanout831/X                              10     21    -11 (VIOLATED)
fanout835/X                              10     21    -11 (VIOLATED)
fanout836/X                              10     21    -11 (VIOLATED)
fanout837/X                              10     21    -11 (VIOLATED)
fanout839/X                              10     21    -11 (VIOLATED)
fanout841/X                              10     21    -11 (VIOLATED)
fanout844/X                              10     21    -11 (VIOLATED)
fanout845/X                              10     21    -11 (VIOLATED)
fanout848/X                              10     21    -11 (VIOLATED)
fanout849/X                              10     21    -11 (VIOLATED)
fanout851/X                              10     21    -11 (VIOLATED)
fanout852/X                              10     21    -11 (VIOLATED)
fanout853/X                              10     21    -11 (VIOLATED)
fanout855/X                              10     21    -11 (VIOLATED)
fanout857/X                              10     21    -11 (VIOLATED)
fanout859/X                              10     21    -11 (VIOLATED)
fanout860/X                              10     21    -11 (VIOLATED)
fanout861/X                              10     21    -11 (VIOLATED)
fanout862/X                              10     21    -11 (VIOLATED)
fanout863/X                              10     21    -11 (VIOLATED)
fanout865/X                              10     21    -11 (VIOLATED)
fanout866/X                              10     21    -11 (VIOLATED)
fanout867/X                              10     21    -11 (VIOLATED)
fanout868/X                              10     21    -11 (VIOLATED)
fanout870/X                              10     21    -11 (VIOLATED)
fanout871/X                              10     21    -11 (VIOLATED)
fanout874/X                              10     21    -11 (VIOLATED)
fanout880/X                              10     21    -11 (VIOLATED)
fanout882/X                              10     21    -11 (VIOLATED)
fanout884/X                              10     21    -11 (VIOLATED)
fanout888/X                              10     21    -11 (VIOLATED)
fanout890/X                              10     21    -11 (VIOLATED)
fanout893/X                              10     21    -11 (VIOLATED)
fanout894/X                              10     21    -11 (VIOLATED)
fanout903/X                              10     21    -11 (VIOLATED)
fanout912/X                              10     21    -11 (VIOLATED)
fanout914/X                              10     21    -11 (VIOLATED)
fanout915/X                              10     21    -11 (VIOLATED)
fanout916/X                              10     21    -11 (VIOLATED)
fanout919/X                              10     21    -11 (VIOLATED)
fanout922/X                              10     21    -11 (VIOLATED)
fanout925/X                              10     21    -11 (VIOLATED)
fanout926/X                              10     21    -11 (VIOLATED)
fanout932/X                              10     21    -11 (VIOLATED)
fanout933/X                              10     21    -11 (VIOLATED)
fanout934/X                              10     21    -11 (VIOLATED)
fanout936/X                              10     21    -11 (VIOLATED)
fanout938/X                              10     21    -11 (VIOLATED)
fanout939/X                              10     21    -11 (VIOLATED)
fanout946/X                              10     21    -11 (VIOLATED)
fanout947/X                              10     21    -11 (VIOLATED)
fanout948/X                              10     21    -11 (VIOLATED)
fanout949/X                              10     21    -11 (VIOLATED)
fanout953/X                              10     21    -11 (VIOLATED)
fanout954/X                              10     21    -11 (VIOLATED)
fanout957/X                              10     21    -11 (VIOLATED)
fanout958/X                              10     21    -11 (VIOLATED)
fanout959/X                              10     21    -11 (VIOLATED)
fanout963/X                              10     21    -11 (VIOLATED)
fanout964/X                              10     21    -11 (VIOLATED)
fanout968/X                              10     21    -11 (VIOLATED)
fanout969/X                              10     21    -11 (VIOLATED)
fanout971/X                              10     21    -11 (VIOLATED)
fanout974/X                              10     21    -11 (VIOLATED)
fanout982/X                              10     21    -11 (VIOLATED)
fanout985/X                              10     21    -11 (VIOLATED)
fanout990/X                              10     21    -11 (VIOLATED)
fanout991/X                              10     21    -11 (VIOLATED)
fanout993/X                              10     21    -11 (VIOLATED)
fanout995/X                              10     21    -11 (VIOLATED)
clkbuf_leaf_60_clk/X                     10     20    -10 (VIOLATED)
_07023_/Y                                10     19     -9 (VIOLATED)
_07467_/Y                                10     19     -9 (VIOLATED)
_07541_/X                                10     19     -9 (VIOLATED)
_08080_/X                                10     19     -9 (VIOLATED)
_08243_/X                                10     19     -9 (VIOLATED)
_08373_/X                                10     19     -9 (VIOLATED)
_08438_/X                                10     19     -9 (VIOLATED)
_08952_/X                                10     19     -9 (VIOLATED)
_09093_/Y                                10     19     -9 (VIOLATED)
_09108_/Y                                10     19     -9 (VIOLATED)
_12085_/X                                10     19     -9 (VIOLATED)
_12097_/X                                10     19     -9 (VIOLATED)
_12099_/X                                10     19     -9 (VIOLATED)
_12100_/X                                10     19     -9 (VIOLATED)
_12102_/X                                10     19     -9 (VIOLATED)
_12103_/X                                10     19     -9 (VIOLATED)
_12108_/X                                10     19     -9 (VIOLATED)
_12110_/X                                10     19     -9 (VIOLATED)
_12113_/X                                10     19     -9 (VIOLATED)
_12115_/X                                10     19     -9 (VIOLATED)
_12120_/X                                10     19     -9 (VIOLATED)
_12124_/X                                10     19     -9 (VIOLATED)
_12126_/X                                10     19     -9 (VIOLATED)
_12127_/X                                10     19     -9 (VIOLATED)
_12133_/X                                10     19     -9 (VIOLATED)
_12816_/Q                                10     19     -9 (VIOLATED)
_12822_/Q                                10     19     -9 (VIOLATED)
_12825_/Q                                10     19     -9 (VIOLATED)
_12828_/Q                                10     19     -9 (VIOLATED)
_12831_/Q                                10     19     -9 (VIOLATED)
_14370_/Q                                10     19     -9 (VIOLATED)
_14446_/Q                                10     19     -9 (VIOLATED)
_14449_/Q                                10     19     -9 (VIOLATED)
_14451_/Q                                10     19     -9 (VIOLATED)
_14452_/Q                                10     19     -9 (VIOLATED)
_14463_/Q                                10     19     -9 (VIOLATED)
_14464_/Q                                10     19     -9 (VIOLATED)
_14465_/Q                                10     19     -9 (VIOLATED)
clkbuf_leaf_56_clk/X                     10     19     -9 (VIOLATED)
fanout1061/X                             10     19     -9 (VIOLATED)
fanout1077/X                             10     19     -9 (VIOLATED)
fanout1241/X                             10     19     -9 (VIOLATED)
fanout1244/X                             10     19     -9 (VIOLATED)
fanout1339/X                             10     19     -9 (VIOLATED)
fanout324/X                              10     19     -9 (VIOLATED)
fanout416/X                              10     19     -9 (VIOLATED)
fanout424/X                              10     19     -9 (VIOLATED)
fanout490/X                              10     19     -9 (VIOLATED)
fanout531/X                              10     19     -9 (VIOLATED)
fanout572/X                              10     19     -9 (VIOLATED)
fanout608/X                              10     19     -9 (VIOLATED)
fanout612/X                              10     19     -9 (VIOLATED)
fanout619/X                              10     19     -9 (VIOLATED)
fanout623/X                              10     19     -9 (VIOLATED)
fanout629/X                              10     19     -9 (VIOLATED)
fanout664/X                              10     19     -9 (VIOLATED)
fanout732/X                              10     19     -9 (VIOLATED)
fanout770/X                              10     19     -9 (VIOLATED)
fanout869/X                              10     19     -9 (VIOLATED)
fanout891/X                              10     19     -9 (VIOLATED)
fanout935/X                              10     19     -9 (VIOLATED)
fanout956/X                              10     19     -9 (VIOLATED)
fanout973/X                              10     19     -9 (VIOLATED)
_06831_/X                                10     17     -7 (VIOLATED)
_06922_/Y                                10     17     -7 (VIOLATED)
_07022_/X                                10     17     -7 (VIOLATED)
_07612_/Y                                10     17     -7 (VIOLATED)
_07728_/X                                10     17     -7 (VIOLATED)
_08506_/X                                10     17     -7 (VIOLATED)
_08542_/X                                10     17     -7 (VIOLATED)
_08575_/X                                10     17     -7 (VIOLATED)
_08608_/X                                10     17     -7 (VIOLATED)
_08640_/X                                10     17     -7 (VIOLATED)
_08867_/X                                10     17     -7 (VIOLATED)
_09100_/Y                                10     17     -7 (VIOLATED)
_09111_/Y                                10     17     -7 (VIOLATED)
_09855_/X                                10     17     -7 (VIOLATED)
_10952_/Y                                10     17     -7 (VIOLATED)
_12082_/X                                10     17     -7 (VIOLATED)
_12087_/X                                10     17     -7 (VIOLATED)
_12089_/X                                10     17     -7 (VIOLATED)
_12093_/X                                10     17     -7 (VIOLATED)
_12105_/X                                10     17     -7 (VIOLATED)
_12106_/X                                10     17     -7 (VIOLATED)
_12111_/X                                10     17     -7 (VIOLATED)
_12114_/X                                10     17     -7 (VIOLATED)
_12117_/X                                10     17     -7 (VIOLATED)
_12118_/X                                10     17     -7 (VIOLATED)
_12121_/X                                10     17     -7 (VIOLATED)
_12123_/X                                10     17     -7 (VIOLATED)
_12129_/X                                10     17     -7 (VIOLATED)
_12130_/X                                10     17     -7 (VIOLATED)
_12132_/X                                10     17     -7 (VIOLATED)
_12135_/X                                10     17     -7 (VIOLATED)
_12136_/X                                10     17     -7 (VIOLATED)
_12552_/X                                10     17     -7 (VIOLATED)
_12806_/Q                                10     17     -7 (VIOLATED)
_12807_/Q                                10     17     -7 (VIOLATED)
_12810_/Q                                10     17     -7 (VIOLATED)
_12812_/Q                                10     17     -7 (VIOLATED)
_12813_/Q                                10     17     -7 (VIOLATED)
_12814_/Q                                10     17     -7 (VIOLATED)
_12817_/Q                                10     17     -7 (VIOLATED)
_12819_/Q                                10     17     -7 (VIOLATED)
_12821_/Q                                10     17     -7 (VIOLATED)
_12824_/Q                                10     17     -7 (VIOLATED)
_12827_/Q                                10     17     -7 (VIOLATED)
_12830_/Q                                10     17     -7 (VIOLATED)
_12833_/Q                                10     17     -7 (VIOLATED)
_12888_/Q                                10     17     -7 (VIOLATED)
_14385_/Q                                10     17     -7 (VIOLATED)
_14386_/Q                                10     17     -7 (VIOLATED)
_14439_/Q                                10     17     -7 (VIOLATED)
_14454_/Q                                10     17     -7 (VIOLATED)
_14458_/Q                                10     17     -7 (VIOLATED)
_14467_/Q                                10     17     -7 (VIOLATED)
_14485_/Q                                10     17     -7 (VIOLATED)
clkbuf_0_clk/X                           10     17     -7 (VIOLATED)
clkbuf_leaf_17_clk/X                     10     17     -7 (VIOLATED)
fanout1011/X                             10     17     -7 (VIOLATED)
fanout1033/X                             10     17     -7 (VIOLATED)
fanout1055/X                             10     17     -7 (VIOLATED)
fanout1082/X                             10     17     -7 (VIOLATED)
fanout1127/X                             10     17     -7 (VIOLATED)
fanout1306/X                             10     17     -7 (VIOLATED)
fanout1336/X                             10     17     -7 (VIOLATED)
fanout1341/X                             10     17     -7 (VIOLATED)
fanout192/X                              10     17     -7 (VIOLATED)
fanout276/X                              10     17     -7 (VIOLATED)
fanout289/X                              10     17     -7 (VIOLATED)
fanout294/X                              10     17     -7 (VIOLATED)
fanout309/X                              10     17     -7 (VIOLATED)
fanout321/X                              10     17     -7 (VIOLATED)
fanout329/X                              10     17     -7 (VIOLATED)
fanout344/X                              10     17     -7 (VIOLATED)
fanout361/X                              10     17     -7 (VIOLATED)
fanout380/X                              10     17     -7 (VIOLATED)
fanout385/X                              10     17     -7 (VIOLATED)
fanout413/X                              10     17     -7 (VIOLATED)
fanout494/X                              10     17     -7 (VIOLATED)
fanout545/X                              10     17     -7 (VIOLATED)
fanout550/X                              10     17     -7 (VIOLATED)
fanout554/X                              10     17     -7 (VIOLATED)
fanout570/X                              10     17     -7 (VIOLATED)
fanout576/X                              10     17     -7 (VIOLATED)
fanout639/X                              10     17     -7 (VIOLATED)
fanout704/X                              10     17     -7 (VIOLATED)
fanout710/X                              10     17     -7 (VIOLATED)
fanout726/X                              10     17     -7 (VIOLATED)
fanout764/X                              10     17     -7 (VIOLATED)
fanout783/X                              10     17     -7 (VIOLATED)
fanout829/X                              10     17     -7 (VIOLATED)
fanout917/X                              10     17     -7 (VIOLATED)
fanout928/X                              10     17     -7 (VIOLATED)
fanout931/X                              10     17     -7 (VIOLATED)
fanout986/X                              10     17     -7 (VIOLATED)
clkbuf_leaf_80_clk/X                     10     16     -6 (VIOLATED)
clkbuf_leaf_87_clk/X                     10     16     -6 (VIOLATED)
clkbuf_leaf_89_clk/X                     10     16     -6 (VIOLATED)
fanout587/X                              10     16     -6 (VIOLATED)
fanout812/X                              10     16     -6 (VIOLATED)
_06480_/Y                                10     15     -5 (VIOLATED)
_07057_/X                                10     15     -5 (VIOLATED)
_07649_/Y                                10     15     -5 (VIOLATED)
_07691_/X                                10     15     -5 (VIOLATED)
_07854_/Y                                10     15     -5 (VIOLATED)
_08475_/X                                10     15     -5 (VIOLATED)
_08984_/X                                10     15     -5 (VIOLATED)
_09094_/Y                                10     15     -5 (VIOLATED)
_12808_/Q                                10     15     -5 (VIOLATED)
_12809_/Q                                10     15     -5 (VIOLATED)
_12811_/Q                                10     15     -5 (VIOLATED)
_12815_/Q                                10     15     -5 (VIOLATED)
_12818_/Q                                10     15     -5 (VIOLATED)
_12820_/Q                                10     15     -5 (VIOLATED)
_12826_/Q                                10     15     -5 (VIOLATED)
_12832_/Q                                10     15     -5 (VIOLATED)
_12834_/Q                                10     15     -5 (VIOLATED)
_14380_/Q                                10     15     -5 (VIOLATED)
_14403_/Q                                10     15     -5 (VIOLATED)
_14441_/Q                                10     15     -5 (VIOLATED)
_14456_/Q                                10     15     -5 (VIOLATED)
clkbuf_leaf_15_clk/X                     10     15     -5 (VIOLATED)
clkbuf_leaf_55_clk/X                     10     15     -5 (VIOLATED)
clkbuf_leaf_83_clk/X                     10     15     -5 (VIOLATED)
fanout1004/X                             10     15     -5 (VIOLATED)
fanout1047/X                             10     15     -5 (VIOLATED)
fanout1079/X                             10     15     -5 (VIOLATED)
fanout1104/X                             10     15     -5 (VIOLATED)
fanout1121/X                             10     15     -5 (VIOLATED)
fanout1166/X                             10     15     -5 (VIOLATED)
fanout1211/X                             10     15     -5 (VIOLATED)
fanout1227/X                             10     15     -5 (VIOLATED)
fanout1267/X                             10     15     -5 (VIOLATED)
fanout1268/X                             10     15     -5 (VIOLATED)
fanout1291/X                             10     15     -5 (VIOLATED)
fanout1313/X                             10     15     -5 (VIOLATED)
fanout1322/X                             10     15     -5 (VIOLATED)
fanout200/X                              10     15     -5 (VIOLATED)
fanout231/X                              10     15     -5 (VIOLATED)
fanout267/X                              10     15     -5 (VIOLATED)
fanout271/X                              10     15     -5 (VIOLATED)
fanout287/X                              10     15     -5 (VIOLATED)
fanout304/X                              10     15     -5 (VIOLATED)
fanout313/X                              10     15     -5 (VIOLATED)
fanout317/X                              10     15     -5 (VIOLATED)
fanout333/X                              10     15     -5 (VIOLATED)
fanout345/X                              10     15     -5 (VIOLATED)
fanout353/X                              10     15     -5 (VIOLATED)
fanout357/X                              10     15     -5 (VIOLATED)
fanout365/X                              10     15     -5 (VIOLATED)
fanout381/X                              10     15     -5 (VIOLATED)
fanout399/X                              10     15     -5 (VIOLATED)
fanout407/X                              10     15     -5 (VIOLATED)
fanout421/X                              10     15     -5 (VIOLATED)
fanout429/X                              10     15     -5 (VIOLATED)
fanout464/X                              10     15     -5 (VIOLATED)
fanout469/X                              10     15     -5 (VIOLATED)
fanout513/X                              10     15     -5 (VIOLATED)
fanout516/X                              10     15     -5 (VIOLATED)
fanout580/X                              10     15     -5 (VIOLATED)
fanout641/X                              10     15     -5 (VIOLATED)
fanout647/X                              10     15     -5 (VIOLATED)
fanout656/X                              10     15     -5 (VIOLATED)
fanout676/X                              10     15     -5 (VIOLATED)
fanout681/X                              10     15     -5 (VIOLATED)
fanout693/X                              10     15     -5 (VIOLATED)
fanout712/X                              10     15     -5 (VIOLATED)
fanout716/X                              10     15     -5 (VIOLATED)
fanout772/X                              10     15     -5 (VIOLATED)
fanout798/X                              10     15     -5 (VIOLATED)
fanout803/X                              10     15     -5 (VIOLATED)
fanout840/X                              10     15     -5 (VIOLATED)
fanout846/X                              10     15     -5 (VIOLATED)
fanout847/X                              10     15     -5 (VIOLATED)
fanout883/X                              10     15     -5 (VIOLATED)
fanout895/X                              10     15     -5 (VIOLATED)
fanout901/X                              10     15     -5 (VIOLATED)
fanout941/X                              10     15     -5 (VIOLATED)
fanout979/X                              10     15     -5 (VIOLATED)
fanout981/X                              10     15     -5 (VIOLATED)
fanout984/X                              10     15     -5 (VIOLATED)
fanout996/X                              10     15     -5 (VIOLATED)
clkbuf_leaf_76_clk/X                     10     14     -4 (VIOLATED)
clkbuf_leaf_84_clk/X                     10     14     -4 (VIOLATED)
fanout824/X                              10     14     -4 (VIOLATED)
_06478_/Y                                10     13     -3 (VIOLATED)
_06959_/Y                                10     13     -3 (VIOLATED)
_07182_/X                                10     13     -3 (VIOLATED)
_07253_/X                                10     13     -3 (VIOLATED)
_07391_/X                                10     13     -3 (VIOLATED)
_07881_/X                                10     13     -3 (VIOLATED)
_08338_/X                                10     13     -3 (VIOLATED)
_08407_/X                                10     13     -3 (VIOLATED)
_10224_/X                                10     13     -3 (VIOLATED)
_14381_/Q                                10     13     -3 (VIOLATED)
_14382_/Q                                10     13     -3 (VIOLATED)
_14383_/Q                                10     13     -3 (VIOLATED)
_14404_/Q                                10     13     -3 (VIOLATED)
_14438_/Q                                10     13     -3 (VIOLATED)
_14440_/Q                                10     13     -3 (VIOLATED)
_14443_/Q                                10     13     -3 (VIOLATED)
_14444_/Q                                10     13     -3 (VIOLATED)
clkbuf_leaf_4_clk/X                      10     13     -3 (VIOLATED)
clkbuf_leaf_59_clk/X                     10     13     -3 (VIOLATED)
clkbuf_leaf_85_clk/X                     10     13     -3 (VIOLATED)
fanout1016/X                             10     13     -3 (VIOLATED)
fanout1017/X                             10     13     -3 (VIOLATED)
fanout1058/X                             10     13     -3 (VIOLATED)
fanout1071/X                             10     13     -3 (VIOLATED)
fanout1094/X                             10     13     -3 (VIOLATED)
fanout1108/X                             10     13     -3 (VIOLATED)
fanout1123/X                             10     13     -3 (VIOLATED)
fanout1129/X                             10     13     -3 (VIOLATED)
fanout1167/X                             10     13     -3 (VIOLATED)
fanout1180/X                             10     13     -3 (VIOLATED)
fanout1185/X                             10     13     -3 (VIOLATED)
fanout1191/X                             10     13     -3 (VIOLATED)
fanout1210/X                             10     13     -3 (VIOLATED)
fanout1232/X                             10     13     -3 (VIOLATED)
fanout1255/X                             10     13     -3 (VIOLATED)
fanout127/X                              10     13     -3 (VIOLATED)
fanout1294/X                             10     13     -3 (VIOLATED)
fanout1300/X                             10     13     -3 (VIOLATED)
fanout1309/X                             10     13     -3 (VIOLATED)
fanout1335/X                             10     13     -3 (VIOLATED)
fanout135/X                              10     13     -3 (VIOLATED)
fanout1367/X                             10     13     -3 (VIOLATED)
fanout1386/X                             10     13     -3 (VIOLATED)
fanout211/X                              10     13     -3 (VIOLATED)
fanout219/X                              10     13     -3 (VIOLATED)
fanout244/X                              10     13     -3 (VIOLATED)
fanout283/X                              10     13     -3 (VIOLATED)
fanout325/X                              10     13     -3 (VIOLATED)
fanout335/X                              10     13     -3 (VIOLATED)
fanout337/X                              10     13     -3 (VIOLATED)
fanout339/X                              10     13     -3 (VIOLATED)
fanout341/X                              10     13     -3 (VIOLATED)
fanout351/X                              10     13     -3 (VIOLATED)
fanout355/X                              10     13     -3 (VIOLATED)
fanout367/X                              10     13     -3 (VIOLATED)
fanout369/X                              10     13     -3 (VIOLATED)
fanout375/X                              10     13     -3 (VIOLATED)
fanout377/X                              10     13     -3 (VIOLATED)
fanout395/X                              10     13     -3 (VIOLATED)
fanout397/X                              10     13     -3 (VIOLATED)
fanout403/X                              10     13     -3 (VIOLATED)
fanout405/X                              10     13     -3 (VIOLATED)
fanout417/X                              10     13     -3 (VIOLATED)
fanout425/X                              10     13     -3 (VIOLATED)
fanout436/X                              10     13     -3 (VIOLATED)
fanout438/X                              10     13     -3 (VIOLATED)
fanout452/X                              10     13     -3 (VIOLATED)
fanout477/X                              10     13     -3 (VIOLATED)
fanout492/X                              10     13     -3 (VIOLATED)
fanout525/X                              10     13     -3 (VIOLATED)
fanout533/X                              10     13     -3 (VIOLATED)
fanout548/X                              10     13     -3 (VIOLATED)
fanout552/X                              10     13     -3 (VIOLATED)
fanout561/X                              10     13     -3 (VIOLATED)
fanout567/X                              10     13     -3 (VIOLATED)
fanout589/X                              10     13     -3 (VIOLATED)
fanout598/X                              10     13     -3 (VIOLATED)
fanout616/X                              10     13     -3 (VIOLATED)
fanout620/X                              10     13     -3 (VIOLATED)
fanout624/X                              10     13     -3 (VIOLATED)
fanout628/X                              10     13     -3 (VIOLATED)
fanout653/X                              10     13     -3 (VIOLATED)
fanout658/X                              10     13     -3 (VIOLATED)
fanout668/X                              10     13     -3 (VIOLATED)
fanout673/X                              10     13     -3 (VIOLATED)
fanout695/X                              10     13     -3 (VIOLATED)
fanout698/X                              10     13     -3 (VIOLATED)
fanout706/X                              10     13     -3 (VIOLATED)
fanout727/X                              10     13     -3 (VIOLATED)
fanout760/X                              10     13     -3 (VIOLATED)
fanout766/X                              10     13     -3 (VIOLATED)
fanout789/X                              10     13     -3 (VIOLATED)
fanout791/X                              10     13     -3 (VIOLATED)
fanout807/X                              10     13     -3 (VIOLATED)
fanout819/X                              10     13     -3 (VIOLATED)
fanout832/X                              10     13     -3 (VIOLATED)
fanout858/X                              10     13     -3 (VIOLATED)
fanout873/X                              10     13     -3 (VIOLATED)
fanout905/X                              10     13     -3 (VIOLATED)
fanout929/X                              10     13     -3 (VIOLATED)
fanout937/X                              10     13     -3 (VIOLATED)
fanout945/X                              10     13     -3 (VIOLATED)
fanout950/X                              10     13     -3 (VIOLATED)
fanout960/X                              10     13     -3 (VIOLATED)
fanout965/X                              10     13     -3 (VIOLATED)
fanout967/X                              10     13     -3 (VIOLATED)
fanout970/X                              10     13     -3 (VIOLATED)
fanout994/X                              10     13     -3 (VIOLATED)
clkbuf_leaf_13_clk/X                     10     12     -2 (VIOLATED)
fanout1091/X                             10     12     -2 (VIOLATED)
_06590_/X                                10     11        (VIOLATED)
_06716_/X                                10     11        (VIOLATED)
_06723_/X                                10     11        (VIOLATED)
_06728_/X                                10     11        (VIOLATED)
_06734_/X                                10     11        (VIOLATED)
_06747_/X                                10     11        (VIOLATED)
_06771_/X                                10     11        (VIOLATED)
_06810_/Y                                10     11        (VIOLATED)
_06876_/X                                10     11        (VIOLATED)
_06884_/X                                10     11        (VIOLATED)
_06904_/X                                10     11        (VIOLATED)
_07313_/Y                                10     11        (VIOLATED)
_07574_/X                                10     11        (VIOLATED)
_07788_/X                                10     11        (VIOLATED)
_07942_/X                                10     11        (VIOLATED)
_09067_/X                                10     11        (VIOLATED)
_09069_/Y                                10     11        (VIOLATED)
_09091_/Y                                10     11        (VIOLATED)
_09273_/Y                                10     11        (VIOLATED)
_10442_/X                                10     11        (VIOLATED)
_12835_/Q                                10     11        (VIOLATED)
_12893_/Q                                10     11        (VIOLATED)
_14398_/Q                                10     11        (VIOLATED)
_14400_/Q                                10     11        (VIOLATED)
_14402_/Q                                10     11        (VIOLATED)
_14437_/Q                                10     11        (VIOLATED)
_14442_/Q                                10     11        (VIOLATED)
_14486_/Q                                10     11        (VIOLATED)
clkbuf_leaf_10_clk/X                     10     11        (VIOLATED)
clkbuf_leaf_43_clk/X                     10     11        (VIOLATED)
fanout1037/X                             10     11        (VIOLATED)
fanout1041/X                             10     11        (VIOLATED)
fanout1044/X                             10     11        (VIOLATED)
fanout1053/X                             10     11        (VIOLATED)
fanout1059/X                             10     11        (VIOLATED)
fanout1064/X                             10     11        (VIOLATED)
fanout1070/X                             10     11        (VIOLATED)
fanout1090/X                             10     11        (VIOLATED)
fanout1109/X                             10     11        (VIOLATED)
fanout1143/X                             10     11        (VIOLATED)
fanout1199/X                             10     11        (VIOLATED)
fanout1228/X                             10     11        (VIOLATED)
fanout1262/X                             10     11        (VIOLATED)
fanout1266/X                             10     11        (VIOLATED)
fanout1283/X                             10     11        (VIOLATED)
fanout1299/X                             10     11        (VIOLATED)
fanout133/X                              10     11        (VIOLATED)
fanout1331/X                             10     11        (VIOLATED)
fanout1342/X                             10     11        (VIOLATED)
fanout1356/X                             10     11        (VIOLATED)
fanout1363/X                             10     11        (VIOLATED)
fanout1364/X                             10     11        (VIOLATED)
fanout1385/X                             10     11        (VIOLATED)
fanout290/X                              10     11        (VIOLATED)
fanout297/X                              10     11        (VIOLATED)
fanout311/X                              10     11        (VIOLATED)
fanout315/X                              10     11        (VIOLATED)
fanout319/X                              10     11        (VIOLATED)
fanout327/X                              10     11        (VIOLATED)
fanout331/X                              10     11        (VIOLATED)
fanout349/X                              10     11        (VIOLATED)
fanout359/X                              10     11        (VIOLATED)
fanout363/X                              10     11        (VIOLATED)
fanout373/X                              10     11        (VIOLATED)
fanout383/X                              10     11        (VIOLATED)
fanout389/X                              10     11        (VIOLATED)
fanout393/X                              10     11        (VIOLATED)
fanout401/X                              10     11        (VIOLATED)
fanout409/X                              10     11        (VIOLATED)
fanout411/X                              10     11        (VIOLATED)
fanout419/X                              10     11        (VIOLATED)
fanout427/X                              10     11        (VIOLATED)
fanout433/X                              10     11        (VIOLATED)
fanout483/X                              10     11        (VIOLATED)
fanout491/X                              10     11        (VIOLATED)
fanout521/X                              10     11        (VIOLATED)
fanout539/X                              10     11        (VIOLATED)
fanout546/X                              10     11        (VIOLATED)
fanout574/X                              10     11        (VIOLATED)
fanout585/X                              10     11        (VIOLATED)
fanout592/X                              10     11        (VIOLATED)
fanout600/X                              10     11        (VIOLATED)
fanout606/X                              10     11        (VIOLATED)
fanout610/X                              10     11        (VIOLATED)
fanout614/X                              10     11        (VIOLATED)
fanout637/X                              10     11        (VIOLATED)
fanout644/X                              10     11        (VIOLATED)
fanout645/X                              10     11        (VIOLATED)
fanout662/X                              10     11        (VIOLATED)
fanout666/X                              10     11        (VIOLATED)
fanout679/X                              10     11        (VIOLATED)
fanout685/X                              10     11        (VIOLATED)
fanout689/X                              10     11        (VIOLATED)
fanout718/X                              10     11        (VIOLATED)
fanout737/X                              10     11        (VIOLATED)
fanout740/X                              10     11        (VIOLATED)
fanout758/X                              10     11        (VIOLATED)
fanout768/X                              10     11        (VIOLATED)
fanout778/X                              10     11        (VIOLATED)
fanout779/X                              10     11        (VIOLATED)
fanout794/X                              10     11        (VIOLATED)
fanout800/X                              10     11        (VIOLATED)
fanout822/X                              10     11        (VIOLATED)
fanout826/X                              10     11        (VIOLATED)
fanout838/X                              10     11        (VIOLATED)
fanout850/X                              10     11        (VIOLATED)
fanout854/X                              10     11        (VIOLATED)
fanout872/X                              10     11        (VIOLATED)
fanout881/X                              10     11        (VIOLATED)
fanout924/X                              10     11        (VIOLATED)
fanout942/X                              10     11        (VIOLATED)
fanout951/X                              10     11        (VIOLATED)
fanout961/X                              10     11        (VIOLATED)
fanout983/X                              10     11        (VIOLATED)

max capacitance

Pin                                        Limit         Cap       Slack
------------------------------------------------------------------------
fanout582/X                             0.200000    0.270876   -0.070876 (VIOLATED)
fanout603/X                             0.200000    0.269236   -0.069236 (VIOLATED)
fanout599/X                             0.200000    0.268194   -0.068194 (VIOLATED)
fanout660/X                             0.200000    0.258180   -0.058180 (VIOLATED)
fanout875/X                             0.200000    0.254242   -0.054242 (VIOLATED)
fanout573/X                             0.200000    0.252648   -0.052648 (VIOLATED)
fanout764/X                             0.200000    0.247449   -0.047449 (VIOLATED)
fanout345/X                             0.200000    0.245982   -0.045982 (VIOLATED)
fanout568/X                             0.200000    0.244125   -0.044125 (VIOLATED)
fanout648/X                             0.200000    0.243898   -0.043898 (VIOLATED)
fanout583/X                             0.200000    0.243236   -0.043236 (VIOLATED)
fanout609/X                             0.200000    0.242752   -0.042752 (VIOLATED)
fanout594/X                             0.200000    0.242380   -0.042380 (VIOLATED)
fanout694/X                             0.200000    0.241878   -0.041878 (VIOLATED)
fanout381/X                             0.200000    0.239938   -0.039938 (VIOLATED)
fanout565/X                             0.200000    0.238108   -0.038108 (VIOLATED)
fanout672/X                             0.200000    0.236798   -0.036798 (VIOLATED)
fanout400/X                             0.200000    0.234624   -0.034624 (VIOLATED)
fanout584/X                             0.200000    0.233708   -0.033708 (VIOLATED)
_11467_/X                               0.200000    0.232802   -0.032802 (VIOLATED)
clkbuf_0_clk/X                          0.200000    0.232397   -0.032397 (VIOLATED)
fanout593/X                             0.200000    0.231735   -0.031735 (VIOLATED)
fanout701/X                             0.200000    0.230685   -0.030685 (VIOLATED)
fanout841/X                             0.200000    0.230317   -0.030317 (VIOLATED)
fanout591/X                             0.200000    0.230085   -0.030085 (VIOLATED)
_11302_/X                               0.200000    0.230058   -0.030058 (VIOLATED)
clkbuf_3_6_0_clk/X                      0.200000    0.229793   -0.029793 (VIOLATED)
fanout605/X                             0.200000    0.229319   -0.029319 (VIOLATED)
fanout596/X                             0.200000    0.229310   -0.029310 (VIOLATED)
fanout671/X                             0.200000    0.228589   -0.028589 (VIOLATED)
fanout859/X                             0.200000    0.228507   -0.028507 (VIOLATED)
fanout869/X                             0.200000    0.225557   -0.025557 (VIOLATED)
fanout864/X                             0.200000    0.224649   -0.024649 (VIOLATED)
fanout572/X                             0.200000    0.224617   -0.024617 (VIOLATED)
fanout836/X                             0.200000    0.223848   -0.023848 (VIOLATED)
fanout670/X                             0.200000    0.220976   -0.020976 (VIOLATED)
fanout372/X                             0.200000    0.220946   -0.020946 (VIOLATED)
fanout430/X                             0.200000    0.219708   -0.019708 (VIOLATED)
_06734_/X                               0.200000    0.219321   -0.019321 (VIOLATED)
fanout646/X                             0.200000    0.218506   -0.018506 (VIOLATED)
fanout576/X                             0.200000    0.217324   -0.017324 (VIOLATED)
fanout861/X                             0.200000    0.215676   -0.015676 (VIOLATED)
fanout402/X                             0.200000    0.215647   -0.015647 (VIOLATED)
fanout615/X                             0.200000    0.214627   -0.014627 (VIOLATED)
_06895_/X                               0.200000    0.214412   -0.014412 (VIOLATED)
_06728_/X                               0.200000    0.213587   -0.013587 (VIOLATED)
fanout569/X                             0.200000    0.213499   -0.013499 (VIOLATED)
fanout604/X                             0.200000    0.213206   -0.013206 (VIOLATED)
fanout852/X                             0.200000    0.212569   -0.012569 (VIOLATED)
fanout316/X                             0.200000    0.212093   -0.012093 (VIOLATED)
fanout705/X                             0.200000    0.211997   -0.011997 (VIOLATED)
fanout819/X                             0.200000    0.211479   -0.011479 (VIOLATED)
fanout824/X                             0.200000    0.211179   -0.011179 (VIOLATED)
_11830_/X                               0.200000    0.211070   -0.011070 (VIOLATED)
_11962_/X                               0.200000    0.210189   -0.010189 (VIOLATED)
fanout693/X                             0.200000    0.209834   -0.009834 (VIOLATED)
fanout312/X                             0.200000    0.209142   -0.009142 (VIOLATED)
fanout358/X                             0.200000    0.209090   -0.009090 (VIOLATED)
fanout1386/X                            0.200000    0.208690   -0.008690 (VIOLATED)
clkbuf_3_4_0_clk/X                      0.200000    0.208439   -0.008439 (VIOLATED)
clkbuf_3_1_0_clk/X                      0.200000    0.207753   -0.007753 (VIOLATED)
fanout847/X                             0.200000    0.207579   -0.007579 (VIOLATED)
_11764_/X                               0.200000    0.207556   -0.007556 (VIOLATED)
fanout687/X                             0.200000    0.207211   -0.007211 (VIOLATED)
fanout640/X                             0.200000    0.206875   -0.006875 (VIOLATED)
fanout608/X                             0.200000    0.205975   -0.005975 (VIOLATED)
fanout590/X                             0.200000    0.205823   -0.005823 (VIOLATED)
fanout385/X                             0.200000    0.205667   -0.005667 (VIOLATED)
fanout636/X                             0.200000    0.205453   -0.005453 (VIOLATED)
fanout884/X                             0.200000    0.205412   -0.005412 (VIOLATED)
clkbuf_3_2_0_clk/X                      0.200000    0.205281   -0.005281 (VIOLATED)
fanout588/X                             0.200000    0.205160   -0.005160 (VIOLATED)
clkbuf_3_7_0_clk/X                      0.200000    0.205153   -0.005153 (VIOLATED)
fanout330/X                             0.200000    0.205029   -0.005029 (VIOLATED)
fanout586/X                             0.200000    0.204814   -0.004814 (VIOLATED)
fanout707/X                             0.200000    0.204033   -0.004033 (VIOLATED)
fanout392/X                             0.200000    0.203978   -0.003978 (VIOLATED)
fanout597/X                             0.200000    0.203413   -0.003413 (VIOLATED)
fanout321/X                             0.200000    0.203275   -0.003275 (VIOLATED)
_06859_/X                               0.200000    0.202763   -0.002763 (VIOLATED)
fanout348/X                             0.200000    0.202378   -0.002378 (VIOLATED)
fanout418/X                             0.200000    0.201517   -0.001517 (VIOLATED)
fanout702/X                             0.200000    0.200990   -0.000990 (VIOLATED)
fanout638/X                             0.200000    0.200966   -0.000966 (VIOLATED)
fanout332/X                             0.200000    0.200553   -0.000553 (VIOLATED)
clkbuf_3_0_0_clk/X                      0.200000    0.200206   -0.000206 (VIOLATED)
fanout762/X                             0.200000    0.200162   -0.000162 (VIOLATED)
fanout416/X                             0.200000    0.200139   -0.000139 (VIOLATED)
fanout611/X                             0.200000    0.200112   -0.000112 (VIOLATED)
_11533_/X                               0.200000    0.200072   -0.000072 (VIOLATED)



===========================================================================
report_parasitic_annotation -report_unannotated
============================================================================
Found 153 unannotated drivers.
 gpio_in[0]
 gpio_in[10]
 gpio_in[11]
 gpio_in[16]
 gpio_in[17]
 gpio_in[18]
 gpio_in[19]
 gpio_in[1]
 gpio_in[20]
 gpio_in[21]
 gpio_in[22]
 gpio_in[23]
 gpio_in[24]
 gpio_in[25]
 gpio_in[26]
 gpio_in[27]
 gpio_in[28]
 gpio_in[29]
 gpio_in[2]
 gpio_in[30]
 gpio_in[31]
 gpio_in[32]
 gpio_in[33]
 gpio_in[3]
 gpio_in[4]
 gpio_in[5]
 gpio_in[6]
 gpio_in[7]
 gpio_in[8]
 gpio_in[9]
 _14663__1387/HI
 _14666__1388/HI
 _14667__1389/HI
 _14668__1390/HI
 _14669__1391/HI
 _14670__1392/HI
 _14671__1393/HI
 _14672__1394/HI
 _14673__1395/HI
 _14674__1396/HI
 _14675__1397/HI
 _14676__1398/HI
 _14677__1399/HI
 _14678__1400/HI
 _14679__1401/HI
 _14680__1402/HI
 _14681__1403/HI
 _14682__1404/HI
 _14683__1405/HI
 _14684__1406/HI
 clkload0/Y
 clkload1/X
 clkload10/Y
 clkload100/Y
 clkload101/Y
 clkload102/Y
 clkload11/Y
 clkload12/Y
 clkload13/Y
 clkload14/Y
 clkload15/Y
 clkload16/Y
 clkload17/Y
 clkload18/Y
 clkload19/Y
 clkload2/Y
 clkload20/Y
 clkload21/X
 clkload22/Y
 clkload23/Y
 clkload24/Y
 clkload25/Y
 clkload26/X
 clkload27/Y
 clkload28/Y
 clkload29/X
 clkload3/Y
 clkload30/Y
 clkload31/Y
 clkload32/X
 clkload33/Y
 clkload34/Y
 clkload35/Y
 clkload36/Y
 clkload37/X
 clkload38/X
 clkload39/X
 clkload4/Y
 clkload40/Y
 clkload41/Y
 clkload42/Y
 clkload43/Y
 clkload44/X
 clkload45/X
 clkload46/X
 clkload47/X
 clkload48/Y
 clkload49/Y
 clkload5/Y
 clkload50/Y
 clkload51/Y
 clkload52/X
 clkload53/X
 clkload54/Y
 clkload55/Y
 clkload56/Y
 clkload57/Y
 clkload58/Y
 clkload59/Y
 clkload6/Y
 clkload60/X
 clkload61/X
 clkload62/Y
 clkload63/Y
 clkload64/Y
 clkload65/Y
 clkload66/Y
 clkload67/Y
 clkload68/Y
 clkload69/Y
 clkload7/Y
 clkload70/X
 clkload71/X
 clkload72/X
 clkload73/Y
 clkload74/Y
 clkload75/Y
 clkload76/Y
 clkload77/Y
 clkload78/Y
 clkload79/Y
 clkload8/Y
 clkload80/Y
 clkload81/Y
 clkload82/X
 clkload83/Y
 clkload84/Y
 clkload85/Y
 clkload86/Y
 clkload87/Y
 clkload88/Y
 clkload89/Y
 clkload9/Y
 clkload90/X
 clkload91/X
 clkload92/Y
 clkload93/Y
 clkload94/Y
 clkload95/Y
 clkload96/Y
 clkload97/Y
 clkload98/Y
 clkload99/Y
Found 0 partially unannotated drivers.

===========================================================================
max slew violation count 36
max fanout violation count 984
max cap violation count 90
============================================================================

===========================================================================
check_setup -verbose -unconstrained_endpoints -multiple_clock -no_clock -no_input_delay -loops -generated_clocks
===========================================================================
Warning: There are 20 unconstrained endpoints.
  gpio_out[0]
  gpio_out[12]
  gpio_out[13]
  gpio_out[14]
  gpio_out[15]
  gpio_out[20]
  gpio_out[21]
  gpio_out[22]
  gpio_out[23]
  gpio_out[24]
  gpio_out[25]
  gpio_out[26]
  gpio_out[27]
  gpio_out[28]
  gpio_out[29]
  gpio_out[30]
  gpio_out[31]
  gpio_out[32]
  gpio_out[33]
  gpio_out[3]
