
===========================================================================
report_checks -unconstrained
===========================================================================
======================= min_ff_n40C_1v95 Corner ===================================

Startpoint: wb_rst_i (input port clocked by wb_clk_i)
Endpoint: _15901_ (recovery check against rising-edge clock wb_clk_i)
Path Group: asynchronous
Path Type: max

Fanout         Cap        Slew       Delay        Time   Description
---------------------------------------------------------------------------------------------
                                  0.000000    0.000000   clock wb_clk_i (rise edge)
                                  0.000000    0.000000   clock network delay (propagated)
                                 20.000000   20.000000 v input external delay
     2    0.006095    0.009991    0.005477   20.005478 v wb_rst_i (in)
                                                         wb_rst_i (net)
                      0.009991    0.000000   20.005478 v input8/A (sky130_fd_sc_hd__buf_6)
    16    0.104315    0.069264    0.113515   20.118992 v input8/X (sky130_fd_sc_hd__buf_6)
                                                         net8 (net)
                      0.071541    0.009935   20.128927 v _07845_/A (sky130_fd_sc_hd__inv_2)
     1    0.003583    0.026332    0.042686   20.171612 ^ _07845_/Y (sky130_fd_sc_hd__inv_2)
                                                         _00009_ (net)
                      0.026332    0.000043   20.171656 ^ fanout1365/A (sky130_fd_sc_hd__clkbuf_2)
    10    0.028136    0.120470    0.127731   20.299385 ^ fanout1365/X (sky130_fd_sc_hd__clkbuf_2)
                                                         net1365 (net)
                      0.120470    0.000052   20.299437 ^ fanout1360/A (sky130_fd_sc_hd__buf_2)
    20    0.047522    0.175265    0.190873   20.490311 ^ fanout1360/X (sky130_fd_sc_hd__buf_2)
                                                         net1360 (net)
                      0.175266    0.000410   20.490721 ^ _08038_/B (sky130_fd_sc_hd__or2_1)
     1    0.006453    0.054152    0.094339   20.585060 ^ _08038_/X (sky130_fd_sc_hd__or2_1)
                                                         team_09_WB.instance_to_wrap.ag2.reset (net)
                      0.054152    0.000126   20.585186 ^ fanout857/A (sky130_fd_sc_hd__clkbuf_8)
    12    0.143309    0.190528    0.194486   20.779673 ^ fanout857/X (sky130_fd_sc_hd__clkbuf_8)
                                                         net857 (net)
                      0.190594    0.003059   20.782730 ^ fanout804/A (sky130_fd_sc_hd__buf_4)
    10    0.093172    0.194157    0.213403   20.996134 ^ fanout804/X (sky130_fd_sc_hd__buf_4)
                                                         net804 (net)
                      0.194160    0.000583   20.996716 ^ fanout803/A (sky130_fd_sc_hd__buf_2)
    10    0.064159    0.234717    0.240071   21.236788 ^ fanout803/X (sky130_fd_sc_hd__buf_2)
                                                         net803 (net)
                      0.234717    0.000327   21.237114 ^ fanout802/A (sky130_fd_sc_hd__clkbuf_4)
    14    0.057413    0.135023    0.205583   21.442698 ^ fanout802/X (sky130_fd_sc_hd__clkbuf_4)
                                                         net802 (net)
                      0.135127    0.002068   21.444765 ^ fanout783/A (sky130_fd_sc_hd__clkbuf_2)
    12    0.045216    0.189684    0.198481   21.643246 ^ fanout783/X (sky130_fd_sc_hd__clkbuf_2)
                                                         net783 (net)
                      0.189700    0.001471   21.644716 ^ fanout778/A (sky130_fd_sc_hd__buf_2)
     8    0.039883    0.148097    0.180489   21.825205 ^ fanout778/X (sky130_fd_sc_hd__buf_2)
                                                         net778 (net)
                      0.148097    0.000560   21.825766 ^ fanout777/A (sky130_fd_sc_hd__clkbuf_4)
    10    0.048925    0.116188    0.178337   22.004103 ^ fanout777/X (sky130_fd_sc_hd__clkbuf_4)
                                                         net777 (net)
                      0.116194    0.001000   22.005102 ^ _15901_/RESET_B (sky130_fd_sc_hd__dfrtp_1)
                                             22.005102   data arrival time

                                100.000000  100.000000   clock wb_clk_i (rise edge)
                                  0.000000  100.000000   clock source latency
     2    0.080137    0.271776    0.193225  100.193222 ^ wb_clk_i (in)
                                                         wb_clk_i (net)
                      0.272392    0.000000  100.193222 ^ clkbuf_0_wb_clk_i/A (sky130_fd_sc_hd__clkbuf_16)
     8    0.148361    0.125424    0.198462  100.391685 ^ clkbuf_0_wb_clk_i/X (sky130_fd_sc_hd__clkbuf_16)
                                                         clknet_0_wb_clk_i (net)
                      0.126689    0.009983  100.401665 ^ clkbuf_2_3_0_wb_clk_i/A (sky130_fd_sc_hd__clkbuf_8)
    16    0.171314    0.224892    0.244391  100.646057 ^ clkbuf_2_3_0_wb_clk_i/X (sky130_fd_sc_hd__clkbuf_8)
                                                         clknet_2_3_0_wb_clk_i (net)
                      0.225139    0.006146  100.652206 ^ clkbuf_5_26__f_wb_clk_i/A (sky130_fd_sc_hd__clkbuf_16)
    18    0.089319    0.083009    0.162629  100.814835 ^ clkbuf_5_26__f_wb_clk_i/X (sky130_fd_sc_hd__clkbuf_16)
                                                         clknet_5_26__leaf_wb_clk_i (net)
                      0.083213    0.002778  100.817612 ^ clkbuf_leaf_132_wb_clk_i/A (sky130_fd_sc_hd__clkbuf_8)
     5    0.017416    0.035149    0.099746  100.917358 ^ clkbuf_leaf_132_wb_clk_i/X (sky130_fd_sc_hd__clkbuf_8)
                                                         clknet_leaf_132_wb_clk_i (net)
                      0.035149    0.000121  100.917480 ^ _15901_/CLK (sky130_fd_sc_hd__dfrtp_1)
                                 -0.250000  100.667480   clock uncertainty
                                  0.000000  100.667480   clock reconvergence pessimism
                                  0.128362  100.795837   library recovery time
                                            100.795837   data required time
---------------------------------------------------------------------------------------------
                                            100.795837   data required time
                                            -22.005102   data arrival time
---------------------------------------------------------------------------------------------
                                             78.790733   slack (MET)


Startpoint: wbs_adr_i[5] (input port clocked by wb_clk_i)
Endpoint: wbs_dat_o[0] (output port clocked by wb_clk_i)
Path Group: wb_clk_i
Path Type: max

Fanout         Cap        Slew       Delay        Time   Description
---------------------------------------------------------------------------------------------
                                  0.000000    0.000000   clock wb_clk_i (rise edge)
                                  0.000000    0.000000   clock network delay (propagated)
                                 20.000000   20.000000 v input external delay
     2    0.004331    0.007052    0.003595   20.003595 v wbs_adr_i[5] (in)
                                                         wbs_adr_i[5] (net)
                      0.007052    0.000000   20.003595 v input36/A (sky130_fd_sc_hd__clkbuf_1)
     1    0.001860    0.015140    0.043849   20.047445 v input36/X (sky130_fd_sc_hd__clkbuf_1)
                                                         net36 (net)
                      0.015140    0.000009   20.047455 v _08001_/A (sky130_fd_sc_hd__or4_1)
     1    0.002543    0.051889    0.286571   20.334024 v _08001_/X (sky130_fd_sc_hd__or4_1)
                                                         _02551_ (net)
                      0.051889    0.000030   20.334055 v _08005_/A (sky130_fd_sc_hd__or4_1)
     1    0.002098    0.049566    0.290324   20.624380 v _08005_/X (sky130_fd_sc_hd__or4_1)
                                                         _02555_ (net)
                      0.049566    0.000021   20.624401 v _08011_/A (sky130_fd_sc_hd__or4_1)
     1    0.009089    0.081208    0.332077   20.956478 v _08011_/X (sky130_fd_sc_hd__or4_1)
                                                         net89 (net)
                      0.081208    0.000345   20.956823 v fanout554/A (sky130_fd_sc_hd__clkbuf_2)
    14    0.035347    0.094690    0.149130   21.105953 v fanout554/X (sky130_fd_sc_hd__clkbuf_2)
                                                         net554 (net)
                      0.094690    0.000068   21.106020 v fanout552/A (sky130_fd_sc_hd__clkbuf_2)
    10    0.029742    0.080839    0.144519   21.250540 v fanout552/X (sky130_fd_sc_hd__clkbuf_2)
                                                         net552 (net)
                      0.080845    0.000739   21.251278 v _11584_/B (sky130_fd_sc_hd__or2_1)
     1    0.002045    0.029643    0.132133   21.383411 v _11584_/X (sky130_fd_sc_hd__or2_1)
                                                         net71 (net)
                      0.029643    0.000018   21.383429 v output71/A (sky130_fd_sc_hd__buf_2)
     1    0.034402    0.062794    0.117586   21.501015 v output71/X (sky130_fd_sc_hd__buf_2)
                                                         wbs_dat_o[0] (net)
                      0.062794    0.000208   21.501223 v wbs_dat_o[0] (out)
                                             21.501223   data arrival time

                                100.000000  100.000000   clock wb_clk_i (rise edge)
                                  0.000000  100.000000   clock network delay (propagated)
                                 -0.250000   99.750000   clock uncertainty
                                  0.000000   99.750000   clock reconvergence pessimism
                                -20.000000   79.750000   output external delay
                                             79.750000   data required time
---------------------------------------------------------------------------------------------
                                             79.750000   data required time
                                            -21.501223   data arrival time
---------------------------------------------------------------------------------------------
                                             58.248775   slack (MET)




===========================================================================
report_checks --slack_max -0.01
============================================================================
======================= min_ff_n40C_1v95 Corner ===================================

No paths found.


===========================================================================
 report_check_types -max_slew -max_cap -max_fanout -violators
============================================================================
======================= min_ff_n40C_1v95 Corner ===================================

max fanout

Pin                                   Limit Fanout  Slack
---------------------------------------------------------
clkbuf_5_21__f_wb_clk_i/X                10     26    -16 (VIOLATED)
clkbuf_5_28__f_wb_clk_i/X                10     22    -12 (VIOLATED)
fanout1024/X                             10     21    -11 (VIOLATED)
_10177_/X                                10     20    -10 (VIOLATED)
_10623_/Y                                10     20    -10 (VIOLATED)
_15256_/Y                                10     20    -10 (VIOLATED)
_17080_/Q                                10     20    -10 (VIOLATED)
clkbuf_5_18__f_wb_clk_i/X                10     20    -10 (VIOLATED)
clkbuf_5_20__f_wb_clk_i/X                10     20    -10 (VIOLATED)
clkbuf_5_22__f_wb_clk_i/X                10     20    -10 (VIOLATED)
fanout100/X                              10     20    -10 (VIOLATED)
fanout1002/X                             10     20    -10 (VIOLATED)
fanout1004/X                             10     20    -10 (VIOLATED)
fanout1006/X                             10     20    -10 (VIOLATED)
fanout1008/X                             10     20    -10 (VIOLATED)
fanout1009/X                             10     20    -10 (VIOLATED)
fanout1012/X                             10     20    -10 (VIOLATED)
fanout1013/X                             10     20    -10 (VIOLATED)
fanout1014/X                             10     20    -10 (VIOLATED)
fanout1017/X                             10     20    -10 (VIOLATED)
fanout1018/X                             10     20    -10 (VIOLATED)
fanout1019/X                             10     20    -10 (VIOLATED)
fanout1021/X                             10     20    -10 (VIOLATED)
fanout1023/X                             10     20    -10 (VIOLATED)
fanout1026/X                             10     20    -10 (VIOLATED)
fanout1027/X                             10     20    -10 (VIOLATED)
fanout1029/X                             10     20    -10 (VIOLATED)
fanout1031/X                             10     20    -10 (VIOLATED)
fanout1032/X                             10     20    -10 (VIOLATED)
fanout1033/X                             10     20    -10 (VIOLATED)
fanout1034/X                             10     20    -10 (VIOLATED)
fanout1037/X                             10     20    -10 (VIOLATED)
fanout1039/X                             10     20    -10 (VIOLATED)
fanout1040/X                             10     20    -10 (VIOLATED)
fanout1041/X                             10     20    -10 (VIOLATED)
fanout1042/X                             10     20    -10 (VIOLATED)
fanout1043/X                             10     20    -10 (VIOLATED)
fanout1046/X                             10     20    -10 (VIOLATED)
fanout1048/X                             10     20    -10 (VIOLATED)
fanout1050/X                             10     20    -10 (VIOLATED)
fanout1051/X                             10     20    -10 (VIOLATED)
fanout1052/X                             10     20    -10 (VIOLATED)
fanout1053/X                             10     20    -10 (VIOLATED)
fanout1055/X                             10     20    -10 (VIOLATED)
fanout1056/X                             10     20    -10 (VIOLATED)
fanout1058/X                             10     20    -10 (VIOLATED)
fanout1060/X                             10     20    -10 (VIOLATED)
fanout1062/X                             10     20    -10 (VIOLATED)
fanout1065/X                             10     20    -10 (VIOLATED)
fanout1067/X                             10     20    -10 (VIOLATED)
fanout1068/X                             10     20    -10 (VIOLATED)
fanout1070/X                             10     20    -10 (VIOLATED)
fanout1072/X                             10     20    -10 (VIOLATED)
fanout1078/X                             10     20    -10 (VIOLATED)
fanout108/X                              10     20    -10 (VIOLATED)
fanout1080/X                             10     20    -10 (VIOLATED)
fanout1081/X                             10     20    -10 (VIOLATED)
fanout1082/X                             10     20    -10 (VIOLATED)
fanout1086/X                             10     20    -10 (VIOLATED)
fanout1087/X                             10     20    -10 (VIOLATED)
fanout1089/X                             10     20    -10 (VIOLATED)
fanout1091/X                             10     20    -10 (VIOLATED)
fanout1092/X                             10     20    -10 (VIOLATED)
fanout110/X                              10     20    -10 (VIOLATED)
fanout1102/X                             10     20    -10 (VIOLATED)
fanout111/X                              10     20    -10 (VIOLATED)
fanout1116/X                             10     20    -10 (VIOLATED)
fanout112/X                              10     20    -10 (VIOLATED)
fanout1123/X                             10     20    -10 (VIOLATED)
fanout1127/X                             10     20    -10 (VIOLATED)
fanout1128/X                             10     20    -10 (VIOLATED)
fanout1129/X                             10     20    -10 (VIOLATED)
fanout1131/X                             10     20    -10 (VIOLATED)
fanout1132/X                             10     20    -10 (VIOLATED)
fanout1134/X                             10     20    -10 (VIOLATED)
fanout1137/X                             10     20    -10 (VIOLATED)
fanout1139/X                             10     20    -10 (VIOLATED)
fanout114/X                              10     20    -10 (VIOLATED)
fanout1140/X                             10     20    -10 (VIOLATED)
fanout1141/X                             10     20    -10 (VIOLATED)
fanout1142/X                             10     20    -10 (VIOLATED)
fanout1143/X                             10     20    -10 (VIOLATED)
fanout1144/X                             10     20    -10 (VIOLATED)
fanout1146/X                             10     20    -10 (VIOLATED)
fanout1148/X                             10     20    -10 (VIOLATED)
fanout1149/X                             10     20    -10 (VIOLATED)
fanout1150/X                             10     20    -10 (VIOLATED)
fanout1152/X                             10     20    -10 (VIOLATED)
fanout1153/X                             10     20    -10 (VIOLATED)
fanout1154/X                             10     20    -10 (VIOLATED)
fanout1159/X                             10     20    -10 (VIOLATED)
fanout116/X                              10     20    -10 (VIOLATED)
fanout1160/X                             10     20    -10 (VIOLATED)
fanout1162/X                             10     20    -10 (VIOLATED)
fanout1163/X                             10     20    -10 (VIOLATED)
fanout1165/X                             10     20    -10 (VIOLATED)
fanout1166/X                             10     20    -10 (VIOLATED)
fanout1168/X                             10     20    -10 (VIOLATED)
fanout1170/X                             10     20    -10 (VIOLATED)
fanout1171/X                             10     20    -10 (VIOLATED)
fanout1173/X                             10     20    -10 (VIOLATED)
fanout1174/X                             10     20    -10 (VIOLATED)
fanout1175/X                             10     20    -10 (VIOLATED)
fanout1178/X                             10     20    -10 (VIOLATED)
fanout1179/X                             10     20    -10 (VIOLATED)
fanout118/X                              10     20    -10 (VIOLATED)
fanout1180/X                             10     20    -10 (VIOLATED)
fanout1182/X                             10     20    -10 (VIOLATED)
fanout1183/X                             10     20    -10 (VIOLATED)
fanout1184/X                             10     20    -10 (VIOLATED)
fanout1186/X                             10     20    -10 (VIOLATED)
fanout1187/X                             10     20    -10 (VIOLATED)
fanout1189/X                             10     20    -10 (VIOLATED)
fanout1190/X                             10     20    -10 (VIOLATED)
fanout1191/X                             10     20    -10 (VIOLATED)
fanout1194/X                             10     20    -10 (VIOLATED)
fanout1196/X                             10     20    -10 (VIOLATED)
fanout1197/X                             10     20    -10 (VIOLATED)
fanout1199/X                             10     20    -10 (VIOLATED)
fanout120/X                              10     20    -10 (VIOLATED)
fanout1200/X                             10     20    -10 (VIOLATED)
fanout1202/X                             10     20    -10 (VIOLATED)
fanout1204/X                             10     20    -10 (VIOLATED)
fanout1206/X                             10     20    -10 (VIOLATED)
fanout1207/X                             10     20    -10 (VIOLATED)
fanout1208/X                             10     20    -10 (VIOLATED)
fanout1210/X                             10     20    -10 (VIOLATED)
fanout1211/X                             10     20    -10 (VIOLATED)
fanout1213/X                             10     20    -10 (VIOLATED)
fanout1215/X                             10     20    -10 (VIOLATED)
fanout1216/X                             10     20    -10 (VIOLATED)
fanout1217/X                             10     20    -10 (VIOLATED)
fanout1219/X                             10     20    -10 (VIOLATED)
fanout1221/X                             10     20    -10 (VIOLATED)
fanout1223/X                             10     20    -10 (VIOLATED)
fanout1225/X                             10     20    -10 (VIOLATED)
fanout1226/X                             10     20    -10 (VIOLATED)
fanout1227/X                             10     20    -10 (VIOLATED)
fanout1228/X                             10     20    -10 (VIOLATED)
fanout1230/X                             10     20    -10 (VIOLATED)
fanout1231/X                             10     20    -10 (VIOLATED)
fanout1232/X                             10     20    -10 (VIOLATED)
fanout1234/X                             10     20    -10 (VIOLATED)
fanout1242/X                             10     20    -10 (VIOLATED)
fanout1244/X                             10     20    -10 (VIOLATED)
fanout1247/X                             10     20    -10 (VIOLATED)
fanout1248/X                             10     20    -10 (VIOLATED)
fanout1250/X                             10     20    -10 (VIOLATED)
fanout1251/X                             10     20    -10 (VIOLATED)
fanout1253/X                             10     20    -10 (VIOLATED)
fanout1254/X                             10     20    -10 (VIOLATED)
fanout1256/X                             10     20    -10 (VIOLATED)
fanout1257/X                             10     20    -10 (VIOLATED)
fanout1259/X                             10     20    -10 (VIOLATED)
fanout1260/X                             10     20    -10 (VIOLATED)
fanout1262/X                             10     20    -10 (VIOLATED)
fanout1263/X                             10     20    -10 (VIOLATED)
fanout1265/X                             10     20    -10 (VIOLATED)
fanout1266/X                             10     20    -10 (VIOLATED)
fanout1268/X                             10     20    -10 (VIOLATED)
fanout1269/X                             10     20    -10 (VIOLATED)
fanout1271/X                             10     20    -10 (VIOLATED)
fanout1272/X                             10     20    -10 (VIOLATED)
fanout1274/X                             10     20    -10 (VIOLATED)
fanout1275/X                             10     20    -10 (VIOLATED)
fanout1278/X                             10     20    -10 (VIOLATED)
fanout1279/X                             10     20    -10 (VIOLATED)
fanout1280/X                             10     20    -10 (VIOLATED)
fanout1282/X                             10     20    -10 (VIOLATED)
fanout1284/X                             10     20    -10 (VIOLATED)
fanout1286/X                             10     20    -10 (VIOLATED)
fanout1288/X                             10     20    -10 (VIOLATED)
fanout1290/X                             10     20    -10 (VIOLATED)
fanout1293/X                             10     20    -10 (VIOLATED)
fanout1294/X                             10     20    -10 (VIOLATED)
fanout1297/X                             10     20    -10 (VIOLATED)
fanout1298/X                             10     20    -10 (VIOLATED)
fanout1300/X                             10     20    -10 (VIOLATED)
fanout1302/X                             10     20    -10 (VIOLATED)
fanout1304/X                             10     20    -10 (VIOLATED)
fanout1308/X                             10     20    -10 (VIOLATED)
fanout1313/X                             10     20    -10 (VIOLATED)
fanout1315/X                             10     20    -10 (VIOLATED)
fanout1317/X                             10     20    -10 (VIOLATED)
fanout1319/X                             10     20    -10 (VIOLATED)
fanout1320/X                             10     20    -10 (VIOLATED)
fanout1324/X                             10     20    -10 (VIOLATED)
fanout1328/X                             10     20    -10 (VIOLATED)
fanout1329/X                             10     20    -10 (VIOLATED)
fanout1330/X                             10     20    -10 (VIOLATED)
fanout1331/X                             10     20    -10 (VIOLATED)
fanout1332/X                             10     20    -10 (VIOLATED)
fanout1334/X                             10     20    -10 (VIOLATED)
fanout1336/X                             10     20    -10 (VIOLATED)
fanout1339/X                             10     20    -10 (VIOLATED)
fanout1341/X                             10     20    -10 (VIOLATED)
fanout1342/X                             10     20    -10 (VIOLATED)
fanout1343/X                             10     20    -10 (VIOLATED)
fanout1344/X                             10     20    -10 (VIOLATED)
fanout1345/X                             10     20    -10 (VIOLATED)
fanout1346/X                             10     20    -10 (VIOLATED)
fanout1347/X                             10     20    -10 (VIOLATED)
fanout1350/X                             10     20    -10 (VIOLATED)
fanout1352/X                             10     20    -10 (VIOLATED)
fanout1357/X                             10     20    -10 (VIOLATED)
fanout1358/X                             10     20    -10 (VIOLATED)
fanout136/X                              10     20    -10 (VIOLATED)
fanout1360/X                             10     20    -10 (VIOLATED)
fanout143/X                              10     20    -10 (VIOLATED)
fanout153/X                              10     20    -10 (VIOLATED)
fanout163/X                              10     20    -10 (VIOLATED)
fanout183/X                              10     20    -10 (VIOLATED)
fanout196/X                              10     20    -10 (VIOLATED)
fanout201/X                              10     20    -10 (VIOLATED)
fanout203/X                              10     20    -10 (VIOLATED)
fanout205/X                              10     20    -10 (VIOLATED)
fanout208/X                              10     20    -10 (VIOLATED)
fanout210/X                              10     20    -10 (VIOLATED)
fanout211/X                              10     20    -10 (VIOLATED)
fanout212/X                              10     20    -10 (VIOLATED)
fanout213/X                              10     20    -10 (VIOLATED)
fanout214/X                              10     20    -10 (VIOLATED)
fanout215/X                              10     20    -10 (VIOLATED)
fanout217/X                              10     20    -10 (VIOLATED)
fanout218/X                              10     20    -10 (VIOLATED)
fanout220/X                              10     20    -10 (VIOLATED)
fanout222/X                              10     20    -10 (VIOLATED)
fanout224/X                              10     20    -10 (VIOLATED)
fanout225/X                              10     20    -10 (VIOLATED)
fanout227/X                              10     20    -10 (VIOLATED)
fanout228/X                              10     20    -10 (VIOLATED)
fanout229/X                              10     20    -10 (VIOLATED)
fanout230/X                              10     20    -10 (VIOLATED)
fanout231/X                              10     20    -10 (VIOLATED)
fanout232/X                              10     20    -10 (VIOLATED)
fanout238/X                              10     20    -10 (VIOLATED)
fanout241/X                              10     20    -10 (VIOLATED)
fanout242/X                              10     20    -10 (VIOLATED)
fanout243/X                              10     20    -10 (VIOLATED)
fanout244/X                              10     20    -10 (VIOLATED)
fanout247/X                              10     20    -10 (VIOLATED)
fanout249/X                              10     20    -10 (VIOLATED)
fanout251/X                              10     20    -10 (VIOLATED)
fanout252/X                              10     20    -10 (VIOLATED)
fanout254/X                              10     20    -10 (VIOLATED)
fanout255/X                              10     20    -10 (VIOLATED)
fanout256/X                              10     20    -10 (VIOLATED)
fanout258/X                              10     20    -10 (VIOLATED)
fanout259/X                              10     20    -10 (VIOLATED)
fanout260/X                              10     20    -10 (VIOLATED)
fanout263/X                              10     20    -10 (VIOLATED)
fanout264/X                              10     20    -10 (VIOLATED)
fanout265/X                              10     20    -10 (VIOLATED)
fanout266/X                              10     20    -10 (VIOLATED)
fanout268/X                              10     20    -10 (VIOLATED)
fanout269/X                              10     20    -10 (VIOLATED)
fanout271/X                              10     20    -10 (VIOLATED)
fanout272/X                              10     20    -10 (VIOLATED)
fanout274/X                              10     20    -10 (VIOLATED)
fanout275/X                              10     20    -10 (VIOLATED)
fanout276/X                              10     20    -10 (VIOLATED)
fanout278/X                              10     20    -10 (VIOLATED)
fanout280/X                              10     20    -10 (VIOLATED)
fanout284/X                              10     20    -10 (VIOLATED)
fanout287/X                              10     20    -10 (VIOLATED)
fanout288/X                              10     20    -10 (VIOLATED)
fanout290/X                              10     20    -10 (VIOLATED)
fanout303/X                              10     20    -10 (VIOLATED)
fanout304/X                              10     20    -10 (VIOLATED)
fanout306/X                              10     20    -10 (VIOLATED)
fanout307/X                              10     20    -10 (VIOLATED)
fanout310/X                              10     20    -10 (VIOLATED)
fanout311/X                              10     20    -10 (VIOLATED)
fanout314/X                              10     20    -10 (VIOLATED)
fanout318/X                              10     20    -10 (VIOLATED)
fanout322/X                              10     20    -10 (VIOLATED)
fanout325/X                              10     20    -10 (VIOLATED)
fanout327/X                              10     20    -10 (VIOLATED)
fanout330/X                              10     20    -10 (VIOLATED)
fanout335/X                              10     20    -10 (VIOLATED)
fanout336/X                              10     20    -10 (VIOLATED)
fanout340/X                              10     20    -10 (VIOLATED)
fanout341/X                              10     20    -10 (VIOLATED)
fanout342/X                              10     20    -10 (VIOLATED)
fanout344/X                              10     20    -10 (VIOLATED)
fanout345/X                              10     20    -10 (VIOLATED)
fanout350/X                              10     20    -10 (VIOLATED)
fanout351/X                              10     20    -10 (VIOLATED)
fanout352/X                              10     20    -10 (VIOLATED)
fanout356/X                              10     20    -10 (VIOLATED)
fanout358/X                              10     20    -10 (VIOLATED)
fanout361/X                              10     20    -10 (VIOLATED)
fanout363/X                              10     20    -10 (VIOLATED)
fanout365/X                              10     20    -10 (VIOLATED)
fanout367/X                              10     20    -10 (VIOLATED)
fanout369/X                              10     20    -10 (VIOLATED)
fanout371/X                              10     20    -10 (VIOLATED)
fanout373/X                              10     20    -10 (VIOLATED)
fanout374/X                              10     20    -10 (VIOLATED)
fanout375/X                              10     20    -10 (VIOLATED)
fanout377/X                              10     20    -10 (VIOLATED)
fanout382/X                              10     20    -10 (VIOLATED)
fanout384/X                              10     20    -10 (VIOLATED)
fanout387/X                              10     20    -10 (VIOLATED)
fanout389/X                              10     20    -10 (VIOLATED)
fanout390/X                              10     20    -10 (VIOLATED)
fanout391/X                              10     20    -10 (VIOLATED)
fanout393/X                              10     20    -10 (VIOLATED)
fanout394/X                              10     20    -10 (VIOLATED)
fanout395/X                              10     20    -10 (VIOLATED)
fanout397/X                              10     20    -10 (VIOLATED)
fanout398/X                              10     20    -10 (VIOLATED)
fanout401/X                              10     20    -10 (VIOLATED)
fanout403/X                              10     20    -10 (VIOLATED)
fanout405/X                              10     20    -10 (VIOLATED)
fanout406/X                              10     20    -10 (VIOLATED)
fanout411/X                              10     20    -10 (VIOLATED)
fanout416/X                              10     20    -10 (VIOLATED)
fanout417/X                              10     20    -10 (VIOLATED)
fanout425/X                              10     20    -10 (VIOLATED)
fanout426/X                              10     20    -10 (VIOLATED)
fanout428/X                              10     20    -10 (VIOLATED)
fanout430/X                              10     20    -10 (VIOLATED)
fanout432/X                              10     20    -10 (VIOLATED)
fanout434/X                              10     20    -10 (VIOLATED)
fanout439/X                              10     20    -10 (VIOLATED)
fanout440/X                              10     20    -10 (VIOLATED)
fanout441/X                              10     20    -10 (VIOLATED)
fanout442/X                              10     20    -10 (VIOLATED)
fanout444/X                              10     20    -10 (VIOLATED)
fanout445/X                              10     20    -10 (VIOLATED)
fanout446/X                              10     20    -10 (VIOLATED)
fanout450/X                              10     20    -10 (VIOLATED)
fanout451/X                              10     20    -10 (VIOLATED)
fanout452/X                              10     20    -10 (VIOLATED)
fanout454/X                              10     20    -10 (VIOLATED)
fanout455/X                              10     20    -10 (VIOLATED)
fanout456/X                              10     20    -10 (VIOLATED)
fanout461/X                              10     20    -10 (VIOLATED)
fanout465/X                              10     20    -10 (VIOLATED)
fanout466/X                              10     20    -10 (VIOLATED)
fanout474/X                              10     20    -10 (VIOLATED)
fanout475/X                              10     20    -10 (VIOLATED)
fanout477/X                              10     20    -10 (VIOLATED)
fanout479/X                              10     20    -10 (VIOLATED)
fanout481/X                              10     20    -10 (VIOLATED)
fanout482/X                              10     20    -10 (VIOLATED)
fanout483/X                              10     20    -10 (VIOLATED)
fanout485/X                              10     20    -10 (VIOLATED)
fanout488/X                              10     20    -10 (VIOLATED)
fanout489/X                              10     20    -10 (VIOLATED)
fanout491/X                              10     20    -10 (VIOLATED)
fanout494/X                              10     20    -10 (VIOLATED)
fanout495/X                              10     20    -10 (VIOLATED)
fanout497/X                              10     20    -10 (VIOLATED)
fanout498/X                              10     20    -10 (VIOLATED)
fanout499/X                              10     20    -10 (VIOLATED)
fanout500/X                              10     20    -10 (VIOLATED)
fanout501/X                              10     20    -10 (VIOLATED)
fanout502/X                              10     20    -10 (VIOLATED)
fanout503/X                              10     20    -10 (VIOLATED)
fanout505/X                              10     20    -10 (VIOLATED)
fanout506/X                              10     20    -10 (VIOLATED)
fanout508/X                              10     20    -10 (VIOLATED)
fanout509/X                              10     20    -10 (VIOLATED)
fanout510/X                              10     20    -10 (VIOLATED)
fanout512/X                              10     20    -10 (VIOLATED)
fanout514/X                              10     20    -10 (VIOLATED)
fanout518/X                              10     20    -10 (VIOLATED)
fanout520/X                              10     20    -10 (VIOLATED)
fanout521/X                              10     20    -10 (VIOLATED)
fanout523/X                              10     20    -10 (VIOLATED)
fanout525/X                              10     20    -10 (VIOLATED)
fanout531/X                              10     20    -10 (VIOLATED)
fanout532/X                              10     20    -10 (VIOLATED)
fanout533/X                              10     20    -10 (VIOLATED)
fanout534/X                              10     20    -10 (VIOLATED)
fanout550/X                              10     20    -10 (VIOLATED)
fanout557/X                              10     20    -10 (VIOLATED)
fanout559/X                              10     20    -10 (VIOLATED)
fanout560/X                              10     20    -10 (VIOLATED)
fanout562/X                              10     20    -10 (VIOLATED)
fanout565/X                              10     20    -10 (VIOLATED)
fanout566/X                              10     20    -10 (VIOLATED)
fanout568/X                              10     20    -10 (VIOLATED)
fanout570/X                              10     20    -10 (VIOLATED)
fanout572/X                              10     20    -10 (VIOLATED)
fanout574/X                              10     20    -10 (VIOLATED)
fanout576/X                              10     20    -10 (VIOLATED)
fanout577/X                              10     20    -10 (VIOLATED)
fanout579/X                              10     20    -10 (VIOLATED)
fanout581/X                              10     20    -10 (VIOLATED)
fanout583/X                              10     20    -10 (VIOLATED)
fanout584/X                              10     20    -10 (VIOLATED)
fanout585/X                              10     20    -10 (VIOLATED)
fanout589/X                              10     20    -10 (VIOLATED)
fanout590/X                              10     20    -10 (VIOLATED)
fanout593/X                              10     20    -10 (VIOLATED)
fanout595/X                              10     20    -10 (VIOLATED)
fanout597/X                              10     20    -10 (VIOLATED)
fanout598/X                              10     20    -10 (VIOLATED)
fanout600/X                              10     20    -10 (VIOLATED)
fanout601/X                              10     20    -10 (VIOLATED)
fanout602/X                              10     20    -10 (VIOLATED)
fanout604/X                              10     20    -10 (VIOLATED)
fanout605/X                              10     20    -10 (VIOLATED)
fanout606/X                              10     20    -10 (VIOLATED)
fanout609/X                              10     20    -10 (VIOLATED)
fanout610/X                              10     20    -10 (VIOLATED)
fanout611/X                              10     20    -10 (VIOLATED)
fanout613/X                              10     20    -10 (VIOLATED)
fanout615/X                              10     20    -10 (VIOLATED)
fanout617/X                              10     20    -10 (VIOLATED)
fanout619/X                              10     20    -10 (VIOLATED)
fanout621/X                              10     20    -10 (VIOLATED)
fanout623/X                              10     20    -10 (VIOLATED)
fanout625/X                              10     20    -10 (VIOLATED)
fanout626/X                              10     20    -10 (VIOLATED)
fanout627/X                              10     20    -10 (VIOLATED)
fanout628/X                              10     20    -10 (VIOLATED)
fanout629/X                              10     20    -10 (VIOLATED)
fanout631/X                              10     20    -10 (VIOLATED)
fanout632/X                              10     20    -10 (VIOLATED)
fanout634/X                              10     20    -10 (VIOLATED)
fanout636/X                              10     20    -10 (VIOLATED)
fanout637/X                              10     20    -10 (VIOLATED)
fanout639/X                              10     20    -10 (VIOLATED)
fanout640/X                              10     20    -10 (VIOLATED)
fanout642/X                              10     20    -10 (VIOLATED)
fanout643/X                              10     20    -10 (VIOLATED)
fanout645/X                              10     20    -10 (VIOLATED)
fanout646/X                              10     20    -10 (VIOLATED)
fanout647/X                              10     20    -10 (VIOLATED)
fanout651/X                              10     20    -10 (VIOLATED)
fanout652/X                              10     20    -10 (VIOLATED)
fanout656/X                              10     20    -10 (VIOLATED)
fanout661/X                              10     20    -10 (VIOLATED)
fanout670/X                              10     20    -10 (VIOLATED)
fanout673/X                              10     20    -10 (VIOLATED)
fanout675/X                              10     20    -10 (VIOLATED)
fanout686/X                              10     20    -10 (VIOLATED)
fanout693/X                              10     20    -10 (VIOLATED)
fanout722/X                              10     20    -10 (VIOLATED)
fanout726/X                              10     20    -10 (VIOLATED)
fanout737/X                              10     20    -10 (VIOLATED)
fanout786/X                              10     20    -10 (VIOLATED)
fanout788/X                              10     20    -10 (VIOLATED)
fanout805/X                              10     20    -10 (VIOLATED)
fanout808/X                              10     20    -10 (VIOLATED)
fanout810/X                              10     20    -10 (VIOLATED)
fanout815/X                              10     20    -10 (VIOLATED)
fanout817/X                              10     20    -10 (VIOLATED)
fanout822/X                              10     20    -10 (VIOLATED)
fanout825/X                              10     20    -10 (VIOLATED)
fanout830/X                              10     20    -10 (VIOLATED)
fanout831/X                              10     20    -10 (VIOLATED)
fanout836/X                              10     20    -10 (VIOLATED)
fanout842/X                              10     20    -10 (VIOLATED)
fanout853/X                              10     20    -10 (VIOLATED)
fanout855/X                              10     20    -10 (VIOLATED)
fanout865/X                              10     20    -10 (VIOLATED)
fanout873/X                              10     20    -10 (VIOLATED)
fanout882/X                              10     20    -10 (VIOLATED)
fanout883/X                              10     20    -10 (VIOLATED)
fanout889/X                              10     20    -10 (VIOLATED)
fanout893/X                              10     20    -10 (VIOLATED)
fanout894/X                              10     20    -10 (VIOLATED)
fanout896/X                              10     20    -10 (VIOLATED)
fanout897/X                              10     20    -10 (VIOLATED)
fanout899/X                              10     20    -10 (VIOLATED)
fanout900/X                              10     20    -10 (VIOLATED)
fanout901/X                              10     20    -10 (VIOLATED)
fanout903/X                              10     20    -10 (VIOLATED)
fanout905/X                              10     20    -10 (VIOLATED)
fanout909/X                              10     20    -10 (VIOLATED)
fanout911/X                              10     20    -10 (VIOLATED)
fanout912/X                              10     20    -10 (VIOLATED)
fanout916/X                              10     20    -10 (VIOLATED)
fanout918/X                              10     20    -10 (VIOLATED)
fanout920/X                              10     20    -10 (VIOLATED)
fanout922/X                              10     20    -10 (VIOLATED)
fanout923/X                              10     20    -10 (VIOLATED)
fanout925/X                              10     20    -10 (VIOLATED)
fanout928/X                              10     20    -10 (VIOLATED)
fanout930/X                              10     20    -10 (VIOLATED)
fanout931/X                              10     20    -10 (VIOLATED)
fanout933/X                              10     20    -10 (VIOLATED)
fanout934/X                              10     20    -10 (VIOLATED)
fanout935/X                              10     20    -10 (VIOLATED)
fanout936/X                              10     20    -10 (VIOLATED)
fanout938/X                              10     20    -10 (VIOLATED)
fanout939/X                              10     20    -10 (VIOLATED)
fanout940/X                              10     20    -10 (VIOLATED)
fanout941/X                              10     20    -10 (VIOLATED)
fanout943/X                              10     20    -10 (VIOLATED)
fanout945/X                              10     20    -10 (VIOLATED)
fanout946/X                              10     20    -10 (VIOLATED)
fanout949/X                              10     20    -10 (VIOLATED)
fanout95/X                               10     20    -10 (VIOLATED)
fanout950/X                              10     20    -10 (VIOLATED)
fanout952/X                              10     20    -10 (VIOLATED)
fanout953/X                              10     20    -10 (VIOLATED)
fanout954/X                              10     20    -10 (VIOLATED)
fanout955/X                              10     20    -10 (VIOLATED)
fanout957/X                              10     20    -10 (VIOLATED)
fanout958/X                              10     20    -10 (VIOLATED)
fanout959/X                              10     20    -10 (VIOLATED)
fanout961/X                              10     20    -10 (VIOLATED)
fanout963/X                              10     20    -10 (VIOLATED)
fanout965/X                              10     20    -10 (VIOLATED)
fanout966/X                              10     20    -10 (VIOLATED)
fanout967/X                              10     20    -10 (VIOLATED)
fanout969/X                              10     20    -10 (VIOLATED)
fanout97/X                               10     20    -10 (VIOLATED)
fanout971/X                              10     20    -10 (VIOLATED)
fanout972/X                              10     20    -10 (VIOLATED)
fanout973/X                              10     20    -10 (VIOLATED)
fanout975/X                              10     20    -10 (VIOLATED)
fanout977/X                              10     20    -10 (VIOLATED)
fanout980/X                              10     20    -10 (VIOLATED)
fanout981/X                              10     20    -10 (VIOLATED)
fanout982/X                              10     20    -10 (VIOLATED)
fanout984/X                              10     20    -10 (VIOLATED)
fanout986/X                              10     20    -10 (VIOLATED)
fanout987/X                              10     20    -10 (VIOLATED)
fanout988/X                              10     20    -10 (VIOLATED)
fanout99/X                               10     20    -10 (VIOLATED)
fanout991/X                              10     20    -10 (VIOLATED)
fanout993/X                              10     20    -10 (VIOLATED)
fanout995/X                              10     20    -10 (VIOLATED)
fanout996/X                              10     20    -10 (VIOLATED)
fanout997/X                              10     20    -10 (VIOLATED)
fanout998/X                              10     20    -10 (VIOLATED)
fanout999/X                              10     20    -10 (VIOLATED)
_08110_/X                                10     18     -8 (VIOLATED)
_08379_/Y                                10     18     -8 (VIOLATED)
_09540_/X                                10     18     -8 (VIOLATED)
_10157_/Y                                10     18     -8 (VIOLATED)
_11568_/X                                10     18     -8 (VIOLATED)
_12925_/X                                10     18     -8 (VIOLATED)
_13384_/Y                                10     18     -8 (VIOLATED)
_13385_/Y                                10     18     -8 (VIOLATED)
_13409_/Y                                10     18     -8 (VIOLATED)
_13423_/Y                                10     18     -8 (VIOLATED)
_13580_/Y                                10     18     -8 (VIOLATED)
_13591_/Y                                10     18     -8 (VIOLATED)
_13677_/Y                                10     18     -8 (VIOLATED)
_13817_/Y                                10     18     -8 (VIOLATED)
clkbuf_5_24__f_wb_clk_i/X                10     18     -8 (VIOLATED)
clkbuf_5_26__f_wb_clk_i/X                10     18     -8 (VIOLATED)
clkbuf_5_29__f_wb_clk_i/X                10     18     -8 (VIOLATED)
clkbuf_5_31__f_wb_clk_i/X                10     18     -8 (VIOLATED)
fanout1010/X                             10     18     -8 (VIOLATED)
fanout1099/X                             10     18     -8 (VIOLATED)
fanout1155/X                             10     18     -8 (VIOLATED)
fanout1214/X                             10     18     -8 (VIOLATED)
fanout1220/X                             10     18     -8 (VIOLATED)
fanout1222/X                             10     18     -8 (VIOLATED)
fanout1229/X                             10     18     -8 (VIOLATED)
fanout1243/X                             10     18     -8 (VIOLATED)
fanout1246/X                             10     18     -8 (VIOLATED)
fanout1273/X                             10     18     -8 (VIOLATED)
fanout1291/X                             10     18     -8 (VIOLATED)
fanout1296/X                             10     18     -8 (VIOLATED)
fanout131/X                              10     18     -8 (VIOLATED)
fanout1314/X                             10     18     -8 (VIOLATED)
fanout1321/X                             10     18     -8 (VIOLATED)
fanout1327/X                             10     18     -8 (VIOLATED)
fanout1354/X                             10     18     -8 (VIOLATED)
fanout170/X                              10     18     -8 (VIOLATED)
fanout176/X                              10     18     -8 (VIOLATED)
fanout202/X                              10     18     -8 (VIOLATED)
fanout206/X                              10     18     -8 (VIOLATED)
fanout279/X                              10     18     -8 (VIOLATED)
fanout292/X                              10     18     -8 (VIOLATED)
fanout305/X                              10     18     -8 (VIOLATED)
fanout353/X                              10     18     -8 (VIOLATED)
fanout408/X                              10     18     -8 (VIOLATED)
fanout410/X                              10     18     -8 (VIOLATED)
fanout429/X                              10     18     -8 (VIOLATED)
fanout433/X                              10     18     -8 (VIOLATED)
fanout551/X                              10     18     -8 (VIOLATED)
fanout622/X                              10     18     -8 (VIOLATED)
fanout633/X                              10     18     -8 (VIOLATED)
fanout644/X                              10     18     -8 (VIOLATED)
fanout660/X                              10     18     -8 (VIOLATED)
fanout679/X                              10     18     -8 (VIOLATED)
fanout683/X                              10     18     -8 (VIOLATED)
fanout725/X                              10     18     -8 (VIOLATED)
fanout861/X                              10     18     -8 (VIOLATED)
fanout874/X                              10     18     -8 (VIOLATED)
_08087_/X                                10     16     -6 (VIOLATED)
_09211_/X                                10     16     -6 (VIOLATED)
_09438_/X                                10     16     -6 (VIOLATED)
_10156_/X                                10     16     -6 (VIOLATED)
_10161_/Y                                10     16     -6 (VIOLATED)
_10430_/X                                10     16     -6 (VIOLATED)
_11073_/Y                                10     16     -6 (VIOLATED)
_11534_/Y                                10     16     -6 (VIOLATED)
_12625_/X                                10     16     -6 (VIOLATED)
_12663_/X                                10     16     -6 (VIOLATED)
_12881_/Y                                10     16     -6 (VIOLATED)
_13069_/Y                                10     16     -6 (VIOLATED)
_13565_/X                                10     16     -6 (VIOLATED)
_13585_/Y                                10     16     -6 (VIOLATED)
_13590_/Y                                10     16     -6 (VIOLATED)
_13772_/Y                                10     16     -6 (VIOLATED)
_15559_/Y                                10     16     -6 (VIOLATED)
_16888_/Q                                10     16     -6 (VIOLATED)
_16973_/Q                                10     16     -6 (VIOLATED)
clkbuf_2_0_0_wb_clk_i/X                  10     16     -6 (VIOLATED)
clkbuf_2_1_0_wb_clk_i/X                  10     16     -6 (VIOLATED)
clkbuf_2_2_0_wb_clk_i/X                  10     16     -6 (VIOLATED)
clkbuf_2_3_0_wb_clk_i/X                  10     16     -6 (VIOLATED)
clkbuf_5_13__f_wb_clk_i/X                10     16     -6 (VIOLATED)
clkbuf_5_19__f_wb_clk_i/X                10     16     -6 (VIOLATED)
clkbuf_5_23__f_wb_clk_i/X                10     16     -6 (VIOLATED)
clkbuf_5_25__f_wb_clk_i/X                10     16     -6 (VIOLATED)
clkbuf_5_27__f_wb_clk_i/X                10     16     -6 (VIOLATED)
clkbuf_5_8__f_wb_clk_i/X                 10     16     -6 (VIOLATED)
fanout1007/X                             10     16     -6 (VIOLATED)
fanout1020/X                             10     16     -6 (VIOLATED)
fanout1025/X                             10     16     -6 (VIOLATED)
fanout1028/X                             10     16     -6 (VIOLATED)
fanout1035/X                             10     16     -6 (VIOLATED)
fanout1059/X                             10     16     -6 (VIOLATED)
fanout1079/X                             10     16     -6 (VIOLATED)
fanout1096/X                             10     16     -6 (VIOLATED)
fanout1106/X                             10     16     -6 (VIOLATED)
fanout113/X                              10     16     -6 (VIOLATED)
fanout1136/X                             10     16     -6 (VIOLATED)
fanout1138/X                             10     16     -6 (VIOLATED)
fanout117/X                              10     16     -6 (VIOLATED)
fanout1205/X                             10     16     -6 (VIOLATED)
fanout1209/X                             10     16     -6 (VIOLATED)
fanout1218/X                             10     16     -6 (VIOLATED)
fanout1224/X                             10     16     -6 (VIOLATED)
fanout1235/X                             10     16     -6 (VIOLATED)
fanout1252/X                             10     16     -6 (VIOLATED)
fanout1299/X                             10     16     -6 (VIOLATED)
fanout1306/X                             10     16     -6 (VIOLATED)
fanout1309/X                             10     16     -6 (VIOLATED)
fanout133/X                              10     16     -6 (VIOLATED)
fanout1333/X                             10     16     -6 (VIOLATED)
fanout1337/X                             10     16     -6 (VIOLATED)
fanout187/X                              10     16     -6 (VIOLATED)
fanout261/X                              10     16     -6 (VIOLATED)
fanout281/X                              10     16     -6 (VIOLATED)
fanout299/X                              10     16     -6 (VIOLATED)
fanout300/X                              10     16     -6 (VIOLATED)
fanout346/X                              10     16     -6 (VIOLATED)
fanout348/X                              10     16     -6 (VIOLATED)
fanout357/X                              10     16     -6 (VIOLATED)
fanout376/X                              10     16     -6 (VIOLATED)
fanout386/X                              10     16     -6 (VIOLATED)
fanout422/X                              10     16     -6 (VIOLATED)
fanout427/X                              10     16     -6 (VIOLATED)
fanout431/X                              10     16     -6 (VIOLATED)
fanout443/X                              10     16     -6 (VIOLATED)
fanout458/X                              10     16     -6 (VIOLATED)
fanout478/X                              10     16     -6 (VIOLATED)
fanout504/X                              10     16     -6 (VIOLATED)
fanout513/X                              10     16     -6 (VIOLATED)
fanout519/X                              10     16     -6 (VIOLATED)
fanout549/X                              10     16     -6 (VIOLATED)
fanout558/X                              10     16     -6 (VIOLATED)
fanout620/X                              10     16     -6 (VIOLATED)
fanout738/X                              10     16     -6 (VIOLATED)
fanout747/X                              10     16     -6 (VIOLATED)
fanout895/X                              10     16     -6 (VIOLATED)
fanout898/X                              10     16     -6 (VIOLATED)
fanout907/X                              10     16     -6 (VIOLATED)
fanout910/X                              10     16     -6 (VIOLATED)
fanout951/X                              10     16     -6 (VIOLATED)
fanout968/X                              10     16     -6 (VIOLATED)
fanout970/X                              10     16     -6 (VIOLATED)
fanout974/X                              10     16     -6 (VIOLATED)
fanout990/X                              10     16     -6 (VIOLATED)
fanout992/X                              10     16     -6 (VIOLATED)
input8/X                                 10     16     -6 (VIOLATED)
_07819_/Y                                10     14     -4 (VIOLATED)
_07822_/Y                                10     14     -4 (VIOLATED)
_08020_/X                                10     14     -4 (VIOLATED)
_08052_/Y                                10     14     -4 (VIOLATED)
_08057_/X                                10     14     -4 (VIOLATED)
_08122_/X                                10     14     -4 (VIOLATED)
_09201_/Y                                10     14     -4 (VIOLATED)
_09356_/X                                10     14     -4 (VIOLATED)
_09541_/Y                                10     14     -4 (VIOLATED)
_16791_/Q                                10     14     -4 (VIOLATED)
_16792_/Q                                10     14     -4 (VIOLATED)
_16795_/Q                                10     14     -4 (VIOLATED)
_16812_/Q                                10     14     -4 (VIOLATED)
_16824_/Q                                10     14     -4 (VIOLATED)
_16829_/Q                                10     14     -4 (VIOLATED)
_16831_/Q                                10     14     -4 (VIOLATED)
_16834_/Q                                10     14     -4 (VIOLATED)
_16977_/Q                                10     14     -4 (VIOLATED)
_17005_/Q                                10     14     -4 (VIOLATED)
_17069_/Q                                10     14     -4 (VIOLATED)
_17182_/Q                                10     14     -4 (VIOLATED)
_17214_/Q                                10     14     -4 (VIOLATED)
_17225_/Q                                10     14     -4 (VIOLATED)
_17233_/Q                                10     14     -4 (VIOLATED)
_17246_/Q                                10     14     -4 (VIOLATED)
_17286_/Q                                10     14     -4 (VIOLATED)
_17287_/Q                                10     14     -4 (VIOLATED)
_17294_/Q                                10     14     -4 (VIOLATED)
clkbuf_5_12__f_wb_clk_i/X                10     14     -4 (VIOLATED)
clkbuf_5_17__f_wb_clk_i/X                10     14     -4 (VIOLATED)
clkbuf_5_30__f_wb_clk_i/X                10     14     -4 (VIOLATED)
clkbuf_5_3__f_wb_clk_i/X                 10     14     -4 (VIOLATED)
clkbuf_leaf_226_wb_clk_i/X               10     14     -4 (VIOLATED)
fanout1001/X                             10     14     -4 (VIOLATED)
fanout1003/X                             10     14     -4 (VIOLATED)
fanout1015/X                             10     14     -4 (VIOLATED)
fanout104/X                              10     14     -4 (VIOLATED)
fanout1044/X                             10     14     -4 (VIOLATED)
fanout1049/X                             10     14     -4 (VIOLATED)
fanout1054/X                             10     14     -4 (VIOLATED)
fanout1057/X                             10     14     -4 (VIOLATED)
fanout1061/X                             10     14     -4 (VIOLATED)
fanout1063/X                             10     14     -4 (VIOLATED)
fanout1064/X                             10     14     -4 (VIOLATED)
fanout1069/X                             10     14     -4 (VIOLATED)
fanout1071/X                             10     14     -4 (VIOLATED)
fanout1077/X                             10     14     -4 (VIOLATED)
fanout1083/X                             10     14     -4 (VIOLATED)
fanout1085/X                             10     14     -4 (VIOLATED)
fanout1090/X                             10     14     -4 (VIOLATED)
fanout115/X                              10     14     -4 (VIOLATED)
fanout1167/X                             10     14     -4 (VIOLATED)
fanout1188/X                             10     14     -4 (VIOLATED)
fanout1195/X                             10     14     -4 (VIOLATED)
fanout1245/X                             10     14     -4 (VIOLATED)
fanout1249/X                             10     14     -4 (VIOLATED)
fanout1261/X                             10     14     -4 (VIOLATED)
fanout1264/X                             10     14     -4 (VIOLATED)
fanout1310/X                             10     14     -4 (VIOLATED)
fanout1316/X                             10     14     -4 (VIOLATED)
fanout1351/X                             10     14     -4 (VIOLATED)
fanout1353/X                             10     14     -4 (VIOLATED)
fanout157/X                              10     14     -4 (VIOLATED)
fanout188/X                              10     14     -4 (VIOLATED)
fanout216/X                              10     14     -4 (VIOLATED)
fanout234/X                              10     14     -4 (VIOLATED)
fanout267/X                              10     14     -4 (VIOLATED)
fanout270/X                              10     14     -4 (VIOLATED)
fanout273/X                              10     14     -4 (VIOLATED)
fanout282/X                              10     14     -4 (VIOLATED)
fanout313/X                              10     14     -4 (VIOLATED)
fanout359/X                              10     14     -4 (VIOLATED)
fanout368/X                              10     14     -4 (VIOLATED)
fanout378/X                              10     14     -4 (VIOLATED)
fanout381/X                              10     14     -4 (VIOLATED)
fanout453/X                              10     14     -4 (VIOLATED)
fanout460/X                              10     14     -4 (VIOLATED)
fanout464/X                              10     14     -4 (VIOLATED)
fanout467/X                              10     14     -4 (VIOLATED)
fanout484/X                              10     14     -4 (VIOLATED)
fanout490/X                              10     14     -4 (VIOLATED)
fanout507/X                              10     14     -4 (VIOLATED)
fanout515/X                              10     14     -4 (VIOLATED)
fanout541/X                              10     14     -4 (VIOLATED)
fanout554/X                              10     14     -4 (VIOLATED)
fanout564/X                              10     14     -4 (VIOLATED)
fanout571/X                              10     14     -4 (VIOLATED)
fanout575/X                              10     14     -4 (VIOLATED)
fanout580/X                              10     14     -4 (VIOLATED)
fanout592/X                              10     14     -4 (VIOLATED)
fanout614/X                              10     14     -4 (VIOLATED)
fanout616/X                              10     14     -4 (VIOLATED)
fanout624/X                              10     14     -4 (VIOLATED)
fanout635/X                              10     14     -4 (VIOLATED)
fanout641/X                              10     14     -4 (VIOLATED)
fanout657/X                              10     14     -4 (VIOLATED)
fanout764/X                              10     14     -4 (VIOLATED)
fanout802/X                              10     14     -4 (VIOLATED)
fanout843/X                              10     14     -4 (VIOLATED)
fanout866/X                              10     14     -4 (VIOLATED)
fanout871/X                              10     14     -4 (VIOLATED)
fanout904/X                              10     14     -4 (VIOLATED)
fanout914/X                              10     14     -4 (VIOLATED)
fanout919/X                              10     14     -4 (VIOLATED)
fanout924/X                              10     14     -4 (VIOLATED)
fanout926/X                              10     14     -4 (VIOLATED)
fanout937/X                              10     14     -4 (VIOLATED)
fanout942/X                              10     14     -4 (VIOLATED)
fanout944/X                              10     14     -4 (VIOLATED)
fanout960/X                              10     14     -4 (VIOLATED)
fanout962/X                              10     14     -4 (VIOLATED)
fanout964/X                              10     14     -4 (VIOLATED)
fanout976/X                              10     14     -4 (VIOLATED)
fanout979/X                              10     14     -4 (VIOLATED)
fanout994/X                              10     14     -4 (VIOLATED)
clkbuf_leaf_172_wb_clk_i/X               10     13     -3 (VIOLATED)
clkbuf_leaf_186_wb_clk_i/X               10     13     -3 (VIOLATED)
clkbuf_leaf_60_wb_clk_i/X                10     13     -3 (VIOLATED)
_08091_/X                                10     12     -2 (VIOLATED)
_08166_/X                                10     12     -2 (VIOLATED)
_08167_/Y                                10     12     -2 (VIOLATED)
_08482_/X                                10     12     -2 (VIOLATED)
_09215_/Y                                10     12     -2 (VIOLATED)
_09511_/Y                                10     12     -2 (VIOLATED)
_09512_/Y                                10     12     -2 (VIOLATED)
_10145_/Y                                10     12     -2 (VIOLATED)
_10159_/Y                                10     12     -2 (VIOLATED)
_10308_/X                                10     12     -2 (VIOLATED)
_10338_/X                                10     12     -2 (VIOLATED)
_10345_/Y                                10     12     -2 (VIOLATED)
_10371_/Y                                10     12     -2 (VIOLATED)
_10378_/Y                                10     12     -2 (VIOLATED)
_10388_/Y                                10     12     -2 (VIOLATED)
_10415_/X                                10     12     -2 (VIOLATED)
_10421_/Y                                10     12     -2 (VIOLATED)
_10477_/Y                                10     12     -2 (VIOLATED)
_11426_/X                                10     12     -2 (VIOLATED)
_13359_/X                                10     12     -2 (VIOLATED)
_13370_/Y                                10     12     -2 (VIOLATED)
_15229_/Y                                10     12     -2 (VIOLATED)
_15239_/X                                10     12     -2 (VIOLATED)
_16536_/Q                                10     12     -2 (VIOLATED)
_16546_/Q                                10     12     -2 (VIOLATED)
_16573_/Q                                10     12     -2 (VIOLATED)
_16793_/Q                                10     12     -2 (VIOLATED)
_16794_/Q                                10     12     -2 (VIOLATED)
_16796_/Q                                10     12     -2 (VIOLATED)
_16821_/Q                                10     12     -2 (VIOLATED)
_16822_/Q                                10     12     -2 (VIOLATED)
_16826_/Q                                10     12     -2 (VIOLATED)
_16974_/Q                                10     12     -2 (VIOLATED)
_16979_/Q                                10     12     -2 (VIOLATED)
_17011_/Q                                10     12     -2 (VIOLATED)
_17161_/Q                                10     12     -2 (VIOLATED)
_17309_/Q                                10     12     -2 (VIOLATED)
clkbuf_5_11__f_wb_clk_i/X                10     12     -2 (VIOLATED)
clkbuf_5_15__f_wb_clk_i/X                10     12     -2 (VIOLATED)
clkbuf_5_16__f_wb_clk_i/X                10     12     -2 (VIOLATED)
clkbuf_5_1__f_wb_clk_i/X                 10     12     -2 (VIOLATED)
clkbuf_5_2__f_wb_clk_i/X                 10     12     -2 (VIOLATED)
clkbuf_5_4__f_wb_clk_i/X                 10     12     -2 (VIOLATED)
clkbuf_5_5__f_wb_clk_i/X                 10     12     -2 (VIOLATED)
clkbuf_5_6__f_wb_clk_i/X                 10     12     -2 (VIOLATED)
clkbuf_5_9__f_wb_clk_i/X                 10     12     -2 (VIOLATED)
clkbuf_leaf_115_wb_clk_i/X               10     12     -2 (VIOLATED)
clkbuf_leaf_127_wb_clk_i/X               10     12     -2 (VIOLATED)
clkbuf_leaf_154_wb_clk_i/X               10     12     -2 (VIOLATED)
clkbuf_leaf_164_wb_clk_i/X               10     12     -2 (VIOLATED)
clkbuf_leaf_168_wb_clk_i/X               10     12     -2 (VIOLATED)
clkbuf_leaf_178_wb_clk_i/X               10     12     -2 (VIOLATED)
clkbuf_leaf_199_wb_clk_i/X               10     12     -2 (VIOLATED)
clkbuf_leaf_208_wb_clk_i/X               10     12     -2 (VIOLATED)
clkbuf_leaf_43_wb_clk_i/X                10     12     -2 (VIOLATED)
fanout1000/X                             10     12     -2 (VIOLATED)
fanout1005/X                             10     12     -2 (VIOLATED)
fanout1011/X                             10     12     -2 (VIOLATED)
fanout1022/X                             10     12     -2 (VIOLATED)
fanout1036/X                             10     12     -2 (VIOLATED)
fanout1045/X                             10     12     -2 (VIOLATED)
fanout1047/X                             10     12     -2 (VIOLATED)
fanout1066/X                             10     12     -2 (VIOLATED)
fanout107/X                              10     12     -2 (VIOLATED)
fanout1076/X                             10     12     -2 (VIOLATED)
fanout1088/X                             10     12     -2 (VIOLATED)
fanout1093/X                             10     12     -2 (VIOLATED)
fanout1113/X                             10     12     -2 (VIOLATED)
fanout1135/X                             10     12     -2 (VIOLATED)
fanout1145/X                             10     12     -2 (VIOLATED)
fanout1156/X                             10     12     -2 (VIOLATED)
fanout1158/X                             10     12     -2 (VIOLATED)
fanout1161/X                             10     12     -2 (VIOLATED)
fanout1172/X                             10     12     -2 (VIOLATED)
fanout1176/X                             10     12     -2 (VIOLATED)
fanout1181/X                             10     12     -2 (VIOLATED)
fanout1185/X                             10     12     -2 (VIOLATED)
fanout1233/X                             10     12     -2 (VIOLATED)
fanout1236/X                             10     12     -2 (VIOLATED)
fanout127/X                              10     12     -2 (VIOLATED)
fanout1270/X                             10     12     -2 (VIOLATED)
fanout1276/X                             10     12     -2 (VIOLATED)
fanout1281/X                             10     12     -2 (VIOLATED)
fanout1287/X                             10     12     -2 (VIOLATED)
fanout1289/X                             10     12     -2 (VIOLATED)
fanout1301/X                             10     12     -2 (VIOLATED)
fanout1303/X                             10     12     -2 (VIOLATED)
fanout1318/X                             10     12     -2 (VIOLATED)
fanout1326/X                             10     12     -2 (VIOLATED)
fanout1335/X                             10     12     -2 (VIOLATED)
fanout1338/X                             10     12     -2 (VIOLATED)
fanout138/X                              10     12     -2 (VIOLATED)
fanout150/X                              10     12     -2 (VIOLATED)
fanout154/X                              10     12     -2 (VIOLATED)
fanout159/X                              10     12     -2 (VIOLATED)
fanout166/X                              10     12     -2 (VIOLATED)
fanout204/X                              10     12     -2 (VIOLATED)
fanout219/X                              10     12     -2 (VIOLATED)
fanout223/X                              10     12     -2 (VIOLATED)
fanout226/X                              10     12     -2 (VIOLATED)
fanout257/X                              10     12     -2 (VIOLATED)
fanout262/X                              10     12     -2 (VIOLATED)
fanout315/X                              10     12     -2 (VIOLATED)
fanout317/X                              10     12     -2 (VIOLATED)
fanout324/X                              10     12     -2 (VIOLATED)
fanout338/X                              10     12     -2 (VIOLATED)
fanout349/X                              10     12     -2 (VIOLATED)
fanout364/X                              10     12     -2 (VIOLATED)
fanout366/X                              10     12     -2 (VIOLATED)
fanout372/X                              10     12     -2 (VIOLATED)
fanout388/X                              10     12     -2 (VIOLATED)
fanout396/X                              10     12     -2 (VIOLATED)
fanout400/X                              10     12     -2 (VIOLATED)
fanout402/X                              10     12     -2 (VIOLATED)
fanout404/X                              10     12     -2 (VIOLATED)
fanout415/X                              10     12     -2 (VIOLATED)
fanout435/X                              10     12     -2 (VIOLATED)
fanout447/X                              10     12     -2 (VIOLATED)
fanout448/X                              10     12     -2 (VIOLATED)
fanout470/X                              10     12     -2 (VIOLATED)
fanout476/X                              10     12     -2 (VIOLATED)
fanout492/X                              10     12     -2 (VIOLATED)
fanout496/X                              10     12     -2 (VIOLATED)
fanout526/X                              10     12     -2 (VIOLATED)
fanout535/X                              10     12     -2 (VIOLATED)
fanout548/X                              10     12     -2 (VIOLATED)
fanout573/X                              10     12     -2 (VIOLATED)
fanout578/X                              10     12     -2 (VIOLATED)
fanout582/X                              10     12     -2 (VIOLATED)
fanout586/X                              10     12     -2 (VIOLATED)
fanout594/X                              10     12     -2 (VIOLATED)
fanout596/X                              10     12     -2 (VIOLATED)
fanout599/X                              10     12     -2 (VIOLATED)
fanout603/X                              10     12     -2 (VIOLATED)
fanout608/X                              10     12     -2 (VIOLATED)
fanout648/X                              10     12     -2 (VIOLATED)
fanout649/X                              10     12     -2 (VIOLATED)
fanout671/X                              10     12     -2 (VIOLATED)
fanout687/X                              10     12     -2 (VIOLATED)
fanout692/X                              10     12     -2 (VIOLATED)
fanout783/X                              10     12     -2 (VIOLATED)
fanout801/X                              10     12     -2 (VIOLATED)
fanout834/X                              10     12     -2 (VIOLATED)
fanout839/X                              10     12     -2 (VIOLATED)
fanout841/X                              10     12     -2 (VIOLATED)
fanout850/X                              10     12     -2 (VIOLATED)
fanout856/X                              10     12     -2 (VIOLATED)
fanout857/X                              10     12     -2 (VIOLATED)
fanout884/X                              10     12     -2 (VIOLATED)
fanout891/X                              10     12     -2 (VIOLATED)
fanout892/X                              10     12     -2 (VIOLATED)
fanout908/X                              10     12     -2 (VIOLATED)
fanout913/X                              10     12     -2 (VIOLATED)
fanout917/X                              10     12     -2 (VIOLATED)
fanout927/X                              10     12     -2 (VIOLATED)
fanout932/X                              10     12     -2 (VIOLATED)
fanout948/X                              10     12     -2 (VIOLATED)
fanout956/X                              10     12     -2 (VIOLATED)
fanout985/X                              10     12     -2 (VIOLATED)
max_cap355/X                             10     12     -2 (VIOLATED)
max_cap360/X                             10     12     -2 (VIOLATED)
clkbuf_leaf_133_wb_clk_i/X               10     11        (VIOLATED)
clkbuf_leaf_160_wb_clk_i/X               10     11        (VIOLATED)
clkbuf_leaf_165_wb_clk_i/X               10     11        (VIOLATED)
clkbuf_leaf_170_wb_clk_i/X               10     11        (VIOLATED)
clkbuf_leaf_191_wb_clk_i/X               10     11        (VIOLATED)
clkbuf_leaf_194_wb_clk_i/X               10     11        (VIOLATED)
clkbuf_leaf_207_wb_clk_i/X               10     11        (VIOLATED)
clkbuf_leaf_210_wb_clk_i/X               10     11        (VIOLATED)
clkbuf_leaf_212_wb_clk_i/X               10     11        (VIOLATED)
clkbuf_leaf_55_wb_clk_i/X                10     11        (VIOLATED)
clkbuf_leaf_56_wb_clk_i/X                10     11        (VIOLATED)
clkbuf_leaf_63_wb_clk_i/X                10     11        (VIOLATED)



===========================================================================
report_parasitic_annotation -report_unannotated
============================================================================
Found 515 unannotated drivers.
 gpio_in[0]
 gpio_in[10]
 gpio_in[11]
 gpio_in[12]
 gpio_in[13]
 gpio_in[14]
 gpio_in[15]
 gpio_in[16]
 gpio_in[17]
 gpio_in[18]
 gpio_in[19]
 gpio_in[1]
 gpio_in[20]
 gpio_in[21]
 gpio_in[22]
 gpio_in[23]
 gpio_in[24]
 gpio_in[25]
 gpio_in[26]
 gpio_in[27]
 gpio_in[28]
 gpio_in[2]
 gpio_in[36]
 gpio_in[37]
 gpio_in[3]
 gpio_in[4]
 gpio_in[5]
 gpio_in[6]
 gpio_in[7]
 gpio_in[8]
 gpio_in[9]
 la_data_in[0]
 la_data_in[100]
 la_data_in[101]
 la_data_in[102]
 la_data_in[103]
 la_data_in[104]
 la_data_in[105]
 la_data_in[106]
 la_data_in[107]
 la_data_in[108]
 la_data_in[109]
 la_data_in[10]
 la_data_in[110]
 la_data_in[111]
 la_data_in[112]
 la_data_in[113]
 la_data_in[114]
 la_data_in[115]
 la_data_in[116]
 la_data_in[117]
 la_data_in[118]
 la_data_in[119]
 la_data_in[11]
 la_data_in[120]
 la_data_in[121]
 la_data_in[122]
 la_data_in[123]
 la_data_in[124]
 la_data_in[125]
 la_data_in[126]
 la_data_in[127]
 la_data_in[12]
 la_data_in[13]
 la_data_in[14]
 la_data_in[15]
 la_data_in[16]
 la_data_in[17]
 la_data_in[18]
 la_data_in[19]
 la_data_in[1]
 la_data_in[20]
 la_data_in[21]
 la_data_in[22]
 la_data_in[23]
 la_data_in[24]
 la_data_in[25]
 la_data_in[26]
 la_data_in[27]
 la_data_in[28]
 la_data_in[29]
 la_data_in[2]
 la_data_in[30]
 la_data_in[31]
 la_data_in[32]
 la_data_in[33]
 la_data_in[34]
 la_data_in[35]
 la_data_in[36]
 la_data_in[37]
 la_data_in[38]
 la_data_in[39]
 la_data_in[3]
 la_data_in[40]
 la_data_in[41]
 la_data_in[42]
 la_data_in[43]
 la_data_in[44]
 la_data_in[45]
 la_data_in[46]
 la_data_in[47]
 la_data_in[48]
 la_data_in[49]
 la_data_in[4]
 la_data_in[50]
 la_data_in[51]
 la_data_in[52]
 la_data_in[53]
 la_data_in[54]
 la_data_in[55]
 la_data_in[56]
 la_data_in[57]
 la_data_in[58]
 la_data_in[59]
 la_data_in[5]
 la_data_in[60]
 la_data_in[61]
 la_data_in[62]
 la_data_in[63]
 la_data_in[64]
 la_data_in[65]
 la_data_in[66]
 la_data_in[67]
 la_data_in[68]
 la_data_in[69]
 la_data_in[6]
 la_data_in[70]
 la_data_in[71]
 la_data_in[72]
 la_data_in[73]
 la_data_in[74]
 la_data_in[75]
 la_data_in[76]
 la_data_in[77]
 la_data_in[78]
 la_data_in[79]
 la_data_in[7]
 la_data_in[80]
 la_data_in[81]
 la_data_in[82]
 la_data_in[83]
 la_data_in[84]
 la_data_in[85]
 la_data_in[86]
 la_data_in[87]
 la_data_in[88]
 la_data_in[89]
 la_data_in[8]
 la_data_in[90]
 la_data_in[91]
 la_data_in[92]
 la_data_in[93]
 la_data_in[94]
 la_data_in[95]
 la_data_in[96]
 la_data_in[97]
 la_data_in[98]
 la_data_in[99]
 la_data_in[9]
 la_oenb[0]
 la_oenb[100]
 la_oenb[101]
 la_oenb[102]
 la_oenb[103]
 la_oenb[104]
 la_oenb[105]
 la_oenb[106]
 la_oenb[107]
 la_oenb[108]
 la_oenb[109]
 la_oenb[10]
 la_oenb[110]
 la_oenb[111]
 la_oenb[112]
 la_oenb[113]
 la_oenb[114]
 la_oenb[115]
 la_oenb[116]
 la_oenb[117]
 la_oenb[118]
 la_oenb[119]
 la_oenb[11]
 la_oenb[120]
 la_oenb[121]
 la_oenb[122]
 la_oenb[123]
 la_oenb[124]
 la_oenb[125]
 la_oenb[126]
 la_oenb[127]
 la_oenb[12]
 la_oenb[13]
 la_oenb[14]
 la_oenb[15]
 la_oenb[16]
 la_oenb[17]
 la_oenb[18]
 la_oenb[19]
 la_oenb[1]
 la_oenb[20]
 la_oenb[21]
 la_oenb[22]
 la_oenb[23]
 la_oenb[24]
 la_oenb[25]
 la_oenb[26]
 la_oenb[27]
 la_oenb[28]
 la_oenb[29]
 la_oenb[2]
 la_oenb[30]
 la_oenb[31]
 la_oenb[32]
 la_oenb[33]
 la_oenb[34]
 la_oenb[35]
 la_oenb[36]
 la_oenb[37]
 la_oenb[38]
 la_oenb[39]
 la_oenb[3]
 la_oenb[40]
 la_oenb[41]
 la_oenb[42]
 la_oenb[43]
 la_oenb[44]
 la_oenb[45]
 la_oenb[46]
 la_oenb[47]
 la_oenb[48]
 la_oenb[49]
 la_oenb[4]
 la_oenb[50]
 la_oenb[51]
 la_oenb[52]
 la_oenb[53]
 la_oenb[54]
 la_oenb[55]
 la_oenb[56]
 la_oenb[57]
 la_oenb[58]
 la_oenb[59]
 la_oenb[5]
 la_oenb[60]
 la_oenb[61]
 la_oenb[62]
 la_oenb[63]
 la_oenb[64]
 la_oenb[65]
 la_oenb[66]
 la_oenb[67]
 la_oenb[68]
 la_oenb[69]
 la_oenb[6]
 la_oenb[70]
 la_oenb[71]
 la_oenb[72]
 la_oenb[73]
 la_oenb[74]
 la_oenb[75]
 la_oenb[76]
 la_oenb[77]
 la_oenb[78]
 la_oenb[79]
 la_oenb[7]
 la_oenb[80]
 la_oenb[81]
 la_oenb[82]
 la_oenb[83]
 la_oenb[84]
 la_oenb[85]
 la_oenb[86]
 la_oenb[87]
 la_oenb[88]
 la_oenb[89]
 la_oenb[8]
 la_oenb[90]
 la_oenb[91]
 la_oenb[92]
 la_oenb[93]
 la_oenb[94]
 la_oenb[95]
 la_oenb[96]
 la_oenb[97]
 la_oenb[98]
 la_oenb[99]
 la_oenb[9]
 ncs
 wbs_dat_i[10]
 wbs_dat_i[11]
 wbs_dat_i[12]
 wbs_dat_i[13]
 wbs_dat_i[14]
 wbs_dat_i[15]
 wbs_dat_i[16]
 wbs_dat_i[17]
 wbs_dat_i[18]
 wbs_dat_i[19]
 wbs_dat_i[1]
 wbs_dat_i[20]
 wbs_dat_i[21]
 wbs_dat_i[22]
 wbs_dat_i[23]
 wbs_dat_i[24]
 wbs_dat_i[25]
 wbs_dat_i[26]
 wbs_dat_i[27]
 wbs_dat_i[28]
 wbs_dat_i[29]
 wbs_dat_i[2]
 wbs_dat_i[30]
 wbs_dat_i[31]
 wbs_dat_i[3]
 wbs_dat_i[4]
 wbs_dat_i[5]
 wbs_dat_i[6]
 wbs_dat_i[7]
 wbs_dat_i[8]
 wbs_dat_i[9]
 wbs_sel_i[0]
 wbs_sel_i[1]
 wbs_sel_i[2]
 wbs_sel_i[3]
 _17121__1366/HI
 _17122__1367/HI
 _17394__1368/HI
 _17395__1547/LO
 _17396__1548/LO
 _17397__1549/LO
 _17398__1550/LO
 _17399__1369/HI
 _17400__1370/HI
 _17401__1371/HI
 _17402__1372/HI
 _17403__1373/HI
 _17404__1374/HI
 _17405__1375/HI
 _17406__1376/HI
 _17407__1377/HI
 _17408__1378/HI
 _17409__1379/HI
 _17410__1380/HI
 _17411__1381/HI
 _17412__1382/HI
 _17413__1383/HI
 _17414__1384/HI
 _17415__1385/HI
 _17416__1386/HI
 _17417__1387/HI
 _17418__1388/HI
 _17419__1389/HI
 _17420__1390/HI
 _17421__1391/HI
 _17422__1392/HI
 _17423__1551/LO
 _17424__1552/LO
 _17425__1553/LO
 _17426__1554/LO
 _17427__1555/LO
 _17428__1556/LO
 _17429__1557/LO
 _17430__1393/HI
 _17431__1394/HI
 _17432__1395/HI
 _17433__1396/HI
 _17434__1397/HI
 _17435__1398/HI
 _17438__1399/HI
 _17439__1400/HI
 _17440__1401/HI
 _17441__1402/HI
 _17442__1403/HI
 _17443__1404/HI
 _17444__1405/HI
 _17445__1406/HI
 _17446__1407/HI
 _17447__1408/HI
 _17448__1409/HI
 _17449__1410/HI
 _17450__1411/HI
 _17451__1412/HI
 _17452__1413/HI
 _17453__1414/HI
 _17454__1415/HI
 _17455__1416/HI
 _17456__1417/HI
 _17457__1418/HI
 _17458__1419/HI
 _17459__1420/HI
 _17460__1421/HI
 _17461__1422/HI
 _17462__1423/HI
 _17463__1424/HI
 _17464__1425/HI
 _17465__1426/HI
 _17466__1427/HI
 _17467__1428/HI
 _17468__1429/HI
 _17469__1430/HI
 _17470__1431/HI
 _17471__1432/HI
 _17472__1433/HI
 _17473__1434/HI
 _17474__1435/HI
 _17475__1436/HI
 _17476__1437/HI
 _17477__1438/HI
 _17478__1439/HI
 _17479__1440/HI
 _17480__1441/HI
 _17481__1442/HI
 _17482__1443/HI
 _17483__1444/HI
 _17484__1445/HI
 _17485__1446/HI
 _17486__1447/HI
 _17487__1448/HI
 _17488__1449/HI
 _17489__1450/HI
 _17490__1451/HI
 _17491__1452/HI
 _17492__1453/HI
 _17493__1454/HI
 _17494__1455/HI
 _17495__1456/HI
 _17496__1457/HI
 _17497__1458/HI
 _17498__1459/HI
 _17499__1460/HI
 _17500__1461/HI
 _17501__1462/HI
 _17502__1463/HI
 _17503__1464/HI
 _17504__1465/HI
 _17505__1466/HI
 _17506__1467/HI
 _17507__1468/HI
 _17508__1469/HI
 _17509__1470/HI
 _17510__1471/HI
 _17511__1472/HI
 _17512__1473/HI
 _17513__1474/HI
 _17514__1475/HI
 _17515__1476/HI
 _17516__1477/HI
 _17517__1478/HI
 _17518__1479/HI
 _17519__1480/HI
 _17520__1481/HI
 _17521__1482/HI
 _17522__1483/HI
 _17523__1484/HI
 _17524__1485/HI
 _17525__1486/HI
 _17526__1487/HI
 _17527__1488/HI
 _17528__1489/HI
 _17529__1490/HI
 _17530__1491/HI
 _17531__1492/HI
 _17532__1493/HI
 _17533__1494/HI
 _17534__1495/HI
 _17535__1496/HI
 _17536__1497/HI
 _17537__1498/HI
 _17538__1499/HI
 _17539__1500/HI
 _17540__1501/HI
 _17541__1502/HI
 _17542__1503/HI
 _17543__1504/HI
 _17544__1505/HI
 _17545__1506/HI
 _17546__1507/HI
 _17547__1508/HI
 _17548__1509/HI
 _17549__1510/HI
 _17550__1511/HI
 _17551__1512/HI
 _17552__1513/HI
 _17553__1514/HI
 _17554__1515/HI
 _17555__1516/HI
 _17556__1517/HI
 _17557__1518/HI
 _17558__1519/HI
 _17559__1520/HI
 _17560__1521/HI
 _17561__1522/HI
 _17562__1523/HI
 _17563__1524/HI
 _17564__1525/HI
 _17565__1526/HI
 _17566__1527/HI
 _17567__1528/HI
 _17568__1529/HI
 _17569__1530/HI
 _17570__1531/HI
 _17571__1532/HI
 _17572__1533/HI
 _17573__1534/HI
 _17574__1535/HI
 _17575__1536/HI
 _17576__1537/HI
 _17577__1538/HI
 _17581__1539/HI
 _17585__1540/HI
 _17591__1541/HI
 _17594__1542/HI
 _17597__1543/HI
 _17599__1544/HI
 _17601__1545/HI
 _17606__1546/HI
Found 0 partially unannotated drivers.

===========================================================================
max slew violation count 0
max fanout violation count 971
max cap violation count 0
============================================================================

===========================================================================
check_setup -verbose -unconstrained_endpoints -multiple_clock -no_clock -no_input_delay -loops -generated_clocks
===========================================================================
Warning: There are 192 unconstrained endpoints.
  gpio_oeb[0]
  gpio_oeb[10]
  gpio_oeb[11]
  gpio_oeb[12]
  gpio_oeb[13]
  gpio_oeb[14]
  gpio_oeb[15]
  gpio_oeb[16]
  gpio_oeb[17]
  gpio_oeb[18]
  gpio_oeb[19]
  gpio_oeb[1]
  gpio_oeb[20]
  gpio_oeb[21]
  gpio_oeb[22]
  gpio_oeb[23]
  gpio_oeb[24]
  gpio_oeb[25]
  gpio_oeb[26]
  gpio_oeb[27]
  gpio_oeb[28]
  gpio_oeb[29]
  gpio_oeb[2]
  gpio_oeb[30]
  gpio_oeb[31]
  gpio_oeb[32]
  gpio_oeb[33]
  gpio_oeb[34]
  gpio_oeb[35]
  gpio_oeb[36]
  gpio_oeb[37]
  gpio_oeb[3]
  gpio_oeb[4]
  gpio_oeb[5]
  gpio_oeb[6]
  gpio_oeb[7]
  gpio_oeb[8]
  gpio_oeb[9]
  gpio_out[1]
  gpio_out[29]
  gpio_out[2]
  gpio_out[30]
  gpio_out[31]
  gpio_out[32]
  gpio_out[33]
  gpio_out[34]
  gpio_out[35]
  gpio_out[36]
  gpio_out[37]
  gpio_out[3]
  gpio_out[4]
  irq[0]
  irq[1]
  irq[2]
  la_data_out[0]
  la_data_out[100]
  la_data_out[101]
  la_data_out[102]
  la_data_out[103]
  la_data_out[104]
  la_data_out[105]
  la_data_out[106]
  la_data_out[107]
  la_data_out[108]
  la_data_out[109]
  la_data_out[10]
  la_data_out[110]
  la_data_out[111]
  la_data_out[112]
  la_data_out[113]
  la_data_out[114]
  la_data_out[115]
  la_data_out[116]
  la_data_out[117]
  la_data_out[118]
  la_data_out[119]
  la_data_out[11]
  la_data_out[120]
  la_data_out[121]
  la_data_out[122]
  la_data_out[123]
  la_data_out[124]
  la_data_out[125]
  la_data_out[126]
  la_data_out[127]
  la_data_out[12]
  la_data_out[13]
  la_data_out[14]
  la_data_out[15]
  la_data_out[16]
  la_data_out[17]
  la_data_out[18]
  la_data_out[19]
  la_data_out[1]
  la_data_out[20]
  la_data_out[21]
  la_data_out[22]
  la_data_out[23]
  la_data_out[24]
  la_data_out[25]
  la_data_out[26]
  la_data_out[27]
  la_data_out[28]
  la_data_out[29]
  la_data_out[2]
  la_data_out[30]
  la_data_out[31]
  la_data_out[32]
  la_data_out[33]
  la_data_out[34]
  la_data_out[35]
  la_data_out[36]
  la_data_out[37]
  la_data_out[38]
  la_data_out[39]
  la_data_out[3]
  la_data_out[40]
  la_data_out[41]
  la_data_out[42]
  la_data_out[43]
  la_data_out[44]
  la_data_out[45]
  la_data_out[46]
  la_data_out[47]
  la_data_out[48]
  la_data_out[49]
  la_data_out[4]
  la_data_out[50]
  la_data_out[51]
  la_data_out[52]
  la_data_out[53]
  la_data_out[54]
  la_data_out[55]
  la_data_out[56]
  la_data_out[57]
  la_data_out[58]
  la_data_out[59]
  la_data_out[5]
  la_data_out[60]
  la_data_out[61]
  la_data_out[62]
  la_data_out[63]
  la_data_out[64]
  la_data_out[65]
  la_data_out[66]
  la_data_out[67]
  la_data_out[68]
  la_data_out[69]
  la_data_out[6]
  la_data_out[70]
  la_data_out[71]
  la_data_out[72]
  la_data_out[73]
  la_data_out[74]
  la_data_out[75]
  la_data_out[76]
  la_data_out[77]
  la_data_out[78]
  la_data_out[79]
  la_data_out[7]
  la_data_out[80]
  la_data_out[81]
  la_data_out[82]
  la_data_out[83]
  la_data_out[84]
  la_data_out[85]
  la_data_out[86]
  la_data_out[87]
  la_data_out[88]
  la_data_out[89]
  la_data_out[8]
  la_data_out[90]
  la_data_out[91]
  la_data_out[92]
  la_data_out[93]
  la_data_out[94]
  la_data_out[95]
  la_data_out[96]
  la_data_out[97]
  la_data_out[98]
  la_data_out[99]
  la_data_out[9]
  wbs_dat_o[14]
  wbs_dat_o[17]
  wbs_dat_o[20]
  wbs_dat_o[22]
  wbs_dat_o[24]
  wbs_dat_o[29]
  wbs_dat_o[4]
  wbs_dat_o[8]
  _17121_/D
  _17122_/D
