
===========================================================================
report_checks -unconstrained
===========================================================================
======================= max_ff_n40C_1v95 Corner ===================================

Startpoint: nrst (input port clocked by clk)
Endpoint: _11471_ (recovery check against rising-edge clock clk)
Path Group: asynchronous
Path Type: max

Fanout         Cap        Slew       Delay        Time   Description
---------------------------------------------------------------------------------------------
                                  0.000000    0.000000   clock clk (rise edge)
                                  0.000000    0.000000   clock network delay (propagated)
                                 20.000000   20.000000 ^ input external delay
     2    0.004026    0.018314    0.010502   20.010502 ^ nrst (in)
                                                         nrst (net)
                      0.018316    0.000000   20.010502 ^ input67/A (sky130_fd_sc_hd__buf_1)
     1    0.011909    0.108848    0.101712   20.112215 ^ input67/X (sky130_fd_sc_hd__buf_1)
                                                         net67 (net)
                      0.108870    0.001274   20.113489 ^ fanout1314/A (sky130_fd_sc_hd__buf_6)
    11    0.204141    0.303579    0.250113   20.363602 ^ fanout1314/X (sky130_fd_sc_hd__buf_6)
                                                         net1314 (net)
                      0.303989    0.009519   20.373121 ^ fanout1278/A (sky130_fd_sc_hd__buf_2)
    11    0.060630    0.221271    0.239549   20.612669 ^ fanout1278/X (sky130_fd_sc_hd__buf_2)
                                                         net1278 (net)
                      0.221478    0.005585   20.618254 ^ fanout1250/A (sky130_fd_sc_hd__buf_2)
    11    0.073817    0.269890    0.261288   20.879541 ^ fanout1250/X (sky130_fd_sc_hd__buf_2)
                                                         net1250 (net)
                      0.269908    0.001865   20.881407 ^ fanout1236/A (sky130_fd_sc_hd__buf_2)
    13    0.063844    0.234118    0.240922   21.122330 ^ fanout1236/X (sky130_fd_sc_hd__buf_2)
                                                         net1236 (net)
                      0.234177    0.003128   21.125458 ^ fanout1232/A (sky130_fd_sc_hd__buf_2)
    15    0.059745    0.219479    0.228880   21.354338 ^ fanout1232/X (sky130_fd_sc_hd__buf_2)
                                                         net1232 (net)
                      0.219555    0.003419   21.357758 ^ fanout1231/A (sky130_fd_sc_hd__clkbuf_4)
    10    0.054305    0.128699    0.196286   21.554043 ^ fanout1231/X (sky130_fd_sc_hd__clkbuf_4)
                                                         net1231 (net)
                      0.128753    0.002185   21.556227 ^ _11471_/SET_B (sky130_fd_sc_hd__dfstp_1)
                                             21.556227   data arrival time

                                100.000000  100.000000   clock clk (rise edge)
                                  0.000000  100.000000   clock source latency
     2    0.106482    0.357749    0.252818  100.252815 ^ clk (in)
                                                         clk (net)
                      0.358158    0.000000  100.252815 ^ clkbuf_0_clk/A (sky130_fd_sc_hd__clkbuf_16)
    17    0.208407    0.172137    0.227793  100.480606 ^ clkbuf_0_clk/X (sky130_fd_sc_hd__clkbuf_16)
                                                         clknet_0_clk (net)
                      0.177399    0.023761  100.504372 ^ clkbuf_3_4_0_clk/A (sky130_fd_sc_hd__clkbuf_8)
    31    0.197024    0.258446    0.265068  100.769440 ^ clkbuf_3_4_0_clk/X (sky130_fd_sc_hd__clkbuf_8)
                                                         clknet_3_4_0_clk (net)
                      0.258911    0.009244  100.778679 ^ clkbuf_leaf_83_clk/A (sky130_fd_sc_hd__clkbuf_8)
    15    0.055623    0.083450    0.164519  100.943199 ^ clkbuf_leaf_83_clk/X (sky130_fd_sc_hd__clkbuf_8)
                                                         clknet_leaf_83_clk (net)
                      0.083606    0.002466  100.945663 ^ _11471_/CLK (sky130_fd_sc_hd__dfstp_1)
                                 -0.250000  100.695671   clock uncertainty
                                  0.000000  100.695671   clock reconvergence pessimism
                                  0.094170  100.789833   library recovery time
                                            100.789833   data required time
---------------------------------------------------------------------------------------------
                                            100.789833   data required time
                                            -21.556227   data arrival time
---------------------------------------------------------------------------------------------
                                             79.233612   slack (MET)


Startpoint: en (input port clocked by clk)
Endpoint: _11296_ (rising edge-triggered flip-flop clocked by clk)
Path Group: clk
Path Type: max

Fanout         Cap        Slew       Delay        Time   Description
---------------------------------------------------------------------------------------------
                                  0.000000    0.000000   clock clk (rise edge)
                                  0.000000    0.000000   clock network delay (propagated)
                                 20.000000   20.000000 ^ input external delay
     2    0.003789    0.017473    0.009873   20.009874 ^ en (in)
                                                         en (net)
                      0.017475    0.000000   20.009874 ^ input34/A (sky130_fd_sc_hd__buf_2)
     9    0.052296    0.193299    0.171006   20.180880 ^ input34/X (sky130_fd_sc_hd__buf_2)
                                                         net34 (net)
                      0.194668    0.013157   20.194036 ^ _08591_/D1 (sky130_fd_sc_hd__o2111a_4)
     9    0.142745    0.306531    0.306567   20.500605 ^ _08591_/X (sky130_fd_sc_hd__o2111a_4)
                                                         _04666_ (net)
                      0.306878    0.008715   20.509319 ^ fanout475/A (sky130_fd_sc_hd__clkbuf_8)
    21    0.173138    0.227885    0.239364   20.748684 ^ fanout475/X (sky130_fd_sc_hd__clkbuf_8)
                                                         net475 (net)
                      0.227998    0.004702   20.753386 ^ fanout474/A (sky130_fd_sc_hd__clkbuf_8)
    21    0.135125    0.180972    0.216593   20.969978 ^ fanout474/X (sky130_fd_sc_hd__clkbuf_8)
                                                         net474 (net)
                      0.187041    0.026118   20.996096 ^ _09497_/B (sky130_fd_sc_hd__and2b_4)
     9    0.146254    0.366239    0.335827   21.331924 ^ _09497_/X (sky130_fd_sc_hd__and2b_4)
                                                         _05060_ (net)
                      0.366294    0.003794   21.335718 ^ fanout458/A (sky130_fd_sc_hd__clkbuf_4)
    15    0.090020    0.207208    0.260755   21.596474 ^ fanout458/X (sky130_fd_sc_hd__clkbuf_4)
                                                         net458 (net)
                      0.208583    0.013671   21.610144 ^ fanout457/A (sky130_fd_sc_hd__buf_4)
    21    0.112797    0.235102    0.232498   21.842642 ^ fanout457/X (sky130_fd_sc_hd__buf_4)
                                                         net457 (net)
                      0.237512    0.019226   21.861868 ^ _09499_/B (sky130_fd_sc_hd__nand2_2)
     7    0.024040    0.130730    0.092719   21.954586 v _09499_/Y (sky130_fd_sc_hd__nand2_2)
                                                         _05062_ (net)
                      0.130762    0.001659   21.956245 v _09645_/B (sky130_fd_sc_hd__nor2_2)
     7    0.060976    0.469868    0.388232   22.344477 ^ _09645_/Y (sky130_fd_sc_hd__nor2_2)
                                                         _05080_ (net)
                      0.469896    0.003071   22.347548 ^ fanout291/A (sky130_fd_sc_hd__clkbuf_4)
    11    0.077278    0.179432    0.252314   22.599863 ^ fanout291/X (sky130_fd_sc_hd__clkbuf_4)
                                                         net291 (net)
                      0.179547    0.003771   22.603634 ^ fanout290/A (sky130_fd_sc_hd__buf_4)
    21    0.113735    0.236128    0.235834   22.839468 ^ fanout290/X (sky130_fd_sc_hd__buf_4)
                                                         net290 (net)
                      0.237076    0.012220   22.851686 ^ _09745_/B (sky130_fd_sc_hd__nand2_1)
     1    0.009997    0.078149    0.079663   22.931351 v _09745_/Y (sky130_fd_sc_hd__nand2_1)
                                                         _05084_ (net)
                      0.078159    0.000751   22.932102 v fanout260/A (sky130_fd_sc_hd__buf_4)
    13    0.113155    0.104237    0.173870   23.105970 v fanout260/X (sky130_fd_sc_hd__buf_4)
                                                         net260 (net)
                      0.104923    0.007104   23.113075 v fanout259/A (sky130_fd_sc_hd__clkbuf_8)
    19    0.153968    0.116194    0.173602   23.286676 v fanout259/X (sky130_fd_sc_hd__clkbuf_8)
                                                         net259 (net)
                      0.136786    0.036398   23.323074 v fanout258/A (sky130_fd_sc_hd__clkbuf_8)
    21    0.143215    0.110097    0.188402   23.511477 v fanout258/X (sky130_fd_sc_hd__clkbuf_8)
                                                         net258 (net)
                      0.119682    0.024333   23.535809 v _09746_/S (sky130_fd_sc_hd__mux2_1)
     1    0.002656    0.037352    0.205098   23.740908 v _09746_/X (sky130_fd_sc_hd__mux2_1)
                                                         _00808_ (net)
                      0.037352    0.000192   23.741098 v _11296_/D (sky130_fd_sc_hd__dfrtp_1)
                                             23.741098   data arrival time

                                100.000000  100.000000   clock clk (rise edge)
                                  0.000000  100.000000   clock source latency
     2    0.106482    0.357749    0.252818  100.252815 ^ clk (in)
                                                         clk (net)
                      0.358158    0.000000  100.252815 ^ clkbuf_0_clk/A (sky130_fd_sc_hd__clkbuf_16)
    17    0.208407    0.172137    0.227793  100.480606 ^ clkbuf_0_clk/X (sky130_fd_sc_hd__clkbuf_16)
                                                         clknet_0_clk (net)
                      0.176574    0.021828  100.502434 ^ clkbuf_3_7_0_clk/A (sky130_fd_sc_hd__clkbuf_8)
    29    0.206647    0.270845    0.272891  100.775330 ^ clkbuf_3_7_0_clk/X (sky130_fd_sc_hd__clkbuf_8)
                                                         clknet_3_7_0_clk (net)
                      0.271525    0.011333  100.786659 ^ clkbuf_leaf_56_clk/A (sky130_fd_sc_hd__clkbuf_8)
    15    0.070107    0.100346    0.179440  100.966103 ^ clkbuf_leaf_56_clk/X (sky130_fd_sc_hd__clkbuf_8)
                                                         clknet_leaf_56_clk (net)
                      0.100479    0.002473  100.968575 ^ _11296_/CLK (sky130_fd_sc_hd__dfrtp_1)
                                 -0.250000  100.718575   clock uncertainty
                                  0.000000  100.718575   clock reconvergence pessimism
                                 -0.067761  100.650818   library setup time
                                            100.650818   data required time
---------------------------------------------------------------------------------------------
                                            100.650818   data required time
                                            -23.741098   data arrival time
---------------------------------------------------------------------------------------------
                                             76.909714   slack (MET)




===========================================================================
report_checks --slack_max -0.01
============================================================================
======================= max_ff_n40C_1v95 Corner ===================================

No paths found.


===========================================================================
 report_check_types -max_slew -max_cap -max_fanout -violators
============================================================================
======================= max_ff_n40C_1v95 Corner ===================================

max fanout

Pin                                   Limit Fanout  Slack
---------------------------------------------------------
clkbuf_leaf_29_clk/X                     10     51    -41 (VIOLATED)
clkbuf_leaf_36_clk/X                     10     43    -33 (VIOLATED)
clkbuf_leaf_71_clk/X                     10     43    -33 (VIOLATED)
clkbuf_leaf_22_clk/X                     10     41    -31 (VIOLATED)
clkbuf_leaf_101_clk/X                    10     39    -29 (VIOLATED)
clkbuf_leaf_46_clk/X                     10     37    -27 (VIOLATED)
clkbuf_leaf_65_clk/X                     10     37    -27 (VIOLATED)
clkbuf_leaf_68_clk/X                     10     37    -27 (VIOLATED)
clkbuf_leaf_78_clk/X                     10     37    -27 (VIOLATED)
clkbuf_3_0_0_clk/X                       10     35    -25 (VIOLATED)
clkbuf_leaf_55_clk/X                     10     35    -25 (VIOLATED)
clkbuf_3_1_0_clk/X                       10     33    -23 (VIOLATED)
clkbuf_3_2_0_clk/X                       10     33    -23 (VIOLATED)
clkbuf_leaf_105_clk/X                    10     33    -23 (VIOLATED)
clkbuf_leaf_16_clk/X                     10     33    -23 (VIOLATED)
clkbuf_leaf_19_clk/X                     10     33    -23 (VIOLATED)
clkbuf_leaf_82_clk/X                     10     33    -23 (VIOLATED)
clkbuf_3_4_0_clk/X                       10     31    -21 (VIOLATED)
clkbuf_3_6_0_clk/X                       10     31    -21 (VIOLATED)
clkbuf_leaf_103_clk/X                    10     31    -21 (VIOLATED)
clkbuf_leaf_106_clk/X                    10     31    -21 (VIOLATED)
clkbuf_leaf_108_clk/X                    10     31    -21 (VIOLATED)
clkbuf_leaf_14_clk/X                     10     31    -21 (VIOLATED)
clkbuf_leaf_62_clk/X                     10     31    -21 (VIOLATED)
clkbuf_leaf_9_clk/X                      10     31    -21 (VIOLATED)
clkbuf_3_5_0_clk/X                       10     29    -19 (VIOLATED)
clkbuf_3_7_0_clk/X                       10     29    -19 (VIOLATED)
clkbuf_leaf_17_clk/X                     10     29    -19 (VIOLATED)
clkbuf_leaf_38_clk/X                     10     29    -19 (VIOLATED)
clkbuf_leaf_40_clk/X                     10     29    -19 (VIOLATED)
clkbuf_leaf_67_clk/X                     10     29    -19 (VIOLATED)
clkbuf_leaf_93_clk/X                     10     29    -19 (VIOLATED)
clkbuf_leaf_90_clk/X                     10     27    -17 (VIOLATED)
clkbuf_3_3_0_clk/X                       10     25    -15 (VIOLATED)
clkbuf_leaf_10_clk/X                     10     25    -15 (VIOLATED)
clkbuf_leaf_23_clk/X                     10     25    -15 (VIOLATED)
clkbuf_leaf_73_clk/X                     10     25    -15 (VIOLATED)
clkbuf_leaf_107_clk/X                    10     23    -13 (VIOLATED)
clkbuf_leaf_28_clk/X                     10     23    -13 (VIOLATED)
clkbuf_leaf_33_clk/X                     10     23    -13 (VIOLATED)
clkbuf_leaf_3_clk/X                      10     23    -13 (VIOLATED)
clkbuf_leaf_49_clk/X                     10     22    -12 (VIOLATED)
fanout459/X                              10     22    -12 (VIOLATED)
fanout565/X                              10     22    -12 (VIOLATED)
_07513_/X                                10     21    -11 (VIOLATED)
_07553_/X                                10     21    -11 (VIOLATED)
_07693_/Y                                10     21    -11 (VIOLATED)
_08636_/Y                                10     21    -11 (VIOLATED)
clkbuf_leaf_42_clk/X                     10     21    -11 (VIOLATED)
fanout1000/X                             10     21    -11 (VIOLATED)
fanout1003/X                             10     21    -11 (VIOLATED)
fanout1004/X                             10     21    -11 (VIOLATED)
fanout1005/X                             10     21    -11 (VIOLATED)
fanout1006/X                             10     21    -11 (VIOLATED)
fanout1008/X                             10     21    -11 (VIOLATED)
fanout1010/X                             10     21    -11 (VIOLATED)
fanout1011/X                             10     21    -11 (VIOLATED)
fanout1013/X                             10     21    -11 (VIOLATED)
fanout1015/X                             10     21    -11 (VIOLATED)
fanout1017/X                             10     21    -11 (VIOLATED)
fanout1019/X                             10     21    -11 (VIOLATED)
fanout1020/X                             10     21    -11 (VIOLATED)
fanout1022/X                             10     21    -11 (VIOLATED)
fanout1025/X                             10     21    -11 (VIOLATED)
fanout1026/X                             10     21    -11 (VIOLATED)
fanout1027/X                             10     21    -11 (VIOLATED)
fanout1029/X                             10     21    -11 (VIOLATED)
fanout1031/X                             10     21    -11 (VIOLATED)
fanout1032/X                             10     21    -11 (VIOLATED)
fanout1034/X                             10     21    -11 (VIOLATED)
fanout1035/X                             10     21    -11 (VIOLATED)
fanout1036/X                             10     21    -11 (VIOLATED)
fanout1037/X                             10     21    -11 (VIOLATED)
fanout1043/X                             10     21    -11 (VIOLATED)
fanout1044/X                             10     21    -11 (VIOLATED)
fanout1046/X                             10     21    -11 (VIOLATED)
fanout1047/X                             10     21    -11 (VIOLATED)
fanout1049/X                             10     21    -11 (VIOLATED)
fanout1051/X                             10     21    -11 (VIOLATED)
fanout1052/X                             10     21    -11 (VIOLATED)
fanout1054/X                             10     21    -11 (VIOLATED)
fanout1056/X                             10     21    -11 (VIOLATED)
fanout1059/X                             10     21    -11 (VIOLATED)
fanout1060/X                             10     21    -11 (VIOLATED)
fanout1062/X                             10     21    -11 (VIOLATED)
fanout1063/X                             10     21    -11 (VIOLATED)
fanout1066/X                             10     21    -11 (VIOLATED)
fanout1067/X                             10     21    -11 (VIOLATED)
fanout1069/X                             10     21    -11 (VIOLATED)
fanout1070/X                             10     21    -11 (VIOLATED)
fanout1071/X                             10     21    -11 (VIOLATED)
fanout1073/X                             10     21    -11 (VIOLATED)
fanout1074/X                             10     21    -11 (VIOLATED)
fanout1075/X                             10     21    -11 (VIOLATED)
fanout1076/X                             10     21    -11 (VIOLATED)
fanout1077/X                             10     21    -11 (VIOLATED)
fanout1078/X                             10     21    -11 (VIOLATED)
fanout1080/X                             10     21    -11 (VIOLATED)
fanout1082/X                             10     21    -11 (VIOLATED)
fanout1083/X                             10     21    -11 (VIOLATED)
fanout1084/X                             10     21    -11 (VIOLATED)
fanout1086/X                             10     21    -11 (VIOLATED)
fanout1087/X                             10     21    -11 (VIOLATED)
fanout1088/X                             10     21    -11 (VIOLATED)
fanout1089/X                             10     21    -11 (VIOLATED)
fanout1091/X                             10     21    -11 (VIOLATED)
fanout1095/X                             10     21    -11 (VIOLATED)
fanout1096/X                             10     21    -11 (VIOLATED)
fanout1097/X                             10     21    -11 (VIOLATED)
fanout1098/X                             10     21    -11 (VIOLATED)
fanout1100/X                             10     21    -11 (VIOLATED)
fanout1101/X                             10     21    -11 (VIOLATED)
fanout1104/X                             10     21    -11 (VIOLATED)
fanout1105/X                             10     21    -11 (VIOLATED)
fanout1108/X                             10     21    -11 (VIOLATED)
fanout1111/X                             10     21    -11 (VIOLATED)
fanout1112/X                             10     21    -11 (VIOLATED)
fanout1113/X                             10     21    -11 (VIOLATED)
fanout1114/X                             10     21    -11 (VIOLATED)
fanout1115/X                             10     21    -11 (VIOLATED)
fanout1116/X                             10     21    -11 (VIOLATED)
fanout1118/X                             10     21    -11 (VIOLATED)
fanout1121/X                             10     21    -11 (VIOLATED)
fanout1125/X                             10     21    -11 (VIOLATED)
fanout1126/X                             10     21    -11 (VIOLATED)
fanout1127/X                             10     21    -11 (VIOLATED)
fanout1130/X                             10     21    -11 (VIOLATED)
fanout1136/X                             10     21    -11 (VIOLATED)
fanout1142/X                             10     21    -11 (VIOLATED)
fanout1169/X                             10     21    -11 (VIOLATED)
fanout1171/X                             10     21    -11 (VIOLATED)
fanout1174/X                             10     21    -11 (VIOLATED)
fanout1210/X                             10     21    -11 (VIOLATED)
fanout1226/X                             10     21    -11 (VIOLATED)
fanout1282/X                             10     21    -11 (VIOLATED)
fanout1286/X                             10     21    -11 (VIOLATED)
fanout1296/X                             10     21    -11 (VIOLATED)
fanout1304/X                             10     21    -11 (VIOLATED)
fanout203/X                              10     21    -11 (VIOLATED)
fanout204/X                              10     21    -11 (VIOLATED)
fanout205/X                              10     21    -11 (VIOLATED)
fanout206/X                              10     21    -11 (VIOLATED)
fanout207/X                              10     21    -11 (VIOLATED)
fanout208/X                              10     21    -11 (VIOLATED)
fanout210/X                              10     21    -11 (VIOLATED)
fanout211/X                              10     21    -11 (VIOLATED)
fanout212/X                              10     21    -11 (VIOLATED)
fanout213/X                              10     21    -11 (VIOLATED)
fanout214/X                              10     21    -11 (VIOLATED)
fanout215/X                              10     21    -11 (VIOLATED)
fanout216/X                              10     21    -11 (VIOLATED)
fanout217/X                              10     21    -11 (VIOLATED)
fanout218/X                              10     21    -11 (VIOLATED)
fanout219/X                              10     21    -11 (VIOLATED)
fanout220/X                              10     21    -11 (VIOLATED)
fanout222/X                              10     21    -11 (VIOLATED)
fanout223/X                              10     21    -11 (VIOLATED)
fanout224/X                              10     21    -11 (VIOLATED)
fanout225/X                              10     21    -11 (VIOLATED)
fanout226/X                              10     21    -11 (VIOLATED)
fanout228/X                              10     21    -11 (VIOLATED)
fanout229/X                              10     21    -11 (VIOLATED)
fanout230/X                              10     21    -11 (VIOLATED)
fanout232/X                              10     21    -11 (VIOLATED)
fanout234/X                              10     21    -11 (VIOLATED)
fanout236/X                              10     21    -11 (VIOLATED)
fanout238/X                              10     21    -11 (VIOLATED)
fanout241/X                              10     21    -11 (VIOLATED)
fanout243/X                              10     21    -11 (VIOLATED)
fanout253/X                              10     21    -11 (VIOLATED)
fanout255/X                              10     21    -11 (VIOLATED)
fanout257/X                              10     21    -11 (VIOLATED)
fanout258/X                              10     21    -11 (VIOLATED)
fanout261/X                              10     21    -11 (VIOLATED)
fanout263/X                              10     21    -11 (VIOLATED)
fanout265/X                              10     21    -11 (VIOLATED)
fanout266/X                              10     21    -11 (VIOLATED)
fanout267/X                              10     21    -11 (VIOLATED)
fanout270/X                              10     21    -11 (VIOLATED)
fanout271/X                              10     21    -11 (VIOLATED)
fanout274/X                              10     21    -11 (VIOLATED)
fanout276/X                              10     21    -11 (VIOLATED)
fanout278/X                              10     21    -11 (VIOLATED)
fanout280/X                              10     21    -11 (VIOLATED)
fanout282/X                              10     21    -11 (VIOLATED)
fanout284/X                              10     21    -11 (VIOLATED)
fanout286/X                              10     21    -11 (VIOLATED)
fanout287/X                              10     21    -11 (VIOLATED)
fanout289/X                              10     21    -11 (VIOLATED)
fanout290/X                              10     21    -11 (VIOLATED)
fanout292/X                              10     21    -11 (VIOLATED)
fanout294/X                              10     21    -11 (VIOLATED)
fanout296/X                              10     21    -11 (VIOLATED)
fanout299/X                              10     21    -11 (VIOLATED)
fanout300/X                              10     21    -11 (VIOLATED)
fanout303/X                              10     21    -11 (VIOLATED)
fanout304/X                              10     21    -11 (VIOLATED)
fanout307/X                              10     21    -11 (VIOLATED)
fanout309/X                              10     21    -11 (VIOLATED)
fanout311/X                              10     21    -11 (VIOLATED)
fanout313/X                              10     21    -11 (VIOLATED)
fanout315/X                              10     21    -11 (VIOLATED)
fanout316/X                              10     21    -11 (VIOLATED)
fanout318/X                              10     21    -11 (VIOLATED)
fanout319/X                              10     21    -11 (VIOLATED)
fanout321/X                              10     21    -11 (VIOLATED)
fanout322/X                              10     21    -11 (VIOLATED)
fanout323/X                              10     21    -11 (VIOLATED)
fanout324/X                              10     21    -11 (VIOLATED)
fanout327/X                              10     21    -11 (VIOLATED)
fanout329/X                              10     21    -11 (VIOLATED)
fanout331/X                              10     21    -11 (VIOLATED)
fanout333/X                              10     21    -11 (VIOLATED)
fanout335/X                              10     21    -11 (VIOLATED)
fanout337/X                              10     21    -11 (VIOLATED)
fanout339/X                              10     21    -11 (VIOLATED)
fanout341/X                              10     21    -11 (VIOLATED)
fanout343/X                              10     21    -11 (VIOLATED)
fanout345/X                              10     21    -11 (VIOLATED)
fanout347/X                              10     21    -11 (VIOLATED)
fanout349/X                              10     21    -11 (VIOLATED)
fanout351/X                              10     21    -11 (VIOLATED)
fanout352/X                              10     21    -11 (VIOLATED)
fanout353/X                              10     21    -11 (VIOLATED)
fanout354/X                              10     21    -11 (VIOLATED)
fanout355/X                              10     21    -11 (VIOLATED)
fanout357/X                              10     21    -11 (VIOLATED)
fanout358/X                              10     21    -11 (VIOLATED)
fanout359/X                              10     21    -11 (VIOLATED)
fanout360/X                              10     21    -11 (VIOLATED)
fanout363/X                              10     21    -11 (VIOLATED)
fanout365/X                              10     21    -11 (VIOLATED)
fanout367/X                              10     21    -11 (VIOLATED)
fanout369/X                              10     21    -11 (VIOLATED)
fanout371/X                              10     21    -11 (VIOLATED)
fanout373/X                              10     21    -11 (VIOLATED)
fanout375/X                              10     21    -11 (VIOLATED)
fanout376/X                              10     21    -11 (VIOLATED)
fanout379/X                              10     21    -11 (VIOLATED)
fanout380/X                              10     21    -11 (VIOLATED)
fanout383/X                              10     21    -11 (VIOLATED)
fanout385/X                              10     21    -11 (VIOLATED)
fanout387/X                              10     21    -11 (VIOLATED)
fanout388/X                              10     21    -11 (VIOLATED)
fanout391/X                              10     21    -11 (VIOLATED)
fanout393/X                              10     21    -11 (VIOLATED)
fanout395/X                              10     21    -11 (VIOLATED)
fanout397/X                              10     21    -11 (VIOLATED)
fanout399/X                              10     21    -11 (VIOLATED)
fanout400/X                              10     21    -11 (VIOLATED)
fanout401/X                              10     21    -11 (VIOLATED)
fanout405/X                              10     21    -11 (VIOLATED)
fanout407/X                              10     21    -11 (VIOLATED)
fanout412/X                              10     21    -11 (VIOLATED)
fanout414/X                              10     21    -11 (VIOLATED)
fanout416/X                              10     21    -11 (VIOLATED)
fanout417/X                              10     21    -11 (VIOLATED)
fanout418/X                              10     21    -11 (VIOLATED)
fanout419/X                              10     21    -11 (VIOLATED)
fanout421/X                              10     21    -11 (VIOLATED)
fanout423/X                              10     21    -11 (VIOLATED)
fanout425/X                              10     21    -11 (VIOLATED)
fanout427/X                              10     21    -11 (VIOLATED)
fanout429/X                              10     21    -11 (VIOLATED)
fanout431/X                              10     21    -11 (VIOLATED)
fanout432/X                              10     21    -11 (VIOLATED)
fanout433/X                              10     21    -11 (VIOLATED)
fanout436/X                              10     21    -11 (VIOLATED)
fanout438/X                              10     21    -11 (VIOLATED)
fanout441/X                              10     21    -11 (VIOLATED)
fanout449/X                              10     21    -11 (VIOLATED)
fanout456/X                              10     21    -11 (VIOLATED)
fanout457/X                              10     21    -11 (VIOLATED)
fanout461/X                              10     21    -11 (VIOLATED)
fanout462/X                              10     21    -11 (VIOLATED)
fanout464/X                              10     21    -11 (VIOLATED)
fanout466/X                              10     21    -11 (VIOLATED)
fanout468/X                              10     21    -11 (VIOLATED)
fanout470/X                              10     21    -11 (VIOLATED)
fanout472/X                              10     21    -11 (VIOLATED)
fanout474/X                              10     21    -11 (VIOLATED)
fanout475/X                              10     21    -11 (VIOLATED)
fanout476/X                              10     21    -11 (VIOLATED)
fanout477/X                              10     21    -11 (VIOLATED)
fanout482/X                              10     21    -11 (VIOLATED)
fanout484/X                              10     21    -11 (VIOLATED)
fanout485/X                              10     21    -11 (VIOLATED)
fanout489/X                              10     21    -11 (VIOLATED)
fanout490/X                              10     21    -11 (VIOLATED)
fanout491/X                              10     21    -11 (VIOLATED)
fanout497/X                              10     21    -11 (VIOLATED)
fanout498/X                              10     21    -11 (VIOLATED)
fanout504/X                              10     21    -11 (VIOLATED)
fanout507/X                              10     21    -11 (VIOLATED)
fanout515/X                              10     21    -11 (VIOLATED)
fanout517/X                              10     21    -11 (VIOLATED)
fanout521/X                              10     21    -11 (VIOLATED)
fanout525/X                              10     21    -11 (VIOLATED)
fanout526/X                              10     21    -11 (VIOLATED)
fanout527/X                              10     21    -11 (VIOLATED)
fanout528/X                              10     21    -11 (VIOLATED)
fanout529/X                              10     21    -11 (VIOLATED)
fanout531/X                              10     21    -11 (VIOLATED)
fanout533/X                              10     21    -11 (VIOLATED)
fanout537/X                              10     21    -11 (VIOLATED)
fanout538/X                              10     21    -11 (VIOLATED)
fanout542/X                              10     21    -11 (VIOLATED)
fanout544/X                              10     21    -11 (VIOLATED)
fanout545/X                              10     21    -11 (VIOLATED)
fanout546/X                              10     21    -11 (VIOLATED)
fanout547/X                              10     21    -11 (VIOLATED)
fanout548/X                              10     21    -11 (VIOLATED)
fanout554/X                              10     21    -11 (VIOLATED)
fanout555/X                              10     21    -11 (VIOLATED)
fanout556/X                              10     21    -11 (VIOLATED)
fanout557/X                              10     21    -11 (VIOLATED)
fanout558/X                              10     21    -11 (VIOLATED)
fanout559/X                              10     21    -11 (VIOLATED)
fanout560/X                              10     21    -11 (VIOLATED)
fanout563/X                              10     21    -11 (VIOLATED)
fanout567/X                              10     21    -11 (VIOLATED)
fanout568/X                              10     21    -11 (VIOLATED)
fanout569/X                              10     21    -11 (VIOLATED)
fanout570/X                              10     21    -11 (VIOLATED)
fanout571/X                              10     21    -11 (VIOLATED)
fanout572/X                              10     21    -11 (VIOLATED)
fanout574/X                              10     21    -11 (VIOLATED)
fanout576/X                              10     21    -11 (VIOLATED)
fanout580/X                              10     21    -11 (VIOLATED)
fanout582/X                              10     21    -11 (VIOLATED)
fanout586/X                              10     21    -11 (VIOLATED)
fanout588/X                              10     21    -11 (VIOLATED)
fanout590/X                              10     21    -11 (VIOLATED)
fanout591/X                              10     21    -11 (VIOLATED)
fanout593/X                              10     21    -11 (VIOLATED)
fanout594/X                              10     21    -11 (VIOLATED)
fanout596/X                              10     21    -11 (VIOLATED)
fanout598/X                              10     21    -11 (VIOLATED)
fanout599/X                              10     21    -11 (VIOLATED)
fanout601/X                              10     21    -11 (VIOLATED)
fanout603/X                              10     21    -11 (VIOLATED)
fanout605/X                              10     21    -11 (VIOLATED)
fanout606/X                              10     21    -11 (VIOLATED)
fanout608/X                              10     21    -11 (VIOLATED)
fanout611/X                              10     21    -11 (VIOLATED)
fanout612/X                              10     21    -11 (VIOLATED)
fanout613/X                              10     21    -11 (VIOLATED)
fanout616/X                              10     21    -11 (VIOLATED)
fanout617/X                              10     21    -11 (VIOLATED)
fanout618/X                              10     21    -11 (VIOLATED)
fanout620/X                              10     21    -11 (VIOLATED)
fanout622/X                              10     21    -11 (VIOLATED)
fanout623/X                              10     21    -11 (VIOLATED)
fanout625/X                              10     21    -11 (VIOLATED)
fanout627/X                              10     21    -11 (VIOLATED)
fanout628/X                              10     21    -11 (VIOLATED)
fanout629/X                              10     21    -11 (VIOLATED)
fanout631/X                              10     21    -11 (VIOLATED)
fanout632/X                              10     21    -11 (VIOLATED)
fanout633/X                              10     21    -11 (VIOLATED)
fanout634/X                              10     21    -11 (VIOLATED)
fanout636/X                              10     21    -11 (VIOLATED)
fanout638/X                              10     21    -11 (VIOLATED)
fanout639/X                              10     21    -11 (VIOLATED)
fanout641/X                              10     21    -11 (VIOLATED)
fanout643/X                              10     21    -11 (VIOLATED)
fanout645/X                              10     21    -11 (VIOLATED)
fanout646/X                              10     21    -11 (VIOLATED)
fanout648/X                              10     21    -11 (VIOLATED)
fanout651/X                              10     21    -11 (VIOLATED)
fanout652/X                              10     21    -11 (VIOLATED)
fanout653/X                              10     21    -11 (VIOLATED)
fanout654/X                              10     21    -11 (VIOLATED)
fanout657/X                              10     21    -11 (VIOLATED)
fanout659/X                              10     21    -11 (VIOLATED)
fanout660/X                              10     21    -11 (VIOLATED)
fanout662/X                              10     21    -11 (VIOLATED)
fanout665/X                              10     21    -11 (VIOLATED)
fanout668/X                              10     21    -11 (VIOLATED)
fanout670/X                              10     21    -11 (VIOLATED)
fanout673/X                              10     21    -11 (VIOLATED)
fanout674/X                              10     21    -11 (VIOLATED)
fanout675/X                              10     21    -11 (VIOLATED)
fanout677/X                              10     21    -11 (VIOLATED)
fanout678/X                              10     21    -11 (VIOLATED)
fanout681/X                              10     21    -11 (VIOLATED)
fanout682/X                              10     21    -11 (VIOLATED)
fanout683/X                              10     21    -11 (VIOLATED)
fanout686/X                              10     21    -11 (VIOLATED)
fanout688/X                              10     21    -11 (VIOLATED)
fanout691/X                              10     21    -11 (VIOLATED)
fanout696/X                              10     21    -11 (VIOLATED)
fanout697/X                              10     21    -11 (VIOLATED)
fanout699/X                              10     21    -11 (VIOLATED)
fanout700/X                              10     21    -11 (VIOLATED)
fanout702/X                              10     21    -11 (VIOLATED)
fanout704/X                              10     21    -11 (VIOLATED)
fanout706/X                              10     21    -11 (VIOLATED)
fanout707/X                              10     21    -11 (VIOLATED)
fanout709/X                              10     21    -11 (VIOLATED)
fanout710/X                              10     21    -11 (VIOLATED)
fanout712/X                              10     21    -11 (VIOLATED)
fanout714/X                              10     21    -11 (VIOLATED)
fanout717/X                              10     21    -11 (VIOLATED)
fanout718/X                              10     21    -11 (VIOLATED)
fanout719/X                              10     21    -11 (VIOLATED)
fanout721/X                              10     21    -11 (VIOLATED)
fanout722/X                              10     21    -11 (VIOLATED)
fanout723/X                              10     21    -11 (VIOLATED)
fanout724/X                              10     21    -11 (VIOLATED)
fanout725/X                              10     21    -11 (VIOLATED)
fanout732/X                              10     21    -11 (VIOLATED)
fanout734/X                              10     21    -11 (VIOLATED)
fanout735/X                              10     21    -11 (VIOLATED)
fanout737/X                              10     21    -11 (VIOLATED)
fanout739/X                              10     21    -11 (VIOLATED)
fanout741/X                              10     21    -11 (VIOLATED)
fanout742/X                              10     21    -11 (VIOLATED)
fanout743/X                              10     21    -11 (VIOLATED)
fanout747/X                              10     21    -11 (VIOLATED)
fanout748/X                              10     21    -11 (VIOLATED)
fanout749/X                              10     21    -11 (VIOLATED)
fanout750/X                              10     21    -11 (VIOLATED)
fanout753/X                              10     21    -11 (VIOLATED)
fanout754/X                              10     21    -11 (VIOLATED)
fanout755/X                              10     21    -11 (VIOLATED)
fanout757/X                              10     21    -11 (VIOLATED)
fanout761/X                              10     21    -11 (VIOLATED)
fanout763/X                              10     21    -11 (VIOLATED)
fanout765/X                              10     21    -11 (VIOLATED)
fanout767/X                              10     21    -11 (VIOLATED)
fanout769/X                              10     21    -11 (VIOLATED)
fanout771/X                              10     21    -11 (VIOLATED)
fanout773/X                              10     21    -11 (VIOLATED)
fanout775/X                              10     21    -11 (VIOLATED)
fanout777/X                              10     21    -11 (VIOLATED)
fanout779/X                              10     21    -11 (VIOLATED)
fanout780/X                              10     21    -11 (VIOLATED)
fanout781/X                              10     21    -11 (VIOLATED)
fanout784/X                              10     21    -11 (VIOLATED)
fanout786/X                              10     21    -11 (VIOLATED)
fanout787/X                              10     21    -11 (VIOLATED)
fanout789/X                              10     21    -11 (VIOLATED)
fanout790/X                              10     21    -11 (VIOLATED)
fanout792/X                              10     21    -11 (VIOLATED)
fanout794/X                              10     21    -11 (VIOLATED)
fanout795/X                              10     21    -11 (VIOLATED)
fanout798/X                              10     21    -11 (VIOLATED)
fanout800/X                              10     21    -11 (VIOLATED)
fanout802/X                              10     21    -11 (VIOLATED)
fanout803/X                              10     21    -11 (VIOLATED)
fanout805/X                              10     21    -11 (VIOLATED)
fanout806/X                              10     21    -11 (VIOLATED)
fanout808/X                              10     21    -11 (VIOLATED)
fanout810/X                              10     21    -11 (VIOLATED)
fanout812/X                              10     21    -11 (VIOLATED)
fanout813/X                              10     21    -11 (VIOLATED)
fanout816/X                              10     21    -11 (VIOLATED)
fanout818/X                              10     21    -11 (VIOLATED)
fanout819/X                              10     21    -11 (VIOLATED)
fanout821/X                              10     21    -11 (VIOLATED)
fanout824/X                              10     21    -11 (VIOLATED)
fanout825/X                              10     21    -11 (VIOLATED)
fanout827/X                              10     21    -11 (VIOLATED)
fanout828/X                              10     21    -11 (VIOLATED)
fanout831/X                              10     21    -11 (VIOLATED)
fanout832/X                              10     21    -11 (VIOLATED)
fanout833/X                              10     21    -11 (VIOLATED)
fanout835/X                              10     21    -11 (VIOLATED)
fanout836/X                              10     21    -11 (VIOLATED)
fanout837/X                              10     21    -11 (VIOLATED)
fanout839/X                              10     21    -11 (VIOLATED)
fanout841/X                              10     21    -11 (VIOLATED)
fanout843/X                              10     21    -11 (VIOLATED)
fanout845/X                              10     21    -11 (VIOLATED)
fanout847/X                              10     21    -11 (VIOLATED)
fanout850/X                              10     21    -11 (VIOLATED)
fanout851/X                              10     21    -11 (VIOLATED)
fanout856/X                              10     21    -11 (VIOLATED)
fanout858/X                              10     21    -11 (VIOLATED)
fanout860/X                              10     21    -11 (VIOLATED)
fanout863/X                              10     21    -11 (VIOLATED)
fanout866/X                              10     21    -11 (VIOLATED)
fanout868/X                              10     21    -11 (VIOLATED)
fanout869/X                              10     21    -11 (VIOLATED)
fanout870/X                              10     21    -11 (VIOLATED)
fanout872/X                              10     21    -11 (VIOLATED)
fanout875/X                              10     21    -11 (VIOLATED)
fanout876/X                              10     21    -11 (VIOLATED)
fanout877/X                              10     21    -11 (VIOLATED)
fanout879/X                              10     21    -11 (VIOLATED)
fanout881/X                              10     21    -11 (VIOLATED)
fanout883/X                              10     21    -11 (VIOLATED)
fanout884/X                              10     21    -11 (VIOLATED)
fanout887/X                              10     21    -11 (VIOLATED)
fanout888/X                              10     21    -11 (VIOLATED)
fanout889/X                              10     21    -11 (VIOLATED)
fanout891/X                              10     21    -11 (VIOLATED)
fanout893/X                              10     21    -11 (VIOLATED)
fanout895/X                              10     21    -11 (VIOLATED)
fanout896/X                              10     21    -11 (VIOLATED)
fanout898/X                              10     21    -11 (VIOLATED)
fanout900/X                              10     21    -11 (VIOLATED)
fanout903/X                              10     21    -11 (VIOLATED)
fanout906/X                              10     21    -11 (VIOLATED)
fanout908/X                              10     21    -11 (VIOLATED)
fanout910/X                              10     21    -11 (VIOLATED)
fanout912/X                              10     21    -11 (VIOLATED)
fanout914/X                              10     21    -11 (VIOLATED)
fanout915/X                              10     21    -11 (VIOLATED)
fanout916/X                              10     21    -11 (VIOLATED)
fanout918/X                              10     21    -11 (VIOLATED)
fanout920/X                              10     21    -11 (VIOLATED)
fanout922/X                              10     21    -11 (VIOLATED)
fanout923/X                              10     21    -11 (VIOLATED)
fanout924/X                              10     21    -11 (VIOLATED)
fanout927/X                              10     21    -11 (VIOLATED)
fanout929/X                              10     21    -11 (VIOLATED)
fanout932/X                              10     21    -11 (VIOLATED)
fanout934/X                              10     21    -11 (VIOLATED)
fanout938/X                              10     21    -11 (VIOLATED)
fanout940/X                              10     21    -11 (VIOLATED)
fanout944/X                              10     21    -11 (VIOLATED)
fanout945/X                              10     21    -11 (VIOLATED)
fanout946/X                              10     21    -11 (VIOLATED)
fanout948/X                              10     21    -11 (VIOLATED)
fanout949/X                              10     21    -11 (VIOLATED)
fanout951/X                              10     21    -11 (VIOLATED)
fanout952/X                              10     21    -11 (VIOLATED)
fanout955/X                              10     21    -11 (VIOLATED)
fanout958/X                              10     21    -11 (VIOLATED)
fanout960/X                              10     21    -11 (VIOLATED)
fanout962/X                              10     21    -11 (VIOLATED)
fanout963/X                              10     21    -11 (VIOLATED)
fanout964/X                              10     21    -11 (VIOLATED)
fanout965/X                              10     21    -11 (VIOLATED)
fanout967/X                              10     21    -11 (VIOLATED)
fanout968/X                              10     21    -11 (VIOLATED)
fanout969/X                              10     21    -11 (VIOLATED)
fanout970/X                              10     21    -11 (VIOLATED)
fanout971/X                              10     21    -11 (VIOLATED)
fanout974/X                              10     21    -11 (VIOLATED)
fanout976/X                              10     21    -11 (VIOLATED)
fanout978/X                              10     21    -11 (VIOLATED)
fanout980/X                              10     21    -11 (VIOLATED)
fanout982/X                              10     21    -11 (VIOLATED)
fanout983/X                              10     21    -11 (VIOLATED)
fanout988/X                              10     21    -11 (VIOLATED)
fanout989/X                              10     21    -11 (VIOLATED)
fanout991/X                              10     21    -11 (VIOLATED)
fanout994/X                              10     21    -11 (VIOLATED)
fanout995/X                              10     21    -11 (VIOLATED)
fanout996/X                              10     21    -11 (VIOLATED)
fanout998/X                              10     21    -11 (VIOLATED)
clkbuf_leaf_24_clk/X                     10     20    -10 (VIOLATED)
_05527_/X                                10     19     -9 (VIOLATED)
_05762_/X                                10     19     -9 (VIOLATED)
_06826_/X                                10     19     -9 (VIOLATED)
_07706_/Y                                10     19     -9 (VIOLATED)
_07912_/X                                10     19     -9 (VIOLATED)
_08854_/Y                                10     19     -9 (VIOLATED)
_11583_/Q                                10     19     -9 (VIOLATED)
clkbuf_leaf_52_clk/X                     10     19     -9 (VIOLATED)
clkbuf_leaf_70_clk/X                     10     19     -9 (VIOLATED)
clkbuf_leaf_72_clk/X                     10     19     -9 (VIOLATED)
fanout1055/X                             10     19     -9 (VIOLATED)
fanout1058/X                             10     19     -9 (VIOLATED)
fanout1085/X                             10     19     -9 (VIOLATED)
fanout1119/X                             10     19     -9 (VIOLATED)
fanout1139/X                             10     19     -9 (VIOLATED)
fanout1242/X                             10     19     -9 (VIOLATED)
fanout1249/X                             10     19     -9 (VIOLATED)
fanout1272/X                             10     19     -9 (VIOLATED)
fanout247/X                              10     19     -9 (VIOLATED)
fanout259/X                              10     19     -9 (VIOLATED)
fanout268/X                              10     19     -9 (VIOLATED)
fanout272/X                              10     19     -9 (VIOLATED)
fanout295/X                              10     19     -9 (VIOLATED)
fanout301/X                              10     19     -9 (VIOLATED)
fanout305/X                              10     19     -9 (VIOLATED)
fanout377/X                              10     19     -9 (VIOLATED)
fanout381/X                              10     19     -9 (VIOLATED)
fanout390/X                              10     19     -9 (VIOLATED)
fanout396/X                              10     19     -9 (VIOLATED)
fanout434/X                              10     19     -9 (VIOLATED)
fanout481/X                              10     19     -9 (VIOLATED)
fanout493/X                              10     19     -9 (VIOLATED)
fanout496/X                              10     19     -9 (VIOLATED)
fanout520/X                              10     19     -9 (VIOLATED)
fanout541/X                              10     19     -9 (VIOLATED)
fanout584/X                              10     19     -9 (VIOLATED)
fanout637/X                              10     19     -9 (VIOLATED)
fanout667/X                              10     19     -9 (VIOLATED)
fanout672/X                              10     19     -9 (VIOLATED)
fanout733/X                              10     19     -9 (VIOLATED)
fanout738/X                              10     19     -9 (VIOLATED)
fanout778/X                              10     19     -9 (VIOLATED)
fanout783/X                              10     19     -9 (VIOLATED)
fanout793/X                              10     19     -9 (VIOLATED)
fanout809/X                              10     19     -9 (VIOLATED)
fanout826/X                              10     19     -9 (VIOLATED)
fanout865/X                              10     19     -9 (VIOLATED)
fanout899/X                              10     19     -9 (VIOLATED)
fanout907/X                              10     19     -9 (VIOLATED)
fanout917/X                              10     19     -9 (VIOLATED)
fanout925/X                              10     19     -9 (VIOLATED)
fanout933/X                              10     19     -9 (VIOLATED)
fanout975/X                              10     19     -9 (VIOLATED)
fanout977/X                              10     19     -9 (VIOLATED)
fanout987/X                              10     19     -9 (VIOLATED)
fanout990/X                              10     19     -9 (VIOLATED)
clkbuf_leaf_27_clk/X                     10     18     -8 (VIOLATED)
_05284_/X                                10     17     -7 (VIOLATED)
_05383_/Y                                10     17     -7 (VIOLATED)
_06279_/X                                10     17     -7 (VIOLATED)
_06525_/X                                10     17     -7 (VIOLATED)
_06768_/X                                10     17     -7 (VIOLATED)
_06857_/X                                10     17     -7 (VIOLATED)
_06889_/X                                10     17     -7 (VIOLATED)
_06947_/X                                10     17     -7 (VIOLATED)
_07214_/X                                10     17     -7 (VIOLATED)
_07341_/X                                10     17     -7 (VIOLATED)
_07580_/Y                                10     17     -7 (VIOLATED)
_07583_/Y                                10     17     -7 (VIOLATED)
_07692_/Y                                10     17     -7 (VIOLATED)
_08230_/Y                                10     17     -7 (VIOLATED)
_08256_/X                                10     17     -7 (VIOLATED)
_08629_/Y                                10     17     -7 (VIOLATED)
_11557_/Q                                10     17     -7 (VIOLATED)
_11558_/Q                                10     17     -7 (VIOLATED)
_11559_/Q                                10     17     -7 (VIOLATED)
_11560_/Q                                10     17     -7 (VIOLATED)
_11685_/Q                                10     17     -7 (VIOLATED)
clkbuf_0_clk/X                           10     17     -7 (VIOLATED)
clkbuf_leaf_25_clk/X                     10     17     -7 (VIOLATED)
clkbuf_leaf_31_clk/X                     10     17     -7 (VIOLATED)
clkbuf_leaf_35_clk/X                     10     17     -7 (VIOLATED)
clkbuf_leaf_50_clk/X                     10     17     -7 (VIOLATED)
clkbuf_leaf_54_clk/X                     10     17     -7 (VIOLATED)
clkbuf_leaf_86_clk/X                     10     17     -7 (VIOLATED)
fanout1002/X                             10     17     -7 (VIOLATED)
fanout1009/X                             10     17     -7 (VIOLATED)
fanout1028/X                             10     17     -7 (VIOLATED)
fanout1042/X                             10     17     -7 (VIOLATED)
fanout1053/X                             10     17     -7 (VIOLATED)
fanout1090/X                             10     17     -7 (VIOLATED)
fanout1093/X                             10     17     -7 (VIOLATED)
fanout1107/X                             10     17     -7 (VIOLATED)
fanout1120/X                             10     17     -7 (VIOLATED)
fanout1160/X                             10     17     -7 (VIOLATED)
fanout1224/X                             10     17     -7 (VIOLATED)
fanout1229/X                             10     17     -7 (VIOLATED)
fanout1235/X                             10     17     -7 (VIOLATED)
fanout1253/X                             10     17     -7 (VIOLATED)
fanout1262/X                             10     17     -7 (VIOLATED)
fanout235/X                              10     17     -7 (VIOLATED)
fanout281/X                              10     17     -7 (VIOLATED)
fanout283/X                              10     17     -7 (VIOLATED)
fanout325/X                              10     17     -7 (VIOLATED)
fanout364/X                              10     17     -7 (VIOLATED)
fanout402/X                              10     17     -7 (VIOLATED)
fanout413/X                              10     17     -7 (VIOLATED)
fanout424/X                              10     17     -7 (VIOLATED)
fanout428/X                              10     17     -7 (VIOLATED)
fanout530/X                              10     17     -7 (VIOLATED)
fanout577/X                              10     17     -7 (VIOLATED)
fanout592/X                              10     17     -7 (VIOLATED)
fanout604/X                              10     17     -7 (VIOLATED)
fanout607/X                              10     17     -7 (VIOLATED)
fanout610/X                              10     17     -7 (VIOLATED)
fanout630/X                              10     17     -7 (VIOLATED)
fanout649/X                              10     17     -7 (VIOLATED)
fanout656/X                              10     17     -7 (VIOLATED)
fanout661/X                              10     17     -7 (VIOLATED)
fanout671/X                              10     17     -7 (VIOLATED)
fanout676/X                              10     17     -7 (VIOLATED)
fanout692/X                              10     17     -7 (VIOLATED)
fanout698/X                              10     17     -7 (VIOLATED)
fanout731/X                              10     17     -7 (VIOLATED)
fanout736/X                              10     17     -7 (VIOLATED)
fanout764/X                              10     17     -7 (VIOLATED)
fanout776/X                              10     17     -7 (VIOLATED)
fanout817/X                              10     17     -7 (VIOLATED)
fanout840/X                              10     17     -7 (VIOLATED)
fanout848/X                              10     17     -7 (VIOLATED)
fanout855/X                              10     17     -7 (VIOLATED)
fanout859/X                              10     17     -7 (VIOLATED)
fanout897/X                              10     17     -7 (VIOLATED)
fanout911/X                              10     17     -7 (VIOLATED)
fanout913/X                              10     17     -7 (VIOLATED)
fanout919/X                              10     17     -7 (VIOLATED)
fanout939/X                              10     17     -7 (VIOLATED)
fanout941/X                              10     17     -7 (VIOLATED)
fanout942/X                              10     17     -7 (VIOLATED)
fanout953/X                              10     17     -7 (VIOLATED)
fanout992/X                              10     17     -7 (VIOLATED)
clkbuf_leaf_47_clk/X                     10     16     -6 (VIOLATED)
clkbuf_leaf_53_clk/X                     10     16     -6 (VIOLATED)
clkbuf_leaf_76_clk/X                     10     16     -6 (VIOLATED)
_05278_/Y                                10     15     -5 (VIOLATED)
_05280_/Y                                10     15     -5 (VIOLATED)
_06612_/X                                10     15     -5 (VIOLATED)
_06735_/Y                                10     15     -5 (VIOLATED)
_06795_/X                                10     15     -5 (VIOLATED)
_06918_/X                                10     15     -5 (VIOLATED)
_07126_/X                                10     15     -5 (VIOLATED)
_07246_/X                                10     15     -5 (VIOLATED)
_07401_/X                                10     15     -5 (VIOLATED)
_07757_/X                                10     15     -5 (VIOLATED)
_07859_/X                                10     15     -5 (VIOLATED)
_08632_/X                                10     15     -5 (VIOLATED)
_08646_/X                                10     15     -5 (VIOLATED)
_08677_/X                                10     15     -5 (VIOLATED)
_08730_/X                                10     15     -5 (VIOLATED)
_08850_/Y                                10     15     -5 (VIOLATED)
_08852_/Y                                10     15     -5 (VIOLATED)
_08869_/Y                                10     15     -5 (VIOLATED)
_11576_/Q                                10     15     -5 (VIOLATED)
_11577_/Q                                10     15     -5 (VIOLATED)
_11581_/Q                                10     15     -5 (VIOLATED)
_11582_/Q                                10     15     -5 (VIOLATED)
clkbuf_leaf_0_clk/X                      10     15     -5 (VIOLATED)
clkbuf_leaf_12_clk/X                     10     15     -5 (VIOLATED)
clkbuf_leaf_45_clk/X                     10     15     -5 (VIOLATED)
clkbuf_leaf_56_clk/X                     10     15     -5 (VIOLATED)
clkbuf_leaf_83_clk/X                     10     15     -5 (VIOLATED)
fanout1012/X                             10     15     -5 (VIOLATED)
fanout1024/X                             10     15     -5 (VIOLATED)
fanout1030/X                             10     15     -5 (VIOLATED)
fanout1033/X                             10     15     -5 (VIOLATED)
fanout1050/X                             10     15     -5 (VIOLATED)
fanout1099/X                             10     15     -5 (VIOLATED)
fanout1103/X                             10     15     -5 (VIOLATED)
fanout1106/X                             10     15     -5 (VIOLATED)
fanout1109/X                             10     15     -5 (VIOLATED)
fanout1110/X                             10     15     -5 (VIOLATED)
fanout1134/X                             10     15     -5 (VIOLATED)
fanout1172/X                             10     15     -5 (VIOLATED)
fanout1213/X                             10     15     -5 (VIOLATED)
fanout1232/X                             10     15     -5 (VIOLATED)
fanout1239/X                             10     15     -5 (VIOLATED)
fanout1267/X                             10     15     -5 (VIOLATED)
fanout1305/X                             10     15     -5 (VIOLATED)
fanout209/X                              10     15     -5 (VIOLATED)
fanout249/X                              10     15     -5 (VIOLATED)
fanout262/X                              10     15     -5 (VIOLATED)
fanout264/X                              10     15     -5 (VIOLATED)
fanout277/X                              10     15     -5 (VIOLATED)
fanout288/X                              10     15     -5 (VIOLATED)
fanout308/X                              10     15     -5 (VIOLATED)
fanout310/X                              10     15     -5 (VIOLATED)
fanout320/X                              10     15     -5 (VIOLATED)
fanout328/X                              10     15     -5 (VIOLATED)
fanout340/X                              10     15     -5 (VIOLATED)
fanout366/X                              10     15     -5 (VIOLATED)
fanout384/X                              10     15     -5 (VIOLATED)
fanout392/X                              10     15     -5 (VIOLATED)
fanout415/X                              10     15     -5 (VIOLATED)
fanout420/X                              10     15     -5 (VIOLATED)
fanout426/X                              10     15     -5 (VIOLATED)
fanout430/X                              10     15     -5 (VIOLATED)
fanout437/X                              10     15     -5 (VIOLATED)
fanout442/X                              10     15     -5 (VIOLATED)
fanout450/X                              10     15     -5 (VIOLATED)
fanout458/X                              10     15     -5 (VIOLATED)
fanout463/X                              10     15     -5 (VIOLATED)
fanout465/X                              10     15     -5 (VIOLATED)
fanout467/X                              10     15     -5 (VIOLATED)
fanout516/X                              10     15     -5 (VIOLATED)
fanout566/X                              10     15     -5 (VIOLATED)
fanout573/X                              10     15     -5 (VIOLATED)
fanout609/X                              10     15     -5 (VIOLATED)
fanout619/X                              10     15     -5 (VIOLATED)
fanout642/X                              10     15     -5 (VIOLATED)
fanout655/X                              10     15     -5 (VIOLATED)
fanout663/X                              10     15     -5 (VIOLATED)
fanout687/X                              10     15     -5 (VIOLATED)
fanout711/X                              10     15     -5 (VIOLATED)
fanout713/X                              10     15     -5 (VIOLATED)
fanout720/X                              10     15     -5 (VIOLATED)
fanout730/X                              10     15     -5 (VIOLATED)
fanout744/X                              10     15     -5 (VIOLATED)
fanout745/X                              10     15     -5 (VIOLATED)
fanout759/X                              10     15     -5 (VIOLATED)
fanout760/X                              10     15     -5 (VIOLATED)
fanout766/X                              10     15     -5 (VIOLATED)
fanout774/X                              10     15     -5 (VIOLATED)
fanout785/X                              10     15     -5 (VIOLATED)
fanout801/X                              10     15     -5 (VIOLATED)
fanout804/X                              10     15     -5 (VIOLATED)
fanout815/X                              10     15     -5 (VIOLATED)
fanout823/X                              10     15     -5 (VIOLATED)
fanout842/X                              10     15     -5 (VIOLATED)
fanout846/X                              10     15     -5 (VIOLATED)
fanout849/X                              10     15     -5 (VIOLATED)
fanout852/X                              10     15     -5 (VIOLATED)
fanout857/X                              10     15     -5 (VIOLATED)
fanout871/X                              10     15     -5 (VIOLATED)
fanout874/X                              10     15     -5 (VIOLATED)
fanout894/X                              10     15     -5 (VIOLATED)
fanout936/X                              10     15     -5 (VIOLATED)
fanout947/X                              10     15     -5 (VIOLATED)
fanout950/X                              10     15     -5 (VIOLATED)
wire550/X                                10     15     -5 (VIOLATED)
wire551/X                                10     15     -5 (VIOLATED)
clkbuf_leaf_111_clk/X                    10     14     -4 (VIOLATED)
clkbuf_leaf_79_clk/X                     10     14     -4 (VIOLATED)
clkbuf_leaf_80_clk/X                     10     14     -4 (VIOLATED)
clkbuf_leaf_81_clk/X                     10     14     -4 (VIOLATED)
_05882_/X                                10     13     -3 (VIOLATED)
_06280_/Y                                10     13     -3 (VIOLATED)
_06346_/X                                10     13     -3 (VIOLATED)
_06493_/Y                                10     13     -3 (VIOLATED)
_06642_/Y                                10     13     -3 (VIOLATED)
_06975_/X                                10     13     -3 (VIOLATED)
_07006_/X                                10     13     -3 (VIOLATED)
_07067_/X                                10     13     -3 (VIOLATED)
_07431_/X                                10     13     -3 (VIOLATED)
_07477_/Y                                10     13     -3 (VIOLATED)
_07592_/X                                10     13     -3 (VIOLATED)
_07779_/X                                10     13     -3 (VIOLATED)
_07880_/X                                10     13     -3 (VIOLATED)
_07899_/X                                10     13     -3 (VIOLATED)
_07913_/Y                                10     13     -3 (VIOLATED)
_07923_/Y                                10     13     -3 (VIOLATED)
_07959_/Y                                10     13     -3 (VIOLATED)
_08163_/Y                                10     13     -3 (VIOLATED)
_08201_/X                                10     13     -3 (VIOLATED)
_08212_/X                                10     13     -3 (VIOLATED)
_08587_/Y                                10     13     -3 (VIOLATED)
_11563_/Q                                10     13     -3 (VIOLATED)
_11566_/Q                                10     13     -3 (VIOLATED)
clkbuf_leaf_102_clk/X                    10     13     -3 (VIOLATED)
clkbuf_leaf_26_clk/X                     10     13     -3 (VIOLATED)
clkbuf_leaf_2_clk/X                      10     13     -3 (VIOLATED)
clkbuf_leaf_32_clk/X                     10     13     -3 (VIOLATED)
clkbuf_leaf_59_clk/X                     10     13     -3 (VIOLATED)
clkbuf_leaf_5_clk/X                      10     13     -3 (VIOLATED)
clkbuf_leaf_60_clk/X                     10     13     -3 (VIOLATED)
clkbuf_leaf_66_clk/X                     10     13     -3 (VIOLATED)
clkbuf_leaf_92_clk/X                     10     13     -3 (VIOLATED)
clkbuf_leaf_94_clk/X                     10     13     -3 (VIOLATED)
clkbuf_leaf_95_clk/X                     10     13     -3 (VIOLATED)
clkbuf_leaf_96_clk/X                     10     13     -3 (VIOLATED)
clkbuf_leaf_98_clk/X                     10     13     -3 (VIOLATED)
fanout1001/X                             10     13     -3 (VIOLATED)
fanout1007/X                             10     13     -3 (VIOLATED)
fanout1014/X                             10     13     -3 (VIOLATED)
fanout1016/X                             10     13     -3 (VIOLATED)
fanout1038/X                             10     13     -3 (VIOLATED)
fanout1061/X                             10     13     -3 (VIOLATED)
fanout1064/X                             10     13     -3 (VIOLATED)
fanout1065/X                             10     13     -3 (VIOLATED)
fanout1079/X                             10     13     -3 (VIOLATED)
fanout1081/X                             10     13     -3 (VIOLATED)
fanout1117/X                             10     13     -3 (VIOLATED)
fanout1122/X                             10     13     -3 (VIOLATED)
fanout1179/X                             10     13     -3 (VIOLATED)
fanout1190/X                             10     13     -3 (VIOLATED)
fanout1193/X                             10     13     -3 (VIOLATED)
fanout1202/X                             10     13     -3 (VIOLATED)
fanout1208/X                             10     13     -3 (VIOLATED)
fanout1209/X                             10     13     -3 (VIOLATED)
fanout1216/X                             10     13     -3 (VIOLATED)
fanout1236/X                             10     13     -3 (VIOLATED)
fanout1292/X                             10     13     -3 (VIOLATED)
fanout1301/X                             10     13     -3 (VIOLATED)
fanout1312/X                             10     13     -3 (VIOLATED)
fanout1313/X                             10     13     -3 (VIOLATED)
fanout231/X                              10     13     -3 (VIOLATED)
fanout240/X                              10     13     -3 (VIOLATED)
fanout260/X                              10     13     -3 (VIOLATED)
fanout269/X                              10     13     -3 (VIOLATED)
fanout273/X                              10     13     -3 (VIOLATED)
fanout275/X                              10     13     -3 (VIOLATED)
fanout302/X                              10     13     -3 (VIOLATED)
fanout306/X                              10     13     -3 (VIOLATED)
fanout312/X                              10     13     -3 (VIOLATED)
fanout314/X                              10     13     -3 (VIOLATED)
fanout317/X                              10     13     -3 (VIOLATED)
fanout326/X                              10     13     -3 (VIOLATED)
fanout332/X                              10     13     -3 (VIOLATED)
fanout334/X                              10     13     -3 (VIOLATED)
fanout336/X                              10     13     -3 (VIOLATED)
fanout338/X                              10     13     -3 (VIOLATED)
fanout344/X                              10     13     -3 (VIOLATED)
fanout346/X                              10     13     -3 (VIOLATED)
fanout348/X                              10     13     -3 (VIOLATED)
fanout350/X                              10     13     -3 (VIOLATED)
fanout362/X                              10     13     -3 (VIOLATED)
fanout368/X                              10     13     -3 (VIOLATED)
fanout370/X                              10     13     -3 (VIOLATED)
fanout372/X                              10     13     -3 (VIOLATED)
fanout374/X                              10     13     -3 (VIOLATED)
fanout378/X                              10     13     -3 (VIOLATED)
fanout382/X                              10     13     -3 (VIOLATED)
fanout386/X                              10     13     -3 (VIOLATED)
fanout394/X                              10     13     -3 (VIOLATED)
fanout406/X                              10     13     -3 (VIOLATED)
fanout408/X                              10     13     -3 (VIOLATED)
fanout422/X                              10     13     -3 (VIOLATED)
fanout439/X                              10     13     -3 (VIOLATED)
fanout460/X                              10     13     -3 (VIOLATED)
fanout473/X                              10     13     -3 (VIOLATED)
fanout509/X                              10     13     -3 (VIOLATED)
fanout518/X                              10     13     -3 (VIOLATED)
fanout534/X                              10     13     -3 (VIOLATED)
fanout539/X                              10     13     -3 (VIOLATED)
fanout561/X                              10     13     -3 (VIOLATED)
fanout564/X                              10     13     -3 (VIOLATED)
fanout587/X                              10     13     -3 (VIOLATED)
fanout614/X                              10     13     -3 (VIOLATED)
fanout615/X                              10     13     -3 (VIOLATED)
fanout621/X                              10     13     -3 (VIOLATED)
fanout640/X                              10     13     -3 (VIOLATED)
fanout647/X                              10     13     -3 (VIOLATED)
fanout666/X                              10     13     -3 (VIOLATED)
fanout679/X                              10     13     -3 (VIOLATED)
fanout684/X                              10     13     -3 (VIOLATED)
fanout689/X                              10     13     -3 (VIOLATED)
fanout694/X                              10     13     -3 (VIOLATED)
fanout695/X                              10     13     -3 (VIOLATED)
fanout701/X                              10     13     -3 (VIOLATED)
fanout703/X                              10     13     -3 (VIOLATED)
fanout746/X                              10     13     -3 (VIOLATED)
fanout768/X                              10     13     -3 (VIOLATED)
fanout770/X                              10     13     -3 (VIOLATED)
fanout772/X                              10     13     -3 (VIOLATED)
fanout782/X                              10     13     -3 (VIOLATED)
fanout807/X                              10     13     -3 (VIOLATED)
fanout830/X                              10     13     -3 (VIOLATED)
fanout834/X                              10     13     -3 (VIOLATED)
fanout861/X                              10     13     -3 (VIOLATED)
fanout864/X                              10     13     -3 (VIOLATED)
fanout873/X                              10     13     -3 (VIOLATED)
fanout878/X                              10     13     -3 (VIOLATED)
fanout886/X                              10     13     -3 (VIOLATED)
fanout901/X                              10     13     -3 (VIOLATED)
fanout909/X                              10     13     -3 (VIOLATED)
fanout921/X                              10     13     -3 (VIOLATED)
fanout928/X                              10     13     -3 (VIOLATED)
fanout959/X                              10     13     -3 (VIOLATED)
fanout972/X                              10     13     -3 (VIOLATED)
fanout981/X                              10     13     -3 (VIOLATED)
fanout993/X                              10     13     -3 (VIOLATED)
fanout997/X                              10     13     -3 (VIOLATED)
fanout999/X                              10     13     -3 (VIOLATED)
wire552/X                                10     13     -3 (VIOLATED)
clkbuf_leaf_104_clk/X                    10     12     -2 (VIOLATED)
clkbuf_leaf_37_clk/X                     10     12     -2 (VIOLATED)
clkbuf_leaf_41_clk/X                     10     12     -2 (VIOLATED)
clkbuf_leaf_51_clk/X                     10     12     -2 (VIOLATED)
clkbuf_leaf_63_clk/X                     10     12     -2 (VIOLATED)
clkbuf_leaf_6_clk/X                      10     12     -2 (VIOLATED)
clkbuf_leaf_74_clk/X                     10     12     -2 (VIOLATED)
clkbuf_leaf_75_clk/X                     10     12     -2 (VIOLATED)
clkbuf_leaf_77_clk/X                     10     12     -2 (VIOLATED)
clkbuf_leaf_97_clk/X                     10     12     -2 (VIOLATED)
_05250_/Y                                10     11        (VIOLATED)
_05312_/X                                10     11        (VIOLATED)
_05401_/X                                10     11        (VIOLATED)
_05445_/X                                10     11        (VIOLATED)
_05507_/X                                10     11        (VIOLATED)
_05559_/X                                10     11        (VIOLATED)
_06071_/Y                                10     11        (VIOLATED)
_06101_/Y                                10     11        (VIOLATED)
_06238_/X                                10     11        (VIOLATED)
_06241_/Y                                10     11        (VIOLATED)
_06380_/X                                10     11        (VIOLATED)
_06409_/X                                10     11        (VIOLATED)
_06456_/X                                10     11        (VIOLATED)
_07034_/X                                10     11        (VIOLATED)
_07095_/X                                10     11        (VIOLATED)
_07155_/X                                10     11        (VIOLATED)
_07184_/X                                10     11        (VIOLATED)
_07277_/X                                10     11        (VIOLATED)
_07307_/X                                10     11        (VIOLATED)
_07516_/Y                                10     11        (VIOLATED)
_07535_/X                                10     11        (VIOLATED)
_07991_/X                                10     11        (VIOLATED)
_08004_/X                                10     11        (VIOLATED)
_08124_/X                                10     11        (VIOLATED)
_08173_/X                                10     11        (VIOLATED)
_08193_/X                                10     11        (VIOLATED)
_08581_/Y                                10     11        (VIOLATED)
_08595_/X                                10     11        (VIOLATED)
_09036_/X                                10     11        (VIOLATED)
_11564_/Q                                10     11        (VIOLATED)
_11571_/Q                                10     11        (VIOLATED)
_11578_/Q                                10     11        (VIOLATED)
_11579_/Q                                10     11        (VIOLATED)
_11580_/Q                                10     11        (VIOLATED)
clkbuf_leaf_100_clk/X                    10     11        (VIOLATED)
clkbuf_leaf_11_clk/X                     10     11        (VIOLATED)
clkbuf_leaf_21_clk/X                     10     11        (VIOLATED)
clkbuf_leaf_4_clk/X                      10     11        (VIOLATED)
clkbuf_leaf_64_clk/X                     10     11        (VIOLATED)
clkbuf_leaf_87_clk/X                     10     11        (VIOLATED)
clkbuf_leaf_91_clk/X                     10     11        (VIOLATED)
clkbuf_leaf_99_clk/X                     10     11        (VIOLATED)
fanout1018/X                             10     11        (VIOLATED)
fanout1021/X                             10     11        (VIOLATED)
fanout1023/X                             10     11        (VIOLATED)
fanout1057/X                             10     11        (VIOLATED)
fanout1068/X                             10     11        (VIOLATED)
fanout1072/X                             10     11        (VIOLATED)
fanout1092/X                             10     11        (VIOLATED)
fanout1145/X                             10     11        (VIOLATED)
fanout1150/X                             10     11        (VIOLATED)
fanout1153/X                             10     11        (VIOLATED)
fanout1157/X                             10     11        (VIOLATED)
fanout1166/X                             10     11        (VIOLATED)
fanout1167/X                             10     11        (VIOLATED)
fanout1177/X                             10     11        (VIOLATED)
fanout1187/X                             10     11        (VIOLATED)
fanout1246/X                             10     11        (VIOLATED)
fanout1250/X                             10     11        (VIOLATED)
fanout1257/X                             10     11        (VIOLATED)
fanout1277/X                             10     11        (VIOLATED)
fanout1278/X                             10     11        (VIOLATED)
fanout1287/X                             10     11        (VIOLATED)
fanout1314/X                             10     11        (VIOLATED)
fanout239/X                              10     11        (VIOLATED)
fanout279/X                              10     11        (VIOLATED)
fanout285/X                              10     11        (VIOLATED)
fanout291/X                              10     11        (VIOLATED)
fanout293/X                              10     11        (VIOLATED)
fanout297/X                              10     11        (VIOLATED)
fanout298/X                              10     11        (VIOLATED)
fanout330/X                              10     11        (VIOLATED)
fanout342/X                              10     11        (VIOLATED)
fanout356/X                              10     11        (VIOLATED)
fanout361/X                              10     11        (VIOLATED)
fanout389/X                              10     11        (VIOLATED)
fanout398/X                              10     11        (VIOLATED)
fanout403/X                              10     11        (VIOLATED)
fanout404/X                              10     11        (VIOLATED)
fanout435/X                              10     11        (VIOLATED)
fanout440/X                              10     11        (VIOLATED)
fanout447/X                              10     11        (VIOLATED)
fanout455/X                              10     11        (VIOLATED)
fanout469/X                              10     11        (VIOLATED)
fanout499/X                              10     11        (VIOLATED)
fanout503/X                              10     11        (VIOLATED)
fanout512/X                              10     11        (VIOLATED)
fanout522/X                              10     11        (VIOLATED)
fanout543/X                              10     11        (VIOLATED)
fanout562/X                              10     11        (VIOLATED)
fanout579/X                              10     11        (VIOLATED)
fanout583/X                              10     11        (VIOLATED)
fanout600/X                              10     11        (VIOLATED)
fanout602/X                              10     11        (VIOLATED)
fanout624/X                              10     11        (VIOLATED)
fanout626/X                              10     11        (VIOLATED)
fanout635/X                              10     11        (VIOLATED)
fanout644/X                              10     11        (VIOLATED)
fanout650/X                              10     11        (VIOLATED)
fanout658/X                              10     11        (VIOLATED)
fanout664/X                              10     11        (VIOLATED)
fanout669/X                              10     11        (VIOLATED)
fanout680/X                              10     11        (VIOLATED)
fanout685/X                              10     11        (VIOLATED)
fanout708/X                              10     11        (VIOLATED)
fanout715/X                              10     11        (VIOLATED)
fanout716/X                              10     11        (VIOLATED)
fanout740/X                              10     11        (VIOLATED)
fanout751/X                              10     11        (VIOLATED)
fanout752/X                              10     11        (VIOLATED)
fanout756/X                              10     11        (VIOLATED)
fanout762/X                              10     11        (VIOLATED)
fanout788/X                              10     11        (VIOLATED)
fanout791/X                              10     11        (VIOLATED)
fanout811/X                              10     11        (VIOLATED)
fanout814/X                              10     11        (VIOLATED)
fanout820/X                              10     11        (VIOLATED)
fanout822/X                              10     11        (VIOLATED)
fanout829/X                              10     11        (VIOLATED)
fanout838/X                              10     11        (VIOLATED)
fanout882/X                              10     11        (VIOLATED)
fanout890/X                              10     11        (VIOLATED)
fanout926/X                              10     11        (VIOLATED)
fanout930/X                              10     11        (VIOLATED)
fanout931/X                              10     11        (VIOLATED)
fanout943/X                              10     11        (VIOLATED)
fanout954/X                              10     11        (VIOLATED)
fanout957/X                              10     11        (VIOLATED)
fanout961/X                              10     11        (VIOLATED)
fanout966/X                              10     11        (VIOLATED)
fanout973/X                              10     11        (VIOLATED)
fanout979/X                              10     11        (VIOLATED)
fanout984/X                              10     11        (VIOLATED)
fanout985/X                              10     11        (VIOLATED)
wire535/X                                10     11        (VIOLATED)
wire549/X                                10     11        (VIOLATED)
wire553/X                                10     11        (VIOLATED)

max capacitance

Pin                                        Limit         Cap       Slack
------------------------------------------------------------------------
fanout1067/X                            0.200000    0.258418   -0.058418 (VIOLATED)
clkbuf_3_0_0_clk/X                      0.200000    0.228687   -0.028687 (VIOLATED)
fanout997/X                             0.200000    0.226584   -0.026584 (VIOLATED)
fanout1007/X                            0.200000    0.217789   -0.017789 (VIOLATED)
_06826_/X                               0.200000    0.214232   -0.014232 (VIOLATED)
fanout349/X                             0.200000    0.212737   -0.012737 (VIOLATED)
fanout724/X                             0.200000    0.212702   -0.012702 (VIOLATED)
_06947_/X                               0.200000    0.209055   -0.009055 (VIOLATED)
clkbuf_0_clk/X                          0.200000    0.208407   -0.008407 (VIOLATED)
clkbuf_3_3_0_clk/X                      0.200000    0.208047   -0.008047 (VIOLATED)
clkbuf_3_7_0_clk/X                      0.200000    0.206647   -0.006647 (VIOLATED)
clkbuf_3_6_0_clk/X                      0.200000    0.205420   -0.005420 (VIOLATED)
clkbuf_3_1_0_clk/X                      0.200000    0.205255   -0.005255 (VIOLATED)
fanout1314/X                            0.200000    0.204141   -0.004141 (VIOLATED)
fanout628/X                             0.200000    0.201871   -0.001871 (VIOLATED)



===========================================================================
report_parasitic_annotation -report_unannotated
============================================================================
Found 116 unannotated drivers.
 gpio_in[32]
 gpio_in[33]
 _11899__1316/HI
 _11900__1317/HI
 _11901__1318/HI
 _11902__1319/HI
 clkload0/Y
 clkload1/Y
 clkload10/Y
 clkload100/Y
 clkload101/Y
 clkload102/Y
 clkload103/Y
 clkload104/Y
 clkload105/Y
 clkload106/Y
 clkload107/Y
 clkload108/Y
 clkload109/Y
 clkload11/Y
 clkload12/Y
 clkload13/Y
 clkload14/Y
 clkload15/Y
 clkload16/X
 clkload17/Y
 clkload18/X
 clkload19/Y
 clkload2/Y
 clkload20/Y
 clkload21/Y
 clkload22/X
 clkload23/Y
 clkload24/Y
 clkload25/Y
 clkload26/Y
 clkload27/Y
 clkload28/Y
 clkload29/Y
 clkload3/Y
 clkload30/Y
 clkload31/Y
 clkload32/Y
 clkload33/Y
 clkload34/Y
 clkload35/Y
 clkload36/Y
 clkload37/Y
 clkload38/Y
 clkload39/Y
 clkload4/Y
 clkload40/Y
 clkload41/Y
 clkload42/Y
 clkload43/Y
 clkload44/Y
 clkload45/Y
 clkload46/Y
 clkload47/Y
 clkload48/Y
 clkload49/Y
 clkload5/Y
 clkload50/Y
 clkload51/Y
 clkload52/Y
 clkload53/Y
 clkload54/Y
 clkload55/Y
 clkload56/Y
 clkload57/Y
 clkload58/Y
 clkload59/Y
 clkload6/Y
 clkload60/Y
 clkload61/Y
 clkload62/Y
 clkload63/Y
 clkload64/Y
 clkload65/Y
 clkload66/Y
 clkload67/Y
 clkload68/Y
 clkload69/Y
 clkload7/X
 clkload70/Y
 clkload71/Y
 clkload72/Y
 clkload73/Y
 clkload74/Y
 clkload75/Y
 clkload76/Y
 clkload77/Y
 clkload78/Y
 clkload79/Y
 clkload8/Y
 clkload80/Y
 clkload81/Y
 clkload82/Y
 clkload83/Y
 clkload84/Y
 clkload85/Y
 clkload86/Y
 clkload87/Y
 clkload88/Y
 clkload89/Y
 clkload9/Y
 clkload90/Y
 clkload91/Y
 clkload92/Y
 clkload93/Y
 clkload94/Y
 clkload95/Y
 clkload96/Y
 clkload97/Y
 clkload98/Y
 clkload99/Y
Found 0 partially unannotated drivers.

===========================================================================
max slew violation count 0
max fanout violation count 1095
max cap violation count 15
============================================================================

===========================================================================
check_setup -verbose -unconstrained_endpoints -multiple_clock -no_clock -no_input_delay -loops -generated_clocks
===========================================================================
Warning: There are 4 unconstrained endpoints.
  gpio_oeb[32]
  gpio_oeb[33]
  gpio_out[32]
  gpio_out[33]
