
===========================================================================
report_checks -unconstrained
===========================================================================
======================= min_ff_n40C_1v95 Corner ===================================

Startpoint: wb_rst_i (input port clocked by wb_clk_i)
Endpoint: _15029_ (recovery check against rising-edge clock wb_clk_i)
Path Group: asynchronous
Path Type: max

Fanout         Cap        Slew       Delay        Time   Description
---------------------------------------------------------------------------------------------
                                  0.000000    0.000000   clock wb_clk_i (rise edge)
                                  0.000000    0.000000   clock network delay (propagated)
                                 20.000000   20.000000 v input external delay
     2    0.005178    0.008506    0.004457   20.004457 v wb_rst_i (in)
                                                         wb_rst_i (net)
                      0.008507    0.000000   20.004457 v input66/A (sky130_fd_sc_hd__clkbuf_1)
     1    0.006289    0.030691    0.059220   20.063677 v input66/X (sky130_fd_sc_hd__clkbuf_1)
                                                         net66 (net)
                      0.030691    0.000076   20.063753 v fanout1427/A (sky130_fd_sc_hd__buf_6)
    12    0.149852    0.095079    0.132157   20.195911 v fanout1427/X (sky130_fd_sc_hd__buf_6)
                                                         net1427 (net)
                      0.103938    0.022125   20.218037 v fanout1426/A (sky130_fd_sc_hd__buf_4)
    12    0.092883    0.088102    0.173280   20.391315 v fanout1426/X (sky130_fd_sc_hd__buf_4)
                                                         net1426 (net)
                      0.088102    0.000160   20.391476 v fanout1400/A (sky130_fd_sc_hd__buf_2)
    10    0.047050    0.080210    0.155110   20.546585 v fanout1400/X (sky130_fd_sc_hd__buf_2)
                                                         net1400 (net)
                      0.080210    0.000473   20.547058 v fanout1392/A (sky130_fd_sc_hd__clkbuf_4)
    12    0.051191    0.078431    0.159313   20.706371 v fanout1392/X (sky130_fd_sc_hd__clkbuf_4)
                                                         net1392 (net)
                      0.078431    0.000476   20.706846 v fanout1391/A (sky130_fd_sc_hd__buf_2)
    12    0.046921    0.079515    0.151731   20.858578 v fanout1391/X (sky130_fd_sc_hd__buf_2)
                                                         net1391 (net)
                      0.079590    0.002219   20.860796 v fanout1390/A (sky130_fd_sc_hd__buf_4)
    10    0.056813    0.061345    0.147637   21.008432 v fanout1390/X (sky130_fd_sc_hd__buf_4)
                                                         net1390 (net)
                      0.061345    0.000160   21.008593 v fanout1389/A (sky130_fd_sc_hd__buf_4)
    10    0.058719    0.062764    0.141572   21.150166 v fanout1389/X (sky130_fd_sc_hd__buf_4)
                                                         net1389 (net)
                      0.062767    0.000499   21.150663 v _13630_/A (sky130_fd_sc_hd__inv_2)
     1    0.004872    0.028256    0.044727   21.195391 ^ _13630_/Y (sky130_fd_sc_hd__inv_2)
                                                         _01394_ (net)
                      0.028257    0.000053   21.195444 ^ _15029_/RESET_B (sky130_fd_sc_hd__dfrtp_1)
                                             21.195444   data arrival time

                                100.000000  100.000000   clock wb_clk_i (rise edge)
                                  0.000000  100.000000   clock source latency
     2    0.081472    0.274940    0.193154  100.193153 ^ wb_clk_i (in)
                                                         wb_clk_i (net)
                      0.275082    0.000000  100.193153 ^ clkbuf_0_wb_clk_i/A (sky130_fd_sc_hd__clkbuf_16)
    16    0.178912    0.148054    0.216829  100.409981 ^ clkbuf_0_wb_clk_i/X (sky130_fd_sc_hd__clkbuf_16)
                                                         clknet_0_wb_clk_i (net)
                      0.148122    0.002593  100.412575 ^ clkbuf_3_6_0_wb_clk_i/A (sky130_fd_sc_hd__clkbuf_8)
     4    0.034882    0.056351    0.130655  100.543228 ^ clkbuf_3_6_0_wb_clk_i/X (sky130_fd_sc_hd__clkbuf_8)
                                                         clknet_3_6_0_wb_clk_i (net)
                      0.056378    0.001144  100.544373 ^ clkbuf_4_13__f_wb_clk_i/A (sky130_fd_sc_hd__clkbuf_16)
    18    0.092138    0.083193    0.131003  100.675377 ^ clkbuf_4_13__f_wb_clk_i/X (sky130_fd_sc_hd__clkbuf_16)
                                                         clknet_4_13__leaf_wb_clk_i (net)
                      0.083839    0.005819  100.681190 ^ clkbuf_leaf_50_wb_clk_i/A (sky130_fd_sc_hd__clkbuf_8)
    15    0.051662    0.075812    0.131628  100.812820 ^ clkbuf_leaf_50_wb_clk_i/X (sky130_fd_sc_hd__clkbuf_8)
                                                         clknet_leaf_50_wb_clk_i (net)
                      0.075818    0.000711  100.813530 ^ _15029_/CLK (sky130_fd_sc_hd__dfrtp_1)
                                 -0.250000  100.563538   clock uncertainty
                                  0.000000  100.563538   clock reconvergence pessimism
                                  0.150861  100.714401   library recovery time
                                            100.714401   data required time
---------------------------------------------------------------------------------------------
                                            100.714401   data required time
                                            -21.195444   data arrival time
---------------------------------------------------------------------------------------------
                                             79.518959   slack (MET)


Startpoint: wbs_adr_i[5] (input port clocked by wb_clk_i)
Endpoint: wbs_dat_o[0] (output port clocked by wb_clk_i)
Path Group: wb_clk_i
Path Type: max

Fanout         Cap        Slew       Delay        Time   Description
---------------------------------------------------------------------------------------------
                                  0.000000    0.000000   clock wb_clk_i (rise edge)
                                  0.000000    0.000000   clock network delay (propagated)
                                 20.000000   20.000000 v input external delay
     2    0.003501    0.005760    0.002871   20.002871 v wbs_adr_i[5] (in)
                                                         wbs_adr_i[5] (net)
                      0.005760    0.000000   20.002871 v input94/A (sky130_fd_sc_hd__clkbuf_1)
     1    0.009918    0.043535    0.069228   20.072100 v input94/X (sky130_fd_sc_hd__clkbuf_1)
                                                         net94 (net)
                      0.043538    0.000389   20.072489 v _10014_/A (sky130_fd_sc_hd__or4_1)
     1    0.008241    0.077103    0.325960   20.398447 v _10014_/X (sky130_fd_sc_hd__or4_1)
                                                         _05892_ (net)
                      0.077103    0.000314   20.398762 v _10018_/A (sky130_fd_sc_hd__or4_1)
     1    0.009138    0.081465    0.339711   20.738472 v _10018_/X (sky130_fd_sc_hd__or4_1)
                                                         _05896_ (net)
                      0.081466    0.000419   20.738892 v _10024_/A (sky130_fd_sc_hd__or4_1)
     1    0.004456    0.060773    0.314980   21.053873 v _10024_/X (sky130_fd_sc_hd__or4_1)
                                                         net257 (net)
                      0.060773    0.000068   21.053940 v fanout905/A (sky130_fd_sc_hd__clkbuf_2)
    14    0.036811    0.098115    0.144061   21.198000 v fanout905/X (sky130_fd_sc_hd__clkbuf_2)
                                                         net905 (net)
                      0.098116    0.000458   21.198460 v fanout904/A (sky130_fd_sc_hd__buf_2)
    10    0.032574    0.060483    0.142457   21.340916 v fanout904/X (sky130_fd_sc_hd__buf_2)
                                                         net904 (net)
                      0.060487    0.000547   21.341463 v _12118_/B (sky130_fd_sc_hd__or2_1)
     1    0.002092    0.029780    0.124610   21.466072 v _12118_/X (sky130_fd_sc_hd__or2_1)
                                                         net239 (net)
                      0.029780    0.000018   21.466089 v output239/A (sky130_fd_sc_hd__buf_2)
     1    0.034168    0.062469    0.117300   21.583389 v output239/X (sky130_fd_sc_hd__buf_2)
                                                         wbs_dat_o[0] (net)
                      0.062470    0.000259   21.583649 v wbs_dat_o[0] (out)
                                             21.583649   data arrival time

                                100.000000  100.000000   clock wb_clk_i (rise edge)
                                  0.000000  100.000000   clock network delay (propagated)
                                 -0.250000   99.750000   clock uncertainty
                                  0.000000   99.750000   clock reconvergence pessimism
                                -20.000000   79.750000   output external delay
                                             79.750000   data required time
---------------------------------------------------------------------------------------------
                                             79.750000   data required time
                                            -21.583649   data arrival time
---------------------------------------------------------------------------------------------
                                             58.166348   slack (MET)




===========================================================================
report_checks --slack_max -0.01
============================================================================
======================= min_ff_n40C_1v95 Corner ===================================

No paths found.


===========================================================================
 report_check_types -max_slew -max_cap -max_fanout -violators
============================================================================
======================= min_ff_n40C_1v95 Corner ===================================

max fanout

Pin                                   Limit Fanout  Slack
---------------------------------------------------------
clkbuf_leaf_122_wb_clk_i/X               10     50    -40 (VIOLATED)
clkbuf_leaf_29_wb_clk_i/X                10     40    -30 (VIOLATED)
clkbuf_leaf_129_wb_clk_i/X               10     36    -26 (VIOLATED)
clkbuf_leaf_56_wb_clk_i/X                10     36    -26 (VIOLATED)
clkbuf_leaf_117_wb_clk_i/X               10     34    -24 (VIOLATED)
clkbuf_leaf_68_wb_clk_i/X                10     34    -24 (VIOLATED)
clkbuf_leaf_25_wb_clk_i/X                10     32    -22 (VIOLATED)
clkbuf_leaf_64_wb_clk_i/X                10     32    -22 (VIOLATED)
clkbuf_leaf_89_wb_clk_i/X                10     28    -18 (VIOLATED)
clkbuf_leaf_104_wb_clk_i/X               10     26    -16 (VIOLATED)
clkbuf_leaf_109_wb_clk_i/X               10     26    -16 (VIOLATED)
clkbuf_leaf_22_wb_clk_i/X                10     26    -16 (VIOLATED)
clkbuf_leaf_34_wb_clk_i/X                10     26    -16 (VIOLATED)
clkbuf_leaf_3_wb_clk_i/X                 10     26    -16 (VIOLATED)
clkbuf_leaf_48_wb_clk_i/X                10     26    -16 (VIOLATED)
clkbuf_leaf_116_wb_clk_i/X               10     24    -14 (VIOLATED)
clkbuf_leaf_83_wb_clk_i/X                10     24    -14 (VIOLATED)
clkbuf_leaf_98_wb_clk_i/X                10     24    -14 (VIOLATED)
clkbuf_leaf_108_wb_clk_i/X               10     22    -12 (VIOLATED)
clkbuf_leaf_71_wb_clk_i/X                10     22    -12 (VIOLATED)
clkbuf_leaf_81_wb_clk_i/X                10     22    -12 (VIOLATED)
fanout1135/X                             10     22    -12 (VIOLATED)
fanout656/X                              10     21    -11 (VIOLATED)
fanout687/X                              10     21    -11 (VIOLATED)
fanout850/X                              10     21    -11 (VIOLATED)
_06862_/Y                                10     20    -10 (VIOLATED)
_06866_/X                                10     20    -10 (VIOLATED)
_08828_/X                                10     20    -10 (VIOLATED)
_10854_/Y                                10     20    -10 (VIOLATED)
_10870_/X                                10     20    -10 (VIOLATED)
_10942_/X                                10     20    -10 (VIOLATED)
_14709_/Q                                10     20    -10 (VIOLATED)
clkbuf_4_10__f_wb_clk_i/X                10     20    -10 (VIOLATED)
clkbuf_4_15__f_wb_clk_i/X                10     20    -10 (VIOLATED)
clkbuf_leaf_115_wb_clk_i/X               10     20    -10 (VIOLATED)
clkbuf_leaf_20_wb_clk_i/X                10     20    -10 (VIOLATED)
clkbuf_leaf_54_wb_clk_i/X                10     20    -10 (VIOLATED)
clkbuf_leaf_6_wb_clk_i/X                 10     20    -10 (VIOLATED)
fanout1000/X                             10     20    -10 (VIOLATED)
fanout1001/X                             10     20    -10 (VIOLATED)
fanout1003/X                             10     20    -10 (VIOLATED)
fanout1007/X                             10     20    -10 (VIOLATED)
fanout1010/X                             10     20    -10 (VIOLATED)
fanout1011/X                             10     20    -10 (VIOLATED)
fanout1012/X                             10     20    -10 (VIOLATED)
fanout1016/X                             10     20    -10 (VIOLATED)
fanout1017/X                             10     20    -10 (VIOLATED)
fanout1022/X                             10     20    -10 (VIOLATED)
fanout1024/X                             10     20    -10 (VIOLATED)
fanout1029/X                             10     20    -10 (VIOLATED)
fanout1030/X                             10     20    -10 (VIOLATED)
fanout1032/X                             10     20    -10 (VIOLATED)
fanout1033/X                             10     20    -10 (VIOLATED)
fanout1037/X                             10     20    -10 (VIOLATED)
fanout1038/X                             10     20    -10 (VIOLATED)
fanout1039/X                             10     20    -10 (VIOLATED)
fanout1041/X                             10     20    -10 (VIOLATED)
fanout1042/X                             10     20    -10 (VIOLATED)
fanout1044/X                             10     20    -10 (VIOLATED)
fanout1045/X                             10     20    -10 (VIOLATED)
fanout1046/X                             10     20    -10 (VIOLATED)
fanout1049/X                             10     20    -10 (VIOLATED)
fanout1050/X                             10     20    -10 (VIOLATED)
fanout1053/X                             10     20    -10 (VIOLATED)
fanout1054/X                             10     20    -10 (VIOLATED)
fanout1055/X                             10     20    -10 (VIOLATED)
fanout1056/X                             10     20    -10 (VIOLATED)
fanout1058/X                             10     20    -10 (VIOLATED)
fanout1060/X                             10     20    -10 (VIOLATED)
fanout1063/X                             10     20    -10 (VIOLATED)
fanout1065/X                             10     20    -10 (VIOLATED)
fanout1066/X                             10     20    -10 (VIOLATED)
fanout1067/X                             10     20    -10 (VIOLATED)
fanout1070/X                             10     20    -10 (VIOLATED)
fanout1071/X                             10     20    -10 (VIOLATED)
fanout1072/X                             10     20    -10 (VIOLATED)
fanout1074/X                             10     20    -10 (VIOLATED)
fanout1076/X                             10     20    -10 (VIOLATED)
fanout1079/X                             10     20    -10 (VIOLATED)
fanout1082/X                             10     20    -10 (VIOLATED)
fanout1083/X                             10     20    -10 (VIOLATED)
fanout1084/X                             10     20    -10 (VIOLATED)
fanout1087/X                             10     20    -10 (VIOLATED)
fanout1088/X                             10     20    -10 (VIOLATED)
fanout1090/X                             10     20    -10 (VIOLATED)
fanout1092/X                             10     20    -10 (VIOLATED)
fanout1093/X                             10     20    -10 (VIOLATED)
fanout1095/X                             10     20    -10 (VIOLATED)
fanout1097/X                             10     20    -10 (VIOLATED)
fanout1100/X                             10     20    -10 (VIOLATED)
fanout1102/X                             10     20    -10 (VIOLATED)
fanout1103/X                             10     20    -10 (VIOLATED)
fanout1106/X                             10     20    -10 (VIOLATED)
fanout1107/X                             10     20    -10 (VIOLATED)
fanout1108/X                             10     20    -10 (VIOLATED)
fanout1111/X                             10     20    -10 (VIOLATED)
fanout1112/X                             10     20    -10 (VIOLATED)
fanout1114/X                             10     20    -10 (VIOLATED)
fanout1115/X                             10     20    -10 (VIOLATED)
fanout1116/X                             10     20    -10 (VIOLATED)
fanout1117/X                             10     20    -10 (VIOLATED)
fanout1119/X                             10     20    -10 (VIOLATED)
fanout1120/X                             10     20    -10 (VIOLATED)
fanout1122/X                             10     20    -10 (VIOLATED)
fanout1123/X                             10     20    -10 (VIOLATED)
fanout1127/X                             10     20    -10 (VIOLATED)
fanout1128/X                             10     20    -10 (VIOLATED)
fanout1129/X                             10     20    -10 (VIOLATED)
fanout1134/X                             10     20    -10 (VIOLATED)
fanout1136/X                             10     20    -10 (VIOLATED)
fanout1137/X                             10     20    -10 (VIOLATED)
fanout1138/X                             10     20    -10 (VIOLATED)
fanout1140/X                             10     20    -10 (VIOLATED)
fanout1141/X                             10     20    -10 (VIOLATED)
fanout1143/X                             10     20    -10 (VIOLATED)
fanout1144/X                             10     20    -10 (VIOLATED)
fanout1148/X                             10     20    -10 (VIOLATED)
fanout1150/X                             10     20    -10 (VIOLATED)
fanout1152/X                             10     20    -10 (VIOLATED)
fanout1153/X                             10     20    -10 (VIOLATED)
fanout1154/X                             10     20    -10 (VIOLATED)
fanout1155/X                             10     20    -10 (VIOLATED)
fanout1158/X                             10     20    -10 (VIOLATED)
fanout1160/X                             10     20    -10 (VIOLATED)
fanout1162/X                             10     20    -10 (VIOLATED)
fanout1164/X                             10     20    -10 (VIOLATED)
fanout1168/X                             10     20    -10 (VIOLATED)
fanout1169/X                             10     20    -10 (VIOLATED)
fanout1170/X                             10     20    -10 (VIOLATED)
fanout1172/X                             10     20    -10 (VIOLATED)
fanout1174/X                             10     20    -10 (VIOLATED)
fanout1177/X                             10     20    -10 (VIOLATED)
fanout1179/X                             10     20    -10 (VIOLATED)
fanout1181/X                             10     20    -10 (VIOLATED)
fanout1183/X                             10     20    -10 (VIOLATED)
fanout1184/X                             10     20    -10 (VIOLATED)
fanout1187/X                             10     20    -10 (VIOLATED)
fanout1188/X                             10     20    -10 (VIOLATED)
fanout1191/X                             10     20    -10 (VIOLATED)
fanout1192/X                             10     20    -10 (VIOLATED)
fanout1196/X                             10     20    -10 (VIOLATED)
fanout1197/X                             10     20    -10 (VIOLATED)
fanout1198/X                             10     20    -10 (VIOLATED)
fanout1201/X                             10     20    -10 (VIOLATED)
fanout1202/X                             10     20    -10 (VIOLATED)
fanout1203/X                             10     20    -10 (VIOLATED)
fanout1205/X                             10     20    -10 (VIOLATED)
fanout1206/X                             10     20    -10 (VIOLATED)
fanout1209/X                             10     20    -10 (VIOLATED)
fanout1210/X                             10     20    -10 (VIOLATED)
fanout1212/X                             10     20    -10 (VIOLATED)
fanout1214/X                             10     20    -10 (VIOLATED)
fanout1216/X                             10     20    -10 (VIOLATED)
fanout1217/X                             10     20    -10 (VIOLATED)
fanout1218/X                             10     20    -10 (VIOLATED)
fanout1219/X                             10     20    -10 (VIOLATED)
fanout1220/X                             10     20    -10 (VIOLATED)
fanout1221/X                             10     20    -10 (VIOLATED)
fanout1224/X                             10     20    -10 (VIOLATED)
fanout1225/X                             10     20    -10 (VIOLATED)
fanout1226/X                             10     20    -10 (VIOLATED)
fanout1227/X                             10     20    -10 (VIOLATED)
fanout1228/X                             10     20    -10 (VIOLATED)
fanout1230/X                             10     20    -10 (VIOLATED)
fanout1232/X                             10     20    -10 (VIOLATED)
fanout1235/X                             10     20    -10 (VIOLATED)
fanout1237/X                             10     20    -10 (VIOLATED)
fanout1238/X                             10     20    -10 (VIOLATED)
fanout1240/X                             10     20    -10 (VIOLATED)
fanout1241/X                             10     20    -10 (VIOLATED)
fanout1248/X                             10     20    -10 (VIOLATED)
fanout1254/X                             10     20    -10 (VIOLATED)
fanout1257/X                             10     20    -10 (VIOLATED)
fanout1260/X                             10     20    -10 (VIOLATED)
fanout1262/X                             10     20    -10 (VIOLATED)
fanout1277/X                             10     20    -10 (VIOLATED)
fanout1280/X                             10     20    -10 (VIOLATED)
fanout1287/X                             10     20    -10 (VIOLATED)
fanout1291/X                             10     20    -10 (VIOLATED)
fanout1317/X                             10     20    -10 (VIOLATED)
fanout1326/X                             10     20    -10 (VIOLATED)
fanout1334/X                             10     20    -10 (VIOLATED)
fanout1367/X                             10     20    -10 (VIOLATED)
fanout1375/X                             10     20    -10 (VIOLATED)
fanout1383/X                             10     20    -10 (VIOLATED)
fanout1384/X                             10     20    -10 (VIOLATED)
fanout1406/X                             10     20    -10 (VIOLATED)
fanout1407/X                             10     20    -10 (VIOLATED)
fanout1415/X                             10     20    -10 (VIOLATED)
fanout1422/X                             10     20    -10 (VIOLATED)
fanout263/X                              10     20    -10 (VIOLATED)
fanout264/X                              10     20    -10 (VIOLATED)
fanout265/X                              10     20    -10 (VIOLATED)
fanout266/X                              10     20    -10 (VIOLATED)
fanout267/X                              10     20    -10 (VIOLATED)
fanout268/X                              10     20    -10 (VIOLATED)
fanout269/X                              10     20    -10 (VIOLATED)
fanout270/X                              10     20    -10 (VIOLATED)
fanout271/X                              10     20    -10 (VIOLATED)
fanout272/X                              10     20    -10 (VIOLATED)
fanout273/X                              10     20    -10 (VIOLATED)
fanout274/X                              10     20    -10 (VIOLATED)
fanout275/X                              10     20    -10 (VIOLATED)
fanout276/X                              10     20    -10 (VIOLATED)
fanout277/X                              10     20    -10 (VIOLATED)
fanout278/X                              10     20    -10 (VIOLATED)
fanout279/X                              10     20    -10 (VIOLATED)
fanout280/X                              10     20    -10 (VIOLATED)
fanout282/X                              10     20    -10 (VIOLATED)
fanout283/X                              10     20    -10 (VIOLATED)
fanout284/X                              10     20    -10 (VIOLATED)
fanout286/X                              10     20    -10 (VIOLATED)
fanout287/X                              10     20    -10 (VIOLATED)
fanout288/X                              10     20    -10 (VIOLATED)
fanout291/X                              10     20    -10 (VIOLATED)
fanout294/X                              10     20    -10 (VIOLATED)
fanout295/X                              10     20    -10 (VIOLATED)
fanout296/X                              10     20    -10 (VIOLATED)
fanout297/X                              10     20    -10 (VIOLATED)
fanout298/X                              10     20    -10 (VIOLATED)
fanout299/X                              10     20    -10 (VIOLATED)
fanout301/X                              10     20    -10 (VIOLATED)
fanout302/X                              10     20    -10 (VIOLATED)
fanout303/X                              10     20    -10 (VIOLATED)
fanout304/X                              10     20    -10 (VIOLATED)
fanout306/X                              10     20    -10 (VIOLATED)
fanout308/X                              10     20    -10 (VIOLATED)
fanout309/X                              10     20    -10 (VIOLATED)
fanout310/X                              10     20    -10 (VIOLATED)
fanout312/X                              10     20    -10 (VIOLATED)
fanout315/X                              10     20    -10 (VIOLATED)
fanout321/X                              10     20    -10 (VIOLATED)
fanout324/X                              10     20    -10 (VIOLATED)
fanout326/X                              10     20    -10 (VIOLATED)
fanout328/X                              10     20    -10 (VIOLATED)
fanout329/X                              10     20    -10 (VIOLATED)
fanout330/X                              10     20    -10 (VIOLATED)
fanout332/X                              10     20    -10 (VIOLATED)
fanout333/X                              10     20    -10 (VIOLATED)
fanout334/X                              10     20    -10 (VIOLATED)
fanout336/X                              10     20    -10 (VIOLATED)
fanout337/X                              10     20    -10 (VIOLATED)
fanout339/X                              10     20    -10 (VIOLATED)
fanout341/X                              10     20    -10 (VIOLATED)
fanout343/X                              10     20    -10 (VIOLATED)
fanout344/X                              10     20    -10 (VIOLATED)
fanout345/X                              10     20    -10 (VIOLATED)
fanout347/X                              10     20    -10 (VIOLATED)
fanout349/X                              10     20    -10 (VIOLATED)
fanout351/X                              10     20    -10 (VIOLATED)
fanout352/X                              10     20    -10 (VIOLATED)
fanout354/X                              10     20    -10 (VIOLATED)
fanout355/X                              10     20    -10 (VIOLATED)
fanout358/X                              10     20    -10 (VIOLATED)
fanout359/X                              10     20    -10 (VIOLATED)
fanout360/X                              10     20    -10 (VIOLATED)
fanout362/X                              10     20    -10 (VIOLATED)
fanout363/X                              10     20    -10 (VIOLATED)
fanout366/X                              10     20    -10 (VIOLATED)
fanout367/X                              10     20    -10 (VIOLATED)
fanout368/X                              10     20    -10 (VIOLATED)
fanout370/X                              10     20    -10 (VIOLATED)
fanout371/X                              10     20    -10 (VIOLATED)
fanout374/X                              10     20    -10 (VIOLATED)
fanout376/X                              10     20    -10 (VIOLATED)
fanout378/X                              10     20    -10 (VIOLATED)
fanout379/X                              10     20    -10 (VIOLATED)
fanout382/X                              10     20    -10 (VIOLATED)
fanout383/X                              10     20    -10 (VIOLATED)
fanout384/X                              10     20    -10 (VIOLATED)
fanout387/X                              10     20    -10 (VIOLATED)
fanout388/X                              10     20    -10 (VIOLATED)
fanout389/X                              10     20    -10 (VIOLATED)
fanout391/X                              10     20    -10 (VIOLATED)
fanout392/X                              10     20    -10 (VIOLATED)
fanout393/X                              10     20    -10 (VIOLATED)
fanout395/X                              10     20    -10 (VIOLATED)
fanout397/X                              10     20    -10 (VIOLATED)
fanout399/X                              10     20    -10 (VIOLATED)
fanout401/X                              10     20    -10 (VIOLATED)
fanout403/X                              10     20    -10 (VIOLATED)
fanout404/X                              10     20    -10 (VIOLATED)
fanout405/X                              10     20    -10 (VIOLATED)
fanout407/X                              10     20    -10 (VIOLATED)
fanout408/X                              10     20    -10 (VIOLATED)
fanout409/X                              10     20    -10 (VIOLATED)
fanout411/X                              10     20    -10 (VIOLATED)
fanout412/X                              10     20    -10 (VIOLATED)
fanout413/X                              10     20    -10 (VIOLATED)
fanout415/X                              10     20    -10 (VIOLATED)
fanout416/X                              10     20    -10 (VIOLATED)
fanout419/X                              10     20    -10 (VIOLATED)
fanout420/X                              10     20    -10 (VIOLATED)
fanout421/X                              10     20    -10 (VIOLATED)
fanout438/X                              10     20    -10 (VIOLATED)
fanout439/X                              10     20    -10 (VIOLATED)
fanout442/X                              10     20    -10 (VIOLATED)
fanout443/X                              10     20    -10 (VIOLATED)
fanout446/X                              10     20    -10 (VIOLATED)
fanout448/X                              10     20    -10 (VIOLATED)
fanout450/X                              10     20    -10 (VIOLATED)
fanout451/X                              10     20    -10 (VIOLATED)
fanout452/X                              10     20    -10 (VIOLATED)
fanout453/X                              10     20    -10 (VIOLATED)
fanout454/X                              10     20    -10 (VIOLATED)
fanout456/X                              10     20    -10 (VIOLATED)
fanout458/X                              10     20    -10 (VIOLATED)
fanout462/X                              10     20    -10 (VIOLATED)
fanout463/X                              10     20    -10 (VIOLATED)
fanout464/X                              10     20    -10 (VIOLATED)
fanout465/X                              10     20    -10 (VIOLATED)
fanout466/X                              10     20    -10 (VIOLATED)
fanout467/X                              10     20    -10 (VIOLATED)
fanout468/X                              10     20    -10 (VIOLATED)
fanout469/X                              10     20    -10 (VIOLATED)
fanout470/X                              10     20    -10 (VIOLATED)
fanout472/X                              10     20    -10 (VIOLATED)
fanout474/X                              10     20    -10 (VIOLATED)
fanout475/X                              10     20    -10 (VIOLATED)
fanout478/X                              10     20    -10 (VIOLATED)
fanout480/X                              10     20    -10 (VIOLATED)
fanout482/X                              10     20    -10 (VIOLATED)
fanout483/X                              10     20    -10 (VIOLATED)
fanout486/X                              10     20    -10 (VIOLATED)
fanout487/X                              10     20    -10 (VIOLATED)
fanout488/X                              10     20    -10 (VIOLATED)
fanout490/X                              10     20    -10 (VIOLATED)
fanout492/X                              10     20    -10 (VIOLATED)
fanout494/X                              10     20    -10 (VIOLATED)
fanout496/X                              10     20    -10 (VIOLATED)
fanout497/X                              10     20    -10 (VIOLATED)
fanout498/X                              10     20    -10 (VIOLATED)
fanout499/X                              10     20    -10 (VIOLATED)
fanout500/X                              10     20    -10 (VIOLATED)
fanout501/X                              10     20    -10 (VIOLATED)
fanout503/X                              10     20    -10 (VIOLATED)
fanout504/X                              10     20    -10 (VIOLATED)
fanout506/X                              10     20    -10 (VIOLATED)
fanout508/X                              10     20    -10 (VIOLATED)
fanout509/X                              10     20    -10 (VIOLATED)
fanout512/X                              10     20    -10 (VIOLATED)
fanout513/X                              10     20    -10 (VIOLATED)
fanout514/X                              10     20    -10 (VIOLATED)
fanout516/X                              10     20    -10 (VIOLATED)
fanout517/X                              10     20    -10 (VIOLATED)
fanout520/X                              10     20    -10 (VIOLATED)
fanout523/X                              10     20    -10 (VIOLATED)
fanout525/X                              10     20    -10 (VIOLATED)
fanout526/X                              10     20    -10 (VIOLATED)
fanout531/X                              10     20    -10 (VIOLATED)
fanout532/X                              10     20    -10 (VIOLATED)
fanout534/X                              10     20    -10 (VIOLATED)
fanout543/X                              10     20    -10 (VIOLATED)
fanout556/X                              10     20    -10 (VIOLATED)
fanout564/X                              10     20    -10 (VIOLATED)
fanout572/X                              10     20    -10 (VIOLATED)
fanout574/X                              10     20    -10 (VIOLATED)
fanout575/X                              10     20    -10 (VIOLATED)
fanout576/X                              10     20    -10 (VIOLATED)
fanout577/X                              10     20    -10 (VIOLATED)
fanout578/X                              10     20    -10 (VIOLATED)
fanout579/X                              10     20    -10 (VIOLATED)
fanout580/X                              10     20    -10 (VIOLATED)
fanout583/X                              10     20    -10 (VIOLATED)
fanout584/X                              10     20    -10 (VIOLATED)
fanout585/X                              10     20    -10 (VIOLATED)
fanout587/X                              10     20    -10 (VIOLATED)
fanout588/X                              10     20    -10 (VIOLATED)
fanout593/X                              10     20    -10 (VIOLATED)
fanout597/X                              10     20    -10 (VIOLATED)
fanout599/X                              10     20    -10 (VIOLATED)
fanout600/X                              10     20    -10 (VIOLATED)
fanout604/X                              10     20    -10 (VIOLATED)
fanout607/X                              10     20    -10 (VIOLATED)
fanout608/X                              10     20    -10 (VIOLATED)
fanout610/X                              10     20    -10 (VIOLATED)
fanout611/X                              10     20    -10 (VIOLATED)
fanout612/X                              10     20    -10 (VIOLATED)
fanout613/X                              10     20    -10 (VIOLATED)
fanout614/X                              10     20    -10 (VIOLATED)
fanout616/X                              10     20    -10 (VIOLATED)
fanout619/X                              10     20    -10 (VIOLATED)
fanout620/X                              10     20    -10 (VIOLATED)
fanout621/X                              10     20    -10 (VIOLATED)
fanout623/X                              10     20    -10 (VIOLATED)
fanout625/X                              10     20    -10 (VIOLATED)
fanout626/X                              10     20    -10 (VIOLATED)
fanout627/X                              10     20    -10 (VIOLATED)
fanout628/X                              10     20    -10 (VIOLATED)
fanout629/X                              10     20    -10 (VIOLATED)
fanout631/X                              10     20    -10 (VIOLATED)
fanout632/X                              10     20    -10 (VIOLATED)
fanout635/X                              10     20    -10 (VIOLATED)
fanout636/X                              10     20    -10 (VIOLATED)
fanout637/X                              10     20    -10 (VIOLATED)
fanout640/X                              10     20    -10 (VIOLATED)
fanout641/X                              10     20    -10 (VIOLATED)
fanout642/X                              10     20    -10 (VIOLATED)
fanout645/X                              10     20    -10 (VIOLATED)
fanout646/X                              10     20    -10 (VIOLATED)
fanout648/X                              10     20    -10 (VIOLATED)
fanout649/X                              10     20    -10 (VIOLATED)
fanout650/X                              10     20    -10 (VIOLATED)
fanout652/X                              10     20    -10 (VIOLATED)
fanout654/X                              10     20    -10 (VIOLATED)
fanout658/X                              10     20    -10 (VIOLATED)
fanout663/X                              10     20    -10 (VIOLATED)
fanout664/X                              10     20    -10 (VIOLATED)
fanout673/X                              10     20    -10 (VIOLATED)
fanout675/X                              10     20    -10 (VIOLATED)
fanout683/X                              10     20    -10 (VIOLATED)
fanout684/X                              10     20    -10 (VIOLATED)
fanout686/X                              10     20    -10 (VIOLATED)
fanout688/X                              10     20    -10 (VIOLATED)
fanout689/X                              10     20    -10 (VIOLATED)
fanout690/X                              10     20    -10 (VIOLATED)
fanout692/X                              10     20    -10 (VIOLATED)
fanout694/X                              10     20    -10 (VIOLATED)
fanout695/X                              10     20    -10 (VIOLATED)
fanout696/X                              10     20    -10 (VIOLATED)
fanout698/X                              10     20    -10 (VIOLATED)
fanout699/X                              10     20    -10 (VIOLATED)
fanout700/X                              10     20    -10 (VIOLATED)
fanout701/X                              10     20    -10 (VIOLATED)
fanout703/X                              10     20    -10 (VIOLATED)
fanout706/X                              10     20    -10 (VIOLATED)
fanout707/X                              10     20    -10 (VIOLATED)
fanout708/X                              10     20    -10 (VIOLATED)
fanout709/X                              10     20    -10 (VIOLATED)
fanout711/X                              10     20    -10 (VIOLATED)
fanout712/X                              10     20    -10 (VIOLATED)
fanout713/X                              10     20    -10 (VIOLATED)
fanout714/X                              10     20    -10 (VIOLATED)
fanout715/X                              10     20    -10 (VIOLATED)
fanout718/X                              10     20    -10 (VIOLATED)
fanout719/X                              10     20    -10 (VIOLATED)
fanout720/X                              10     20    -10 (VIOLATED)
fanout722/X                              10     20    -10 (VIOLATED)
fanout724/X                              10     20    -10 (VIOLATED)
fanout726/X                              10     20    -10 (VIOLATED)
fanout727/X                              10     20    -10 (VIOLATED)
fanout728/X                              10     20    -10 (VIOLATED)
fanout733/X                              10     20    -10 (VIOLATED)
fanout736/X                              10     20    -10 (VIOLATED)
fanout737/X                              10     20    -10 (VIOLATED)
fanout738/X                              10     20    -10 (VIOLATED)
fanout740/X                              10     20    -10 (VIOLATED)
fanout742/X                              10     20    -10 (VIOLATED)
fanout743/X                              10     20    -10 (VIOLATED)
fanout745/X                              10     20    -10 (VIOLATED)
fanout747/X                              10     20    -10 (VIOLATED)
fanout748/X                              10     20    -10 (VIOLATED)
fanout750/X                              10     20    -10 (VIOLATED)
fanout753/X                              10     20    -10 (VIOLATED)
fanout755/X                              10     20    -10 (VIOLATED)
fanout758/X                              10     20    -10 (VIOLATED)
fanout760/X                              10     20    -10 (VIOLATED)
fanout762/X                              10     20    -10 (VIOLATED)
fanout763/X                              10     20    -10 (VIOLATED)
fanout765/X                              10     20    -10 (VIOLATED)
fanout766/X                              10     20    -10 (VIOLATED)
fanout767/X                              10     20    -10 (VIOLATED)
fanout768/X                              10     20    -10 (VIOLATED)
fanout770/X                              10     20    -10 (VIOLATED)
fanout776/X                              10     20    -10 (VIOLATED)
fanout778/X                              10     20    -10 (VIOLATED)
fanout781/X                              10     20    -10 (VIOLATED)
fanout782/X                              10     20    -10 (VIOLATED)
fanout783/X                              10     20    -10 (VIOLATED)
fanout785/X                              10     20    -10 (VIOLATED)
fanout786/X                              10     20    -10 (VIOLATED)
fanout787/X                              10     20    -10 (VIOLATED)
fanout789/X                              10     20    -10 (VIOLATED)
fanout791/X                              10     20    -10 (VIOLATED)
fanout793/X                              10     20    -10 (VIOLATED)
fanout794/X                              10     20    -10 (VIOLATED)
fanout796/X                              10     20    -10 (VIOLATED)
fanout798/X                              10     20    -10 (VIOLATED)
fanout799/X                              10     20    -10 (VIOLATED)
fanout802/X                              10     20    -10 (VIOLATED)
fanout804/X                              10     20    -10 (VIOLATED)
fanout805/X                              10     20    -10 (VIOLATED)
fanout806/X                              10     20    -10 (VIOLATED)
fanout808/X                              10     20    -10 (VIOLATED)
fanout809/X                              10     20    -10 (VIOLATED)
fanout811/X                              10     20    -10 (VIOLATED)
fanout812/X                              10     20    -10 (VIOLATED)
fanout814/X                              10     20    -10 (VIOLATED)
fanout815/X                              10     20    -10 (VIOLATED)
fanout816/X                              10     20    -10 (VIOLATED)
fanout818/X                              10     20    -10 (VIOLATED)
fanout820/X                              10     20    -10 (VIOLATED)
fanout822/X                              10     20    -10 (VIOLATED)
fanout824/X                              10     20    -10 (VIOLATED)
fanout829/X                              10     20    -10 (VIOLATED)
fanout831/X                              10     20    -10 (VIOLATED)
fanout833/X                              10     20    -10 (VIOLATED)
fanout834/X                              10     20    -10 (VIOLATED)
fanout835/X                              10     20    -10 (VIOLATED)
fanout838/X                              10     20    -10 (VIOLATED)
fanout840/X                              10     20    -10 (VIOLATED)
fanout842/X                              10     20    -10 (VIOLATED)
fanout844/X                              10     20    -10 (VIOLATED)
fanout846/X                              10     20    -10 (VIOLATED)
fanout848/X                              10     20    -10 (VIOLATED)
fanout851/X                              10     20    -10 (VIOLATED)
fanout853/X                              10     20    -10 (VIOLATED)
fanout856/X                              10     20    -10 (VIOLATED)
fanout857/X                              10     20    -10 (VIOLATED)
fanout859/X                              10     20    -10 (VIOLATED)
fanout861/X                              10     20    -10 (VIOLATED)
fanout862/X                              10     20    -10 (VIOLATED)
fanout864/X                              10     20    -10 (VIOLATED)
fanout866/X                              10     20    -10 (VIOLATED)
fanout868/X                              10     20    -10 (VIOLATED)
fanout871/X                              10     20    -10 (VIOLATED)
fanout873/X                              10     20    -10 (VIOLATED)
fanout876/X                              10     20    -10 (VIOLATED)
fanout877/X                              10     20    -10 (VIOLATED)
fanout878/X                              10     20    -10 (VIOLATED)
fanout880/X                              10     20    -10 (VIOLATED)
fanout882/X                              10     20    -10 (VIOLATED)
fanout885/X                              10     20    -10 (VIOLATED)
fanout887/X                              10     20    -10 (VIOLATED)
fanout888/X                              10     20    -10 (VIOLATED)
fanout890/X                              10     20    -10 (VIOLATED)
fanout892/X                              10     20    -10 (VIOLATED)
fanout895/X                              10     20    -10 (VIOLATED)
fanout898/X                              10     20    -10 (VIOLATED)
fanout899/X                              10     20    -10 (VIOLATED)
fanout906/X                              10     20    -10 (VIOLATED)
fanout907/X                              10     20    -10 (VIOLATED)
fanout909/X                              10     20    -10 (VIOLATED)
fanout910/X                              10     20    -10 (VIOLATED)
fanout912/X                              10     20    -10 (VIOLATED)
fanout913/X                              10     20    -10 (VIOLATED)
fanout915/X                              10     20    -10 (VIOLATED)
fanout916/X                              10     20    -10 (VIOLATED)
fanout918/X                              10     20    -10 (VIOLATED)
fanout919/X                              10     20    -10 (VIOLATED)
fanout921/X                              10     20    -10 (VIOLATED)
fanout923/X                              10     20    -10 (VIOLATED)
fanout925/X                              10     20    -10 (VIOLATED)
fanout929/X                              10     20    -10 (VIOLATED)
fanout931/X                              10     20    -10 (VIOLATED)
fanout932/X                              10     20    -10 (VIOLATED)
fanout934/X                              10     20    -10 (VIOLATED)
fanout935/X                              10     20    -10 (VIOLATED)
fanout939/X                              10     20    -10 (VIOLATED)
fanout940/X                              10     20    -10 (VIOLATED)
fanout942/X                              10     20    -10 (VIOLATED)
fanout943/X                              10     20    -10 (VIOLATED)
fanout945/X                              10     20    -10 (VIOLATED)
fanout946/X                              10     20    -10 (VIOLATED)
fanout948/X                              10     20    -10 (VIOLATED)
fanout950/X                              10     20    -10 (VIOLATED)
fanout953/X                              10     20    -10 (VIOLATED)
fanout954/X                              10     20    -10 (VIOLATED)
fanout955/X                              10     20    -10 (VIOLATED)
fanout956/X                              10     20    -10 (VIOLATED)
fanout963/X                              10     20    -10 (VIOLATED)
fanout965/X                              10     20    -10 (VIOLATED)
fanout967/X                              10     20    -10 (VIOLATED)
fanout968/X                              10     20    -10 (VIOLATED)
fanout970/X                              10     20    -10 (VIOLATED)
fanout973/X                              10     20    -10 (VIOLATED)
fanout974/X                              10     20    -10 (VIOLATED)
fanout976/X                              10     20    -10 (VIOLATED)
fanout978/X                              10     20    -10 (VIOLATED)
fanout979/X                              10     20    -10 (VIOLATED)
fanout986/X                              10     20    -10 (VIOLATED)
fanout990/X                              10     20    -10 (VIOLATED)
fanout991/X                              10     20    -10 (VIOLATED)
fanout993/X                              10     20    -10 (VIOLATED)
fanout994/X                              10     20    -10 (VIOLATED)
fanout995/X                              10     20    -10 (VIOLATED)
fanout997/X                              10     20    -10 (VIOLATED)
fanout999/X                              10     20    -10 (VIOLATED)
clkbuf_leaf_38_wb_clk_i/X                10     19     -9 (VIOLATED)
_08623_/Y                                10     18     -8 (VIOLATED)
_08878_/X                                10     18     -8 (VIOLATED)
_09487_/X                                10     18     -8 (VIOLATED)
_10789_/X                                10     18     -8 (VIOLATED)
_10805_/Y                                10     18     -8 (VIOLATED)
_10855_/X                                10     18     -8 (VIOLATED)
_10871_/X                                10     18     -8 (VIOLATED)
_10883_/Y                                10     18     -8 (VIOLATED)
_10915_/Y                                10     18     -8 (VIOLATED)
_10932_/Y                                10     18     -8 (VIOLATED)
clkbuf_4_13__f_wb_clk_i/X                10     18     -8 (VIOLATED)
clkbuf_4_1__f_wb_clk_i/X                 10     18     -8 (VIOLATED)
clkbuf_4_2__f_wb_clk_i/X                 10     18     -8 (VIOLATED)
clkbuf_4_7__f_wb_clk_i/X                 10     18     -8 (VIOLATED)
clkbuf_4_8__f_wb_clk_i/X                 10     18     -8 (VIOLATED)
clkbuf_4_9__f_wb_clk_i/X                 10     18     -8 (VIOLATED)
clkbuf_leaf_58_wb_clk_i/X                10     18     -8 (VIOLATED)
fanout1009/X                             10     18     -8 (VIOLATED)
fanout1031/X                             10     18     -8 (VIOLATED)
fanout1080/X                             10     18     -8 (VIOLATED)
fanout1200/X                             10     18     -8 (VIOLATED)
fanout1208/X                             10     18     -8 (VIOLATED)
fanout1211/X                             10     18     -8 (VIOLATED)
fanout1283/X                             10     18     -8 (VIOLATED)
fanout1376/X                             10     18     -8 (VIOLATED)
fanout1394/X                             10     18     -8 (VIOLATED)
fanout1412/X                             10     18     -8 (VIOLATED)
fanout292/X                              10     18     -8 (VIOLATED)
fanout305/X                              10     18     -8 (VIOLATED)
fanout327/X                              10     18     -8 (VIOLATED)
fanout342/X                              10     18     -8 (VIOLATED)
fanout350/X                              10     18     -8 (VIOLATED)
fanout356/X                              10     18     -8 (VIOLATED)
fanout377/X                              10     18     -8 (VIOLATED)
fanout398/X                              10     18     -8 (VIOLATED)
fanout402/X                              10     18     -8 (VIOLATED)
fanout417/X                              10     18     -8 (VIOLATED)
fanout449/X                              10     18     -8 (VIOLATED)
fanout455/X                              10     18     -8 (VIOLATED)
fanout481/X                              10     18     -8 (VIOLATED)
fanout484/X                              10     18     -8 (VIOLATED)
fanout491/X                              10     18     -8 (VIOLATED)
fanout505/X                              10     18     -8 (VIOLATED)
fanout511/X                              10     18     -8 (VIOLATED)
fanout540/X                              10     18     -8 (VIOLATED)
fanout546/X                              10     18     -8 (VIOLATED)
fanout606/X                              10     18     -8 (VIOLATED)
fanout617/X                              10     18     -8 (VIOLATED)
fanout644/X                              10     18     -8 (VIOLATED)
fanout680/X                              10     18     -8 (VIOLATED)
fanout702/X                              10     18     -8 (VIOLATED)
fanout721/X                              10     18     -8 (VIOLATED)
fanout730/X                              10     18     -8 (VIOLATED)
fanout734/X                              10     18     -8 (VIOLATED)
fanout756/X                              10     18     -8 (VIOLATED)
fanout821/X                              10     18     -8 (VIOLATED)
fanout828/X                              10     18     -8 (VIOLATED)
fanout854/X                              10     18     -8 (VIOLATED)
fanout860/X                              10     18     -8 (VIOLATED)
fanout869/X                              10     18     -8 (VIOLATED)
fanout911/X                              10     18     -8 (VIOLATED)
fanout927/X                              10     18     -8 (VIOLATED)
fanout933/X                              10     18     -8 (VIOLATED)
fanout966/X                              10     18     -8 (VIOLATED)
fanout992/X                              10     18     -8 (VIOLATED)
_08177_/X                                10     17     -7 (VIOLATED)
clkbuf_leaf_2_wb_clk_i/X                 10     17     -7 (VIOLATED)
clkbuf_leaf_49_wb_clk_i/X                10     17     -7 (VIOLATED)
_06995_/X                                10     16     -6 (VIOLATED)
_07449_/X                                10     16     -6 (VIOLATED)
_08325_/Y                                10     16     -6 (VIOLATED)
_08381_/X                                10     16     -6 (VIOLATED)
_08412_/X                                10     16     -6 (VIOLATED)
_08561_/X                                10     16     -6 (VIOLATED)
_08737_/Y                                10     16     -6 (VIOLATED)
_08797_/Y                                10     16     -6 (VIOLATED)
_08835_/Y                                10     16     -6 (VIOLATED)
_08865_/X                                10     16     -6 (VIOLATED)
_08874_/X                                10     16     -6 (VIOLATED)
_08951_/X                                10     16     -6 (VIOLATED)
_08980_/X                                10     16     -6 (VIOLATED)
_09042_/Y                                10     16     -6 (VIOLATED)
_09099_/X                                10     16     -6 (VIOLATED)
_09641_/X                                10     16     -6 (VIOLATED)
_10953_/X                                10     16     -6 (VIOLATED)
_10964_/X                                10     16     -6 (VIOLATED)
_11710_/X                                10     16     -6 (VIOLATED)
_14706_/Q                                10     16     -6 (VIOLATED)
_14707_/Q                                10     16     -6 (VIOLATED)
_14734_/Q                                10     16     -6 (VIOLATED)
_14803_/Q                                10     16     -6 (VIOLATED)
clkbuf_0_wb_clk_i/X                      10     16     -6 (VIOLATED)
clkbuf_4_14__f_wb_clk_i/X                10     16     -6 (VIOLATED)
clkbuf_4_4__f_wb_clk_i/X                 10     16     -6 (VIOLATED)
clkbuf_4_5__f_wb_clk_i/X                 10     16     -6 (VIOLATED)
clkbuf_leaf_111_wb_clk_i/X               10     16     -6 (VIOLATED)
clkbuf_leaf_121_wb_clk_i/X               10     16     -6 (VIOLATED)
clkbuf_leaf_53_wb_clk_i/X                10     16     -6 (VIOLATED)
clkbuf_leaf_57_wb_clk_i/X                10     16     -6 (VIOLATED)
fanout1020/X                             10     16     -6 (VIOLATED)
fanout1040/X                             10     16     -6 (VIOLATED)
fanout1064/X                             10     16     -6 (VIOLATED)
fanout1077/X                             10     16     -6 (VIOLATED)
fanout1098/X                             10     16     -6 (VIOLATED)
fanout1175/X                             10     16     -6 (VIOLATED)
fanout1178/X                             10     16     -6 (VIOLATED)
fanout1273/X                             10     16     -6 (VIOLATED)
fanout1289/X                             10     16     -6 (VIOLATED)
fanout1327/X                             10     16     -6 (VIOLATED)
fanout1344/X                             10     16     -6 (VIOLATED)
fanout1364/X                             10     16     -6 (VIOLATED)
fanout1425/X                             10     16     -6 (VIOLATED)
fanout311/X                              10     16     -6 (VIOLATED)
fanout364/X                              10     16     -6 (VIOLATED)
fanout372/X                              10     16     -6 (VIOLATED)
fanout381/X                              10     16     -6 (VIOLATED)
fanout440/X                              10     16     -6 (VIOLATED)
fanout444/X                              10     16     -6 (VIOLATED)
fanout489/X                              10     16     -6 (VIOLATED)
fanout605/X                              10     16     -6 (VIOLATED)
fanout615/X                              10     16     -6 (VIOLATED)
fanout647/X                              10     16     -6 (VIOLATED)
fanout657/X                              10     16     -6 (VIOLATED)
fanout659/X                              10     16     -6 (VIOLATED)
fanout716/X                              10     16     -6 (VIOLATED)
fanout717/X                              10     16     -6 (VIOLATED)
fanout735/X                              10     16     -6 (VIOLATED)
fanout759/X                              10     16     -6 (VIOLATED)
fanout764/X                              10     16     -6 (VIOLATED)
fanout826/X                              10     16     -6 (VIOLATED)
fanout830/X                              10     16     -6 (VIOLATED)
fanout841/X                              10     16     -6 (VIOLATED)
fanout849/X                              10     16     -6 (VIOLATED)
fanout858/X                              10     16     -6 (VIOLATED)
fanout867/X                              10     16     -6 (VIOLATED)
fanout891/X                              10     16     -6 (VIOLATED)
fanout908/X                              10     16     -6 (VIOLATED)
fanout914/X                              10     16     -6 (VIOLATED)
fanout920/X                              10     16     -6 (VIOLATED)
fanout959/X                              10     16     -6 (VIOLATED)
fanout964/X                              10     16     -6 (VIOLATED)
fanout980/X                              10     16     -6 (VIOLATED)
fanout983/X                              10     16     -6 (VIOLATED)
fanout984/X                              10     16     -6 (VIOLATED)
clkbuf_leaf_50_wb_clk_i/X                10     15     -5 (VIOLATED)
clkbuf_leaf_52_wb_clk_i/X                10     15     -5 (VIOLATED)
clkbuf_leaf_88_wb_clk_i/X                10     15     -5 (VIOLATED)
clkbuf_leaf_95_wb_clk_i/X                10     15     -5 (VIOLATED)
fanout1023/X                             10     15     -5 (VIOLATED)
_08236_/X                                10     14     -4 (VIOLATED)
_08265_/X                                10     14     -4 (VIOLATED)
_08293_/X                                10     14     -4 (VIOLATED)
_08440_/X                                10     14     -4 (VIOLATED)
_08473_/X                                10     14     -4 (VIOLATED)
_08502_/X                                10     14     -4 (VIOLATED)
_08590_/X                                10     14     -4 (VIOLATED)
_08677_/X                                10     14     -4 (VIOLATED)
_08769_/X                                10     14     -4 (VIOLATED)
_09011_/X                                10     14     -4 (VIOLATED)
_09070_/Y                                10     14     -4 (VIOLATED)
_09621_/Y                                10     14     -4 (VIOLATED)
_11080_/X                                10     14     -4 (VIOLATED)
_11091_/X                                10     14     -4 (VIOLATED)
_11104_/X                                10     14     -4 (VIOLATED)
_11113_/X                                10     14     -4 (VIOLATED)
_14716_/Q                                10     14     -4 (VIOLATED)
_14717_/Q                                10     14     -4 (VIOLATED)
_14731_/Q                                10     14     -4 (VIOLATED)
_14733_/Q                                10     14     -4 (VIOLATED)
clkbuf_4_0__f_wb_clk_i/X                 10     14     -4 (VIOLATED)
clkbuf_4_11__f_wb_clk_i/X                10     14     -4 (VIOLATED)
clkbuf_4_3__f_wb_clk_i/X                 10     14     -4 (VIOLATED)
clkbuf_leaf_127_wb_clk_i/X               10     14     -4 (VIOLATED)
clkbuf_leaf_18_wb_clk_i/X                10     14     -4 (VIOLATED)
clkbuf_leaf_1_wb_clk_i/X                 10     14     -4 (VIOLATED)
clkbuf_leaf_28_wb_clk_i/X                10     14     -4 (VIOLATED)
clkbuf_leaf_72_wb_clk_i/X                10     14     -4 (VIOLATED)
clkbuf_leaf_92_wb_clk_i/X                10     14     -4 (VIOLATED)
fanout1002/X                             10     14     -4 (VIOLATED)
fanout1057/X                             10     14     -4 (VIOLATED)
fanout1061/X                             10     14     -4 (VIOLATED)
fanout1062/X                             10     14     -4 (VIOLATED)
fanout1094/X                             10     14     -4 (VIOLATED)
fanout1099/X                             10     14     -4 (VIOLATED)
fanout1104/X                             10     14     -4 (VIOLATED)
fanout1109/X                             10     14     -4 (VIOLATED)
fanout1110/X                             10     14     -4 (VIOLATED)
fanout1118/X                             10     14     -4 (VIOLATED)
fanout1146/X                             10     14     -4 (VIOLATED)
fanout1156/X                             10     14     -4 (VIOLATED)
fanout1157/X                             10     14     -4 (VIOLATED)
fanout1159/X                             10     14     -4 (VIOLATED)
fanout1161/X                             10     14     -4 (VIOLATED)
fanout1163/X                             10     14     -4 (VIOLATED)
fanout1180/X                             10     14     -4 (VIOLATED)
fanout1186/X                             10     14     -4 (VIOLATED)
fanout1190/X                             10     14     -4 (VIOLATED)
fanout1223/X                             10     14     -4 (VIOLATED)
fanout1229/X                             10     14     -4 (VIOLATED)
fanout1381/X                             10     14     -4 (VIOLATED)
fanout1403/X                             10     14     -4 (VIOLATED)
fanout1424/X                             10     14     -4 (VIOLATED)
fanout365/X                              10     14     -4 (VIOLATED)
fanout373/X                              10     14     -4 (VIOLATED)
fanout429/X                              10     14     -4 (VIOLATED)
fanout432/X                              10     14     -4 (VIOLATED)
fanout441/X                              10     14     -4 (VIOLATED)
fanout445/X                              10     14     -4 (VIOLATED)
fanout459/X                              10     14     -4 (VIOLATED)
fanout519/X                              10     14     -4 (VIOLATED)
fanout567/X                              10     14     -4 (VIOLATED)
fanout573/X                              10     14     -4 (VIOLATED)
fanout586/X                              10     14     -4 (VIOLATED)
fanout609/X                              10     14     -4 (VIOLATED)
fanout622/X                              10     14     -4 (VIOLATED)
fanout653/X                              10     14     -4 (VIOLATED)
fanout669/X                              10     14     -4 (VIOLATED)
fanout678/X                              10     14     -4 (VIOLATED)
fanout710/X                              10     14     -4 (VIOLATED)
fanout744/X                              10     14     -4 (VIOLATED)
fanout773/X                              10     14     -4 (VIOLATED)
fanout780/X                              10     14     -4 (VIOLATED)
fanout784/X                              10     14     -4 (VIOLATED)
fanout788/X                              10     14     -4 (VIOLATED)
fanout790/X                              10     14     -4 (VIOLATED)
fanout795/X                              10     14     -4 (VIOLATED)
fanout807/X                              10     14     -4 (VIOLATED)
fanout810/X                              10     14     -4 (VIOLATED)
fanout819/X                              10     14     -4 (VIOLATED)
fanout823/X                              10     14     -4 (VIOLATED)
fanout837/X                              10     14     -4 (VIOLATED)
fanout839/X                              10     14     -4 (VIOLATED)
fanout852/X                              10     14     -4 (VIOLATED)
fanout865/X                              10     14     -4 (VIOLATED)
fanout872/X                              10     14     -4 (VIOLATED)
fanout874/X                              10     14     -4 (VIOLATED)
fanout905/X                              10     14     -4 (VIOLATED)
fanout930/X                              10     14     -4 (VIOLATED)
fanout936/X                              10     14     -4 (VIOLATED)
fanout947/X                              10     14     -4 (VIOLATED)
fanout949/X                              10     14     -4 (VIOLATED)
fanout960/X                              10     14     -4 (VIOLATED)
fanout972/X                              10     14     -4 (VIOLATED)
fanout988/X                              10     14     -4 (VIOLATED)
clkbuf_leaf_103_wb_clk_i/X               10     13     -3 (VIOLATED)
clkbuf_leaf_113_wb_clk_i/X               10     13     -3 (VIOLATED)
clkbuf_leaf_128_wb_clk_i/X               10     13     -3 (VIOLATED)
clkbuf_leaf_14_wb_clk_i/X                10     13     -3 (VIOLATED)
clkbuf_leaf_37_wb_clk_i/X                10     13     -3 (VIOLATED)
clkbuf_leaf_65_wb_clk_i/X                10     13     -3 (VIOLATED)
_06930_/X                                10     12     -2 (VIOLATED)
_07301_/X                                10     12     -2 (VIOLATED)
_07372_/X                                10     12     -2 (VIOLATED)
_07486_/X                                10     12     -2 (VIOLATED)
_07517_/X                                10     12     -2 (VIOLATED)
_07699_/X                                10     12     -2 (VIOLATED)
_07962_/Y                                10     12     -2 (VIOLATED)
_08206_/X                                10     12     -2 (VIOLATED)
_08704_/X                                10     12     -2 (VIOLATED)
_08919_/Y                                10     12     -2 (VIOLATED)
_09140_/X                                10     12     -2 (VIOLATED)
_09654_/X                                10     12     -2 (VIOLATED)
_09704_/X                                10     12     -2 (VIOLATED)
_09734_/X                                10     12     -2 (VIOLATED)
_10913_/X                                10     12     -2 (VIOLATED)
_10930_/X                                10     12     -2 (VIOLATED)
_11427_/X                                10     12     -2 (VIOLATED)
_14715_/Q                                10     12     -2 (VIOLATED)
_14730_/Q                                10     12     -2 (VIOLATED)
clkbuf_4_12__f_wb_clk_i/X                10     12     -2 (VIOLATED)
clkbuf_4_6__f_wb_clk_i/X                 10     12     -2 (VIOLATED)
clkbuf_leaf_123_wb_clk_i/X               10     12     -2 (VIOLATED)
clkbuf_leaf_124_wb_clk_i/X               10     12     -2 (VIOLATED)
clkbuf_leaf_126_wb_clk_i/X               10     12     -2 (VIOLATED)
clkbuf_leaf_26_wb_clk_i/X                10     12     -2 (VIOLATED)
clkbuf_leaf_35_wb_clk_i/X                10     12     -2 (VIOLATED)
clkbuf_leaf_69_wb_clk_i/X                10     12     -2 (VIOLATED)
clkbuf_leaf_70_wb_clk_i/X                10     12     -2 (VIOLATED)
clkbuf_leaf_76_wb_clk_i/X                10     12     -2 (VIOLATED)
clkbuf_leaf_77_wb_clk_i/X                10     12     -2 (VIOLATED)
clkbuf_leaf_93_wb_clk_i/X                10     12     -2 (VIOLATED)
clkbuf_leaf_99_wb_clk_i/X                10     12     -2 (VIOLATED)
fanout1013/X                             10     12     -2 (VIOLATED)
fanout1014/X                             10     12     -2 (VIOLATED)
fanout1028/X                             10     12     -2 (VIOLATED)
fanout1035/X                             10     12     -2 (VIOLATED)
fanout1036/X                             10     12     -2 (VIOLATED)
fanout1047/X                             10     12     -2 (VIOLATED)
fanout1051/X                             10     12     -2 (VIOLATED)
fanout1052/X                             10     12     -2 (VIOLATED)
fanout1069/X                             10     12     -2 (VIOLATED)
fanout1075/X                             10     12     -2 (VIOLATED)
fanout1089/X                             10     12     -2 (VIOLATED)
fanout1096/X                             10     12     -2 (VIOLATED)
fanout1101/X                             10     12     -2 (VIOLATED)
fanout1113/X                             10     12     -2 (VIOLATED)
fanout1124/X                             10     12     -2 (VIOLATED)
fanout1132/X                             10     12     -2 (VIOLATED)
fanout1139/X                             10     12     -2 (VIOLATED)
fanout1142/X                             10     12     -2 (VIOLATED)
fanout1149/X                             10     12     -2 (VIOLATED)
fanout1173/X                             10     12     -2 (VIOLATED)
fanout1176/X                             10     12     -2 (VIOLATED)
fanout1182/X                             10     12     -2 (VIOLATED)
fanout1185/X                             10     12     -2 (VIOLATED)
fanout1195/X                             10     12     -2 (VIOLATED)
fanout1199/X                             10     12     -2 (VIOLATED)
fanout1204/X                             10     12     -2 (VIOLATED)
fanout1207/X                             10     12     -2 (VIOLATED)
fanout1213/X                             10     12     -2 (VIOLATED)
fanout1231/X                             10     12     -2 (VIOLATED)
fanout1285/X                             10     12     -2 (VIOLATED)
fanout1332/X                             10     12     -2 (VIOLATED)
fanout1352/X                             10     12     -2 (VIOLATED)
fanout1373/X                             10     12     -2 (VIOLATED)
fanout1391/X                             10     12     -2 (VIOLATED)
fanout1392/X                             10     12     -2 (VIOLATED)
fanout1413/X                             10     12     -2 (VIOLATED)
fanout1426/X                             10     12     -2 (VIOLATED)
fanout1427/X                             10     12     -2 (VIOLATED)
fanout293/X                              10     12     -2 (VIOLATED)
fanout307/X                              10     12     -2 (VIOLATED)
fanout313/X                              10     12     -2 (VIOLATED)
fanout318/X                              10     12     -2 (VIOLATED)
fanout338/X                              10     12     -2 (VIOLATED)
fanout357/X                              10     12     -2 (VIOLATED)
fanout385/X                              10     12     -2 (VIOLATED)
fanout418/X                              10     12     -2 (VIOLATED)
fanout471/X                              10     12     -2 (VIOLATED)
fanout473/X                              10     12     -2 (VIOLATED)
fanout476/X                              10     12     -2 (VIOLATED)
fanout485/X                              10     12     -2 (VIOLATED)
fanout493/X                              10     12     -2 (VIOLATED)
fanout495/X                              10     12     -2 (VIOLATED)
fanout507/X                              10     12     -2 (VIOLATED)
fanout528/X                              10     12     -2 (VIOLATED)
fanout590/X                              10     12     -2 (VIOLATED)
fanout601/X                              10     12     -2 (VIOLATED)
fanout630/X                              10     12     -2 (VIOLATED)
fanout651/X                              10     12     -2 (VIOLATED)
fanout677/X                              10     12     -2 (VIOLATED)
fanout682/X                              10     12     -2 (VIOLATED)
fanout731/X                              10     12     -2 (VIOLATED)
fanout732/X                              10     12     -2 (VIOLATED)
fanout741/X                              10     12     -2 (VIOLATED)
fanout746/X                              10     12     -2 (VIOLATED)
fanout754/X                              10     12     -2 (VIOLATED)
fanout757/X                              10     12     -2 (VIOLATED)
fanout772/X                              10     12     -2 (VIOLATED)
fanout801/X                              10     12     -2 (VIOLATED)
fanout803/X                              10     12     -2 (VIOLATED)
fanout817/X                              10     12     -2 (VIOLATED)
fanout843/X                              10     12     -2 (VIOLATED)
fanout845/X                              10     12     -2 (VIOLATED)
fanout847/X                              10     12     -2 (VIOLATED)
fanout855/X                              10     12     -2 (VIOLATED)
fanout870/X                              10     12     -2 (VIOLATED)
fanout875/X                              10     12     -2 (VIOLATED)
fanout881/X                              10     12     -2 (VIOLATED)
fanout893/X                              10     12     -2 (VIOLATED)
fanout922/X                              10     12     -2 (VIOLATED)
fanout928/X                              10     12     -2 (VIOLATED)
fanout969/X                              10     12     -2 (VIOLATED)
fanout989/X                              10     12     -2 (VIOLATED)
fanout998/X                              10     12     -2 (VIOLATED)
clkbuf_leaf_100_wb_clk_i/X               10     11        (VIOLATED)
clkbuf_leaf_17_wb_clk_i/X                10     11        (VIOLATED)
clkbuf_leaf_23_wb_clk_i/X                10     11        (VIOLATED)
clkbuf_leaf_4_wb_clk_i/X                 10     11        (VIOLATED)
clkbuf_leaf_55_wb_clk_i/X                10     11        (VIOLATED)
clkbuf_leaf_85_wb_clk_i/X                10     11        (VIOLATED)
clkbuf_leaf_90_wb_clk_i/X                10     11        (VIOLATED)
clkbuf_leaf_91_wb_clk_i/X                10     11        (VIOLATED)

max capacitance

Pin                                        Limit         Cap       Slack
------------------------------------------------------------------------
fanout795/X                             0.200000    0.212306   -0.012306 (VIOLATED)
fanout1003/X                            0.200000    0.211184   -0.011184 (VIOLATED)
fanout1029/X                            0.200000    0.206726   -0.006726 (VIOLATED)
fanout389/X                             0.200000    0.202227   -0.002227 (VIOLATED)



===========================================================================
report_parasitic_annotation -report_unannotated
============================================================================
Found 448 unannotated drivers.
 gpio_in[1]
 gpio_in[2]
 gpio_in[36]
 gpio_in[37]
 gpio_in[3]
 gpio_in[4]
 la_data_in[0]
 la_data_in[100]
 la_data_in[101]
 la_data_in[102]
 la_data_in[103]
 la_data_in[104]
 la_data_in[105]
 la_data_in[106]
 la_data_in[107]
 la_data_in[108]
 la_data_in[109]
 la_data_in[10]
 la_data_in[110]
 la_data_in[111]
 la_data_in[112]
 la_data_in[113]
 la_data_in[114]
 la_data_in[115]
 la_data_in[116]
 la_data_in[117]
 la_data_in[118]
 la_data_in[119]
 la_data_in[11]
 la_data_in[120]
 la_data_in[121]
 la_data_in[122]
 la_data_in[123]
 la_data_in[124]
 la_data_in[125]
 la_data_in[126]
 la_data_in[127]
 la_data_in[12]
 la_data_in[13]
 la_data_in[14]
 la_data_in[15]
 la_data_in[16]
 la_data_in[17]
 la_data_in[18]
 la_data_in[19]
 la_data_in[1]
 la_data_in[20]
 la_data_in[21]
 la_data_in[22]
 la_data_in[23]
 la_data_in[24]
 la_data_in[25]
 la_data_in[26]
 la_data_in[27]
 la_data_in[28]
 la_data_in[29]
 la_data_in[2]
 la_data_in[30]
 la_data_in[31]
 la_data_in[32]
 la_data_in[33]
 la_data_in[34]
 la_data_in[35]
 la_data_in[36]
 la_data_in[37]
 la_data_in[38]
 la_data_in[39]
 la_data_in[3]
 la_data_in[40]
 la_data_in[41]
 la_data_in[42]
 la_data_in[43]
 la_data_in[44]
 la_data_in[45]
 la_data_in[46]
 la_data_in[47]
 la_data_in[48]
 la_data_in[49]
 la_data_in[4]
 la_data_in[50]
 la_data_in[51]
 la_data_in[52]
 la_data_in[53]
 la_data_in[54]
 la_data_in[55]
 la_data_in[56]
 la_data_in[57]
 la_data_in[58]
 la_data_in[59]
 la_data_in[5]
 la_data_in[60]
 la_data_in[61]
 la_data_in[62]
 la_data_in[63]
 la_data_in[64]
 la_data_in[65]
 la_data_in[66]
 la_data_in[67]
 la_data_in[68]
 la_data_in[69]
 la_data_in[6]
 la_data_in[70]
 la_data_in[71]
 la_data_in[72]
 la_data_in[73]
 la_data_in[74]
 la_data_in[75]
 la_data_in[76]
 la_data_in[77]
 la_data_in[78]
 la_data_in[79]
 la_data_in[7]
 la_data_in[80]
 la_data_in[81]
 la_data_in[82]
 la_data_in[83]
 la_data_in[84]
 la_data_in[85]
 la_data_in[86]
 la_data_in[87]
 la_data_in[88]
 la_data_in[89]
 la_data_in[8]
 la_data_in[90]
 la_data_in[91]
 la_data_in[92]
 la_data_in[93]
 la_data_in[94]
 la_data_in[95]
 la_data_in[96]
 la_data_in[97]
 la_data_in[98]
 la_data_in[99]
 la_data_in[9]
 la_oenb[0]
 la_oenb[100]
 la_oenb[101]
 la_oenb[102]
 la_oenb[103]
 la_oenb[104]
 la_oenb[105]
 la_oenb[106]
 la_oenb[107]
 la_oenb[108]
 la_oenb[109]
 la_oenb[10]
 la_oenb[110]
 la_oenb[111]
 la_oenb[112]
 la_oenb[113]
 la_oenb[114]
 la_oenb[115]
 la_oenb[116]
 la_oenb[117]
 la_oenb[118]
 la_oenb[119]
 la_oenb[11]
 la_oenb[120]
 la_oenb[121]
 la_oenb[122]
 la_oenb[123]
 la_oenb[124]
 la_oenb[125]
 la_oenb[126]
 la_oenb[127]
 la_oenb[12]
 la_oenb[13]
 la_oenb[14]
 la_oenb[15]
 la_oenb[16]
 la_oenb[17]
 la_oenb[18]
 la_oenb[19]
 la_oenb[1]
 la_oenb[20]
 la_oenb[21]
 la_oenb[22]
 la_oenb[23]
 la_oenb[24]
 la_oenb[25]
 la_oenb[26]
 la_oenb[27]
 la_oenb[28]
 la_oenb[29]
 la_oenb[2]
 la_oenb[30]
 la_oenb[31]
 la_oenb[32]
 la_oenb[33]
 la_oenb[34]
 la_oenb[35]
 la_oenb[36]
 la_oenb[37]
 la_oenb[38]
 la_oenb[39]
 la_oenb[3]
 la_oenb[40]
 la_oenb[41]
 la_oenb[42]
 la_oenb[43]
 la_oenb[44]
 la_oenb[45]
 la_oenb[46]
 la_oenb[47]
 la_oenb[48]
 la_oenb[49]
 la_oenb[4]
 la_oenb[50]
 la_oenb[51]
 la_oenb[52]
 la_oenb[53]
 la_oenb[54]
 la_oenb[55]
 la_oenb[56]
 la_oenb[57]
 la_oenb[58]
 la_oenb[59]
 la_oenb[5]
 la_oenb[60]
 la_oenb[61]
 la_oenb[62]
 la_oenb[63]
 la_oenb[64]
 la_oenb[65]
 la_oenb[66]
 la_oenb[67]
 la_oenb[68]
 la_oenb[69]
 la_oenb[6]
 la_oenb[70]
 la_oenb[71]
 la_oenb[72]
 la_oenb[73]
 la_oenb[74]
 la_oenb[75]
 la_oenb[76]
 la_oenb[77]
 la_oenb[78]
 la_oenb[79]
 la_oenb[7]
 la_oenb[80]
 la_oenb[81]
 la_oenb[82]
 la_oenb[83]
 la_oenb[84]
 la_oenb[85]
 la_oenb[86]
 la_oenb[87]
 la_oenb[88]
 la_oenb[89]
 la_oenb[8]
 la_oenb[90]
 la_oenb[91]
 la_oenb[92]
 la_oenb[93]
 la_oenb[94]
 la_oenb[95]
 la_oenb[96]
 la_oenb[97]
 la_oenb[98]
 la_oenb[99]
 la_oenb[9]
 wbs_dat_i[10]
 wbs_dat_i[11]
 wbs_dat_i[12]
 wbs_dat_i[13]
 wbs_dat_i[14]
 wbs_dat_i[15]
 wbs_dat_i[16]
 wbs_dat_i[17]
 wbs_dat_i[18]
 wbs_dat_i[19]
 wbs_dat_i[1]
 wbs_dat_i[20]
 wbs_dat_i[21]
 wbs_dat_i[22]
 wbs_dat_i[23]
 wbs_dat_i[24]
 wbs_dat_i[25]
 wbs_dat_i[26]
 wbs_dat_i[27]
 wbs_dat_i[28]
 wbs_dat_i[29]
 wbs_dat_i[2]
 wbs_dat_i[30]
 wbs_dat_i[31]
 wbs_dat_i[3]
 wbs_dat_i[4]
 wbs_dat_i[5]
 wbs_dat_i[6]
 wbs_dat_i[7]
 wbs_dat_i[8]
 wbs_dat_i[9]
 wbs_sel_i[0]
 wbs_sel_i[1]
 wbs_sel_i[2]
 wbs_sel_i[3]
 _15049__1575/LO
 _15050__1576/LO
 _15051__1577/LO
 _15052__1578/LO
 _15053__1428/HI
 _15054__1429/HI
 _15055__1430/HI
 _15056__1431/HI
 _15057__1432/HI
 _15058__1433/HI
 _15059__1434/HI
 _15060__1435/HI
 _15061__1436/HI
 _15062__1437/HI
 _15063__1438/HI
 _15064__1439/HI
 _15065__1440/HI
 _15066__1441/HI
 _15067__1442/HI
 _15068__1443/HI
 _15069__1444/HI
 _15070__1445/HI
 _15071__1446/HI
 _15072__1447/HI
 _15073__1448/HI
 _15074__1449/HI
 _15075__1450/HI
 _15076__1451/HI
 _15077__1452/HI
 _15078__1453/HI
 _15079__1454/HI
 _15080__1455/HI
 _15081__1456/HI
 _15082__1457/HI
 _15083__1458/HI
 _15084__1459/HI
 _15085__1460/HI
 _15086__1461/HI
 _15087__1462/HI
 _15088__1463/HI
 _15089__1464/HI
 _15090__1465/HI
 _15091__1466/HI
 _15092__1467/HI
 _15093__1468/HI
 _15094__1469/HI
 _15095__1470/HI
 _15096__1471/HI
 _15097__1472/HI
 _15098__1473/HI
 _15099__1474/HI
 _15100__1475/HI
 _15101__1476/HI
 _15102__1477/HI
 _15103__1478/HI
 _15104__1479/HI
 _15105__1480/HI
 _15106__1481/HI
 _15107__1482/HI
 _15108__1483/HI
 _15109__1484/HI
 _15110__1485/HI
 _15111__1486/HI
 _15112__1487/HI
 _15113__1488/HI
 _15114__1489/HI
 _15115__1490/HI
 _15116__1491/HI
 _15117__1492/HI
 _15118__1493/HI
 _15119__1494/HI
 _15120__1495/HI
 _15121__1496/HI
 _15122__1497/HI
 _15123__1498/HI
 _15124__1499/HI
 _15125__1500/HI
 _15126__1501/HI
 _15127__1502/HI
 _15128__1503/HI
 _15129__1504/HI
 _15130__1505/HI
 _15131__1506/HI
 _15132__1507/HI
 _15133__1508/HI
 _15134__1509/HI
 _15135__1510/HI
 _15136__1511/HI
 _15137__1512/HI
 _15138__1513/HI
 _15139__1514/HI
 _15140__1515/HI
 _15141__1516/HI
 _15142__1517/HI
 _15143__1518/HI
 _15144__1519/HI
 _15145__1520/HI
 _15146__1521/HI
 _15147__1522/HI
 _15148__1523/HI
 _15149__1524/HI
 _15150__1525/HI
 _15151__1526/HI
 _15152__1527/HI
 _15153__1528/HI
 _15154__1529/HI
 _15155__1530/HI
 _15156__1531/HI
 _15157__1532/HI
 _15158__1533/HI
 _15159__1534/HI
 _15160__1535/HI
 _15161__1536/HI
 _15162__1537/HI
 _15163__1538/HI
 _15164__1539/HI
 _15165__1540/HI
 _15166__1541/HI
 _15167__1542/HI
 _15168__1543/HI
 _15169__1544/HI
 _15170__1545/HI
 _15171__1546/HI
 _15172__1547/HI
 _15173__1548/HI
 _15174__1549/HI
 _15175__1550/HI
 _15176__1551/HI
 _15177__1552/HI
 _15178__1553/HI
 _15179__1554/HI
 _15180__1555/HI
 _15181__1556/HI
 _15182__1557/HI
 _15183__1558/HI
 _15184__1559/HI
 _15185__1560/HI
 _15186__1561/HI
 _15187__1562/HI
 _15188__1563/HI
 _15189__1564/HI
 _15190__1565/HI
 _15191__1566/HI
 _15195__1567/HI
 _15199__1568/HI
 _15205__1569/HI
 _15208__1570/HI
 _15211__1571/HI
 _15213__1572/HI
 _15215__1573/HI
 _15220__1574/HI
Found 0 partially unannotated drivers.

===========================================================================
max slew violation count 0
max fanout violation count 952
max cap violation count 4
============================================================================

===========================================================================
check_setup -verbose -unconstrained_endpoints -multiple_clock -no_clock -no_input_delay -loops -generated_clocks
===========================================================================
Warning: There are 151 unconstrained endpoints.
  gpio_oeb[1]
  gpio_oeb[2]
  gpio_oeb[36]
  gpio_oeb[37]
  gpio_oeb[3]
  gpio_oeb[4]
  gpio_out[1]
  gpio_out[2]
  gpio_out[36]
  gpio_out[37]
  gpio_out[3]
  gpio_out[4]
  irq[0]
  irq[1]
  irq[2]
  la_data_out[0]
  la_data_out[100]
  la_data_out[101]
  la_data_out[102]
  la_data_out[103]
  la_data_out[104]
  la_data_out[105]
  la_data_out[106]
  la_data_out[107]
  la_data_out[108]
  la_data_out[109]
  la_data_out[10]
  la_data_out[110]
  la_data_out[111]
  la_data_out[112]
  la_data_out[113]
  la_data_out[114]
  la_data_out[115]
  la_data_out[116]
  la_data_out[117]
  la_data_out[118]
  la_data_out[119]
  la_data_out[11]
  la_data_out[120]
  la_data_out[121]
  la_data_out[122]
  la_data_out[123]
  la_data_out[124]
  la_data_out[125]
  la_data_out[126]
  la_data_out[127]
  la_data_out[12]
  la_data_out[13]
  la_data_out[14]
  la_data_out[15]
  la_data_out[16]
  la_data_out[17]
  la_data_out[18]
  la_data_out[19]
  la_data_out[1]
  la_data_out[20]
  la_data_out[21]
  la_data_out[22]
  la_data_out[23]
  la_data_out[24]
  la_data_out[25]
  la_data_out[26]
  la_data_out[27]
  la_data_out[28]
  la_data_out[29]
  la_data_out[2]
  la_data_out[30]
  la_data_out[31]
  la_data_out[32]
  la_data_out[33]
  la_data_out[34]
  la_data_out[35]
  la_data_out[36]
  la_data_out[37]
  la_data_out[38]
  la_data_out[39]
  la_data_out[3]
  la_data_out[40]
  la_data_out[41]
  la_data_out[42]
  la_data_out[43]
  la_data_out[44]
  la_data_out[45]
  la_data_out[46]
  la_data_out[47]
  la_data_out[48]
  la_data_out[49]
  la_data_out[4]
  la_data_out[50]
  la_data_out[51]
  la_data_out[52]
  la_data_out[53]
  la_data_out[54]
  la_data_out[55]
  la_data_out[56]
  la_data_out[57]
  la_data_out[58]
  la_data_out[59]
  la_data_out[5]
  la_data_out[60]
  la_data_out[61]
  la_data_out[62]
  la_data_out[63]
  la_data_out[64]
  la_data_out[65]
  la_data_out[66]
  la_data_out[67]
  la_data_out[68]
  la_data_out[69]
  la_data_out[6]
  la_data_out[70]
  la_data_out[71]
  la_data_out[72]
  la_data_out[73]
  la_data_out[74]
  la_data_out[75]
  la_data_out[76]
  la_data_out[77]
  la_data_out[78]
  la_data_out[79]
  la_data_out[7]
  la_data_out[80]
  la_data_out[81]
  la_data_out[82]
  la_data_out[83]
  la_data_out[84]
  la_data_out[85]
  la_data_out[86]
  la_data_out[87]
  la_data_out[88]
  la_data_out[89]
  la_data_out[8]
  la_data_out[90]
  la_data_out[91]
  la_data_out[92]
  la_data_out[93]
  la_data_out[94]
  la_data_out[95]
  la_data_out[96]
  la_data_out[97]
  la_data_out[98]
  la_data_out[99]
  la_data_out[9]
  wbs_dat_o[14]
  wbs_dat_o[17]
  wbs_dat_o[20]
  wbs_dat_o[22]
  wbs_dat_o[24]
  wbs_dat_o[29]
  wbs_dat_o[4]
  wbs_dat_o[8]
