
===========================================================================
report_checks -unconstrained
===========================================================================
======================= min_tt_025C_1v80 Corner ===================================

Startpoint: wb_rst_i (input port clocked by clk)
Endpoint: _6_ (recovery check against rising-edge clock clk)
Path Group: asynchronous
Path Type: max

Fanout         Cap        Slew       Delay        Time   Description
---------------------------------------------------------------------------------------------
                                  0.000000    0.000000   clock clk (rise edge)
                                  5.570000    5.570000   clock network delay (propagated)
                                 12.500000   18.070000 v input external delay
     1    0.002550    0.000000    0.000000   18.070000 v wb_rst_i (in)
                                                         wb_rst_i (net)
                      0.000023    0.000012   18.070011 v input1/A (sky130_fd_sc_hd__clkbuf_1)
     1    0.007863    0.052850    0.096936   18.166948 v input1/X (sky130_fd_sc_hd__clkbuf_1)
                                                         net1 (net)
                      0.052850    0.000233   18.167181 v _3_/A (sky130_fd_sc_hd__inv_2)
     1    0.004593    0.029728    0.052397   18.219578 ^ _3_/Y (sky130_fd_sc_hd__inv_2)
                                                         _1_ (net)
                      0.029728    0.000030   18.219608 ^ _6_/RESET_B (sky130_fd_sc_hd__dfrtp_1)
                                             18.219608   data arrival time

                                 25.000000   25.000000   clock clk (rise edge)
                                  4.650000   29.650000   clock source latency
     1    0.062728    0.610000    0.000000   29.650000 ^ wb_clk_i (in)
                                                         wb_clk_i (net)
                      0.626723    0.007944   29.657942 ^ clkbuf_0_wb_clk_i/A (sky130_fd_sc_hd__clkbuf_16)
     2    0.062536    0.090185    0.282176   29.940119 ^ clkbuf_0_wb_clk_i/X (sky130_fd_sc_hd__clkbuf_16)
                                                         clknet_0_wb_clk_i (net)
                      0.090971    0.006214   29.946333 ^ clkbuf_1_0__f_wb_clk_i/A (sky130_fd_sc_hd__clkbuf_16)
     1    0.012603    0.035606    0.128409   30.074741 ^ clkbuf_1_0__f_wb_clk_i/X (sky130_fd_sc_hd__clkbuf_16)
                                                         clknet_1_0__leaf_wb_clk_i (net)
                      0.035607    0.000576   30.075317 ^ _6_/CLK (sky130_fd_sc_hd__dfrtp_1)
                                 -0.100000   29.975319   clock uncertainty
                                  0.000000   29.975319   clock reconvergence pessimism
                                  0.231412   30.206732   library recovery time
                                             30.206732   data required time
---------------------------------------------------------------------------------------------
                                             30.206732   data required time
                                            -18.219608   data arrival time
---------------------------------------------------------------------------------------------
                                             11.987124   slack (MET)


Startpoint: wbs_dat_i[1] (input port clocked by clk)
Endpoint: SRAM_0 (rising edge-triggered flip-flop clocked by clk)
Path Group: clk
Path Type: max

Fanout         Cap        Slew       Delay        Time   Description
---------------------------------------------------------------------------------------------
                                  0.000000    0.000000   clock clk (rise edge)
                                  5.570000    5.570000   clock network delay (propagated)
                                  4.610000   10.180000 ^ input external delay
     1    0.003137    0.840000    0.000000   10.180000 ^ wbs_dat_i[1] (in)
                                                         wbs_dat_i[1] (net)
                      0.840046    0.000024   10.180024 ^ hold123/A (sky130_fd_sc_hd__dlygate4sd3_1)
     1    0.002314    0.050701    0.674858   10.854882 ^ hold123/X (sky130_fd_sc_hd__dlygate4sd3_1)
                                                         net215 (net)
                      0.050701    0.000013   10.854896 ^ hold9/A (sky130_fd_sc_hd__dlygate4sd3_1)
     1    0.004801    0.070387    0.580781   11.435677 ^ hold9/X (sky130_fd_sc_hd__dlygate4sd3_1)
                                                         net101 (net)
                      0.070387    0.000089   11.435765 ^ input24/A (sky130_fd_sc_hd__buf_4)
     1    0.014325    0.051756    0.132882   11.568647 ^ input24/X (sky130_fd_sc_hd__buf_4)
                                                         net24 (net)
                      0.051766    0.000771   11.569419 ^ hold10/A (sky130_fd_sc_hd__dlygate4sd3_1)
     1    0.069597    0.672664    1.033180   12.602598 ^ hold10/X (sky130_fd_sc_hd__dlygate4sd3_1)
                                                         net102 (net)
                      0.673246    0.013396   12.615994 ^ SRAM_0/DI[1] (EF_SRAM_1024x32_wrapper)
                                             12.615994   data arrival time

                                 25.000000   25.000000   clock clk (rise edge)
                                  4.650000   29.650000   clock source latency
     1    0.062728    0.610000    0.000000   29.650000 ^ wb_clk_i (in)
                                                         wb_clk_i (net)
                      0.626723    0.007944   29.657942 ^ clkbuf_0_wb_clk_i/A (sky130_fd_sc_hd__clkbuf_16)
     2    0.062536    0.090185    0.282176   29.940119 ^ clkbuf_0_wb_clk_i/X (sky130_fd_sc_hd__clkbuf_16)
                                                         clknet_0_wb_clk_i (net)
                      0.090190    0.000533   29.940651 ^ clkbuf_1_1__f_wb_clk_i/A (sky130_fd_sc_hd__clkbuf_16)
     1    0.133663    0.147427    0.208637   30.149288 ^ clkbuf_1_1__f_wb_clk_i/X (sky130_fd_sc_hd__clkbuf_16)
                                                         clknet_1_1__leaf_wb_clk_i (net)
                      0.148782    0.010726   30.160013 ^ SRAM_0/CLKin (EF_SRAM_1024x32_wrapper)
                                 -0.100000   30.060017   clock uncertainty
                                  0.000000   30.060017   clock reconvergence pessimism
                                 -0.768000   29.292015   library setup time
                                             29.292015   data required time
---------------------------------------------------------------------------------------------
                                             29.292015   data required time
                                            -12.615994   data arrival time
---------------------------------------------------------------------------------------------
                                             16.676020   slack (MET)




===========================================================================
report_checks --slack_max -0.01
============================================================================
======================= min_tt_025C_1v80 Corner ===================================

No paths found.


===========================================================================
 report_check_types -max_slew -max_cap -max_fanout -violators
============================================================================
======================= min_tt_025C_1v80 Corner ===================================



===========================================================================
report_parasitic_annotation -report_unannotated
============================================================================
Found 32 unannotated drivers.
 wbs_adr_i[10]
 wbs_adr_i[11]
 wbs_adr_i[12]
 wbs_adr_i[13]
 wbs_adr_i[14]
 wbs_adr_i[15]
 wbs_adr_i[16]
 wbs_adr_i[17]
 wbs_adr_i[18]
 wbs_adr_i[19]
 wbs_adr_i[20]
 wbs_adr_i[21]
 wbs_adr_i[22]
 wbs_adr_i[23]
 wbs_adr_i[24]
 wbs_adr_i[25]
 wbs_adr_i[26]
 wbs_adr_i[27]
 wbs_adr_i[28]
 wbs_adr_i[29]
 wbs_adr_i[30]
 wbs_adr_i[31]
 SRAM_0/ScanOutCC
 SRAM_0_84/HI
 SRAM_0_85/HI
 SRAM_0_86/HI
 SRAM_0_87/HI
 SRAM_0_88/HI
 SRAM_0_89/HI
 SRAM_0_90/HI
 SRAM_0_91/LO
 SRAM_0_92/LO
Found 0 partially unannotated drivers.

===========================================================================
max slew violation count 0
max fanout violation count 0
max cap violation count 0
============================================================================

===========================================================================
check_setup -verbose -unconstrained_endpoints -multiple_clock -no_clock -no_input_delay -loops -generated_clocks
===========================================================================
Warning: There are 5 unconstrained endpoints.
  SRAM_0/SM
  SRAM_0/ScanInCC
  SRAM_0/ScanInDL
  SRAM_0/ScanInDR
  SRAM_0/TM
