
===========================================================================
report_checks -unconstrained
===========================================================================
======================= nom_ss_100C_1v60 Corner ===================================

Startpoint: wb_rst_i (input port clocked by wb_clk_i)
Endpoint: _9205_ (recovery check against rising-edge clock wb_clk_i)
Path Group: asynchronous
Path Type: max

Fanout         Cap        Slew       Delay        Time   Description
---------------------------------------------------------------------------------------------
                                  0.000000    0.000000   clock wb_clk_i (rise edge)
                                  0.000000    0.000000   clock network delay (propagated)
                                 20.000000   20.000000 v input external delay
     2    0.003890    0.022701    0.012665   20.012667 v wb_rst_i (in)
                                                         wb_rst_i (net)
                      0.022701    0.000000   20.012667 v input4/A (sky130_fd_sc_hd__buf_1)
     3    0.014411    0.171242    0.235632   20.248299 v input4/X (sky130_fd_sc_hd__buf_1)
                                                         net4 (net)
                      0.171242    0.000304   20.248602 v _4680_/A (sky130_fd_sc_hd__or3b_4)
     9    0.080993    0.298905    1.058957   21.307558 v _4680_/X (sky130_fd_sc_hd__or3b_4)
                                                         _0637_ (net)
                      0.299343    0.009912   21.317471 v _4681_/A (sky130_fd_sc_hd__inv_2)
     1    0.011267    0.125277    0.202800   21.520271 ^ _4681_/Y (sky130_fd_sc_hd__inv_2)
                                                         team_08_WB.instance_to_wrap.allocation.game.cactus1size.clock_div_inst0.reset (net)
                      0.125278    0.000597   21.520868 ^ fanout254/A (sky130_fd_sc_hd__buf_4)
    11    0.092044    0.404206    0.478369   21.999237 ^ fanout254/X (sky130_fd_sc_hd__buf_4)
                                                         net254 (net)
                      0.404327    0.000885   22.000122 ^ fanout232/A (sky130_fd_sc_hd__buf_2)
    11    0.060668    0.468669    0.621927   22.622049 ^ fanout232/X (sky130_fd_sc_hd__buf_2)
                                                         net232 (net)
                      0.468670    0.000648   22.622698 ^ fanout231/A (sky130_fd_sc_hd__clkbuf_4)
    15    0.064179    0.311620    0.602164   23.224861 ^ fanout231/X (sky130_fd_sc_hd__clkbuf_4)
                                                         net231 (net)
                      0.311620    0.001311   23.226171 ^ fanout230/A (sky130_fd_sc_hd__clkbuf_4)
    21    0.069189    0.332883    0.549619   23.775791 ^ fanout230/X (sky130_fd_sc_hd__clkbuf_4)
                                                         net230 (net)
                      0.332883    0.000677   23.776468 ^ fanout229/A (sky130_fd_sc_hd__clkbuf_4)
    10    0.050055    0.249371    0.497533   24.274000 ^ fanout229/X (sky130_fd_sc_hd__clkbuf_4)
                                                         net229 (net)
                      0.249376    0.001622   24.275621 ^ _9205_/SET_B (sky130_fd_sc_hd__dfstp_1)
                                             24.275621   data arrival time

                                100.000000  100.000000   clock wb_clk_i (rise edge)
                                  0.000000  100.000000   clock source latency
     2    0.059280    0.423714    0.302926  100.302925 ^ wb_clk_i (in)
                                                         wb_clk_i (net)
                      0.424439    0.000000  100.302925 ^ clkbuf_0_wb_clk_i/A (sky130_fd_sc_hd__clkbuf_16)
     9    0.115230    0.199304    0.483951  100.786873 ^ clkbuf_0_wb_clk_i/X (sky130_fd_sc_hd__clkbuf_16)
                                                         clknet_0_wb_clk_i (net)
                      0.199382    0.003702  100.790573 ^ clkbuf_2_1__f_wb_clk_i/A (sky130_fd_sc_hd__clkbuf_16)
    27    0.152854    0.250628    0.428791  101.219368 ^ clkbuf_2_1__f_wb_clk_i/X (sky130_fd_sc_hd__clkbuf_16)
                                                         clknet_2_1__leaf_wb_clk_i (net)
                      0.251071    0.007624  101.226990 ^ clkbuf_leaf_19_wb_clk_i/A (sky130_fd_sc_hd__clkbuf_8)
    12    0.041044    0.132668    0.361595  101.588585 ^ clkbuf_leaf_19_wb_clk_i/X (sky130_fd_sc_hd__clkbuf_8)
                                                         clknet_leaf_19_wb_clk_i (net)
                      0.132671    0.000909  101.589493 ^ _9205_/CLK (sky130_fd_sc_hd__dfstp_1)
                                 -0.250000  101.339500   clock uncertainty
                                  0.000000  101.339500   clock reconvergence pessimism
                                  0.264175  101.603668   library recovery time
                                            101.603668   data required time
---------------------------------------------------------------------------------------------
                                            101.603668   data required time
                                            -24.275621   data arrival time
---------------------------------------------------------------------------------------------
                                             77.328049   slack (MET)


Startpoint: wbs_adr_i[25] (input port clocked by wb_clk_i)
Endpoint: wbs_dat_o[0] (output port clocked by wb_clk_i)
Path Group: wb_clk_i
Path Type: max

Fanout         Cap        Slew       Delay        Time   Description
---------------------------------------------------------------------------------------------
                                  0.000000    0.000000   clock wb_clk_i (rise edge)
                                  0.000000    0.000000   clock network delay (propagated)
                                 20.000000   20.000000 v input external delay
     2    0.004044    0.023313    0.013152   20.013153 v wbs_adr_i[25] (in)
                                                         wbs_adr_i[25] (net)
                      0.023313    0.000000   20.013153 v input22/A (sky130_fd_sc_hd__clkbuf_2)
     3    0.040315    0.280978    0.343773   20.356926 v input22/X (sky130_fd_sc_hd__clkbuf_2)
                                                         net22 (net)
                      0.280986    0.001833   20.358759 v _4505_/A (sky130_fd_sc_hd__or4_1)
     1    0.002445    0.171317    1.265812   21.624571 v _4505_/X (sky130_fd_sc_hd__or4_1)
                                                         _0476_ (net)
                      0.171317    0.000055   21.624626 v _4507_/C (sky130_fd_sc_hd__or4_2)
     3    0.033270    0.393675    1.786940   23.411566 v _4507_/X (sky130_fd_sc_hd__or4_2)
                                                         _0478_ (net)
                      0.393675    0.001400   23.412966 v _4508_/D (sky130_fd_sc_hd__or4_1)
     2    0.008875    0.249017    1.180123   24.593090 v _4508_/X (sky130_fd_sc_hd__or4_1)
                                                         net88 (net)
                      0.249017    0.000238   24.593327 v fanout266/A (sky130_fd_sc_hd__buf_2)
    10    0.037173    0.178124    0.438645   25.031971 v fanout266/X (sky130_fd_sc_hd__buf_2)
                                                         net266 (net)
                      0.178177    0.002929   25.034901 v fanout264/A (sky130_fd_sc_hd__clkbuf_2)
    10    0.025763    0.185468    0.346258   25.381159 v fanout264/X (sky130_fd_sc_hd__clkbuf_2)
                                                         net264 (net)
                      0.185476    0.001437   25.382597 v _7093_/B (sky130_fd_sc_hd__or2_1)
     1    0.008494    0.146979    0.567015   25.949612 v _7093_/X (sky130_fd_sc_hd__or2_1)
                                                         net70 (net)
                      0.146979    0.000481   25.950092 v output70/A (sky130_fd_sc_hd__buf_2)
     1    0.034397    0.166493    0.381819   26.331911 v output70/X (sky130_fd_sc_hd__buf_2)
                                                         wbs_dat_o[0] (net)
                      0.166494    0.000755   26.332666 v wbs_dat_o[0] (out)
                                             26.332666   data arrival time

                                100.000000  100.000000   clock wb_clk_i (rise edge)
                                  0.000000  100.000000   clock network delay (propagated)
                                 -0.250000   99.750000   clock uncertainty
                                  0.000000   99.750000   clock reconvergence pessimism
                                -20.000000   79.750000   output external delay
                                             79.750000   data required time
---------------------------------------------------------------------------------------------
                                             79.750000   data required time
                                            -26.332666   data arrival time
---------------------------------------------------------------------------------------------
                                             53.417332   slack (MET)




===========================================================================
report_checks --slack_max -0.01
============================================================================
======================= nom_ss_100C_1v60 Corner ===================================

No paths found.


===========================================================================
 report_check_types -max_slew -max_cap -max_fanout -violators
============================================================================
======================= nom_ss_100C_1v60 Corner ===================================

max fanout

Pin                                   Limit Fanout  Slack
---------------------------------------------------------
clkbuf_2_0__f_wb_clk_i/X                 10     31    -21 (VIOLATED)
clkbuf_2_3__f_wb_clk_i/X                 10     31    -21 (VIOLATED)
clkbuf_leaf_29_wb_clk_i/X                10     31    -21 (VIOLATED)
clkbuf_2_2__f_wb_clk_i/X                 10     29    -19 (VIOLATED)
clkbuf_2_1__f_wb_clk_i/X                 10     27    -17 (VIOLATED)
_4448_/Y                                 10     21    -11 (VIOLATED)
_4698_/Y                                 10     21    -11 (VIOLATED)
_4731_/Y                                 10     21    -11 (VIOLATED)
_4741_/X                                 10     21    -11 (VIOLATED)
_4771_/X                                 10     21    -11 (VIOLATED)
_4808_/Y                                 10     21    -11 (VIOLATED)
_4857_/X                                 10     21    -11 (VIOLATED)
_4977_/X                                 10     21    -11 (VIOLATED)
_6489_/X                                 10     21    -11 (VIOLATED)
_7300_/X                                 10     21    -11 (VIOLATED)
_7301_/Y                                 10     21    -11 (VIOLATED)
_7373_/Y                                 10     21    -11 (VIOLATED)
_9122_/Q                                 10     21    -11 (VIOLATED)
_9135_/Q                                 10     21    -11 (VIOLATED)
_9322_/Q                                 10     21    -11 (VIOLATED)
_9445_/Q                                 10     21    -11 (VIOLATED)
_9448_/Q                                 10     21    -11 (VIOLATED)
fanout100/X                              10     21    -11 (VIOLATED)
fanout101/X                              10     21    -11 (VIOLATED)
fanout103/X                              10     21    -11 (VIOLATED)
fanout104/X                              10     21    -11 (VIOLATED)
fanout105/X                              10     21    -11 (VIOLATED)
fanout106/X                              10     21    -11 (VIOLATED)
fanout108/X                              10     21    -11 (VIOLATED)
fanout110/X                              10     21    -11 (VIOLATED)
fanout112/X                              10     21    -11 (VIOLATED)
fanout116/X                              10     21    -11 (VIOLATED)
fanout117/X                              10     21    -11 (VIOLATED)
fanout123/X                              10     21    -11 (VIOLATED)
fanout124/X                              10     21    -11 (VIOLATED)
fanout126/X                              10     21    -11 (VIOLATED)
fanout127/X                              10     21    -11 (VIOLATED)
fanout128/X                              10     21    -11 (VIOLATED)
fanout129/X                              10     21    -11 (VIOLATED)
fanout131/X                              10     21    -11 (VIOLATED)
fanout133/X                              10     21    -11 (VIOLATED)
fanout135/X                              10     21    -11 (VIOLATED)
fanout136/X                              10     21    -11 (VIOLATED)
fanout137/X                              10     21    -11 (VIOLATED)
fanout138/X                              10     21    -11 (VIOLATED)
fanout139/X                              10     21    -11 (VIOLATED)
fanout140/X                              10     21    -11 (VIOLATED)
fanout141/X                              10     21    -11 (VIOLATED)
fanout143/X                              10     21    -11 (VIOLATED)
fanout144/X                              10     21    -11 (VIOLATED)
fanout145/X                              10     21    -11 (VIOLATED)
fanout147/X                              10     21    -11 (VIOLATED)
fanout149/X                              10     21    -11 (VIOLATED)
fanout154/X                              10     21    -11 (VIOLATED)
fanout158/X                              10     21    -11 (VIOLATED)
fanout160/X                              10     21    -11 (VIOLATED)
fanout161/X                              10     21    -11 (VIOLATED)
fanout166/X                              10     21    -11 (VIOLATED)
fanout167/X                              10     21    -11 (VIOLATED)
fanout168/X                              10     21    -11 (VIOLATED)
fanout170/X                              10     21    -11 (VIOLATED)
fanout177/X                              10     21    -11 (VIOLATED)
fanout178/X                              10     21    -11 (VIOLATED)
fanout182/X                              10     21    -11 (VIOLATED)
fanout195/X                              10     21    -11 (VIOLATED)
fanout201/X                              10     21    -11 (VIOLATED)
fanout209/X                              10     21    -11 (VIOLATED)
fanout213/X                              10     21    -11 (VIOLATED)
fanout214/X                              10     21    -11 (VIOLATED)
fanout217/X                              10     21    -11 (VIOLATED)
fanout224/X                              10     21    -11 (VIOLATED)
fanout230/X                              10     21    -11 (VIOLATED)
fanout237/X                              10     21    -11 (VIOLATED)
fanout239/X                              10     21    -11 (VIOLATED)
fanout252/X                              10     21    -11 (VIOLATED)
fanout255/X                              10     21    -11 (VIOLATED)
fanout257/X                              10     21    -11 (VIOLATED)
fanout259/X                              10     21    -11 (VIOLATED)
fanout260/X                              10     21    -11 (VIOLATED)
fanout262/X                              10     21    -11 (VIOLATED)
fanout268/X                              10     21    -11 (VIOLATED)
fanout269/X                              10     21    -11 (VIOLATED)
fanout270/X                              10     21    -11 (VIOLATED)
fanout272/X                              10     21    -11 (VIOLATED)
fanout273/X                              10     21    -11 (VIOLATED)
fanout274/X                              10     21    -11 (VIOLATED)
fanout277/X                              10     21    -11 (VIOLATED)
fanout279/X                              10     21    -11 (VIOLATED)
fanout282/X                              10     21    -11 (VIOLATED)
fanout289/X                              10     21    -11 (VIOLATED)
fanout290/X                              10     21    -11 (VIOLATED)
fanout292/X                              10     21    -11 (VIOLATED)
fanout293/X                              10     21    -11 (VIOLATED)
fanout297/X                              10     21    -11 (VIOLATED)
fanout300/X                              10     21    -11 (VIOLATED)
fanout301/X                              10     21    -11 (VIOLATED)
fanout311/X                              10     21    -11 (VIOLATED)
fanout313/X                              10     21    -11 (VIOLATED)
fanout314/X                              10     21    -11 (VIOLATED)
fanout316/X                              10     21    -11 (VIOLATED)
fanout317/X                              10     21    -11 (VIOLATED)
fanout318/X                              10     21    -11 (VIOLATED)
fanout319/X                              10     21    -11 (VIOLATED)
fanout320/X                              10     21    -11 (VIOLATED)
fanout321/X                              10     21    -11 (VIOLATED)
fanout324/X                              10     21    -11 (VIOLATED)
fanout325/X                              10     21    -11 (VIOLATED)
fanout326/X                              10     21    -11 (VIOLATED)
fanout327/X                              10     21    -11 (VIOLATED)
fanout329/X                              10     21    -11 (VIOLATED)
fanout333/X                              10     21    -11 (VIOLATED)
fanout334/X                              10     21    -11 (VIOLATED)
fanout335/X                              10     21    -11 (VIOLATED)
fanout95/X                               10     21    -11 (VIOLATED)
fanout97/X                               10     21    -11 (VIOLATED)
fanout99/X                               10     21    -11 (VIOLATED)
_4449_/Y                                 10     19     -9 (VIOLATED)
_4765_/Y                                 10     19     -9 (VIOLATED)
_4819_/X                                 10     19     -9 (VIOLATED)
_4856_/Y                                 10     19     -9 (VIOLATED)
_4860_/Y                                 10     19     -9 (VIOLATED)
_4899_/Y                                 10     19     -9 (VIOLATED)
_4952_/Y                                 10     19     -9 (VIOLATED)
_4964_/Y                                 10     19     -9 (VIOLATED)
_4968_/Y                                 10     19     -9 (VIOLATED)
_4973_/X                                 10     19     -9 (VIOLATED)
_4990_/X                                 10     19     -9 (VIOLATED)
_7154_/Y                                 10     19     -9 (VIOLATED)
_7671_/X                                 10     19     -9 (VIOLATED)
_8407_/Y                                 10     19     -9 (VIOLATED)
_9326_/Q                                 10     19     -9 (VIOLATED)
_9443_/Q                                 10     19     -9 (VIOLATED)
_9446_/Q                                 10     19     -9 (VIOLATED)
clkbuf_leaf_28_wb_clk_i/X                10     19     -9 (VIOLATED)
fanout125/X                              10     19     -9 (VIOLATED)
fanout176/X                              10     19     -9 (VIOLATED)
fanout261/X                              10     19     -9 (VIOLATED)
fanout288/X                              10     19     -9 (VIOLATED)
fanout312/X                              10     19     -9 (VIOLATED)
clkbuf_leaf_31_wb_clk_i/X                10     18     -8 (VIOLATED)
_4793_/X                                 10     17     -7 (VIOLATED)
_4794_/X                                 10     17     -7 (VIOLATED)
_4845_/X                                 10     17     -7 (VIOLATED)
_4906_/X                                 10     17     -7 (VIOLATED)
_4909_/Y                                 10     17     -7 (VIOLATED)
_4914_/X                                 10     17     -7 (VIOLATED)
_4957_/Y                                 10     17     -7 (VIOLATED)
_4966_/Y                                 10     17     -7 (VIOLATED)
_4969_/X                                 10     17     -7 (VIOLATED)
_4978_/Y                                 10     17     -7 (VIOLATED)
_4987_/Y                                 10     17     -7 (VIOLATED)
_5262_/X                                 10     17     -7 (VIOLATED)
_6374_/Y                                 10     17     -7 (VIOLATED)
_7041_/Y                                 10     17     -7 (VIOLATED)
_7052_/Y                                 10     17     -7 (VIOLATED)
_7651_/Y                                 10     17     -7 (VIOLATED)
_9110_/Q                                 10     17     -7 (VIOLATED)
_9159_/Q                                 10     17     -7 (VIOLATED)
_9316_/Q                                 10     17     -7 (VIOLATED)
fanout109/X                              10     17     -7 (VIOLATED)
fanout134/X                              10     17     -7 (VIOLATED)
fanout155/X                              10     17     -7 (VIOLATED)
fanout163/X                              10     17     -7 (VIOLATED)
fanout173/X                              10     17     -7 (VIOLATED)
fanout186/X                              10     17     -7 (VIOLATED)
fanout223/X                              10     17     -7 (VIOLATED)
fanout228/X                              10     17     -7 (VIOLATED)
fanout242/X                              10     17     -7 (VIOLATED)
fanout248/X                              10     17     -7 (VIOLATED)
fanout298/X                              10     17     -7 (VIOLATED)
fanout331/X                              10     17     -7 (VIOLATED)
_4611_/Y                                 10     15     -5 (VIOLATED)
_4747_/Y                                 10     15     -5 (VIOLATED)
_4790_/X                                 10     15     -5 (VIOLATED)
_4795_/X                                 10     15     -5 (VIOLATED)
_4820_/Y                                 10     15     -5 (VIOLATED)
_4903_/Y                                 10     15     -5 (VIOLATED)
_4907_/Y                                 10     15     -5 (VIOLATED)
_4908_/X                                 10     15     -5 (VIOLATED)
_4956_/X                                 10     15     -5 (VIOLATED)
_6649_/X                                 10     15     -5 (VIOLATED)
_7394_/Y                                 10     15     -5 (VIOLATED)
_7690_/Y                                 10     15     -5 (VIOLATED)
_7694_/X                                 10     15     -5 (VIOLATED)
_7765_/X                                 10     15     -5 (VIOLATED)
_8065_/X                                 10     15     -5 (VIOLATED)
_8414_/Y                                 10     15     -5 (VIOLATED)
_9315_/Q                                 10     15     -5 (VIOLATED)
_9317_/Q                                 10     15     -5 (VIOLATED)
_9339_/Q                                 10     15     -5 (VIOLATED)
_9440_/Q                                 10     15     -5 (VIOLATED)
clkbuf_leaf_10_wb_clk_i/X                10     15     -5 (VIOLATED)
clkbuf_leaf_12_wb_clk_i/X                10     15     -5 (VIOLATED)
clkbuf_leaf_53_wb_clk_i/X                10     15     -5 (VIOLATED)
fanout111/X                              10     15     -5 (VIOLATED)
fanout113/X                              10     15     -5 (VIOLATED)
fanout148/X                              10     15     -5 (VIOLATED)
fanout152/X                              10     15     -5 (VIOLATED)
fanout187/X                              10     15     -5 (VIOLATED)
fanout190/X                              10     15     -5 (VIOLATED)
fanout192/X                              10     15     -5 (VIOLATED)
fanout231/X                              10     15     -5 (VIOLATED)
fanout238/X                              10     15     -5 (VIOLATED)
fanout253/X                              10     15     -5 (VIOLATED)
fanout256/X                              10     15     -5 (VIOLATED)
fanout275/X                              10     15     -5 (VIOLATED)
fanout280/X                              10     15     -5 (VIOLATED)
fanout285/X                              10     15     -5 (VIOLATED)
fanout328/X                              10     15     -5 (VIOLATED)
input3/X                                 10     15     -5 (VIOLATED)
clkbuf_leaf_11_wb_clk_i/X                10     14     -4 (VIOLATED)
clkbuf_leaf_15_wb_clk_i/X                10     14     -4 (VIOLATED)
clkbuf_leaf_26_wb_clk_i/X                10     14     -4 (VIOLATED)
_4452_/Y                                 10     13     -3 (VIOLATED)
_4536_/X                                 10     13     -3 (VIOLATED)
_4551_/X                                 10     13     -3 (VIOLATED)
_4865_/Y                                 10     13     -3 (VIOLATED)
_4882_/X                                 10     13     -3 (VIOLATED)
_5061_/X                                 10     13     -3 (VIOLATED)
_5264_/Y                                 10     13     -3 (VIOLATED)
_6417_/X                                 10     13     -3 (VIOLATED)
_6446_/X                                 10     13     -3 (VIOLATED)
_6655_/Y                                 10     13     -3 (VIOLATED)
_7372_/Y                                 10     13     -3 (VIOLATED)
_7715_/X                                 10     13     -3 (VIOLATED)
_8005_/X                                 10     13     -3 (VIOLATED)
_8078_/X                                 10     13     -3 (VIOLATED)
_8383_/Y                                 10     13     -3 (VIOLATED)
_9314_/Q                                 10     13     -3 (VIOLATED)
clkbuf_leaf_37_wb_clk_i/X                10     13     -3 (VIOLATED)
clkbuf_leaf_46_wb_clk_i/X                10     13     -3 (VIOLATED)
clkbuf_leaf_50_wb_clk_i/X                10     13     -3 (VIOLATED)
clkbuf_leaf_51_wb_clk_i/X                10     13     -3 (VIOLATED)
fanout102/X                              10     13     -3 (VIOLATED)
fanout120/X                              10     13     -3 (VIOLATED)
fanout132/X                              10     13     -3 (VIOLATED)
fanout142/X                              10     13     -3 (VIOLATED)
fanout199/X                              10     13     -3 (VIOLATED)
fanout206/X                              10     13     -3 (VIOLATED)
fanout225/X                              10     13     -3 (VIOLATED)
fanout258/X                              10     13     -3 (VIOLATED)
fanout276/X                              10     13     -3 (VIOLATED)
fanout98/X                               10     13     -3 (VIOLATED)
clkbuf_leaf_17_wb_clk_i/X                10     12     -2 (VIOLATED)
clkbuf_leaf_19_wb_clk_i/X                10     12     -2 (VIOLATED)
clkbuf_leaf_3_wb_clk_i/X                 10     12     -2 (VIOLATED)
clkbuf_leaf_43_wb_clk_i/X                10     12     -2 (VIOLATED)
_4451_/Y                                 10     11        (VIOLATED)
_4676_/X                                 10     11        (VIOLATED)
_4742_/Y                                 10     11        (VIOLATED)
_4789_/Y                                 10     11        (VIOLATED)
_4813_/X                                 10     11        (VIOLATED)
_4861_/Y                                 10     11        (VIOLATED)
_4872_/X                                 10     11        (VIOLATED)
_4986_/Y                                 10     11        (VIOLATED)
_5058_/Y                                 10     11        (VIOLATED)
_5059_/Y                                 10     11        (VIOLATED)
_5134_/X                                 10     11        (VIOLATED)
_7385_/X                                 10     11        (VIOLATED)
_7675_/Y                                 10     11        (VIOLATED)
_7681_/X                                 10     11        (VIOLATED)
_7686_/Y                                 10     11        (VIOLATED)
_7689_/Y                                 10     11        (VIOLATED)
_7931_/Y                                 10     11        (VIOLATED)
_7972_/Y                                 10     11        (VIOLATED)
_9329_/Q                                 10     11        (VIOLATED)
clkbuf_leaf_33_wb_clk_i/X                10     11        (VIOLATED)
clkbuf_leaf_41_wb_clk_i/X                10     11        (VIOLATED)
fanout107/X                              10     11        (VIOLATED)
fanout151/X                              10     11        (VIOLATED)
fanout232/X                              10     11        (VIOLATED)
fanout236/X                              10     11        (VIOLATED)
fanout254/X                              10     11        (VIOLATED)
fanout263/X                              10     11        (VIOLATED)
fanout278/X                              10     11        (VIOLATED)
fanout315/X                              10     11        (VIOLATED)
fanout322/X                              10     11        (VIOLATED)
fanout323/X                              10     11        (VIOLATED)
fanout96/X                               10     11        (VIOLATED)



===========================================================================
report_parasitic_annotation -report_unannotated
============================================================================
Found 382 unannotated drivers.
 ACK_I
 DAT_I[0]
 DAT_I[10]
 DAT_I[11]
 DAT_I[12]
 DAT_I[13]
 DAT_I[14]
 DAT_I[15]
 DAT_I[16]
 DAT_I[17]
 DAT_I[18]
 DAT_I[19]
 DAT_I[1]
 DAT_I[20]
 DAT_I[21]
 DAT_I[22]
 DAT_I[23]
 DAT_I[24]
 DAT_I[25]
 DAT_I[26]
 DAT_I[27]
 DAT_I[28]
 DAT_I[29]
 DAT_I[2]
 DAT_I[30]
 DAT_I[31]
 DAT_I[3]
 DAT_I[4]
 DAT_I[5]
 DAT_I[6]
 DAT_I[7]
 DAT_I[8]
 DAT_I[9]
 gpio_in[10]
 gpio_in[11]
 gpio_in[12]
 gpio_in[13]
 gpio_in[14]
 gpio_in[15]
 gpio_in[16]
 gpio_in[17]
 gpio_in[18]
 gpio_in[19]
 gpio_in[1]
 gpio_in[20]
 gpio_in[21]
 gpio_in[22]
 gpio_in[23]
 gpio_in[24]
 gpio_in[25]
 gpio_in[26]
 gpio_in[27]
 gpio_in[28]
 gpio_in[29]
 gpio_in[2]
 gpio_in[30]
 gpio_in[31]
 gpio_in[32]
 gpio_in[33]
 gpio_in[34]
 gpio_in[35]
 gpio_in[36]
 gpio_in[37]
 gpio_in[3]
 gpio_in[4]
 gpio_in[7]
 gpio_in[8]
 gpio_in[9]
 la_data_in[0]
 la_data_in[10]
 la_data_in[11]
 la_data_in[12]
 la_data_in[13]
 la_data_in[14]
 la_data_in[15]
 la_data_in[16]
 la_data_in[17]
 la_data_in[18]
 la_data_in[19]
 la_data_in[1]
 la_data_in[20]
 la_data_in[21]
 la_data_in[22]
 la_data_in[23]
 la_data_in[24]
 la_data_in[25]
 la_data_in[26]
 la_data_in[27]
 la_data_in[28]
 la_data_in[29]
 la_data_in[2]
 la_data_in[30]
 la_data_in[31]
 la_data_in[3]
 la_data_in[4]
 la_data_in[5]
 la_data_in[6]
 la_data_in[7]
 la_data_in[8]
 la_data_in[9]
 la_oenb[0]
 la_oenb[10]
 la_oenb[11]
 la_oenb[12]
 la_oenb[13]
 la_oenb[14]
 la_oenb[15]
 la_oenb[16]
 la_oenb[17]
 la_oenb[18]
 la_oenb[19]
 la_oenb[1]
 la_oenb[20]
 la_oenb[21]
 la_oenb[22]
 la_oenb[23]
 la_oenb[24]
 la_oenb[25]
 la_oenb[26]
 la_oenb[27]
 la_oenb[28]
 la_oenb[29]
 la_oenb[2]
 la_oenb[30]
 la_oenb[31]
 la_oenb[3]
 la_oenb[4]
 la_oenb[5]
 la_oenb[6]
 la_oenb[7]
 la_oenb[8]
 la_oenb[9]
 wbs_dat_i[10]
 wbs_dat_i[11]
 wbs_dat_i[12]
 wbs_dat_i[13]
 wbs_dat_i[14]
 wbs_dat_i[15]
 wbs_dat_i[16]
 wbs_dat_i[17]
 wbs_dat_i[18]
 wbs_dat_i[19]
 wbs_dat_i[1]
 wbs_dat_i[20]
 wbs_dat_i[21]
 wbs_dat_i[22]
 wbs_dat_i[23]
 wbs_dat_i[24]
 wbs_dat_i[25]
 wbs_dat_i[26]
 wbs_dat_i[27]
 wbs_dat_i[28]
 wbs_dat_i[29]
 wbs_dat_i[2]
 wbs_dat_i[30]
 wbs_dat_i[31]
 wbs_dat_i[3]
 wbs_dat_i[4]
 wbs_dat_i[5]
 wbs_dat_i[6]
 wbs_dat_i[7]
 wbs_dat_i[8]
 wbs_dat_i[9]
 wbs_sel_i[0]
 wbs_sel_i[1]
 wbs_sel_i[2]
 wbs_sel_i[3]
 _9303__336/HI
 _9462__337/HI
 _9463__338/HI
 _9464__339/HI
 _9465__340/HI
 _9466__341/HI
 _9467__342/HI
 _9468__343/HI
 _9469__344/HI
 _9470__345/HI
 _9471__346/HI
 _9472__347/HI
 _9473__348/HI
 _9474__349/HI
 _9475__350/HI
 _9476__351/HI
 _9477__352/HI
 _9478__353/HI
 _9479__354/HI
 _9480__355/HI
 _9481__356/HI
 _9482__357/HI
 _9483__358/HI
 _9484__359/HI
 _9485__360/HI
 _9486__361/HI
 _9487__362/HI
 _9488__363/HI
 _9489__364/HI
 _9490__365/HI
 _9491__366/HI
 _9492__367/HI
 _9493__368/HI
 _9494__369/HI
 _9495__370/HI
 _9496__371/HI
 _9497__372/HI
 _9498__373/HI
 _9499__374/HI
 _9500__375/HI
 _9501__376/HI
 _9502__377/HI
 _9503__378/HI
 _9504__379/HI
 _9505__380/HI
 _9506__381/HI
 _9507__382/HI
 _9508__383/HI
 _9509__384/HI
 _9510__385/HI
 _9511__386/HI
 _9512__387/HI
 _9513__388/HI
 _9514__389/HI
 _9515__390/HI
 _9516__391/HI
 _9517__392/HI
 _9518__393/HI
 _9519__394/HI
 _9520__395/HI
 _9521__396/HI
 _9522__397/HI
 _9523__398/HI
 _9524__399/HI
 _9525__400/HI
 _9526__401/HI
 _9527__402/HI
 _9528__403/HI
 _9529__404/HI
 _9530__405/HI
 _9531__406/HI
 _9532__407/HI
 _9533__489/LO
 _9534__490/LO
 _9535__491/LO
 _9536__492/LO
 _9537__493/LO
 _9538__494/LO
 _9539__495/LO
 _9540__408/HI
 _9541__409/HI
 _9542__410/HI
 _9543__411/HI
 _9544__412/HI
 _9545__413/HI
 _9546__414/HI
 _9547__415/HI
 _9548__416/HI
 _9549__417/HI
 _9550__418/HI
 _9551__419/HI
 _9552__420/HI
 _9553__421/HI
 _9554__422/HI
 _9555__423/HI
 _9556__424/HI
 _9557__425/HI
 _9558__426/HI
 _9559__427/HI
 _9560__428/HI
 _9561__429/HI
 _9562__430/HI
 _9563__431/HI
 _9564__432/HI
 _9565__433/HI
 _9566__434/HI
 _9567__435/HI
 _9568__496/LO
 _9569__497/LO
 _9570__498/LO
 _9571__436/HI
 _9572__437/HI
 _9573__438/HI
 _9574__439/HI
 _9575__440/HI
 _9576__441/HI
 _9577__442/HI
 _9579__443/HI
 _9580__444/HI
 _9581__445/HI
 _9582__446/HI
 _9583__447/HI
 _9584__448/HI
 _9585__449/HI
 _9586__450/HI
 _9587__451/HI
 _9588__452/HI
 _9589__453/HI
 _9590__454/HI
 _9591__455/HI
 _9592__456/HI
 _9593__457/HI
 _9594__458/HI
 _9595__459/HI
 _9596__460/HI
 _9597__461/HI
 _9598__462/HI
 _9599__463/HI
 _9600__464/HI
 _9601__465/HI
 _9602__466/HI
 _9603__467/HI
 _9604__468/HI
 _9605__469/HI
 _9606__470/HI
 _9607__471/HI
 _9608__472/HI
 _9609__473/HI
 _9610__474/HI
 _9611__475/HI
 _9612__476/HI
 _9613__477/HI
 _9614__478/HI
 _9615__479/HI
 _9616__480/HI
 _9620__481/HI
 _9624__482/HI
 _9630__483/HI
 _9633__484/HI
 _9636__485/HI
 _9638__486/HI
 _9640__487/HI
 _9645__488/HI
 clkload0/Y
 clkload1/Y
 clkload10/Y
 clkload11/Y
 clkload12/Y
 clkload13/Y
 clkload14/Y
 clkload15/Y
 clkload16/Y
 clkload17/Y
 clkload18/Y
 clkload19/X
 clkload2/Y
 clkload20/X
 clkload21/Y
 clkload22/Y
 clkload23/X
 clkload24/Y
 clkload25/Y
 clkload26/Y
 clkload27/Y
 clkload28/Y
 clkload29/Y
 clkload3/Y
 clkload30/Y
 clkload31/X
 clkload32/Y
 clkload33/Y
 clkload34/Y
 clkload35/Y
 clkload36/Y
 clkload37/Y
 clkload38/Y
 clkload39/Y
 clkload4/Y
 clkload40/Y
 clkload41/Y
 clkload42/Y
 clkload43/Y
 clkload44/Y
 clkload45/Y
 clkload46/Y
 clkload47/Y
 clkload48/Y
 clkload49/Y
 clkload5/Y
 clkload50/Y
 clkload51/Y
 clkload6/Y
 clkload7/Y
 clkload8/Y
 clkload9/Y
Found 0 partially unannotated drivers.

===========================================================================
max slew violation count 0
max fanout violation count 279
max cap violation count 0
============================================================================

===========================================================================
check_setup -verbose -unconstrained_endpoints -multiple_clock -no_clock -no_input_delay -loops -generated_clocks
===========================================================================
Warning: There are 17 unclocked register/latch pins.
  _9159_/CLK
  _9160_/CLK
  _9161_/CLK
  _9162_/CLK
  _9163_/CLK
  _9164_/CLK
  _9165_/CLK
  _9166_/CLK
  _9167_/CLK
  _9168_/CLK
  _9169_/CLK
  _9170_/CLK
  _9171_/CLK
  _9172_/CLK
  _9173_/CLK
  _9174_/CLK
  _9175_/CLK
Warning: There are 180 unconstrained endpoints.
  ADR_O[0]
  ADR_O[10]
  ADR_O[11]
  ADR_O[12]
  ADR_O[13]
  ADR_O[14]
  ADR_O[15]
  ADR_O[16]
  ADR_O[17]
  ADR_O[18]
  ADR_O[19]
  ADR_O[1]
  ADR_O[20]
  ADR_O[21]
  ADR_O[22]
  ADR_O[23]
  ADR_O[24]
  ADR_O[25]
  ADR_O[26]
  ADR_O[27]
  ADR_O[28]
  ADR_O[29]
  ADR_O[2]
  ADR_O[30]
  ADR_O[31]
  ADR_O[3]
  ADR_O[4]
  ADR_O[5]
  ADR_O[6]
  ADR_O[7]
  ADR_O[8]
  ADR_O[9]
  CYC_O
  DAT_O[0]
  DAT_O[10]
  DAT_O[11]
  DAT_O[12]
  DAT_O[13]
  DAT_O[14]
  DAT_O[15]
  DAT_O[16]
  DAT_O[17]
  DAT_O[18]
  DAT_O[19]
  DAT_O[1]
  DAT_O[20]
  DAT_O[21]
  DAT_O[22]
  DAT_O[23]
  DAT_O[24]
  DAT_O[25]
  DAT_O[26]
  DAT_O[27]
  DAT_O[28]
  DAT_O[29]
  DAT_O[2]
  DAT_O[30]
  DAT_O[31]
  DAT_O[3]
  DAT_O[4]
  DAT_O[5]
  DAT_O[6]
  DAT_O[7]
  DAT_O[8]
  DAT_O[9]
  SEL_O[0]
  SEL_O[1]
  SEL_O[2]
  SEL_O[3]
  STB_O
  WE_O
  gpio_oeb[0]
  gpio_oeb[10]
  gpio_oeb[11]
  gpio_oeb[12]
  gpio_oeb[13]
  gpio_oeb[14]
  gpio_oeb[15]
  gpio_oeb[16]
  gpio_oeb[17]
  gpio_oeb[18]
  gpio_oeb[19]
  gpio_oeb[1]
  gpio_oeb[20]
  gpio_oeb[21]
  gpio_oeb[22]
  gpio_oeb[23]
  gpio_oeb[24]
  gpio_oeb[25]
  gpio_oeb[26]
  gpio_oeb[27]
  gpio_oeb[28]
  gpio_oeb[29]
  gpio_oeb[2]
  gpio_oeb[30]
  gpio_oeb[31]
  gpio_oeb[32]
  gpio_oeb[33]
  gpio_oeb[34]
  gpio_oeb[35]
  gpio_oeb[36]
  gpio_oeb[37]
  gpio_oeb[3]
  gpio_oeb[4]
  gpio_oeb[5]
  gpio_oeb[6]
  gpio_oeb[7]
  gpio_oeb[8]
  gpio_oeb[9]
  gpio_out[0]
  gpio_out[1]
  gpio_out[2]
  gpio_out[35]
  gpio_out[36]
  gpio_out[37]
  gpio_out[3]
  gpio_out[4]
  gpio_out[5]
  gpio_out[6]
  irq[0]
  irq[1]
  irq[2]
  la_data_out[0]
  la_data_out[10]
  la_data_out[11]
  la_data_out[12]
  la_data_out[13]
  la_data_out[14]
  la_data_out[15]
  la_data_out[16]
  la_data_out[17]
  la_data_out[18]
  la_data_out[19]
  la_data_out[1]
  la_data_out[20]
  la_data_out[21]
  la_data_out[22]
  la_data_out[23]
  la_data_out[24]
  la_data_out[25]
  la_data_out[26]
  la_data_out[27]
  la_data_out[28]
  la_data_out[29]
  la_data_out[2]
  la_data_out[30]
  la_data_out[31]
  la_data_out[3]
  la_data_out[4]
  la_data_out[5]
  la_data_out[6]
  la_data_out[7]
  la_data_out[8]
  la_data_out[9]
  wbs_dat_o[14]
  wbs_dat_o[17]
  wbs_dat_o[20]
  wbs_dat_o[22]
  wbs_dat_o[24]
  wbs_dat_o[29]
  wbs_dat_o[4]
  wbs_dat_o[8]
  _9159_/D
  _9160_/D
  _9161_/D
  _9162_/D
  _9163_/D
  _9164_/D
  _9165_/D
  _9166_/D
  _9167_/D
  _9168_/D
  _9169_/D
  _9170_/D
  _9171_/D
  _9172_/D
  _9173_/D
  _9174_/D
  _9175_/D
  _9303_/D
