
===========================================================================
report_checks -unconstrained
===========================================================================
======================= min_ff_n40C_1v95 Corner ===================================

Startpoint: nrst (input port clocked by clk)
Endpoint: _11781_ (recovery check against rising-edge clock clk)
Path Group: asynchronous
Path Type: max

Fanout         Cap        Slew       Delay        Time   Description
---------------------------------------------------------------------------------------------
                                  0.000000    0.000000   clock clk (rise edge)
                                  0.000000    0.000000   clock network delay (propagated)
                                 20.000000   20.000000 ^ input external delay
     2    0.003614    0.016838    0.009347   20.009348 ^ nrst (in)
                                                         nrst (net)
                      0.016838    0.000000   20.009348 ^ input67/A (sky130_fd_sc_hd__buf_1)
     1    0.009776    0.090623    0.089395   20.098743 ^ input67/X (sky130_fd_sc_hd__buf_1)
                                                         net67 (net)
                      0.090625    0.000325   20.099068 ^ fanout1300/A (sky130_fd_sc_hd__buf_6)
    11    0.162642    0.241866    0.219291   20.318359 ^ fanout1300/X (sky130_fd_sc_hd__buf_6)
                                                         net1300 (net)
                      0.242452    0.009798   20.328157 ^ fanout1206/A (sky130_fd_sc_hd__buf_4)
    11    0.088995    0.185297    0.212655   20.540812 ^ fanout1206/X (sky130_fd_sc_hd__buf_4)
                                                         net1206 (net)
                      0.185299    0.000542   20.541353 ^ fanout1192/A (sky130_fd_sc_hd__clkbuf_4)
    13    0.077006    0.176431    0.226013   20.767366 ^ fanout1192/X (sky130_fd_sc_hd__clkbuf_4)
                                                         net1192 (net)
                      0.176431    0.000156   20.767523 ^ fanout1187/A (sky130_fd_sc_hd__buf_2)
    11    0.046799    0.172594    0.195511   20.963034 ^ fanout1187/X (sky130_fd_sc_hd__buf_2)
                                                         net1187 (net)
                      0.172597    0.000535   20.963570 ^ fanout1186/A (sky130_fd_sc_hd__clkbuf_4)
    21    0.070403    0.162630    0.213507   21.177076 ^ fanout1186/X (sky130_fd_sc_hd__clkbuf_4)
                                                         net1186 (net)
                      0.162630    0.000222   21.177299 ^ fanout1185/A (sky130_fd_sc_hd__buf_2)
     9    0.042491    0.157097    0.184132   21.361431 ^ fanout1185/X (sky130_fd_sc_hd__buf_2)
                                                         net1185 (net)
                      0.157152    0.000956   21.362387 ^ fanout1184/A (sky130_fd_sc_hd__clkbuf_2)
     6    0.029876    0.127892    0.158742   21.521128 ^ fanout1184/X (sky130_fd_sc_hd__clkbuf_2)
                                                         net1184 (net)
                      0.127895    0.000513   21.521643 ^ fanout1182/A (sky130_fd_sc_hd__clkbuf_4)
    10    0.045977    0.109699    0.170234   21.691875 ^ fanout1182/X (sky130_fd_sc_hd__clkbuf_4)
                                                         net1182 (net)
                      0.109715    0.001375   21.693251 ^ _11781_/RESET_B (sky130_fd_sc_hd__dfrtp_1)
                                             21.693251   data arrival time

                                100.000000  100.000000   clock clk (rise edge)
                                  0.000000  100.000000   clock source latency
     2    0.068246    0.231919    0.162053  100.162048 ^ clk (in)
                                                         clk (net)
                      0.231993    0.000000  100.162048 ^ clkbuf_0_clk/A (sky130_fd_sc_hd__clkbuf_16)
    17    0.192901    0.158779    0.217796  100.379845 ^ clkbuf_0_clk/X (sky130_fd_sc_hd__clkbuf_16)
                                                         clknet_0_clk (net)
                      0.158867    0.003055  100.382904 ^ clkbuf_3_1_0_clk/A (sky130_fd_sc_hd__clkbuf_8)
    29    0.165110    0.217200    0.243837  100.626740 ^ clkbuf_3_1_0_clk/X (sky130_fd_sc_hd__clkbuf_8)
                                                         clknet_3_1_0_clk (net)
                      0.217841    0.009585  100.636322 ^ clkbuf_leaf_88_clk/A (sky130_fd_sc_hd__clkbuf_8)
    26    0.076333    0.107017    0.177742  100.814064 ^ clkbuf_leaf_88_clk/X (sky130_fd_sc_hd__clkbuf_8)
                                                         clknet_leaf_88_clk (net)
                      0.107032    0.001343  100.815407 ^ _11781_/CLK (sky130_fd_sc_hd__dfrtp_1)
                                 -0.250000  100.565414   clock uncertainty
                                  0.000000  100.565414   clock reconvergence pessimism
                                  0.140555  100.705963   library recovery time
                                            100.705963   data required time
---------------------------------------------------------------------------------------------
                                            100.705963   data required time
                                            -21.693251   data arrival time
---------------------------------------------------------------------------------------------
                                             79.012711   slack (MET)


Startpoint: en (input port clocked by clk)
Endpoint: _11333_ (rising edge-triggered flip-flop clocked by clk)
Path Group: clk
Path Type: max

Fanout         Cap        Slew       Delay        Time   Description
---------------------------------------------------------------------------------------------
                                  0.000000    0.000000   clock clk (rise edge)
                                  0.000000    0.000000   clock network delay (propagated)
                                 20.000000   20.000000 ^ input external delay
     2    0.006007    0.025063    0.015405   20.015406 ^ en (in)
                                                         en (net)
                      0.025063    0.000000   20.015406 ^ input34/A (sky130_fd_sc_hd__clkbuf_2)
     9    0.037523    0.158554    0.152198   20.167603 ^ input34/X (sky130_fd_sc_hd__clkbuf_2)
                                                         net34 (net)
                      0.158620    0.002652   20.170256 ^ _08591_/D1 (sky130_fd_sc_hd__o2111a_1)
     1    0.008562    0.071210    0.121387   20.291643 ^ _08591_/X (sky130_fd_sc_hd__o2111a_1)
                                                         _04666_ (net)
                      0.071210    0.000220   20.291862 ^ fanout467/A (sky130_fd_sc_hd__clkbuf_8)
    19    0.144385    0.191272    0.204642   20.496504 ^ fanout467/X (sky130_fd_sc_hd__clkbuf_8)
                                                         net467 (net)
                      0.192339    0.011569   20.508074 ^ _09497_/B (sky130_fd_sc_hd__and2b_2)
     5    0.063460    0.236686    0.261684   20.769758 ^ _09497_/X (sky130_fd_sc_hd__and2b_2)
                                                         _05060_ (net)
                      0.236686    0.000654   20.770412 ^ fanout452/A (sky130_fd_sc_hd__clkbuf_4)
    11    0.068004    0.156994    0.221737   20.992149 ^ fanout452/X (sky130_fd_sc_hd__clkbuf_4)
                                                         net452 (net)
                      0.157003    0.000970   20.993118 ^ _09778_/B (sky130_fd_sc_hd__and2_4)
     9    0.088640    0.193246    0.226635   21.219753 ^ _09778_/X (sky130_fd_sc_hd__and2_4)
                                                         _05085_ (net)
                      0.193294    0.002514   21.222267 ^ fanout379/A (sky130_fd_sc_hd__clkbuf_4)
    13    0.070292    0.162471    0.215715   21.437983 ^ fanout379/X (sky130_fd_sc_hd__clkbuf_4)
                                                         net379 (net)
                      0.162948    0.007153   21.445135 ^ fanout378/A (sky130_fd_sc_hd__buf_4)
    15    0.107632    0.222378    0.231180   21.676317 ^ fanout378/X (sky130_fd_sc_hd__buf_4)
                                                         net378 (net)
                      0.222380    0.000600   21.676916 ^ fanout377/A (sky130_fd_sc_hd__buf_4)
    21    0.119756    0.247870    0.251292   21.928209 ^ fanout377/X (sky130_fd_sc_hd__buf_4)
                                                         net377 (net)
                      0.247906    0.002501   21.930710 ^ _09779_/C_N (sky130_fd_sc_hd__or3b_4)
     9    0.083372    0.123057    0.336350   22.267059 v _09779_/X (sky130_fd_sc_hd__or3b_4)
                                                         _05086_ (net)
                      0.123308    0.004814   22.271873 v fanout266/A (sky130_fd_sc_hd__buf_6)
    15    0.141208    0.090538    0.174451   22.446325 v fanout266/X (sky130_fd_sc_hd__buf_6)
                                                         net266 (net)
                      0.091459    0.007409   22.453733 v fanout264/A (sky130_fd_sc_hd__buf_4)
    21    0.118096    0.107644    0.186057   22.639791 v fanout264/X (sky130_fd_sc_hd__buf_4)
                                                         net264 (net)
                      0.109546    0.011454   22.651245 v _09785_/B1 (sky130_fd_sc_hd__a22o_1)
     1    0.003243    0.027718    0.113756   22.765001 v _09785_/X (sky130_fd_sc_hd__a22o_1)
                                                         _00845_ (net)
                      0.027718    0.000037   22.765039 v _11333_/D (sky130_fd_sc_hd__dfrtp_1)
                                             22.765039   data arrival time

                                100.000000  100.000000   clock clk (rise edge)
                                  0.000000  100.000000   clock source latency
     2    0.068246    0.231919    0.162053  100.162048 ^ clk (in)
                                                         clk (net)
                      0.231993    0.000000  100.162048 ^ clkbuf_0_clk/A (sky130_fd_sc_hd__clkbuf_16)
    17    0.192901    0.158779    0.217796  100.379845 ^ clkbuf_0_clk/X (sky130_fd_sc_hd__clkbuf_16)
                                                         clknet_0_clk (net)
                      0.158928    0.003958  100.383804 ^ clkbuf_3_5_0_clk/A (sky130_fd_sc_hd__clkbuf_8)
    27    0.152553    0.201619    0.231488  100.615288 ^ clkbuf_3_5_0_clk/X (sky130_fd_sc_hd__clkbuf_8)
                                                         clknet_3_5_0_clk (net)
                      0.201787    0.004860  100.620148 ^ clkbuf_leaf_66_clk/A (sky130_fd_sc_hd__clkbuf_8)
    25    0.079297    0.110672    0.178311  100.798462 ^ clkbuf_leaf_66_clk/X (sky130_fd_sc_hd__clkbuf_8)
                                                         clknet_leaf_66_clk (net)
                      0.110686    0.001286  100.799751 ^ _11333_/CLK (sky130_fd_sc_hd__dfrtp_1)
                                 -0.250000  100.549751   clock uncertainty
                                  0.000000  100.549751   clock reconvergence pessimism
                                 -0.063348  100.486397   library setup time
                                            100.486397   data required time
---------------------------------------------------------------------------------------------
                                            100.486397   data required time
                                            -22.765039   data arrival time
---------------------------------------------------------------------------------------------
                                             77.721359   slack (MET)




===========================================================================
report_checks --slack_max -0.01
============================================================================
======================= min_ff_n40C_1v95 Corner ===================================

No paths found.


===========================================================================
 report_check_types -max_slew -max_cap -max_fanout -violators
============================================================================
======================= min_ff_n40C_1v95 Corner ===================================

max fanout

Pin                                   Limit Fanout  Slack
---------------------------------------------------------
clkbuf_leaf_20_clk/X                     10     53    -43 (VIOLATED)
clkbuf_leaf_26_clk/X                     10     53    -43 (VIOLATED)
clkbuf_leaf_28_clk/X                     10     53    -43 (VIOLATED)
clkbuf_leaf_36_clk/X                     10     53    -43 (VIOLATED)
clkbuf_leaf_89_clk/X                     10     53    -43 (VIOLATED)
clkbuf_leaf_21_clk/X                     10     51    -41 (VIOLATED)
clkbuf_leaf_22_clk/X                     10     51    -41 (VIOLATED)
clkbuf_leaf_27_clk/X                     10     51    -41 (VIOLATED)
clkbuf_leaf_34_clk/X                     10     51    -41 (VIOLATED)
clkbuf_leaf_46_clk/X                     10     51    -41 (VIOLATED)
clkbuf_leaf_87_clk/X                     10     51    -41 (VIOLATED)
clkbuf_leaf_33_clk/X                     10     47    -37 (VIOLATED)
clkbuf_leaf_40_clk/X                     10     45    -35 (VIOLATED)
clkbuf_leaf_65_clk/X                     10     45    -35 (VIOLATED)
clkbuf_leaf_42_clk/X                     10     43    -33 (VIOLATED)
clkbuf_leaf_69_clk/X                     10     41    -31 (VIOLATED)
clkbuf_leaf_70_clk/X                     10     41    -31 (VIOLATED)
clkbuf_leaf_81_clk/X                     10     41    -31 (VIOLATED)
max_cap233/X                             10     41    -31 (VIOLATED)
max_cap234/X                             10     41    -31 (VIOLATED)
clkbuf_leaf_0_clk/X                      10     39    -29 (VIOLATED)
clkbuf_leaf_18_clk/X                     10     39    -29 (VIOLATED)
clkbuf_leaf_35_clk/X                     10     39    -29 (VIOLATED)
clkbuf_leaf_61_clk/X                     10     39    -29 (VIOLATED)
clkbuf_leaf_91_clk/X                     10     39    -29 (VIOLATED)
clkbuf_leaf_95_clk/X                     10     39    -29 (VIOLATED)
_10270_/X                                10     37    -27 (VIOLATED)
clkbuf_leaf_67_clk/X                     10     37    -27 (VIOLATED)
clkbuf_leaf_71_clk/X                     10     37    -27 (VIOLATED)
clkbuf_leaf_79_clk/X                     10     37    -27 (VIOLATED)
clkbuf_leaf_17_clk/X                     10     35    -25 (VIOLATED)
clkbuf_leaf_80_clk/X                     10     35    -25 (VIOLATED)
_08581_/Y                                10     33    -23 (VIOLATED)
clkbuf_leaf_16_clk/X                     10     33    -23 (VIOLATED)
clkbuf_leaf_39_clk/X                     10     33    -23 (VIOLATED)
clkbuf_leaf_45_clk/X                     10     33    -23 (VIOLATED)
clkbuf_leaf_52_clk/X                     10     33    -23 (VIOLATED)
clkbuf_leaf_54_clk/X                     10     33    -23 (VIOLATED)
clkbuf_leaf_64_clk/X                     10     33    -23 (VIOLATED)
clkbuf_leaf_19_clk/X                     10     31    -21 (VIOLATED)
clkbuf_leaf_4_clk/X                      10     31    -21 (VIOLATED)
clkbuf_leaf_58_clk/X                     10     31    -21 (VIOLATED)
clkbuf_leaf_76_clk/X                     10     31    -21 (VIOLATED)
clkbuf_leaf_94_clk/X                     10     31    -21 (VIOLATED)
clkbuf_3_1_0_clk/X                       10     29    -19 (VIOLATED)
clkbuf_3_2_0_clk/X                       10     29    -19 (VIOLATED)
clkbuf_3_4_0_clk/X                       10     29    -19 (VIOLATED)
clkbuf_3_7_0_clk/X                       10     29    -19 (VIOLATED)
clkbuf_leaf_12_clk/X                     10     29    -19 (VIOLATED)
clkbuf_leaf_30_clk/X                     10     29    -19 (VIOLATED)
clkbuf_leaf_31_clk/X                     10     29    -19 (VIOLATED)
clkbuf_leaf_49_clk/X                     10     29    -19 (VIOLATED)
clkbuf_leaf_50_clk/X                     10     29    -19 (VIOLATED)
clkbuf_leaf_84_clk/X                     10     29    -19 (VIOLATED)
_10304_/Y                                10     27    -17 (VIOLATED)
_10337_/Y                                10     27    -17 (VIOLATED)
clkbuf_3_5_0_clk/X                       10     27    -17 (VIOLATED)
clkbuf_3_6_0_clk/X                       10     27    -17 (VIOLATED)
clkbuf_leaf_2_clk/X                      10     27    -17 (VIOLATED)
clkbuf_leaf_37_clk/X                     10     27    -17 (VIOLATED)
clkbuf_leaf_47_clk/X                     10     27    -17 (VIOLATED)
clkbuf_leaf_48_clk/X                     10     27    -17 (VIOLATED)
clkbuf_leaf_53_clk/X                     10     27    -17 (VIOLATED)
clkbuf_leaf_73_clk/X                     10     27    -17 (VIOLATED)
clkbuf_leaf_7_clk/X                      10     27    -17 (VIOLATED)
clkbuf_leaf_82_clk/X                     10     27    -17 (VIOLATED)
clkbuf_leaf_8_clk/X                      10     27    -17 (VIOLATED)
clkbuf_leaf_88_clk/X                     10     26    -16 (VIOLATED)
clkbuf_leaf_90_clk/X                     10     26    -16 (VIOLATED)
clkbuf_leaf_14_clk/X                     10     25    -15 (VIOLATED)
clkbuf_leaf_25_clk/X                     10     25    -15 (VIOLATED)
clkbuf_leaf_44_clk/X                     10     25    -15 (VIOLATED)
clkbuf_leaf_56_clk/X                     10     25    -15 (VIOLATED)
clkbuf_leaf_66_clk/X                     10     25    -15 (VIOLATED)
clkbuf_leaf_74_clk/X                     10     25    -15 (VIOLATED)
clkbuf_leaf_77_clk/X                     10     25    -15 (VIOLATED)
clkbuf_leaf_85_clk/X                     10     25    -15 (VIOLATED)
clkbuf_3_0_0_clk/X                       10     23    -13 (VIOLATED)
clkbuf_leaf_15_clk/X                     10     23    -13 (VIOLATED)
clkbuf_leaf_1_clk/X                      10     23    -13 (VIOLATED)
clkbuf_leaf_23_clk/X                     10     23    -13 (VIOLATED)
clkbuf_leaf_43_clk/X                     10     23    -13 (VIOLATED)
clkbuf_leaf_60_clk/X                     10     23    -13 (VIOLATED)
clkbuf_leaf_72_clk/X                     10     23    -13 (VIOLATED)
clkbuf_leaf_78_clk/X                     10     23    -13 (VIOLATED)
clkbuf_leaf_92_clk/X                     10     23    -13 (VIOLATED)
clkbuf_leaf_93_clk/X                     10     23    -13 (VIOLATED)
fanout380/X                              10     22    -12 (VIOLATED)
fanout459/X                              10     22    -12 (VIOLATED)
fanout647/X                              10     22    -12 (VIOLATED)
_07513_/X                                10     21    -11 (VIOLATED)
_07553_/X                                10     21    -11 (VIOLATED)
_07693_/Y                                10     21    -11 (VIOLATED)
clkbuf_3_3_0_clk/X                       10     21    -11 (VIOLATED)
clkbuf_leaf_24_clk/X                     10     21    -11 (VIOLATED)
clkbuf_leaf_59_clk/X                     10     21    -11 (VIOLATED)
fanout1000/X                             10     21    -11 (VIOLATED)
fanout1002/X                             10     21    -11 (VIOLATED)
fanout1003/X                             10     21    -11 (VIOLATED)
fanout1004/X                             10     21    -11 (VIOLATED)
fanout1005/X                             10     21    -11 (VIOLATED)
fanout1006/X                             10     21    -11 (VIOLATED)
fanout1010/X                             10     21    -11 (VIOLATED)
fanout1011/X                             10     21    -11 (VIOLATED)
fanout1012/X                             10     21    -11 (VIOLATED)
fanout1014/X                             10     21    -11 (VIOLATED)
fanout1016/X                             10     21    -11 (VIOLATED)
fanout1018/X                             10     21    -11 (VIOLATED)
fanout1020/X                             10     21    -11 (VIOLATED)
fanout1022/X                             10     21    -11 (VIOLATED)
fanout1024/X                             10     21    -11 (VIOLATED)
fanout1026/X                             10     21    -11 (VIOLATED)
fanout1029/X                             10     21    -11 (VIOLATED)
fanout1030/X                             10     21    -11 (VIOLATED)
fanout1032/X                             10     21    -11 (VIOLATED)
fanout1033/X                             10     21    -11 (VIOLATED)
fanout1035/X                             10     21    -11 (VIOLATED)
fanout1036/X                             10     21    -11 (VIOLATED)
fanout1037/X                             10     21    -11 (VIOLATED)
fanout1040/X                             10     21    -11 (VIOLATED)
fanout1041/X                             10     21    -11 (VIOLATED)
fanout1043/X                             10     21    -11 (VIOLATED)
fanout1045/X                             10     21    -11 (VIOLATED)
fanout1047/X                             10     21    -11 (VIOLATED)
fanout1048/X                             10     21    -11 (VIOLATED)
fanout1049/X                             10     21    -11 (VIOLATED)
fanout1054/X                             10     21    -11 (VIOLATED)
fanout1055/X                             10     21    -11 (VIOLATED)
fanout1057/X                             10     21    -11 (VIOLATED)
fanout1059/X                             10     21    -11 (VIOLATED)
fanout1061/X                             10     21    -11 (VIOLATED)
fanout1062/X                             10     21    -11 (VIOLATED)
fanout1063/X                             10     21    -11 (VIOLATED)
fanout1064/X                             10     21    -11 (VIOLATED)
fanout1066/X                             10     21    -11 (VIOLATED)
fanout1068/X                             10     21    -11 (VIOLATED)
fanout1070/X                             10     21    -11 (VIOLATED)
fanout1071/X                             10     21    -11 (VIOLATED)
fanout1074/X                             10     21    -11 (VIOLATED)
fanout1076/X                             10     21    -11 (VIOLATED)
fanout1077/X                             10     21    -11 (VIOLATED)
fanout1080/X                             10     21    -11 (VIOLATED)
fanout1081/X                             10     21    -11 (VIOLATED)
fanout1082/X                             10     21    -11 (VIOLATED)
fanout1083/X                             10     21    -11 (VIOLATED)
fanout1084/X                             10     21    -11 (VIOLATED)
fanout1085/X                             10     21    -11 (VIOLATED)
fanout1088/X                             10     21    -11 (VIOLATED)
fanout1089/X                             10     21    -11 (VIOLATED)
fanout1090/X                             10     21    -11 (VIOLATED)
fanout1091/X                             10     21    -11 (VIOLATED)
fanout1092/X                             10     21    -11 (VIOLATED)
fanout1094/X                             10     21    -11 (VIOLATED)
fanout1095/X                             10     21    -11 (VIOLATED)
fanout1096/X                             10     21    -11 (VIOLATED)
fanout1097/X                             10     21    -11 (VIOLATED)
fanout1099/X                             10     21    -11 (VIOLATED)
fanout1101/X                             10     21    -11 (VIOLATED)
fanout1102/X                             10     21    -11 (VIOLATED)
fanout1103/X                             10     21    -11 (VIOLATED)
fanout1105/X                             10     21    -11 (VIOLATED)
fanout1106/X                             10     21    -11 (VIOLATED)
fanout1110/X                             10     21    -11 (VIOLATED)
fanout1112/X                             10     21    -11 (VIOLATED)
fanout1115/X                             10     21    -11 (VIOLATED)
fanout1117/X                             10     21    -11 (VIOLATED)
fanout1122/X                             10     21    -11 (VIOLATED)
fanout1130/X                             10     21    -11 (VIOLATED)
fanout1133/X                             10     21    -11 (VIOLATED)
fanout1140/X                             10     21    -11 (VIOLATED)
fanout1153/X                             10     21    -11 (VIOLATED)
fanout1168/X                             10     21    -11 (VIOLATED)
fanout1176/X                             10     21    -11 (VIOLATED)
fanout1181/X                             10     21    -11 (VIOLATED)
fanout1186/X                             10     21    -11 (VIOLATED)
fanout1208/X                             10     21    -11 (VIOLATED)
fanout1210/X                             10     21    -11 (VIOLATED)
fanout1213/X                             10     21    -11 (VIOLATED)
fanout1218/X                             10     21    -11 (VIOLATED)
fanout1221/X                             10     21    -11 (VIOLATED)
fanout1238/X                             10     21    -11 (VIOLATED)
fanout1240/X                             10     21    -11 (VIOLATED)
fanout1255/X                             10     21    -11 (VIOLATED)
fanout1266/X                             10     21    -11 (VIOLATED)
fanout1283/X                             10     21    -11 (VIOLATED)
fanout1295/X                             10     21    -11 (VIOLATED)
fanout203/X                              10     21    -11 (VIOLATED)
fanout204/X                              10     21    -11 (VIOLATED)
fanout205/X                              10     21    -11 (VIOLATED)
fanout206/X                              10     21    -11 (VIOLATED)
fanout207/X                              10     21    -11 (VIOLATED)
fanout208/X                              10     21    -11 (VIOLATED)
fanout210/X                              10     21    -11 (VIOLATED)
fanout211/X                              10     21    -11 (VIOLATED)
fanout212/X                              10     21    -11 (VIOLATED)
fanout213/X                              10     21    -11 (VIOLATED)
fanout214/X                              10     21    -11 (VIOLATED)
fanout215/X                              10     21    -11 (VIOLATED)
fanout216/X                              10     21    -11 (VIOLATED)
fanout217/X                              10     21    -11 (VIOLATED)
fanout218/X                              10     21    -11 (VIOLATED)
fanout221/X                              10     21    -11 (VIOLATED)
fanout222/X                              10     21    -11 (VIOLATED)
fanout224/X                              10     21    -11 (VIOLATED)
fanout225/X                              10     21    -11 (VIOLATED)
fanout226/X                              10     21    -11 (VIOLATED)
fanout227/X                              10     21    -11 (VIOLATED)
fanout229/X                              10     21    -11 (VIOLATED)
fanout230/X                              10     21    -11 (VIOLATED)
fanout231/X                              10     21    -11 (VIOLATED)
fanout235/X                              10     21    -11 (VIOLATED)
fanout240/X                              10     21    -11 (VIOLATED)
fanout241/X                              10     21    -11 (VIOLATED)
fanout243/X                              10     21    -11 (VIOLATED)
fanout248/X                              10     21    -11 (VIOLATED)
fanout250/X                              10     21    -11 (VIOLATED)
fanout251/X                              10     21    -11 (VIOLATED)
fanout254/X                              10     21    -11 (VIOLATED)
fanout255/X                              10     21    -11 (VIOLATED)
fanout256/X                              10     21    -11 (VIOLATED)
fanout258/X                              10     21    -11 (VIOLATED)
fanout259/X                              10     21    -11 (VIOLATED)
fanout260/X                              10     21    -11 (VIOLATED)
fanout261/X                              10     21    -11 (VIOLATED)
fanout263/X                              10     21    -11 (VIOLATED)
fanout264/X                              10     21    -11 (VIOLATED)
fanout267/X                              10     21    -11 (VIOLATED)
fanout268/X                              10     21    -11 (VIOLATED)
fanout269/X                              10     21    -11 (VIOLATED)
fanout271/X                              10     21    -11 (VIOLATED)
fanout272/X                              10     21    -11 (VIOLATED)
fanout273/X                              10     21    -11 (VIOLATED)
fanout275/X                              10     21    -11 (VIOLATED)
fanout276/X                              10     21    -11 (VIOLATED)
fanout277/X                              10     21    -11 (VIOLATED)
fanout279/X                              10     21    -11 (VIOLATED)
fanout281/X                              10     21    -11 (VIOLATED)
fanout283/X                              10     21    -11 (VIOLATED)
fanout284/X                              10     21    -11 (VIOLATED)
fanout285/X                              10     21    -11 (VIOLATED)
fanout286/X                              10     21    -11 (VIOLATED)
fanout288/X                              10     21    -11 (VIOLATED)
fanout292/X                              10     21    -11 (VIOLATED)
fanout293/X                              10     21    -11 (VIOLATED)
fanout294/X                              10     21    -11 (VIOLATED)
fanout296/X                              10     21    -11 (VIOLATED)
fanout297/X                              10     21    -11 (VIOLATED)
fanout298/X                              10     21    -11 (VIOLATED)
fanout300/X                              10     21    -11 (VIOLATED)
fanout301/X                              10     21    -11 (VIOLATED)
fanout302/X                              10     21    -11 (VIOLATED)
fanout304/X                              10     21    -11 (VIOLATED)
fanout305/X                              10     21    -11 (VIOLATED)
fanout306/X                              10     21    -11 (VIOLATED)
fanout308/X                              10     21    -11 (VIOLATED)
fanout309/X                              10     21    -11 (VIOLATED)
fanout312/X                              10     21    -11 (VIOLATED)
fanout313/X                              10     21    -11 (VIOLATED)
fanout314/X                              10     21    -11 (VIOLATED)
fanout315/X                              10     21    -11 (VIOLATED)
fanout317/X                              10     21    -11 (VIOLATED)
fanout318/X                              10     21    -11 (VIOLATED)
fanout320/X                              10     21    -11 (VIOLATED)
fanout321/X                              10     21    -11 (VIOLATED)
fanout322/X                              10     21    -11 (VIOLATED)
fanout324/X                              10     21    -11 (VIOLATED)
fanout325/X                              10     21    -11 (VIOLATED)
fanout326/X                              10     21    -11 (VIOLATED)
fanout328/X                              10     21    -11 (VIOLATED)
fanout329/X                              10     21    -11 (VIOLATED)
fanout330/X                              10     21    -11 (VIOLATED)
fanout332/X                              10     21    -11 (VIOLATED)
fanout333/X                              10     21    -11 (VIOLATED)
fanout334/X                              10     21    -11 (VIOLATED)
fanout336/X                              10     21    -11 (VIOLATED)
fanout337/X                              10     21    -11 (VIOLATED)
fanout338/X                              10     21    -11 (VIOLATED)
fanout340/X                              10     21    -11 (VIOLATED)
fanout341/X                              10     21    -11 (VIOLATED)
fanout342/X                              10     21    -11 (VIOLATED)
fanout344/X                              10     21    -11 (VIOLATED)
fanout346/X                              10     21    -11 (VIOLATED)
fanout349/X                              10     21    -11 (VIOLATED)
fanout350/X                              10     21    -11 (VIOLATED)
fanout351/X                              10     21    -11 (VIOLATED)
fanout352/X                              10     21    -11 (VIOLATED)
fanout353/X                              10     21    -11 (VIOLATED)
fanout356/X                              10     21    -11 (VIOLATED)
fanout357/X                              10     21    -11 (VIOLATED)
fanout358/X                              10     21    -11 (VIOLATED)
fanout360/X                              10     21    -11 (VIOLATED)
fanout361/X                              10     21    -11 (VIOLATED)
fanout362/X                              10     21    -11 (VIOLATED)
fanout364/X                              10     21    -11 (VIOLATED)
fanout365/X                              10     21    -11 (VIOLATED)
fanout368/X                              10     21    -11 (VIOLATED)
fanout369/X                              10     21    -11 (VIOLATED)
fanout373/X                              10     21    -11 (VIOLATED)
fanout374/X                              10     21    -11 (VIOLATED)
fanout375/X                              10     21    -11 (VIOLATED)
fanout377/X                              10     21    -11 (VIOLATED)
fanout381/X                              10     21    -11 (VIOLATED)
fanout383/X                              10     21    -11 (VIOLATED)
fanout385/X                              10     21    -11 (VIOLATED)
fanout386/X                              10     21    -11 (VIOLATED)
fanout390/X                              10     21    -11 (VIOLATED)
fanout391/X                              10     21    -11 (VIOLATED)
fanout393/X                              10     21    -11 (VIOLATED)
fanout394/X                              10     21    -11 (VIOLATED)
fanout395/X                              10     21    -11 (VIOLATED)
fanout396/X                              10     21    -11 (VIOLATED)
fanout398/X                              10     21    -11 (VIOLATED)
fanout399/X                              10     21    -11 (VIOLATED)
fanout400/X                              10     21    -11 (VIOLATED)
fanout403/X                              10     21    -11 (VIOLATED)
fanout404/X                              10     21    -11 (VIOLATED)
fanout405/X                              10     21    -11 (VIOLATED)
fanout407/X                              10     21    -11 (VIOLATED)
fanout409/X                              10     21    -11 (VIOLATED)
fanout410/X                              10     21    -11 (VIOLATED)
fanout411/X                              10     21    -11 (VIOLATED)
fanout415/X                              10     21    -11 (VIOLATED)
fanout416/X                              10     21    -11 (VIOLATED)
fanout417/X                              10     21    -11 (VIOLATED)
fanout419/X                              10     21    -11 (VIOLATED)
fanout420/X                              10     21    -11 (VIOLATED)
fanout421/X                              10     21    -11 (VIOLATED)
fanout423/X                              10     21    -11 (VIOLATED)
fanout424/X                              10     21    -11 (VIOLATED)
fanout425/X                              10     21    -11 (VIOLATED)
fanout426/X                              10     21    -11 (VIOLATED)
fanout427/X                              10     21    -11 (VIOLATED)
fanout428/X                              10     21    -11 (VIOLATED)
fanout430/X                              10     21    -11 (VIOLATED)
fanout432/X                              10     21    -11 (VIOLATED)
fanout439/X                              10     21    -11 (VIOLATED)
fanout446/X                              10     21    -11 (VIOLATED)
fanout448/X                              10     21    -11 (VIOLATED)
fanout450/X                              10     21    -11 (VIOLATED)
fanout453/X                              10     21    -11 (VIOLATED)
fanout455/X                              10     21    -11 (VIOLATED)
fanout457/X                              10     21    -11 (VIOLATED)
fanout458/X                              10     21    -11 (VIOLATED)
fanout465/X                              10     21    -11 (VIOLATED)
fanout472/X                              10     21    -11 (VIOLATED)
fanout474/X                              10     21    -11 (VIOLATED)
fanout489/X                              10     21    -11 (VIOLATED)
fanout504/X                              10     21    -11 (VIOLATED)
fanout505/X                              10     21    -11 (VIOLATED)
fanout512/X                              10     21    -11 (VIOLATED)
fanout514/X                              10     21    -11 (VIOLATED)
fanout516/X                              10     21    -11 (VIOLATED)
fanout517/X                              10     21    -11 (VIOLATED)
fanout518/X                              10     21    -11 (VIOLATED)
fanout519/X                              10     21    -11 (VIOLATED)
fanout520/X                              10     21    -11 (VIOLATED)
fanout524/X                              10     21    -11 (VIOLATED)
fanout525/X                              10     21    -11 (VIOLATED)
fanout527/X                              10     21    -11 (VIOLATED)
fanout528/X                              10     21    -11 (VIOLATED)
fanout530/X                              10     21    -11 (VIOLATED)
fanout532/X                              10     21    -11 (VIOLATED)
fanout534/X                              10     21    -11 (VIOLATED)
fanout535/X                              10     21    -11 (VIOLATED)
fanout536/X                              10     21    -11 (VIOLATED)
fanout537/X                              10     21    -11 (VIOLATED)
fanout538/X                              10     21    -11 (VIOLATED)
fanout540/X                              10     21    -11 (VIOLATED)
fanout541/X                              10     21    -11 (VIOLATED)
fanout543/X                              10     21    -11 (VIOLATED)
fanout545/X                              10     21    -11 (VIOLATED)
fanout546/X                              10     21    -11 (VIOLATED)
fanout548/X                              10     21    -11 (VIOLATED)
fanout551/X                              10     21    -11 (VIOLATED)
fanout553/X                              10     21    -11 (VIOLATED)
fanout556/X                              10     21    -11 (VIOLATED)
fanout557/X                              10     21    -11 (VIOLATED)
fanout559/X                              10     21    -11 (VIOLATED)
fanout561/X                              10     21    -11 (VIOLATED)
fanout564/X                              10     21    -11 (VIOLATED)
fanout567/X                              10     21    -11 (VIOLATED)
fanout570/X                              10     21    -11 (VIOLATED)
fanout572/X                              10     21    -11 (VIOLATED)
fanout574/X                              10     21    -11 (VIOLATED)
fanout578/X                              10     21    -11 (VIOLATED)
fanout583/X                              10     21    -11 (VIOLATED)
fanout584/X                              10     21    -11 (VIOLATED)
fanout592/X                              10     21    -11 (VIOLATED)
fanout594/X                              10     21    -11 (VIOLATED)
fanout596/X                              10     21    -11 (VIOLATED)
fanout597/X                              10     21    -11 (VIOLATED)
fanout599/X                              10     21    -11 (VIOLATED)
fanout603/X                              10     21    -11 (VIOLATED)
fanout604/X                              10     21    -11 (VIOLATED)
fanout605/X                              10     21    -11 (VIOLATED)
fanout607/X                              10     21    -11 (VIOLATED)
fanout608/X                              10     21    -11 (VIOLATED)
fanout610/X                              10     21    -11 (VIOLATED)
fanout611/X                              10     21    -11 (VIOLATED)
fanout613/X                              10     21    -11 (VIOLATED)
fanout614/X                              10     21    -11 (VIOLATED)
fanout618/X                              10     21    -11 (VIOLATED)
fanout619/X                              10     21    -11 (VIOLATED)
fanout620/X                              10     21    -11 (VIOLATED)
fanout623/X                              10     21    -11 (VIOLATED)
fanout625/X                              10     21    -11 (VIOLATED)
fanout627/X                              10     21    -11 (VIOLATED)
fanout629/X                              10     21    -11 (VIOLATED)
fanout631/X                              10     21    -11 (VIOLATED)
fanout633/X                              10     21    -11 (VIOLATED)
fanout634/X                              10     21    -11 (VIOLATED)
fanout635/X                              10     21    -11 (VIOLATED)
fanout636/X                              10     21    -11 (VIOLATED)
fanout639/X                              10     21    -11 (VIOLATED)
fanout640/X                              10     21    -11 (VIOLATED)
fanout644/X                              10     21    -11 (VIOLATED)
fanout645/X                              10     21    -11 (VIOLATED)
fanout648/X                              10     21    -11 (VIOLATED)
fanout650/X                              10     21    -11 (VIOLATED)
fanout652/X                              10     21    -11 (VIOLATED)
fanout653/X                              10     21    -11 (VIOLATED)
fanout654/X                              10     21    -11 (VIOLATED)
fanout655/X                              10     21    -11 (VIOLATED)
fanout658/X                              10     21    -11 (VIOLATED)
fanout659/X                              10     21    -11 (VIOLATED)
fanout660/X                              10     21    -11 (VIOLATED)
fanout662/X                              10     21    -11 (VIOLATED)
fanout663/X                              10     21    -11 (VIOLATED)
fanout664/X                              10     21    -11 (VIOLATED)
fanout667/X                              10     21    -11 (VIOLATED)
fanout669/X                              10     21    -11 (VIOLATED)
fanout670/X                              10     21    -11 (VIOLATED)
fanout673/X                              10     21    -11 (VIOLATED)
fanout675/X                              10     21    -11 (VIOLATED)
fanout677/X                              10     21    -11 (VIOLATED)
fanout678/X                              10     21    -11 (VIOLATED)
fanout680/X                              10     21    -11 (VIOLATED)
fanout681/X                              10     21    -11 (VIOLATED)
fanout682/X                              10     21    -11 (VIOLATED)
fanout683/X                              10     21    -11 (VIOLATED)
fanout686/X                              10     21    -11 (VIOLATED)
fanout688/X                              10     21    -11 (VIOLATED)
fanout689/X                              10     21    -11 (VIOLATED)
fanout690/X                              10     21    -11 (VIOLATED)
fanout692/X                              10     21    -11 (VIOLATED)
fanout694/X                              10     21    -11 (VIOLATED)
fanout695/X                              10     21    -11 (VIOLATED)
fanout696/X                              10     21    -11 (VIOLATED)
fanout700/X                              10     21    -11 (VIOLATED)
fanout704/X                              10     21    -11 (VIOLATED)
fanout706/X                              10     21    -11 (VIOLATED)
fanout707/X                              10     21    -11 (VIOLATED)
fanout710/X                              10     21    -11 (VIOLATED)
fanout711/X                              10     21    -11 (VIOLATED)
fanout714/X                              10     21    -11 (VIOLATED)
fanout715/X                              10     21    -11 (VIOLATED)
fanout718/X                              10     21    -11 (VIOLATED)
fanout719/X                              10     21    -11 (VIOLATED)
fanout723/X                              10     21    -11 (VIOLATED)
fanout726/X                              10     21    -11 (VIOLATED)
fanout728/X                              10     21    -11 (VIOLATED)
fanout729/X                              10     21    -11 (VIOLATED)
fanout731/X                              10     21    -11 (VIOLATED)
fanout732/X                              10     21    -11 (VIOLATED)
fanout735/X                              10     21    -11 (VIOLATED)
fanout736/X                              10     21    -11 (VIOLATED)
fanout738/X                              10     21    -11 (VIOLATED)
fanout741/X                              10     21    -11 (VIOLATED)
fanout743/X                              10     21    -11 (VIOLATED)
fanout745/X                              10     21    -11 (VIOLATED)
fanout746/X                              10     21    -11 (VIOLATED)
fanout748/X                              10     21    -11 (VIOLATED)
fanout751/X                              10     21    -11 (VIOLATED)
fanout755/X                              10     21    -11 (VIOLATED)
fanout756/X                              10     21    -11 (VIOLATED)
fanout757/X                              10     21    -11 (VIOLATED)
fanout758/X                              10     21    -11 (VIOLATED)
fanout760/X                              10     21    -11 (VIOLATED)
fanout761/X                              10     21    -11 (VIOLATED)
fanout763/X                              10     21    -11 (VIOLATED)
fanout764/X                              10     21    -11 (VIOLATED)
fanout765/X                              10     21    -11 (VIOLATED)
fanout767/X                              10     21    -11 (VIOLATED)
fanout768/X                              10     21    -11 (VIOLATED)
fanout769/X                              10     21    -11 (VIOLATED)
fanout771/X                              10     21    -11 (VIOLATED)
fanout772/X                              10     21    -11 (VIOLATED)
fanout773/X                              10     21    -11 (VIOLATED)
fanout775/X                              10     21    -11 (VIOLATED)
fanout776/X                              10     21    -11 (VIOLATED)
fanout778/X                              10     21    -11 (VIOLATED)
fanout779/X                              10     21    -11 (VIOLATED)
fanout781/X                              10     21    -11 (VIOLATED)
fanout782/X                              10     21    -11 (VIOLATED)
fanout783/X                              10     21    -11 (VIOLATED)
fanout784/X                              10     21    -11 (VIOLATED)
fanout785/X                              10     21    -11 (VIOLATED)
fanout787/X                              10     21    -11 (VIOLATED)
fanout788/X                              10     21    -11 (VIOLATED)
fanout789/X                              10     21    -11 (VIOLATED)
fanout790/X                              10     21    -11 (VIOLATED)
fanout792/X                              10     21    -11 (VIOLATED)
fanout794/X                              10     21    -11 (VIOLATED)
fanout796/X                              10     21    -11 (VIOLATED)
fanout797/X                              10     21    -11 (VIOLATED)
fanout799/X                              10     21    -11 (VIOLATED)
fanout800/X                              10     21    -11 (VIOLATED)
fanout802/X                              10     21    -11 (VIOLATED)
fanout803/X                              10     21    -11 (VIOLATED)
fanout806/X                              10     21    -11 (VIOLATED)
fanout807/X                              10     21    -11 (VIOLATED)
fanout808/X                              10     21    -11 (VIOLATED)
fanout810/X                              10     21    -11 (VIOLATED)
fanout811/X                              10     21    -11 (VIOLATED)
fanout813/X                              10     21    -11 (VIOLATED)
fanout814/X                              10     21    -11 (VIOLATED)
fanout815/X                              10     21    -11 (VIOLATED)
fanout816/X                              10     21    -11 (VIOLATED)
fanout817/X                              10     21    -11 (VIOLATED)
fanout820/X                              10     21    -11 (VIOLATED)
fanout821/X                              10     21    -11 (VIOLATED)
fanout822/X                              10     21    -11 (VIOLATED)
fanout824/X                              10     21    -11 (VIOLATED)
fanout825/X                              10     21    -11 (VIOLATED)
fanout826/X                              10     21    -11 (VIOLATED)
fanout828/X                              10     21    -11 (VIOLATED)
fanout829/X                              10     21    -11 (VIOLATED)
fanout831/X                              10     21    -11 (VIOLATED)
fanout832/X                              10     21    -11 (VIOLATED)
fanout833/X                              10     21    -11 (VIOLATED)
fanout835/X                              10     21    -11 (VIOLATED)
fanout836/X                              10     21    -11 (VIOLATED)
fanout837/X                              10     21    -11 (VIOLATED)
fanout838/X                              10     21    -11 (VIOLATED)
fanout843/X                              10     21    -11 (VIOLATED)
fanout844/X                              10     21    -11 (VIOLATED)
fanout845/X                              10     21    -11 (VIOLATED)
fanout850/X                              10     21    -11 (VIOLATED)
fanout851/X                              10     21    -11 (VIOLATED)
fanout852/X                              10     21    -11 (VIOLATED)
fanout854/X                              10     21    -11 (VIOLATED)
fanout855/X                              10     21    -11 (VIOLATED)
fanout856/X                              10     21    -11 (VIOLATED)
fanout858/X                              10     21    -11 (VIOLATED)
fanout861/X                              10     21    -11 (VIOLATED)
fanout862/X                              10     21    -11 (VIOLATED)
fanout863/X                              10     21    -11 (VIOLATED)
fanout864/X                              10     21    -11 (VIOLATED)
fanout865/X                              10     21    -11 (VIOLATED)
fanout867/X                              10     21    -11 (VIOLATED)
fanout868/X                              10     21    -11 (VIOLATED)
fanout871/X                              10     21    -11 (VIOLATED)
fanout873/X                              10     21    -11 (VIOLATED)
fanout874/X                              10     21    -11 (VIOLATED)
fanout876/X                              10     21    -11 (VIOLATED)
fanout879/X                              10     21    -11 (VIOLATED)
fanout880/X                              10     21    -11 (VIOLATED)
fanout883/X                              10     21    -11 (VIOLATED)
fanout884/X                              10     21    -11 (VIOLATED)
fanout886/X                              10     21    -11 (VIOLATED)
fanout889/X                              10     21    -11 (VIOLATED)
fanout891/X                              10     21    -11 (VIOLATED)
fanout892/X                              10     21    -11 (VIOLATED)
fanout894/X                              10     21    -11 (VIOLATED)
fanout896/X                              10     21    -11 (VIOLATED)
fanout898/X                              10     21    -11 (VIOLATED)
fanout901/X                              10     21    -11 (VIOLATED)
fanout902/X                              10     21    -11 (VIOLATED)
fanout903/X                              10     21    -11 (VIOLATED)
fanout907/X                              10     21    -11 (VIOLATED)
fanout908/X                              10     21    -11 (VIOLATED)
fanout910/X                              10     21    -11 (VIOLATED)
fanout911/X                              10     21    -11 (VIOLATED)
fanout913/X                              10     21    -11 (VIOLATED)
fanout914/X                              10     21    -11 (VIOLATED)
fanout915/X                              10     21    -11 (VIOLATED)
fanout916/X                              10     21    -11 (VIOLATED)
fanout919/X                              10     21    -11 (VIOLATED)
fanout920/X                              10     21    -11 (VIOLATED)
fanout922/X                              10     21    -11 (VIOLATED)
fanout923/X                              10     21    -11 (VIOLATED)
fanout926/X                              10     21    -11 (VIOLATED)
fanout928/X                              10     21    -11 (VIOLATED)
fanout929/X                              10     21    -11 (VIOLATED)
fanout931/X                              10     21    -11 (VIOLATED)
fanout933/X                              10     21    -11 (VIOLATED)
fanout938/X                              10     21    -11 (VIOLATED)
fanout939/X                              10     21    -11 (VIOLATED)
fanout941/X                              10     21    -11 (VIOLATED)
fanout942/X                              10     21    -11 (VIOLATED)
fanout945/X                              10     21    -11 (VIOLATED)
fanout946/X                              10     21    -11 (VIOLATED)
fanout948/X                              10     21    -11 (VIOLATED)
fanout949/X                              10     21    -11 (VIOLATED)
fanout950/X                              10     21    -11 (VIOLATED)
fanout954/X                              10     21    -11 (VIOLATED)
fanout955/X                              10     21    -11 (VIOLATED)
fanout956/X                              10     21    -11 (VIOLATED)
fanout958/X                              10     21    -11 (VIOLATED)
fanout960/X                              10     21    -11 (VIOLATED)
fanout962/X                              10     21    -11 (VIOLATED)
fanout963/X                              10     21    -11 (VIOLATED)
fanout965/X                              10     21    -11 (VIOLATED)
fanout968/X                              10     21    -11 (VIOLATED)
fanout969/X                              10     21    -11 (VIOLATED)
fanout970/X                              10     21    -11 (VIOLATED)
fanout972/X                              10     21    -11 (VIOLATED)
fanout975/X                              10     21    -11 (VIOLATED)
fanout977/X                              10     21    -11 (VIOLATED)
fanout978/X                              10     21    -11 (VIOLATED)
fanout979/X                              10     21    -11 (VIOLATED)
fanout981/X                              10     21    -11 (VIOLATED)
fanout982/X                              10     21    -11 (VIOLATED)
fanout984/X                              10     21    -11 (VIOLATED)
fanout986/X                              10     21    -11 (VIOLATED)
fanout987/X                              10     21    -11 (VIOLATED)
fanout989/X                              10     21    -11 (VIOLATED)
fanout990/X                              10     21    -11 (VIOLATED)
fanout992/X                              10     21    -11 (VIOLATED)
fanout994/X                              10     21    -11 (VIOLATED)
fanout995/X                              10     21    -11 (VIOLATED)
fanout996/X                              10     21    -11 (VIOLATED)
fanout998/X                              10     21    -11 (VIOLATED)
_05527_/X                                10     19     -9 (VIOLATED)
_05762_/X                                10     19     -9 (VIOLATED)
_06826_/X                                10     19     -9 (VIOLATED)
_07706_/Y                                10     19     -9 (VIOLATED)
_07912_/X                                10     19     -9 (VIOLATED)
_08854_/Y                                10     19     -9 (VIOLATED)
_11583_/Q                                10     19     -9 (VIOLATED)
fanout1023/X                             10     19     -9 (VIOLATED)
fanout1028/X                             10     19     -9 (VIOLATED)
fanout1051/X                             10     19     -9 (VIOLATED)
fanout1065/X                             10     19     -9 (VIOLATED)
fanout1075/X                             10     19     -9 (VIOLATED)
fanout1093/X                             10     19     -9 (VIOLATED)
fanout1100/X                             10     19     -9 (VIOLATED)
fanout1152/X                             10     19     -9 (VIOLATED)
fanout1211/X                             10     19     -9 (VIOLATED)
fanout1232/X                             10     19     -9 (VIOLATED)
fanout242/X                              10     19     -9 (VIOLATED)
fanout287/X                              10     19     -9 (VIOLATED)
fanout366/X                              10     19     -9 (VIOLATED)
fanout392/X                              10     19     -9 (VIOLATED)
fanout397/X                              10     19     -9 (VIOLATED)
fanout408/X                              10     19     -9 (VIOLATED)
fanout463/X                              10     19     -9 (VIOLATED)
fanout467/X                              10     19     -9 (VIOLATED)
fanout471/X                              10     19     -9 (VIOLATED)
fanout511/X                              10     19     -9 (VIOLATED)
fanout544/X                              10     19     -9 (VIOLATED)
fanout582/X                              10     19     -9 (VIOLATED)
fanout595/X                              10     19     -9 (VIOLATED)
fanout600/X                              10     19     -9 (VIOLATED)
fanout638/X                              10     19     -9 (VIOLATED)
fanout665/X                              10     19     -9 (VIOLATED)
fanout672/X                              10     19     -9 (VIOLATED)
fanout713/X                              10     19     -9 (VIOLATED)
fanout716/X                              10     19     -9 (VIOLATED)
fanout727/X                              10     19     -9 (VIOLATED)
fanout762/X                              10     19     -9 (VIOLATED)
fanout770/X                              10     19     -9 (VIOLATED)
fanout801/X                              10     19     -9 (VIOLATED)
fanout809/X                              10     19     -9 (VIOLATED)
fanout834/X                              10     19     -9 (VIOLATED)
fanout840/X                              10     19     -9 (VIOLATED)
fanout847/X                              10     19     -9 (VIOLATED)
fanout869/X                              10     19     -9 (VIOLATED)
fanout881/X                              10     19     -9 (VIOLATED)
fanout909/X                              10     19     -9 (VIOLATED)
fanout912/X                              10     19     -9 (VIOLATED)
fanout925/X                              10     19     -9 (VIOLATED)
fanout932/X                              10     19     -9 (VIOLATED)
fanout947/X                              10     19     -9 (VIOLATED)
fanout961/X                              10     19     -9 (VIOLATED)
fanout964/X                              10     19     -9 (VIOLATED)
fanout997/X                              10     19     -9 (VIOLATED)
wire550/X                                10     19     -9 (VIOLATED)
_05383_/Y                                10     17     -7 (VIOLATED)
_06279_/X                                10     17     -7 (VIOLATED)
_06525_/X                                10     17     -7 (VIOLATED)
_06768_/X                                10     17     -7 (VIOLATED)
_06857_/X                                10     17     -7 (VIOLATED)
_06889_/X                                10     17     -7 (VIOLATED)
_06947_/X                                10     17     -7 (VIOLATED)
_07214_/X                                10     17     -7 (VIOLATED)
_07341_/X                                10     17     -7 (VIOLATED)
_07552_/Y                                10     17     -7 (VIOLATED)
_07580_/Y                                10     17     -7 (VIOLATED)
_07583_/Y                                10     17     -7 (VIOLATED)
_07692_/Y                                10     17     -7 (VIOLATED)
_07920_/Y                                10     17     -7 (VIOLATED)
_08230_/Y                                10     17     -7 (VIOLATED)
_08256_/X                                10     17     -7 (VIOLATED)
_08629_/Y                                10     17     -7 (VIOLATED)
_11558_/Q                                10     17     -7 (VIOLATED)
_11560_/Q                                10     17     -7 (VIOLATED)
_11685_/Q                                10     17     -7 (VIOLATED)
clkbuf_0_clk/X                           10     17     -7 (VIOLATED)
fanout1060/X                             10     17     -7 (VIOLATED)
fanout1069/X                             10     17     -7 (VIOLATED)
fanout1072/X                             10     17     -7 (VIOLATED)
fanout1147/X                             10     17     -7 (VIOLATED)
fanout1178/X                             10     17     -7 (VIOLATED)
fanout1195/X                             10     17     -7 (VIOLATED)
fanout1233/X                             10     17     -7 (VIOLATED)
fanout236/X                              10     17     -7 (VIOLATED)
fanout348/X                              10     17     -7 (VIOLATED)
fanout433/X                              10     17     -7 (VIOLATED)
fanout449/X                              10     17     -7 (VIOLATED)
fanout451/X                              10     17     -7 (VIOLATED)
fanout454/X                              10     17     -7 (VIOLATED)
fanout521/X                              10     17     -7 (VIOLATED)
fanout531/X                              10     17     -7 (VIOLATED)
fanout552/X                              10     17     -7 (VIOLATED)
fanout555/X                              10     17     -7 (VIOLATED)
fanout573/X                              10     17     -7 (VIOLATED)
fanout576/X                              10     17     -7 (VIOLATED)
fanout606/X                              10     17     -7 (VIOLATED)
fanout609/X                              10     17     -7 (VIOLATED)
fanout612/X                              10     17     -7 (VIOLATED)
fanout615/X                              10     17     -7 (VIOLATED)
fanout632/X                              10     17     -7 (VIOLATED)
fanout674/X                              10     17     -7 (VIOLATED)
fanout687/X                              10     17     -7 (VIOLATED)
fanout702/X                              10     17     -7 (VIOLATED)
fanout703/X                              10     17     -7 (VIOLATED)
fanout720/X                              10     17     -7 (VIOLATED)
fanout724/X                              10     17     -7 (VIOLATED)
fanout742/X                              10     17     -7 (VIOLATED)
fanout754/X                              10     17     -7 (VIOLATED)
fanout857/X                              10     17     -7 (VIOLATED)
fanout897/X                              10     17     -7 (VIOLATED)
fanout904/X                              10     17     -7 (VIOLATED)
fanout921/X                              10     17     -7 (VIOLATED)
fanout966/X                              10     17     -7 (VIOLATED)
fanout974/X                              10     17     -7 (VIOLATED)
fanout976/X                              10     17     -7 (VIOLATED)
fanout983/X                              10     17     -7 (VIOLATED)
clkbuf_leaf_63_clk/X                     10     16     -6 (VIOLATED)
fanout319/X                              10     16     -6 (VIOLATED)
_06612_/X                                10     15     -5 (VIOLATED)
_06705_/Y                                10     15     -5 (VIOLATED)
_06735_/Y                                10     15     -5 (VIOLATED)
_06795_/X                                10     15     -5 (VIOLATED)
_06918_/X                                10     15     -5 (VIOLATED)
_07126_/X                                10     15     -5 (VIOLATED)
_07246_/X                                10     15     -5 (VIOLATED)
_07401_/X                                10     15     -5 (VIOLATED)
_07581_/X                                10     15     -5 (VIOLATED)
_07757_/X                                10     15     -5 (VIOLATED)
_07859_/X                                10     15     -5 (VIOLATED)
_08632_/X                                10     15     -5 (VIOLATED)
_08677_/X                                10     15     -5 (VIOLATED)
_08712_/X                                10     15     -5 (VIOLATED)
_08846_/Y                                10     15     -5 (VIOLATED)
_08850_/Y                                10     15     -5 (VIOLATED)
_08852_/Y                                10     15     -5 (VIOLATED)
_08856_/Y                                10     15     -5 (VIOLATED)
_08860_/Y                                10     15     -5 (VIOLATED)
_08869_/Y                                10     15     -5 (VIOLATED)
_08876_/Y                                10     15     -5 (VIOLATED)
_11553_/Q                                10     15     -5 (VIOLATED)
_11554_/Q                                10     15     -5 (VIOLATED)
_11576_/Q                                10     15     -5 (VIOLATED)
_11577_/Q                                10     15     -5 (VIOLATED)
_11581_/Q                                10     15     -5 (VIOLATED)
_11582_/Q                                10     15     -5 (VIOLATED)
clkbuf_leaf_11_clk/X                     10     15     -5 (VIOLATED)
clkbuf_leaf_57_clk/X                     10     15     -5 (VIOLATED)
fanout1007/X                             10     15     -5 (VIOLATED)
fanout1044/X                             10     15     -5 (VIOLATED)
fanout1046/X                             10     15     -5 (VIOLATED)
fanout1053/X                             10     15     -5 (VIOLATED)
fanout1058/X                             10     15     -5 (VIOLATED)
fanout1073/X                             10     15     -5 (VIOLATED)
fanout1079/X                             10     15     -5 (VIOLATED)
fanout1086/X                             10     15     -5 (VIOLATED)
fanout1087/X                             10     15     -5 (VIOLATED)
fanout1104/X                             10     15     -5 (VIOLATED)
fanout1120/X                             10     15     -5 (VIOLATED)
fanout1135/X                             10     15     -5 (VIOLATED)
fanout1174/X                             10     15     -5 (VIOLATED)
fanout1259/X                             10     15     -5 (VIOLATED)
fanout1272/X                             10     15     -5 (VIOLATED)
fanout209/X                              10     15     -5 (VIOLATED)
fanout253/X                              10     15     -5 (VIOLATED)
fanout266/X                              10     15     -5 (VIOLATED)
fanout289/X                              10     15     -5 (VIOLATED)
fanout290/X                              10     15     -5 (VIOLATED)
fanout316/X                              10     15     -5 (VIOLATED)
fanout345/X                              10     15     -5 (VIOLATED)
fanout347/X                              10     15     -5 (VIOLATED)
fanout354/X                              10     15     -5 (VIOLATED)
fanout378/X                              10     15     -5 (VIOLATED)
fanout513/X                              10     15     -5 (VIOLATED)
fanout515/X                              10     15     -5 (VIOLATED)
fanout533/X                              10     15     -5 (VIOLATED)
fanout560/X                              10     15     -5 (VIOLATED)
fanout601/X                              10     15     -5 (VIOLATED)
fanout624/X                              10     15     -5 (VIOLATED)
fanout630/X                              10     15     -5 (VIOLATED)
fanout641/X                              10     15     -5 (VIOLATED)
fanout685/X                              10     15     -5 (VIOLATED)
fanout697/X                              10     15     -5 (VIOLATED)
fanout730/X                              10     15     -5 (VIOLATED)
fanout733/X                              10     15     -5 (VIOLATED)
fanout740/X                              10     15     -5 (VIOLATED)
fanout750/X                              10     15     -5 (VIOLATED)
fanout752/X                              10     15     -5 (VIOLATED)
fanout753/X                              10     15     -5 (VIOLATED)
fanout793/X                              10     15     -5 (VIOLATED)
fanout823/X                              10     15     -5 (VIOLATED)
fanout827/X                              10     15     -5 (VIOLATED)
fanout866/X                              10     15     -5 (VIOLATED)
fanout885/X                              10     15     -5 (VIOLATED)
fanout895/X                              10     15     -5 (VIOLATED)
fanout924/X                              10     15     -5 (VIOLATED)
fanout935/X                              10     15     -5 (VIOLATED)
fanout959/X                              10     15     -5 (VIOLATED)
fanout971/X                              10     15     -5 (VIOLATED)
fanout985/X                              10     15     -5 (VIOLATED)
fanout991/X                              10     15     -5 (VIOLATED)
fanout993/X                              10     15     -5 (VIOLATED)
fanout999/X                              10     15     -5 (VIOLATED)
wire539/X                                10     15     -5 (VIOLATED)
clkbuf_leaf_86_clk/X                     10     14     -4 (VIOLATED)
fanout384/X                              10     14     -4 (VIOLATED)
_05852_/Y                                10     13     -3 (VIOLATED)
_06280_/Y                                10     13     -3 (VIOLATED)
_06346_/X                                10     13     -3 (VIOLATED)
_06421_/X                                10     13     -3 (VIOLATED)
_06581_/Y                                10     13     -3 (VIOLATED)
_06642_/Y                                10     13     -3 (VIOLATED)
_06975_/X                                10     13     -3 (VIOLATED)
_07006_/X                                10     13     -3 (VIOLATED)
_07067_/X                                10     13     -3 (VIOLATED)
_07370_/X                                10     13     -3 (VIOLATED)
_07431_/X                                10     13     -3 (VIOLATED)
_07779_/X                                10     13     -3 (VIOLATED)
_07875_/Y                                10     13     -3 (VIOLATED)
_07880_/X                                10     13     -3 (VIOLATED)
_07899_/X                                10     13     -3 (VIOLATED)
_07913_/Y                                10     13     -3 (VIOLATED)
_07923_/Y                                10     13     -3 (VIOLATED)
_07959_/Y                                10     13     -3 (VIOLATED)
_08163_/Y                                10     13     -3 (VIOLATED)
_08201_/X                                10     13     -3 (VIOLATED)
_08212_/X                                10     13     -3 (VIOLATED)
_11563_/Q                                10     13     -3 (VIOLATED)
_11566_/Q                                10     13     -3 (VIOLATED)
_11797_/Q                                10     13     -3 (VIOLATED)
clkbuf_leaf_29_clk/X                     10     13     -3 (VIOLATED)
clkbuf_leaf_68_clk/X                     10     13     -3 (VIOLATED)
fanout1001/X                             10     13     -3 (VIOLATED)
fanout1015/X                             10     13     -3 (VIOLATED)
fanout1017/X                             10     13     -3 (VIOLATED)
fanout1025/X                             10     13     -3 (VIOLATED)
fanout1042/X                             10     13     -3 (VIOLATED)
fanout1056/X                             10     13     -3 (VIOLATED)
fanout1098/X                             10     13     -3 (VIOLATED)
fanout1107/X                             10     13     -3 (VIOLATED)
fanout1109/X                             10     13     -3 (VIOLATED)
fanout1125/X                             10     13     -3 (VIOLATED)
fanout1136/X                             10     13     -3 (VIOLATED)
fanout1192/X                             10     13     -3 (VIOLATED)
fanout1224/X                             10     13     -3 (VIOLATED)
fanout1225/X                             10     13     -3 (VIOLATED)
fanout1287/X                             10     13     -3 (VIOLATED)
fanout1298/X                             10     13     -3 (VIOLATED)
fanout232/X                              10     13     -3 (VIOLATED)
fanout310/X                              10     13     -3 (VIOLATED)
fanout311/X                              10     13     -3 (VIOLATED)
fanout355/X                              10     13     -3 (VIOLATED)
fanout367/X                              10     13     -3 (VIOLATED)
fanout370/X                              10     13     -3 (VIOLATED)
fanout379/X                              10     13     -3 (VIOLATED)
fanout382/X                              10     13     -3 (VIOLATED)
fanout387/X                              10     13     -3 (VIOLATED)
fanout412/X                              10     13     -3 (VIOLATED)
fanout440/X                              10     13     -3 (VIOLATED)
fanout464/X                              10     13     -3 (VIOLATED)
fanout484/X                              10     13     -3 (VIOLATED)
fanout507/X                              10     13     -3 (VIOLATED)
fanout509/X                              10     13     -3 (VIOLATED)
fanout562/X                              10     13     -3 (VIOLATED)
fanout590/X                              10     13     -3 (VIOLATED)
fanout621/X                              10     13     -3 (VIOLATED)
fanout622/X                              10     13     -3 (VIOLATED)
fanout626/X                              10     13     -3 (VIOLATED)
fanout628/X                              10     13     -3 (VIOLATED)
fanout642/X                              10     13     -3 (VIOLATED)
fanout649/X                              10     13     -3 (VIOLATED)
fanout651/X                              10     13     -3 (VIOLATED)
fanout661/X                              10     13     -3 (VIOLATED)
fanout666/X                              10     13     -3 (VIOLATED)
fanout676/X                              10     13     -3 (VIOLATED)
fanout691/X                              10     13     -3 (VIOLATED)
fanout708/X                              10     13     -3 (VIOLATED)
fanout712/X                              10     13     -3 (VIOLATED)
fanout725/X                              10     13     -3 (VIOLATED)
fanout744/X                              10     13     -3 (VIOLATED)
fanout759/X                              10     13     -3 (VIOLATED)
fanout766/X                              10     13     -3 (VIOLATED)
fanout774/X                              10     13     -3 (VIOLATED)
fanout777/X                              10     13     -3 (VIOLATED)
fanout798/X                              10     13     -3 (VIOLATED)
fanout805/X                              10     13     -3 (VIOLATED)
fanout841/X                              10     13     -3 (VIOLATED)
fanout842/X                              10     13     -3 (VIOLATED)
fanout849/X                              10     13     -3 (VIOLATED)
fanout860/X                              10     13     -3 (VIOLATED)
fanout870/X                              10     13     -3 (VIOLATED)
fanout882/X                              10     13     -3 (VIOLATED)
fanout888/X                              10     13     -3 (VIOLATED)
fanout927/X                              10     13     -3 (VIOLATED)
fanout930/X                              10     13     -3 (VIOLATED)
fanout937/X                              10     13     -3 (VIOLATED)
fanout943/X                              10     13     -3 (VIOLATED)
fanout952/X                              10     13     -3 (VIOLATED)
fanout953/X                              10     13     -3 (VIOLATED)
fanout973/X                              10     13     -3 (VIOLATED)
_05250_/Y                                10     11        (VIOLATED)
_05312_/X                                10     11        (VIOLATED)
_05384_/Y                                10     11        (VIOLATED)
_05559_/X                                10     11        (VIOLATED)
_05948_/X                                10     11        (VIOLATED)
_06101_/Y                                10     11        (VIOLATED)
_06238_/X                                10     11        (VIOLATED)
_06241_/Y                                10     11        (VIOLATED)
_06380_/X                                10     11        (VIOLATED)
_06409_/X                                10     11        (VIOLATED)
_06414_/Y                                10     11        (VIOLATED)
_06456_/X                                10     11        (VIOLATED)
_06554_/Y                                10     11        (VIOLATED)
_07034_/X                                10     11        (VIOLATED)
_07095_/X                                10     11        (VIOLATED)
_07155_/X                                10     11        (VIOLATED)
_07184_/X                                10     11        (VIOLATED)
_07277_/X                                10     11        (VIOLATED)
_07501_/Y                                10     11        (VIOLATED)
_07516_/Y                                10     11        (VIOLATED)
_07991_/X                                10     11        (VIOLATED)
_08004_/X                                10     11        (VIOLATED)
_08124_/X                                10     11        (VIOLATED)
_08173_/X                                10     11        (VIOLATED)
_08193_/X                                10     11        (VIOLATED)
_08595_/X                                10     11        (VIOLATED)
_08643_/Y                                10     11        (VIOLATED)
_09033_/X                                10     11        (VIOLATED)
_09048_/X                                10     11        (VIOLATED)
_10269_/X                                10     11        (VIOLATED)
_11564_/Q                                10     11        (VIOLATED)
_11571_/Q                                10     11        (VIOLATED)
_11578_/Q                                10     11        (VIOLATED)
_11579_/Q                                10     11        (VIOLATED)
_11580_/Q                                10     11        (VIOLATED)
_11688_/Q                                10     11        (VIOLATED)
clkbuf_leaf_10_clk/X                     10     11        (VIOLATED)
clkbuf_leaf_51_clk/X                     10     11        (VIOLATED)
clkbuf_leaf_75_clk/X                     10     11        (VIOLATED)
fanout1008/X                             10     11        (VIOLATED)
fanout1009/X                             10     11        (VIOLATED)
fanout1013/X                             10     11        (VIOLATED)
fanout1019/X                             10     11        (VIOLATED)
fanout1031/X                             10     11        (VIOLATED)
fanout1034/X                             10     11        (VIOLATED)
fanout1039/X                             10     11        (VIOLATED)
fanout1052/X                             10     11        (VIOLATED)
fanout1067/X                             10     11        (VIOLATED)
fanout1163/X                             10     11        (VIOLATED)
fanout1164/X                             10     11        (VIOLATED)
fanout1187/X                             10     11        (VIOLATED)
fanout1206/X                             10     11        (VIOLATED)
fanout1219/X                             10     11        (VIOLATED)
fanout1239/X                             10     11        (VIOLATED)
fanout1248/X                             10     11        (VIOLATED)
fanout1279/X                             10     11        (VIOLATED)
fanout1299/X                             10     11        (VIOLATED)
fanout1300/X                             10     11        (VIOLATED)
fanout246/X                              10     11        (VIOLATED)
fanout247/X                              10     11        (VIOLATED)
fanout252/X                              10     11        (VIOLATED)
fanout257/X                              10     11        (VIOLATED)
fanout262/X                              10     11        (VIOLATED)
fanout265/X                              10     11        (VIOLATED)
fanout270/X                              10     11        (VIOLATED)
fanout274/X                              10     11        (VIOLATED)
fanout278/X                              10     11        (VIOLATED)
fanout280/X                              10     11        (VIOLATED)
fanout282/X                              10     11        (VIOLATED)
fanout291/X                              10     11        (VIOLATED)
fanout295/X                              10     11        (VIOLATED)
fanout299/X                              10     11        (VIOLATED)
fanout303/X                              10     11        (VIOLATED)
fanout307/X                              10     11        (VIOLATED)
fanout323/X                              10     11        (VIOLATED)
fanout327/X                              10     11        (VIOLATED)
fanout331/X                              10     11        (VIOLATED)
fanout335/X                              10     11        (VIOLATED)
fanout339/X                              10     11        (VIOLATED)
fanout343/X                              10     11        (VIOLATED)
fanout359/X                              10     11        (VIOLATED)
fanout363/X                              10     11        (VIOLATED)
fanout371/X                              10     11        (VIOLATED)
fanout372/X                              10     11        (VIOLATED)
fanout376/X                              10     11        (VIOLATED)
fanout388/X                              10     11        (VIOLATED)
fanout389/X                              10     11        (VIOLATED)
fanout401/X                              10     11        (VIOLATED)
fanout406/X                              10     11        (VIOLATED)
fanout413/X                              10     11        (VIOLATED)
fanout414/X                              10     11        (VIOLATED)
fanout418/X                              10     11        (VIOLATED)
fanout422/X                              10     11        (VIOLATED)
fanout429/X                              10     11        (VIOLATED)
fanout431/X                              10     11        (VIOLATED)
fanout438/X                              10     11        (VIOLATED)
fanout445/X                              10     11        (VIOLATED)
fanout447/X                              10     11        (VIOLATED)
fanout452/X                              10     11        (VIOLATED)
fanout456/X                              10     11        (VIOLATED)
fanout460/X                              10     11        (VIOLATED)
fanout466/X                              10     11        (VIOLATED)
fanout478/X                              10     11        (VIOLATED)
fanout502/X                              10     11        (VIOLATED)
fanout529/X                              10     11        (VIOLATED)
fanout542/X                              10     11        (VIOLATED)
fanout547/X                              10     11        (VIOLATED)
fanout549/X                              10     11        (VIOLATED)
fanout554/X                              10     11        (VIOLATED)
fanout558/X                              10     11        (VIOLATED)
fanout563/X                              10     11        (VIOLATED)
fanout569/X                              10     11        (VIOLATED)
fanout577/X                              10     11        (VIOLATED)
fanout591/X                              10     11        (VIOLATED)
fanout593/X                              10     11        (VIOLATED)
fanout598/X                              10     11        (VIOLATED)
fanout602/X                              10     11        (VIOLATED)
fanout616/X                              10     11        (VIOLATED)
fanout617/X                              10     11        (VIOLATED)
fanout637/X                              10     11        (VIOLATED)
fanout643/X                              10     11        (VIOLATED)
fanout646/X                              10     11        (VIOLATED)
fanout656/X                              10     11        (VIOLATED)
fanout657/X                              10     11        (VIOLATED)
fanout668/X                              10     11        (VIOLATED)
fanout671/X                              10     11        (VIOLATED)
fanout684/X                              10     11        (VIOLATED)
fanout693/X                              10     11        (VIOLATED)
fanout698/X                              10     11        (VIOLATED)
fanout699/X                              10     11        (VIOLATED)
fanout705/X                              10     11        (VIOLATED)
fanout709/X                              10     11        (VIOLATED)
fanout717/X                              10     11        (VIOLATED)
fanout734/X                              10     11        (VIOLATED)
fanout737/X                              10     11        (VIOLATED)
fanout739/X                              10     11        (VIOLATED)
fanout747/X                              10     11        (VIOLATED)
fanout780/X                              10     11        (VIOLATED)
fanout786/X                              10     11        (VIOLATED)
fanout791/X                              10     11        (VIOLATED)
fanout795/X                              10     11        (VIOLATED)
fanout804/X                              10     11        (VIOLATED)
fanout812/X                              10     11        (VIOLATED)
fanout818/X                              10     11        (VIOLATED)
fanout819/X                              10     11        (VIOLATED)
fanout830/X                              10     11        (VIOLATED)
fanout848/X                              10     11        (VIOLATED)
fanout853/X                              10     11        (VIOLATED)
fanout877/X                              10     11        (VIOLATED)
fanout878/X                              10     11        (VIOLATED)
fanout917/X                              10     11        (VIOLATED)
fanout918/X                              10     11        (VIOLATED)
fanout936/X                              10     11        (VIOLATED)
fanout940/X                              10     11        (VIOLATED)
fanout944/X                              10     11        (VIOLATED)
fanout951/X                              10     11        (VIOLATED)
fanout957/X                              10     11        (VIOLATED)
fanout967/X                              10     11        (VIOLATED)
fanout980/X                              10     11        (VIOLATED)
fanout988/X                              10     11        (VIOLATED)
wire526/X                                10     11        (VIOLATED)

max capacitance

Pin                                        Limit         Cap       Slack
------------------------------------------------------------------------
fanout735/X                             0.200000    0.250617   -0.050617 (VIOLATED)
fanout955/X                             0.200000    0.246328   -0.046328 (VIOLATED)
fanout294/X                             0.200000    0.212315   -0.012315 (VIOLATED)
fanout1055/X                            0.200000    0.207899   -0.007899 (VIOLATED)
fanout261/X                             0.200000    0.204799   -0.004799 (VIOLATED)
fanout342/X                             0.200000    0.200139   -0.000139 (VIOLATED)



===========================================================================
report_parasitic_annotation -report_unannotated
============================================================================
Found 101 unannotated drivers.
 gpio_in[32]
 gpio_in[33]
 _11899__1302/HI
 _11900__1303/HI
 _11901__1304/HI
 _11902__1305/HI
 clkload0/Y
 clkload1/X
 clkload10/Y
 clkload11/Y
 clkload12/Y
 clkload13/X
 clkload14/Y
 clkload15/Y
 clkload16/Y
 clkload17/Y
 clkload18/Y
 clkload19/Y
 clkload2/Y
 clkload20/Y
 clkload21/Y
 clkload22/Y
 clkload23/X
 clkload24/X
 clkload25/X
 clkload26/Y
 clkload27/Y
 clkload28/Y
 clkload29/Y
 clkload3/X
 clkload30/Y
 clkload31/Y
 clkload32/Y
 clkload33/Y
 clkload34/Y
 clkload35/Y
 clkload36/Y
 clkload37/Y
 clkload38/Y
 clkload39/X
 clkload4/Y
 clkload40/Y
 clkload41/X
 clkload42/Y
 clkload43/Y
 clkload44/Y
 clkload45/X
 clkload46/X
 clkload47/Y
 clkload48/Y
 clkload49/Y
 clkload5/Y
 clkload50/Y
 clkload51/X
 clkload52/Y
 clkload53/Y
 clkload54/Y
 clkload55/Y
 clkload56/Y
 clkload57/Y
 clkload58/Y
 clkload59/Y
 clkload6/Y
 clkload60/Y
 clkload61/Y
 clkload62/Y
 clkload63/Y
 clkload64/Y
 clkload65/Y
 clkload66/Y
 clkload67/Y
 clkload68/Y
 clkload69/Y
 clkload7/Y
 clkload70/Y
 clkload71/Y
 clkload72/Y
 clkload73/Y
 clkload74/Y
 clkload75/Y
 clkload76/X
 clkload77/Y
 clkload78/Y
 clkload79/Y
 clkload8/Y
 clkload80/Y
 clkload81/Y
 clkload82/Y
 clkload83/Y
 clkload84/Y
 clkload85/Y
 clkload86/Y
 clkload87/Y
 clkload88/Y
 clkload89/Y
 clkload9/Y
 clkload90/Y
 clkload91/Y
 clkload92/Y
 clkload93/Y
 clkload94/Y
Found 0 partially unannotated drivers.

===========================================================================
max slew violation count 0
max fanout violation count 1083
max cap violation count 6
============================================================================

===========================================================================
check_setup -verbose -unconstrained_endpoints -multiple_clock -no_clock -no_input_delay -loops -generated_clocks
===========================================================================
Warning: There are 4 unconstrained endpoints.
  gpio_oeb[32]
  gpio_oeb[33]
  gpio_out[32]
  gpio_out[33]
