
===========================================================================
report_checks -unconstrained
===========================================================================
======================= nom_ss_100C_1v60 Corner ===================================

Startpoint: wb_rst_i (input port clocked by clk)
Endpoint: _6_ (recovery check against rising-edge clock clk)
Path Group: asynchronous
Path Type: max

Fanout         Cap        Slew       Delay        Time   Description
---------------------------------------------------------------------------------------------
                                  0.000000    0.000000   clock clk (rise edge)
                                  5.570000    5.570000   clock network delay (propagated)
                                 12.500000   18.070000 v input external delay
     1    0.002583    0.000000    0.000000   18.070000 v wb_rst_i (in)
                                                         wb_rst_i (net)
                      0.000059    0.000030   18.070030 v input1/A (sky130_fd_sc_hd__clkbuf_1)
     1    0.008257    0.106655    0.184746   18.254776 v input1/X (sky130_fd_sc_hd__clkbuf_1)
                                                         net1 (net)
                      0.106655    0.000417   18.255194 v _3_/A (sky130_fd_sc_hd__inv_2)
     1    0.004338    0.050436    0.093744   18.348938 ^ _3_/Y (sky130_fd_sc_hd__inv_2)
                                                         _1_ (net)
                      0.050436    0.000064   18.349001 ^ _6_/RESET_B (sky130_fd_sc_hd__dfrtp_1)
                                             18.349001   data arrival time

                                 25.000000   25.000000   clock clk (rise edge)
                                  4.650000   29.650000   clock source latency
     1    0.072014    0.610000    0.000000   29.650000 ^ wb_clk_i (in)
                                                         wb_clk_i (net)
                      0.632583    0.010727   29.660727 ^ clkbuf_0_wb_clk_i/A (sky130_fd_sc_hd__clkbuf_16)
     2    0.068667    0.138185    0.490882   30.151608 ^ clkbuf_0_wb_clk_i/X (sky130_fd_sc_hd__clkbuf_16)
                                                         clknet_0_wb_clk_i (net)
                      0.139516    0.009102   30.160711 ^ clkbuf_1_0__f_wb_clk_i/A (sky130_fd_sc_hd__clkbuf_16)
     2    0.054076    0.112592    0.282551   30.443262 ^ clkbuf_1_0__f_wb_clk_i/X (sky130_fd_sc_hd__clkbuf_16)
                                                         clknet_1_0__leaf_wb_clk_i (net)
                      0.112612    0.001343   30.444605 ^ _6_/CLK (sky130_fd_sc_hd__dfrtp_1)
                                 -0.100000   30.344606   clock uncertainty
                                  0.000000   30.344606   clock reconvergence pessimism
                                  0.483997   30.828602   library recovery time
                                             30.828602   data required time
---------------------------------------------------------------------------------------------
                                             30.828602   data required time
                                            -18.349001   data arrival time
---------------------------------------------------------------------------------------------
                                             12.479602   slack (MET)


Startpoint: wbs_dat_i[1] (input port clocked by clk)
Endpoint: SRAM_0 (rising edge-triggered flip-flop clocked by clk)
Path Group: clk
Path Type: max

Fanout         Cap        Slew       Delay        Time   Description
---------------------------------------------------------------------------------------------
                                  0.000000    0.000000   clock clk (rise edge)
                                  5.570000    5.570000   clock network delay (propagated)
                                  4.610000   10.180000 v input external delay
     1    0.003072    0.840000    0.000000   10.180000 v wbs_dat_i[1] (in)
                                                         wbs_dat_i[1] (net)
                      0.840085    0.000044   10.180044 v hold125/A (sky130_fd_sc_hd__dlygate4sd3_1)
     1    0.002184    0.101476    1.539059   11.719104 v hold125/X (sky130_fd_sc_hd__dlygate4sd3_1)
                                                         net217 (net)
                      0.101476    0.000047   11.719151 v hold13/A (sky130_fd_sc_hd__dlygate4sd3_1)
     1    0.004848    0.127501    1.228859   12.948009 v hold13/X (sky130_fd_sc_hd__dlygate4sd3_1)
                                                         net105 (net)
                      0.127501    0.000187   12.948196 v input24/A (sky130_fd_sc_hd__buf_4)
     1    0.015546    0.067156    0.306883   13.255080 v input24/X (sky130_fd_sc_hd__buf_4)
                                                         net24 (net)
                      0.067177    0.001193   13.256273 v hold14/A (sky130_fd_sc_hd__dlygate4sd3_1)
     1    0.078368    0.728540    1.783841   15.040113 v hold14/X (sky130_fd_sc_hd__dlygate4sd3_1)
                                                         net106 (net)
                      0.729043    0.018387   15.058500 v SRAM_0/DI[1] (EF_SRAM_1024x32)
                                             15.058500   data arrival time

                                 25.000000   25.000000   clock clk (rise edge)
                                  4.650000   29.650000   clock source latency
     1    0.072014    0.610000    0.000000   29.650000 ^ wb_clk_i (in)
                                                         wb_clk_i (net)
                      0.632583    0.010727   29.660727 ^ clkbuf_0_wb_clk_i/A (sky130_fd_sc_hd__clkbuf_16)
     2    0.068667    0.138185    0.490882   30.151608 ^ clkbuf_0_wb_clk_i/X (sky130_fd_sc_hd__clkbuf_16)
                                                         clknet_0_wb_clk_i (net)
                      0.138185    0.001243   30.152851 ^ clkbuf_1_1__f_wb_clk_i/A (sky130_fd_sc_hd__clkbuf_16)
     1    0.136588    0.229464    0.358291   30.511143 ^ clkbuf_1_1__f_wb_clk_i/X (sky130_fd_sc_hd__clkbuf_16)
                                                         clknet_1_1__leaf_wb_clk_i (net)
                      0.231005    0.014477   30.525620 ^ SRAM_0/CLKin (EF_SRAM_1024x32)
                                 -0.100000   30.425623   clock uncertainty
                                  0.000000   30.425623   clock reconvergence pessimism
                                 -0.772992   29.652630   library setup time
                                             29.652630   data required time
---------------------------------------------------------------------------------------------
                                             29.652630   data required time
                                            -15.058500   data arrival time
---------------------------------------------------------------------------------------------
                                             14.594129   slack (MET)




===========================================================================
report_checks --slack_max -0.01
============================================================================
======================= nom_ss_100C_1v60 Corner ===================================

No paths found.


===========================================================================
 report_check_types -max_slew -max_cap -max_fanout -violators
============================================================================
======================= nom_ss_100C_1v60 Corner ===================================



===========================================================================
report_parasitic_annotation -report_unannotated
============================================================================
Found 33 unannotated drivers.
 wbs_adr_i[10]
 wbs_adr_i[11]
 wbs_adr_i[12]
 wbs_adr_i[13]
 wbs_adr_i[14]
 wbs_adr_i[15]
 wbs_adr_i[16]
 wbs_adr_i[17]
 wbs_adr_i[18]
 wbs_adr_i[19]
 wbs_adr_i[20]
 wbs_adr_i[21]
 wbs_adr_i[22]
 wbs_adr_i[23]
 wbs_adr_i[24]
 wbs_adr_i[25]
 wbs_adr_i[26]
 wbs_adr_i[27]
 wbs_adr_i[28]
 wbs_adr_i[29]
 wbs_adr_i[30]
 wbs_adr_i[31]
 SRAM_0/ScanOutCC
 SRAM_0_84/HI
 SRAM_0_85/HI
 SRAM_0_86/HI
 SRAM_0_87/HI
 SRAM_0_88/HI
 SRAM_0_89/HI
 SRAM_0_90/HI
 SRAM_0_91/LO
 SRAM_0_92/LO
 clkload0/Y
Found 0 partially unannotated drivers.

===========================================================================
max slew violation count 0
max fanout violation count 0
max cap violation count 0
============================================================================

===========================================================================
check_setup -verbose -unconstrained_endpoints -multiple_clock -no_clock -no_input_delay -loops -generated_clocks
===========================================================================
Warning: There are 5 unconstrained endpoints.
  SRAM_0/SM
  SRAM_0/ScanInCC
  SRAM_0/ScanInDL
  SRAM_0/ScanInDR
  SRAM_0/TM
