
Cell sky130_fd_sc_hd__decap_3 (0) disconnected node: VGND
Cell sky130_fd_sc_hd__decap_3 (0) disconnected node: VNB
Cell sky130_fd_sc_hd__decap_3 (0) disconnected node: VPB
Cell sky130_fd_sc_hd__decap_3 (0) disconnected node: VPWR

Subcircuit pins:
Circuit 1: sky130_fd_sc_hd__decap_3        |Circuit 2: sky130_fd_sc_hd__decap_3        
-------------------------------------------|-------------------------------------------
VGND                                       |VGND                                       
VNB                                        |VNB                                        
VPB                                        |VPB                                        
VPWR                                       |VPWR                                       
---------------------------------------------------------------------------------------
Cell pin lists are equivalent.
Device classes sky130_fd_sc_hd__decap_3 and sky130_fd_sc_hd__decap_3 are equivalent.

Cell sky130_fd_sc_hd__decap_4 (0) disconnected node: VGND
Cell sky130_fd_sc_hd__decap_4 (0) disconnected node: VNB
Cell sky130_fd_sc_hd__decap_4 (0) disconnected node: VPB
Cell sky130_fd_sc_hd__decap_4 (0) disconnected node: VPWR

Subcircuit pins:
Circuit 1: sky130_fd_sc_hd__decap_4        |Circuit 2: sky130_fd_sc_hd__decap_4        
-------------------------------------------|-------------------------------------------
VGND                                       |VGND                                       
VNB                                        |VNB                                        
VPB                                        |VPB                                        
VPWR                                       |VPWR                                       
---------------------------------------------------------------------------------------
Cell pin lists are equivalent.
Device classes sky130_fd_sc_hd__decap_4 and sky130_fd_sc_hd__decap_4 are equivalent.

Cell sky130_fd_sc_hd__decap_8 (0) disconnected node: VGND
Cell sky130_fd_sc_hd__decap_8 (0) disconnected node: VNB
Cell sky130_fd_sc_hd__decap_8 (0) disconnected node: VPB
Cell sky130_fd_sc_hd__decap_8 (0) disconnected node: VPWR

Subcircuit pins:
Circuit 1: sky130_fd_sc_hd__decap_8        |Circuit 2: sky130_fd_sc_hd__decap_8        
-------------------------------------------|-------------------------------------------
VGND                                       |VGND                                       
VNB                                        |VNB                                        
VPB                                        |VPB                                        
VPWR                                       |VPWR                                       
---------------------------------------------------------------------------------------
Cell pin lists are equivalent.
Device classes sky130_fd_sc_hd__decap_8 and sky130_fd_sc_hd__decap_8 are equivalent.

Cell sky130_ef_sc_hd__decap_12 (0) disconnected node: VPWR
Cell sky130_ef_sc_hd__decap_12 (0) disconnected node: VGND
Cell sky130_ef_sc_hd__decap_12 (0) disconnected node: VPB
Cell sky130_ef_sc_hd__decap_12 (0) disconnected node: VNB

Subcircuit pins:
Circuit 1: sky130_ef_sc_hd__decap_12       |Circuit 2: sky130_ef_sc_hd__decap_12       
-------------------------------------------|-------------------------------------------
VPWR                                       |VPWR                                       
VGND                                       |VGND                                       
VPB                                        |VPB                                        
VNB                                        |VNB                                        
---------------------------------------------------------------------------------------
Cell pin lists are equivalent.
Device classes sky130_ef_sc_hd__decap_12 and sky130_ef_sc_hd__decap_12 are equivalent.

Cell sky130_fd_sc_hd__tapvpwrvgnd_1 (0) disconnected node: VGND
Cell sky130_fd_sc_hd__tapvpwrvgnd_1 (0) disconnected node: VPWR
Cell sky130_fd_sc_hd__tapvpwrvgnd_1 (1) disconnected node: VGND
Cell sky130_fd_sc_hd__tapvpwrvgnd_1 (1) disconnected node: VPWR

Subcircuit pins:
Circuit 1: sky130_fd_sc_hd__tapvpwrvgnd_1  |Circuit 2: sky130_fd_sc_hd__tapvpwrvgnd_1  
-------------------------------------------|-------------------------------------------
VGND                                       |VGND                                       
VPWR                                       |VPWR                                       
---------------------------------------------------------------------------------------
Cell pin lists are equivalent.
Device classes sky130_fd_sc_hd__tapvpwrvgnd_1 and sky130_fd_sc_hd__tapvpwrvgnd_1 are equivalent.

Cell sky130_fd_sc_hd__decap_6 (0) disconnected node: VGND
Cell sky130_fd_sc_hd__decap_6 (0) disconnected node: VNB
Cell sky130_fd_sc_hd__decap_6 (0) disconnected node: VPB
Cell sky130_fd_sc_hd__decap_6 (0) disconnected node: VPWR

Subcircuit pins:
Circuit 1: sky130_fd_sc_hd__decap_6        |Circuit 2: sky130_fd_sc_hd__decap_6        
-------------------------------------------|-------------------------------------------
VGND                                       |VGND                                       
VNB                                        |VNB                                        
VPB                                        |VPB                                        
VPWR                                       |VPWR                                       
---------------------------------------------------------------------------------------
Cell pin lists are equivalent.
Device classes sky130_fd_sc_hd__decap_6 and sky130_fd_sc_hd__decap_6 are equivalent.

Cell sky130_fd_sc_hd__fill_1 (0) disconnected node: VGND
Cell sky130_fd_sc_hd__fill_1 (0) disconnected node: VNB
Cell sky130_fd_sc_hd__fill_1 (0) disconnected node: VPB
Cell sky130_fd_sc_hd__fill_1 (0) disconnected node: VPWR
Cell sky130_fd_sc_hd__fill_1 (1) disconnected node: VGND
Cell sky130_fd_sc_hd__fill_1 (1) disconnected node: VNB
Cell sky130_fd_sc_hd__fill_1 (1) disconnected node: VPB
Cell sky130_fd_sc_hd__fill_1 (1) disconnected node: VPWR

Subcircuit pins:
Circuit 1: sky130_fd_sc_hd__fill_1         |Circuit 2: sky130_fd_sc_hd__fill_1         
-------------------------------------------|-------------------------------------------
VGND                                       |VGND                                       
VNB                                        |VNB                                        
VPB                                        |VPB                                        
VPWR                                       |VPWR                                       
---------------------------------------------------------------------------------------
Cell pin lists are equivalent.
Device classes sky130_fd_sc_hd__fill_1 and sky130_fd_sc_hd__fill_1 are equivalent.

Cell sky130_fd_sc_hd__fill_2 (0) disconnected node: VGND
Cell sky130_fd_sc_hd__fill_2 (0) disconnected node: VNB
Cell sky130_fd_sc_hd__fill_2 (0) disconnected node: VPB
Cell sky130_fd_sc_hd__fill_2 (0) disconnected node: VPWR
Cell sky130_fd_sc_hd__fill_2 (1) disconnected node: VGND
Cell sky130_fd_sc_hd__fill_2 (1) disconnected node: VNB
Cell sky130_fd_sc_hd__fill_2 (1) disconnected node: VPB
Cell sky130_fd_sc_hd__fill_2 (1) disconnected node: VPWR

Subcircuit pins:
Circuit 1: sky130_fd_sc_hd__fill_2         |Circuit 2: sky130_fd_sc_hd__fill_2         
-------------------------------------------|-------------------------------------------
VGND                                       |VGND                                       
VNB                                        |VNB                                        
VPB                                        |VPB                                        
VPWR                                       |VPWR                                       
---------------------------------------------------------------------------------------
Cell pin lists are equivalent.
Device classes sky130_fd_sc_hd__fill_2 and sky130_fd_sc_hd__fill_2 are equivalent.

Cell sky130_fd_sc_hd__dlygate4sd3_1 (0) disconnected node: A
Cell sky130_fd_sc_hd__dlygate4sd3_1 (0) disconnected node: VGND
Cell sky130_fd_sc_hd__dlygate4sd3_1 (0) disconnected node: VNB
Cell sky130_fd_sc_hd__dlygate4sd3_1 (0) disconnected node: VPB
Cell sky130_fd_sc_hd__dlygate4sd3_1 (0) disconnected node: VPWR
Cell sky130_fd_sc_hd__dlygate4sd3_1 (0) disconnected node: X

Subcircuit pins:
Circuit 1: sky130_fd_sc_hd__dlygate4sd3_1  |Circuit 2: sky130_fd_sc_hd__dlygate4sd3_1  
-------------------------------------------|-------------------------------------------
A                                          |A                                          
VGND                                       |VGND                                       
VNB                                        |VNB                                        
VPB                                        |VPB                                        
VPWR                                       |VPWR                                       
X                                          |X                                          
---------------------------------------------------------------------------------------
Cell pin lists are equivalent.
Device classes sky130_fd_sc_hd__dlygate4sd3_1 and sky130_fd_sc_hd__dlygate4sd3_1 are equivalent.

Cell sky130_fd_sc_hd__buf_12 (0) disconnected node: A
Cell sky130_fd_sc_hd__buf_12 (0) disconnected node: VGND
Cell sky130_fd_sc_hd__buf_12 (0) disconnected node: VNB
Cell sky130_fd_sc_hd__buf_12 (0) disconnected node: VPB
Cell sky130_fd_sc_hd__buf_12 (0) disconnected node: VPWR
Cell sky130_fd_sc_hd__buf_12 (0) disconnected node: X

Subcircuit pins:
Circuit 1: sky130_fd_sc_hd__buf_12         |Circuit 2: sky130_fd_sc_hd__buf_12         
-------------------------------------------|-------------------------------------------
A                                          |A                                          
VGND                                       |VGND                                       
VNB                                        |VNB                                        
VPB                                        |VPB                                        
VPWR                                       |VPWR                                       
X                                          |X                                          
---------------------------------------------------------------------------------------
Cell pin lists are equivalent.
Device classes sky130_fd_sc_hd__buf_12 and sky130_fd_sc_hd__buf_12 are equivalent.

Cell EF_SRAM_1024x32 (0) disconnected node: DO[16]
Cell EF_SRAM_1024x32 (0) disconnected node: BEN[16]
Cell EF_SRAM_1024x32 (0) disconnected node: DO[17]
Cell EF_SRAM_1024x32 (0) disconnected node: BEN[17]
Cell EF_SRAM_1024x32 (0) disconnected node: DO[18]
Cell EF_SRAM_1024x32 (0) disconnected node: BEN[18]
Cell EF_SRAM_1024x32 (0) disconnected node: DO[19]
Cell EF_SRAM_1024x32 (0) disconnected node: BEN[19]
Cell EF_SRAM_1024x32 (0) disconnected node: DO[20]
Cell EF_SRAM_1024x32 (0) disconnected node: BEN[20]
Cell EF_SRAM_1024x32 (0) disconnected node: DO[21]
Cell EF_SRAM_1024x32 (0) disconnected node: BEN[21]
Cell EF_SRAM_1024x32 (0) disconnected node: DO[22]
Cell EF_SRAM_1024x32 (0) disconnected node: BEN[22]
Cell EF_SRAM_1024x32 (0) disconnected node: DO[23]
Cell EF_SRAM_1024x32 (0) disconnected node: BEN[23]
Cell EF_SRAM_1024x32 (0) disconnected node: DO[24]
Cell EF_SRAM_1024x32 (0) disconnected node: BEN[24]
Cell EF_SRAM_1024x32 (0) disconnected node: DO[25]
Cell EF_SRAM_1024x32 (0) disconnected node: BEN[25]
Cell EF_SRAM_1024x32 (0) disconnected node: DO[26]
Cell EF_SRAM_1024x32 (0) disconnected node: BEN[26]
Cell EF_SRAM_1024x32 (0) disconnected node: DO[27]
Cell EF_SRAM_1024x32 (0) disconnected node: BEN[27]
Cell EF_SRAM_1024x32 (0) disconnected node: DO[28]
Cell EF_SRAM_1024x32 (0) disconnected node: BEN[28]
Cell EF_SRAM_1024x32 (0) disconnected node: DO[29]
Cell EF_SRAM_1024x32 (0) disconnected node: BEN[29]
Cell EF_SRAM_1024x32 (0) disconnected node: DO[30]
Cell EF_SRAM_1024x32 (0) disconnected node: BEN[30]
Cell EF_SRAM_1024x32 (0) disconnected node: DO[31]
Cell EF_SRAM_1024x32 (0) disconnected node: BEN[31]
Cell EF_SRAM_1024x32 (0) disconnected node: AD[0]
Cell EF_SRAM_1024x32 (0) disconnected node: AD[1]
Cell EF_SRAM_1024x32 (0) disconnected node: AD[2]
Cell EF_SRAM_1024x32 (0) disconnected node: WLBI
Cell EF_SRAM_1024x32 (0) disconnected node: WLOFF
Cell EF_SRAM_1024x32 (0) disconnected node: CLKin
Cell EF_SRAM_1024x32 (0) disconnected node: EN
Cell EF_SRAM_1024x32 (0) disconnected node: R_WB
Cell EF_SRAM_1024x32 (0) disconnected node: SM
Cell EF_SRAM_1024x32 (0) disconnected node: TM
Cell EF_SRAM_1024x32 (0) disconnected node: ScanInDR
Cell EF_SRAM_1024x32 (0) disconnected node: ScanOutCC
Cell EF_SRAM_1024x32 (0) disconnected node: ScanInDL
Cell EF_SRAM_1024x32 (0) disconnected node: DO[9]
Cell EF_SRAM_1024x32 (0) disconnected node: BEN[9]
Cell EF_SRAM_1024x32 (0) disconnected node: DO[10]
Cell EF_SRAM_1024x32 (0) disconnected node: BEN[10]
Cell EF_SRAM_1024x32 (0) disconnected node: DO[11]
Cell EF_SRAM_1024x32 (0) disconnected node: BEN[11]
Cell EF_SRAM_1024x32 (0) disconnected node: DO[12]
Cell EF_SRAM_1024x32 (0) disconnected node: BEN[12]
Cell EF_SRAM_1024x32 (0) disconnected node: DO[13]
Cell EF_SRAM_1024x32 (0) disconnected node: BEN[13]
Cell EF_SRAM_1024x32 (0) disconnected node: DO[14]
Cell EF_SRAM_1024x32 (0) disconnected node: BEN[14]
Cell EF_SRAM_1024x32 (0) disconnected node: DO[15]
Cell EF_SRAM_1024x32 (0) disconnected node: BEN[15]
Cell EF_SRAM_1024x32 (0) disconnected node: BEN[8]
Cell EF_SRAM_1024x32 (0) disconnected node: AD[3]
Cell EF_SRAM_1024x32 (0) disconnected node: AD[4]
Cell EF_SRAM_1024x32 (0) disconnected node: AD[5]
Cell EF_SRAM_1024x32 (0) disconnected node: AD[6]
Cell EF_SRAM_1024x32 (0) disconnected node: AD[7]
Cell EF_SRAM_1024x32 (0) disconnected node: AD[8]
Cell EF_SRAM_1024x32 (0) disconnected node: AD[9]
Cell EF_SRAM_1024x32 (0) disconnected node: ScanInCC
Cell EF_SRAM_1024x32 (0) disconnected node: DO[0]
Cell EF_SRAM_1024x32 (0) disconnected node: BEN[0]
Cell EF_SRAM_1024x32 (0) disconnected node: DO[1]
Cell EF_SRAM_1024x32 (0) disconnected node: BEN[1]
Cell EF_SRAM_1024x32 (0) disconnected node: DO[2]
Cell EF_SRAM_1024x32 (0) disconnected node: BEN[2]
Cell EF_SRAM_1024x32 (0) disconnected node: DO[3]
Cell EF_SRAM_1024x32 (0) disconnected node: BEN[3]
Cell EF_SRAM_1024x32 (0) disconnected node: DO[4]
Cell EF_SRAM_1024x32 (0) disconnected node: BEN[4]
Cell EF_SRAM_1024x32 (0) disconnected node: DO[5]
Cell EF_SRAM_1024x32 (0) disconnected node: BEN[5]
Cell EF_SRAM_1024x32 (0) disconnected node: DO[6]
Cell EF_SRAM_1024x32 (0) disconnected node: BEN[6]
Cell EF_SRAM_1024x32 (0) disconnected node: DO[7]
Cell EF_SRAM_1024x32 (0) disconnected node: BEN[7]
Cell EF_SRAM_1024x32 (0) disconnected node: DO[8]
Cell EF_SRAM_1024x32 (0) disconnected node: DI[3]
Cell EF_SRAM_1024x32 (0) disconnected node: DI[12]
Cell EF_SRAM_1024x32 (0) disconnected node: DI[0]
Cell EF_SRAM_1024x32 (0) disconnected node: DI[4]
Cell EF_SRAM_1024x32 (0) disconnected node: DI[14]
Cell EF_SRAM_1024x32 (0) disconnected node: DI[11]
Cell EF_SRAM_1024x32 (0) disconnected node: DI[5]
Cell EF_SRAM_1024x32 (0) disconnected node: DI[1]
Cell EF_SRAM_1024x32 (0) disconnected node: DI[9]
Cell EF_SRAM_1024x32 (0) disconnected node: DI[6]
Cell EF_SRAM_1024x32 (0) disconnected node: DI[15]
Cell EF_SRAM_1024x32 (0) disconnected node: DI[2]
Cell EF_SRAM_1024x32 (0) disconnected node: DI[7]
Cell EF_SRAM_1024x32 (0) disconnected node: DI[13]
Cell EF_SRAM_1024x32 (0) disconnected node: DI[10]
Cell EF_SRAM_1024x32 (0) disconnected node: DI[8]
Cell EF_SRAM_1024x32 (0) disconnected node: DI[23]
Cell EF_SRAM_1024x32 (0) disconnected node: DI[27]
Cell EF_SRAM_1024x32 (0) disconnected node: DI[19]
Cell EF_SRAM_1024x32 (0) disconnected node: DI[21]
Cell EF_SRAM_1024x32 (0) disconnected node: DI[28]
Cell EF_SRAM_1024x32 (0) disconnected node: DI[24]
Cell EF_SRAM_1024x32 (0) disconnected node: DI[18]
Cell EF_SRAM_1024x32 (0) disconnected node: DI[29]
Cell EF_SRAM_1024x32 (0) disconnected node: DI[16]
Cell EF_SRAM_1024x32 (0) disconnected node: DI[25]
Cell EF_SRAM_1024x32 (0) disconnected node: DI[30]
Cell EF_SRAM_1024x32 (0) disconnected node: DI[22]
Cell EF_SRAM_1024x32 (0) disconnected node: DI[20]
Cell EF_SRAM_1024x32 (0) disconnected node: DI[26]
Cell EF_SRAM_1024x32 (0) disconnected node: DI[17]
Cell EF_SRAM_1024x32 (0) disconnected node: DI[31]
Cell EF_SRAM_1024x32 (0) disconnected node: vnb
Cell EF_SRAM_1024x32 (0) disconnected node: vpwrm
Cell EF_SRAM_1024x32 (0) disconnected node: vpwra
Cell EF_SRAM_1024x32 (0) disconnected node: vpwrp
Cell EF_SRAM_1024x32 (0) disconnected node: vgnd
Cell EF_SRAM_1024x32 (0) disconnected node: vpb
Cell EF_SRAM_1024x32 (0) disconnected node: vpwrpc
Cell EF_SRAM_1024x32 (0) disconnected node: vpwrac

Subcircuit pins:
Circuit 1: EF_SRAM_1024x32                 |Circuit 2: EF_SRAM_1024x32                 
-------------------------------------------|-------------------------------------------
DO[16]                                     |DO[16]                                     
BEN[16]                                    |BEN[16]                                    
DO[17]                                     |DO[17]                                     
BEN[17]                                    |BEN[17]                                    
DO[18]                                     |DO[18]                                     
BEN[18]                                    |BEN[18]                                    
DO[19]                                     |DO[19]                                     
BEN[19]                                    |BEN[19]                                    
DO[20]                                     |DO[20]                                     
BEN[20]                                    |BEN[20]                                    
DO[21]                                     |DO[21]                                     
BEN[21]                                    |BEN[21]                                    
DO[22]                                     |DO[22]                                     
BEN[22]                                    |BEN[22]                                    
DO[23]                                     |DO[23]                                     
BEN[23]                                    |BEN[23]                                    
DO[24]                                     |DO[24]                                     
BEN[24]                                    |BEN[24]                                    
DO[25]                                     |DO[25]                                     
BEN[25]                                    |BEN[25]                                    
DO[26]                                     |DO[26]                                     
BEN[26]                                    |BEN[26]                                    
DO[27]                                     |DO[27]                                     
BEN[27]                                    |BEN[27]                                    
DO[28]                                     |DO[28]                                     
BEN[28]                                    |BEN[28]                                    
DO[29]                                     |DO[29]                                     
BEN[29]                                    |BEN[29]                                    
DO[30]                                     |DO[30]                                     
BEN[30]                                    |BEN[30]                                    
DO[31]                                     |DO[31]                                     
BEN[31]                                    |BEN[31]                                    
AD[0]                                      |AD[0]                                      
AD[1]                                      |AD[1]                                      
AD[2]                                      |AD[2]                                      
WLBI                                       |WLBI                                       
WLOFF                                      |WLOFF                                      
CLKin                                      |CLKin                                      
EN                                         |EN                                         
R_WB                                       |R_WB                                       
SM                                         |SM                                         
TM                                         |TM                                         
ScanInDR                                   |ScanInDR                                   
ScanInDL                                   |ScanInDL                                   
DO[9]                                      |DO[9]                                      
BEN[9]                                     |BEN[9]                                     
DO[10]                                     |DO[10]                                     
BEN[10]                                    |BEN[10]                                    
DO[11]                                     |DO[11]                                     
BEN[11]                                    |BEN[11]                                    
DO[12]                                     |DO[12]                                     
BEN[12]                                    |BEN[12]                                    
DO[13]                                     |DO[13]                                     
BEN[13]                                    |BEN[13]                                    
DO[14]                                     |DO[14]                                     
BEN[14]                                    |BEN[14]                                    
DO[15]                                     |DO[15]                                     
BEN[15]                                    |BEN[15]                                    
BEN[8]                                     |BEN[8]                                     
AD[3]                                      |AD[3]                                      
AD[4]                                      |AD[4]                                      
AD[5]                                      |AD[5]                                      
AD[6]                                      |AD[6]                                      
AD[7]                                      |AD[7]                                      
AD[8]                                      |AD[8]                                      
AD[9]                                      |AD[9]                                      
ScanInCC                                   |ScanInCC                                   
DO[0]                                      |DO[0]                                      
BEN[0]                                     |BEN[0]                                     
DO[1]                                      |DO[1]                                      
BEN[1]                                     |BEN[1]                                     
DO[2]                                      |DO[2]                                      
BEN[2]                                     |BEN[2]                                     
DO[3]                                      |DO[3]                                      
BEN[3]                                     |BEN[3]                                     
DO[4]                                      |DO[4]                                      
BEN[4]                                     |BEN[4]                                     
DO[5]                                      |DO[5]                                      
BEN[5]                                     |BEN[5]                                     
DO[6]                                      |DO[6]                                      
BEN[6]                                     |BEN[6]                                     
DO[7]                                      |DO[7]                                      
BEN[7]                                     |BEN[7]                                     
DO[8]                                      |DO[8]                                      
DI[3]                                      |DI[3]                                      
DI[12]                                     |DI[12]                                     
DI[0]                                      |DI[0]                                      
DI[4]                                      |DI[4]                                      
DI[14]                                     |DI[14]                                     
DI[11]                                     |DI[11]                                     
DI[5]                                      |DI[5]                                      
DI[1]                                      |DI[1]                                      
DI[9]                                      |DI[9]                                      
DI[6]                                      |DI[6]                                      
DI[15]                                     |DI[15]                                     
DI[2]                                      |DI[2]                                      
DI[7]                                      |DI[7]                                      
DI[13]                                     |DI[13]                                     
DI[10]                                     |DI[10]                                     
DI[8]                                      |DI[8]                                      
DI[23]                                     |DI[23]                                     
DI[27]                                     |DI[27]                                     
DI[19]                                     |DI[19]                                     
DI[21]                                     |DI[21]                                     
DI[28]                                     |DI[28]                                     
DI[24]                                     |DI[24]                                     
DI[18]                                     |DI[18]                                     
DI[29]                                     |DI[29]                                     
DI[16]                                     |DI[16]                                     
DI[25]                                     |DI[25]                                     
DI[30]                                     |DI[30]                                     
DI[22]                                     |DI[22]                                     
DI[20]                                     |DI[20]                                     
DI[26]                                     |DI[26]                                     
DI[17]                                     |DI[17]                                     
DI[31]                                     |DI[31]                                     
vnb                                        |vnb                                        
vpwrm                                      |vpwrm                                      
vpwra                                      |vpwra                                      
vpwrp                                      |vpwrp                                      
vgnd                                       |vgnd                                       
vpb                                        |vpb                                        
vpwrpc                                     |vpwrpc                                     
vpwrac                                     |vpwrac                                     
ScanOutCC                                  |(no matching pin)                          
---------------------------------------------------------------------------------------
Cell pin lists are equivalent.
Device classes EF_SRAM_1024x32 and EF_SRAM_1024x32 are equivalent.

Cell sky130_fd_sc_hd__clkinv_16 (0) disconnected node: A
Cell sky130_fd_sc_hd__clkinv_16 (0) disconnected node: VGND
Cell sky130_fd_sc_hd__clkinv_16 (0) disconnected node: VNB
Cell sky130_fd_sc_hd__clkinv_16 (0) disconnected node: VPB
Cell sky130_fd_sc_hd__clkinv_16 (0) disconnected node: VPWR
Cell sky130_fd_sc_hd__clkinv_16 (0) disconnected node: Y

Subcircuit pins:
Circuit 1: sky130_fd_sc_hd__clkinv_16      |Circuit 2: sky130_fd_sc_hd__clkinv_16      
-------------------------------------------|-------------------------------------------
A                                          |A                                          
VGND                                       |VGND                                       
VNB                                        |VNB                                        
VPB                                        |VPB                                        
VPWR                                       |VPWR                                       
Y                                          |Y                                          
---------------------------------------------------------------------------------------
Cell pin lists are equivalent.
Device classes sky130_fd_sc_hd__clkinv_16 and sky130_fd_sc_hd__clkinv_16 are equivalent.

Cell sky130_fd_sc_hd__clkbuf_1 (0) disconnected node: A
Cell sky130_fd_sc_hd__clkbuf_1 (0) disconnected node: VGND
Cell sky130_fd_sc_hd__clkbuf_1 (0) disconnected node: VNB
Cell sky130_fd_sc_hd__clkbuf_1 (0) disconnected node: VPB
Cell sky130_fd_sc_hd__clkbuf_1 (0) disconnected node: VPWR
Cell sky130_fd_sc_hd__clkbuf_1 (0) disconnected node: X

Subcircuit pins:
Circuit 1: sky130_fd_sc_hd__clkbuf_1       |Circuit 2: sky130_fd_sc_hd__clkbuf_1       
-------------------------------------------|-------------------------------------------
A                                          |A                                          
VGND                                       |VGND                                       
VNB                                        |VNB                                        
VPB                                        |VPB                                        
VPWR                                       |VPWR                                       
X                                          |X                                          
---------------------------------------------------------------------------------------
Cell pin lists are equivalent.
Device classes sky130_fd_sc_hd__clkbuf_1 and sky130_fd_sc_hd__clkbuf_1 are equivalent.

Cell sky130_fd_sc_hd__buf_4 (0) disconnected node: A
Cell sky130_fd_sc_hd__buf_4 (0) disconnected node: VGND
Cell sky130_fd_sc_hd__buf_4 (0) disconnected node: VNB
Cell sky130_fd_sc_hd__buf_4 (0) disconnected node: VPB
Cell sky130_fd_sc_hd__buf_4 (0) disconnected node: VPWR
Cell sky130_fd_sc_hd__buf_4 (0) disconnected node: X

Subcircuit pins:
Circuit 1: sky130_fd_sc_hd__buf_4          |Circuit 2: sky130_fd_sc_hd__buf_4          
-------------------------------------------|-------------------------------------------
A                                          |A                                          
VGND                                       |VGND                                       
VNB                                        |VNB                                        
VPB                                        |VPB                                        
VPWR                                       |VPWR                                       
X                                          |X                                          
---------------------------------------------------------------------------------------
Cell pin lists are equivalent.
Device classes sky130_fd_sc_hd__buf_4 and sky130_fd_sc_hd__buf_4 are equivalent.

Cell sky130_fd_sc_hd__dlymetal6s2s_1 (0) disconnected node: A
Cell sky130_fd_sc_hd__dlymetal6s2s_1 (0) disconnected node: VGND
Cell sky130_fd_sc_hd__dlymetal6s2s_1 (0) disconnected node: VNB
Cell sky130_fd_sc_hd__dlymetal6s2s_1 (0) disconnected node: VPB
Cell sky130_fd_sc_hd__dlymetal6s2s_1 (0) disconnected node: VPWR
Cell sky130_fd_sc_hd__dlymetal6s2s_1 (0) disconnected node: X

Subcircuit pins:
Circuit 1: sky130_fd_sc_hd__dlymetal6s2s_1 |Circuit 2: sky130_fd_sc_hd__dlymetal6s2s_1 
-------------------------------------------|-------------------------------------------
A                                          |A                                          
VGND                                       |VGND                                       
VNB                                        |VNB                                        
VPB                                        |VPB                                        
VPWR                                       |VPWR                                       
X                                          |X                                          
---------------------------------------------------------------------------------------
Cell pin lists are equivalent.
Device classes sky130_fd_sc_hd__dlymetal6s2s_1 and sky130_fd_sc_hd__dlymetal6s2s_1 are equivalent.

Cell sky130_fd_sc_hd__dfrtp_1 (0) disconnected node: CLK
Cell sky130_fd_sc_hd__dfrtp_1 (0) disconnected node: D
Cell sky130_fd_sc_hd__dfrtp_1 (0) disconnected node: RESET_B
Cell sky130_fd_sc_hd__dfrtp_1 (0) disconnected node: VGND
Cell sky130_fd_sc_hd__dfrtp_1 (0) disconnected node: VNB
Cell sky130_fd_sc_hd__dfrtp_1 (0) disconnected node: VPB
Cell sky130_fd_sc_hd__dfrtp_1 (0) disconnected node: VPWR
Cell sky130_fd_sc_hd__dfrtp_1 (0) disconnected node: Q

Subcircuit pins:
Circuit 1: sky130_fd_sc_hd__dfrtp_1        |Circuit 2: sky130_fd_sc_hd__dfrtp_1        
-------------------------------------------|-------------------------------------------
CLK                                        |CLK                                        
D                                          |D                                          
RESET_B                                    |RESET_B                                    
VGND                                       |VGND                                       
VNB                                        |VNB                                        
VPB                                        |VPB                                        
VPWR                                       |VPWR                                       
Q                                          |Q                                          
---------------------------------------------------------------------------------------
Cell pin lists are equivalent.
Device classes sky130_fd_sc_hd__dfrtp_1 and sky130_fd_sc_hd__dfrtp_1 are equivalent.

Cell sky130_fd_sc_hd__clkbuf_4 (0) disconnected node: A
Cell sky130_fd_sc_hd__clkbuf_4 (0) disconnected node: VGND
Cell sky130_fd_sc_hd__clkbuf_4 (0) disconnected node: VNB
Cell sky130_fd_sc_hd__clkbuf_4 (0) disconnected node: VPB
Cell sky130_fd_sc_hd__clkbuf_4 (0) disconnected node: VPWR
Cell sky130_fd_sc_hd__clkbuf_4 (0) disconnected node: X

Subcircuit pins:
Circuit 1: sky130_fd_sc_hd__clkbuf_4       |Circuit 2: sky130_fd_sc_hd__clkbuf_4       
-------------------------------------------|-------------------------------------------
A                                          |A                                          
VGND                                       |VGND                                       
VNB                                        |VNB                                        
VPB                                        |VPB                                        
VPWR                                       |VPWR                                       
X                                          |X                                          
---------------------------------------------------------------------------------------
Cell pin lists are equivalent.
Device classes sky130_fd_sc_hd__clkbuf_4 and sky130_fd_sc_hd__clkbuf_4 are equivalent.

Cell sky130_fd_sc_hd__and3b_1 (0) disconnected node: A_N
Cell sky130_fd_sc_hd__and3b_1 (0) disconnected node: B
Cell sky130_fd_sc_hd__and3b_1 (0) disconnected node: C
Cell sky130_fd_sc_hd__and3b_1 (0) disconnected node: VGND
Cell sky130_fd_sc_hd__and3b_1 (0) disconnected node: VNB
Cell sky130_fd_sc_hd__and3b_1 (0) disconnected node: VPB
Cell sky130_fd_sc_hd__and3b_1 (0) disconnected node: VPWR
Cell sky130_fd_sc_hd__and3b_1 (0) disconnected node: X

Subcircuit pins:
Circuit 1: sky130_fd_sc_hd__and3b_1        |Circuit 2: sky130_fd_sc_hd__and3b_1        
-------------------------------------------|-------------------------------------------
A_N                                        |A_N                                        
B                                          |B                                          
C                                          |C                                          
VGND                                       |VGND                                       
VNB                                        |VNB                                        
VPB                                        |VPB                                        
VPWR                                       |VPWR                                       
X                                          |X                                          
---------------------------------------------------------------------------------------
Cell pin lists are equivalent.
Device classes sky130_fd_sc_hd__and3b_1 and sky130_fd_sc_hd__and3b_1 are equivalent.

Cell sky130_fd_sc_hd__and2_4 (0) disconnected node: A
Cell sky130_fd_sc_hd__and2_4 (0) disconnected node: B
Cell sky130_fd_sc_hd__and2_4 (0) disconnected node: VGND
Cell sky130_fd_sc_hd__and2_4 (0) disconnected node: VNB
Cell sky130_fd_sc_hd__and2_4 (0) disconnected node: VPB
Cell sky130_fd_sc_hd__and2_4 (0) disconnected node: VPWR
Cell sky130_fd_sc_hd__and2_4 (0) disconnected node: X

Subcircuit pins:
Circuit 1: sky130_fd_sc_hd__and2_4         |Circuit 2: sky130_fd_sc_hd__and2_4         
-------------------------------------------|-------------------------------------------
A                                          |A                                          
B                                          |B                                          
VGND                                       |VGND                                       
VNB                                        |VNB                                        
VPB                                        |VPB                                        
VPWR                                       |VPWR                                       
X                                          |X                                          
---------------------------------------------------------------------------------------
Cell pin lists are equivalent.
Device classes sky130_fd_sc_hd__and2_4 and sky130_fd_sc_hd__and2_4 are equivalent.

Cell sky130_fd_sc_hd__conb_1 (0) disconnected node: VGND
Cell sky130_fd_sc_hd__conb_1 (0) disconnected node: VNB
Cell sky130_fd_sc_hd__conb_1 (0) disconnected node: VPB
Cell sky130_fd_sc_hd__conb_1 (0) disconnected node: VPWR
Cell sky130_fd_sc_hd__conb_1 (0) disconnected node: HI
Cell sky130_fd_sc_hd__conb_1 (0) disconnected node: LO
Cell sky130_fd_sc_hd__conb_1 (1) disconnected node: VNB
Cell sky130_fd_sc_hd__conb_1 (1) disconnected node: VPB

Subcircuit pins:
Circuit 1: sky130_fd_sc_hd__conb_1         |Circuit 2: sky130_fd_sc_hd__conb_1         
-------------------------------------------|-------------------------------------------
VGND                                       |VGND                                       
VNB                                        |VNB                                        
VPB                                        |VPB                                        
VPWR                                       |VPWR                                       
HI                                         |HI                                         
LO                                         |LO                                         
---------------------------------------------------------------------------------------
Cell pin lists are equivalent.
Device classes sky130_fd_sc_hd__conb_1 and sky130_fd_sc_hd__conb_1 are equivalent.

Cell sky130_fd_sc_hd__inv_2 (0) disconnected node: A
Cell sky130_fd_sc_hd__inv_2 (0) disconnected node: VGND
Cell sky130_fd_sc_hd__inv_2 (0) disconnected node: VNB
Cell sky130_fd_sc_hd__inv_2 (0) disconnected node: VPB
Cell sky130_fd_sc_hd__inv_2 (0) disconnected node: VPWR
Cell sky130_fd_sc_hd__inv_2 (0) disconnected node: Y

Subcircuit pins:
Circuit 1: sky130_fd_sc_hd__inv_2          |Circuit 2: sky130_fd_sc_hd__inv_2          
-------------------------------------------|-------------------------------------------
A                                          |A                                          
VGND                                       |VGND                                       
VNB                                        |VNB                                        
VPB                                        |VPB                                        
VPWR                                       |VPWR                                       
Y                                          |Y                                          
---------------------------------------------------------------------------------------
Cell pin lists are equivalent.
Device classes sky130_fd_sc_hd__inv_2 and sky130_fd_sc_hd__inv_2 are equivalent.

Cell sky130_fd_sc_hd__clkinv_4 (0) disconnected node: A
Cell sky130_fd_sc_hd__clkinv_4 (0) disconnected node: VGND
Cell sky130_fd_sc_hd__clkinv_4 (0) disconnected node: VNB
Cell sky130_fd_sc_hd__clkinv_4 (0) disconnected node: VPB
Cell sky130_fd_sc_hd__clkinv_4 (0) disconnected node: VPWR
Cell sky130_fd_sc_hd__clkinv_4 (0) disconnected node: Y

Subcircuit pins:
Circuit 1: sky130_fd_sc_hd__clkinv_4       |Circuit 2: sky130_fd_sc_hd__clkinv_4       
-------------------------------------------|-------------------------------------------
A                                          |A                                          
VGND                                       |VGND                                       
VNB                                        |VNB                                        
VPB                                        |VPB                                        
VPWR                                       |VPWR                                       
Y                                          |Y                                          
---------------------------------------------------------------------------------------
Cell pin lists are equivalent.
Device classes sky130_fd_sc_hd__clkinv_4 and sky130_fd_sc_hd__clkinv_4 are equivalent.

Cell sky130_fd_sc_hd__buf_1 (0) disconnected node: A
Cell sky130_fd_sc_hd__buf_1 (0) disconnected node: VGND
Cell sky130_fd_sc_hd__buf_1 (0) disconnected node: VNB
Cell sky130_fd_sc_hd__buf_1 (0) disconnected node: VPB
Cell sky130_fd_sc_hd__buf_1 (0) disconnected node: VPWR
Cell sky130_fd_sc_hd__buf_1 (0) disconnected node: X

Subcircuit pins:
Circuit 1: sky130_fd_sc_hd__buf_1          |Circuit 2: sky130_fd_sc_hd__buf_1          
-------------------------------------------|-------------------------------------------
A                                          |A                                          
VGND                                       |VGND                                       
VNB                                        |VNB                                        
VPB                                        |VPB                                        
VPWR                                       |VPWR                                       
X                                          |X                                          
---------------------------------------------------------------------------------------
Cell pin lists are equivalent.
Device classes sky130_fd_sc_hd__buf_1 and sky130_fd_sc_hd__buf_1 are equivalent.

Cell sky130_fd_sc_hd__buf_2 (0) disconnected node: A
Cell sky130_fd_sc_hd__buf_2 (0) disconnected node: VGND
Cell sky130_fd_sc_hd__buf_2 (0) disconnected node: VNB
Cell sky130_fd_sc_hd__buf_2 (0) disconnected node: VPB
Cell sky130_fd_sc_hd__buf_2 (0) disconnected node: VPWR
Cell sky130_fd_sc_hd__buf_2 (0) disconnected node: X

Subcircuit pins:
Circuit 1: sky130_fd_sc_hd__buf_2          |Circuit 2: sky130_fd_sc_hd__buf_2          
-------------------------------------------|-------------------------------------------
A                                          |A                                          
VGND                                       |VGND                                       
VNB                                        |VNB                                        
VPB                                        |VPB                                        
VPWR                                       |VPWR                                       
X                                          |X                                          
---------------------------------------------------------------------------------------
Cell pin lists are equivalent.
Device classes sky130_fd_sc_hd__buf_2 and sky130_fd_sc_hd__buf_2 are equivalent.

Cell sky130_fd_sc_hd__clkbuf_16 (0) disconnected node: A
Cell sky130_fd_sc_hd__clkbuf_16 (0) disconnected node: VGND
Cell sky130_fd_sc_hd__clkbuf_16 (0) disconnected node: VNB
Cell sky130_fd_sc_hd__clkbuf_16 (0) disconnected node: VPB
Cell sky130_fd_sc_hd__clkbuf_16 (0) disconnected node: VPWR
Cell sky130_fd_sc_hd__clkbuf_16 (0) disconnected node: X

Subcircuit pins:
Circuit 1: sky130_fd_sc_hd__clkbuf_16      |Circuit 2: sky130_fd_sc_hd__clkbuf_16      
-------------------------------------------|-------------------------------------------
A                                          |A                                          
VGND                                       |VGND                                       
VNB                                        |VNB                                        
VPB                                        |VPB                                        
VPWR                                       |VPWR                                       
X                                          |X                                          
---------------------------------------------------------------------------------------
Cell pin lists are equivalent.
Device classes sky130_fd_sc_hd__clkbuf_16 and sky130_fd_sc_hd__clkbuf_16 are equivalent.

Cell SRAM_1024x32_wb_wrapper (0) disconnected node: wbs_adr_i[10]
Cell SRAM_1024x32_wb_wrapper (0) disconnected node: wbs_adr_i[11]
Cell SRAM_1024x32_wb_wrapper (0) disconnected node: wbs_adr_i[12]
Cell SRAM_1024x32_wb_wrapper (0) disconnected node: wbs_adr_i[13]
Cell SRAM_1024x32_wb_wrapper (0) disconnected node: wbs_adr_i[14]
Cell SRAM_1024x32_wb_wrapper (0) disconnected node: wbs_adr_i[15]
Cell SRAM_1024x32_wb_wrapper (0) disconnected node: wbs_adr_i[16]
Cell SRAM_1024x32_wb_wrapper (0) disconnected node: wbs_adr_i[17]
Cell SRAM_1024x32_wb_wrapper (0) disconnected node: wbs_adr_i[18]
Cell SRAM_1024x32_wb_wrapper (0) disconnected node: wbs_adr_i[19]
Cell SRAM_1024x32_wb_wrapper (0) disconnected node: wbs_adr_i[20]
Cell SRAM_1024x32_wb_wrapper (0) disconnected node: wbs_adr_i[21]
Cell SRAM_1024x32_wb_wrapper (0) disconnected node: wbs_adr_i[22]
Cell SRAM_1024x32_wb_wrapper (0) disconnected node: wbs_adr_i[23]
Cell SRAM_1024x32_wb_wrapper (0) disconnected node: wbs_adr_i[24]
Cell SRAM_1024x32_wb_wrapper (0) disconnected node: wbs_adr_i[25]
Cell SRAM_1024x32_wb_wrapper (0) disconnected node: wbs_adr_i[26]
Cell SRAM_1024x32_wb_wrapper (0) disconnected node: wbs_adr_i[27]
Cell SRAM_1024x32_wb_wrapper (0) disconnected node: wbs_adr_i[28]
Cell SRAM_1024x32_wb_wrapper (0) disconnected node: wbs_adr_i[29]
Cell SRAM_1024x32_wb_wrapper (0) disconnected node: wbs_adr_i[30]
Cell SRAM_1024x32_wb_wrapper (0) disconnected node: wbs_adr_i[31]
Cell SRAM_1024x32_wb_wrapper (1) disconnected node: wbs_adr_i[31]
Cell SRAM_1024x32_wb_wrapper (1) disconnected node: wbs_adr_i[30]
Cell SRAM_1024x32_wb_wrapper (1) disconnected node: wbs_adr_i[29]
Cell SRAM_1024x32_wb_wrapper (1) disconnected node: wbs_adr_i[28]
Cell SRAM_1024x32_wb_wrapper (1) disconnected node: wbs_adr_i[27]
Cell SRAM_1024x32_wb_wrapper (1) disconnected node: wbs_adr_i[26]
Cell SRAM_1024x32_wb_wrapper (1) disconnected node: wbs_adr_i[25]
Cell SRAM_1024x32_wb_wrapper (1) disconnected node: wbs_adr_i[24]
Cell SRAM_1024x32_wb_wrapper (1) disconnected node: wbs_adr_i[23]
Cell SRAM_1024x32_wb_wrapper (1) disconnected node: wbs_adr_i[22]
Cell SRAM_1024x32_wb_wrapper (1) disconnected node: wbs_adr_i[21]
Cell SRAM_1024x32_wb_wrapper (1) disconnected node: wbs_adr_i[20]
Cell SRAM_1024x32_wb_wrapper (1) disconnected node: wbs_adr_i[19]
Cell SRAM_1024x32_wb_wrapper (1) disconnected node: wbs_adr_i[18]
Cell SRAM_1024x32_wb_wrapper (1) disconnected node: wbs_adr_i[17]
Cell SRAM_1024x32_wb_wrapper (1) disconnected node: wbs_adr_i[16]
Cell SRAM_1024x32_wb_wrapper (1) disconnected node: wbs_adr_i[15]
Cell SRAM_1024x32_wb_wrapper (1) disconnected node: wbs_adr_i[14]
Cell SRAM_1024x32_wb_wrapper (1) disconnected node: wbs_adr_i[13]
Cell SRAM_1024x32_wb_wrapper (1) disconnected node: wbs_adr_i[12]
Cell SRAM_1024x32_wb_wrapper (1) disconnected node: wbs_adr_i[11]
Cell SRAM_1024x32_wb_wrapper (1) disconnected node: wbs_adr_i[10]
Class SRAM_1024x32_wb_wrapper (0):  Merged 3012 parallel devices.
Class SRAM_1024x32_wb_wrapper (1):  Merged 3012 parallel devices.
Cell SRAM_1024x32_wb_wrapper (0) disconnected node: wbs_adr_i[10]
Cell SRAM_1024x32_wb_wrapper (0) disconnected node: wbs_adr_i[11]
Cell SRAM_1024x32_wb_wrapper (0) disconnected node: wbs_adr_i[12]
Cell SRAM_1024x32_wb_wrapper (0) disconnected node: wbs_adr_i[13]
Cell SRAM_1024x32_wb_wrapper (0) disconnected node: wbs_adr_i[14]
Cell SRAM_1024x32_wb_wrapper (0) disconnected node: wbs_adr_i[15]
Cell SRAM_1024x32_wb_wrapper (0) disconnected node: wbs_adr_i[16]
Cell SRAM_1024x32_wb_wrapper (0) disconnected node: wbs_adr_i[17]
Cell SRAM_1024x32_wb_wrapper (0) disconnected node: wbs_adr_i[18]
Cell SRAM_1024x32_wb_wrapper (0) disconnected node: wbs_adr_i[19]
Cell SRAM_1024x32_wb_wrapper (0) disconnected node: wbs_adr_i[20]
Cell SRAM_1024x32_wb_wrapper (0) disconnected node: wbs_adr_i[21]
Cell SRAM_1024x32_wb_wrapper (0) disconnected node: wbs_adr_i[22]
Cell SRAM_1024x32_wb_wrapper (0) disconnected node: wbs_adr_i[23]
Cell SRAM_1024x32_wb_wrapper (0) disconnected node: wbs_adr_i[24]
Cell SRAM_1024x32_wb_wrapper (0) disconnected node: wbs_adr_i[25]
Cell SRAM_1024x32_wb_wrapper (0) disconnected node: wbs_adr_i[26]
Cell SRAM_1024x32_wb_wrapper (0) disconnected node: wbs_adr_i[27]
Cell SRAM_1024x32_wb_wrapper (0) disconnected node: wbs_adr_i[28]
Cell SRAM_1024x32_wb_wrapper (0) disconnected node: wbs_adr_i[29]
Cell SRAM_1024x32_wb_wrapper (0) disconnected node: wbs_adr_i[30]
Cell SRAM_1024x32_wb_wrapper (0) disconnected node: wbs_adr_i[31]
Cell SRAM_1024x32_wb_wrapper (1) disconnected node: wbs_adr_i[31]
Cell SRAM_1024x32_wb_wrapper (1) disconnected node: wbs_adr_i[30]
Cell SRAM_1024x32_wb_wrapper (1) disconnected node: wbs_adr_i[29]
Cell SRAM_1024x32_wb_wrapper (1) disconnected node: wbs_adr_i[28]
Cell SRAM_1024x32_wb_wrapper (1) disconnected node: wbs_adr_i[27]
Cell SRAM_1024x32_wb_wrapper (1) disconnected node: wbs_adr_i[26]
Cell SRAM_1024x32_wb_wrapper (1) disconnected node: wbs_adr_i[25]
Cell SRAM_1024x32_wb_wrapper (1) disconnected node: wbs_adr_i[24]
Cell SRAM_1024x32_wb_wrapper (1) disconnected node: wbs_adr_i[23]
Cell SRAM_1024x32_wb_wrapper (1) disconnected node: wbs_adr_i[22]
Cell SRAM_1024x32_wb_wrapper (1) disconnected node: wbs_adr_i[21]
Cell SRAM_1024x32_wb_wrapper (1) disconnected node: wbs_adr_i[20]
Cell SRAM_1024x32_wb_wrapper (1) disconnected node: wbs_adr_i[19]
Cell SRAM_1024x32_wb_wrapper (1) disconnected node: wbs_adr_i[18]
Cell SRAM_1024x32_wb_wrapper (1) disconnected node: wbs_adr_i[17]
Cell SRAM_1024x32_wb_wrapper (1) disconnected node: wbs_adr_i[16]
Cell SRAM_1024x32_wb_wrapper (1) disconnected node: wbs_adr_i[15]
Cell SRAM_1024x32_wb_wrapper (1) disconnected node: wbs_adr_i[14]
Cell SRAM_1024x32_wb_wrapper (1) disconnected node: wbs_adr_i[13]
Cell SRAM_1024x32_wb_wrapper (1) disconnected node: wbs_adr_i[12]
Cell SRAM_1024x32_wb_wrapper (1) disconnected node: wbs_adr_i[11]
Cell SRAM_1024x32_wb_wrapper (1) disconnected node: wbs_adr_i[10]
Subcircuit summary:
Circuit 1: SRAM_1024x32_wb_wrapper         |Circuit 2: SRAM_1024x32_wb_wrapper         
-------------------------------------------|-------------------------------------------
sky130_fd_sc_hd__decap_3 (381->1)          |sky130_fd_sc_hd__decap_3 (381->1)          
sky130_fd_sc_hd__decap_4 (195->1)          |sky130_fd_sc_hd__decap_4 (195->1)          
sky130_fd_sc_hd__decap_8 (98->1)           |sky130_fd_sc_hd__decap_8 (98->1)           
sky130_ef_sc_hd__decap_12 (1340->1)        |sky130_ef_sc_hd__decap_12 (1340->1)        
sky130_fd_sc_hd__tapvpwrvgnd_1 (376->1)    |sky130_fd_sc_hd__tapvpwrvgnd_1 (376->1)    
sky130_fd_sc_hd__decap_6 (138->1)          |sky130_fd_sc_hd__decap_6 (138->1)          
sky130_fd_sc_hd__fill_1 (466->1)           |sky130_fd_sc_hd__fill_1 (466->1)           
sky130_fd_sc_hd__fill_2 (26->1)            |sky130_fd_sc_hd__fill_2 (26->1)            
sky130_fd_sc_hd__dlygate4sd3_1 (136)       |sky130_fd_sc_hd__dlygate4sd3_1 (136)       
sky130_fd_sc_hd__buf_12 (41)               |sky130_fd_sc_hd__buf_12 (41)               
EF_SRAM_1024x32 (1)                        |EF_SRAM_1024x32 (1)                        
sky130_fd_sc_hd__clkinv_16 (1)             |sky130_fd_sc_hd__clkinv_16 (1)             
sky130_fd_sc_hd__clkbuf_1 (1)              |sky130_fd_sc_hd__clkbuf_1 (1)              
sky130_fd_sc_hd__buf_4 (19)                |sky130_fd_sc_hd__buf_4 (19)                
sky130_fd_sc_hd__dlymetal6s2s_1 (1)        |sky130_fd_sc_hd__dlymetal6s2s_1 (1)        
sky130_fd_sc_hd__dfrtp_1 (1)               |sky130_fd_sc_hd__dfrtp_1 (1)               
sky130_fd_sc_hd__clkbuf_4 (19)             |sky130_fd_sc_hd__clkbuf_4 (19)             
sky130_fd_sc_hd__and3b_1 (1)               |sky130_fd_sc_hd__and3b_1 (1)               
sky130_fd_sc_hd__and2_4 (1)                |sky130_fd_sc_hd__and2_4 (1)                
sky130_fd_sc_hd__conb_1 (9)                |sky130_fd_sc_hd__conb_1 (9)                
sky130_fd_sc_hd__inv_2 (1)                 |sky130_fd_sc_hd__inv_2 (1)                 
sky130_fd_sc_hd__clkinv_4 (1)              |sky130_fd_sc_hd__clkinv_4 (1)              
sky130_fd_sc_hd__buf_1 (2)                 |sky130_fd_sc_hd__buf_1 (2)                 
sky130_fd_sc_hd__buf_2 (4)                 |sky130_fd_sc_hd__buf_2 (4)                 
sky130_fd_sc_hd__clkbuf_16 (3)             |sky130_fd_sc_hd__clkbuf_16 (3)             
Number of devices: 250                     |Number of devices: 250                     
Number of nets: 336                        |Number of nets: 336                        
---------------------------------------------------------------------------------------
Netlists match uniquely.

Subcircuit pins:
Circuit 1: SRAM_1024x32_wb_wrapper         |Circuit 2: SRAM_1024x32_wb_wrapper         
-------------------------------------------|-------------------------------------------
wb_clk_i                                   |wb_clk_i                                   
wb_rst_i                                   |wb_rst_i                                   
wbs_stb_i                                  |wbs_stb_i                                  
wbs_ack_o                                  |wbs_ack_o                                  
wbs_dat_o[2]                               |wbs_dat_o[2]                               
wbs_dat_o[1]                               |wbs_dat_o[1]                               
wbs_dat_o[0]                               |wbs_dat_o[0]                               
wbs_dat_o[19]                              |wbs_dat_o[19]                              
wbs_dat_o[29]                              |wbs_dat_o[29]                              
wbs_dat_o[9]                               |wbs_dat_o[9]                               
wbs_dat_o[18]                              |wbs_dat_o[18]                              
wbs_dat_o[28]                              |wbs_dat_o[28]                              
wbs_dat_o[8]                               |wbs_dat_o[8]                               
wbs_dat_o[17]                              |wbs_dat_o[17]                              
wbs_dat_o[27]                              |wbs_dat_o[27]                              
wbs_dat_o[7]                               |wbs_dat_o[7]                               
wbs_dat_o[26]                              |wbs_dat_o[26]                              
wbs_dat_o[6]                               |wbs_dat_o[6]                               
wbs_dat_o[16]                              |wbs_dat_o[16]                              
wbs_dat_o[15]                              |wbs_dat_o[15]                              
wbs_dat_o[25]                              |wbs_dat_o[25]                              
wbs_dat_o[5]                               |wbs_dat_o[5]                               
wbs_dat_o[24]                              |wbs_dat_o[24]                              
wbs_dat_o[14]                              |wbs_dat_o[14]                              
wbs_dat_o[4]                               |wbs_dat_o[4]                               
wbs_dat_o[13]                              |wbs_dat_o[13]                              
wbs_dat_o[23]                              |wbs_dat_o[23]                              
wbs_dat_o[3]                               |wbs_dat_o[3]                               
wbs_dat_o[12]                              |wbs_dat_o[12]                              
wbs_dat_o[22]                              |wbs_dat_o[22]                              
wbs_dat_o[11]                              |wbs_dat_o[11]                              
wbs_dat_o[21]                              |wbs_dat_o[21]                              
wbs_dat_o[31]                              |wbs_dat_o[31]                              
wbs_dat_o[10]                              |wbs_dat_o[10]                              
wbs_dat_o[20]                              |wbs_dat_o[20]                              
wbs_dat_o[30]                              |wbs_dat_o[30]                              
wbs_we_i                                   |wbs_we_i                                   
wbs_cyc_i                                  |wbs_cyc_i                                  
wbs_sel_i[1]                               |wbs_sel_i[1]                               
wbs_sel_i[0]                               |wbs_sel_i[0]                               
wbs_sel_i[2]                               |wbs_sel_i[2]                               
wbs_sel_i[3]                               |wbs_sel_i[3]                               
wbs_dat_i[15]                              |wbs_dat_i[15]                              
wbs_dat_i[14]                              |wbs_dat_i[14]                              
wbs_dat_i[13]                              |wbs_dat_i[13]                              
wbs_dat_i[12]                              |wbs_dat_i[12]                              
wbs_dat_i[11]                              |wbs_dat_i[11]                              
wbs_dat_i[10]                              |wbs_dat_i[10]                              
wbs_dat_i[9]                               |wbs_dat_i[9]                               
wbs_dat_i[8]                               |wbs_dat_i[8]                               
wbs_dat_i[7]                               |wbs_dat_i[7]                               
wbs_dat_i[6]                               |wbs_dat_i[6]                               
wbs_dat_i[18]                              |wbs_dat_i[18]                              
wbs_dat_i[5]                               |wbs_dat_i[5]                               
wbs_dat_i[20]                              |wbs_dat_i[20]                              
wbs_dat_i[17]                              |wbs_dat_i[17]                              
wbs_dat_i[19]                              |wbs_dat_i[19]                              
wbs_dat_i[22]                              |wbs_dat_i[22]                              
wbs_dat_i[16]                              |wbs_dat_i[16]                              
wbs_dat_i[21]                              |wbs_dat_i[21]                              
wbs_dat_i[4]                               |wbs_dat_i[4]                               
wbs_dat_i[23]                              |wbs_dat_i[23]                              
wbs_dat_i[24]                              |wbs_dat_i[24]                              
wbs_dat_i[3]                               |wbs_dat_i[3]                               
wbs_dat_i[25]                              |wbs_dat_i[25]                              
wbs_dat_i[2]                               |wbs_dat_i[2]                               
wbs_dat_i[26]                              |wbs_dat_i[26]                              
wbs_dat_i[27]                              |wbs_dat_i[27]                              
wbs_dat_i[1]                               |wbs_dat_i[1]                               
wbs_dat_i[28]                              |wbs_dat_i[28]                              
wbs_dat_i[0]                               |wbs_dat_i[0]                               
wbs_dat_i[29]                              |wbs_dat_i[29]                              
wbs_dat_i[30]                              |wbs_dat_i[30]                              
wbs_dat_i[31]                              |wbs_dat_i[31]                              
wbs_adr_i[9]                               |wbs_adr_i[9]                               
wbs_adr_i[8]                               |wbs_adr_i[8]                               
wbs_adr_i[7]                               |wbs_adr_i[7]                               
wbs_adr_i[6]                               |wbs_adr_i[6]                               
wbs_adr_i[5]                               |wbs_adr_i[5]                               
wbs_adr_i[4]                               |wbs_adr_i[4]                               
wbs_adr_i[3]                               |wbs_adr_i[3]                               
wbs_adr_i[2]                               |wbs_adr_i[2]                               
wbs_adr_i[1]                               |wbs_adr_i[1]                               
wbs_adr_i[0]                               |wbs_adr_i[0]                               
VPWR                                       |VPWR                                       
VGND                                       |VGND                                       
wbs_adr_i[10]                              |wbs_adr_i[10]                              
wbs_adr_i[11]                              |wbs_adr_i[11]                              
wbs_adr_i[12]                              |wbs_adr_i[12]                              
wbs_adr_i[13]                              |wbs_adr_i[13]                              
wbs_adr_i[14]                              |wbs_adr_i[14]                              
wbs_adr_i[15]                              |wbs_adr_i[15]                              
wbs_adr_i[16]                              |wbs_adr_i[16]                              
wbs_adr_i[17]                              |wbs_adr_i[17]                              
wbs_adr_i[18]                              |wbs_adr_i[18]                              
wbs_adr_i[19]                              |wbs_adr_i[19]                              
wbs_adr_i[20]                              |wbs_adr_i[20]                              
wbs_adr_i[21]                              |wbs_adr_i[21]                              
wbs_adr_i[22]                              |wbs_adr_i[22]                              
wbs_adr_i[23]                              |wbs_adr_i[23]                              
wbs_adr_i[24]                              |wbs_adr_i[24]                              
wbs_adr_i[25]                              |wbs_adr_i[25]                              
wbs_adr_i[26]                              |wbs_adr_i[26]                              
wbs_adr_i[27]                              |wbs_adr_i[27]                              
wbs_adr_i[28]                              |wbs_adr_i[28]                              
wbs_adr_i[29]                              |wbs_adr_i[29]                              
wbs_adr_i[30]                              |wbs_adr_i[30]                              
wbs_adr_i[31]                              |wbs_adr_i[31]                              
---------------------------------------------------------------------------------------
Cell pin lists are equivalent.
Device classes SRAM_1024x32_wb_wrapper and SRAM_1024x32_wb_wrapper are equivalent.

Final result: Circuits match uniquely.
.
