
===========================================================================
report_checks -unconstrained
===========================================================================
======================= nom_ss_100C_1v60 Corner ===================================

Startpoint: nrst (input port clocked by clk)
Endpoint: _3544_ (recovery check against rising-edge clock clk)
Path Group: asynchronous
Path Type: max

Fanout         Cap        Slew       Delay        Time   Description
---------------------------------------------------------------------------------------------
                                  0.000000    0.000000   clock clk (rise edge)
                                  0.000000    0.000000   clock network delay (propagated)
                                 20.000000   20.000000 ^ input external delay
     2    0.003910    0.039705    0.021640   20.021641 ^ nrst (in)
                                                         nrst (net)
                      0.039705    0.000000   20.021641 ^ input8/A (sky130_fd_sc_hd__buf_1)
     3    0.014961    0.291318    0.294497   20.316137 ^ input8/X (sky130_fd_sc_hd__buf_1)
                                                         net8 (net)
                      0.291324    0.001043   20.317179 ^ fanout225/A (sky130_fd_sc_hd__clkbuf_4)
    11    0.059381    0.289845    0.509294   20.826473 ^ fanout225/X (sky130_fd_sc_hd__clkbuf_4)
                                                         net225 (net)
                      0.289847    0.001441   20.827913 ^ fanout190/A (sky130_fd_sc_hd__buf_2)
    11    0.053204    0.413644    0.540421   21.368336 ^ fanout190/X (sky130_fd_sc_hd__buf_2)
                                                         net190 (net)
                      0.413646    0.001792   21.370127 ^ fanout180/A (sky130_fd_sc_hd__clkbuf_2)
    11    0.052488    0.442901    0.598387   21.968515 ^ fanout180/X (sky130_fd_sc_hd__clkbuf_2)
                                                         net180 (net)
                      0.442936    0.004228   21.972742 ^ fanout179/A (sky130_fd_sc_hd__clkbuf_2)
    11    0.045308    0.384807    0.569964   22.542706 ^ fanout179/X (sky130_fd_sc_hd__clkbuf_2)
                                                         net179 (net)
                      0.384807    0.001458   22.544165 ^ fanout176/A (sky130_fd_sc_hd__clkbuf_4)
    21    0.068362    0.328560    0.577897   23.122061 ^ fanout176/X (sky130_fd_sc_hd__clkbuf_4)
                                                         net176 (net)
                      0.328563    0.001688   23.123749 ^ fanout175/A (sky130_fd_sc_hd__clkbuf_4)
    10    0.045128    0.227958    0.479464   23.603212 ^ fanout175/X (sky130_fd_sc_hd__clkbuf_4)
                                                         net175 (net)
                      0.228018    0.003581   23.606794 ^ _3544_/SET_B (sky130_fd_sc_hd__dfstp_1)
                                             23.606794   data arrival time

                                100.000000  100.000000   clock clk (rise edge)
                                  0.000000  100.000000   clock source latency
     2    0.045529    0.328681    0.229150  100.229149 ^ clk (in)
                                                         clk (net)
                      0.328706    0.000000  100.229149 ^ clkbuf_0_clk/A (sky130_fd_sc_hd__clkbuf_16)
     9    0.077317    0.145651    0.403340  100.632484 ^ clkbuf_0_clk/X (sky130_fd_sc_hd__clkbuf_16)
                                                         clknet_0_clk (net)
                      0.145814    0.004299  100.636787 ^ clkbuf_2_0__f_clk/A (sky130_fd_sc_hd__clkbuf_16)
    21    0.117492    0.200646    0.366732  101.003517 ^ clkbuf_2_0__f_clk/X (sky130_fd_sc_hd__clkbuf_16)
                                                         clknet_2_0__leaf_clk (net)
                      0.200959    0.005400  101.008919 ^ clkbuf_leaf_1_clk/A (sky130_fd_sc_hd__clkbuf_8)
    11    0.058234    0.174220    0.371216  101.380135 ^ clkbuf_leaf_1_clk/X (sky130_fd_sc_hd__clkbuf_8)
                                                         clknet_leaf_1_clk (net)
                      0.174225    0.001251  101.381386 ^ _3544_/CLK (sky130_fd_sc_hd__dfstp_1)
                                 -0.250000  101.131386   clock uncertainty
                                  0.000000  101.131386   clock reconvergence pessimism
                                  0.279434  101.410820   library recovery time
                                            101.410820   data required time
---------------------------------------------------------------------------------------------
                                            101.410820   data required time
                                            -23.606794   data arrival time
---------------------------------------------------------------------------------------------
                                             77.804024   slack (MET)


Startpoint: gpio_in[33] (input port clocked by clk)
Endpoint: gpio_out[29] (output port clocked by clk)
Path Group: clk
Path Type: max

Fanout         Cap        Slew       Delay        Time   Description
---------------------------------------------------------------------------------------------
                                  0.000000    0.000000   clock clk (rise edge)
                                  0.000000    0.000000   clock network delay (propagated)
                                 20.000000   20.000000 ^ input external delay
     2    0.004575    0.044268    0.025141   20.025141 ^ gpio_in[33] (in)
                                                         gpio_in[33] (net)
                      0.044268    0.000000   20.025141 ^ input7/A (sky130_fd_sc_hd__clkbuf_2)
     5    0.034516    0.297045    0.341233   20.366375 ^ input7/X (sky130_fd_sc_hd__clkbuf_2)
                                                         net7 (net)
                      0.297138    0.004343   20.370718 ^ fanout231/A (sky130_fd_sc_hd__buf_4)
    19    0.081155    0.358941    0.518901   20.889618 ^ fanout231/X (sky130_fd_sc_hd__buf_4)
                                                         net231 (net)
                      0.359422    0.009395   20.899014 ^ fanout230/A (sky130_fd_sc_hd__clkbuf_2)
     6    0.029131    0.254208    0.446088   21.345100 ^ fanout230/X (sky130_fd_sc_hd__clkbuf_2)
                                                         net230 (net)
                      0.254208    0.000471   21.345572 ^ _1864_/S (sky130_fd_sc_hd__mux2_1)
     1    0.006124    0.142574    0.811450   22.157022 v _1864_/X (sky130_fd_sc_hd__mux2_1)
                                                         net39 (net)
                      0.142574    0.000272   22.157293 v output39/A (sky130_fd_sc_hd__buf_2)
     1    0.034459    0.166736    0.379883   22.537176 v output39/X (sky130_fd_sc_hd__buf_2)
                                                         gpio_out[29] (net)
                      0.166737    0.000769   22.537945 v gpio_out[29] (out)
                                             22.537945   data arrival time

                                100.000000  100.000000   clock clk (rise edge)
                                  0.000000  100.000000   clock network delay (propagated)
                                 -0.250000   99.750000   clock uncertainty
                                  0.000000   99.750000   clock reconvergence pessimism
                                -20.000000   79.750000   output external delay
                                             79.750000   data required time
---------------------------------------------------------------------------------------------
                                             79.750000   data required time
                                            -22.537945   data arrival time
---------------------------------------------------------------------------------------------
                                             57.212051   slack (MET)




===========================================================================
report_checks --slack_max -0.01
============================================================================
======================= nom_ss_100C_1v60 Corner ===================================

No paths found.


===========================================================================
 report_check_types -max_slew -max_cap -max_fanout -violators
============================================================================
======================= nom_ss_100C_1v60 Corner ===================================

max fanout

Pin                                   Limit Fanout  Slack
---------------------------------------------------------
clkbuf_leaf_21_clk/X                     10     51    -41 (VIOLATED)
clkbuf_leaf_31_clk/X                     10     51    -41 (VIOLATED)
clkbuf_leaf_14_clk/X                     10     49    -39 (VIOLATED)
clkbuf_leaf_29_clk/X                     10     45    -35 (VIOLATED)
clkbuf_leaf_30_clk/X                     10     45    -35 (VIOLATED)
clkbuf_leaf_33_clk/X                     10     45    -35 (VIOLATED)
clkbuf_leaf_22_clk/X                     10     41    -31 (VIOLATED)
clkbuf_leaf_24_clk/X                     10     39    -29 (VIOLATED)
clkbuf_leaf_35_clk/X                     10     39    -29 (VIOLATED)
clkbuf_leaf_5_clk/X                      10     39    -29 (VIOLATED)
clkbuf_leaf_6_clk/X                      10     37    -27 (VIOLATED)
clkbuf_leaf_7_clk/X                      10     37    -27 (VIOLATED)
clkbuf_leaf_4_clk/X                      10     35    -25 (VIOLATED)
clkbuf_leaf_23_clk/X                     10     31    -21 (VIOLATED)
clkbuf_leaf_2_clk/X                      10     29    -19 (VIOLATED)
clkbuf_leaf_3_clk/X                      10     29    -19 (VIOLATED)
clkbuf_leaf_20_clk/X                     10     23    -13 (VIOLATED)
_2042_/X                                 10     21    -11 (VIOLATED)
_3340_/Q                                 10     21    -11 (VIOLATED)
clkbuf_2_0__f_clk/X                      10     21    -11 (VIOLATED)
clkbuf_2_2__f_clk/X                      10     21    -11 (VIOLATED)
clkbuf_2_3__f_clk/X                      10     21    -11 (VIOLATED)
fanout105/X                              10     21    -11 (VIOLATED)
fanout106/X                              10     21    -11 (VIOLATED)
fanout108/X                              10     21    -11 (VIOLATED)
fanout109/X                              10     21    -11 (VIOLATED)
fanout111/X                              10     21    -11 (VIOLATED)
fanout112/X                              10     21    -11 (VIOLATED)
fanout114/X                              10     21    -11 (VIOLATED)
fanout117/X                              10     21    -11 (VIOLATED)
fanout119/X                              10     21    -11 (VIOLATED)
fanout123/X                              10     21    -11 (VIOLATED)
fanout125/X                              10     21    -11 (VIOLATED)
fanout129/X                              10     21    -11 (VIOLATED)
fanout132/X                              10     21    -11 (VIOLATED)
fanout136/X                              10     21    -11 (VIOLATED)
fanout139/X                              10     21    -11 (VIOLATED)
fanout140/X                              10     21    -11 (VIOLATED)
fanout141/X                              10     21    -11 (VIOLATED)
fanout142/X                              10     21    -11 (VIOLATED)
fanout143/X                              10     21    -11 (VIOLATED)
fanout144/X                              10     21    -11 (VIOLATED)
fanout145/X                              10     21    -11 (VIOLATED)
fanout164/X                              10     21    -11 (VIOLATED)
fanout176/X                              10     21    -11 (VIOLATED)
fanout184/X                              10     21    -11 (VIOLATED)
fanout202/X                              10     21    -11 (VIOLATED)
fanout217/X                              10     21    -11 (VIOLATED)
fanout221/X                              10     21    -11 (VIOLATED)
fanout223/X                              10     21    -11 (VIOLATED)
fanout226/X                              10     21    -11 (VIOLATED)
fanout227/X                              10     21    -11 (VIOLATED)
fanout49/X                               10     21    -11 (VIOLATED)
fanout53/X                               10     21    -11 (VIOLATED)
fanout67/X                               10     21    -11 (VIOLATED)
fanout69/X                               10     21    -11 (VIOLATED)
fanout70/X                               10     21    -11 (VIOLATED)
fanout75/X                               10     21    -11 (VIOLATED)
fanout80/X                               10     21    -11 (VIOLATED)
fanout92/X                               10     21    -11 (VIOLATED)
fanout94/X                               10     21    -11 (VIOLATED)
fanout95/X                               10     21    -11 (VIOLATED)
fanout96/X                               10     21    -11 (VIOLATED)
input6/X                                 10     21    -11 (VIOLATED)
_1406_/Y                                 10     19     -9 (VIOLATED)
_1795_/X                                 10     19     -9 (VIOLATED)
_2043_/Y                                 10     19     -9 (VIOLATED)
clkbuf_2_1__f_clk/X                      10     19     -9 (VIOLATED)
clkbuf_leaf_25_clk/X                     10     19     -9 (VIOLATED)
fanout120/X                              10     19     -9 (VIOLATED)
fanout231/X                              10     19     -9 (VIOLATED)
fanout71/X                               10     19     -9 (VIOLATED)
fanout77/X                               10     19     -9 (VIOLATED)
fanout79/X                               10     19     -9 (VIOLATED)
input2/X                                 10     19     -9 (VIOLATED)
clkbuf_leaf_15_clk/X                     10     18     -8 (VIOLATED)
_1911_/X                                 10     17     -7 (VIOLATED)
_2422_/X                                 10     17     -7 (VIOLATED)
_2494_/Y                                 10     17     -7 (VIOLATED)
_2500_/Y                                 10     17     -7 (VIOLATED)
_2506_/X                                 10     17     -7 (VIOLATED)
_2508_/X                                 10     17     -7 (VIOLATED)
_2517_/Y                                 10     17     -7 (VIOLATED)
_2518_/X                                 10     17     -7 (VIOLATED)
_2519_/Y                                 10     17     -7 (VIOLATED)
_2520_/Y                                 10     17     -7 (VIOLATED)
_3344_/Q                                 10     17     -7 (VIOLATED)
clkbuf_leaf_18_clk/X                     10     17     -7 (VIOLATED)
clkbuf_leaf_27_clk/X                     10     17     -7 (VIOLATED)
clkbuf_leaf_0_clk/X                      10     15     -5 (VIOLATED)
clkbuf_leaf_13_clk/X                     10     15     -5 (VIOLATED)
clkbuf_leaf_28_clk/X                     10     15     -5 (VIOLATED)
fanout104/X                              10     15     -5 (VIOLATED)
fanout118/X                              10     15     -5 (VIOLATED)
fanout122/X                              10     15     -5 (VIOLATED)
fanout130/X                              10     15     -5 (VIOLATED)
fanout137/X                              10     15     -5 (VIOLATED)
fanout165/X                              10     15     -5 (VIOLATED)
fanout224/X                              10     15     -5 (VIOLATED)
fanout228/X                              10     15     -5 (VIOLATED)
fanout48/X                               10     15     -5 (VIOLATED)
fanout52/X                               10     15     -5 (VIOLATED)
fanout73/X                               10     15     -5 (VIOLATED)
fanout97/X                               10     15     -5 (VIOLATED)
clkbuf_leaf_10_clk/X                     10     14     -4 (VIOLATED)
_1447_/Y                                 10     13     -3 (VIOLATED)
_3319_/Q                                 10     13     -3 (VIOLATED)
_3439_/Q                                 10     13     -3 (VIOLATED)
_3459_/Q                                 10     13     -3 (VIOLATED)
_3467_/Q                                 10     13     -3 (VIOLATED)
_3469_/Q                                 10     13     -3 (VIOLATED)
fanout100/X                              10     13     -3 (VIOLATED)
fanout115/X                              10     13     -3 (VIOLATED)
fanout126/X                              10     13     -3 (VIOLATED)
fanout133/X                              10     13     -3 (VIOLATED)
fanout200/X                              10     13     -3 (VIOLATED)
fanout50/X                               10     13     -3 (VIOLATED)
input3/X                                 10     13     -3 (VIOLATED)
input4/X                                 10     13     -3 (VIOLATED)
_3339_/Q                                 10     12     -2 (VIOLATED)
clkbuf_leaf_16_clk/X                     10     12     -2 (VIOLATED)
clkbuf_leaf_26_clk/X                     10     12     -2 (VIOLATED)
clkbuf_leaf_34_clk/X                     10     12     -2 (VIOLATED)
_1899_/Y                                 10     11        (VIOLATED)
_1989_/X                                 10     11        (VIOLATED)
_1990_/Y                                 10     11        (VIOLATED)
_2503_/X                                 10     11        (VIOLATED)
_3065_/Q                                 10     11        (VIOLATED)
_3066_/Q                                 10     11        (VIOLATED)
_3067_/Q                                 10     11        (VIOLATED)
_3068_/Q                                 10     11        (VIOLATED)
_3069_/Q                                 10     11        (VIOLATED)
_3341_/Q                                 10     11        (VIOLATED)
_3475_/Q                                 10     11        (VIOLATED)
_3477_/Q                                 10     11        (VIOLATED)
clkbuf_leaf_11_clk/X                     10     11        (VIOLATED)
clkbuf_leaf_19_clk/X                     10     11        (VIOLATED)
clkbuf_leaf_1_clk/X                      10     11        (VIOLATED)
clkbuf_leaf_8_clk/X                      10     11        (VIOLATED)
fanout110/X                              10     11        (VIOLATED)
fanout113/X                              10     11        (VIOLATED)
fanout169/X                              10     11        (VIOLATED)
fanout179/X                              10     11        (VIOLATED)
fanout180/X                              10     11        (VIOLATED)
fanout190/X                              10     11        (VIOLATED)
fanout206/X                              10     11        (VIOLATED)
fanout218/X                              10     11        (VIOLATED)
fanout225/X                              10     11        (VIOLATED)
fanout233/X                              10     11        (VIOLATED)



===========================================================================
report_parasitic_annotation -report_unannotated
============================================================================
Found 94 unannotated drivers.
 gpio_in[0]
 gpio_in[10]
 gpio_in[11]
 gpio_in[12]
 gpio_in[13]
 gpio_in[14]
 gpio_in[15]
 gpio_in[16]
 gpio_in[17]
 gpio_in[18]
 gpio_in[19]
 gpio_in[1]
 gpio_in[25]
 gpio_in[26]
 gpio_in[27]
 gpio_in[28]
 gpio_in[29]
 gpio_in[2]
 gpio_in[30]
 gpio_in[31]
 gpio_in[32]
 gpio_in[3]
 gpio_in[4]
 gpio_in[5]
 gpio_in[6]
 gpio_in[7]
 gpio_in[8]
 gpio_in[9]
 _3290__250/LO
 _3567__251/LO
 _3568__252/LO
 _3569__253/LO
 _3570__254/LO
 _3571__255/LO
 _3572__256/LO
 _3581__257/LO
 _3582__258/LO
 _3587__259/LO
 _3588__260/LO
 _3589__261/LO
 _3590__262/LO
 _3591__263/LO
 _3599__264/LO
 _3600__234/HI
 _3601__235/HI
 _3602__236/HI
 _3603__237/HI
 _3604__238/HI
 _3605__239/HI
 _3606__240/HI
 _3607__241/HI
 _3611__242/HI
 _3612__243/HI
 _3613__244/HI
 _3614__245/HI
 _3615__246/HI
 _3616__247/HI
 _3619__248/HI
 _3621__249/HI
 clkload0/Y
 clkload1/X
 clkload10/Y
 clkload11/Y
 clkload12/Y
 clkload13/Y
 clkload14/Y
 clkload15/Y
 clkload16/Y
 clkload17/Y
 clkload18/X
 clkload19/X
 clkload2/X
 clkload20/Y
 clkload21/Y
 clkload22/Y
 clkload23/Y
 clkload24/Y
 clkload25/Y
 clkload26/Y
 clkload27/Y
 clkload28/Y
 clkload29/Y
 clkload3/Y
 clkload30/Y
 clkload31/Y
 clkload32/X
 clkload33/X
 clkload34/Y
 clkload4/Y
 clkload5/Y
 clkload6/Y
 clkload7/Y
 clkload8/Y
 clkload9/Y
Found 0 partially unannotated drivers.

===========================================================================
max slew violation count 0
max fanout violation count 149
max cap violation count 0
============================================================================

===========================================================================
check_setup -verbose -unconstrained_endpoints -multiple_clock -no_clock -no_input_delay -loops -generated_clocks
===========================================================================
Warning: There are 31 unconstrained endpoints.
  gpio_oeb[0]
  gpio_oeb[14]
  gpio_oeb[15]
  gpio_oeb[1]
  gpio_oeb[20]
  gpio_oeb[21]
  gpio_oeb[22]
  gpio_oeb[23]
  gpio_oeb[24]
  gpio_oeb[2]
  gpio_oeb[33]
  gpio_oeb[3]
  gpio_oeb[4]
  gpio_oeb[5]
  gpio_out[0]
  gpio_out[14]
  gpio_out[15]
  gpio_out[19]
  gpio_out[1]
  gpio_out[20]
  gpio_out[21]
  gpio_out[22]
  gpio_out[23]
  gpio_out[24]
  gpio_out[27]
  gpio_out[2]
  gpio_out[33]
  gpio_out[3]
  gpio_out[4]
  gpio_out[5]
  _3290_/D
