
===========================================================================
report_checks -unconstrained
===========================================================================
======================= min_ss_100C_1v60 Corner ===================================

Startpoint: wb_rst_i (input port clocked by wb_clk_i)
Endpoint: _10401_ (recovery check against rising-edge clock wb_clk_i)
Path Group: asynchronous
Path Type: max

Fanout         Cap        Slew       Delay        Time   Description
---------------------------------------------------------------------------------------------
                                  0.000000    0.000000   clock wb_clk_i (rise edge)
                                  0.000000    0.000000   clock network delay (propagated)
                                 20.000000   20.000000 v input external delay
     2    0.003942    0.022905    0.012809   20.012810 v wb_rst_i (in)
                                                         wb_rst_i (net)
                      0.022905    0.000000   20.012810 v input7/A (sky130_fd_sc_hd__buf_1)
     2    0.011822    0.143172    0.215287   20.228098 v input7/X (sky130_fd_sc_hd__buf_1)
                                                         net7 (net)
                      0.143172    0.000222   20.228319 v _04957_/A (sky130_fd_sc_hd__inv_2)
     2    0.006923    0.073110    0.119373   20.347692 ^ _04957_/Y (sky130_fd_sc_hd__inv_2)
                                                         _00065_ (net)
                      0.073110    0.000053   20.347746 ^ _05080_/B (sky130_fd_sc_hd__nand2_1)
     1    0.009806    0.181354    0.189186   20.536930 v _05080_/Y (sky130_fd_sc_hd__nand2_1)
                                                         _00807_ (net)
                      0.181354    0.000268   20.537199 v fanout412/A (sky130_fd_sc_hd__buf_8)
    16    0.152809    0.193792    0.395229   20.932428 v fanout412/X (sky130_fd_sc_hd__buf_8)
                                                         net412 (net)
                      0.193795    0.000679   20.933107 v _05081_/A (sky130_fd_sc_hd__inv_6)
     9    0.117380    0.359392    0.361098   21.294205 ^ _05081_/Y (sky130_fd_sc_hd__inv_6)
                                                         team_07_WB.instance_to_wrap.team_07.DUT_button_edge_detector.buttonBack.nrst (net)
                      0.359672    0.008349   21.302553 ^ fanout339/A (sky130_fd_sc_hd__buf_4)
    21    0.085513    0.379330    0.554543   21.857096 ^ fanout339/X (sky130_fd_sc_hd__buf_4)
                                                         net339 (net)
                      0.379330    0.000334   21.857430 ^ fanout330/A (sky130_fd_sc_hd__buf_4)
    21    0.078388    0.348779    0.546303   22.403732 ^ fanout330/X (sky130_fd_sc_hd__buf_4)
                                                         net330 (net)
                      0.348779    0.000174   22.403908 ^ fanout329/A (sky130_fd_sc_hd__clkbuf_2)
    11    0.039537    0.338002    0.501364   22.905272 ^ fanout329/X (sky130_fd_sc_hd__clkbuf_2)
                                                         net329 (net)
                      0.338002    0.000906   22.906178 ^ fanout328/A (sky130_fd_sc_hd__clkbuf_4)
    21    0.063132    0.306292    0.542398   23.448576 ^ fanout328/X (sky130_fd_sc_hd__clkbuf_4)
                                                         net328 (net)
                      0.306292    0.000130   23.448706 ^ fanout326/A (sky130_fd_sc_hd__clkbuf_4)
    10    0.044065    0.222908    0.467310   23.916016 ^ fanout326/X (sky130_fd_sc_hd__clkbuf_4)
                                                         net326 (net)
                      0.222908    0.000483   23.916498 ^ fanout325/A (sky130_fd_sc_hd__clkbuf_4)
    10    0.042483    0.215352    0.425686   24.342184 ^ fanout325/X (sky130_fd_sc_hd__clkbuf_4)
                                                         net325 (net)
                      0.215352    0.000336   24.342520 ^ _10401_/SET_B (sky130_fd_sc_hd__dfstp_1)
                                             24.342520   data arrival time

                                100.000000  100.000000   clock wb_clk_i (rise edge)
                                  0.000000  100.000000   clock source latency
     2    0.056651    0.406613    0.284231  100.284225 ^ wb_clk_i (in)
                                                         wb_clk_i (net)
                      0.406643    0.000000  100.284225 ^ clkbuf_0_wb_clk_i/A (sky130_fd_sc_hd__clkbuf_16)
    17    0.158801    0.260200    0.523251  100.807480 ^ clkbuf_0_wb_clk_i/X (sky130_fd_sc_hd__clkbuf_16)
                                                         clknet_0_wb_clk_i (net)
                      0.260435    0.007056  100.814537 ^ clkbuf_3_2_0_wb_clk_i/A (sky130_fd_sc_hd__clkbuf_8)
    31    0.157730    0.419422    0.578602  101.393135 ^ clkbuf_3_2_0_wb_clk_i/X (sky130_fd_sc_hd__clkbuf_8)
                                                         clknet_3_2_0_wb_clk_i (net)
                      0.419654    0.005379  101.398514 ^ clkbuf_leaf_9_wb_clk_i/A (sky130_fd_sc_hd__clkbuf_8)
    10    0.041034    0.135159    0.432813  101.831329 ^ clkbuf_leaf_9_wb_clk_i/X (sky130_fd_sc_hd__clkbuf_8)
                                                         clknet_leaf_9_wb_clk_i (net)
                      0.135159    0.000320  101.831650 ^ _10401_/CLK (sky130_fd_sc_hd__dfstp_1)
                                 -0.250000  101.581650   clock uncertainty
                                  0.000000  101.581650   clock reconvergence pessimism
                                  0.269302  101.850952   library recovery time
                                            101.850952   data required time
---------------------------------------------------------------------------------------------
                                            101.850952   data required time
                                            -24.342520   data arrival time
---------------------------------------------------------------------------------------------
                                             77.508430   slack (MET)


Startpoint: wbs_adr_i[1] (input port clocked by wb_clk_i)
Endpoint: wbs_dat_o[7] (output port clocked by wb_clk_i)
Path Group: wb_clk_i
Path Type: max

Fanout         Cap        Slew       Delay        Time   Description
---------------------------------------------------------------------------------------------
                                  0.000000    0.000000   clock wb_clk_i (rise edge)
                                  0.000000    0.000000   clock network delay (propagated)
                                 20.000000   20.000000 v input external delay
     2    0.003785    0.022285    0.012314   20.012314 v wbs_adr_i[1] (in)
                                                         wbs_adr_i[1] (net)
                      0.022285    0.000000   20.012314 v input19/A (sky130_fd_sc_hd__clkbuf_1)
     1    0.002363    0.046018    0.134403   20.146717 v input19/X (sky130_fd_sc_hd__clkbuf_1)
                                                         net19 (net)
                      0.046018    0.000027   20.146744 v _04998_/A (sky130_fd_sc_hd__or4_1)
     1    0.005303    0.209167    1.252209   21.398952 v _04998_/X (sky130_fd_sc_hd__or4_1)
                                                         _00735_ (net)
                      0.209167    0.000103   21.399055 v _05001_/B (sky130_fd_sc_hd__or4_1)
     1    0.007561    0.233617    1.306946   22.706001 v _05001_/X (sky130_fd_sc_hd__or4_1)
                                                         _00738_ (net)
                      0.233617    0.000201   22.706202 v _05007_/A (sky130_fd_sc_hd__or4_4)
     5    0.046413    0.270151    1.303022   24.009224 v _05007_/X (sky130_fd_sc_hd__or4_4)
                                                         net75 (net)
                      0.270151    0.000560   24.009783 v fanout392/A (sky130_fd_sc_hd__clkbuf_2)
     8    0.025817    0.186195    0.386910   24.396694 v fanout392/X (sky130_fd_sc_hd__clkbuf_2)
                                                         net392 (net)
                      0.186195    0.000455   24.397148 v fanout390/A (sky130_fd_sc_hd__clkbuf_2)
    10    0.026305    0.188830    0.353243   24.750391 v fanout390/X (sky130_fd_sc_hd__clkbuf_2)
                                                         net390 (net)
                      0.188830    0.000050   24.750441 v _11002_/A (sky130_fd_sc_hd__clkbuf_1)
     1    0.002105    0.044165    0.209575   24.960014 v _11002_/X (sky130_fd_sc_hd__clkbuf_1)
                                                         net79 (net)
                      0.044165    0.000020   24.960035 v output79/A (sky130_fd_sc_hd__buf_2)
     1    0.034545    0.167053    0.333806   25.293840 v output79/X (sky130_fd_sc_hd__buf_2)
                                                         wbs_dat_o[7] (net)
                      0.167053    0.000394   25.294235 v wbs_dat_o[7] (out)
                                             25.294235   data arrival time

                                100.000000  100.000000   clock wb_clk_i (rise edge)
                                  0.000000  100.000000   clock network delay (propagated)
                                 -0.250000   99.750000   clock uncertainty
                                  0.000000   99.750000   clock reconvergence pessimism
                                -20.000000   79.750000   output external delay
                                             79.750000   data required time
---------------------------------------------------------------------------------------------
                                             79.750000   data required time
                                            -25.294235   data arrival time
---------------------------------------------------------------------------------------------
                                             54.455761   slack (MET)




===========================================================================
report_checks --slack_max -0.01
============================================================================
======================= min_ss_100C_1v60 Corner ===================================

No paths found.


===========================================================================
 report_check_types -max_slew -max_cap -max_fanout -violators
============================================================================
======================= min_ss_100C_1v60 Corner ===================================

max slew

Pin                                        Limit        Slew       Slack
------------------------------------------------------------------------
ANTENNA__08878__B1/DIODE                1.500000    1.919637   -0.419637 (VIOLATED)
_08878_/B1                              1.500000    1.919637   -0.419637 (VIOLATED)
_07345_/B2                              1.500000    1.919629   -0.419629 (VIOLATED)
ANTENNA__07345__B2/DIODE                1.500000    1.919628   -0.419628 (VIOLATED)
ANTENNA__08613__A/DIODE                 1.500000    1.919595   -0.419595 (VIOLATED)
_08613_/A                               1.500000    1.919596   -0.419596 (VIOLATED)
ANTENNA__05440__A/DIODE                 1.500000    1.919592   -0.419593 (VIOLATED)
ANTENNA__05461__B1/DIODE                1.500000    1.919592   -0.419592 (VIOLATED)
_05440_/A                               1.500000    1.919592   -0.419593 (VIOLATED)
_05461_/B1                              1.500000    1.919592   -0.419593 (VIOLATED)
_08616_/S                               1.500000    1.919592   -0.419592 (VIOLATED)
ANTENNA__05251__Y/DIODE                 1.500000    1.919590   -0.419590 (VIOLATED)
ANTENNA__05480__A/DIODE                 1.500000    1.919590   -0.419590 (VIOLATED)
ANTENNA__07325__S/DIODE                 1.500000    1.919590   -0.419590 (VIOLATED)
ANTENNA__07329__S/DIODE                 1.500000    1.919590   -0.419590 (VIOLATED)
ANTENNA__08616__S/DIODE                 1.500000    1.919590   -0.419590 (VIOLATED)
_05251_/Y                               1.500000    1.919590   -0.419590 (VIOLATED)
_05480_/A                               1.500000    1.919590   -0.419590 (VIOLATED)
_07325_/S                               1.500000    1.919590   -0.419590 (VIOLATED)
_07329_/S                               1.500000    1.919590   -0.419590 (VIOLATED)
_05396_/Y                               1.498672    1.751935   -0.253263 (VIOLATED)
ANTENNA__05413__B/DIODE                 1.500000    1.751943   -0.251943 (VIOLATED)
_05413_/B                               1.500000    1.751943   -0.251943 (VIOLATED)
ANTENNA__07324__S/DIODE                 1.500000    1.751941   -0.251941 (VIOLATED)
_07324_/S                               1.500000    1.751941   -0.251941 (VIOLATED)
ANTENNA__07328__S/DIODE                 1.500000    1.751941   -0.251941 (VIOLATED)
_07328_/S                               1.500000    1.751941   -0.251941 (VIOLATED)
ANTENNA__08879__A1/DIODE                1.500000    1.751940   -0.251940 (VIOLATED)
_08879_/A1                              1.500000    1.751940   -0.251940 (VIOLATED)
ANTENNA__05480__B/DIODE                 1.500000    1.751940   -0.251940 (VIOLATED)
_05480_/B                               1.500000    1.751940   -0.251940 (VIOLATED)
ANTENNA__07343__A1/DIODE                1.500000    1.751939   -0.251939 (VIOLATED)
_07343_/A1                              1.500000    1.751939   -0.251939 (VIOLATED)
ANTENNA__05396__Y/DIODE                 1.500000    1.751935   -0.251935 (VIOLATED)
ANTENNA__08612__A/DIODE                 1.500000    1.751935   -0.251935 (VIOLATED)
_08612_/A                               1.500000    1.751935   -0.251935 (VIOLATED)
_05067_/Y                               1.494453    1.666656   -0.172203 (VIOLATED)
ANTENNA__05691__B/DIODE                 1.500000    1.666673   -0.166673 (VIOLATED)
ANTENNA__05069__B/DIODE                 1.500000    1.666673   -0.166673 (VIOLATED)
_05069_/B                               1.500000    1.666673   -0.166673 (VIOLATED)
_05691_/B                               1.500000    1.666673   -0.166673 (VIOLATED)
_05690_/B                               1.500000    1.666673   -0.166673 (VIOLATED)
ANTENNA__05690__B/DIODE                 1.500000    1.666672   -0.166672 (VIOLATED)
ANTENNA__08023__S/DIODE                 1.500000    1.666672   -0.166672 (VIOLATED)
_08023_/S                               1.500000    1.666672   -0.166672 (VIOLATED)
ANTENNA__05729__B/DIODE                 1.500000    1.666666   -0.166666 (VIOLATED)
_05729_/B                               1.500000    1.666666   -0.166666 (VIOLATED)
_07347_/A3                              1.500000    1.666661   -0.166661 (VIOLATED)
ANTENNA__07347__A3/DIODE                1.500000    1.666660   -0.166660 (VIOLATED)
ANTENNA__05067__Y/DIODE                 1.500000    1.666656   -0.166656 (VIOLATED)

max fanout

Pin                                   Limit Fanout  Slack
---------------------------------------------------------
clkbuf_leaf_45_wb_clk_i/X                10     45    -35 (VIOLATED)
clkbuf_leaf_54_wb_clk_i/X                10     35    -25 (VIOLATED)
clkbuf_leaf_66_wb_clk_i/X                10     33    -23 (VIOLATED)
clkbuf_3_2_0_wb_clk_i/X                  10     31    -21 (VIOLATED)
clkbuf_3_7_0_wb_clk_i/X                  10     31    -21 (VIOLATED)
clkbuf_3_6_0_wb_clk_i/X                  10     29    -19 (VIOLATED)
_08646_/X                                10     27    -17 (VIOLATED)
clkbuf_3_5_0_wb_clk_i/X                  10     25    -15 (VIOLATED)
_05996_/Y                                10     23    -13 (VIOLATED)
clkbuf_3_0_0_wb_clk_i/X                  10     23    -13 (VIOLATED)
clkbuf_3_3_0_wb_clk_i/X                  10     23    -13 (VIOLATED)
clkbuf_3_4_0_wb_clk_i/X                  10     23    -13 (VIOLATED)
fanout98/X                               10     22    -12 (VIOLATED)
_05345_/Y                                10     21    -11 (VIOLATED)
_05365_/Y                                10     21    -11 (VIOLATED)
_05881_/X                                10     21    -11 (VIOLATED)
_05924_/X                                10     21    -11 (VIOLATED)
_05960_/X                                10     21    -11 (VIOLATED)
_06346_/X                                10     21    -11 (VIOLATED)
_06366_/Y                                10     21    -11 (VIOLATED)
_06380_/X                                10     21    -11 (VIOLATED)
_06435_/X                                10     21    -11 (VIOLATED)
_06474_/X                                10     21    -11 (VIOLATED)
_06476_/Y                                10     21    -11 (VIOLATED)
_09463_/X                                10     21    -11 (VIOLATED)
_10028_/Q                                10     21    -11 (VIOLATED)
_10414_/Q                                10     21    -11 (VIOLATED)
_10437_/Q                                10     21    -11 (VIOLATED)
clkbuf_leaf_22_wb_clk_i/X                10     21    -11 (VIOLATED)
clkbuf_leaf_47_wb_clk_i/X                10     21    -11 (VIOLATED)
clkbuf_leaf_82_wb_clk_i/X                10     21    -11 (VIOLATED)
fanout102/X                              10     21    -11 (VIOLATED)
fanout104/X                              10     21    -11 (VIOLATED)
fanout105/X                              10     21    -11 (VIOLATED)
fanout106/X                              10     21    -11 (VIOLATED)
fanout107/X                              10     21    -11 (VIOLATED)
fanout108/X                              10     21    -11 (VIOLATED)
fanout111/X                              10     21    -11 (VIOLATED)
fanout114/X                              10     21    -11 (VIOLATED)
fanout115/X                              10     21    -11 (VIOLATED)
fanout118/X                              10     21    -11 (VIOLATED)
fanout119/X                              10     21    -11 (VIOLATED)
fanout120/X                              10     21    -11 (VIOLATED)
fanout121/X                              10     21    -11 (VIOLATED)
fanout123/X                              10     21    -11 (VIOLATED)
fanout124/X                              10     21    -11 (VIOLATED)
fanout126/X                              10     21    -11 (VIOLATED)
fanout127/X                              10     21    -11 (VIOLATED)
fanout129/X                              10     21    -11 (VIOLATED)
fanout131/X                              10     21    -11 (VIOLATED)
fanout134/X                              10     21    -11 (VIOLATED)
fanout135/X                              10     21    -11 (VIOLATED)
fanout136/X                              10     21    -11 (VIOLATED)
fanout137/X                              10     21    -11 (VIOLATED)
fanout140/X                              10     21    -11 (VIOLATED)
fanout141/X                              10     21    -11 (VIOLATED)
fanout144/X                              10     21    -11 (VIOLATED)
fanout145/X                              10     21    -11 (VIOLATED)
fanout147/X                              10     21    -11 (VIOLATED)
fanout151/X                              10     21    -11 (VIOLATED)
fanout156/X                              10     21    -11 (VIOLATED)
fanout158/X                              10     21    -11 (VIOLATED)
fanout159/X                              10     21    -11 (VIOLATED)
fanout160/X                              10     21    -11 (VIOLATED)
fanout161/X                              10     21    -11 (VIOLATED)
fanout166/X                              10     21    -11 (VIOLATED)
fanout167/X                              10     21    -11 (VIOLATED)
fanout168/X                              10     21    -11 (VIOLATED)
fanout171/X                              10     21    -11 (VIOLATED)
fanout172/X                              10     21    -11 (VIOLATED)
fanout173/X                              10     21    -11 (VIOLATED)
fanout174/X                              10     21    -11 (VIOLATED)
fanout175/X                              10     21    -11 (VIOLATED)
fanout176/X                              10     21    -11 (VIOLATED)
fanout178/X                              10     21    -11 (VIOLATED)
fanout181/X                              10     21    -11 (VIOLATED)
fanout182/X                              10     21    -11 (VIOLATED)
fanout184/X                              10     21    -11 (VIOLATED)
fanout186/X                              10     21    -11 (VIOLATED)
fanout187/X                              10     21    -11 (VIOLATED)
fanout189/X                              10     21    -11 (VIOLATED)
fanout196/X                              10     21    -11 (VIOLATED)
fanout197/X                              10     21    -11 (VIOLATED)
fanout199/X                              10     21    -11 (VIOLATED)
fanout201/X                              10     21    -11 (VIOLATED)
fanout202/X                              10     21    -11 (VIOLATED)
fanout205/X                              10     21    -11 (VIOLATED)
fanout209/X                              10     21    -11 (VIOLATED)
fanout214/X                              10     21    -11 (VIOLATED)
fanout216/X                              10     21    -11 (VIOLATED)
fanout217/X                              10     21    -11 (VIOLATED)
fanout218/X                              10     21    -11 (VIOLATED)
fanout236/X                              10     21    -11 (VIOLATED)
fanout245/X                              10     21    -11 (VIOLATED)
fanout253/X                              10     21    -11 (VIOLATED)
fanout256/X                              10     21    -11 (VIOLATED)
fanout258/X                              10     21    -11 (VIOLATED)
fanout260/X                              10     21    -11 (VIOLATED)
fanout263/X                              10     21    -11 (VIOLATED)
fanout265/X                              10     21    -11 (VIOLATED)
fanout267/X                              10     21    -11 (VIOLATED)
fanout268/X                              10     21    -11 (VIOLATED)
fanout272/X                              10     21    -11 (VIOLATED)
fanout273/X                              10     21    -11 (VIOLATED)
fanout274/X                              10     21    -11 (VIOLATED)
fanout276/X                              10     21    -11 (VIOLATED)
fanout277/X                              10     21    -11 (VIOLATED)
fanout278/X                              10     21    -11 (VIOLATED)
fanout280/X                              10     21    -11 (VIOLATED)
fanout282/X                              10     21    -11 (VIOLATED)
fanout283/X                              10     21    -11 (VIOLATED)
fanout284/X                              10     21    -11 (VIOLATED)
fanout286/X                              10     21    -11 (VIOLATED)
fanout287/X                              10     21    -11 (VIOLATED)
fanout288/X                              10     21    -11 (VIOLATED)
fanout293/X                              10     21    -11 (VIOLATED)
fanout294/X                              10     21    -11 (VIOLATED)
fanout298/X                              10     21    -11 (VIOLATED)
fanout299/X                              10     21    -11 (VIOLATED)
fanout307/X                              10     21    -11 (VIOLATED)
fanout311/X                              10     21    -11 (VIOLATED)
fanout328/X                              10     21    -11 (VIOLATED)
fanout330/X                              10     21    -11 (VIOLATED)
fanout339/X                              10     21    -11 (VIOLATED)
fanout343/X                              10     21    -11 (VIOLATED)
fanout349/X                              10     21    -11 (VIOLATED)
fanout358/X                              10     21    -11 (VIOLATED)
fanout361/X                              10     21    -11 (VIOLATED)
fanout362/X                              10     21    -11 (VIOLATED)
fanout370/X                              10     21    -11 (VIOLATED)
fanout393/X                              10     21    -11 (VIOLATED)
fanout396/X                              10     21    -11 (VIOLATED)
fanout397/X                              10     21    -11 (VIOLATED)
fanout411/X                              10     21    -11 (VIOLATED)
fanout413/X                              10     21    -11 (VIOLATED)
fanout414/X                              10     21    -11 (VIOLATED)
fanout421/X                              10     21    -11 (VIOLATED)
fanout430/X                              10     21    -11 (VIOLATED)
fanout431/X                              10     21    -11 (VIOLATED)
fanout434/X                              10     21    -11 (VIOLATED)
fanout437/X                              10     21    -11 (VIOLATED)
fanout447/X                              10     21    -11 (VIOLATED)
fanout452/X                              10     21    -11 (VIOLATED)
fanout455/X                              10     21    -11 (VIOLATED)
fanout456/X                              10     21    -11 (VIOLATED)
fanout463/X                              10     21    -11 (VIOLATED)
fanout465/X                              10     21    -11 (VIOLATED)
fanout476/X                              10     21    -11 (VIOLATED)
fanout480/X                              10     21    -11 (VIOLATED)
fanout483/X                              10     21    -11 (VIOLATED)
fanout490/X                              10     21    -11 (VIOLATED)
fanout491/X                              10     21    -11 (VIOLATED)
fanout83/X                               10     21    -11 (VIOLATED)
fanout84/X                               10     21    -11 (VIOLATED)
fanout86/X                               10     21    -11 (VIOLATED)
fanout87/X                               10     21    -11 (VIOLATED)
fanout88/X                               10     21    -11 (VIOLATED)
fanout89/X                               10     21    -11 (VIOLATED)
fanout93/X                               10     21    -11 (VIOLATED)
fanout95/X                               10     21    -11 (VIOLATED)
fanout96/X                               10     21    -11 (VIOLATED)
_05251_/Y                                10     19     -9 (VIOLATED)
_05344_/Y                                10     19     -9 (VIOLATED)
_05354_/X                                10     19     -9 (VIOLATED)
_05355_/Y                                10     19     -9 (VIOLATED)
_05880_/X                                10     19     -9 (VIOLATED)
_05951_/Y                                10     19     -9 (VIOLATED)
_05952_/Y                                10     19     -9 (VIOLATED)
_05961_/Y                                10     19     -9 (VIOLATED)
_05986_/Y                                10     19     -9 (VIOLATED)
_05995_/Y                                10     19     -9 (VIOLATED)
_06005_/X                                10     19     -9 (VIOLATED)
_06016_/X                                10     19     -9 (VIOLATED)
_06044_/Y                                10     19     -9 (VIOLATED)
_06050_/Y                                10     19     -9 (VIOLATED)
_06259_/Y                                10     19     -9 (VIOLATED)
_06382_/X                                10     19     -9 (VIOLATED)
_06405_/X                                10     19     -9 (VIOLATED)
_07184_/Y                                10     19     -9 (VIOLATED)
_08274_/Y                                10     19     -9 (VIOLATED)
_10080_/Q                                10     19     -9 (VIOLATED)
_10432_/Q                                10     19     -9 (VIOLATED)
_10435_/Q                                10     19     -9 (VIOLATED)
_10448_/Q                                10     19     -9 (VIOLATED)
_10462_/Q                                10     19     -9 (VIOLATED)
clkbuf_3_1_0_wb_clk_i/X                  10     19     -9 (VIOLATED)
clkbuf_leaf_42_wb_clk_i/X                10     19     -9 (VIOLATED)
fanout117/X                              10     19     -9 (VIOLATED)
fanout133/X                              10     19     -9 (VIOLATED)
fanout169/X                              10     19     -9 (VIOLATED)
fanout177/X                              10     19     -9 (VIOLATED)
fanout188/X                              10     19     -9 (VIOLATED)
fanout200/X                              10     19     -9 (VIOLATED)
fanout262/X                              10     19     -9 (VIOLATED)
fanout266/X                              10     19     -9 (VIOLATED)
fanout341/X                              10     19     -9 (VIOLATED)
fanout407/X                              10     19     -9 (VIOLATED)
fanout448/X                              10     19     -9 (VIOLATED)
fanout450/X                              10     19     -9 (VIOLATED)
fanout82/X                               10     19     -9 (VIOLATED)
fanout94/X                               10     19     -9 (VIOLATED)
clkbuf_leaf_86_wb_clk_i/X                10     18     -8 (VIOLATED)
_05021_/Y                                10     17     -7 (VIOLATED)
_05147_/X                                10     17     -7 (VIOLATED)
_05287_/Y                                10     17     -7 (VIOLATED)
_05922_/X                                10     17     -7 (VIOLATED)
_05942_/Y                                10     17     -7 (VIOLATED)
_05970_/Y                                10     17     -7 (VIOLATED)
_05982_/X                                10     17     -7 (VIOLATED)
_05983_/Y                                10     17     -7 (VIOLATED)
_06029_/Y                                10     17     -7 (VIOLATED)
_06032_/Y                                10     17     -7 (VIOLATED)
_06055_/Y                                10     17     -7 (VIOLATED)
_06147_/Y                                10     17     -7 (VIOLATED)
_06338_/Y                                10     17     -7 (VIOLATED)
_06460_/Y                                10     17     -7 (VIOLATED)
_06479_/X                                10     17     -7 (VIOLATED)
_06604_/Y                                10     17     -7 (VIOLATED)
_08143_/X                                10     17     -7 (VIOLATED)
_09581_/Y                                10     17     -7 (VIOLATED)
_10250_/Q                                10     17     -7 (VIOLATED)
_10251_/Q                                10     17     -7 (VIOLATED)
_10436_/Q                                10     17     -7 (VIOLATED)
_10439_/Q                                10     17     -7 (VIOLATED)
_10451_/Q                                10     17     -7 (VIOLATED)
_10452_/Q                                10     17     -7 (VIOLATED)
_10461_/Q                                10     17     -7 (VIOLATED)
clkbuf_0_wb_clk_i/X                      10     17     -7 (VIOLATED)
clkbuf_leaf_10_wb_clk_i/X                10     17     -7 (VIOLATED)
fanout101/X                              10     17     -7 (VIOLATED)
fanout110/X                              10     17     -7 (VIOLATED)
fanout132/X                              10     17     -7 (VIOLATED)
fanout138/X                              10     17     -7 (VIOLATED)
fanout163/X                              10     17     -7 (VIOLATED)
fanout183/X                              10     17     -7 (VIOLATED)
fanout198/X                              10     17     -7 (VIOLATED)
fanout203/X                              10     17     -7 (VIOLATED)
fanout219/X                              10     17     -7 (VIOLATED)
fanout243/X                              10     17     -7 (VIOLATED)
fanout257/X                              10     17     -7 (VIOLATED)
fanout264/X                              10     17     -7 (VIOLATED)
fanout275/X                              10     17     -7 (VIOLATED)
fanout356/X                              10     17     -7 (VIOLATED)
fanout466/X                              10     17     -7 (VIOLATED)
fanout99/X                               10     17     -7 (VIOLATED)
clkbuf_leaf_11_wb_clk_i/X                10     16     -6 (VIOLATED)
clkbuf_leaf_84_wb_clk_i/X                10     16     -6 (VIOLATED)
fanout412/X                              10     16     -6 (VIOLATED)
_05068_/X                                10     15     -5 (VIOLATED)
_05150_/X                                10     15     -5 (VIOLATED)
_05297_/Y                                10     15     -5 (VIOLATED)
_05301_/Y                                10     15     -5 (VIOLATED)
_05370_/X                                10     15     -5 (VIOLATED)
_05381_/Y                                10     15     -5 (VIOLATED)
_05392_/Y                                10     15     -5 (VIOLATED)
_05396_/Y                                10     15     -5 (VIOLATED)
_05945_/Y                                10     15     -5 (VIOLATED)
_05947_/X                                10     15     -5 (VIOLATED)
_05964_/Y                                10     15     -5 (VIOLATED)
_05966_/Y                                10     15     -5 (VIOLATED)
_05985_/Y                                10     15     -5 (VIOLATED)
_05990_/Y                                10     15     -5 (VIOLATED)
_06006_/Y                                10     15     -5 (VIOLATED)
_06042_/Y                                10     15     -5 (VIOLATED)
_06123_/X                                10     15     -5 (VIOLATED)
_06334_/X                                10     15     -5 (VIOLATED)
_06357_/X                                10     15     -5 (VIOLATED)
_06359_/Y                                10     15     -5 (VIOLATED)
_06362_/X                                10     15     -5 (VIOLATED)
_06434_/X                                10     15     -5 (VIOLATED)
_06490_/X                                10     15     -5 (VIOLATED)
_06502_/Y                                10     15     -5 (VIOLATED)
_06504_/Y                                10     15     -5 (VIOLATED)
_06587_/Y                                10     15     -5 (VIOLATED)
_06659_/X                                10     15     -5 (VIOLATED)
_07104_/X                                10     15     -5 (VIOLATED)
_07107_/X                                10     15     -5 (VIOLATED)
_07113_/Y                                10     15     -5 (VIOLATED)
_07119_/Y                                10     15     -5 (VIOLATED)
_07121_/Y                                10     15     -5 (VIOLATED)
_08937_/X                                10     15     -5 (VIOLATED)
_09676_/Y                                10     15     -5 (VIOLATED)
_10213_/Q                                10     15     -5 (VIOLATED)
_10422_/Q                                10     15     -5 (VIOLATED)
_10460_/Q                                10     15     -5 (VIOLATED)
clkbuf_leaf_14_wb_clk_i/X                10     15     -5 (VIOLATED)
clkbuf_leaf_20_wb_clk_i/X                10     15     -5 (VIOLATED)
clkbuf_leaf_28_wb_clk_i/X                10     15     -5 (VIOLATED)
clkbuf_leaf_49_wb_clk_i/X                10     15     -5 (VIOLATED)
fanout116/X                              10     15     -5 (VIOLATED)
fanout128/X                              10     15     -5 (VIOLATED)
fanout148/X                              10     15     -5 (VIOLATED)
fanout150/X                              10     15     -5 (VIOLATED)
fanout204/X                              10     15     -5 (VIOLATED)
fanout255/X                              10     15     -5 (VIOLATED)
fanout297/X                              10     15     -5 (VIOLATED)
fanout312/X                              10     15     -5 (VIOLATED)
fanout363/X                              10     15     -5 (VIOLATED)
fanout394/X                              10     15     -5 (VIOLATED)
fanout405/X                              10     15     -5 (VIOLATED)
fanout410/X                              10     15     -5 (VIOLATED)
fanout415/X                              10     15     -5 (VIOLATED)
fanout477/X                              10     15     -5 (VIOLATED)
fanout90/X                               10     15     -5 (VIOLATED)
clkbuf_leaf_15_wb_clk_i/X                10     14     -4 (VIOLATED)
clkbuf_leaf_53_wb_clk_i/X                10     14     -4 (VIOLATED)
clkbuf_leaf_68_wb_clk_i/X                10     14     -4 (VIOLATED)
clkbuf_leaf_73_wb_clk_i/X                10     14     -4 (VIOLATED)
clkbuf_leaf_78_wb_clk_i/X                10     14     -4 (VIOLATED)
_04944_/Y                                10     13     -3 (VIOLATED)
_05015_/Y                                10     13     -3 (VIOLATED)
_05025_/X                                10     13     -3 (VIOLATED)
_05067_/Y                                10     13     -3 (VIOLATED)
_05252_/X                                10     13     -3 (VIOLATED)
_05292_/Y                                10     13     -3 (VIOLATED)
_05351_/Y                                10     13     -3 (VIOLATED)
_05400_/Y                                10     13     -3 (VIOLATED)
_05462_/X                                10     13     -3 (VIOLATED)
_05822_/X                                10     13     -3 (VIOLATED)
_05931_/Y                                10     13     -3 (VIOLATED)
_05939_/Y                                10     13     -3 (VIOLATED)
_05984_/X                                10     13     -3 (VIOLATED)
_06007_/Y                                10     13     -3 (VIOLATED)
_06048_/Y                                10     13     -3 (VIOLATED)
_06131_/X                                10     13     -3 (VIOLATED)
_06223_/Y                                10     13     -3 (VIOLATED)
_06258_/Y                                10     13     -3 (VIOLATED)
_06386_/Y                                10     13     -3 (VIOLATED)
_06391_/Y                                10     13     -3 (VIOLATED)
_06414_/X                                10     13     -3 (VIOLATED)
_06432_/X                                10     13     -3 (VIOLATED)
_06433_/Y                                10     13     -3 (VIOLATED)
_06455_/X                                10     13     -3 (VIOLATED)
_06464_/Y                                10     13     -3 (VIOLATED)
_06480_/Y                                10     13     -3 (VIOLATED)
_06517_/X                                10     13     -3 (VIOLATED)
_07014_/X                                10     13     -3 (VIOLATED)
_07090_/Y                                10     13     -3 (VIOLATED)
_07127_/Y                                10     13     -3 (VIOLATED)
_10009_/Q                                10     13     -3 (VIOLATED)
_10224_/Q                                10     13     -3 (VIOLATED)
_10410_/Q                                10     13     -3 (VIOLATED)
_10459_/Q                                10     13     -3 (VIOLATED)
clkbuf_leaf_13_wb_clk_i/X                10     13     -3 (VIOLATED)
clkbuf_leaf_27_wb_clk_i/X                10     13     -3 (VIOLATED)
clkbuf_leaf_2_wb_clk_i/X                 10     13     -3 (VIOLATED)
clkbuf_leaf_55_wb_clk_i/X                10     13     -3 (VIOLATED)
clkbuf_leaf_64_wb_clk_i/X                10     13     -3 (VIOLATED)
clkbuf_leaf_83_wb_clk_i/X                10     13     -3 (VIOLATED)
fanout103/X                              10     13     -3 (VIOLATED)
fanout143/X                              10     13     -3 (VIOLATED)
fanout157/X                              10     13     -3 (VIOLATED)
fanout162/X                              10     13     -3 (VIOLATED)
fanout165/X                              10     13     -3 (VIOLATED)
fanout240/X                              10     13     -3 (VIOLATED)
fanout259/X                              10     13     -3 (VIOLATED)
fanout261/X                              10     13     -3 (VIOLATED)
fanout279/X                              10     13     -3 (VIOLATED)
fanout335/X                              10     13     -3 (VIOLATED)
fanout484/X                              10     13     -3 (VIOLATED)
fanout97/X                               10     13     -3 (VIOLATED)
input4/X                                 10     13     -3 (VIOLATED)
clkbuf_leaf_19_wb_clk_i/X                10     12     -2 (VIOLATED)
clkbuf_leaf_1_wb_clk_i/X                 10     12     -2 (VIOLATED)
clkbuf_leaf_26_wb_clk_i/X                10     12     -2 (VIOLATED)
clkbuf_leaf_31_wb_clk_i/X                10     12     -2 (VIOLATED)
clkbuf_leaf_35_wb_clk_i/X                10     12     -2 (VIOLATED)
clkbuf_leaf_39_wb_clk_i/X                10     12     -2 (VIOLATED)
clkbuf_leaf_40_wb_clk_i/X                10     12     -2 (VIOLATED)
clkbuf_leaf_41_wb_clk_i/X                10     12     -2 (VIOLATED)
clkbuf_leaf_44_wb_clk_i/X                10     12     -2 (VIOLATED)
clkbuf_leaf_60_wb_clk_i/X                10     12     -2 (VIOLATED)
clkbuf_leaf_62_wb_clk_i/X                10     12     -2 (VIOLATED)
clkbuf_leaf_74_wb_clk_i/X                10     12     -2 (VIOLATED)
_04935_/Y                                10     11        (VIOLATED)
_04970_/Y                                10     11        (VIOLATED)
_04989_/Y                                10     11        (VIOLATED)
_05020_/Y                                10     11        (VIOLATED)
_05114_/Y                                10     11        (VIOLATED)
_05382_/Y                                10     11        (VIOLATED)
_05391_/Y                                10     11        (VIOLATED)
_05700_/Y                                10     11        (VIOLATED)
_05758_/Y                                10     11        (VIOLATED)
_05891_/X                                10     11        (VIOLATED)
_05915_/X                                10     11        (VIOLATED)
_05925_/Y                                10     11        (VIOLATED)
_05927_/Y                                10     11        (VIOLATED)
_05932_/X                                10     11        (VIOLATED)
_05958_/Y                                10     11        (VIOLATED)
_05959_/X                                10     11        (VIOLATED)
_05987_/X                                10     11        (VIOLATED)
_05991_/X                                10     11        (VIOLATED)
_05997_/X                                10     11        (VIOLATED)
_06031_/X                                10     11        (VIOLATED)
_06040_/X                                10     11        (VIOLATED)
_06052_/Y                                10     11        (VIOLATED)
_06221_/Y                                10     11        (VIOLATED)
_06224_/X                                10     11        (VIOLATED)
_06244_/X                                10     11        (VIOLATED)
_06373_/Y                                10     11        (VIOLATED)
_06387_/X                                10     11        (VIOLATED)
_06393_/Y                                10     11        (VIOLATED)
_06399_/Y                                10     11        (VIOLATED)
_06408_/Y                                10     11        (VIOLATED)
_06436_/X                                10     11        (VIOLATED)
_06445_/X                                10     11        (VIOLATED)
_06461_/X                                10     11        (VIOLATED)
_06535_/X                                10     11        (VIOLATED)
_06538_/X                                10     11        (VIOLATED)
_06605_/Y                                10     11        (VIOLATED)
_07177_/Y                                10     11        (VIOLATED)
_07539_/X                                10     11        (VIOLATED)
_10030_/Q                                10     11        (VIOLATED)
_10244_/Q                                10     11        (VIOLATED)
_10246_/Q                                10     11        (VIOLATED)
_10249_/Q                                10     11        (VIOLATED)
_10458_/Q                                10     11        (VIOLATED)
clkbuf_leaf_21_wb_clk_i/X                10     11        (VIOLATED)
clkbuf_leaf_48_wb_clk_i/X                10     11        (VIOLATED)
clkbuf_leaf_90_wb_clk_i/X                10     11        (VIOLATED)
fanout113/X                              10     11        (VIOLATED)
fanout122/X                              10     11        (VIOLATED)
fanout125/X                              10     11        (VIOLATED)
fanout142/X                              10     11        (VIOLATED)
fanout149/X                              10     11        (VIOLATED)
fanout179/X                              10     11        (VIOLATED)
fanout180/X                              10     11        (VIOLATED)
fanout185/X                              10     11        (VIOLATED)
fanout190/X                              10     11        (VIOLATED)
fanout239/X                              10     11        (VIOLATED)
fanout244/X                              10     11        (VIOLATED)
fanout246/X                              10     11        (VIOLATED)
fanout317/X                              10     11        (VIOLATED)
fanout322/X                              10     11        (VIOLATED)
fanout323/X                              10     11        (VIOLATED)
fanout329/X                              10     11        (VIOLATED)
fanout333/X                              10     11        (VIOLATED)
fanout338/X                              10     11        (VIOLATED)
fanout350/X                              10     11        (VIOLATED)
fanout357/X                              10     11        (VIOLATED)
fanout375/X                              10     11        (VIOLATED)
fanout388/X                              10     11        (VIOLATED)
fanout389/X                              10     11        (VIOLATED)
fanout425/X                              10     11        (VIOLATED)
fanout436/X                              10     11        (VIOLATED)
fanout492/X                              10     11        (VIOLATED)
fanout92/X                               10     11        (VIOLATED)
input2/X                                 10     11        (VIOLATED)
input3/X                                 10     11        (VIOLATED)
input5/X                                 10     11        (VIOLATED)

max capacitance

Pin                                        Limit         Cap       Slack
------------------------------------------------------------------------
_05251_/Y                               0.091563    0.121559   -0.029996 (VIOLATED)
_05396_/Y                               0.088816    0.107315   -0.018499 (VIOLATED)
_05067_/Y                               0.065012    0.075856   -0.010844 (VIOLATED)



===========================================================================
report_parasitic_annotation -report_unannotated
============================================================================
Found 431 unannotated drivers.
 ACK_I
 DAT_I[0]
 DAT_I[10]
 DAT_I[11]
 DAT_I[12]
 DAT_I[13]
 DAT_I[14]
 DAT_I[15]
 DAT_I[16]
 DAT_I[17]
 DAT_I[18]
 DAT_I[19]
 DAT_I[1]
 DAT_I[20]
 DAT_I[21]
 DAT_I[22]
 DAT_I[23]
 DAT_I[24]
 DAT_I[25]
 DAT_I[26]
 DAT_I[27]
 DAT_I[28]
 DAT_I[29]
 DAT_I[2]
 DAT_I[30]
 DAT_I[31]
 DAT_I[3]
 DAT_I[4]
 DAT_I[5]
 DAT_I[6]
 DAT_I[7]
 DAT_I[8]
 DAT_I[9]
 gpio_in[0]
 gpio_in[10]
 gpio_in[11]
 gpio_in[12]
 gpio_in[13]
 gpio_in[14]
 gpio_in[15]
 gpio_in[16]
 gpio_in[17]
 gpio_in[18]
 gpio_in[19]
 gpio_in[1]
 gpio_in[20]
 gpio_in[21]
 gpio_in[28]
 gpio_in[29]
 gpio_in[2]
 gpio_in[30]
 gpio_in[31]
 gpio_in[32]
 gpio_in[33]
 gpio_in[34]
 gpio_in[35]
 gpio_in[36]
 gpio_in[37]
 gpio_in[3]
 gpio_in[4]
 gpio_in[5]
 gpio_in[6]
 gpio_in[7]
 gpio_in[8]
 gpio_in[9]
 la_data_in[0]
 la_data_in[10]
 la_data_in[11]
 la_data_in[12]
 la_data_in[13]
 la_data_in[14]
 la_data_in[15]
 la_data_in[16]
 la_data_in[17]
 la_data_in[18]
 la_data_in[19]
 la_data_in[1]
 la_data_in[20]
 la_data_in[21]
 la_data_in[22]
 la_data_in[23]
 la_data_in[24]
 la_data_in[25]
 la_data_in[26]
 la_data_in[27]
 la_data_in[28]
 la_data_in[29]
 la_data_in[2]
 la_data_in[30]
 la_data_in[31]
 la_data_in[3]
 la_data_in[4]
 la_data_in[5]
 la_data_in[6]
 la_data_in[7]
 la_data_in[8]
 la_data_in[9]
 la_oenb[0]
 la_oenb[10]
 la_oenb[11]
 la_oenb[12]
 la_oenb[13]
 la_oenb[14]
 la_oenb[15]
 la_oenb[16]
 la_oenb[17]
 la_oenb[18]
 la_oenb[19]
 la_oenb[1]
 la_oenb[20]
 la_oenb[21]
 la_oenb[22]
 la_oenb[23]
 la_oenb[24]
 la_oenb[25]
 la_oenb[26]
 la_oenb[27]
 la_oenb[28]
 la_oenb[29]
 la_oenb[2]
 la_oenb[30]
 la_oenb[31]
 la_oenb[3]
 la_oenb[4]
 la_oenb[5]
 la_oenb[6]
 la_oenb[7]
 la_oenb[8]
 la_oenb[9]
 wbs_dat_i[10]
 wbs_dat_i[11]
 wbs_dat_i[12]
 wbs_dat_i[13]
 wbs_dat_i[14]
 wbs_dat_i[15]
 wbs_dat_i[16]
 wbs_dat_i[17]
 wbs_dat_i[18]
 wbs_dat_i[19]
 wbs_dat_i[1]
 wbs_dat_i[20]
 wbs_dat_i[21]
 wbs_dat_i[22]
 wbs_dat_i[23]
 wbs_dat_i[24]
 wbs_dat_i[25]
 wbs_dat_i[26]
 wbs_dat_i[27]
 wbs_dat_i[28]
 wbs_dat_i[29]
 wbs_dat_i[2]
 wbs_dat_i[30]
 wbs_dat_i[31]
 wbs_dat_i[3]
 wbs_dat_i[4]
 wbs_dat_i[5]
 wbs_dat_i[6]
 wbs_dat_i[7]
 wbs_dat_i[8]
 wbs_dat_i[9]
 wbs_sel_i[0]
 wbs_sel_i[1]
 wbs_sel_i[2]
 wbs_sel_i[3]
 _10817__493/HI
 _10818__494/HI
 _10819__495/HI
 _10820__496/HI
 _10821__497/HI
 _10822__498/HI
 _10823__499/HI
 _10824__500/HI
 _10825__501/HI
 _10826__502/HI
 _10827__503/HI
 _10828__504/HI
 _10829__505/HI
 _10830__506/HI
 _10831__507/HI
 _10832__508/HI
 _10833__509/HI
 _10834__510/HI
 _10835__511/HI
 _10836__512/HI
 _10837__513/HI
 _10838__514/HI
 _10839__515/HI
 _10840__516/HI
 _10841__517/HI
 _10842__518/HI
 _10843__519/HI
 _10844__520/HI
 _10845__521/HI
 _10846__522/HI
 _10847__523/HI
 _10848__524/HI
 _10849__525/HI
 _10850__526/HI
 _10851__527/HI
 _10852__528/HI
 _10853__529/HI
 _10854__530/HI
 _10855__531/HI
 _10856__532/HI
 _10857__533/HI
 _10858__534/HI
 _10859__535/HI
 _10860__536/HI
 _10861__537/HI
 _10862__538/HI
 _10863__539/HI
 _10864__540/HI
 _10865__541/HI
 _10866__542/HI
 _10867__543/HI
 _10868__544/HI
 _10869__545/HI
 _10870__546/HI
 _10871__547/HI
 _10872__548/HI
 _10873__549/HI
 _10874__550/HI
 _10875__551/HI
 _10876__552/HI
 _10877__553/HI
 _10878__554/HI
 _10879__555/HI
 _10880__556/HI
 _10881__557/HI
 _10882__558/HI
 _10883__559/HI
 _10884__560/HI
 _10885__561/HI
 _10886__562/HI
 _10887__563/HI
 _10888__645/LO
 _10889__646/LO
 _10890__647/LO
 _10891__648/LO
 _10892__649/LO
 _10893__650/LO
 _10894__651/LO
 _10895__652/LO
 _10896__653/LO
 _10897__654/LO
 _10898__564/HI
 _10899__565/HI
 _10900__566/HI
 _10901__567/HI
 _10902__568/HI
 _10903__569/HI
 _10904__570/HI
 _10905__571/HI
 _10906__572/HI
 _10907__573/HI
 _10908__574/HI
 _10909__575/HI
 _10910__655/LO
 _10911__656/LO
 _10912__657/LO
 _10913__658/LO
 _10914__659/LO
 _10915__660/LO
 _10916__661/LO
 _10917__662/LO
 _10918__663/LO
 _10919__664/LO
 _10920__665/LO
 _10921__666/LO
 _10922__667/LO
 _10923__668/LO
 _10924__669/LO
 _10925__670/LO
 _10926__576/HI
 _10927__577/HI
 _10928__578/HI
 _10929__579/HI
 _10930__580/HI
 _10931__581/HI
 _10932__582/HI
 _10933__583/HI
 _10934__584/HI
 _10935__585/HI
 _10945__586/HI
 _10946__587/HI
 _10947__588/HI
 _10948__589/HI
 _10949__590/HI
 _10950__591/HI
 _10951__592/HI
 _10952__593/HI
 _10953__594/HI
 _10954__595/HI
 _10955__596/HI
 _10956__597/HI
 _10957__598/HI
 _10958__599/HI
 _10959__600/HI
 _10960__601/HI
 _10961__602/HI
 _10962__603/HI
 _10963__604/HI
 _10964__605/HI
 _10965__606/HI
 _10966__607/HI
 _10967__608/HI
 _10968__609/HI
 _10969__610/HI
 _10970__611/HI
 _10971__612/HI
 _10972__613/HI
 _10973__614/HI
 _10974__615/HI
 _10975__616/HI
 _10976__617/HI
 _10977__618/HI
 _10978__619/HI
 _10979__620/HI
 _10980__621/HI
 _10981__622/HI
 _10982__623/HI
 _10983__624/HI
 _10984__625/HI
 _10985__626/HI
 _10986__627/HI
 _10987__628/HI
 _10988__629/HI
 _10989__630/HI
 _10990__631/HI
 _10991__632/HI
 _10992__633/HI
 _10993__634/HI
 _10994__635/HI
 _10995__636/HI
 _10999__637/HI
 _11003__638/HI
 _11009__639/HI
 _11012__640/HI
 _11015__641/HI
 _11017__642/HI
 _11019__643/HI
 _11024__644/HI
 clkload0/Y
 clkload1/Y
 clkload10/Y
 clkload11/Y
 clkload12/Y
 clkload13/Y
 clkload14/Y
 clkload15/Y
 clkload16/Y
 clkload17/Y
 clkload18/Y
 clkload19/Y
 clkload2/X
 clkload20/Y
 clkload21/Y
 clkload22/Y
 clkload23/Y
 clkload24/Y
 clkload25/Y
 clkload26/Y
 clkload27/Y
 clkload28/Y
 clkload29/Y
 clkload3/Y
 clkload30/Y
 clkload31/Y
 clkload32/Y
 clkload33/Y
 clkload34/Y
 clkload35/Y
 clkload36/Y
 clkload37/Y
 clkload38/Y
 clkload39/Y
 clkload4/Y
 clkload40/Y
 clkload41/Y
 clkload42/Y
 clkload43/Y
 clkload44/Y
 clkload45/Y
 clkload46/Y
 clkload47/Y
 clkload48/Y
 clkload49/Y
 clkload5/Y
 clkload50/Y
 clkload51/X
 clkload52/Y
 clkload53/Y
 clkload54/Y
 clkload55/Y
 clkload56/Y
 clkload57/Y
 clkload58/Y
 clkload59/Y
 clkload6/Y
 clkload60/Y
 clkload61/Y
 clkload62/Y
 clkload63/Y
 clkload64/Y
 clkload65/Y
 clkload66/X
 clkload67/Y
 clkload68/Y
 clkload69/Y
 clkload7/Y
 clkload70/X
 clkload71/X
 clkload72/Y
 clkload73/Y
 clkload74/Y
 clkload75/Y
 clkload76/Y
 clkload77/Y
 clkload78/Y
 clkload79/Y
 clkload8/Y
 clkload80/Y
 clkload81/Y
 clkload82/Y
 clkload83/Y
 clkload84/Y
 clkload85/Y
 clkload86/Y
 clkload87/Y
 clkload88/Y
 clkload9/Y
Found 0 partially unannotated drivers.

===========================================================================
max slew violation count 50
max fanout violation count 450
max cap violation count 3
============================================================================

===========================================================================
check_setup -verbose -unconstrained_endpoints -multiple_clock -no_clock -no_input_delay -loops -generated_clocks
===========================================================================
Warning: There are 17 unclocked register/latch pins.
  _10028_/CLK
  _10029_/CLK
  _10030_/CLK
  _10031_/CLK
  _10032_/CLK
  _10033_/CLK
  _10034_/CLK
  _10035_/CLK
  _10036_/CLK
  _10037_/CLK
  _10038_/CLK
  _10039_/CLK
  _10040_/CLK
  _10041_/CLK
  _10042_/CLK
  _10043_/CLK
  _10044_/CLK
Warning: There are 205 unconstrained endpoints.
  ADR_O[0]
  ADR_O[10]
  ADR_O[11]
  ADR_O[12]
  ADR_O[13]
  ADR_O[14]
  ADR_O[15]
  ADR_O[16]
  ADR_O[17]
  ADR_O[18]
  ADR_O[19]
  ADR_O[1]
  ADR_O[20]
  ADR_O[21]
  ADR_O[22]
  ADR_O[23]
  ADR_O[24]
  ADR_O[25]
  ADR_O[26]
  ADR_O[27]
  ADR_O[28]
  ADR_O[29]
  ADR_O[2]
  ADR_O[30]
  ADR_O[31]
  ADR_O[3]
  ADR_O[4]
  ADR_O[5]
  ADR_O[6]
  ADR_O[7]
  ADR_O[8]
  ADR_O[9]
  CYC_O
  DAT_O[0]
  DAT_O[10]
  DAT_O[11]
  DAT_O[12]
  DAT_O[13]
  DAT_O[14]
  DAT_O[15]
  DAT_O[16]
  DAT_O[17]
  DAT_O[18]
  DAT_O[19]
  DAT_O[1]
  DAT_O[20]
  DAT_O[21]
  DAT_O[22]
  DAT_O[23]
  DAT_O[24]
  DAT_O[25]
  DAT_O[26]
  DAT_O[27]
  DAT_O[28]
  DAT_O[29]
  DAT_O[2]
  DAT_O[30]
  DAT_O[31]
  DAT_O[3]
  DAT_O[4]
  DAT_O[5]
  DAT_O[6]
  DAT_O[7]
  DAT_O[8]
  DAT_O[9]
  SEL_O[0]
  SEL_O[1]
  SEL_O[2]
  SEL_O[3]
  STB_O
  WE_O
  gpio_oeb[0]
  gpio_oeb[10]
  gpio_oeb[11]
  gpio_oeb[12]
  gpio_oeb[13]
  gpio_oeb[14]
  gpio_oeb[15]
  gpio_oeb[16]
  gpio_oeb[17]
  gpio_oeb[18]
  gpio_oeb[19]
  gpio_oeb[1]
  gpio_oeb[20]
  gpio_oeb[21]
  gpio_oeb[22]
  gpio_oeb[23]
  gpio_oeb[24]
  gpio_oeb[25]
  gpio_oeb[26]
  gpio_oeb[27]
  gpio_oeb[28]
  gpio_oeb[29]
  gpio_oeb[2]
  gpio_oeb[30]
  gpio_oeb[31]
  gpio_oeb[32]
  gpio_oeb[33]
  gpio_oeb[34]
  gpio_oeb[35]
  gpio_oeb[36]
  gpio_oeb[37]
  gpio_oeb[3]
  gpio_oeb[4]
  gpio_oeb[5]
  gpio_oeb[6]
  gpio_oeb[7]
  gpio_oeb[8]
  gpio_oeb[9]
  gpio_out[0]
  gpio_out[1]
  gpio_out[22]
  gpio_out[23]
  gpio_out[24]
  gpio_out[25]
  gpio_out[26]
  gpio_out[27]
  gpio_out[28]
  gpio_out[29]
  gpio_out[2]
  gpio_out[30]
  gpio_out[31]
  gpio_out[32]
  gpio_out[33]
  gpio_out[34]
  gpio_out[35]
  gpio_out[36]
  gpio_out[37]
  gpio_out[3]
  gpio_out[4]
  gpio_out[5]
  gpio_out[6]
  gpio_out[7]
  gpio_out[8]
  gpio_out[9]
  irq[0]
  irq[1]
  irq[2]
  la_data_out[0]
  la_data_out[10]
  la_data_out[11]
  la_data_out[12]
  la_data_out[13]
  la_data_out[14]
  la_data_out[15]
  la_data_out[16]
  la_data_out[17]
  la_data_out[18]
  la_data_out[19]
  la_data_out[1]
  la_data_out[20]
  la_data_out[21]
  la_data_out[22]
  la_data_out[23]
  la_data_out[24]
  la_data_out[25]
  la_data_out[26]
  la_data_out[27]
  la_data_out[28]
  la_data_out[29]
  la_data_out[2]
  la_data_out[30]
  la_data_out[31]
  la_data_out[3]
  la_data_out[4]
  la_data_out[5]
  la_data_out[6]
  la_data_out[7]
  la_data_out[8]
  la_data_out[9]
  wbs_dat_o[14]
  wbs_dat_o[17]
  wbs_dat_o[20]
  wbs_dat_o[22]
  wbs_dat_o[24]
  wbs_dat_o[29]
  wbs_dat_o[4]
  wbs_dat_o[8]
  _10028_/D
  _10029_/D
  _10030_/D
  _10031_/D
  _10032_/D
  _10033_/D
  _10034_/D
  _10035_/D
  _10036_/D
  _10037_/D
  _10038_/D
  _10039_/D
  _10040_/D
  _10041_/D
  _10042_/D
  _10043_/D
  _10044_/D
  _10091_/D
  _10092_/D
  _10093_/D
  _10094_/D
  _10101_/D
  _10110_/D
  _10135_/D
  _10136_/D
  _10138_/D
  _10814_/D
