
===========================================================================
report_checks -unconstrained
===========================================================================
======================= min_tt_025C_1v80 Corner ===================================

Startpoint: wb_rst_i (input port clocked by wb_clk_i)
Endpoint: _9326_ (recovery check against rising-edge clock wb_clk_i)
Path Group: asynchronous
Path Type: max

Fanout         Cap        Slew       Delay        Time   Description
---------------------------------------------------------------------------------------------
                                  0.000000    0.000000   clock wb_clk_i (rise edge)
                                  0.000000    0.000000   clock network delay (propagated)
                                 20.000000   20.000000 v input external delay
     2    0.005463    0.014613    0.008827   20.008827 v wb_rst_i (in)
                                                         wb_rst_i (net)
                      0.014613    0.000000   20.008827 v input4/A (sky130_fd_sc_hd__clkbuf_8)
     6    0.140172    0.152088    0.216030   20.224857 v input4/X (sky130_fd_sc_hd__clkbuf_8)
                                                         net4 (net)
                      0.153419    0.011696   20.236553 v _4680_/A (sky130_fd_sc_hd__or3b_1)
     1    0.004342    0.074844    0.415254   20.651806 v _4680_/X (sky130_fd_sc_hd__or3b_1)
                                                         _0637_ (net)
                      0.074844    0.000071   20.651876 v fanout279/A (sky130_fd_sc_hd__buf_4)
    16    0.073008    0.099194    0.217016   20.868893 v fanout279/X (sky130_fd_sc_hd__buf_4)
                                                         net279 (net)
                      0.099899    0.006693   20.875586 v _4681_/A (sky130_fd_sc_hd__inv_2)
     1    0.003265    0.034913    0.060934   20.936522 ^ _4681_/Y (sky130_fd_sc_hd__inv_2)
                                                         team_08_WB.instance_to_wrap.allocation.game.cactus1size.clock_div_inst0.reset (net)
                      0.034913    0.000041   20.936562 ^ fanout254/A (sky130_fd_sc_hd__clkbuf_4)
    10    0.069391    0.211617    0.248322   21.184883 ^ fanout254/X (sky130_fd_sc_hd__clkbuf_4)
                                                         net254 (net)
                      0.212079    0.008097   21.192980 ^ fanout253/A (sky130_fd_sc_hd__buf_4)
    10    0.077053    0.215017    0.285553   21.478533 ^ fanout253/X (sky130_fd_sc_hd__buf_4)
                                                         net253 (net)
                      0.215021    0.000716   21.479250 ^ fanout251/A (sky130_fd_sc_hd__clkbuf_4)
    12    0.055249    0.170090    0.286125   21.765373 ^ fanout251/X (sky130_fd_sc_hd__clkbuf_4)
                                                         net251 (net)
                      0.170090    0.000096   21.765471 ^ fanout249/A (sky130_fd_sc_hd__clkbuf_4)
    14    0.057989    0.178408    0.277721   22.043192 ^ fanout249/X (sky130_fd_sc_hd__clkbuf_4)
                                                         net249 (net)
                      0.178408    0.000624   22.043814 ^ fanout247/A (sky130_fd_sc_hd__buf_2)
    20    0.054694    0.266378    0.308312   22.352125 ^ fanout247/X (sky130_fd_sc_hd__buf_2)
                                                         net247 (net)
                      0.266378    0.000279   22.352406 ^ fanout246/A (sky130_fd_sc_hd__buf_2)
    10    0.041600    0.204900    0.289868   22.642273 ^ fanout246/X (sky130_fd_sc_hd__buf_2)
                                                         net246 (net)
                      0.204900    0.000124   22.642397 ^ _9326_/RESET_B (sky130_fd_sc_hd__dfrtp_4)
                                             22.642397   data arrival time

                                100.000000  100.000000   clock wb_clk_i (rise edge)
                                  0.000000  100.000000   clock source latency
     2    0.059831    0.272935    0.189807  100.189804 ^ wb_clk_i (in)
                                                         wb_clk_i (net)
                      0.272962    0.000000  100.189804 ^ clkbuf_0_wb_clk_i/A (sky130_fd_sc_hd__clkbuf_16)
     8    0.105096    0.121258    0.263235  100.453041 ^ clkbuf_0_wb_clk_i/X (sky130_fd_sc_hd__clkbuf_16)
                                                         clknet_0_wb_clk_i (net)
                      0.121873    0.006857  100.459892 ^ clkbuf_2_3__f_wb_clk_i/A (sky130_fd_sc_hd__clkbuf_16)
    26    0.159303    0.171311    0.252207  100.712105 ^ clkbuf_2_3__f_wb_clk_i/X (sky130_fd_sc_hd__clkbuf_16)
                                                         clknet_2_3__leaf_wb_clk_i (net)
                      0.171666    0.006331  100.718437 ^ clkbuf_leaf_19_wb_clk_i/A (sky130_fd_sc_hd__clkbuf_8)
    11    0.036271    0.076891    0.196373  100.914810 ^ clkbuf_leaf_19_wb_clk_i/X (sky130_fd_sc_hd__clkbuf_8)
                                                         clknet_leaf_19_wb_clk_i (net)
                      0.076891    0.000284  100.915092 ^ _9326_/CLK (sky130_fd_sc_hd__dfrtp_4)
                                 -0.250000  100.665092   clock uncertainty
                                  0.000000  100.665092   clock reconvergence pessimism
                                  0.175542  100.840630   library recovery time
                                            100.840630   data required time
---------------------------------------------------------------------------------------------
                                            100.840630   data required time
                                            -22.642397   data arrival time
---------------------------------------------------------------------------------------------
                                             78.198235   slack (MET)


Startpoint: wbs_adr_i[4] (input port clocked by wb_clk_i)
Endpoint: wbs_dat_o[19] (output port clocked by wb_clk_i)
Path Group: wb_clk_i
Path Type: max

Fanout         Cap        Slew       Delay        Time   Description
---------------------------------------------------------------------------------------------
                                  0.000000    0.000000   clock wb_clk_i (rise edge)
                                  0.000000    0.000000   clock network delay (propagated)
                                 20.000000   20.000000 v input external delay
     2    0.006631    0.017148    0.010715   20.010715 v wbs_adr_i[4] (in)
                                                         wbs_adr_i[4] (net)
                      0.017148    0.000000   20.010715 v input31/A (sky130_fd_sc_hd__clkbuf_8)
    17    0.147581    0.158516    0.225350   20.236065 v input31/X (sky130_fd_sc_hd__clkbuf_8)
                                                         net31 (net)
                      0.160490    0.014273   20.250340 v _4498_/B (sky130_fd_sc_hd__or4_4)
    71    0.168124    0.287258    0.819437   21.069777 v _4498_/X (sky130_fd_sc_hd__or4_4)
                                                         _0469_ (net)
                      0.288715    0.014520   21.084295 v _4502_/A (sky130_fd_sc_hd__or4_1)
     1    0.007136    0.111209    0.630818   21.715115 v _4502_/X (sky130_fd_sc_hd__or4_1)
                                                         _0473_ (net)
                      0.111209    0.000224   21.715338 v _4508_/A (sky130_fd_sc_hd__or4_4)
    14    0.122487    0.245286    0.764027   22.479364 v _4508_/X (sky130_fd_sc_hd__or4_4)
                                                         net88 (net)
                      0.245592    0.008022   22.487387 v fanout266/A (sky130_fd_sc_hd__buf_2)
    10    0.030346    0.082413    0.261927   22.749313 v fanout266/X (sky130_fd_sc_hd__buf_2)
                                                         net266 (net)
                      0.082413    0.000119   22.749434 v fanout265/A (sky130_fd_sc_hd__buf_1)
     6    0.015621    0.095364    0.160457   22.909889 v fanout265/X (sky130_fd_sc_hd__buf_1)
                                                         net265 (net)
                      0.095364    0.000254   22.910143 v _9731_/A (sky130_fd_sc_hd__clkbuf_1)
     1    0.002549    0.025748    0.108146   23.018290 v _9731_/X (sky130_fd_sc_hd__clkbuf_1)
                                                         net78 (net)
                      0.025748    0.000028   23.018318 v output78/A (sky130_fd_sc_hd__buf_2)
     1    0.034022    0.088906    0.171728   23.190046 v output78/X (sky130_fd_sc_hd__buf_2)
                                                         wbs_dat_o[19] (net)
                      0.088906    0.000183   23.190229 v wbs_dat_o[19] (out)
                                             23.190229   data arrival time

                                100.000000  100.000000   clock wb_clk_i (rise edge)
                                  0.000000  100.000000   clock network delay (propagated)
                                 -0.250000   99.750000   clock uncertainty
                                  0.000000   99.750000   clock reconvergence pessimism
                                -20.000000   79.750000   output external delay
                                             79.750000   data required time
---------------------------------------------------------------------------------------------
                                             79.750000   data required time
                                            -23.190229   data arrival time
---------------------------------------------------------------------------------------------
                                             56.559769   slack (MET)




===========================================================================
report_checks --slack_max -0.01
============================================================================
======================= min_tt_025C_1v80 Corner ===================================

No paths found.


===========================================================================
 report_check_types -max_slew -max_cap -max_fanout -violators
============================================================================
======================= min_tt_025C_1v80 Corner ===================================

max fanout

Pin                                   Limit Fanout  Slack
---------------------------------------------------------
_4498_/X                                 10     71    -61 (VIOLATED)
input35/X                                10     71    -61 (VIOLATED)
input36/X                                10     71    -61 (VIOLATED)
clkbuf_leaf_2_wb_clk_i/X                 10     34    -24 (VIOLATED)
clkbuf_2_2__f_wb_clk_i/X                 10     32    -22 (VIOLATED)
clkbuf_leaf_14_wb_clk_i/X                10     30    -20 (VIOLATED)
clkbuf_leaf_13_wb_clk_i/X                10     28    -18 (VIOLATED)
clkbuf_2_0__f_wb_clk_i/X                 10     26    -16 (VIOLATED)
clkbuf_2_1__f_wb_clk_i/X                 10     26    -16 (VIOLATED)
clkbuf_2_3__f_wb_clk_i/X                 10     26    -16 (VIOLATED)
clkbuf_leaf_15_wb_clk_i/X                10     26    -16 (VIOLATED)
clkbuf_leaf_8_wb_clk_i/X                 10     26    -16 (VIOLATED)
clkbuf_leaf_18_wb_clk_i/X                10     22    -12 (VIOLATED)
_4448_/Y                                 10     20    -10 (VIOLATED)
_4698_/Y                                 10     20    -10 (VIOLATED)
_4731_/Y                                 10     20    -10 (VIOLATED)
_4741_/X                                 10     20    -10 (VIOLATED)
_4771_/X                                 10     20    -10 (VIOLATED)
_4808_/Y                                 10     20    -10 (VIOLATED)
_4857_/X                                 10     20    -10 (VIOLATED)
_4977_/X                                 10     20    -10 (VIOLATED)
_6489_/X                                 10     20    -10 (VIOLATED)
_7300_/X                                 10     20    -10 (VIOLATED)
_7301_/Y                                 10     20    -10 (VIOLATED)
_9322_/Q                                 10     20    -10 (VIOLATED)
_9448_/Q                                 10     20    -10 (VIOLATED)
fanout100/X                              10     20    -10 (VIOLATED)
fanout102/X                              10     20    -10 (VIOLATED)
fanout104/X                              10     20    -10 (VIOLATED)
fanout106/X                              10     20    -10 (VIOLATED)
fanout107/X                              10     20    -10 (VIOLATED)
fanout108/X                              10     20    -10 (VIOLATED)
fanout110/X                              10     20    -10 (VIOLATED)
fanout112/X                              10     20    -10 (VIOLATED)
fanout114/X                              10     20    -10 (VIOLATED)
fanout118/X                              10     20    -10 (VIOLATED)
fanout119/X                              10     20    -10 (VIOLATED)
fanout120/X                              10     20    -10 (VIOLATED)
fanout121/X                              10     20    -10 (VIOLATED)
fanout125/X                              10     20    -10 (VIOLATED)
fanout126/X                              10     20    -10 (VIOLATED)
fanout128/X                              10     20    -10 (VIOLATED)
fanout129/X                              10     20    -10 (VIOLATED)
fanout130/X                              10     20    -10 (VIOLATED)
fanout131/X                              10     20    -10 (VIOLATED)
fanout133/X                              10     20    -10 (VIOLATED)
fanout134/X                              10     20    -10 (VIOLATED)
fanout137/X                              10     20    -10 (VIOLATED)
fanout138/X                              10     20    -10 (VIOLATED)
fanout139/X                              10     20    -10 (VIOLATED)
fanout140/X                              10     20    -10 (VIOLATED)
fanout141/X                              10     20    -10 (VIOLATED)
fanout142/X                              10     20    -10 (VIOLATED)
fanout144/X                              10     20    -10 (VIOLATED)
fanout148/X                              10     20    -10 (VIOLATED)
fanout151/X                              10     20    -10 (VIOLATED)
fanout153/X                              10     20    -10 (VIOLATED)
fanout160/X                              10     20    -10 (VIOLATED)
fanout161/X                              10     20    -10 (VIOLATED)
fanout162/X                              10     20    -10 (VIOLATED)
fanout166/X                              10     20    -10 (VIOLATED)
fanout167/X                              10     20    -10 (VIOLATED)
fanout168/X                              10     20    -10 (VIOLATED)
fanout169/X                              10     20    -10 (VIOLATED)
fanout171/X                              10     20    -10 (VIOLATED)
fanout172/X                              10     20    -10 (VIOLATED)
fanout173/X                              10     20    -10 (VIOLATED)
fanout177/X                              10     20    -10 (VIOLATED)
fanout180/X                              10     20    -10 (VIOLATED)
fanout184/X                              10     20    -10 (VIOLATED)
fanout188/X                              10     20    -10 (VIOLATED)
fanout191/X                              10     20    -10 (VIOLATED)
fanout192/X                              10     20    -10 (VIOLATED)
fanout200/X                              10     20    -10 (VIOLATED)
fanout207/X                              10     20    -10 (VIOLATED)
fanout209/X                              10     20    -10 (VIOLATED)
fanout211/X                              10     20    -10 (VIOLATED)
fanout215/X                              10     20    -10 (VIOLATED)
fanout218/X                              10     20    -10 (VIOLATED)
fanout233/X                              10     20    -10 (VIOLATED)
fanout234/X                              10     20    -10 (VIOLATED)
fanout238/X                              10     20    -10 (VIOLATED)
fanout241/X                              10     20    -10 (VIOLATED)
fanout247/X                              10     20    -10 (VIOLATED)
fanout250/X                              10     20    -10 (VIOLATED)
fanout252/X                              10     20    -10 (VIOLATED)
fanout255/X                              10     20    -10 (VIOLATED)
fanout260/X                              10     20    -10 (VIOLATED)
fanout261/X                              10     20    -10 (VIOLATED)
fanout269/X                              10     20    -10 (VIOLATED)
fanout271/X                              10     20    -10 (VIOLATED)
fanout273/X                              10     20    -10 (VIOLATED)
fanout274/X                              10     20    -10 (VIOLATED)
fanout275/X                              10     20    -10 (VIOLATED)
fanout278/X                              10     20    -10 (VIOLATED)
fanout280/X                              10     20    -10 (VIOLATED)
fanout283/X                              10     20    -10 (VIOLATED)
fanout291/X                              10     20    -10 (VIOLATED)
fanout293/X                              10     20    -10 (VIOLATED)
fanout294/X                              10     20    -10 (VIOLATED)
fanout312/X                              10     20    -10 (VIOLATED)
fanout314/X                              10     20    -10 (VIOLATED)
fanout316/X                              10     20    -10 (VIOLATED)
fanout318/X                              10     20    -10 (VIOLATED)
fanout319/X                              10     20    -10 (VIOLATED)
fanout320/X                              10     20    -10 (VIOLATED)
fanout325/X                              10     20    -10 (VIOLATED)
fanout326/X                              10     20    -10 (VIOLATED)
fanout327/X                              10     20    -10 (VIOLATED)
fanout328/X                              10     20    -10 (VIOLATED)
fanout331/X                              10     20    -10 (VIOLATED)
fanout334/X                              10     20    -10 (VIOLATED)
fanout336/X                              10     20    -10 (VIOLATED)
fanout95/X                               10     20    -10 (VIOLATED)
fanout97/X                               10     20    -10 (VIOLATED)
fanout99/X                               10     20    -10 (VIOLATED)
_9318_/Q                                 10     19     -9 (VIOLATED)
_4449_/Y                                 10     18     -8 (VIOLATED)
_4819_/X                                 10     18     -8 (VIOLATED)
_4856_/Y                                 10     18     -8 (VIOLATED)
_4860_/Y                                 10     18     -8 (VIOLATED)
_4899_/Y                                 10     18     -8 (VIOLATED)
_4952_/Y                                 10     18     -8 (VIOLATED)
_4964_/Y                                 10     18     -8 (VIOLATED)
_4968_/Y                                 10     18     -8 (VIOLATED)
_4973_/X                                 10     18     -8 (VIOLATED)
_4990_/X                                 10     18     -8 (VIOLATED)
_7154_/Y                                 10     18     -8 (VIOLATED)
_7671_/X                                 10     18     -8 (VIOLATED)
_9326_/Q                                 10     18     -8 (VIOLATED)
_9446_/Q                                 10     18     -8 (VIOLATED)
fanout127/X                              10     18     -8 (VIOLATED)
fanout155/X                              10     18     -8 (VIOLATED)
fanout213/X                              10     18     -8 (VIOLATED)
fanout217/X                              10     18     -8 (VIOLATED)
fanout263/X                              10     18     -8 (VIOLATED)
input31/X                                10     17     -7 (VIOLATED)
_4793_/X                                 10     16     -6 (VIOLATED)
_4794_/X                                 10     16     -6 (VIOLATED)
_4909_/Y                                 10     16     -6 (VIOLATED)
_4914_/X                                 10     16     -6 (VIOLATED)
_4966_/Y                                 10     16     -6 (VIOLATED)
_4969_/X                                 10     16     -6 (VIOLATED)
_4987_/Y                                 10     16     -6 (VIOLATED)
_6374_/Y                                 10     16     -6 (VIOLATED)
_7651_/Y                                 10     16     -6 (VIOLATED)
_9110_/Q                                 10     16     -6 (VIOLATED)
_9159_/Q                                 10     16     -6 (VIOLATED)
_9316_/Q                                 10     16     -6 (VIOLATED)
clkbuf_leaf_42_wb_clk_i/X                10     16     -6 (VIOLATED)
fanout245/X                              10     16     -6 (VIOLATED)
fanout276/X                              10     16     -6 (VIOLATED)
fanout279/X                              10     16     -6 (VIOLATED)
fanout296/X                              10     16     -6 (VIOLATED)
clkbuf_leaf_12_wb_clk_i/X                10     15     -5 (VIOLATED)
fanout98/X                               10     15     -5 (VIOLATED)
_4446_/Y                                 10     14     -4 (VIOLATED)
_4508_/X                                 10     14     -4 (VIOLATED)
_4611_/Y                                 10     14     -4 (VIOLATED)
_4747_/Y                                 10     14     -4 (VIOLATED)
_4784_/Y                                 10     14     -4 (VIOLATED)
_4795_/X                                 10     14     -4 (VIOLATED)
_4820_/Y                                 10     14     -4 (VIOLATED)
_4907_/Y                                 10     14     -4 (VIOLATED)
_4908_/X                                 10     14     -4 (VIOLATED)
_6439_/Y                                 10     14     -4 (VIOLATED)
_6649_/X                                 10     14     -4 (VIOLATED)
_7694_/X                                 10     14     -4 (VIOLATED)
_8065_/X                                 10     14     -4 (VIOLATED)
_9315_/Q                                 10     14     -4 (VIOLATED)
_9317_/Q                                 10     14     -4 (VIOLATED)
_9330_/Q                                 10     14     -4 (VIOLATED)
clkbuf_leaf_31_wb_clk_i/X                10     14     -4 (VIOLATED)
fanout135/X                              10     14     -4 (VIOLATED)
fanout216/X                              10     14     -4 (VIOLATED)
fanout236/X                              10     14     -4 (VIOLATED)
fanout249/X                              10     14     -4 (VIOLATED)
fanout258/X                              10     14     -4 (VIOLATED)
fanout262/X                              10     14     -4 (VIOLATED)
fanout286/X                              10     14     -4 (VIOLATED)
fanout292/X                              10     14     -4 (VIOLATED)
input3/X                                 10     14     -4 (VIOLATED)
clkbuf_leaf_0_wb_clk_i/X                 10     13     -3 (VIOLATED)
clkbuf_leaf_10_wb_clk_i/X                10     13     -3 (VIOLATED)
clkbuf_leaf_49_wb_clk_i/X                10     13     -3 (VIOLATED)
clkbuf_leaf_53_wb_clk_i/X                10     13     -3 (VIOLATED)
fanout179/X                              10     13     -3 (VIOLATED)
_4452_/Y                                 10     12     -2 (VIOLATED)
_4764_/X                                 10     12     -2 (VIOLATED)
_4792_/Y                                 10     12     -2 (VIOLATED)
_4796_/Y                                 10     12     -2 (VIOLATED)
_4865_/Y                                 10     12     -2 (VIOLATED)
_4882_/X                                 10     12     -2 (VIOLATED)
_4886_/Y                                 10     12     -2 (VIOLATED)
_5061_/X                                 10     12     -2 (VIOLATED)
_6446_/X                                 10     12     -2 (VIOLATED)
_6655_/Y                                 10     12     -2 (VIOLATED)
_8005_/X                                 10     12     -2 (VIOLATED)
_8383_/Y                                 10     12     -2 (VIOLATED)
_9314_/Q                                 10     12     -2 (VIOLATED)
_9332_/Q                                 10     12     -2 (VIOLATED)
clkbuf_leaf_20_wb_clk_i/X                10     12     -2 (VIOLATED)
clkbuf_leaf_43_wb_clk_i/X                10     12     -2 (VIOLATED)
clkbuf_leaf_46_wb_clk_i/X                10     12     -2 (VIOLATED)
clkbuf_leaf_50_wb_clk_i/X                10     12     -2 (VIOLATED)
fanout103/X                              10     12     -2 (VIOLATED)
fanout122/X                              10     12     -2 (VIOLATED)
fanout152/X                              10     12     -2 (VIOLATED)
fanout178/X                              10     12     -2 (VIOLATED)
fanout240/X                              10     12     -2 (VIOLATED)
fanout251/X                              10     12     -2 (VIOLATED)
fanout272/X                              10     12     -2 (VIOLATED)
fanout322/X                              10     12     -2 (VIOLATED)
fanout324/X                              10     12     -2 (VIOLATED)
fanout96/X                               10     12     -2 (VIOLATED)
clkbuf_leaf_19_wb_clk_i/X                10     11        (VIOLATED)
clkbuf_leaf_51_wb_clk_i/X                10     11        (VIOLATED)

max capacitance

Pin                                        Limit         Cap       Slack
------------------------------------------------------------------------
input36/X                               0.200000    0.203365   -0.003365 (VIOLATED)



===========================================================================
report_parasitic_annotation -report_unannotated
============================================================================
Found 618 unannotated drivers.
 ACK_I
 DAT_I[0]
 DAT_I[10]
 DAT_I[11]
 DAT_I[12]
 DAT_I[13]
 DAT_I[14]
 DAT_I[15]
 DAT_I[16]
 DAT_I[17]
 DAT_I[18]
 DAT_I[19]
 DAT_I[1]
 DAT_I[20]
 DAT_I[21]
 DAT_I[22]
 DAT_I[23]
 DAT_I[24]
 DAT_I[25]
 DAT_I[26]
 DAT_I[27]
 DAT_I[28]
 DAT_I[29]
 DAT_I[2]
 DAT_I[30]
 DAT_I[31]
 DAT_I[3]
 DAT_I[4]
 DAT_I[5]
 DAT_I[6]
 DAT_I[7]
 DAT_I[8]
 DAT_I[9]
 gpio_in[10]
 gpio_in[11]
 gpio_in[12]
 gpio_in[13]
 gpio_in[14]
 gpio_in[15]
 gpio_in[16]
 gpio_in[17]
 gpio_in[18]
 gpio_in[19]
 gpio_in[1]
 gpio_in[20]
 gpio_in[21]
 gpio_in[22]
 gpio_in[23]
 gpio_in[24]
 gpio_in[25]
 gpio_in[26]
 gpio_in[27]
 gpio_in[28]
 gpio_in[29]
 gpio_in[2]
 gpio_in[30]
 gpio_in[31]
 gpio_in[32]
 gpio_in[33]
 gpio_in[34]
 gpio_in[35]
 gpio_in[36]
 gpio_in[37]
 gpio_in[3]
 gpio_in[4]
 gpio_in[7]
 gpio_in[8]
 gpio_in[9]
 la_data_in[0]
 la_data_in[100]
 la_data_in[101]
 la_data_in[102]
 la_data_in[103]
 la_data_in[104]
 la_data_in[105]
 la_data_in[106]
 la_data_in[107]
 la_data_in[108]
 la_data_in[109]
 la_data_in[10]
 la_data_in[110]
 la_data_in[111]
 la_data_in[112]
 la_data_in[113]
 la_data_in[114]
 la_data_in[115]
 la_data_in[116]
 la_data_in[117]
 la_data_in[118]
 la_data_in[119]
 la_data_in[11]
 la_data_in[120]
 la_data_in[121]
 la_data_in[122]
 la_data_in[123]
 la_data_in[124]
 la_data_in[125]
 la_data_in[126]
 la_data_in[127]
 la_data_in[12]
 la_data_in[13]
 la_data_in[14]
 la_data_in[15]
 la_data_in[16]
 la_data_in[17]
 la_data_in[18]
 la_data_in[19]
 la_data_in[1]
 la_data_in[20]
 la_data_in[21]
 la_data_in[22]
 la_data_in[23]
 la_data_in[24]
 la_data_in[25]
 la_data_in[26]
 la_data_in[27]
 la_data_in[28]
 la_data_in[29]
 la_data_in[2]
 la_data_in[30]
 la_data_in[31]
 la_data_in[32]
 la_data_in[33]
 la_data_in[34]
 la_data_in[35]
 la_data_in[36]
 la_data_in[37]
 la_data_in[38]
 la_data_in[39]
 la_data_in[3]
 la_data_in[40]
 la_data_in[41]
 la_data_in[42]
 la_data_in[43]
 la_data_in[44]
 la_data_in[45]
 la_data_in[46]
 la_data_in[47]
 la_data_in[48]
 la_data_in[49]
 la_data_in[4]
 la_data_in[50]
 la_data_in[51]
 la_data_in[52]
 la_data_in[53]
 la_data_in[54]
 la_data_in[55]
 la_data_in[56]
 la_data_in[57]
 la_data_in[58]
 la_data_in[59]
 la_data_in[5]
 la_data_in[60]
 la_data_in[61]
 la_data_in[62]
 la_data_in[63]
 la_data_in[64]
 la_data_in[65]
 la_data_in[66]
 la_data_in[67]
 la_data_in[68]
 la_data_in[69]
 la_data_in[6]
 la_data_in[70]
 la_data_in[71]
 la_data_in[72]
 la_data_in[73]
 la_data_in[74]
 la_data_in[75]
 la_data_in[76]
 la_data_in[77]
 la_data_in[78]
 la_data_in[79]
 la_data_in[7]
 la_data_in[80]
 la_data_in[81]
 la_data_in[82]
 la_data_in[83]
 la_data_in[84]
 la_data_in[85]
 la_data_in[86]
 la_data_in[87]
 la_data_in[88]
 la_data_in[89]
 la_data_in[8]
 la_data_in[90]
 la_data_in[91]
 la_data_in[92]
 la_data_in[93]
 la_data_in[94]
 la_data_in[95]
 la_data_in[96]
 la_data_in[97]
 la_data_in[98]
 la_data_in[99]
 la_data_in[9]
 la_oenb[0]
 la_oenb[100]
 la_oenb[101]
 la_oenb[102]
 la_oenb[103]
 la_oenb[104]
 la_oenb[105]
 la_oenb[106]
 la_oenb[107]
 la_oenb[108]
 la_oenb[109]
 la_oenb[10]
 la_oenb[110]
 la_oenb[111]
 la_oenb[112]
 la_oenb[113]
 la_oenb[114]
 la_oenb[115]
 la_oenb[116]
 la_oenb[117]
 la_oenb[118]
 la_oenb[119]
 la_oenb[11]
 la_oenb[120]
 la_oenb[121]
 la_oenb[122]
 la_oenb[123]
 la_oenb[124]
 la_oenb[125]
 la_oenb[126]
 la_oenb[127]
 la_oenb[12]
 la_oenb[13]
 la_oenb[14]
 la_oenb[15]
 la_oenb[16]
 la_oenb[17]
 la_oenb[18]
 la_oenb[19]
 la_oenb[1]
 la_oenb[20]
 la_oenb[21]
 la_oenb[22]
 la_oenb[23]
 la_oenb[24]
 la_oenb[25]
 la_oenb[26]
 la_oenb[27]
 la_oenb[28]
 la_oenb[29]
 la_oenb[2]
 la_oenb[30]
 la_oenb[31]
 la_oenb[32]
 la_oenb[33]
 la_oenb[34]
 la_oenb[35]
 la_oenb[36]
 la_oenb[37]
 la_oenb[38]
 la_oenb[39]
 la_oenb[3]
 la_oenb[40]
 la_oenb[41]
 la_oenb[42]
 la_oenb[43]
 la_oenb[44]
 la_oenb[45]
 la_oenb[46]
 la_oenb[47]
 la_oenb[48]
 la_oenb[49]
 la_oenb[4]
 la_oenb[50]
 la_oenb[51]
 la_oenb[52]
 la_oenb[53]
 la_oenb[54]
 la_oenb[55]
 la_oenb[56]
 la_oenb[57]
 la_oenb[58]
 la_oenb[59]
 la_oenb[5]
 la_oenb[60]
 la_oenb[61]
 la_oenb[62]
 la_oenb[63]
 la_oenb[64]
 la_oenb[65]
 la_oenb[66]
 la_oenb[67]
 la_oenb[68]
 la_oenb[69]
 la_oenb[6]
 la_oenb[70]
 la_oenb[71]
 la_oenb[72]
 la_oenb[73]
 la_oenb[74]
 la_oenb[75]
 la_oenb[76]
 la_oenb[77]
 la_oenb[78]
 la_oenb[79]
 la_oenb[7]
 la_oenb[80]
 la_oenb[81]
 la_oenb[82]
 la_oenb[83]
 la_oenb[84]
 la_oenb[85]
 la_oenb[86]
 la_oenb[87]
 la_oenb[88]
 la_oenb[89]
 la_oenb[8]
 la_oenb[90]
 la_oenb[91]
 la_oenb[92]
 la_oenb[93]
 la_oenb[94]
 la_oenb[95]
 la_oenb[96]
 la_oenb[97]
 la_oenb[98]
 la_oenb[99]
 la_oenb[9]
 wbs_dat_i[10]
 wbs_dat_i[11]
 wbs_dat_i[12]
 wbs_dat_i[13]
 wbs_dat_i[14]
 wbs_dat_i[15]
 wbs_dat_i[16]
 wbs_dat_i[17]
 wbs_dat_i[18]
 wbs_dat_i[19]
 wbs_dat_i[1]
 wbs_dat_i[20]
 wbs_dat_i[21]
 wbs_dat_i[22]
 wbs_dat_i[23]
 wbs_dat_i[24]
 wbs_dat_i[25]
 wbs_dat_i[26]
 wbs_dat_i[27]
 wbs_dat_i[28]
 wbs_dat_i[29]
 wbs_dat_i[2]
 wbs_dat_i[30]
 wbs_dat_i[31]
 wbs_dat_i[3]
 wbs_dat_i[4]
 wbs_dat_i[5]
 wbs_dat_i[6]
 wbs_dat_i[7]
 wbs_dat_i[8]
 wbs_dat_i[9]
 wbs_sel_i[0]
 wbs_sel_i[1]
 wbs_sel_i[2]
 wbs_sel_i[3]
 _9303__337/HI
 _9462__338/HI
 _9463__339/HI
 _9464__340/HI
 _9465__341/HI
 _9466__342/HI
 _9467__343/HI
 _9468__344/HI
 _9469__345/HI
 _9470__346/HI
 _9471__347/HI
 _9472__348/HI
 _9473__349/HI
 _9474__350/HI
 _9475__351/HI
 _9476__352/HI
 _9477__353/HI
 _9478__354/HI
 _9479__355/HI
 _9480__356/HI
 _9481__357/HI
 _9482__358/HI
 _9483__359/HI
 _9484__360/HI
 _9485__361/HI
 _9486__362/HI
 _9487__363/HI
 _9488__364/HI
 _9489__365/HI
 _9490__366/HI
 _9491__367/HI
 _9492__368/HI
 _9493__369/HI
 _9494__370/HI
 _9495__371/HI
 _9496__372/HI
 _9497__373/HI
 _9498__374/HI
 _9499__375/HI
 _9500__376/HI
 _9501__377/HI
 _9502__378/HI
 _9503__379/HI
 _9504__380/HI
 _9505__381/HI
 _9506__382/HI
 _9507__383/HI
 _9508__384/HI
 _9509__385/HI
 _9510__386/HI
 _9511__387/HI
 _9512__388/HI
 _9513__389/HI
 _9514__390/HI
 _9515__391/HI
 _9516__392/HI
 _9517__393/HI
 _9518__394/HI
 _9519__395/HI
 _9520__396/HI
 _9521__397/HI
 _9522__398/HI
 _9523__399/HI
 _9524__400/HI
 _9525__401/HI
 _9526__402/HI
 _9527__403/HI
 _9528__404/HI
 _9529__405/HI
 _9530__406/HI
 _9531__407/HI
 _9532__408/HI
 _9533__586/LO
 _9534__587/LO
 _9535__588/LO
 _9536__589/LO
 _9537__590/LO
 _9538__591/LO
 _9539__592/LO
 _9540__409/HI
 _9541__410/HI
 _9542__411/HI
 _9543__412/HI
 _9544__413/HI
 _9545__414/HI
 _9546__415/HI
 _9547__416/HI
 _9548__417/HI
 _9549__418/HI
 _9550__419/HI
 _9551__420/HI
 _9552__421/HI
 _9553__422/HI
 _9554__423/HI
 _9555__424/HI
 _9556__425/HI
 _9557__426/HI
 _9558__427/HI
 _9559__428/HI
 _9560__429/HI
 _9561__430/HI
 _9562__431/HI
 _9563__432/HI
 _9564__433/HI
 _9565__434/HI
 _9566__435/HI
 _9567__436/HI
 _9568__593/LO
 _9569__594/LO
 _9570__595/LO
 _9571__437/HI
 _9572__438/HI
 _9573__439/HI
 _9574__440/HI
 _9575__441/HI
 _9576__442/HI
 _9577__443/HI
 _9579__444/HI
 _9580__445/HI
 _9581__446/HI
 _9582__447/HI
 _9583__448/HI
 _9584__449/HI
 _9585__450/HI
 _9586__451/HI
 _9587__452/HI
 _9588__453/HI
 _9589__454/HI
 _9590__455/HI
 _9591__456/HI
 _9592__457/HI
 _9593__458/HI
 _9594__459/HI
 _9595__460/HI
 _9596__461/HI
 _9597__462/HI
 _9598__463/HI
 _9599__464/HI
 _9600__465/HI
 _9601__466/HI
 _9602__467/HI
 _9603__468/HI
 _9604__469/HI
 _9605__470/HI
 _9606__471/HI
 _9607__472/HI
 _9608__473/HI
 _9609__474/HI
 _9610__475/HI
 _9611__476/HI
 _9612__477/HI
 _9613__478/HI
 _9614__479/HI
 _9615__480/HI
 _9616__481/HI
 _9617__482/HI
 _9618__483/HI
 _9619__484/HI
 _9620__485/HI
 _9621__486/HI
 _9622__487/HI
 _9623__488/HI
 _9624__489/HI
 _9625__490/HI
 _9626__491/HI
 _9627__492/HI
 _9628__493/HI
 _9629__494/HI
 _9630__495/HI
 _9631__496/HI
 _9632__497/HI
 _9633__498/HI
 _9634__499/HI
 _9635__500/HI
 _9636__501/HI
 _9637__502/HI
 _9638__503/HI
 _9639__504/HI
 _9640__505/HI
 _9641__506/HI
 _9642__507/HI
 _9643__508/HI
 _9644__509/HI
 _9645__510/HI
 _9646__511/HI
 _9647__512/HI
 _9648__513/HI
 _9649__514/HI
 _9650__515/HI
 _9651__516/HI
 _9652__517/HI
 _9653__518/HI
 _9654__519/HI
 _9655__520/HI
 _9656__521/HI
 _9657__522/HI
 _9658__523/HI
 _9659__524/HI
 _9660__525/HI
 _9661__526/HI
 _9662__527/HI
 _9663__528/HI
 _9664__529/HI
 _9665__530/HI
 _9666__531/HI
 _9667__532/HI
 _9668__533/HI
 _9669__534/HI
 _9670__535/HI
 _9671__536/HI
 _9672__537/HI
 _9673__538/HI
 _9674__539/HI
 _9675__540/HI
 _9676__541/HI
 _9677__542/HI
 _9678__543/HI
 _9679__544/HI
 _9680__545/HI
 _9681__546/HI
 _9682__547/HI
 _9683__548/HI
 _9684__549/HI
 _9685__550/HI
 _9686__551/HI
 _9687__552/HI
 _9688__553/HI
 _9689__554/HI
 _9690__555/HI
 _9691__556/HI
 _9692__557/HI
 _9693__558/HI
 _9694__559/HI
 _9695__560/HI
 _9696__561/HI
 _9697__562/HI
 _9698__563/HI
 _9699__564/HI
 _9700__565/HI
 _9701__566/HI
 _9702__567/HI
 _9703__568/HI
 _9704__569/HI
 _9705__570/HI
 _9706__571/HI
 _9707__572/HI
 _9708__573/HI
 _9709__574/HI
 _9710__575/HI
 _9711__576/HI
 _9712__577/HI
 _9716__578/HI
 _9720__579/HI
 _9726__580/HI
 _9729__581/HI
 _9732__582/HI
 _9734__583/HI
 _9736__584/HI
 _9741__585/HI
Found 0 partially unannotated drivers.

===========================================================================
max slew violation count 0
max fanout violation count 217
max cap violation count 1
============================================================================

===========================================================================
check_setup -verbose -unconstrained_endpoints -multiple_clock -no_clock -no_input_delay -loops -generated_clocks
===========================================================================
Warning: There are 17 unclocked register/latch pins.
  _9159_/CLK
  _9160_/CLK
  _9161_/CLK
  _9162_/CLK
  _9163_/CLK
  _9164_/CLK
  _9165_/CLK
  _9166_/CLK
  _9167_/CLK
  _9168_/CLK
  _9169_/CLK
  _9170_/CLK
  _9171_/CLK
  _9172_/CLK
  _9173_/CLK
  _9174_/CLK
  _9175_/CLK
Warning: There are 276 unconstrained endpoints.
  ADR_O[0]
  ADR_O[10]
  ADR_O[11]
  ADR_O[12]
  ADR_O[13]
  ADR_O[14]
  ADR_O[15]
  ADR_O[16]
  ADR_O[17]
  ADR_O[18]
  ADR_O[19]
  ADR_O[1]
  ADR_O[20]
  ADR_O[21]
  ADR_O[22]
  ADR_O[23]
  ADR_O[24]
  ADR_O[25]
  ADR_O[26]
  ADR_O[27]
  ADR_O[28]
  ADR_O[29]
  ADR_O[2]
  ADR_O[30]
  ADR_O[31]
  ADR_O[3]
  ADR_O[4]
  ADR_O[5]
  ADR_O[6]
  ADR_O[7]
  ADR_O[8]
  ADR_O[9]
  CYC_O
  DAT_O[0]
  DAT_O[10]
  DAT_O[11]
  DAT_O[12]
  DAT_O[13]
  DAT_O[14]
  DAT_O[15]
  DAT_O[16]
  DAT_O[17]
  DAT_O[18]
  DAT_O[19]
  DAT_O[1]
  DAT_O[20]
  DAT_O[21]
  DAT_O[22]
  DAT_O[23]
  DAT_O[24]
  DAT_O[25]
  DAT_O[26]
  DAT_O[27]
  DAT_O[28]
  DAT_O[29]
  DAT_O[2]
  DAT_O[30]
  DAT_O[31]
  DAT_O[3]
  DAT_O[4]
  DAT_O[5]
  DAT_O[6]
  DAT_O[7]
  DAT_O[8]
  DAT_O[9]
  SEL_O[0]
  SEL_O[1]
  SEL_O[2]
  SEL_O[3]
  STB_O
  WE_O
  gpio_oeb[0]
  gpio_oeb[10]
  gpio_oeb[11]
  gpio_oeb[12]
  gpio_oeb[13]
  gpio_oeb[14]
  gpio_oeb[15]
  gpio_oeb[16]
  gpio_oeb[17]
  gpio_oeb[18]
  gpio_oeb[19]
  gpio_oeb[1]
  gpio_oeb[20]
  gpio_oeb[21]
  gpio_oeb[22]
  gpio_oeb[23]
  gpio_oeb[24]
  gpio_oeb[25]
  gpio_oeb[26]
  gpio_oeb[27]
  gpio_oeb[28]
  gpio_oeb[29]
  gpio_oeb[2]
  gpio_oeb[30]
  gpio_oeb[31]
  gpio_oeb[32]
  gpio_oeb[33]
  gpio_oeb[34]
  gpio_oeb[35]
  gpio_oeb[36]
  gpio_oeb[37]
  gpio_oeb[3]
  gpio_oeb[4]
  gpio_oeb[5]
  gpio_oeb[6]
  gpio_oeb[7]
  gpio_oeb[8]
  gpio_oeb[9]
  gpio_out[0]
  gpio_out[1]
  gpio_out[2]
  gpio_out[35]
  gpio_out[36]
  gpio_out[37]
  gpio_out[3]
  gpio_out[4]
  gpio_out[5]
  gpio_out[6]
  irq[0]
  irq[1]
  irq[2]
  la_data_out[0]
  la_data_out[100]
  la_data_out[101]
  la_data_out[102]
  la_data_out[103]
  la_data_out[104]
  la_data_out[105]
  la_data_out[106]
  la_data_out[107]
  la_data_out[108]
  la_data_out[109]
  la_data_out[10]
  la_data_out[110]
  la_data_out[111]
  la_data_out[112]
  la_data_out[113]
  la_data_out[114]
  la_data_out[115]
  la_data_out[116]
  la_data_out[117]
  la_data_out[118]
  la_data_out[119]
  la_data_out[11]
  la_data_out[120]
  la_data_out[121]
  la_data_out[122]
  la_data_out[123]
  la_data_out[124]
  la_data_out[125]
  la_data_out[126]
  la_data_out[127]
  la_data_out[12]
  la_data_out[13]
  la_data_out[14]
  la_data_out[15]
  la_data_out[16]
  la_data_out[17]
  la_data_out[18]
  la_data_out[19]
  la_data_out[1]
  la_data_out[20]
  la_data_out[21]
  la_data_out[22]
  la_data_out[23]
  la_data_out[24]
  la_data_out[25]
  la_data_out[26]
  la_data_out[27]
  la_data_out[28]
  la_data_out[29]
  la_data_out[2]
  la_data_out[30]
  la_data_out[31]
  la_data_out[32]
  la_data_out[33]
  la_data_out[34]
  la_data_out[35]
  la_data_out[36]
  la_data_out[37]
  la_data_out[38]
  la_data_out[39]
  la_data_out[3]
  la_data_out[40]
  la_data_out[41]
  la_data_out[42]
  la_data_out[43]
  la_data_out[44]
  la_data_out[45]
  la_data_out[46]
  la_data_out[47]
  la_data_out[48]
  la_data_out[49]
  la_data_out[4]
  la_data_out[50]
  la_data_out[51]
  la_data_out[52]
  la_data_out[53]
  la_data_out[54]
  la_data_out[55]
  la_data_out[56]
  la_data_out[57]
  la_data_out[58]
  la_data_out[59]
  la_data_out[5]
  la_data_out[60]
  la_data_out[61]
  la_data_out[62]
  la_data_out[63]
  la_data_out[64]
  la_data_out[65]
  la_data_out[66]
  la_data_out[67]
  la_data_out[68]
  la_data_out[69]
  la_data_out[6]
  la_data_out[70]
  la_data_out[71]
  la_data_out[72]
  la_data_out[73]
  la_data_out[74]
  la_data_out[75]
  la_data_out[76]
  la_data_out[77]
  la_data_out[78]
  la_data_out[79]
  la_data_out[7]
  la_data_out[80]
  la_data_out[81]
  la_data_out[82]
  la_data_out[83]
  la_data_out[84]
  la_data_out[85]
  la_data_out[86]
  la_data_out[87]
  la_data_out[88]
  la_data_out[89]
  la_data_out[8]
  la_data_out[90]
  la_data_out[91]
  la_data_out[92]
  la_data_out[93]
  la_data_out[94]
  la_data_out[95]
  la_data_out[96]
  la_data_out[97]
  la_data_out[98]
  la_data_out[99]
  la_data_out[9]
  wbs_dat_o[14]
  wbs_dat_o[17]
  wbs_dat_o[20]
  wbs_dat_o[22]
  wbs_dat_o[24]
  wbs_dat_o[29]
  wbs_dat_o[4]
  wbs_dat_o[8]
  _9159_/D
  _9160_/D
  _9161_/D
  _9162_/D
  _9163_/D
  _9164_/D
  _9165_/D
  _9166_/D
  _9167_/D
  _9168_/D
  _9169_/D
  _9170_/D
  _9171_/D
  _9172_/D
  _9173_/D
  _9174_/D
  _9175_/D
  _9303_/D
