
===========================================================================
report_checks -unconstrained
===========================================================================
======================= min_ff_n40C_1v95 Corner ===================================

Startpoint: wb_rst_i (input port clocked by wb_clk_i)
Endpoint: _16447_ (recovery check against rising-edge clock wb_clk_i)
Path Group: asynchronous
Path Type: max

Fanout         Cap        Slew       Delay        Time   Description
---------------------------------------------------------------------------------------------
                                  0.000000    0.000000   clock wb_clk_i (rise edge)
                                  0.000000    0.000000   clock network delay (propagated)
                                 20.000000   20.000000 v input external delay
     2    0.003455    0.005692    0.002830   20.002831 v wb_rst_i (in)
                                                         wb_rst_i (net)
                      0.005692    0.000000   20.002831 v input38/A (sky130_fd_sc_hd__clkbuf_1)
     1    0.006515    0.031508    0.058860   20.061689 v input38/X (sky130_fd_sc_hd__clkbuf_1)
                                                         net38 (net)
                      0.031508    0.000137   20.061827 v fanout1415/A (sky130_fd_sc_hd__clkbuf_8)
    10    0.134860    0.103442    0.159110   20.220936 v fanout1415/X (sky130_fd_sc_hd__clkbuf_8)
                                                         net1415 (net)
                      0.105363    0.011244   20.232182 v fanout1414/A (sky130_fd_sc_hd__buf_4)
    14    0.080817    0.077198    0.173779   20.405960 v fanout1414/X (sky130_fd_sc_hd__buf_4)
                                                         net1414 (net)
                      0.077687    0.004643   20.410604 v fanout1413/A (sky130_fd_sc_hd__buf_2)
    10    0.046687    0.079413    0.151685   20.562288 v fanout1413/X (sky130_fd_sc_hd__buf_2)
                                                         net1413 (net)
                      0.079513    0.001828   20.564116 v fanout1412/A (sky130_fd_sc_hd__clkbuf_2)
    10    0.033186    0.089148    0.145061   20.709177 v fanout1412/X (sky130_fd_sc_hd__clkbuf_2)
                                                         net1412 (net)
                      0.089149    0.000464   20.709641 v fanout1411/A (sky130_fd_sc_hd__buf_4)
    18    0.067206    0.066666    0.158710   20.868351 v fanout1411/X (sky130_fd_sc_hd__buf_4)
                                                         net1411 (net)
                      0.066669    0.000684   20.869036 v fanout1410/A (sky130_fd_sc_hd__buf_4)
    10    0.059435    0.063662    0.143713   21.012747 v fanout1410/X (sky130_fd_sc_hd__buf_4)
                                                         net1410 (net)
                      0.063662    0.000128   21.012877 v fanout1409/A (sky130_fd_sc_hd__buf_4)
    10    0.055641    0.060310    0.140144   21.153019 v fanout1409/X (sky130_fd_sc_hd__buf_4)
                                                         net1409 (net)
                      0.060318    0.000723   21.153742 v _14642_/A (sky130_fd_sc_hd__inv_2)
     1    0.004775    0.027500    0.043759   21.197502 ^ _14642_/Y (sky130_fd_sc_hd__inv_2)
                                                         _00310_ (net)
                      0.027500    0.000030   21.197531 ^ _16447_/RESET_B (sky130_fd_sc_hd__dfrtp_1)
                                             21.197531   data arrival time

                                100.000000  100.000000   clock wb_clk_i (rise edge)
                                  0.000000  100.000000   clock source latency
     2    0.083937    0.284135    0.198497  100.198494 ^ wb_clk_i (in)
                                                         wb_clk_i (net)
                      0.284219    0.000000  100.198494 ^ clkbuf_0_wb_clk_i/A (sky130_fd_sc_hd__clkbuf_16)
    16    0.183498    0.152114    0.220048  100.418541 ^ clkbuf_0_wb_clk_i/X (sky130_fd_sc_hd__clkbuf_16)
                                                         clknet_0_wb_clk_i (net)
                      0.152327    0.004590  100.423134 ^ clkbuf_3_7_0_wb_clk_i/A (sky130_fd_sc_hd__clkbuf_8)
     4    0.032836    0.054067    0.129560  100.552696 ^ clkbuf_3_7_0_wb_clk_i/X (sky130_fd_sc_hd__clkbuf_8)
                                                         clknet_3_7_0_wb_clk_i (net)
                      0.054078    0.000739  100.553429 ^ clkbuf_4_15__f_wb_clk_i/A (sky130_fd_sc_hd__clkbuf_16)
    20    0.109418    0.096047    0.139423  100.692856 ^ clkbuf_4_15__f_wb_clk_i/X (sky130_fd_sc_hd__clkbuf_16)
                                                         clknet_4_15__leaf_wb_clk_i (net)
                      0.096833    0.006942  100.699799 ^ clkbuf_leaf_77_wb_clk_i/A (sky130_fd_sc_hd__clkbuf_8)
     8    0.030690    0.050546    0.116458  100.816254 ^ clkbuf_leaf_77_wb_clk_i/X (sky130_fd_sc_hd__clkbuf_8)
                                                         clknet_leaf_77_wb_clk_i (net)
                      0.050546    0.000249  100.816505 ^ _16447_/CLK (sky130_fd_sc_hd__dfrtp_1)
                                 -0.250000  100.566505   clock uncertainty
                                  0.000000  100.566505   clock reconvergence pessimism
                                  0.147235  100.713737   library recovery time
                                            100.713737   data required time
---------------------------------------------------------------------------------------------
                                            100.713737   data required time
                                            -21.197531   data arrival time
---------------------------------------------------------------------------------------------
                                             79.516205   slack (MET)


Startpoint: wbs_adr_i[13] (input port clocked by wb_clk_i)
Endpoint: wbs_dat_o[0] (output port clocked by wb_clk_i)
Path Group: wb_clk_i
Path Type: max

Fanout         Cap        Slew       Delay        Time   Description
---------------------------------------------------------------------------------------------
                                  0.000000    0.000000   clock wb_clk_i (rise edge)
                                  0.000000    0.000000   clock network delay (propagated)
                                 20.000000   20.000000 v input external delay
     2    0.003789    0.006179    0.003132   20.003132 v wbs_adr_i[13] (in)
                                                         wbs_adr_i[13] (net)
                      0.006179    0.000000   20.003132 v input43/A (sky130_fd_sc_hd__clkbuf_1)
     1    0.002041    0.015724    0.044205   20.047337 v input43/X (sky130_fd_sc_hd__clkbuf_1)
                                                         net43 (net)
                      0.015724    0.000020   20.047356 v _13246_/A (sky130_fd_sc_hd__or4_2)
     2    0.018212    0.100953    0.421473   20.468828 v _13246_/X (sky130_fd_sc_hd__or4_2)
                                                         _03731_ (net)
                      0.100990    0.001190   20.470018 v _13247_/D (sky130_fd_sc_hd__or4_1)
     1    0.002924    0.053394    0.237165   20.707184 v _13247_/X (sky130_fd_sc_hd__or4_1)
                                                         _03732_ (net)
                      0.053394    0.000037   20.707222 v _13253_/A (sky130_fd_sc_hd__or4_1)
     1    0.002383    0.050869    0.292856   21.000076 v _13253_/X (sky130_fd_sc_hd__or4_1)
                                                         net179 (net)
                      0.050869    0.000021   21.000099 v fanout603/A (sky130_fd_sc_hd__clkbuf_2)
     7    0.027138    0.074350    0.121901   21.122000 v fanout603/X (sky130_fd_sc_hd__clkbuf_2)
                                                         net603 (net)
                      0.074370    0.001171   21.123169 v fanout601/A (sky130_fd_sc_hd__clkbuf_2)
    10    0.030097    0.081636    0.137058   21.260227 v fanout601/X (sky130_fd_sc_hd__clkbuf_2)
                                                         net601 (net)
                      0.081638    0.000485   21.260714 v _13886_/B (sky130_fd_sc_hd__or2_1)
     1    0.001779    0.029149    0.131063   21.391775 v _13886_/X (sky130_fd_sc_hd__or2_1)
                                                         net161 (net)
                      0.029149    0.000007   21.391783 v output161/A (sky130_fd_sc_hd__buf_2)
     1    0.034077    0.062304    0.116987   21.508770 v output161/X (sky130_fd_sc_hd__buf_2)
                                                         wbs_dat_o[0] (net)
                      0.062304    0.000188   21.508959 v wbs_dat_o[0] (out)
                                             21.508959   data arrival time

                                100.000000  100.000000   clock wb_clk_i (rise edge)
                                  0.000000  100.000000   clock network delay (propagated)
                                 -0.250000   99.750000   clock uncertainty
                                  0.000000   99.750000   clock reconvergence pessimism
                                -20.000000   79.750000   output external delay
                                             79.750000   data required time
---------------------------------------------------------------------------------------------
                                             79.750000   data required time
                                            -21.508959   data arrival time
---------------------------------------------------------------------------------------------
                                             58.241035   slack (MET)




===========================================================================
report_checks --slack_max -0.01
============================================================================
======================= min_ff_n40C_1v95 Corner ===================================

No paths found.


===========================================================================
 report_check_types -max_slew -max_cap -max_fanout -violators
============================================================================
======================= min_ff_n40C_1v95 Corner ===================================

max slew

Pin                                        Limit        Slew       Slack
------------------------------------------------------------------------
fanout853/A                             0.750000    0.776556   -0.026556 (VIOLATED)
ANTENNA_fanout853_A/DIODE               0.750000    0.776556   -0.026556 (VIOLATED)
ANTENNA_max_cap855_A/DIODE              0.750000    0.776490   -0.026490 (VIOLATED)
_08496_/Y                               0.750000    0.776490   -0.026490 (VIOLATED)
max_cap855/A                            0.750000    0.776490   -0.026490 (VIOLATED)

max fanout

Pin                                   Limit Fanout  Slack
---------------------------------------------------------
clkbuf_leaf_75_wb_clk_i/X                10     50    -40 (VIOLATED)
clkbuf_leaf_101_wb_clk_i/X               10     46    -36 (VIOLATED)
clkbuf_leaf_106_wb_clk_i/X               10     46    -36 (VIOLATED)
clkbuf_leaf_104_wb_clk_i/X               10     44    -34 (VIOLATED)
clkbuf_leaf_45_wb_clk_i/X                10     44    -34 (VIOLATED)
clkbuf_leaf_80_wb_clk_i/X                10     44    -34 (VIOLATED)
clkbuf_leaf_141_wb_clk_i/X               10     40    -30 (VIOLATED)
clkbuf_leaf_25_wb_clk_i/X                10     40    -30 (VIOLATED)
clkbuf_leaf_36_wb_clk_i/X                10     40    -30 (VIOLATED)
clkbuf_leaf_78_wb_clk_i/X                10     40    -30 (VIOLATED)
clkbuf_leaf_113_wb_clk_i/X               10     38    -28 (VIOLATED)
clkbuf_leaf_21_wb_clk_i/X                10     38    -28 (VIOLATED)
clkbuf_leaf_79_wb_clk_i/X                10     38    -28 (VIOLATED)
clkbuf_leaf_129_wb_clk_i/X               10     36    -26 (VIOLATED)
clkbuf_leaf_23_wb_clk_i/X                10     36    -26 (VIOLATED)
clkbuf_leaf_97_wb_clk_i/X                10     36    -26 (VIOLATED)
clkbuf_leaf_105_wb_clk_i/X               10     34    -24 (VIOLATED)
clkbuf_leaf_142_wb_clk_i/X               10     34    -24 (VIOLATED)
clkbuf_leaf_2_wb_clk_i/X                 10     34    -24 (VIOLATED)
clkbuf_leaf_30_wb_clk_i/X                10     34    -24 (VIOLATED)
clkbuf_leaf_42_wb_clk_i/X                10     34    -24 (VIOLATED)
clkbuf_leaf_59_wb_clk_i/X                10     34    -24 (VIOLATED)
clkbuf_leaf_70_wb_clk_i/X                10     34    -24 (VIOLATED)
clkbuf_leaf_18_wb_clk_i/X                10     32    -22 (VIOLATED)
clkbuf_leaf_31_wb_clk_i/X                10     32    -22 (VIOLATED)
clkbuf_leaf_37_wb_clk_i/X                10     32    -22 (VIOLATED)
clkbuf_leaf_46_wb_clk_i/X                10     32    -22 (VIOLATED)
clkbuf_leaf_90_wb_clk_i/X                10     32    -22 (VIOLATED)
clkbuf_leaf_9_wb_clk_i/X                 10     32    -22 (VIOLATED)
clkbuf_leaf_102_wb_clk_i/X               10     30    -20 (VIOLATED)
clkbuf_leaf_127_wb_clk_i/X               10     30    -20 (VIOLATED)
clkbuf_leaf_128_wb_clk_i/X               10     30    -20 (VIOLATED)
clkbuf_leaf_138_wb_clk_i/X               10     30    -20 (VIOLATED)
clkbuf_leaf_39_wb_clk_i/X                10     30    -20 (VIOLATED)
clkbuf_leaf_4_wb_clk_i/X                 10     30    -20 (VIOLATED)
clkbuf_leaf_50_wb_clk_i/X                10     30    -20 (VIOLATED)
clkbuf_leaf_87_wb_clk_i/X                10     30    -20 (VIOLATED)
clkbuf_leaf_107_wb_clk_i/X               10     28    -18 (VIOLATED)
clkbuf_leaf_109_wb_clk_i/X               10     28    -18 (VIOLATED)
clkbuf_leaf_12_wb_clk_i/X                10     28    -18 (VIOLATED)
clkbuf_leaf_22_wb_clk_i/X                10     28    -18 (VIOLATED)
clkbuf_leaf_32_wb_clk_i/X                10     28    -18 (VIOLATED)
clkbuf_leaf_69_wb_clk_i/X                10     28    -18 (VIOLATED)
clkbuf_leaf_73_wb_clk_i/X                10     28    -18 (VIOLATED)
clkbuf_leaf_116_wb_clk_i/X               10     26    -16 (VIOLATED)
clkbuf_leaf_13_wb_clk_i/X                10     26    -16 (VIOLATED)
clkbuf_leaf_19_wb_clk_i/X                10     26    -16 (VIOLATED)
clkbuf_leaf_40_wb_clk_i/X                10     26    -16 (VIOLATED)
clkbuf_4_10__f_wb_clk_i/X                10     24    -14 (VIOLATED)
clkbuf_leaf_131_wb_clk_i/X               10     24    -14 (VIOLATED)
clkbuf_leaf_41_wb_clk_i/X                10     24    -14 (VIOLATED)
clkbuf_leaf_68_wb_clk_i/X                10     24    -14 (VIOLATED)
clkbuf_leaf_48_wb_clk_i/X                10     22    -12 (VIOLATED)
clkbuf_leaf_53_wb_clk_i/X                10     22    -12 (VIOLATED)
clkbuf_leaf_66_wb_clk_i/X                10     22    -12 (VIOLATED)
fanout920/X                              10     22    -12 (VIOLATED)
fanout689/X                              10     21    -11 (VIOLATED)
fanout697/X                              10     21    -11 (VIOLATED)
fanout917/X                              10     21    -11 (VIOLATED)
fanout922/X                              10     21    -11 (VIOLATED)
fanout924/X                              10     21    -11 (VIOLATED)
fanout950/X                              10     21    -11 (VIOLATED)
fanout958/X                              10     21    -11 (VIOLATED)
_08977_/X                                10     20    -10 (VIOLATED)
_09114_/X                                10     20    -10 (VIOLATED)
_09251_/X                                10     20    -10 (VIOLATED)
_09319_/X                                10     20    -10 (VIOLATED)
_09454_/X                                10     20    -10 (VIOLATED)
_09659_/X                                10     20    -10 (VIOLATED)
_09877_/X                                10     20    -10 (VIOLATED)
_10707_/X                                10     20    -10 (VIOLATED)
_11478_/Y                                10     20    -10 (VIOLATED)
_16188_/Q                                10     20    -10 (VIOLATED)
_17738_/Q                                10     20    -10 (VIOLATED)
_17804_/Q                                10     20    -10 (VIOLATED)
_17817_/Q                                10     20    -10 (VIOLATED)
_17818_/Q                                10     20    -10 (VIOLATED)
_17820_/Q                                10     20    -10 (VIOLATED)
clkbuf_4_0__f_wb_clk_i/X                 10     20    -10 (VIOLATED)
clkbuf_4_13__f_wb_clk_i/X                10     20    -10 (VIOLATED)
clkbuf_4_15__f_wb_clk_i/X                10     20    -10 (VIOLATED)
clkbuf_4_2__f_wb_clk_i/X                 10     20    -10 (VIOLATED)
clkbuf_4_3__f_wb_clk_i/X                 10     20    -10 (VIOLATED)
clkbuf_4_5__f_wb_clk_i/X                 10     20    -10 (VIOLATED)
clkbuf_leaf_10_wb_clk_i/X                10     20    -10 (VIOLATED)
fanout1000/X                             10     20    -10 (VIOLATED)
fanout1002/X                             10     20    -10 (VIOLATED)
fanout1003/X                             10     20    -10 (VIOLATED)
fanout1005/X                             10     20    -10 (VIOLATED)
fanout1006/X                             10     20    -10 (VIOLATED)
fanout1010/X                             10     20    -10 (VIOLATED)
fanout1013/X                             10     20    -10 (VIOLATED)
fanout1014/X                             10     20    -10 (VIOLATED)
fanout1015/X                             10     20    -10 (VIOLATED)
fanout1018/X                             10     20    -10 (VIOLATED)
fanout1019/X                             10     20    -10 (VIOLATED)
fanout1025/X                             10     20    -10 (VIOLATED)
fanout1026/X                             10     20    -10 (VIOLATED)
fanout1035/X                             10     20    -10 (VIOLATED)
fanout1043/X                             10     20    -10 (VIOLATED)
fanout1045/X                             10     20    -10 (VIOLATED)
fanout1048/X                             10     20    -10 (VIOLATED)
fanout1055/X                             10     20    -10 (VIOLATED)
fanout1056/X                             10     20    -10 (VIOLATED)
fanout1061/X                             10     20    -10 (VIOLATED)
fanout1062/X                             10     20    -10 (VIOLATED)
fanout1063/X                             10     20    -10 (VIOLATED)
fanout1065/X                             10     20    -10 (VIOLATED)
fanout1066/X                             10     20    -10 (VIOLATED)
fanout1068/X                             10     20    -10 (VIOLATED)
fanout1070/X                             10     20    -10 (VIOLATED)
fanout1072/X                             10     20    -10 (VIOLATED)
fanout1074/X                             10     20    -10 (VIOLATED)
fanout1077/X                             10     20    -10 (VIOLATED)
fanout1079/X                             10     20    -10 (VIOLATED)
fanout1081/X                             10     20    -10 (VIOLATED)
fanout1086/X                             10     20    -10 (VIOLATED)
fanout1089/X                             10     20    -10 (VIOLATED)
fanout1090/X                             10     20    -10 (VIOLATED)
fanout1097/X                             10     20    -10 (VIOLATED)
fanout1099/X                             10     20    -10 (VIOLATED)
fanout1117/X                             10     20    -10 (VIOLATED)
fanout1118/X                             10     20    -10 (VIOLATED)
fanout1119/X                             10     20    -10 (VIOLATED)
fanout1121/X                             10     20    -10 (VIOLATED)
fanout1122/X                             10     20    -10 (VIOLATED)
fanout1124/X                             10     20    -10 (VIOLATED)
fanout1125/X                             10     20    -10 (VIOLATED)
fanout1127/X                             10     20    -10 (VIOLATED)
fanout1129/X                             10     20    -10 (VIOLATED)
fanout1130/X                             10     20    -10 (VIOLATED)
fanout1132/X                             10     20    -10 (VIOLATED)
fanout1135/X                             10     20    -10 (VIOLATED)
fanout1137/X                             10     20    -10 (VIOLATED)
fanout1138/X                             10     20    -10 (VIOLATED)
fanout1141/X                             10     20    -10 (VIOLATED)
fanout1143/X                             10     20    -10 (VIOLATED)
fanout1144/X                             10     20    -10 (VIOLATED)
fanout1156/X                             10     20    -10 (VIOLATED)
fanout1161/X                             10     20    -10 (VIOLATED)
fanout1163/X                             10     20    -10 (VIOLATED)
fanout1164/X                             10     20    -10 (VIOLATED)
fanout1170/X                             10     20    -10 (VIOLATED)
fanout1174/X                             10     20    -10 (VIOLATED)
fanout1178/X                             10     20    -10 (VIOLATED)
fanout1213/X                             10     20    -10 (VIOLATED)
fanout1214/X                             10     20    -10 (VIOLATED)
fanout1250/X                             10     20    -10 (VIOLATED)
fanout1254/X                             10     20    -10 (VIOLATED)
fanout1273/X                             10     20    -10 (VIOLATED)
fanout1281/X                             10     20    -10 (VIOLATED)
fanout1308/X                             10     20    -10 (VIOLATED)
fanout1314/X                             10     20    -10 (VIOLATED)
fanout1364/X                             10     20    -10 (VIOLATED)
fanout1390/X                             10     20    -10 (VIOLATED)
fanout1396/X                             10     20    -10 (VIOLATED)
fanout185/X                              10     20    -10 (VIOLATED)
fanout186/X                              10     20    -10 (VIOLATED)
fanout187/X                              10     20    -10 (VIOLATED)
fanout202/X                              10     20    -10 (VIOLATED)
fanout219/X                              10     20    -10 (VIOLATED)
fanout272/X                              10     20    -10 (VIOLATED)
fanout284/X                              10     20    -10 (VIOLATED)
fanout313/X                              10     20    -10 (VIOLATED)
fanout320/X                              10     20    -10 (VIOLATED)
fanout321/X                              10     20    -10 (VIOLATED)
fanout322/X                              10     20    -10 (VIOLATED)
fanout324/X                              10     20    -10 (VIOLATED)
fanout331/X                              10     20    -10 (VIOLATED)
fanout332/X                              10     20    -10 (VIOLATED)
fanout333/X                              10     20    -10 (VIOLATED)
fanout334/X                              10     20    -10 (VIOLATED)
fanout335/X                              10     20    -10 (VIOLATED)
fanout337/X                              10     20    -10 (VIOLATED)
fanout338/X                              10     20    -10 (VIOLATED)
fanout339/X                              10     20    -10 (VIOLATED)
fanout340/X                              10     20    -10 (VIOLATED)
fanout342/X                              10     20    -10 (VIOLATED)
fanout344/X                              10     20    -10 (VIOLATED)
fanout345/X                              10     20    -10 (VIOLATED)
fanout346/X                              10     20    -10 (VIOLATED)
fanout354/X                              10     20    -10 (VIOLATED)
fanout360/X                              10     20    -10 (VIOLATED)
fanout362/X                              10     20    -10 (VIOLATED)
fanout365/X                              10     20    -10 (VIOLATED)
fanout366/X                              10     20    -10 (VIOLATED)
fanout367/X                              10     20    -10 (VIOLATED)
fanout368/X                              10     20    -10 (VIOLATED)
fanout371/X                              10     20    -10 (VIOLATED)
fanout373/X                              10     20    -10 (VIOLATED)
fanout375/X                              10     20    -10 (VIOLATED)
fanout377/X                              10     20    -10 (VIOLATED)
fanout379/X                              10     20    -10 (VIOLATED)
fanout380/X                              10     20    -10 (VIOLATED)
fanout383/X                              10     20    -10 (VIOLATED)
fanout385/X                              10     20    -10 (VIOLATED)
fanout387/X                              10     20    -10 (VIOLATED)
fanout389/X                              10     20    -10 (VIOLATED)
fanout391/X                              10     20    -10 (VIOLATED)
fanout393/X                              10     20    -10 (VIOLATED)
fanout395/X                              10     20    -10 (VIOLATED)
fanout397/X                              10     20    -10 (VIOLATED)
fanout399/X                              10     20    -10 (VIOLATED)
fanout401/X                              10     20    -10 (VIOLATED)
fanout403/X                              10     20    -10 (VIOLATED)
fanout405/X                              10     20    -10 (VIOLATED)
fanout407/X                              10     20    -10 (VIOLATED)
fanout409/X                              10     20    -10 (VIOLATED)
fanout411/X                              10     20    -10 (VIOLATED)
fanout413/X                              10     20    -10 (VIOLATED)
fanout415/X                              10     20    -10 (VIOLATED)
fanout417/X                              10     20    -10 (VIOLATED)
fanout419/X                              10     20    -10 (VIOLATED)
fanout421/X                              10     20    -10 (VIOLATED)
fanout423/X                              10     20    -10 (VIOLATED)
fanout425/X                              10     20    -10 (VIOLATED)
fanout427/X                              10     20    -10 (VIOLATED)
fanout429/X                              10     20    -10 (VIOLATED)
fanout431/X                              10     20    -10 (VIOLATED)
fanout433/X                              10     20    -10 (VIOLATED)
fanout435/X                              10     20    -10 (VIOLATED)
fanout437/X                              10     20    -10 (VIOLATED)
fanout439/X                              10     20    -10 (VIOLATED)
fanout441/X                              10     20    -10 (VIOLATED)
fanout443/X                              10     20    -10 (VIOLATED)
fanout445/X                              10     20    -10 (VIOLATED)
fanout447/X                              10     20    -10 (VIOLATED)
fanout449/X                              10     20    -10 (VIOLATED)
fanout451/X                              10     20    -10 (VIOLATED)
fanout453/X                              10     20    -10 (VIOLATED)
fanout455/X                              10     20    -10 (VIOLATED)
fanout457/X                              10     20    -10 (VIOLATED)
fanout459/X                              10     20    -10 (VIOLATED)
fanout461/X                              10     20    -10 (VIOLATED)
fanout463/X                              10     20    -10 (VIOLATED)
fanout464/X                              10     20    -10 (VIOLATED)
fanout465/X                              10     20    -10 (VIOLATED)
fanout467/X                              10     20    -10 (VIOLATED)
fanout468/X                              10     20    -10 (VIOLATED)
fanout471/X                              10     20    -10 (VIOLATED)
fanout473/X                              10     20    -10 (VIOLATED)
fanout475/X                              10     20    -10 (VIOLATED)
fanout477/X                              10     20    -10 (VIOLATED)
fanout479/X                              10     20    -10 (VIOLATED)
fanout481/X                              10     20    -10 (VIOLATED)
fanout490/X                              10     20    -10 (VIOLATED)
fanout492/X                              10     20    -10 (VIOLATED)
fanout502/X                              10     20    -10 (VIOLATED)
fanout517/X                              10     20    -10 (VIOLATED)
fanout518/X                              10     20    -10 (VIOLATED)
fanout523/X                              10     20    -10 (VIOLATED)
fanout528/X                              10     20    -10 (VIOLATED)
fanout529/X                              10     20    -10 (VIOLATED)
fanout534/X                              10     20    -10 (VIOLATED)
fanout538/X                              10     20    -10 (VIOLATED)
fanout541/X                              10     20    -10 (VIOLATED)
fanout542/X                              10     20    -10 (VIOLATED)
fanout544/X                              10     20    -10 (VIOLATED)
fanout545/X                              10     20    -10 (VIOLATED)
fanout547/X                              10     20    -10 (VIOLATED)
fanout548/X                              10     20    -10 (VIOLATED)
fanout549/X                              10     20    -10 (VIOLATED)
fanout553/X                              10     20    -10 (VIOLATED)
fanout567/X                              10     20    -10 (VIOLATED)
fanout568/X                              10     20    -10 (VIOLATED)
fanout578/X                              10     20    -10 (VIOLATED)
fanout579/X                              10     20    -10 (VIOLATED)
fanout582/X                              10     20    -10 (VIOLATED)
fanout584/X                              10     20    -10 (VIOLATED)
fanout586/X                              10     20    -10 (VIOLATED)
fanout589/X                              10     20    -10 (VIOLATED)
fanout593/X                              10     20    -10 (VIOLATED)
fanout596/X                              10     20    -10 (VIOLATED)
fanout597/X                              10     20    -10 (VIOLATED)
fanout600/X                              10     20    -10 (VIOLATED)
fanout604/X                              10     20    -10 (VIOLATED)
fanout606/X                              10     20    -10 (VIOLATED)
fanout607/X                              10     20    -10 (VIOLATED)
fanout608/X                              10     20    -10 (VIOLATED)
fanout609/X                              10     20    -10 (VIOLATED)
fanout610/X                              10     20    -10 (VIOLATED)
fanout612/X                              10     20    -10 (VIOLATED)
fanout614/X                              10     20    -10 (VIOLATED)
fanout615/X                              10     20    -10 (VIOLATED)
fanout616/X                              10     20    -10 (VIOLATED)
fanout617/X                              10     20    -10 (VIOLATED)
fanout618/X                              10     20    -10 (VIOLATED)
fanout620/X                              10     20    -10 (VIOLATED)
fanout622/X                              10     20    -10 (VIOLATED)
fanout624/X                              10     20    -10 (VIOLATED)
fanout625/X                              10     20    -10 (VIOLATED)
fanout626/X                              10     20    -10 (VIOLATED)
fanout628/X                              10     20    -10 (VIOLATED)
fanout629/X                              10     20    -10 (VIOLATED)
fanout631/X                              10     20    -10 (VIOLATED)
fanout633/X                              10     20    -10 (VIOLATED)
fanout635/X                              10     20    -10 (VIOLATED)
fanout637/X                              10     20    -10 (VIOLATED)
fanout638/X                              10     20    -10 (VIOLATED)
fanout639/X                              10     20    -10 (VIOLATED)
fanout640/X                              10     20    -10 (VIOLATED)
fanout642/X                              10     20    -10 (VIOLATED)
fanout643/X                              10     20    -10 (VIOLATED)
fanout644/X                              10     20    -10 (VIOLATED)
fanout645/X                              10     20    -10 (VIOLATED)
fanout646/X                              10     20    -10 (VIOLATED)
fanout648/X                              10     20    -10 (VIOLATED)
fanout649/X                              10     20    -10 (VIOLATED)
fanout650/X                              10     20    -10 (VIOLATED)
fanout652/X                              10     20    -10 (VIOLATED)
fanout653/X                              10     20    -10 (VIOLATED)
fanout655/X                              10     20    -10 (VIOLATED)
fanout656/X                              10     20    -10 (VIOLATED)
fanout657/X                              10     20    -10 (VIOLATED)
fanout658/X                              10     20    -10 (VIOLATED)
fanout660/X                              10     20    -10 (VIOLATED)
fanout662/X                              10     20    -10 (VIOLATED)
fanout664/X                              10     20    -10 (VIOLATED)
fanout666/X                              10     20    -10 (VIOLATED)
fanout667/X                              10     20    -10 (VIOLATED)
fanout670/X                              10     20    -10 (VIOLATED)
fanout672/X                              10     20    -10 (VIOLATED)
fanout674/X                              10     20    -10 (VIOLATED)
fanout676/X                              10     20    -10 (VIOLATED)
fanout679/X                              10     20    -10 (VIOLATED)
fanout681/X                              10     20    -10 (VIOLATED)
fanout683/X                              10     20    -10 (VIOLATED)
fanout684/X                              10     20    -10 (VIOLATED)
fanout685/X                              10     20    -10 (VIOLATED)
fanout687/X                              10     20    -10 (VIOLATED)
fanout690/X                              10     20    -10 (VIOLATED)
fanout691/X                              10     20    -10 (VIOLATED)
fanout693/X                              10     20    -10 (VIOLATED)
fanout695/X                              10     20    -10 (VIOLATED)
fanout699/X                              10     20    -10 (VIOLATED)
fanout700/X                              10     20    -10 (VIOLATED)
fanout701/X                              10     20    -10 (VIOLATED)
fanout704/X                              10     20    -10 (VIOLATED)
fanout706/X                              10     20    -10 (VIOLATED)
fanout707/X                              10     20    -10 (VIOLATED)
fanout711/X                              10     20    -10 (VIOLATED)
fanout713/X                              10     20    -10 (VIOLATED)
fanout715/X                              10     20    -10 (VIOLATED)
fanout716/X                              10     20    -10 (VIOLATED)
fanout717/X                              10     20    -10 (VIOLATED)
fanout719/X                              10     20    -10 (VIOLATED)
fanout720/X                              10     20    -10 (VIOLATED)
fanout721/X                              10     20    -10 (VIOLATED)
fanout723/X                              10     20    -10 (VIOLATED)
fanout724/X                              10     20    -10 (VIOLATED)
fanout725/X                              10     20    -10 (VIOLATED)
fanout726/X                              10     20    -10 (VIOLATED)
fanout727/X                              10     20    -10 (VIOLATED)
fanout729/X                              10     20    -10 (VIOLATED)
fanout730/X                              10     20    -10 (VIOLATED)
fanout731/X                              10     20    -10 (VIOLATED)
fanout732/X                              10     20    -10 (VIOLATED)
fanout733/X                              10     20    -10 (VIOLATED)
fanout735/X                              10     20    -10 (VIOLATED)
fanout736/X                              10     20    -10 (VIOLATED)
fanout738/X                              10     20    -10 (VIOLATED)
fanout739/X                              10     20    -10 (VIOLATED)
fanout740/X                              10     20    -10 (VIOLATED)
fanout741/X                              10     20    -10 (VIOLATED)
fanout742/X                              10     20    -10 (VIOLATED)
fanout743/X                              10     20    -10 (VIOLATED)
fanout744/X                              10     20    -10 (VIOLATED)
fanout745/X                              10     20    -10 (VIOLATED)
fanout746/X                              10     20    -10 (VIOLATED)
fanout747/X                              10     20    -10 (VIOLATED)
fanout748/X                              10     20    -10 (VIOLATED)
fanout749/X                              10     20    -10 (VIOLATED)
fanout750/X                              10     20    -10 (VIOLATED)
fanout751/X                              10     20    -10 (VIOLATED)
fanout752/X                              10     20    -10 (VIOLATED)
fanout753/X                              10     20    -10 (VIOLATED)
fanout755/X                              10     20    -10 (VIOLATED)
fanout759/X                              10     20    -10 (VIOLATED)
fanout767/X                              10     20    -10 (VIOLATED)
fanout769/X                              10     20    -10 (VIOLATED)
fanout770/X                              10     20    -10 (VIOLATED)
fanout771/X                              10     20    -10 (VIOLATED)
fanout772/X                              10     20    -10 (VIOLATED)
fanout775/X                              10     20    -10 (VIOLATED)
fanout778/X                              10     20    -10 (VIOLATED)
fanout780/X                              10     20    -10 (VIOLATED)
fanout781/X                              10     20    -10 (VIOLATED)
fanout782/X                              10     20    -10 (VIOLATED)
fanout786/X                              10     20    -10 (VIOLATED)
fanout795/X                              10     20    -10 (VIOLATED)
fanout798/X                              10     20    -10 (VIOLATED)
fanout801/X                              10     20    -10 (VIOLATED)
fanout813/X                              10     20    -10 (VIOLATED)
fanout816/X                              10     20    -10 (VIOLATED)
fanout818/X                              10     20    -10 (VIOLATED)
fanout820/X                              10     20    -10 (VIOLATED)
fanout826/X                              10     20    -10 (VIOLATED)
fanout837/X                              10     20    -10 (VIOLATED)
fanout839/X                              10     20    -10 (VIOLATED)
fanout840/X                              10     20    -10 (VIOLATED)
fanout842/X                              10     20    -10 (VIOLATED)
fanout844/X                              10     20    -10 (VIOLATED)
fanout845/X                              10     20    -10 (VIOLATED)
fanout848/X                              10     20    -10 (VIOLATED)
fanout850/X                              10     20    -10 (VIOLATED)
fanout852/X                              10     20    -10 (VIOLATED)
fanout856/X                              10     20    -10 (VIOLATED)
fanout858/X                              10     20    -10 (VIOLATED)
fanout860/X                              10     20    -10 (VIOLATED)
fanout862/X                              10     20    -10 (VIOLATED)
fanout863/X                              10     20    -10 (VIOLATED)
fanout865/X                              10     20    -10 (VIOLATED)
fanout867/X                              10     20    -10 (VIOLATED)
fanout868/X                              10     20    -10 (VIOLATED)
fanout869/X                              10     20    -10 (VIOLATED)
fanout871/X                              10     20    -10 (VIOLATED)
fanout873/X                              10     20    -10 (VIOLATED)
fanout877/X                              10     20    -10 (VIOLATED)
fanout879/X                              10     20    -10 (VIOLATED)
fanout881/X                              10     20    -10 (VIOLATED)
fanout882/X                              10     20    -10 (VIOLATED)
fanout883/X                              10     20    -10 (VIOLATED)
fanout885/X                              10     20    -10 (VIOLATED)
fanout887/X                              10     20    -10 (VIOLATED)
fanout891/X                              10     20    -10 (VIOLATED)
fanout893/X                              10     20    -10 (VIOLATED)
fanout894/X                              10     20    -10 (VIOLATED)
fanout896/X                              10     20    -10 (VIOLATED)
fanout898/X                              10     20    -10 (VIOLATED)
fanout903/X                              10     20    -10 (VIOLATED)
fanout905/X                              10     20    -10 (VIOLATED)
fanout907/X                              10     20    -10 (VIOLATED)
fanout908/X                              10     20    -10 (VIOLATED)
fanout910/X                              10     20    -10 (VIOLATED)
fanout913/X                              10     20    -10 (VIOLATED)
fanout914/X                              10     20    -10 (VIOLATED)
fanout915/X                              10     20    -10 (VIOLATED)
fanout918/X                              10     20    -10 (VIOLATED)
fanout921/X                              10     20    -10 (VIOLATED)
fanout925/X                              10     20    -10 (VIOLATED)
fanout926/X                              10     20    -10 (VIOLATED)
fanout927/X                              10     20    -10 (VIOLATED)
fanout928/X                              10     20    -10 (VIOLATED)
fanout929/X                              10     20    -10 (VIOLATED)
fanout931/X                              10     20    -10 (VIOLATED)
fanout935/X                              10     20    -10 (VIOLATED)
fanout938/X                              10     20    -10 (VIOLATED)
fanout940/X                              10     20    -10 (VIOLATED)
fanout941/X                              10     20    -10 (VIOLATED)
fanout942/X                              10     20    -10 (VIOLATED)
fanout943/X                              10     20    -10 (VIOLATED)
fanout944/X                              10     20    -10 (VIOLATED)
fanout945/X                              10     20    -10 (VIOLATED)
fanout948/X                              10     20    -10 (VIOLATED)
fanout949/X                              10     20    -10 (VIOLATED)
fanout952/X                              10     20    -10 (VIOLATED)
fanout953/X                              10     20    -10 (VIOLATED)
fanout954/X                              10     20    -10 (VIOLATED)
fanout956/X                              10     20    -10 (VIOLATED)
fanout961/X                              10     20    -10 (VIOLATED)
fanout963/X                              10     20    -10 (VIOLATED)
fanout966/X                              10     20    -10 (VIOLATED)
fanout968/X                              10     20    -10 (VIOLATED)
fanout969/X                              10     20    -10 (VIOLATED)
fanout970/X                              10     20    -10 (VIOLATED)
fanout971/X                              10     20    -10 (VIOLATED)
fanout972/X                              10     20    -10 (VIOLATED)
fanout974/X                              10     20    -10 (VIOLATED)
fanout975/X                              10     20    -10 (VIOLATED)
fanout977/X                              10     20    -10 (VIOLATED)
fanout980/X                              10     20    -10 (VIOLATED)
fanout982/X                              10     20    -10 (VIOLATED)
fanout983/X                              10     20    -10 (VIOLATED)
fanout984/X                              10     20    -10 (VIOLATED)
fanout985/X                              10     20    -10 (VIOLATED)
fanout986/X                              10     20    -10 (VIOLATED)
fanout987/X                              10     20    -10 (VIOLATED)
fanout988/X                              10     20    -10 (VIOLATED)
fanout989/X                              10     20    -10 (VIOLATED)
fanout994/X                              10     20    -10 (VIOLATED)
fanout996/X                              10     20    -10 (VIOLATED)
clkbuf_leaf_96_wb_clk_i/X                10     19     -9 (VIOLATED)
_08075_/Y                                10     18     -8 (VIOLATED)
_08129_/X                                10     18     -8 (VIOLATED)
_08779_/X                                10     18     -8 (VIOLATED)
_08902_/X                                10     18     -8 (VIOLATED)
_09045_/X                                10     18     -8 (VIOLATED)
_09184_/X                                10     18     -8 (VIOLATED)
_09524_/X                                10     18     -8 (VIOLATED)
_09588_/X                                10     18     -8 (VIOLATED)
_09729_/X                                10     18     -8 (VIOLATED)
_09807_/X                                10     18     -8 (VIOLATED)
_10013_/X                                10     18     -8 (VIOLATED)
_10083_/X                                10     18     -8 (VIOLATED)
_10150_/X                                10     18     -8 (VIOLATED)
_10543_/X                                10     18     -8 (VIOLATED)
_11586_/X                                10     18     -8 (VIOLATED)
_14071_/X                                10     18     -8 (VIOLATED)
_14076_/X                                10     18     -8 (VIOLATED)
_14082_/X                                10     18     -8 (VIOLATED)
_14087_/X                                10     18     -8 (VIOLATED)
_14090_/X                                10     18     -8 (VIOLATED)
_14091_/X                                10     18     -8 (VIOLATED)
_14099_/X                                10     18     -8 (VIOLATED)
_14107_/X                                10     18     -8 (VIOLATED)
_14111_/X                                10     18     -8 (VIOLATED)
_14114_/X                                10     18     -8 (VIOLATED)
_14117_/X                                10     18     -8 (VIOLATED)
_16198_/Q                                10     18     -8 (VIOLATED)
_16201_/Q                                10     18     -8 (VIOLATED)
_16204_/Q                                10     18     -8 (VIOLATED)
_16207_/Q                                10     18     -8 (VIOLATED)
_17739_/Q                                10     18     -8 (VIOLATED)
_17799_/Q                                10     18     -8 (VIOLATED)
_17807_/Q                                10     18     -8 (VIOLATED)
_17812_/Q                                10     18     -8 (VIOLATED)
clkbuf_4_11__f_wb_clk_i/X                10     18     -8 (VIOLATED)
clkbuf_4_1__f_wb_clk_i/X                 10     18     -8 (VIOLATED)
clkbuf_4_6__f_wb_clk_i/X                 10     18     -8 (VIOLATED)
clkbuf_4_7__f_wb_clk_i/X                 10     18     -8 (VIOLATED)
clkbuf_leaf_54_wb_clk_i/X                10     18     -8 (VIOLATED)
fanout1007/X                             10     18     -8 (VIOLATED)
fanout1017/X                             10     18     -8 (VIOLATED)
fanout1052/X                             10     18     -8 (VIOLATED)
fanout1091/X                             10     18     -8 (VIOLATED)
fanout1131/X                             10     18     -8 (VIOLATED)
fanout1145/X                             10     18     -8 (VIOLATED)
fanout1260/X                             10     18     -8 (VIOLATED)
fanout1307/X                             10     18     -8 (VIOLATED)
fanout1411/X                             10     18     -8 (VIOLATED)
fanout188/X                              10     18     -8 (VIOLATED)
fanout336/X                              10     18     -8 (VIOLATED)
fanout355/X                              10     18     -8 (VIOLATED)
fanout357/X                              10     18     -8 (VIOLATED)
fanout469/X                              10     18     -8 (VIOLATED)
fanout480/X                              10     18     -8 (VIOLATED)
fanout530/X                              10     18     -8 (VIOLATED)
fanout569/X                              10     18     -8 (VIOLATED)
fanout588/X                              10     18     -8 (VIOLATED)
fanout599/X                              10     18     -8 (VIOLATED)
fanout651/X                              10     18     -8 (VIOLATED)
fanout668/X                              10     18     -8 (VIOLATED)
fanout686/X                              10     18     -8 (VIOLATED)
fanout696/X                              10     18     -8 (VIOLATED)
fanout698/X                              10     18     -8 (VIOLATED)
fanout705/X                              10     18     -8 (VIOLATED)
fanout710/X                              10     18     -8 (VIOLATED)
fanout758/X                              10     18     -8 (VIOLATED)
fanout762/X                              10     18     -8 (VIOLATED)
fanout784/X                              10     18     -8 (VIOLATED)
fanout807/X                              10     18     -8 (VIOLATED)
fanout835/X                              10     18     -8 (VIOLATED)
fanout870/X                              10     18     -8 (VIOLATED)
fanout872/X                              10     18     -8 (VIOLATED)
fanout884/X                              10     18     -8 (VIOLATED)
fanout909/X                              10     18     -8 (VIOLATED)
fanout937/X                              10     18     -8 (VIOLATED)
fanout967/X                              10     18     -8 (VIOLATED)
fanout979/X                              10     18     -8 (VIOLATED)
clkbuf_leaf_24_wb_clk_i/X                10     17     -7 (VIOLATED)
clkbuf_leaf_65_wb_clk_i/X                10     17     -7 (VIOLATED)
fanout962/X                              10     17     -7 (VIOLATED)
_08724_/X                                10     16     -6 (VIOLATED)
_08835_/X                                10     16     -6 (VIOLATED)
_10689_/Y                                10     16     -6 (VIOLATED)
_10691_/X                                10     16     -6 (VIOLATED)
_11587_/Y                                10     16     -6 (VIOLATED)
_14065_/X                                10     16     -6 (VIOLATED)
_14067_/X                                10     16     -6 (VIOLATED)
_14077_/X                                10     16     -6 (VIOLATED)
_14080_/X                                10     16     -6 (VIOLATED)
_14084_/X                                10     16     -6 (VIOLATED)
_14085_/X                                10     16     -6 (VIOLATED)
_14088_/X                                10     16     -6 (VIOLATED)
_14093_/X                                10     16     -6 (VIOLATED)
_14094_/X                                10     16     -6 (VIOLATED)
_14096_/X                                10     16     -6 (VIOLATED)
_14098_/X                                10     16     -6 (VIOLATED)
_14101_/X                                10     16     -6 (VIOLATED)
_14102_/X                                10     16     -6 (VIOLATED)
_14104_/X                                10     16     -6 (VIOLATED)
_14105_/X                                10     16     -6 (VIOLATED)
_14106_/X                                10     16     -6 (VIOLATED)
_14110_/X                                10     16     -6 (VIOLATED)
_14113_/X                                10     16     -6 (VIOLATED)
_14116_/X                                10     16     -6 (VIOLATED)
_14118_/X                                10     16     -6 (VIOLATED)
_14119_/X                                10     16     -6 (VIOLATED)
_16189_/Q                                10     16     -6 (VIOLATED)
_16192_/Q                                10     16     -6 (VIOLATED)
_16195_/Q                                10     16     -6 (VIOLATED)
_16199_/Q                                10     16     -6 (VIOLATED)
_16200_/Q                                10     16     -6 (VIOLATED)
_16202_/Q                                10     16     -6 (VIOLATED)
_16203_/Q                                10     16     -6 (VIOLATED)
_16205_/Q                                10     16     -6 (VIOLATED)
_16206_/Q                                10     16     -6 (VIOLATED)
_16208_/Q                                10     16     -6 (VIOLATED)
_16210_/Q                                10     16     -6 (VIOLATED)
_16213_/Q                                10     16     -6 (VIOLATED)
_17793_/Q                                10     16     -6 (VIOLATED)
_17794_/Q                                10     16     -6 (VIOLATED)
_17795_/Q                                10     16     -6 (VIOLATED)
_17800_/Q                                10     16     -6 (VIOLATED)
_17805_/Q                                10     16     -6 (VIOLATED)
_17809_/Q                                10     16     -6 (VIOLATED)
_17810_/Q                                10     16     -6 (VIOLATED)
_17811_/Q                                10     16     -6 (VIOLATED)
_17815_/Q                                10     16     -6 (VIOLATED)
clkbuf_0_wb_clk_i/X                      10     16     -6 (VIOLATED)
clkbuf_4_14__f_wb_clk_i/X                10     16     -6 (VIOLATED)
clkbuf_4_4__f_wb_clk_i/X                 10     16     -6 (VIOLATED)
clkbuf_4_8__f_wb_clk_i/X                 10     16     -6 (VIOLATED)
clkbuf_leaf_136_wb_clk_i/X               10     16     -6 (VIOLATED)
clkbuf_leaf_28_wb_clk_i/X                10     16     -6 (VIOLATED)
clkbuf_leaf_63_wb_clk_i/X                10     16     -6 (VIOLATED)
fanout1012/X                             10     16     -6 (VIOLATED)
fanout1036/X                             10     16     -6 (VIOLATED)
fanout1060/X                             10     16     -6 (VIOLATED)
fanout1067/X                             10     16     -6 (VIOLATED)
fanout1095/X                             10     16     -6 (VIOLATED)
fanout1123/X                             10     16     -6 (VIOLATED)
fanout1139/X                             10     16     -6 (VIOLATED)
fanout1140/X                             10     16     -6 (VIOLATED)
fanout1179/X                             10     16     -6 (VIOLATED)
fanout1194/X                             10     16     -6 (VIOLATED)
fanout1227/X                             10     16     -6 (VIOLATED)
fanout1235/X                             10     16     -6 (VIOLATED)
fanout1313/X                             10     16     -6 (VIOLATED)
fanout1398/X                             10     16     -6 (VIOLATED)
fanout369/X                              10     16     -6 (VIOLATED)
fanout381/X                              10     16     -6 (VIOLATED)
fanout416/X                              10     16     -6 (VIOLATED)
fanout420/X                              10     16     -6 (VIOLATED)
fanout456/X                              10     16     -6 (VIOLATED)
fanout476/X                              10     16     -6 (VIOLATED)
fanout583/X                              10     16     -6 (VIOLATED)
fanout619/X                              10     16     -6 (VIOLATED)
fanout632/X                              10     16     -6 (VIOLATED)
fanout661/X                              10     16     -6 (VIOLATED)
fanout663/X                              10     16     -6 (VIOLATED)
fanout678/X                              10     16     -6 (VIOLATED)
fanout703/X                              10     16     -6 (VIOLATED)
fanout773/X                              10     16     -6 (VIOLATED)
fanout814/X                              10     16     -6 (VIOLATED)
fanout823/X                              10     16     -6 (VIOLATED)
fanout827/X                              10     16     -6 (VIOLATED)
fanout851/X                              10     16     -6 (VIOLATED)
fanout899/X                              10     16     -6 (VIOLATED)
fanout930/X                              10     16     -6 (VIOLATED)
fanout957/X                              10     16     -6 (VIOLATED)
fanout973/X                              10     16     -6 (VIOLATED)
fanout978/X                              10     16     -6 (VIOLATED)
fanout981/X                              10     16     -6 (VIOLATED)
fanout990/X                              10     16     -6 (VIOLATED)
clkbuf_leaf_112_wb_clk_i/X               10     15     -5 (VIOLATED)
clkbuf_leaf_119_wb_clk_i/X               10     15     -5 (VIOLATED)
clkbuf_leaf_133_wb_clk_i/X               10     15     -5 (VIOLATED)
clkbuf_leaf_49_wb_clk_i/X                10     15     -5 (VIOLATED)
clkbuf_leaf_55_wb_clk_i/X                10     15     -5 (VIOLATED)
clkbuf_leaf_71_wb_clk_i/X                10     15     -5 (VIOLATED)
clkbuf_leaf_86_wb_clk_i/X                10     15     -5 (VIOLATED)
clkbuf_leaf_98_wb_clk_i/X                10     15     -5 (VIOLATED)
_08564_/X                                10     14     -4 (VIOLATED)
_08619_/X                                10     14     -4 (VIOLATED)
_08671_/X                                10     14     -4 (VIOLATED)
_10732_/X                                10     14     -4 (VIOLATED)
_16190_/Q                                10     14     -4 (VIOLATED)
_16191_/Q                                10     14     -4 (VIOLATED)
_16193_/Q                                10     14     -4 (VIOLATED)
_16194_/Q                                10     14     -4 (VIOLATED)
_16196_/Q                                10     14     -4 (VIOLATED)
_16197_/Q                                10     14     -4 (VIOLATED)
_16209_/Q                                10     14     -4 (VIOLATED)
_16211_/Q                                10     14     -4 (VIOLATED)
_16212_/Q                                10     14     -4 (VIOLATED)
_16214_/Q                                10     14     -4 (VIOLATED)
_16215_/Q                                10     14     -4 (VIOLATED)
_16216_/Q                                10     14     -4 (VIOLATED)
_16316_/Q                                10     14     -4 (VIOLATED)
_17729_/Q                                10     14     -4 (VIOLATED)
_17733_/Q                                10     14     -4 (VIOLATED)
_17756_/Q                                10     14     -4 (VIOLATED)
_17796_/Q                                10     14     -4 (VIOLATED)
_17797_/Q                                10     14     -4 (VIOLATED)
_17803_/Q                                10     14     -4 (VIOLATED)
_17806_/Q                                10     14     -4 (VIOLATED)
_17816_/Q                                10     14     -4 (VIOLATED)
_17837_/Q                                10     14     -4 (VIOLATED)
clkbuf_4_12__f_wb_clk_i/X                10     14     -4 (VIOLATED)
clkbuf_leaf_110_wb_clk_i/X               10     14     -4 (VIOLATED)
clkbuf_leaf_111_wb_clk_i/X               10     14     -4 (VIOLATED)
clkbuf_leaf_14_wb_clk_i/X                10     14     -4 (VIOLATED)
clkbuf_leaf_44_wb_clk_i/X                10     14     -4 (VIOLATED)
clkbuf_leaf_58_wb_clk_i/X                10     14     -4 (VIOLATED)
clkbuf_leaf_61_wb_clk_i/X                10     14     -4 (VIOLATED)
clkbuf_leaf_64_wb_clk_i/X                10     14     -4 (VIOLATED)
clkbuf_leaf_99_wb_clk_i/X                10     14     -4 (VIOLATED)
fanout1046/X                             10     14     -4 (VIOLATED)
fanout1076/X                             10     14     -4 (VIOLATED)
fanout1080/X                             10     14     -4 (VIOLATED)
fanout1126/X                             10     14     -4 (VIOLATED)
fanout1128/X                             10     14     -4 (VIOLATED)
fanout1133/X                             10     14     -4 (VIOLATED)
fanout1172/X                             10     14     -4 (VIOLATED)
fanout1176/X                             10     14     -4 (VIOLATED)
fanout1203/X                             10     14     -4 (VIOLATED)
fanout1218/X                             10     14     -4 (VIOLATED)
fanout1240/X                             10     14     -4 (VIOLATED)
fanout1267/X                             10     14     -4 (VIOLATED)
fanout1272/X                             10     14     -4 (VIOLATED)
fanout1284/X                             10     14     -4 (VIOLATED)
fanout1300/X                             10     14     -4 (VIOLATED)
fanout1301/X                             10     14     -4 (VIOLATED)
fanout1379/X                             10     14     -4 (VIOLATED)
fanout1388/X                             10     14     -4 (VIOLATED)
fanout1404/X                             10     14     -4 (VIOLATED)
fanout1414/X                             10     14     -4 (VIOLATED)
fanout237/X                              10     14     -4 (VIOLATED)
fanout281/X                              10     14     -4 (VIOLATED)
fanout289/X                              10     14     -4 (VIOLATED)
fanout317/X                              10     14     -4 (VIOLATED)
fanout325/X                              10     14     -4 (VIOLATED)
fanout341/X                              10     14     -4 (VIOLATED)
fanout356/X                              10     14     -4 (VIOLATED)
fanout361/X                              10     14     -4 (VIOLATED)
fanout370/X                              10     14     -4 (VIOLATED)
fanout372/X                              10     14     -4 (VIOLATED)
fanout382/X                              10     14     -4 (VIOLATED)
fanout386/X                              10     14     -4 (VIOLATED)
fanout388/X                              10     14     -4 (VIOLATED)
fanout392/X                              10     14     -4 (VIOLATED)
fanout402/X                              10     14     -4 (VIOLATED)
fanout404/X                              10     14     -4 (VIOLATED)
fanout410/X                              10     14     -4 (VIOLATED)
fanout412/X                              10     14     -4 (VIOLATED)
fanout418/X                              10     14     -4 (VIOLATED)
fanout422/X                              10     14     -4 (VIOLATED)
fanout430/X                              10     14     -4 (VIOLATED)
fanout434/X                              10     14     -4 (VIOLATED)
fanout436/X                              10     14     -4 (VIOLATED)
fanout442/X                              10     14     -4 (VIOLATED)
fanout444/X                              10     14     -4 (VIOLATED)
fanout448/X                              10     14     -4 (VIOLATED)
fanout454/X                              10     14     -4 (VIOLATED)
fanout458/X                              10     14     -4 (VIOLATED)
fanout478/X                              10     14     -4 (VIOLATED)
fanout524/X                              10     14     -4 (VIOLATED)
fanout580/X                              10     14     -4 (VIOLATED)
fanout621/X                              10     14     -4 (VIOLATED)
fanout623/X                              10     14     -4 (VIOLATED)
fanout636/X                              10     14     -4 (VIOLATED)
fanout665/X                              10     14     -4 (VIOLATED)
fanout688/X                              10     14     -4 (VIOLATED)
fanout694/X                              10     14     -4 (VIOLATED)
fanout712/X                              10     14     -4 (VIOLATED)
fanout714/X                              10     14     -4 (VIOLATED)
fanout728/X                              10     14     -4 (VIOLATED)
fanout737/X                              10     14     -4 (VIOLATED)
fanout764/X                              10     14     -4 (VIOLATED)
fanout777/X                              10     14     -4 (VIOLATED)
fanout836/X                              10     14     -4 (VIOLATED)
fanout847/X                              10     14     -4 (VIOLATED)
fanout859/X                              10     14     -4 (VIOLATED)
fanout866/X                              10     14     -4 (VIOLATED)
fanout919/X                              10     14     -4 (VIOLATED)
fanout955/X                              10     14     -4 (VIOLATED)
fanout998/X                              10     14     -4 (VIOLATED)
clkbuf_leaf_114_wb_clk_i/X               10     13     -3 (VIOLATED)
clkbuf_leaf_139_wb_clk_i/X               10     13     -3 (VIOLATED)
clkbuf_leaf_3_wb_clk_i/X                 10     13     -3 (VIOLATED)
clkbuf_leaf_57_wb_clk_i/X                10     13     -3 (VIOLATED)
clkbuf_leaf_60_wb_clk_i/X                10     13     -3 (VIOLATED)
clkbuf_leaf_62_wb_clk_i/X                10     13     -3 (VIOLATED)
clkbuf_leaf_76_wb_clk_i/X                10     13     -3 (VIOLATED)
clkbuf_leaf_81_wb_clk_i/X                10     13     -3 (VIOLATED)
_10592_/X                                10     12     -2 (VIOLATED)
_10731_/Y                                10     12     -2 (VIOLATED)
_10759_/X                                10     12     -2 (VIOLATED)
_10921_/X                                10     12     -2 (VIOLATED)
_11420_/X                                10     12     -2 (VIOLATED)
_11448_/Y                                10     12     -2 (VIOLATED)
_11482_/Y                                10     12     -2 (VIOLATED)
_13960_/X                                10     12     -2 (VIOLATED)
_13965_/Y                                10     12     -2 (VIOLATED)
_17734_/Q                                10     12     -2 (VIOLATED)
_17735_/Q                                10     12     -2 (VIOLATED)
_17736_/Q                                10     12     -2 (VIOLATED)
_17813_/Q                                10     12     -2 (VIOLATED)
_17838_/Q                                10     12     -2 (VIOLATED)
clkbuf_4_9__f_wb_clk_i/X                 10     12     -2 (VIOLATED)
clkbuf_leaf_100_wb_clk_i/X               10     12     -2 (VIOLATED)
clkbuf_leaf_108_wb_clk_i/X               10     12     -2 (VIOLATED)
clkbuf_leaf_115_wb_clk_i/X               10     12     -2 (VIOLATED)
clkbuf_leaf_20_wb_clk_i/X                10     12     -2 (VIOLATED)
clkbuf_leaf_26_wb_clk_i/X                10     12     -2 (VIOLATED)
clkbuf_leaf_29_wb_clk_i/X                10     12     -2 (VIOLATED)
clkbuf_leaf_38_wb_clk_i/X                10     12     -2 (VIOLATED)
clkbuf_leaf_85_wb_clk_i/X                10     12     -2 (VIOLATED)
clkbuf_leaf_88_wb_clk_i/X                10     12     -2 (VIOLATED)
fanout1004/X                             10     12     -2 (VIOLATED)
fanout1008/X                             10     12     -2 (VIOLATED)
fanout1023/X                             10     12     -2 (VIOLATED)
fanout1078/X                             10     12     -2 (VIOLATED)
fanout1098/X                             10     12     -2 (VIOLATED)
fanout1103/X                             10     12     -2 (VIOLATED)
fanout1105/X                             10     12     -2 (VIOLATED)
fanout1116/X                             10     12     -2 (VIOLATED)
fanout1142/X                             10     12     -2 (VIOLATED)
fanout1185/X                             10     12     -2 (VIOLATED)
fanout1264/X                             10     12     -2 (VIOLATED)
fanout1268/X                             10     12     -2 (VIOLATED)
fanout1276/X                             10     12     -2 (VIOLATED)
fanout1292/X                             10     12     -2 (VIOLATED)
fanout1296/X                             10     12     -2 (VIOLATED)
fanout1302/X                             10     12     -2 (VIOLATED)
fanout1306/X                             10     12     -2 (VIOLATED)
fanout1325/X                             10     12     -2 (VIOLATED)
fanout1327/X                             10     12     -2 (VIOLATED)
fanout1337/X                             10     12     -2 (VIOLATED)
fanout1338/X                             10     12     -2 (VIOLATED)
fanout1349/X                             10     12     -2 (VIOLATED)
fanout1365/X                             10     12     -2 (VIOLATED)
fanout253/X                              10     12     -2 (VIOLATED)
fanout301/X                              10     12     -2 (VIOLATED)
fanout310/X                              10     12     -2 (VIOLATED)
fanout376/X                              10     12     -2 (VIOLATED)
fanout378/X                              10     12     -2 (VIOLATED)
fanout396/X                              10     12     -2 (VIOLATED)
fanout398/X                              10     12     -2 (VIOLATED)
fanout424/X                              10     12     -2 (VIOLATED)
fanout426/X                              10     12     -2 (VIOLATED)
fanout460/X                              10     12     -2 (VIOLATED)
fanout462/X                              10     12     -2 (VIOLATED)
fanout470/X                              10     12     -2 (VIOLATED)
fanout472/X                              10     12     -2 (VIOLATED)
fanout474/X                              10     12     -2 (VIOLATED)
fanout482/X                              10     12     -2 (VIOLATED)
fanout491/X                              10     12     -2 (VIOLATED)
fanout493/X                              10     12     -2 (VIOLATED)
fanout510/X                              10     12     -2 (VIOLATED)
fanout552/X                              10     12     -2 (VIOLATED)
fanout613/X                              10     12     -2 (VIOLATED)
fanout627/X                              10     12     -2 (VIOLATED)
fanout630/X                              10     12     -2 (VIOLATED)
fanout634/X                              10     12     -2 (VIOLATED)
fanout641/X                              10     12     -2 (VIOLATED)
fanout654/X                              10     12     -2 (VIOLATED)
fanout669/X                              10     12     -2 (VIOLATED)
fanout675/X                              10     12     -2 (VIOLATED)
fanout680/X                              10     12     -2 (VIOLATED)
fanout718/X                              10     12     -2 (VIOLATED)
fanout722/X                              10     12     -2 (VIOLATED)
fanout734/X                              10     12     -2 (VIOLATED)
fanout754/X                              10     12     -2 (VIOLATED)
fanout797/X                              10     12     -2 (VIOLATED)
fanout800/X                              10     12     -2 (VIOLATED)
fanout811/X                              10     12     -2 (VIOLATED)
fanout821/X                              10     12     -2 (VIOLATED)
fanout861/X                              10     12     -2 (VIOLATED)
fanout864/X                              10     12     -2 (VIOLATED)
fanout878/X                              10     12     -2 (VIOLATED)
fanout880/X                              10     12     -2 (VIOLATED)
fanout886/X                              10     12     -2 (VIOLATED)
fanout895/X                              10     12     -2 (VIOLATED)
fanout904/X                              10     12     -2 (VIOLATED)
fanout906/X                              10     12     -2 (VIOLATED)
fanout932/X                              10     12     -2 (VIOLATED)
fanout936/X                              10     12     -2 (VIOLATED)
fanout939/X                              10     12     -2 (VIOLATED)
fanout946/X                              10     12     -2 (VIOLATED)
fanout959/X                              10     12     -2 (VIOLATED)
fanout976/X                              10     12     -2 (VIOLATED)
fanout999/X                              10     12     -2 (VIOLATED)
clkbuf_leaf_125_wb_clk_i/X               10     11        (VIOLATED)
clkbuf_leaf_126_wb_clk_i/X               10     11        (VIOLATED)
clkbuf_leaf_143_wb_clk_i/X               10     11        (VIOLATED)
clkbuf_leaf_16_wb_clk_i/X                10     11        (VIOLATED)
clkbuf_leaf_1_wb_clk_i/X                 10     11        (VIOLATED)
clkbuf_leaf_33_wb_clk_i/X                10     11        (VIOLATED)
clkbuf_leaf_43_wb_clk_i/X                10     11        (VIOLATED)
clkbuf_leaf_51_wb_clk_i/X                10     11        (VIOLATED)
clkbuf_leaf_6_wb_clk_i/X                 10     11        (VIOLATED)
clkbuf_leaf_72_wb_clk_i/X                10     11        (VIOLATED)
clkbuf_leaf_95_wb_clk_i/X                10     11        (VIOLATED)
fanout1096/X                             10     11        (VIOLATED)

max capacitance

Pin                                        Limit         Cap       Slack
------------------------------------------------------------------------
fanout726/X                             0.200000    0.247406   -0.047406 (VIOLATED)
fanout926/X                             0.200000    0.243391   -0.043391 (VIOLATED)
fanout739/X                             0.200000    0.228163   -0.028163 (VIOLATED)
fanout706/X                             0.200000    0.221131   -0.021131 (VIOLATED)
fanout730/X                             0.200000    0.219796   -0.019796 (VIOLATED)
fanout741/X                             0.200000    0.207219   -0.007219 (VIOLATED)
fanout690/X                             0.200000    0.206650   -0.006650 (VIOLATED)
fanout663/X                             0.200000    0.202361   -0.002361 (VIOLATED)
fanout724/X                             0.200000    0.201207   -0.001207 (VIOLATED)
fanout645/X                             0.200000    0.200209   -0.000209 (VIOLATED)



===========================================================================
report_parasitic_annotation -report_unannotated
============================================================================
Found 526 unannotated drivers.
 gpio_in[0]
 gpio_in[10]
 gpio_in[11]
 gpio_in[12]
 gpio_in[13]
 gpio_in[14]
 gpio_in[15]
 gpio_in[1]
 gpio_in[20]
 gpio_in[21]
 gpio_in[22]
 gpio_in[23]
 gpio_in[24]
 gpio_in[25]
 gpio_in[26]
 gpio_in[27]
 gpio_in[28]
 gpio_in[29]
 gpio_in[2]
 gpio_in[30]
 gpio_in[31]
 gpio_in[32]
 gpio_in[33]
 gpio_in[34]
 gpio_in[35]
 gpio_in[36]
 gpio_in[37]
 gpio_in[3]
 gpio_in[4]
 gpio_in[5]
 gpio_in[6]
 gpio_in[7]
 gpio_in[8]
 gpio_in[9]
 la_data_in[0]
 la_data_in[100]
 la_data_in[101]
 la_data_in[102]
 la_data_in[103]
 la_data_in[104]
 la_data_in[105]
 la_data_in[106]
 la_data_in[107]
 la_data_in[108]
 la_data_in[109]
 la_data_in[10]
 la_data_in[110]
 la_data_in[111]
 la_data_in[112]
 la_data_in[113]
 la_data_in[114]
 la_data_in[115]
 la_data_in[116]
 la_data_in[117]
 la_data_in[118]
 la_data_in[119]
 la_data_in[11]
 la_data_in[120]
 la_data_in[121]
 la_data_in[122]
 la_data_in[123]
 la_data_in[124]
 la_data_in[125]
 la_data_in[126]
 la_data_in[127]
 la_data_in[12]
 la_data_in[13]
 la_data_in[14]
 la_data_in[15]
 la_data_in[16]
 la_data_in[17]
 la_data_in[18]
 la_data_in[19]
 la_data_in[1]
 la_data_in[20]
 la_data_in[21]
 la_data_in[22]
 la_data_in[23]
 la_data_in[24]
 la_data_in[25]
 la_data_in[26]
 la_data_in[27]
 la_data_in[28]
 la_data_in[29]
 la_data_in[2]
 la_data_in[30]
 la_data_in[31]
 la_data_in[32]
 la_data_in[33]
 la_data_in[34]
 la_data_in[35]
 la_data_in[36]
 la_data_in[37]
 la_data_in[38]
 la_data_in[39]
 la_data_in[3]
 la_data_in[40]
 la_data_in[41]
 la_data_in[42]
 la_data_in[43]
 la_data_in[44]
 la_data_in[45]
 la_data_in[46]
 la_data_in[47]
 la_data_in[48]
 la_data_in[49]
 la_data_in[4]
 la_data_in[50]
 la_data_in[51]
 la_data_in[52]
 la_data_in[53]
 la_data_in[54]
 la_data_in[55]
 la_data_in[56]
 la_data_in[57]
 la_data_in[58]
 la_data_in[59]
 la_data_in[5]
 la_data_in[60]
 la_data_in[61]
 la_data_in[62]
 la_data_in[63]
 la_data_in[64]
 la_data_in[65]
 la_data_in[66]
 la_data_in[67]
 la_data_in[68]
 la_data_in[69]
 la_data_in[6]
 la_data_in[70]
 la_data_in[71]
 la_data_in[72]
 la_data_in[73]
 la_data_in[74]
 la_data_in[75]
 la_data_in[76]
 la_data_in[77]
 la_data_in[78]
 la_data_in[79]
 la_data_in[7]
 la_data_in[80]
 la_data_in[81]
 la_data_in[82]
 la_data_in[83]
 la_data_in[84]
 la_data_in[85]
 la_data_in[86]
 la_data_in[87]
 la_data_in[88]
 la_data_in[89]
 la_data_in[8]
 la_data_in[90]
 la_data_in[91]
 la_data_in[92]
 la_data_in[93]
 la_data_in[94]
 la_data_in[95]
 la_data_in[96]
 la_data_in[97]
 la_data_in[98]
 la_data_in[99]
 la_data_in[9]
 la_oenb[0]
 la_oenb[100]
 la_oenb[101]
 la_oenb[102]
 la_oenb[103]
 la_oenb[104]
 la_oenb[105]
 la_oenb[106]
 la_oenb[107]
 la_oenb[108]
 la_oenb[109]
 la_oenb[10]
 la_oenb[110]
 la_oenb[111]
 la_oenb[112]
 la_oenb[113]
 la_oenb[114]
 la_oenb[115]
 la_oenb[116]
 la_oenb[117]
 la_oenb[118]
 la_oenb[119]
 la_oenb[11]
 la_oenb[120]
 la_oenb[121]
 la_oenb[122]
 la_oenb[123]
 la_oenb[124]
 la_oenb[125]
 la_oenb[126]
 la_oenb[127]
 la_oenb[12]
 la_oenb[13]
 la_oenb[14]
 la_oenb[15]
 la_oenb[16]
 la_oenb[17]
 la_oenb[18]
 la_oenb[19]
 la_oenb[1]
 la_oenb[20]
 la_oenb[21]
 la_oenb[22]
 la_oenb[23]
 la_oenb[24]
 la_oenb[25]
 la_oenb[26]
 la_oenb[27]
 la_oenb[28]
 la_oenb[29]
 la_oenb[2]
 la_oenb[30]
 la_oenb[31]
 la_oenb[32]
 la_oenb[33]
 la_oenb[34]
 la_oenb[35]
 la_oenb[36]
 la_oenb[37]
 la_oenb[38]
 la_oenb[39]
 la_oenb[3]
 la_oenb[40]
 la_oenb[41]
 la_oenb[42]
 la_oenb[43]
 la_oenb[44]
 la_oenb[45]
 la_oenb[46]
 la_oenb[47]
 la_oenb[48]
 la_oenb[49]
 la_oenb[4]
 la_oenb[50]
 la_oenb[51]
 la_oenb[52]
 la_oenb[53]
 la_oenb[54]
 la_oenb[55]
 la_oenb[56]
 la_oenb[57]
 la_oenb[58]
 la_oenb[59]
 la_oenb[5]
 la_oenb[60]
 la_oenb[61]
 la_oenb[62]
 la_oenb[63]
 la_oenb[64]
 la_oenb[65]
 la_oenb[66]
 la_oenb[67]
 la_oenb[68]
 la_oenb[69]
 la_oenb[6]
 la_oenb[70]
 la_oenb[71]
 la_oenb[72]
 la_oenb[73]
 la_oenb[74]
 la_oenb[75]
 la_oenb[76]
 la_oenb[77]
 la_oenb[78]
 la_oenb[79]
 la_oenb[7]
 la_oenb[80]
 la_oenb[81]
 la_oenb[82]
 la_oenb[83]
 la_oenb[84]
 la_oenb[85]
 la_oenb[86]
 la_oenb[87]
 la_oenb[88]
 la_oenb[89]
 la_oenb[8]
 la_oenb[90]
 la_oenb[91]
 la_oenb[92]
 la_oenb[93]
 la_oenb[94]
 la_oenb[95]
 la_oenb[96]
 la_oenb[97]
 la_oenb[98]
 la_oenb[99]
 la_oenb[9]
 wbs_dat_i[10]
 wbs_dat_i[11]
 wbs_dat_i[12]
 wbs_dat_i[13]
 wbs_dat_i[14]
 wbs_dat_i[15]
 wbs_dat_i[16]
 wbs_dat_i[17]
 wbs_dat_i[18]
 wbs_dat_i[19]
 wbs_dat_i[1]
 wbs_dat_i[20]
 wbs_dat_i[21]
 wbs_dat_i[22]
 wbs_dat_i[23]
 wbs_dat_i[24]
 wbs_dat_i[25]
 wbs_dat_i[26]
 wbs_dat_i[27]
 wbs_dat_i[28]
 wbs_dat_i[29]
 wbs_dat_i[2]
 wbs_dat_i[30]
 wbs_dat_i[31]
 wbs_dat_i[3]
 wbs_dat_i[4]
 wbs_dat_i[5]
 wbs_dat_i[6]
 wbs_dat_i[7]
 wbs_dat_i[8]
 wbs_dat_i[9]
 wbs_sel_i[0]
 wbs_sel_i[1]
 wbs_sel_i[2]
 wbs_sel_i[3]
 _18017__1594/LO
 _18018__1595/LO
 _18019__1596/LO
 _18020__1597/LO
 _18021__1598/LO
 _18022__1416/HI
 _18023__1417/HI
 _18024__1418/HI
 _18025__1419/HI
 _18026__1420/HI
 _18027__1421/HI
 _18028__1422/HI
 _18029__1423/HI
 _18030__1424/HI
 _18031__1425/HI
 _18032__1426/HI
 _18033__1599/LO
 _18034__1600/LO
 _18035__1601/LO
 _18036__1602/LO
 _18037__1427/HI
 _18038__1428/HI
 _18039__1429/HI
 _18040__1430/HI
 _18041__1603/LO
 _18042__1604/LO
 _18043__1605/LO
 _18044__1606/LO
 _18045__1607/LO
 _18046__1608/LO
 _18047__1609/LO
 _18048__1610/LO
 _18049__1611/LO
 _18050__1612/LO
 _18051__1613/LO
 _18052__1614/LO
 _18053__1615/LO
 _18054__1616/LO
 _18055__1431/HI
 _18056__1432/HI
 _18057__1433/HI
 _18058__1434/HI
 _18059__1435/HI
 _18062__1436/HI
 _18063__1437/HI
 _18064__1438/HI
 _18065__1439/HI
 _18066__1440/HI
 _18067__1441/HI
 _18068__1442/HI
 _18069__1443/HI
 _18070__1444/HI
 _18071__1445/HI
 _18072__1446/HI
 _18073__1447/HI
 _18074__1448/HI
 _18075__1449/HI
 _18076__1450/HI
 _18077__1451/HI
 _18078__1452/HI
 _18079__1453/HI
 _18080__1454/HI
 _18081__1455/HI
 _18082__1456/HI
 _18083__1457/HI
 _18084__1458/HI
 _18085__1459/HI
 _18086__1460/HI
 _18087__1461/HI
 _18088__1462/HI
 _18089__1463/HI
 _18090__1464/HI
 _18091__1465/HI
 _18092__1466/HI
 _18093__1467/HI
 _18094__1468/HI
 _18095__1469/HI
 _18096__1470/HI
 _18097__1471/HI
 _18098__1472/HI
 _18099__1473/HI
 _18100__1474/HI
 _18101__1475/HI
 _18102__1476/HI
 _18103__1477/HI
 _18104__1478/HI
 _18105__1479/HI
 _18106__1480/HI
 _18107__1481/HI
 _18108__1482/HI
 _18109__1483/HI
 _18110__1484/HI
 _18111__1485/HI
 _18112__1486/HI
 _18113__1487/HI
 _18114__1488/HI
 _18115__1489/HI
 _18116__1490/HI
 _18117__1491/HI
 _18118__1492/HI
 _18119__1493/HI
 _18120__1494/HI
 _18121__1495/HI
 _18122__1496/HI
 _18123__1497/HI
 _18124__1498/HI
 _18125__1499/HI
 _18126__1500/HI
 _18127__1501/HI
 _18128__1502/HI
 _18129__1503/HI
 _18130__1504/HI
 _18131__1505/HI
 _18132__1506/HI
 _18133__1507/HI
 _18134__1508/HI
 _18135__1509/HI
 _18136__1510/HI
 _18137__1511/HI
 _18138__1512/HI
 _18139__1513/HI
 _18140__1514/HI
 _18141__1515/HI
 _18142__1516/HI
 _18143__1517/HI
 _18144__1518/HI
 _18145__1519/HI
 _18146__1520/HI
 _18147__1521/HI
 _18148__1522/HI
 _18149__1523/HI
 _18150__1524/HI
 _18151__1525/HI
 _18152__1526/HI
 _18153__1527/HI
 _18154__1528/HI
 _18155__1529/HI
 _18156__1530/HI
 _18157__1531/HI
 _18158__1532/HI
 _18159__1533/HI
 _18160__1534/HI
 _18161__1535/HI
 _18162__1536/HI
 _18163__1537/HI
 _18164__1538/HI
 _18165__1539/HI
 _18166__1540/HI
 _18167__1541/HI
 _18168__1542/HI
 _18169__1543/HI
 _18170__1544/HI
 _18171__1545/HI
 _18172__1546/HI
 _18173__1547/HI
 _18174__1548/HI
 _18175__1549/HI
 _18176__1550/HI
 _18177__1551/HI
 _18178__1552/HI
 _18179__1553/HI
 _18180__1554/HI
 _18181__1555/HI
 _18182__1556/HI
 _18183__1557/HI
 _18184__1558/HI
 _18185__1559/HI
 _18186__1560/HI
 _18187__1561/HI
 _18188__1562/HI
 _18189__1563/HI
 _18190__1564/HI
 _18191__1565/HI
 _18192__1566/HI
 _18193__1567/HI
 _18194__1568/HI
 _18195__1569/HI
 _18196__1570/HI
 _18197__1571/HI
 _18198__1572/HI
 _18199__1573/HI
 _18200__1574/HI
 _18201__1575/HI
 _18202__1576/HI
 _18203__1577/HI
 _18204__1578/HI
 _18205__1579/HI
 _18206__1580/HI
 _18207__1581/HI
 _18208__1582/HI
 _18209__1583/HI
 _18210__1584/HI
 _18211__1585/HI
 _18215__1586/HI
 _18219__1587/HI
 _18225__1588/HI
 _18228__1589/HI
 _18231__1590/HI
 _18233__1591/HI
 _18235__1592/HI
 _18240__1593/HI
Found 0 partially unannotated drivers.

===========================================================================
max slew violation count 5
max fanout violation count 886
max cap violation count 10
============================================================================

===========================================================================
check_setup -verbose -unconstrained_endpoints -multiple_clock -no_clock -no_input_delay -loops -generated_clocks
===========================================================================
Warning: There are 201 unconstrained endpoints.
  gpio_oeb[0]
  gpio_oeb[10]
  gpio_oeb[11]
  gpio_oeb[12]
  gpio_oeb[13]
  gpio_oeb[14]
  gpio_oeb[15]
  gpio_oeb[16]
  gpio_oeb[17]
  gpio_oeb[18]
  gpio_oeb[19]
  gpio_oeb[1]
  gpio_oeb[20]
  gpio_oeb[21]
  gpio_oeb[22]
  gpio_oeb[23]
  gpio_oeb[24]
  gpio_oeb[25]
  gpio_oeb[26]
  gpio_oeb[27]
  gpio_oeb[28]
  gpio_oeb[29]
  gpio_oeb[2]
  gpio_oeb[30]
  gpio_oeb[31]
  gpio_oeb[32]
  gpio_oeb[33]
  gpio_oeb[34]
  gpio_oeb[35]
  gpio_oeb[36]
  gpio_oeb[37]
  gpio_oeb[3]
  gpio_oeb[4]
  gpio_oeb[5]
  gpio_oeb[6]
  gpio_oeb[7]
  gpio_oeb[8]
  gpio_oeb[9]
  gpio_out[0]
  gpio_out[16]
  gpio_out[17]
  gpio_out[18]
  gpio_out[19]
  gpio_out[1]
  gpio_out[24]
  gpio_out[25]
  gpio_out[26]
  gpio_out[27]
  gpio_out[28]
  gpio_out[29]
  gpio_out[2]
  gpio_out[30]
  gpio_out[31]
  gpio_out[32]
  gpio_out[33]
  gpio_out[34]
  gpio_out[35]
  gpio_out[36]
  gpio_out[37]
  gpio_out[3]
  gpio_out[4]
  gpio_out[7]
  irq[0]
  irq[1]
  irq[2]
  la_data_out[0]
  la_data_out[100]
  la_data_out[101]
  la_data_out[102]
  la_data_out[103]
  la_data_out[104]
  la_data_out[105]
  la_data_out[106]
  la_data_out[107]
  la_data_out[108]
  la_data_out[109]
  la_data_out[10]
  la_data_out[110]
  la_data_out[111]
  la_data_out[112]
  la_data_out[113]
  la_data_out[114]
  la_data_out[115]
  la_data_out[116]
  la_data_out[117]
  la_data_out[118]
  la_data_out[119]
  la_data_out[11]
  la_data_out[120]
  la_data_out[121]
  la_data_out[122]
  la_data_out[123]
  la_data_out[124]
  la_data_out[125]
  la_data_out[126]
  la_data_out[127]
  la_data_out[12]
  la_data_out[13]
  la_data_out[14]
  la_data_out[15]
  la_data_out[16]
  la_data_out[17]
  la_data_out[18]
  la_data_out[19]
  la_data_out[1]
  la_data_out[20]
  la_data_out[21]
  la_data_out[22]
  la_data_out[23]
  la_data_out[24]
  la_data_out[25]
  la_data_out[26]
  la_data_out[27]
  la_data_out[28]
  la_data_out[29]
  la_data_out[2]
  la_data_out[30]
  la_data_out[31]
  la_data_out[32]
  la_data_out[33]
  la_data_out[34]
  la_data_out[35]
  la_data_out[36]
  la_data_out[37]
  la_data_out[38]
  la_data_out[39]
  la_data_out[3]
  la_data_out[40]
  la_data_out[41]
  la_data_out[42]
  la_data_out[43]
  la_data_out[44]
  la_data_out[45]
  la_data_out[46]
  la_data_out[47]
  la_data_out[48]
  la_data_out[49]
  la_data_out[4]
  la_data_out[50]
  la_data_out[51]
  la_data_out[52]
  la_data_out[53]
  la_data_out[54]
  la_data_out[55]
  la_data_out[56]
  la_data_out[57]
  la_data_out[58]
  la_data_out[59]
  la_data_out[5]
  la_data_out[60]
  la_data_out[61]
  la_data_out[62]
  la_data_out[63]
  la_data_out[64]
  la_data_out[65]
  la_data_out[66]
  la_data_out[67]
  la_data_out[68]
  la_data_out[69]
  la_data_out[6]
  la_data_out[70]
  la_data_out[71]
  la_data_out[72]
  la_data_out[73]
  la_data_out[74]
  la_data_out[75]
  la_data_out[76]
  la_data_out[77]
  la_data_out[78]
  la_data_out[79]
  la_data_out[7]
  la_data_out[80]
  la_data_out[81]
  la_data_out[82]
  la_data_out[83]
  la_data_out[84]
  la_data_out[85]
  la_data_out[86]
  la_data_out[87]
  la_data_out[88]
  la_data_out[89]
  la_data_out[8]
  la_data_out[90]
  la_data_out[91]
  la_data_out[92]
  la_data_out[93]
  la_data_out[94]
  la_data_out[95]
  la_data_out[96]
  la_data_out[97]
  la_data_out[98]
  la_data_out[99]
  la_data_out[9]
  wbs_dat_o[14]
  wbs_dat_o[17]
  wbs_dat_o[20]
  wbs_dat_o[22]
  wbs_dat_o[24]
  wbs_dat_o[29]
  wbs_dat_o[4]
  wbs_dat_o[8]
