
===========================================================================
report_checks -unconstrained
===========================================================================
======================= max_ff_n40C_1v95 Corner ===================================

Startpoint: nrst (input port clocked by clk)
Endpoint: _1563_ (recovery check against rising-edge clock clk)
Path Group: asynchronous
Path Type: max

Fanout         Cap        Slew       Delay        Time   Description
---------------------------------------------------------------------------------------------
                                  0.000000    0.000000   clock clk (rise edge)
                                  0.000000    0.000000   clock network delay (propagated)
                                 20.000000   20.000000 ^ input external delay
     2    0.003761    0.017374    0.009800   20.009800 ^ nrst (in)
                                                         nrst (net)
                      0.017376    0.000000   20.009800 ^ input6/A (sky130_fd_sc_hd__buf_1)
     1    0.013819    0.125111    0.112633   20.122435 ^ input6/X (sky130_fd_sc_hd__buf_1)
                                                         net6 (net)
                      0.125132    0.001330   20.123764 ^ _0902_/A (sky130_fd_sc_hd__and2_1)
     5    0.025250    0.188225    0.197943   20.321707 ^ _0902_/X (sky130_fd_sc_hd__and2_1)
                                                         kp.buffertop.nrst (net)
                      0.188241    0.001483   20.323191 ^ fanout125/A (sky130_fd_sc_hd__buf_2)
    13    0.064906    0.236622    0.239469   20.562660 ^ fanout125/X (sky130_fd_sc_hd__buf_2)
                                                         net125 (net)
                      0.236762    0.004775   20.567434 ^ fanout124/A (sky130_fd_sc_hd__buf_2)
    15    0.050654    0.186544    0.209658   20.777092 ^ fanout124/X (sky130_fd_sc_hd__buf_2)
                                                         net124 (net)
                      0.186557    0.001316   20.778408 ^ fanout123/A (sky130_fd_sc_hd__clkbuf_4)
    10    0.055125    0.130101    0.192070   20.970480 ^ fanout123/X (sky130_fd_sc_hd__clkbuf_4)
                                                         net123 (net)
                      0.130212    0.003125   20.973604 ^ fanout122/A (sky130_fd_sc_hd__clkbuf_4)
    10    0.050006    0.118579    0.174788   21.148392 ^ fanout122/X (sky130_fd_sc_hd__clkbuf_4)
                                                         net122 (net)
                      0.118804    0.004217   21.152609 ^ _1563_/RESET_B (sky130_fd_sc_hd__dfrtp_1)
                                             21.152609   data arrival time

                                100.000000  100.000000   clock clk (rise edge)
                                  0.000000  100.000000   clock source latency
     2    0.033928    0.117941    0.081961  100.081955 ^ clk (in)
                                                         clk (net)
                      0.117965    0.000000  100.081955 ^ clkbuf_0_clk/A (sky130_fd_sc_hd__clkbuf_16)
     5    0.036791    0.043613    0.118398  100.200356 ^ clkbuf_0_clk/X (sky130_fd_sc_hd__clkbuf_16)
                                                         clknet_0_clk (net)
                      0.043744    0.001933  100.202286 ^ clkbuf_1_1__f_clk/A (sky130_fd_sc_hd__clkbuf_16)
    25    0.143514    0.120794    0.152284  100.354568 ^ clkbuf_1_1__f_clk/X (sky130_fd_sc_hd__clkbuf_16)
                                                         clknet_1_1__leaf_clk (net)
                      0.121560    0.007724  100.362297 ^ clkbuf_leaf_11_clk/A (sky130_fd_sc_hd__clkbuf_8)
     6    0.032997    0.053566    0.124366  100.486664 ^ clkbuf_leaf_11_clk/X (sky130_fd_sc_hd__clkbuf_8)
                                                         clknet_leaf_11_clk (net)
                      0.053722    0.001990  100.488655 ^ _1563_/CLK (sky130_fd_sc_hd__dfrtp_1)
                                 -0.250000  100.238655   clock uncertainty
                                  0.000000  100.238655   clock reconvergence pessimism
                                  0.130719  100.369370   library recovery time
                                            100.369370   data required time
---------------------------------------------------------------------------------------------
                                            100.369370   data required time
                                            -21.152609   data arrival time
---------------------------------------------------------------------------------------------
                                             79.216766   slack (MET)


Startpoint: _1699_ (rising edge-triggered flip-flop clocked by clk)
Endpoint: gpio_out[24] (output port clocked by clk)
Path Group: clk
Path Type: max

Fanout         Cap        Slew       Delay        Time   Description
---------------------------------------------------------------------------------------------
                                  0.000000    0.000000   clock clk (rise edge)
                                  0.000000    0.000000   clock source latency
     2    0.033928    0.117941    0.081959    0.081959 ^ clk (in)
                                                         clk (net)
                      0.117965    0.000000    0.081959 ^ clkbuf_0_clk/A (sky130_fd_sc_hd__clkbuf_16)
     5    0.036791    0.043613    0.118398    0.200357 ^ clkbuf_0_clk/X (sky130_fd_sc_hd__clkbuf_16)
                                                         clknet_0_clk (net)
                      0.043729    0.001809    0.202166 ^ clkbuf_1_0__f_clk/A (sky130_fd_sc_hd__clkbuf_16)
    31    0.162691    0.135404    0.158699    0.360865 ^ clkbuf_1_0__f_clk/X (sky130_fd_sc_hd__clkbuf_16)
                                                         clknet_1_0__leaf_clk (net)
                      0.138474    0.016080    0.376946 ^ clkbuf_leaf_7_clk/A (sky130_fd_sc_hd__clkbuf_8)
     7    0.043224    0.066272    0.135783    0.512729 ^ clkbuf_leaf_7_clk/X (sky130_fd_sc_hd__clkbuf_8)
                                                         clknet_leaf_7_clk (net)
                      0.066355    0.001330    0.514059 ^ _1699_/CLK (sky130_fd_sc_hd__dfrtp_1)
     5    0.012911    0.058601    0.266215    0.780274 v _1699_/Q (sky130_fd_sc_hd__dfrtp_1)
                                                         sending.cnt_500hz[5] (net)
                      0.058606    0.000618    0.780892 v _0903_/A (sky130_fd_sc_hd__or4_1)
     1    0.004285    0.060131    0.307742    1.088633 v _0903_/X (sky130_fd_sc_hd__or4_1)
                                                         _0532_ (net)
                      0.060131    0.000289    1.088922 v _0904_/A2 (sky130_fd_sc_hd__a211o_1)
     1    0.004066    0.038267    0.192542    1.281464 v _0904_/X (sky130_fd_sc_hd__a211o_1)
                                                         _0533_ (net)
                      0.038267    0.000294    1.281758 v _0905_/A2 (sky130_fd_sc_hd__a21oi_1)
     1    0.002909    0.077675    0.096891    1.378649 ^ _0905_/Y (sky130_fd_sc_hd__a21oi_1)
                                                         sending.lcd_en (net)
                      0.077675    0.000199    1.378848 ^ _1772_/A (sky130_fd_sc_hd__clkbuf_1)
     1    0.006308    0.061596    0.078351    1.457200 ^ _1772_/X (sky130_fd_sc_hd__clkbuf_1)
                                                         net16 (net)
                      0.061625    0.000478    1.457678 ^ output16/A (sky130_fd_sc_hd__clkbuf_4)
     1    0.034856    0.085361    0.134625    1.592303 ^ output16/X (sky130_fd_sc_hd__clkbuf_4)
                                                         gpio_out[24] (net)
                      0.085449    0.001750    1.594053 ^ gpio_out[24] (out)
                                              1.594053   data arrival time

                                100.000000  100.000000   clock clk (rise edge)
                                  0.000000  100.000000   clock network delay (propagated)
                                 -0.250000   99.750000   clock uncertainty
                                  0.000000   99.750000   clock reconvergence pessimism
                                -20.000000   79.750000   output external delay
                                             79.750000   data required time
---------------------------------------------------------------------------------------------
                                             79.750000   data required time
                                             -1.594053   data arrival time
---------------------------------------------------------------------------------------------
                                             78.155945   slack (MET)




===========================================================================
report_checks --slack_max -0.01
============================================================================
======================= max_ff_n40C_1v95 Corner ===================================

No paths found.


===========================================================================
 report_check_types -max_slew -max_cap -max_fanout -violators
============================================================================
======================= max_ff_n40C_1v95 Corner ===================================

max fanout

Pin                                   Limit Fanout  Slack
---------------------------------------------------------
clkbuf_1_0__f_clk/X                      10     31    -21 (VIOLATED)
clkbuf_1_1__f_clk/X                      10     25    -15 (VIOLATED)
_1185_/X                                 10     21    -11 (VIOLATED)
fanout30/X                               10     21    -11 (VIOLATED)
fanout36/X                               10     21    -11 (VIOLATED)
fanout51/X                               10     21    -11 (VIOLATED)
fanout75/X                               10     21    -11 (VIOLATED)
fanout93/X                               10     21    -11 (VIOLATED)
fanout121/X                              10     19     -9 (VIOLATED)
clkbuf_leaf_22_clk/X                     10     18     -8 (VIOLATED)
_1372_/X                                 10     17     -7 (VIOLATED)
_1373_/X                                 10     17     -7 (VIOLATED)
_1374_/X                                 10     17     -7 (VIOLATED)
_1375_/X                                 10     17     -7 (VIOLATED)
_1377_/X                                 10     17     -7 (VIOLATED)
_1378_/X                                 10     17     -7 (VIOLATED)
_1380_/X                                 10     17     -7 (VIOLATED)
_1381_/X                                 10     17     -7 (VIOLATED)
_1383_/X                                 10     17     -7 (VIOLATED)
_1384_/X                                 10     17     -7 (VIOLATED)
_1386_/X                                 10     17     -7 (VIOLATED)
_1387_/X                                 10     17     -7 (VIOLATED)
_1389_/X                                 10     17     -7 (VIOLATED)
fanout37/X                               10     17     -7 (VIOLATED)
clkbuf_leaf_6_clk/X                      10     16     -6 (VIOLATED)
_1382_/X                                 10     15     -5 (VIOLATED)
_1385_/X                                 10     15     -5 (VIOLATED)
_1388_/X                                 10     15     -5 (VIOLATED)
clkbuf_leaf_1_clk/X                      10     15     -5 (VIOLATED)
fanout108/X                              10     15     -5 (VIOLATED)
fanout124/X                              10     15     -5 (VIOLATED)
fanout25/X                               10     15     -5 (VIOLATED)
clkbuf_leaf_2_clk/X                      10     14     -4 (VIOLATED)
clkbuf_leaf_12_clk/X                     10     13     -3 (VIOLATED)
clkbuf_leaf_24_clk/X                     10     13     -3 (VIOLATED)
fanout125/X                              10     13     -3 (VIOLATED)
fanout39/X                               10     13     -3 (VIOLATED)
fanout74/X                               10     13     -3 (VIOLATED)
clkbuf_leaf_16_clk/X                     10     12     -2 (VIOLATED)
clkbuf_leaf_8_clk/X                      10     12     -2 (VIOLATED)
_0734_/Y                                 10     11        (VIOLATED)
clkbuf_leaf_13_clk/X                     10     11        (VIOLATED)
clkbuf_leaf_14_clk/X                     10     11        (VIOLATED)
clkbuf_leaf_15_clk/X                     10     11        (VIOLATED)
clkbuf_leaf_3_clk/X                      10     11        (VIOLATED)
fanout105/X                              10     11        (VIOLATED)
fanout113/X                              10     11        (VIOLATED)
fanout31/X                               10     11        (VIOLATED)
fanout40/X                               10     11        (VIOLATED)
fanout56/X                               10     11        (VIOLATED)
fanout67/X                               10     11        (VIOLATED)
fanout92/X                               10     11        (VIOLATED)



===========================================================================
report_parasitic_annotation -report_unannotated
============================================================================
Found 108 unannotated drivers.
 gpio_in[0]
 gpio_in[10]
 gpio_in[11]
 gpio_in[12]
 gpio_in[13]
 gpio_in[14]
 gpio_in[15]
 gpio_in[16]
 gpio_in[17]
 gpio_in[18]
 gpio_in[19]
 gpio_in[1]
 gpio_in[20]
 gpio_in[21]
 gpio_in[22]
 gpio_in[23]
 gpio_in[24]
 gpio_in[25]
 gpio_in[26]
 gpio_in[27]
 gpio_in[28]
 gpio_in[29]
 gpio_in[2]
 gpio_in[3]
 gpio_in[4]
 gpio_in[5]
 gpio_in[6]
 gpio_in[7]
 gpio_in[8]
 gpio_in[9]
 _1722__161/LO
 _1723__162/LO
 _1724__163/LO
 _1725__164/LO
 _1726__165/LO
 _1727__166/LO
 _1728__167/LO
 _1729__168/LO
 _1730__169/LO
 _1731__170/LO
 _1732__171/LO
 _1733__172/LO
 _1734__173/LO
 _1735__174/LO
 _1736__126/HI
 _1737__127/HI
 _1738__128/HI
 _1739__129/HI
 _1740__130/HI
 _1741__131/HI
 _1742__132/HI
 _1743__133/HI
 _1744__134/HI
 _1745__135/HI
 _1746__136/HI
 _1747__137/HI
 _1748__138/HI
 _1749__139/HI
 _1750__140/HI
 _1751__141/HI
 _1752__175/LO
 _1753__176/LO
 _1754__177/LO
 _1755__178/LO
 _1756__142/HI
 _1757__143/HI
 _1758__144/HI
 _1759__145/HI
 _1760__146/HI
 _1761__147/HI
 _1762__148/HI
 _1763__149/HI
 _1764__150/HI
 _1765__151/HI
 _1766__152/HI
 _1767__153/HI
 _1768__154/HI
 _1769__155/HI
 _1771__156/HI
 _1774__157/HI
 _1775__158/HI
 _1776__159/HI
 _1777__160/HI
 clkload0/Y
 clkload1/Y
 clkload10/Y
 clkload11/Y
 clkload12/Y
 clkload13/Y
 clkload14/Y
 clkload15/Y
 clkload16/Y
 clkload17/Y
 clkload18/Y
 clkload19/Y
 clkload2/Y
 clkload20/Y
 clkload21/X
 clkload22/Y
 clkload23/Y
 clkload24/Y
 clkload3/Y
 clkload4/Y
 clkload5/Y
 clkload6/Y
 clkload7/Y
 clkload8/Y
 clkload9/Y
Found 0 partially unannotated drivers.

===========================================================================
max slew violation count 0
max fanout violation count 52
max cap violation count 0
============================================================================

===========================================================================
check_setup -verbose -unconstrained_endpoints -multiple_clock -no_clock -no_input_delay -loops -generated_clocks
===========================================================================
Warning: There are 53 unconstrained endpoints.
  gpio_oeb[0]
  gpio_oeb[10]
  gpio_oeb[11]
  gpio_oeb[12]
  gpio_oeb[13]
  gpio_oeb[14]
  gpio_oeb[15]
  gpio_oeb[16]
  gpio_oeb[17]
  gpio_oeb[18]
  gpio_oeb[19]
  gpio_oeb[1]
  gpio_oeb[20]
  gpio_oeb[21]
  gpio_oeb[22]
  gpio_oeb[23]
  gpio_oeb[24]
  gpio_oeb[25]
  gpio_oeb[26]
  gpio_oeb[27]
  gpio_oeb[28]
  gpio_oeb[29]
  gpio_oeb[2]
  gpio_oeb[30]
  gpio_oeb[31]
  gpio_oeb[32]
  gpio_oeb[33]
  gpio_oeb[3]
  gpio_oeb[4]
  gpio_oeb[5]
  gpio_oeb[6]
  gpio_oeb[7]
  gpio_oeb[8]
  gpio_oeb[9]
  gpio_out[0]
  gpio_out[10]
  gpio_out[11]
  gpio_out[12]
  gpio_out[13]
  gpio_out[1]
  gpio_out[23]
  gpio_out[2]
  gpio_out[30]
  gpio_out[31]
  gpio_out[32]
  gpio_out[33]
  gpio_out[3]
  gpio_out[4]
  gpio_out[5]
  gpio_out[6]
  gpio_out[7]
  gpio_out[8]
  gpio_out[9]
