
===========================================================================
report_checks -unconstrained
===========================================================================
======================= max_tt_025C_1v80 Corner ===================================

Startpoint: wb_rst_i (input port clocked by wb_clk_i)
Endpoint: _17227_ (recovery check against rising-edge clock wb_clk_i')
Path Group: asynchronous
Path Type: max

Fanout         Cap        Slew       Delay        Time   Description
---------------------------------------------------------------------------------------------
                                  0.000000    0.000000   clock wb_clk_i (rise edge)
                                  0.000000    0.000000   clock network delay (propagated)
                                 20.000000   20.000000 v input external delay
     2    0.003703    0.010710    0.005995   20.005995 v wb_rst_i (in)
                                                         wb_rst_i (net)
                      0.010717    0.000000   20.005995 v input35/A (sky130_fd_sc_hd__clkbuf_4)
     7    0.103454    0.204341    0.255330   20.261326 v input35/X (sky130_fd_sc_hd__clkbuf_4)
                                                         net35 (net)
                      0.204954    0.009349   20.270674 v fanout1194/A (sky130_fd_sc_hd__clkbuf_4)
    11    0.091811    0.181636    0.332934   20.603609 v fanout1194/X (sky130_fd_sc_hd__clkbuf_4)
                                                         net1194 (net)
                      0.181898    0.006111   20.609718 v fanout1193/A (sky130_fd_sc_hd__clkbuf_4)
    15    0.070012    0.143476    0.287699   20.897417 v fanout1193/X (sky130_fd_sc_hd__clkbuf_4)
                                                         net1193 (net)
                      0.143777    0.005558   20.902975 v fanout1190/A (sky130_fd_sc_hd__clkbuf_8)
    21    0.096462    0.110658    0.241748   21.144724 v fanout1190/X (sky130_fd_sc_hd__clkbuf_8)
                                                         net1190 (net)
                      0.117378    0.021048   21.165771 v _14337_/A (sky130_fd_sc_hd__inv_2)
     1    0.004413    0.043231    0.073296   21.239067 ^ _14337_/Y (sky130_fd_sc_hd__inv_2)
                                                         _01481_ (net)
                      0.043231    0.000240   21.239307 ^ _17227_/RESET_B (sky130_fd_sc_hd__dfrtp_4)
                                             21.239307   data arrival time

                                 50.000000   50.000000   clock wb_clk_i' (rise edge)
                                  0.000000   50.000000   clock source latency
     2    0.081979    0.180854    0.134744   50.134743 v wb_clk_i (in)
                                                         wb_clk_i (net)
                      0.181144    0.000000   50.134743 v clkbuf_0_wb_clk_i/A (sky130_fd_sc_hd__clkbuf_16)
    17    0.233428    0.156291    0.303942   50.438683 v clkbuf_0_wb_clk_i/X (sky130_fd_sc_hd__clkbuf_16)
                                                         clknet_0_wb_clk_i (net)
                      0.159676    0.018279   50.456963 v clkbuf_3_3_0_wb_clk_i/A (sky130_fd_sc_hd__clkbuf_8)
     5    0.037743    0.056301    0.213429   50.670391 v clkbuf_3_3_0_wb_clk_i/X (sky130_fd_sc_hd__clkbuf_8)
                                                         clknet_3_3_0_wb_clk_i (net)
                      0.056497    0.002832   50.673225 v clkbuf_4_7__f_wb_clk_i/A (sky130_fd_sc_hd__clkbuf_16)
    21    0.125743    0.093327    0.204807   50.878029 v clkbuf_4_7__f_wb_clk_i/X (sky130_fd_sc_hd__clkbuf_16)
                                                         clknet_4_7__leaf_wb_clk_i (net)
                      0.094435    0.007848   50.885880 v clkbuf_leaf_56_wb_clk_i/A (sky130_fd_sc_hd__clkbuf_8)
     4    0.030301    0.049108    0.177437   51.063316 v clkbuf_leaf_56_wb_clk_i/X (sky130_fd_sc_hd__clkbuf_8)
                                                         clknet_leaf_56_wb_clk_i (net)
                      0.049183    0.001670   51.064983 v _15809__28/A (sky130_fd_sc_hd__inv_2)
     1    0.002403    0.022427    0.040490   51.105476 ^ _15809__28/Y (sky130_fd_sc_hd__inv_2)
                                                         net1433 (net)
                      0.022427    0.000163   51.105637 ^ _17227_/CLK (sky130_fd_sc_hd__dfrtp_4)
                                 -0.250000   50.855637   clock uncertainty
                                  0.000000   50.855637   clock reconvergence pessimism
                                  0.210766   51.066402   library recovery time
                                             51.066402   data required time
---------------------------------------------------------------------------------------------
                                             51.066402   data required time
                                            -21.239307   data arrival time
---------------------------------------------------------------------------------------------
                                             29.827093   slack (MET)


Startpoint: _17143_ (rising edge-triggered flip-flop clocked by wb_clk_i)
Endpoint: _17231_ (rising edge-triggered flip-flop clocked by wb_clk_i')
Path Group: wb_clk_i
Path Type: max

Fanout         Cap        Slew       Delay        Time   Description
---------------------------------------------------------------------------------------------
                                  0.000000    0.000000   clock wb_clk_i (rise edge)
                                  0.000000    0.000000   clock source latency
     2    0.083016    0.376679    0.263139    0.263139 ^ wb_clk_i (in)
                                                         wb_clk_i (net)
                      0.376830    0.000000    0.263139 ^ clkbuf_0_wb_clk_i/A (sky130_fd_sc_hd__clkbuf_16)
    17    0.237655    0.248264    0.365988    0.629127 ^ clkbuf_0_wb_clk_i/X (sky130_fd_sc_hd__clkbuf_16)
                                                         clknet_0_wb_clk_i (net)
                      0.249635    0.015018    0.644145 ^ clkbuf_3_7_0_wb_clk_i/A (sky130_fd_sc_hd__clkbuf_8)
     5    0.037895    0.080760    0.221511    0.865656 ^ clkbuf_3_7_0_wb_clk_i/X (sky130_fd_sc_hd__clkbuf_8)
                                                         clknet_3_7_0_wb_clk_i (net)
                      0.080953    0.003397    0.869053 ^ clkbuf_4_15__f_wb_clk_i/A (sky130_fd_sc_hd__clkbuf_16)
    31    0.161120    0.174181    0.231722    1.100775 ^ clkbuf_4_15__f_wb_clk_i/X (sky130_fd_sc_hd__clkbuf_16)
                                                         clknet_4_15__leaf_wb_clk_i (net)
                      0.178428    0.021525    1.122300 ^ clkbuf_leaf_82_wb_clk_i/A (sky130_fd_sc_hd__clkbuf_8)
     8    0.029222    0.066083    0.189401    1.311701 ^ clkbuf_leaf_82_wb_clk_i/X (sky130_fd_sc_hd__clkbuf_8)
                                                         clknet_leaf_82_wb_clk_i (net)
                      0.066105    0.001128    1.312829 ^ _17143_/CLK (sky130_fd_sc_hd__dfrtp_4)
    10    0.040128    0.108101    0.538480    1.851308 v _17143_/Q (sky130_fd_sc_hd__dfrtp_4)
                                                         team_04_WB.instance_to_wrap.final_design.VGA_data_control.v_count[8] (net)
                      0.108225    0.003345    1.854653 v _07916_/A (sky130_fd_sc_hd__or4_2)
     5    0.019241    0.155930    0.766706    2.621359 v _07916_/X (sky130_fd_sc_hd__or4_2)
                                                         _03530_ (net)
                      0.156026    0.001029    2.622388 v _07921_/A2 (sky130_fd_sc_hd__a221o_2)
    13    0.043054    0.146934    0.540488    3.162876 v _07921_/X (sky130_fd_sc_hd__a221o_2)
                                                         _03535_ (net)
                      0.147352    0.006788    3.169664 v _07935_/B2 (sky130_fd_sc_hd__o221ai_2)
     2    0.011549    0.227801    0.228366    3.398030 ^ _07935_/Y (sky130_fd_sc_hd__o221ai_2)
                                                         _03546_ (net)
                      0.227802    0.001051    3.399081 ^ fanout1024/A (sky130_fd_sc_hd__clkbuf_4)
    21    0.082417    0.249699    0.336979    3.736060 ^ fanout1024/X (sky130_fd_sc_hd__clkbuf_4)
                                                         net1024 (net)
                      0.251234    0.015915    3.751974 ^ _07936_/C (sky130_fd_sc_hd__and3_1)
     7    0.035054    0.343133    0.408017    4.159991 ^ _07936_/X (sky130_fd_sc_hd__and3_1)
                                                         _03547_ (net)
                      0.343250    0.002113    4.162104 ^ fanout1010/A (sky130_fd_sc_hd__buf_2)
    21    0.062771    0.305894    0.368714    4.530818 ^ fanout1010/X (sky130_fd_sc_hd__buf_2)
                                                         net1010 (net)
                      0.306151    0.007367    4.538185 ^ _07946_/A_N (sky130_fd_sc_hd__and2b_1)
     2    0.005655    0.045639    0.236114    4.774299 v _07946_/X (sky130_fd_sc_hd__and2b_1)
                                                         _03557_ (net)
                      0.045639    0.000191    4.774490 v _07948_/B (sky130_fd_sc_hd__nor2_1)
     1    0.016728    0.307310    0.252040    5.026530 ^ _07948_/Y (sky130_fd_sc_hd__nor2_1)
                                                         _03559_ (net)
                      0.307326    0.001836    5.028366 ^ fanout799/A (sky130_fd_sc_hd__buf_4)
    11    0.120284    0.331318    0.378537    5.406903 ^ fanout799/X (sky130_fd_sc_hd__buf_4)
                                                         net799 (net)
                      0.332373    0.015479    5.422382 ^ fanout795/A (sky130_fd_sc_hd__clkbuf_4)
    11    0.080641    0.244052    0.366298    5.788680 ^ fanout795/X (sky130_fd_sc_hd__clkbuf_4)
                                                         net795 (net)
                      0.244075    0.002026    5.790706 ^ fanout794/A (sky130_fd_sc_hd__buf_4)
    21    0.117722    0.325159    0.355195    6.145902 ^ fanout794/X (sky130_fd_sc_hd__buf_4)
                                                         net794 (net)
                      0.329939    0.031663    6.177565 ^ _09658_/S0 (sky130_fd_sc_hd__mux4_1)
     1    0.002904    0.085095    0.593395    6.770959 v _09658_/X (sky130_fd_sc_hd__mux4_1)
                                                         _05269_ (net)
                      0.085095    0.000167    6.771127 v _09664_/A0 (sky130_fd_sc_hd__mux2_1)
     1    0.012519    0.099454    0.350264    7.121390 v _09664_/X (sky130_fd_sc_hd__mux2_1)
                                                         _05275_ (net)
                      0.099464    0.001055    7.122445 v _09665_/A2_N (sky130_fd_sc_hd__o2bb2a_2)
     5    0.071381    0.372910    0.498863    7.621308 ^ _09665_/X (sky130_fd_sc_hd__o2bb2a_2)
                                                         _05276_ (net)
                      0.373569    0.012919    7.634228 ^ fanout625/A (sky130_fd_sc_hd__clkbuf_4)
    21    0.069298    0.210899    0.355645    7.989873 ^ fanout625/X (sky130_fd_sc_hd__clkbuf_4)
                                                         net625 (net)
                      0.211312    0.006778    7.996651 ^ _09998_/A (sky130_fd_sc_hd__or2_1)
     3    0.009661    0.099767    0.179143    8.175794 ^ _09998_/X (sky130_fd_sc_hd__or2_1)
                                                         _05609_ (net)
                      0.099767    0.000428    8.176222 ^ _10000_/A (sky130_fd_sc_hd__nand2_1)
     2    0.007011    0.063972    0.083648    8.259870 v _10000_/Y (sky130_fd_sc_hd__nand2_1)
                                                         _05611_ (net)
                      0.063973    0.000322    8.260192 v _10005_/B1 (sky130_fd_sc_hd__a21o_1)
     3    0.008332    0.057333    0.181263    8.441455 v _10005_/X (sky130_fd_sc_hd__a21o_1)
                                                         _05616_ (net)
                      0.057337    0.000487    8.441941 v _10006_/A2 (sky130_fd_sc_hd__a21oi_1)
     3    0.009976    0.237817    0.241989    8.683930 ^ _10006_/Y (sky130_fd_sc_hd__a21oi_1)
                                                         _05617_ (net)
                      0.237819    0.000546    8.684477 ^ _10007_/A2 (sky130_fd_sc_hd__o21a_1)
     3    0.010347    0.107335    0.191831    8.876307 ^ _10007_/X (sky130_fd_sc_hd__o21a_1)
                                                         _05618_ (net)
                      0.107338    0.000746    8.877054 ^ _10008_/A2 (sky130_fd_sc_hd__o21ai_1)
     3    0.009013    0.086851    0.102450    8.979505 v _10008_/Y (sky130_fd_sc_hd__o21ai_1)
                                                         _05619_ (net)
                      0.086855    0.000502    8.980006 v _10009_/A2 (sky130_fd_sc_hd__a21o_1)
     3    0.010280    0.063675    0.222301    9.202308 v _10009_/X (sky130_fd_sc_hd__a21o_1)
                                                         _05620_ (net)
                      0.063680    0.000639    9.202947 v _10010_/A2 (sky130_fd_sc_hd__a21oi_2)
     3    0.020463    0.265373    0.265120    9.468067 ^ _10010_/Y (sky130_fd_sc_hd__a21oi_2)
                                                         _05621_ (net)
                      0.265395    0.001989    9.470057 ^ _10012_/A2 (sky130_fd_sc_hd__o21a_1)
     2    0.006426    0.074384    0.170921    9.640977 ^ _10012_/X (sky130_fd_sc_hd__o21a_1)
                                                         _05623_ (net)
                      0.074384    0.000370    9.641348 ^ _10013_/B1_N (sky130_fd_sc_hd__o21ba_1)
     2    0.009455    0.064229    0.175984    9.817331 v _10013_/X (sky130_fd_sc_hd__o21ba_1)
                                                         _05624_ (net)
                      0.064237    0.000740    9.818071 v _10014_/A2 (sky130_fd_sc_hd__o21ba_1)
     3    0.008446    0.060253    0.198907   10.016977 v _10014_/X (sky130_fd_sc_hd__o21ba_1)
                                                         _05625_ (net)
                      0.060254    0.000326   10.017303 v _10017_/A2 (sky130_fd_sc_hd__o211a_1)
     2    0.012373    0.079656    0.251794   10.269098 v _10017_/X (sky130_fd_sc_hd__o211a_1)
                                                         _05628_ (net)
                      0.079677    0.001251   10.270350 v _10020_/A3 (sky130_fd_sc_hd__o32ai_4)
     3    0.013409    0.266178    0.267316   10.537665 ^ _10020_/Y (sky130_fd_sc_hd__o32ai_4)
                                                         _05631_ (net)
                      0.266179    0.000771   10.538436 ^ _10023_/A2 (sky130_fd_sc_hd__o211ai_1)
     2    0.005952    0.105303    0.143930   10.682366 v _10023_/Y (sky130_fd_sc_hd__o211ai_1)
                                                         _05634_ (net)
                      0.105303    0.000394   10.682761 v _10025_/A3 (sky130_fd_sc_hd__a31o_1)
     3    0.011217    0.072782    0.274913   10.957674 v _10025_/X (sky130_fd_sc_hd__a31o_1)
                                                         _05636_ (net)
                      0.072791    0.000846   10.958520 v _10026_/A2 (sky130_fd_sc_hd__o21a_1)
     4    0.013326    0.081637    0.221587   11.180107 v _10026_/X (sky130_fd_sc_hd__o21a_1)
                                                         _05637_ (net)
                      0.081651    0.001069   11.181176 v _10028_/A2 (sky130_fd_sc_hd__a211o_1)
     2    0.008067    0.073283    0.329944   11.511121 v _10028_/X (sky130_fd_sc_hd__a211o_1)
                                                         _05639_ (net)
                      0.073283    0.000295   11.511415 v _10029_/B1 (sky130_fd_sc_hd__o21a_1)
     4    0.015546    0.091785    0.164357   11.675773 v _10029_/X (sky130_fd_sc_hd__o21a_1)
                                                         _05640_ (net)
                      0.091800    0.001162   11.676934 v _10031_/A2 (sky130_fd_sc_hd__a211o_1)
     2    0.008159    0.073772    0.334198   12.011133 v _10031_/X (sky130_fd_sc_hd__a211o_1)
                                                         _05642_ (net)
                      0.073774    0.000524   12.011657 v _10032_/B1 (sky130_fd_sc_hd__o21a_1)
     3    0.015340    0.090791    0.163924   12.175581 v _10032_/X (sky130_fd_sc_hd__o21a_1)
                                                         _05643_ (net)
                      0.090801    0.000981   12.176561 v _10034_/A2 (sky130_fd_sc_hd__a211o_1)
     2    0.007021    0.067753    0.327033   12.503594 v _10034_/X (sky130_fd_sc_hd__a211o_1)
                                                         _05645_ (net)
                      0.067755    0.000433   12.504026 v _10035_/B1 (sky130_fd_sc_hd__o21a_1)
     4    0.013445    0.082184    0.154126   12.658154 v _10035_/X (sky130_fd_sc_hd__o21a_1)
                                                         _05646_ (net)
                      0.082190    0.000767   12.658920 v _10037_/A2 (sky130_fd_sc_hd__a211o_1)
     2    0.009102    0.076749    0.336153   12.995074 v _10037_/X (sky130_fd_sc_hd__a211o_1)
                                                         _05648_ (net)
                      0.076752    0.000613   12.995687 v _10038_/B1 (sky130_fd_sc_hd__o21a_1)
     2    0.008457    0.060665    0.139230   13.134916 v _10038_/X (sky130_fd_sc_hd__o21a_1)
                                                         _05649_ (net)
                      0.060667    0.000375   13.135291 v _10039_/A2 (sky130_fd_sc_hd__o21ai_1)
     2    0.011739    0.251546    0.233428   13.368720 ^ _10039_/Y (sky130_fd_sc_hd__o21ai_1)
                                                         _05650_ (net)
                      0.251550    0.000803   13.369523 ^ _10040_/A2 (sky130_fd_sc_hd__a21oi_1)
     3    0.010197    0.105254    0.156417   13.525940 v _10040_/Y (sky130_fd_sc_hd__a21oi_1)
                                                         _05651_ (net)
                      0.105256    0.000669   13.526608 v _10041_/A2 (sky130_fd_sc_hd__o21a_1)
     2    0.010686    0.069827    0.224645   13.751254 v _10041_/X (sky130_fd_sc_hd__o21a_1)
                                                         _05652_ (net)
                      0.069829    0.000556   13.751810 v _10042_/B (sky130_fd_sc_hd__or2_1)
     3    0.009309    0.077410    0.249415   14.001225 v _10042_/X (sky130_fd_sc_hd__or2_1)
                                                         _05653_ (net)
                      0.077413    0.000571   14.001796 v _10043_/A2_N (sky130_fd_sc_hd__o2bb2a_1)
     1    0.003356    0.053096    0.235896   14.237692 ^ _10043_/X (sky130_fd_sc_hd__o2bb2a_1)
                                                         _05654_ (net)
                      0.053097    0.000149   14.237841 ^ _10044_/B1 (sky130_fd_sc_hd__a21o_1)
     3    0.010115    0.096560    0.121435   14.359276 ^ _10044_/X (sky130_fd_sc_hd__a21o_1)
                                                         _05655_ (net)
                      0.096565    0.000775   14.360051 ^ _10046_/A2 (sky130_fd_sc_hd__a21o_1)
     1    0.005864    0.062264    0.137476   14.497527 ^ _10046_/X (sky130_fd_sc_hd__a21o_1)
                                                         _05657_ (net)
                      0.062266    0.000424   14.497951 ^ _10050_/A (sky130_fd_sc_hd__xnor2_1)
     1    0.003770    0.051682    0.073801   14.571753 v _10050_/Y (sky130_fd_sc_hd__xnor2_1)
                                                         _05661_ (net)
                      0.051682    0.000242   14.571995 v _10168_/A2 (sky130_fd_sc_hd__a211o_1)
     1    0.003538    0.051606    0.291832   14.863827 v _10168_/X (sky130_fd_sc_hd__a211o_1)
                                                         _05779_ (net)
                      0.051606    0.000227   14.864055 v _10169_/B2 (sky130_fd_sc_hd__a22o_1)
     1    0.002611    0.039154    0.192345   15.056399 v _10169_/X (sky130_fd_sc_hd__a22o_1)
                                                         _02841_ (net)
                      0.039154    0.000176   15.056575 v _17231_/D (sky130_fd_sc_hd__dfrtp_4)
                                             15.056575   data arrival time

                                 50.000000   50.000000   clock wb_clk_i' (rise edge)
                                  0.000000   50.000000   clock source latency
     2    0.081979    0.180854    0.134744   50.134743 v wb_clk_i (in)
                                                         wb_clk_i (net)
                      0.181144    0.000000   50.134743 v clkbuf_0_wb_clk_i/A (sky130_fd_sc_hd__clkbuf_16)
    17    0.233428    0.156291    0.303942   50.438683 v clkbuf_0_wb_clk_i/X (sky130_fd_sc_hd__clkbuf_16)
                                                         clknet_0_wb_clk_i (net)
                      0.159676    0.018279   50.456963 v clkbuf_3_3_0_wb_clk_i/A (sky130_fd_sc_hd__clkbuf_8)
     5    0.037743    0.056301    0.213429   50.670391 v clkbuf_3_3_0_wb_clk_i/X (sky130_fd_sc_hd__clkbuf_8)
                                                         clknet_3_3_0_wb_clk_i (net)
                      0.056497    0.002832   50.673225 v clkbuf_4_7__f_wb_clk_i/A (sky130_fd_sc_hd__clkbuf_16)
    21    0.125743    0.093327    0.204807   50.878029 v clkbuf_4_7__f_wb_clk_i/X (sky130_fd_sc_hd__clkbuf_16)
                                                         clknet_4_7__leaf_wb_clk_i (net)
                      0.094794    0.009020   50.887051 v clkbuf_leaf_61_wb_clk_i/A (sky130_fd_sc_hd__clkbuf_8)
     3    0.032229    0.050876    0.179181   51.066231 v clkbuf_leaf_61_wb_clk_i/X (sky130_fd_sc_hd__clkbuf_8)
                                                         clknet_leaf_61_wb_clk_i (net)
                      0.050938    0.001567   51.067799 v _15813__32/A (sky130_fd_sc_hd__inv_2)
     1    0.002093    0.021807    0.040131   51.107929 ^ _15813__32/Y (sky130_fd_sc_hd__inv_2)
                                                         net1437 (net)
                      0.021807    0.000096   51.108025 ^ _17231_/CLK (sky130_fd_sc_hd__dfrtp_4)
                                 -0.250000   50.858025   clock uncertainty
                                  0.000000   50.858025   clock reconvergence pessimism
                                 -0.117026   50.740997   library setup time
                                             50.740997   data required time
---------------------------------------------------------------------------------------------
                                             50.740997   data required time
                                            -15.056575   data arrival time
---------------------------------------------------------------------------------------------
                                             35.684425   slack (MET)




===========================================================================
report_checks --slack_max -0.01
============================================================================
======================= max_tt_025C_1v80 Corner ===================================

No paths found.


===========================================================================
 report_check_types -max_slew -max_cap -max_fanout -violators
============================================================================
======================= max_tt_025C_1v80 Corner ===================================

max slew

Pin                                        Limit        Slew       Slack
------------------------------------------------------------------------
_13992_/C                               0.750000    0.813340   -0.063340 (VIOLATED)
ANTENNA__13992__C/DIODE                 0.750000    0.813337   -0.063337 (VIOLATED)
_13995_/A3                              0.750000    0.813336   -0.063336 (VIOLATED)
ANTENNA__13995__A3/DIODE                0.750000    0.813334   -0.063335 (VIOLATED)
_13996_/C                               0.750000    0.813334   -0.063334 (VIOLATED)
ANTENNA__13996__C/DIODE                 0.750000    0.813326   -0.063326 (VIOLATED)
_13990_/C                               0.750000    0.813320   -0.063320 (VIOLATED)
ANTENNA__13990__C/DIODE                 0.750000    0.813319   -0.063319 (VIOLATED)
ANTENNA__13982__Y/DIODE                 0.750000    0.813253   -0.063253 (VIOLATED)
_13982_/Y                               0.750000    0.813248   -0.063248 (VIOLATED)
fanout712/A                             0.750000    0.773194   -0.023194 (VIOLATED)
ANTENNA_fanout712_A/DIODE               0.750000    0.773191   -0.023191 (VIOLATED)
fanout713/A                             0.750000    0.773164   -0.023164 (VIOLATED)
ANTENNA_fanout713_A/DIODE               0.750000    0.773158   -0.023158 (VIOLATED)
fanout715/A                             0.750000    0.773013   -0.023013 (VIOLATED)
ANTENNA_fanout715_A/DIODE               0.750000    0.773012   -0.023012 (VIOLATED)
ANTENNA__08064__Y/DIODE                 0.750000    0.772985   -0.022985 (VIOLATED)
_08064_/Y                               0.750000    0.772937   -0.022937 (VIOLATED)

max fanout

Pin                                   Limit Fanout  Slack
---------------------------------------------------------
clkbuf_4_14__f_wb_clk_i/X                10     31    -21 (VIOLATED)
clkbuf_4_15__f_wb_clk_i/X                10     31    -21 (VIOLATED)
clkbuf_4_8__f_wb_clk_i/X                 10     31    -21 (VIOLATED)
clkbuf_4_2__f_wb_clk_i/X                 10     29    -19 (VIOLATED)
clkbuf_4_4__f_wb_clk_i/X                 10     29    -19 (VIOLATED)
clkbuf_4_5__f_wb_clk_i/X                 10     29    -19 (VIOLATED)
clkbuf_4_10__f_wb_clk_i/X                10     27    -17 (VIOLATED)
clkbuf_4_13__f_wb_clk_i/X                10     27    -17 (VIOLATED)
clkbuf_4_9__f_wb_clk_i/X                 10     27    -17 (VIOLATED)
clkbuf_4_0__f_wb_clk_i/X                 10     25    -15 (VIOLATED)
clkbuf_4_11__f_wb_clk_i/X                10     23    -13 (VIOLATED)
clkbuf_4_1__f_wb_clk_i/X                 10     23    -13 (VIOLATED)
clkbuf_4_3__f_wb_clk_i/X                 10     23    -13 (VIOLATED)
fanout653/X                              10     22    -12 (VIOLATED)
fanout727/X                              10     22    -12 (VIOLATED)
_08010_/Y                                10     21    -11 (VIOLATED)
_08020_/Y                                10     21    -11 (VIOLATED)
_08110_/X                                10     21    -11 (VIOLATED)
_08717_/Y                                10     21    -11 (VIOLATED)
_08946_/Y                                10     21    -11 (VIOLATED)
_09793_/X                                10     21    -11 (VIOLATED)
clkbuf_4_12__f_wb_clk_i/X                10     21    -11 (VIOLATED)
clkbuf_4_6__f_wb_clk_i/X                 10     21    -11 (VIOLATED)
clkbuf_4_7__f_wb_clk_i/X                 10     21    -11 (VIOLATED)
fanout1001/X                             10     21    -11 (VIOLATED)
fanout1002/X                             10     21    -11 (VIOLATED)
fanout1003/X                             10     21    -11 (VIOLATED)
fanout1004/X                             10     21    -11 (VIOLATED)
fanout1006/X                             10     21    -11 (VIOLATED)
fanout1010/X                             10     21    -11 (VIOLATED)
fanout1011/X                             10     21    -11 (VIOLATED)
fanout1012/X                             10     21    -11 (VIOLATED)
fanout1015/X                             10     21    -11 (VIOLATED)
fanout1016/X                             10     21    -11 (VIOLATED)
fanout1019/X                             10     21    -11 (VIOLATED)
fanout1020/X                             10     21    -11 (VIOLATED)
fanout1022/X                             10     21    -11 (VIOLATED)
fanout1024/X                             10     21    -11 (VIOLATED)
fanout1026/X                             10     21    -11 (VIOLATED)
fanout1028/X                             10     21    -11 (VIOLATED)
fanout1030/X                             10     21    -11 (VIOLATED)
fanout1032/X                             10     21    -11 (VIOLATED)
fanout1034/X                             10     21    -11 (VIOLATED)
fanout1039/X                             10     21    -11 (VIOLATED)
fanout1040/X                             10     21    -11 (VIOLATED)
fanout1044/X                             10     21    -11 (VIOLATED)
fanout1045/X                             10     21    -11 (VIOLATED)
fanout1047/X                             10     21    -11 (VIOLATED)
fanout1049/X                             10     21    -11 (VIOLATED)
fanout1051/X                             10     21    -11 (VIOLATED)
fanout1052/X                             10     21    -11 (VIOLATED)
fanout1053/X                             10     21    -11 (VIOLATED)
fanout1055/X                             10     21    -11 (VIOLATED)
fanout1056/X                             10     21    -11 (VIOLATED)
fanout1057/X                             10     21    -11 (VIOLATED)
fanout1059/X                             10     21    -11 (VIOLATED)
fanout1064/X                             10     21    -11 (VIOLATED)
fanout1066/X                             10     21    -11 (VIOLATED)
fanout1071/X                             10     21    -11 (VIOLATED)
fanout1072/X                             10     21    -11 (VIOLATED)
fanout1074/X                             10     21    -11 (VIOLATED)
fanout1076/X                             10     21    -11 (VIOLATED)
fanout1077/X                             10     21    -11 (VIOLATED)
fanout1078/X                             10     21    -11 (VIOLATED)
fanout1079/X                             10     21    -11 (VIOLATED)
fanout1081/X                             10     21    -11 (VIOLATED)
fanout1089/X                             10     21    -11 (VIOLATED)
fanout1090/X                             10     21    -11 (VIOLATED)
fanout1092/X                             10     21    -11 (VIOLATED)
fanout1095/X                             10     21    -11 (VIOLATED)
fanout1096/X                             10     21    -11 (VIOLATED)
fanout1098/X                             10     21    -11 (VIOLATED)
fanout1100/X                             10     21    -11 (VIOLATED)
fanout1101/X                             10     21    -11 (VIOLATED)
fanout1140/X                             10     21    -11 (VIOLATED)
fanout1154/X                             10     21    -11 (VIOLATED)
fanout1165/X                             10     21    -11 (VIOLATED)
fanout1169/X                             10     21    -11 (VIOLATED)
fanout1188/X                             10     21    -11 (VIOLATED)
fanout1190/X                             10     21    -11 (VIOLATED)
fanout1191/X                             10     21    -11 (VIOLATED)
fanout1211/X                             10     21    -11 (VIOLATED)
fanout1213/X                             10     21    -11 (VIOLATED)
fanout1217/X                             10     21    -11 (VIOLATED)
fanout1227/X                             10     21    -11 (VIOLATED)
fanout1235/X                             10     21    -11 (VIOLATED)
fanout1237/X                             10     21    -11 (VIOLATED)
fanout1255/X                             10     21    -11 (VIOLATED)
fanout1258/X                             10     21    -11 (VIOLATED)
fanout1259/X                             10     21    -11 (VIOLATED)
fanout1262/X                             10     21    -11 (VIOLATED)
fanout1263/X                             10     21    -11 (VIOLATED)
fanout1265/X                             10     21    -11 (VIOLATED)
fanout211/X                              10     21    -11 (VIOLATED)
fanout212/X                              10     21    -11 (VIOLATED)
fanout214/X                              10     21    -11 (VIOLATED)
fanout223/X                              10     21    -11 (VIOLATED)
fanout226/X                              10     21    -11 (VIOLATED)
fanout227/X                              10     21    -11 (VIOLATED)
fanout228/X                              10     21    -11 (VIOLATED)
fanout229/X                              10     21    -11 (VIOLATED)
fanout231/X                              10     21    -11 (VIOLATED)
fanout233/X                              10     21    -11 (VIOLATED)
fanout236/X                              10     21    -11 (VIOLATED)
fanout241/X                              10     21    -11 (VIOLATED)
fanout243/X                              10     21    -11 (VIOLATED)
fanout244/X                              10     21    -11 (VIOLATED)
fanout245/X                              10     21    -11 (VIOLATED)
fanout246/X                              10     21    -11 (VIOLATED)
fanout247/X                              10     21    -11 (VIOLATED)
fanout249/X                              10     21    -11 (VIOLATED)
fanout251/X                              10     21    -11 (VIOLATED)
fanout253/X                              10     21    -11 (VIOLATED)
fanout254/X                              10     21    -11 (VIOLATED)
fanout255/X                              10     21    -11 (VIOLATED)
fanout256/X                              10     21    -11 (VIOLATED)
fanout258/X                              10     21    -11 (VIOLATED)
fanout259/X                              10     21    -11 (VIOLATED)
fanout261/X                              10     21    -11 (VIOLATED)
fanout262/X                              10     21    -11 (VIOLATED)
fanout271/X                              10     21    -11 (VIOLATED)
fanout272/X                              10     21    -11 (VIOLATED)
fanout273/X                              10     21    -11 (VIOLATED)
fanout277/X                              10     21    -11 (VIOLATED)
fanout280/X                              10     21    -11 (VIOLATED)
fanout282/X                              10     21    -11 (VIOLATED)
fanout286/X                              10     21    -11 (VIOLATED)
fanout287/X                              10     21    -11 (VIOLATED)
fanout290/X                              10     21    -11 (VIOLATED)
fanout292/X                              10     21    -11 (VIOLATED)
fanout294/X                              10     21    -11 (VIOLATED)
fanout296/X                              10     21    -11 (VIOLATED)
fanout298/X                              10     21    -11 (VIOLATED)
fanout300/X                              10     21    -11 (VIOLATED)
fanout302/X                              10     21    -11 (VIOLATED)
fanout304/X                              10     21    -11 (VIOLATED)
fanout306/X                              10     21    -11 (VIOLATED)
fanout308/X                              10     21    -11 (VIOLATED)
fanout310/X                              10     21    -11 (VIOLATED)
fanout312/X                              10     21    -11 (VIOLATED)
fanout314/X                              10     21    -11 (VIOLATED)
fanout316/X                              10     21    -11 (VIOLATED)
fanout318/X                              10     21    -11 (VIOLATED)
fanout320/X                              10     21    -11 (VIOLATED)
fanout322/X                              10     21    -11 (VIOLATED)
fanout324/X                              10     21    -11 (VIOLATED)
fanout326/X                              10     21    -11 (VIOLATED)
fanout327/X                              10     21    -11 (VIOLATED)
fanout329/X                              10     21    -11 (VIOLATED)
fanout330/X                              10     21    -11 (VIOLATED)
fanout333/X                              10     21    -11 (VIOLATED)
fanout334/X                              10     21    -11 (VIOLATED)
fanout338/X                              10     21    -11 (VIOLATED)
fanout340/X                              10     21    -11 (VIOLATED)
fanout341/X                              10     21    -11 (VIOLATED)
fanout342/X                              10     21    -11 (VIOLATED)
fanout344/X                              10     21    -11 (VIOLATED)
fanout345/X                              10     21    -11 (VIOLATED)
fanout346/X                              10     21    -11 (VIOLATED)
fanout347/X                              10     21    -11 (VIOLATED)
fanout352/X                              10     21    -11 (VIOLATED)
fanout354/X                              10     21    -11 (VIOLATED)
fanout358/X                              10     21    -11 (VIOLATED)
fanout360/X                              10     21    -11 (VIOLATED)
fanout362/X                              10     21    -11 (VIOLATED)
fanout365/X                              10     21    -11 (VIOLATED)
fanout367/X                              10     21    -11 (VIOLATED)
fanout369/X                              10     21    -11 (VIOLATED)
fanout371/X                              10     21    -11 (VIOLATED)
fanout373/X                              10     21    -11 (VIOLATED)
fanout376/X                              10     21    -11 (VIOLATED)
fanout378/X                              10     21    -11 (VIOLATED)
fanout379/X                              10     21    -11 (VIOLATED)
fanout380/X                              10     21    -11 (VIOLATED)
fanout382/X                              10     21    -11 (VIOLATED)
fanout384/X                              10     21    -11 (VIOLATED)
fanout386/X                              10     21    -11 (VIOLATED)
fanout388/X                              10     21    -11 (VIOLATED)
fanout390/X                              10     21    -11 (VIOLATED)
fanout392/X                              10     21    -11 (VIOLATED)
fanout394/X                              10     21    -11 (VIOLATED)
fanout396/X                              10     21    -11 (VIOLATED)
fanout398/X                              10     21    -11 (VIOLATED)
fanout400/X                              10     21    -11 (VIOLATED)
fanout402/X                              10     21    -11 (VIOLATED)
fanout404/X                              10     21    -11 (VIOLATED)
fanout406/X                              10     21    -11 (VIOLATED)
fanout408/X                              10     21    -11 (VIOLATED)
fanout410/X                              10     21    -11 (VIOLATED)
fanout412/X                              10     21    -11 (VIOLATED)
fanout414/X                              10     21    -11 (VIOLATED)
fanout416/X                              10     21    -11 (VIOLATED)
fanout418/X                              10     21    -11 (VIOLATED)
fanout420/X                              10     21    -11 (VIOLATED)
fanout422/X                              10     21    -11 (VIOLATED)
fanout424/X                              10     21    -11 (VIOLATED)
fanout426/X                              10     21    -11 (VIOLATED)
fanout428/X                              10     21    -11 (VIOLATED)
fanout430/X                              10     21    -11 (VIOLATED)
fanout432/X                              10     21    -11 (VIOLATED)
fanout434/X                              10     21    -11 (VIOLATED)
fanout436/X                              10     21    -11 (VIOLATED)
fanout438/X                              10     21    -11 (VIOLATED)
fanout440/X                              10     21    -11 (VIOLATED)
fanout442/X                              10     21    -11 (VIOLATED)
fanout450/X                              10     21    -11 (VIOLATED)
fanout451/X                              10     21    -11 (VIOLATED)
fanout453/X                              10     21    -11 (VIOLATED)
fanout455/X                              10     21    -11 (VIOLATED)
fanout456/X                              10     21    -11 (VIOLATED)
fanout458/X                              10     21    -11 (VIOLATED)
fanout462/X                              10     21    -11 (VIOLATED)
fanout463/X                              10     21    -11 (VIOLATED)
fanout464/X                              10     21    -11 (VIOLATED)
fanout466/X                              10     21    -11 (VIOLATED)
fanout468/X                              10     21    -11 (VIOLATED)
fanout470/X                              10     21    -11 (VIOLATED)
fanout472/X                              10     21    -11 (VIOLATED)
fanout473/X                              10     21    -11 (VIOLATED)
fanout474/X                              10     21    -11 (VIOLATED)
fanout475/X                              10     21    -11 (VIOLATED)
fanout477/X                              10     21    -11 (VIOLATED)
fanout479/X                              10     21    -11 (VIOLATED)
fanout481/X                              10     21    -11 (VIOLATED)
fanout483/X                              10     21    -11 (VIOLATED)
fanout484/X                              10     21    -11 (VIOLATED)
fanout485/X                              10     21    -11 (VIOLATED)
fanout487/X                              10     21    -11 (VIOLATED)
fanout488/X                              10     21    -11 (VIOLATED)
fanout489/X                              10     21    -11 (VIOLATED)
fanout490/X                              10     21    -11 (VIOLATED)
fanout492/X                              10     21    -11 (VIOLATED)
fanout493/X                              10     21    -11 (VIOLATED)
fanout495/X                              10     21    -11 (VIOLATED)
fanout497/X                              10     21    -11 (VIOLATED)
fanout499/X                              10     21    -11 (VIOLATED)
fanout501/X                              10     21    -11 (VIOLATED)
fanout503/X                              10     21    -11 (VIOLATED)
fanout505/X                              10     21    -11 (VIOLATED)
fanout507/X                              10     21    -11 (VIOLATED)
fanout509/X                              10     21    -11 (VIOLATED)
fanout511/X                              10     21    -11 (VIOLATED)
fanout513/X                              10     21    -11 (VIOLATED)
fanout515/X                              10     21    -11 (VIOLATED)
fanout517/X                              10     21    -11 (VIOLATED)
fanout519/X                              10     21    -11 (VIOLATED)
fanout521/X                              10     21    -11 (VIOLATED)
fanout523/X                              10     21    -11 (VIOLATED)
fanout525/X                              10     21    -11 (VIOLATED)
fanout526/X                              10     21    -11 (VIOLATED)
fanout528/X                              10     21    -11 (VIOLATED)
fanout546/X                              10     21    -11 (VIOLATED)
fanout550/X                              10     21    -11 (VIOLATED)
fanout552/X                              10     21    -11 (VIOLATED)
fanout555/X                              10     21    -11 (VIOLATED)
fanout579/X                              10     21    -11 (VIOLATED)
fanout580/X                              10     21    -11 (VIOLATED)
fanout581/X                              10     21    -11 (VIOLATED)
fanout582/X                              10     21    -11 (VIOLATED)
fanout583/X                              10     21    -11 (VIOLATED)
fanout585/X                              10     21    -11 (VIOLATED)
fanout587/X                              10     21    -11 (VIOLATED)
fanout588/X                              10     21    -11 (VIOLATED)
fanout589/X                              10     21    -11 (VIOLATED)
fanout592/X                              10     21    -11 (VIOLATED)
fanout593/X                              10     21    -11 (VIOLATED)
fanout598/X                              10     21    -11 (VIOLATED)
fanout600/X                              10     21    -11 (VIOLATED)
fanout601/X                              10     21    -11 (VIOLATED)
fanout603/X                              10     21    -11 (VIOLATED)
fanout607/X                              10     21    -11 (VIOLATED)
fanout608/X                              10     21    -11 (VIOLATED)
fanout610/X                              10     21    -11 (VIOLATED)
fanout613/X                              10     21    -11 (VIOLATED)
fanout614/X                              10     21    -11 (VIOLATED)
fanout615/X                              10     21    -11 (VIOLATED)
fanout617/X                              10     21    -11 (VIOLATED)
fanout623/X                              10     21    -11 (VIOLATED)
fanout625/X                              10     21    -11 (VIOLATED)
fanout626/X                              10     21    -11 (VIOLATED)
fanout627/X                              10     21    -11 (VIOLATED)
fanout628/X                              10     21    -11 (VIOLATED)
fanout630/X                              10     21    -11 (VIOLATED)
fanout632/X                              10     21    -11 (VIOLATED)
fanout634/X                              10     21    -11 (VIOLATED)
fanout635/X                              10     21    -11 (VIOLATED)
fanout636/X                              10     21    -11 (VIOLATED)
fanout638/X                              10     21    -11 (VIOLATED)
fanout639/X                              10     21    -11 (VIOLATED)
fanout643/X                              10     21    -11 (VIOLATED)
fanout647/X                              10     21    -11 (VIOLATED)
fanout649/X                              10     21    -11 (VIOLATED)
fanout651/X                              10     21    -11 (VIOLATED)
fanout652/X                              10     21    -11 (VIOLATED)
fanout657/X                              10     21    -11 (VIOLATED)
fanout658/X                              10     21    -11 (VIOLATED)
fanout661/X                              10     21    -11 (VIOLATED)
fanout662/X                              10     21    -11 (VIOLATED)
fanout666/X                              10     21    -11 (VIOLATED)
fanout668/X                              10     21    -11 (VIOLATED)
fanout670/X                              10     21    -11 (VIOLATED)
fanout672/X                              10     21    -11 (VIOLATED)
fanout674/X                              10     21    -11 (VIOLATED)
fanout676/X                              10     21    -11 (VIOLATED)
fanout678/X                              10     21    -11 (VIOLATED)
fanout680/X                              10     21    -11 (VIOLATED)
fanout681/X                              10     21    -11 (VIOLATED)
fanout682/X                              10     21    -11 (VIOLATED)
fanout686/X                              10     21    -11 (VIOLATED)
fanout687/X                              10     21    -11 (VIOLATED)
fanout689/X                              10     21    -11 (VIOLATED)
fanout691/X                              10     21    -11 (VIOLATED)
fanout693/X                              10     21    -11 (VIOLATED)
fanout694/X                              10     21    -11 (VIOLATED)
fanout695/X                              10     21    -11 (VIOLATED)
fanout697/X                              10     21    -11 (VIOLATED)
fanout704/X                              10     21    -11 (VIOLATED)
fanout705/X                              10     21    -11 (VIOLATED)
fanout706/X                              10     21    -11 (VIOLATED)
fanout710/X                              10     21    -11 (VIOLATED)
fanout712/X                              10     21    -11 (VIOLATED)
fanout714/X                              10     21    -11 (VIOLATED)
fanout716/X                              10     21    -11 (VIOLATED)
fanout718/X                              10     21    -11 (VIOLATED)
fanout719/X                              10     21    -11 (VIOLATED)
fanout720/X                              10     21    -11 (VIOLATED)
fanout722/X                              10     21    -11 (VIOLATED)
fanout724/X                              10     21    -11 (VIOLATED)
fanout728/X                              10     21    -11 (VIOLATED)
fanout730/X                              10     21    -11 (VIOLATED)
fanout731/X                              10     21    -11 (VIOLATED)
fanout733/X                              10     21    -11 (VIOLATED)
fanout735/X                              10     21    -11 (VIOLATED)
fanout737/X                              10     21    -11 (VIOLATED)
fanout739/X                              10     21    -11 (VIOLATED)
fanout741/X                              10     21    -11 (VIOLATED)
fanout742/X                              10     21    -11 (VIOLATED)
fanout743/X                              10     21    -11 (VIOLATED)
fanout745/X                              10     21    -11 (VIOLATED)
fanout747/X                              10     21    -11 (VIOLATED)
fanout748/X                              10     21    -11 (VIOLATED)
fanout752/X                              10     21    -11 (VIOLATED)
fanout753/X                              10     21    -11 (VIOLATED)
fanout754/X                              10     21    -11 (VIOLATED)
fanout756/X                              10     21    -11 (VIOLATED)
fanout757/X                              10     21    -11 (VIOLATED)
fanout758/X                              10     21    -11 (VIOLATED)
fanout759/X                              10     21    -11 (VIOLATED)
fanout761/X                              10     21    -11 (VIOLATED)
fanout763/X                              10     21    -11 (VIOLATED)
fanout765/X                              10     21    -11 (VIOLATED)
fanout766/X                              10     21    -11 (VIOLATED)
fanout767/X                              10     21    -11 (VIOLATED)
fanout770/X                              10     21    -11 (VIOLATED)
fanout771/X                              10     21    -11 (VIOLATED)
fanout772/X                              10     21    -11 (VIOLATED)
fanout774/X                              10     21    -11 (VIOLATED)
fanout776/X                              10     21    -11 (VIOLATED)
fanout778/X                              10     21    -11 (VIOLATED)
fanout779/X                              10     21    -11 (VIOLATED)
fanout780/X                              10     21    -11 (VIOLATED)
fanout783/X                              10     21    -11 (VIOLATED)
fanout784/X                              10     21    -11 (VIOLATED)
fanout785/X                              10     21    -11 (VIOLATED)
fanout786/X                              10     21    -11 (VIOLATED)
fanout787/X                              10     21    -11 (VIOLATED)
fanout788/X                              10     21    -11 (VIOLATED)
fanout789/X                              10     21    -11 (VIOLATED)
fanout791/X                              10     21    -11 (VIOLATED)
fanout793/X                              10     21    -11 (VIOLATED)
fanout794/X                              10     21    -11 (VIOLATED)
fanout796/X                              10     21    -11 (VIOLATED)
fanout800/X                              10     21    -11 (VIOLATED)
fanout801/X                              10     21    -11 (VIOLATED)
fanout802/X                              10     21    -11 (VIOLATED)
fanout805/X                              10     21    -11 (VIOLATED)
fanout806/X                              10     21    -11 (VIOLATED)
fanout809/X                              10     21    -11 (VIOLATED)
fanout812/X                              10     21    -11 (VIOLATED)
fanout813/X                              10     21    -11 (VIOLATED)
fanout816/X                              10     21    -11 (VIOLATED)
fanout823/X                              10     21    -11 (VIOLATED)
fanout824/X                              10     21    -11 (VIOLATED)
fanout825/X                              10     21    -11 (VIOLATED)
fanout826/X                              10     21    -11 (VIOLATED)
fanout827/X                              10     21    -11 (VIOLATED)
fanout828/X                              10     21    -11 (VIOLATED)
fanout829/X                              10     21    -11 (VIOLATED)
fanout831/X                              10     21    -11 (VIOLATED)
fanout833/X                              10     21    -11 (VIOLATED)
fanout834/X                              10     21    -11 (VIOLATED)
fanout836/X                              10     21    -11 (VIOLATED)
fanout840/X                              10     21    -11 (VIOLATED)
fanout841/X                              10     21    -11 (VIOLATED)
fanout844/X                              10     21    -11 (VIOLATED)
fanout847/X                              10     21    -11 (VIOLATED)
fanout851/X                              10     21    -11 (VIOLATED)
fanout854/X                              10     21    -11 (VIOLATED)
fanout855/X                              10     21    -11 (VIOLATED)
fanout860/X                              10     21    -11 (VIOLATED)
fanout861/X                              10     21    -11 (VIOLATED)
fanout863/X                              10     21    -11 (VIOLATED)
fanout867/X                              10     21    -11 (VIOLATED)
fanout869/X                              10     21    -11 (VIOLATED)
fanout872/X                              10     21    -11 (VIOLATED)
fanout875/X                              10     21    -11 (VIOLATED)
fanout877/X                              10     21    -11 (VIOLATED)
fanout878/X                              10     21    -11 (VIOLATED)
fanout879/X                              10     21    -11 (VIOLATED)
fanout881/X                              10     21    -11 (VIOLATED)
fanout884/X                              10     21    -11 (VIOLATED)
fanout885/X                              10     21    -11 (VIOLATED)
fanout886/X                              10     21    -11 (VIOLATED)
fanout887/X                              10     21    -11 (VIOLATED)
fanout890/X                              10     21    -11 (VIOLATED)
fanout891/X                              10     21    -11 (VIOLATED)
fanout892/X                              10     21    -11 (VIOLATED)
fanout893/X                              10     21    -11 (VIOLATED)
fanout896/X                              10     21    -11 (VIOLATED)
fanout897/X                              10     21    -11 (VIOLATED)
fanout898/X                              10     21    -11 (VIOLATED)
fanout900/X                              10     21    -11 (VIOLATED)
fanout901/X                              10     21    -11 (VIOLATED)
fanout902/X                              10     21    -11 (VIOLATED)
fanout905/X                              10     21    -11 (VIOLATED)
fanout907/X                              10     21    -11 (VIOLATED)
fanout908/X                              10     21    -11 (VIOLATED)
fanout911/X                              10     21    -11 (VIOLATED)
fanout914/X                              10     21    -11 (VIOLATED)
fanout916/X                              10     21    -11 (VIOLATED)
fanout917/X                              10     21    -11 (VIOLATED)
fanout918/X                              10     21    -11 (VIOLATED)
fanout921/X                              10     21    -11 (VIOLATED)
fanout922/X                              10     21    -11 (VIOLATED)
fanout934/X                              10     21    -11 (VIOLATED)
fanout935/X                              10     21    -11 (VIOLATED)
fanout936/X                              10     21    -11 (VIOLATED)
fanout938/X                              10     21    -11 (VIOLATED)
fanout942/X                              10     21    -11 (VIOLATED)
fanout943/X                              10     21    -11 (VIOLATED)
fanout944/X                              10     21    -11 (VIOLATED)
fanout945/X                              10     21    -11 (VIOLATED)
fanout946/X                              10     21    -11 (VIOLATED)
fanout948/X                              10     21    -11 (VIOLATED)
fanout951/X                              10     21    -11 (VIOLATED)
fanout952/X                              10     21    -11 (VIOLATED)
fanout953/X                              10     21    -11 (VIOLATED)
fanout954/X                              10     21    -11 (VIOLATED)
fanout957/X                              10     21    -11 (VIOLATED)
fanout958/X                              10     21    -11 (VIOLATED)
fanout959/X                              10     21    -11 (VIOLATED)
fanout960/X                              10     21    -11 (VIOLATED)
fanout963/X                              10     21    -11 (VIOLATED)
fanout964/X                              10     21    -11 (VIOLATED)
fanout965/X                              10     21    -11 (VIOLATED)
fanout966/X                              10     21    -11 (VIOLATED)
fanout967/X                              10     21    -11 (VIOLATED)
fanout969/X                              10     21    -11 (VIOLATED)
fanout977/X                              10     21    -11 (VIOLATED)
fanout979/X                              10     21    -11 (VIOLATED)
fanout980/X                              10     21    -11 (VIOLATED)
fanout984/X                              10     21    -11 (VIOLATED)
fanout986/X                              10     21    -11 (VIOLATED)
fanout987/X                              10     21    -11 (VIOLATED)
fanout989/X                              10     21    -11 (VIOLATED)
fanout991/X                              10     21    -11 (VIOLATED)
fanout992/X                              10     21    -11 (VIOLATED)
fanout994/X                              10     21    -11 (VIOLATED)
fanout995/X                              10     21    -11 (VIOLATED)
fanout999/X                              10     21    -11 (VIOLATED)
wire642/X                                10     21    -11 (VIOLATED)
wire644/X                                10     21    -11 (VIOLATED)
_08033_/X                                10     19     -9 (VIOLATED)
_09113_/Y                                10     19     -9 (VIOLATED)
_09171_/X                                10     19     -9 (VIOLATED)
_09725_/X                                10     19     -9 (VIOLATED)
_09853_/Y                                10     19     -9 (VIOLATED)
_09862_/X                                10     19     -9 (VIOLATED)
_10759_/X                                10     19     -9 (VIOLATED)
_10762_/Y                                10     19     -9 (VIOLATED)
_10783_/X                                10     19     -9 (VIOLATED)
fanout1054/X                             10     19     -9 (VIOLATED)
fanout1058/X                             10     19     -9 (VIOLATED)
fanout1102/X                             10     19     -9 (VIOLATED)
fanout1186/X                             10     19     -9 (VIOLATED)
fanout1212/X                             10     19     -9 (VIOLATED)
fanout266/X                              10     19     -9 (VIOLATED)
fanout279/X                              10     19     -9 (VIOLATED)
fanout343/X                              10     19     -9 (VIOLATED)
fanout361/X                              10     19     -9 (VIOLATED)
fanout372/X                              10     19     -9 (VIOLATED)
fanout374/X                              10     19     -9 (VIOLATED)
fanout377/X                              10     19     -9 (VIOLATED)
fanout446/X                              10     19     -9 (VIOLATED)
fanout448/X                              10     19     -9 (VIOLATED)
fanout469/X                              10     19     -9 (VIOLATED)
fanout504/X                              10     19     -9 (VIOLATED)
fanout508/X                              10     19     -9 (VIOLATED)
fanout512/X                              10     19     -9 (VIOLATED)
fanout522/X                              10     19     -9 (VIOLATED)
fanout524/X                              10     19     -9 (VIOLATED)
fanout602/X                              10     19     -9 (VIOLATED)
fanout605/X                              10     19     -9 (VIOLATED)
fanout611/X                              10     19     -9 (VIOLATED)
fanout619/X                              10     19     -9 (VIOLATED)
fanout624/X                              10     19     -9 (VIOLATED)
fanout650/X                              10     19     -9 (VIOLATED)
fanout655/X                              10     19     -9 (VIOLATED)
fanout659/X                              10     19     -9 (VIOLATED)
fanout677/X                              10     19     -9 (VIOLATED)
fanout703/X                              10     19     -9 (VIOLATED)
fanout717/X                              10     19     -9 (VIOLATED)
fanout726/X                              10     19     -9 (VIOLATED)
fanout734/X                              10     19     -9 (VIOLATED)
fanout775/X                              10     19     -9 (VIOLATED)
fanout803/X                              10     19     -9 (VIOLATED)
fanout837/X                              10     19     -9 (VIOLATED)
fanout852/X                              10     19     -9 (VIOLATED)
fanout876/X                              10     19     -9 (VIOLATED)
fanout882/X                              10     19     -9 (VIOLATED)
fanout931/X                              10     19     -9 (VIOLATED)
fanout968/X                              10     19     -9 (VIOLATED)
fanout976/X                              10     19     -9 (VIOLATED)
fanout983/X                              10     19     -9 (VIOLATED)
_08024_/X                                10     17     -7 (VIOLATED)
_08029_/X                                10     17     -7 (VIOLATED)
_08113_/X                                10     17     -7 (VIOLATED)
_08114_/X                                10     17     -7 (VIOLATED)
_08115_/X                                10     17     -7 (VIOLATED)
_08281_/X                                10     17     -7 (VIOLATED)
_08829_/X                                10     17     -7 (VIOLATED)
_10636_/Y                                10     17     -7 (VIOLATED)
_10683_/X                                10     17     -7 (VIOLATED)
_10696_/Y                                10     17     -7 (VIOLATED)
_10718_/X                                10     17     -7 (VIOLATED)
_10768_/X                                10     17     -7 (VIOLATED)
_11933_/X                                10     17     -7 (VIOLATED)
_11937_/X                                10     17     -7 (VIOLATED)
_13194_/Y                                10     17     -7 (VIOLATED)
_13207_/X                                10     17     -7 (VIOLATED)
_13242_/X                                10     17     -7 (VIOLATED)
_13852_/Y                                10     17     -7 (VIOLATED)
_16000_/Q                                10     17     -7 (VIOLATED)
_16003_/Q                                10     17     -7 (VIOLATED)
_16005_/Q                                10     17     -7 (VIOLATED)
clkbuf_0_wb_clk_i/X                      10     17     -7 (VIOLATED)
fanout1014/X                             10     17     -7 (VIOLATED)
fanout1018/X                             10     17     -7 (VIOLATED)
fanout1264/X                             10     17     -7 (VIOLATED)
fanout281/X                              10     17     -7 (VIOLATED)
fanout291/X                              10     17     -7 (VIOLATED)
fanout353/X                              10     17     -7 (VIOLATED)
fanout413/X                              10     17     -7 (VIOLATED)
fanout417/X                              10     17     -7 (VIOLATED)
fanout443/X                              10     17     -7 (VIOLATED)
fanout452/X                              10     17     -7 (VIOLATED)
fanout465/X                              10     17     -7 (VIOLATED)
fanout480/X                              10     17     -7 (VIOLATED)
fanout482/X                              10     17     -7 (VIOLATED)
fanout496/X                              10     17     -7 (VIOLATED)
fanout500/X                              10     17     -7 (VIOLATED)
fanout565/X                              10     17     -7 (VIOLATED)
fanout663/X                              10     17     -7 (VIOLATED)
fanout684/X                              10     17     -7 (VIOLATED)
fanout690/X                              10     17     -7 (VIOLATED)
fanout744/X                              10     17     -7 (VIOLATED)
fanout755/X                              10     17     -7 (VIOLATED)
fanout768/X                              10     17     -7 (VIOLATED)
fanout781/X                              10     17     -7 (VIOLATED)
fanout810/X                              10     17     -7 (VIOLATED)
fanout993/X                              10     17     -7 (VIOLATED)
max_cap591/X                             10     17     -7 (VIOLATED)
fanout683/X                              10     16     -6 (VIOLATED)
_08225_/X                                10     15     -5 (VIOLATED)
_08280_/Y                                10     15     -5 (VIOLATED)
_09001_/Y                                10     15     -5 (VIOLATED)
_10780_/X                                10     15     -5 (VIOLATED)
_11986_/X                                10     15     -5 (VIOLATED)
_11987_/X                                10     15     -5 (VIOLATED)
_13200_/Y                                10     15     -5 (VIOLATED)
_14112_/X                                10     15     -5 (VIOLATED)
_14113_/X                                10     15     -5 (VIOLATED)
_15849_/Q                                10     15     -5 (VIOLATED)
_15866_/Q                                10     15     -5 (VIOLATED)
_15952_/Q                                10     15     -5 (VIOLATED)
_15999_/Q                                10     15     -5 (VIOLATED)
_16001_/Q                                10     15     -5 (VIOLATED)
_16002_/Q                                10     15     -5 (VIOLATED)
_16004_/Q                                10     15     -5 (VIOLATED)
_16010_/Q                                10     15     -5 (VIOLATED)
_16023_/Q                                10     15     -5 (VIOLATED)
fanout1035/X                             10     15     -5 (VIOLATED)
fanout1050/X                             10     15     -5 (VIOLATED)
fanout1070/X                             10     15     -5 (VIOLATED)
fanout1084/X                             10     15     -5 (VIOLATED)
fanout1091/X                             10     15     -5 (VIOLATED)
fanout1166/X                             10     15     -5 (VIOLATED)
fanout1187/X                             10     15     -5 (VIOLATED)
fanout1193/X                             10     15     -5 (VIOLATED)
fanout1220/X                             10     15     -5 (VIOLATED)
fanout1252/X                             10     15     -5 (VIOLATED)
fanout1279/X                             10     15     -5 (VIOLATED)
fanout1288/X                             10     15     -5 (VIOLATED)
fanout1297/X                             10     15     -5 (VIOLATED)
fanout274/X                              10     15     -5 (VIOLATED)
fanout283/X                              10     15     -5 (VIOLATED)
fanout297/X                              10     15     -5 (VIOLATED)
fanout301/X                              10     15     -5 (VIOLATED)
fanout303/X                              10     15     -5 (VIOLATED)
fanout305/X                              10     15     -5 (VIOLATED)
fanout307/X                              10     15     -5 (VIOLATED)
fanout309/X                              10     15     -5 (VIOLATED)
fanout311/X                              10     15     -5 (VIOLATED)
fanout317/X                              10     15     -5 (VIOLATED)
fanout319/X                              10     15     -5 (VIOLATED)
fanout321/X                              10     15     -5 (VIOLATED)
fanout325/X                              10     15     -5 (VIOLATED)
fanout328/X                              10     15     -5 (VIOLATED)
fanout331/X                              10     15     -5 (VIOLATED)
fanout350/X                              10     15     -5 (VIOLATED)
fanout387/X                              10     15     -5 (VIOLATED)
fanout389/X                              10     15     -5 (VIOLATED)
fanout393/X                              10     15     -5 (VIOLATED)
fanout401/X                              10     15     -5 (VIOLATED)
fanout405/X                              10     15     -5 (VIOLATED)
fanout409/X                              10     15     -5 (VIOLATED)
fanout415/X                              10     15     -5 (VIOLATED)
fanout419/X                              10     15     -5 (VIOLATED)
fanout427/X                              10     15     -5 (VIOLATED)
fanout429/X                              10     15     -5 (VIOLATED)
fanout433/X                              10     15     -5 (VIOLATED)
fanout459/X                              10     15     -5 (VIOLATED)
fanout460/X                              10     15     -5 (VIOLATED)
fanout476/X                              10     15     -5 (VIOLATED)
fanout486/X                              10     15     -5 (VIOLATED)
fanout494/X                              10     15     -5 (VIOLATED)
fanout516/X                              10     15     -5 (VIOLATED)
fanout520/X                              10     15     -5 (VIOLATED)
fanout527/X                              10     15     -5 (VIOLATED)
fanout545/X                              10     15     -5 (VIOLATED)
fanout599/X                              10     15     -5 (VIOLATED)
fanout604/X                              10     15     -5 (VIOLATED)
fanout654/X                              10     15     -5 (VIOLATED)
fanout688/X                              10     15     -5 (VIOLATED)
fanout707/X                              10     15     -5 (VIOLATED)
fanout708/X                              10     15     -5 (VIOLATED)
fanout715/X                              10     15     -5 (VIOLATED)
fanout721/X                              10     15     -5 (VIOLATED)
fanout725/X                              10     15     -5 (VIOLATED)
fanout738/X                              10     15     -5 (VIOLATED)
fanout764/X                              10     15     -5 (VIOLATED)
fanout773/X                              10     15     -5 (VIOLATED)
fanout792/X                              10     15     -5 (VIOLATED)
fanout814/X                              10     15     -5 (VIOLATED)
fanout870/X                              10     15     -5 (VIOLATED)
fanout871/X                              10     15     -5 (VIOLATED)
fanout873/X                              10     15     -5 (VIOLATED)
fanout883/X                              10     15     -5 (VIOLATED)
fanout894/X                              10     15     -5 (VIOLATED)
fanout939/X                              10     15     -5 (VIOLATED)
fanout941/X                              10     15     -5 (VIOLATED)
fanout949/X                              10     15     -5 (VIOLATED)
fanout950/X                              10     15     -5 (VIOLATED)
fanout961/X                              10     15     -5 (VIOLATED)
max_cap711/X                             10     15     -5 (VIOLATED)
clkbuf_leaf_129_wb_clk_i/X               10     14     -4 (VIOLATED)
fanout648/X                              10     14     -4 (VIOLATED)
_07921_/X                                10     13     -3 (VIOLATED)
_08045_/Y                                10     13     -3 (VIOLATED)
_08117_/Y                                10     13     -3 (VIOLATED)
_08172_/Y                                10     13     -3 (VIOLATED)
_08283_/X                                10     13     -3 (VIOLATED)
_08391_/X                                10     13     -3 (VIOLATED)
_08776_/Y                                10     13     -3 (VIOLATED)
_09729_/X                                10     13     -3 (VIOLATED)
_09852_/X                                10     13     -3 (VIOLATED)
_09855_/X                                10     13     -3 (VIOLATED)
_10802_/X                                10     13     -3 (VIOLATED)
_11459_/Y                                10     13     -3 (VIOLATED)
_15850_/Q                                10     13     -3 (VIOLATED)
_15853_/Q                                10     13     -3 (VIOLATED)
_15855_/Q                                10     13     -3 (VIOLATED)
_15862_/Q                                10     13     -3 (VIOLATED)
_15863_/Q                                10     13     -3 (VIOLATED)
_15864_/Q                                10     13     -3 (VIOLATED)
_15865_/Q                                10     13     -3 (VIOLATED)
_15867_/Q                                10     13     -3 (VIOLATED)
_15868_/Q                                10     13     -3 (VIOLATED)
_15869_/Q                                10     13     -3 (VIOLATED)
_15870_/Q                                10     13     -3 (VIOLATED)
_15953_/Q                                10     13     -3 (VIOLATED)
_16021_/Q                                10     13     -3 (VIOLATED)
clkbuf_leaf_116_wb_clk_i/X               10     13     -3 (VIOLATED)
clkbuf_leaf_17_wb_clk_i/X                10     13     -3 (VIOLATED)
clkbuf_leaf_3_wb_clk_i/X                 10     13     -3 (VIOLATED)
clkbuf_leaf_42_wb_clk_i/X                10     13     -3 (VIOLATED)
clkbuf_leaf_43_wb_clk_i/X                10     13     -3 (VIOLATED)
clkbuf_leaf_52_wb_clk_i/X                10     13     -3 (VIOLATED)
fanout1005/X                             10     13     -3 (VIOLATED)
fanout1042/X                             10     13     -3 (VIOLATED)
fanout1046/X                             10     13     -3 (VIOLATED)
fanout1065/X                             10     13     -3 (VIOLATED)
fanout1068/X                             10     13     -3 (VIOLATED)
fanout1253/X                             10     13     -3 (VIOLATED)
fanout1257/X                             10     13     -3 (VIOLATED)
fanout220/X                              10     13     -3 (VIOLATED)
fanout222/X                              10     13     -3 (VIOLATED)
fanout232/X                              10     13     -3 (VIOLATED)
fanout263/X                              10     13     -3 (VIOLATED)
fanout293/X                              10     13     -3 (VIOLATED)
fanout295/X                              10     13     -3 (VIOLATED)
fanout299/X                              10     13     -3 (VIOLATED)
fanout313/X                              10     13     -3 (VIOLATED)
fanout315/X                              10     13     -3 (VIOLATED)
fanout323/X                              10     13     -3 (VIOLATED)
fanout336/X                              10     13     -3 (VIOLATED)
fanout339/X                              10     13     -3 (VIOLATED)
fanout348/X                              10     13     -3 (VIOLATED)
fanout349/X                              10     13     -3 (VIOLATED)
fanout355/X                              10     13     -3 (VIOLATED)
fanout359/X                              10     13     -3 (VIOLATED)
fanout383/X                              10     13     -3 (VIOLATED)
fanout385/X                              10     13     -3 (VIOLATED)
fanout397/X                              10     13     -3 (VIOLATED)
fanout399/X                              10     13     -3 (VIOLATED)
fanout421/X                              10     13     -3 (VIOLATED)
fanout423/X                              10     13     -3 (VIOLATED)
fanout425/X                              10     13     -3 (VIOLATED)
fanout437/X                              10     13     -3 (VIOLATED)
fanout449/X                              10     13     -3 (VIOLATED)
fanout454/X                              10     13     -3 (VIOLATED)
fanout471/X                              10     13     -3 (VIOLATED)
fanout498/X                              10     13     -3 (VIOLATED)
fanout502/X                              10     13     -3 (VIOLATED)
fanout506/X                              10     13     -3 (VIOLATED)
fanout510/X                              10     13     -3 (VIOLATED)
fanout514/X                              10     13     -3 (VIOLATED)
fanout556/X                              10     13     -3 (VIOLATED)
fanout606/X                              10     13     -3 (VIOLATED)
fanout646/X                              10     13     -3 (VIOLATED)
fanout667/X                              10     13     -3 (VIOLATED)
fanout669/X                              10     13     -3 (VIOLATED)
fanout671/X                              10     13     -3 (VIOLATED)
fanout673/X                              10     13     -3 (VIOLATED)
fanout675/X                              10     13     -3 (VIOLATED)
fanout679/X                              10     13     -3 (VIOLATED)
fanout692/X                              10     13     -3 (VIOLATED)
fanout713/X                              10     13     -3 (VIOLATED)
fanout723/X                              10     13     -3 (VIOLATED)
fanout732/X                              10     13     -3 (VIOLATED)
fanout746/X                              10     13     -3 (VIOLATED)
fanout760/X                              10     13     -3 (VIOLATED)
fanout762/X                              10     13     -3 (VIOLATED)
fanout797/X                              10     13     -3 (VIOLATED)
fanout798/X                              10     13     -3 (VIOLATED)
fanout808/X                              10     13     -3 (VIOLATED)
fanout821/X                              10     13     -3 (VIOLATED)
fanout832/X                              10     13     -3 (VIOLATED)
fanout835/X                              10     13     -3 (VIOLATED)
fanout889/X                              10     13     -3 (VIOLATED)
fanout904/X                              10     13     -3 (VIOLATED)
fanout926/X                              10     13     -3 (VIOLATED)
fanout937/X                              10     13     -3 (VIOLATED)
fanout956/X                              10     13     -3 (VIOLATED)
fanout978/X                              10     13     -3 (VIOLATED)
fanout981/X                              10     13     -3 (VIOLATED)
fanout985/X                              10     13     -3 (VIOLATED)
fanout988/X                              10     13     -3 (VIOLATED)
input1/X                                 10     13     -3 (VIOLATED)
wire660/X                                10     13     -3 (VIOLATED)
_15859_/Q                                10     12     -2 (VIOLATED)
clkbuf_leaf_104_wb_clk_i/X               10     12     -2 (VIOLATED)
clkbuf_leaf_11_wb_clk_i/X                10     12     -2 (VIOLATED)
clkbuf_leaf_127_wb_clk_i/X               10     12     -2 (VIOLATED)
clkbuf_leaf_15_wb_clk_i/X                10     12     -2 (VIOLATED)
clkbuf_leaf_167_wb_clk_i/X               10     12     -2 (VIOLATED)
clkbuf_leaf_35_wb_clk_i/X                10     12     -2 (VIOLATED)
clkbuf_leaf_38_wb_clk_i/X                10     12     -2 (VIOLATED)
clkbuf_leaf_48_wb_clk_i/X                10     12     -2 (VIOLATED)
clkbuf_leaf_50_wb_clk_i/X                10     12     -2 (VIOLATED)
clkbuf_leaf_79_wb_clk_i/X                10     12     -2 (VIOLATED)
clkbuf_leaf_90_wb_clk_i/X                10     12     -2 (VIOLATED)
clkbuf_leaf_91_wb_clk_i/X                10     12     -2 (VIOLATED)
fanout444/X                              10     12     -2 (VIOLATED)
fanout777/X                              10     12     -2 (VIOLATED)
_08051_/Y                                10     11        (VIOLATED)
_08282_/X                                10     11        (VIOLATED)
_08502_/X                                10     11        (VIOLATED)
_08555_/Y                                10     11        (VIOLATED)
_08662_/X                                10     11        (VIOLATED)
_08663_/X                                10     11        (VIOLATED)
_08828_/Y                                10     11        (VIOLATED)
_08890_/X                                10     11        (VIOLATED)
_08999_/X                                10     11        (VIOLATED)
_09112_/X                                10     11        (VIOLATED)
_09336_/X                                10     11        (VIOLATED)
_09764_/X                                10     11        (VIOLATED)
_09864_/Y                                10     11        (VIOLATED)
_10645_/X                                10     11        (VIOLATED)
_10784_/Y                                10     11        (VIOLATED)
_10938_/X                                10     11        (VIOLATED)
_11727_/Y                                10     11        (VIOLATED)
_11979_/X                                10     11        (VIOLATED)
_13949_/X                                10     11        (VIOLATED)
_15846_/Q                                10     11        (VIOLATED)
_15847_/Q                                10     11        (VIOLATED)
_15848_/Q                                10     11        (VIOLATED)
_15851_/Q                                10     11        (VIOLATED)
_15852_/Q                                10     11        (VIOLATED)
_15854_/Q                                10     11        (VIOLATED)
_15856_/Q                                10     11        (VIOLATED)
_15857_/Q                                10     11        (VIOLATED)
_15858_/Q                                10     11        (VIOLATED)
_15860_/Q                                10     11        (VIOLATED)
_15861_/Q                                10     11        (VIOLATED)
_15871_/Q                                10     11        (VIOLATED)
_15872_/Q                                10     11        (VIOLATED)
_15873_/Q                                10     11        (VIOLATED)
_15874_/Q                                10     11        (VIOLATED)
_15875_/Q                                10     11        (VIOLATED)
_15876_/Q                                10     11        (VIOLATED)
_15877_/Q                                10     11        (VIOLATED)
_15969_/Q                                10     11        (VIOLATED)
_15973_/Q                                10     11        (VIOLATED)
clkbuf_leaf_100_wb_clk_i/X               10     11        (VIOLATED)
clkbuf_leaf_122_wb_clk_i/X               10     11        (VIOLATED)
clkbuf_leaf_123_wb_clk_i/X               10     11        (VIOLATED)
clkbuf_leaf_124_wb_clk_i/X               10     11        (VIOLATED)
clkbuf_leaf_126_wb_clk_i/X               10     11        (VIOLATED)
clkbuf_leaf_131_wb_clk_i/X               10     11        (VIOLATED)
clkbuf_leaf_133_wb_clk_i/X               10     11        (VIOLATED)
clkbuf_leaf_140_wb_clk_i/X               10     11        (VIOLATED)
clkbuf_leaf_142_wb_clk_i/X               10     11        (VIOLATED)
clkbuf_leaf_165_wb_clk_i/X               10     11        (VIOLATED)
clkbuf_leaf_166_wb_clk_i/X               10     11        (VIOLATED)
clkbuf_leaf_185_wb_clk_i/X               10     11        (VIOLATED)
clkbuf_leaf_20_wb_clk_i/X                10     11        (VIOLATED)
clkbuf_leaf_22_wb_clk_i/X                10     11        (VIOLATED)
clkbuf_leaf_24_wb_clk_i/X                10     11        (VIOLATED)
clkbuf_leaf_33_wb_clk_i/X                10     11        (VIOLATED)
clkbuf_leaf_51_wb_clk_i/X                10     11        (VIOLATED)
clkbuf_leaf_76_wb_clk_i/X                10     11        (VIOLATED)
clkbuf_leaf_92_wb_clk_i/X                10     11        (VIOLATED)
clkbuf_leaf_93_wb_clk_i/X                10     11        (VIOLATED)
clkbuf_leaf_99_wb_clk_i/X                10     11        (VIOLATED)
fanout1041/X                             10     11        (VIOLATED)
fanout1073/X                             10     11        (VIOLATED)
fanout1075/X                             10     11        (VIOLATED)
fanout1115/X                             10     11        (VIOLATED)
fanout1123/X                             10     11        (VIOLATED)
fanout1156/X                             10     11        (VIOLATED)
fanout1157/X                             10     11        (VIOLATED)
fanout1158/X                             10     11        (VIOLATED)
fanout1181/X                             10     11        (VIOLATED)
fanout1194/X                             10     11        (VIOLATED)
fanout1202/X                             10     11        (VIOLATED)
fanout1243/X                             10     11        (VIOLATED)
fanout1254/X                             10     11        (VIOLATED)
fanout1261/X                             10     11        (VIOLATED)
fanout1280/X                             10     11        (VIOLATED)
fanout1293/X                             10     11        (VIOLATED)
fanout332/X                              10     11        (VIOLATED)
fanout337/X                              10     11        (VIOLATED)
fanout351/X                              10     11        (VIOLATED)
fanout375/X                              10     11        (VIOLATED)
fanout381/X                              10     11        (VIOLATED)
fanout391/X                              10     11        (VIOLATED)
fanout395/X                              10     11        (VIOLATED)
fanout403/X                              10     11        (VIOLATED)
fanout407/X                              10     11        (VIOLATED)
fanout411/X                              10     11        (VIOLATED)
fanout431/X                              10     11        (VIOLATED)
fanout435/X                              10     11        (VIOLATED)
fanout457/X                              10     11        (VIOLATED)
fanout478/X                              10     11        (VIOLATED)
fanout491/X                              10     11        (VIOLATED)
fanout518/X                              10     11        (VIOLATED)
fanout529/X                              10     11        (VIOLATED)
fanout534/X                              10     11        (VIOLATED)
fanout584/X                              10     11        (VIOLATED)
fanout594/X                              10     11        (VIOLATED)
fanout596/X                              10     11        (VIOLATED)
fanout609/X                              10     11        (VIOLATED)
fanout612/X                              10     11        (VIOLATED)
fanout618/X                              10     11        (VIOLATED)
fanout629/X                              10     11        (VIOLATED)
fanout631/X                              10     11        (VIOLATED)
fanout633/X                              10     11        (VIOLATED)
fanout641/X                              10     11        (VIOLATED)
fanout656/X                              10     11        (VIOLATED)
fanout665/X                              10     11        (VIOLATED)
fanout685/X                              10     11        (VIOLATED)
fanout729/X                              10     11        (VIOLATED)
fanout736/X                              10     11        (VIOLATED)
fanout749/X                              10     11        (VIOLATED)
fanout750/X                              10     11        (VIOLATED)
fanout769/X                              10     11        (VIOLATED)
fanout782/X                              10     11        (VIOLATED)
fanout790/X                              10     11        (VIOLATED)
fanout795/X                              10     11        (VIOLATED)
fanout799/X                              10     11        (VIOLATED)
fanout807/X                              10     11        (VIOLATED)
fanout811/X                              10     11        (VIOLATED)
fanout815/X                              10     11        (VIOLATED)
fanout817/X                              10     11        (VIOLATED)
fanout830/X                              10     11        (VIOLATED)
fanout838/X                              10     11        (VIOLATED)
fanout843/X                              10     11        (VIOLATED)
fanout853/X                              10     11        (VIOLATED)
fanout858/X                              10     11        (VIOLATED)
fanout859/X                              10     11        (VIOLATED)
fanout862/X                              10     11        (VIOLATED)
fanout874/X                              10     11        (VIOLATED)
fanout895/X                              10     11        (VIOLATED)
fanout903/X                              10     11        (VIOLATED)
fanout910/X                              10     11        (VIOLATED)
fanout920/X                              10     11        (VIOLATED)
fanout925/X                              10     11        (VIOLATED)
fanout940/X                              10     11        (VIOLATED)
fanout962/X                              10     11        (VIOLATED)
fanout970/X                              10     11        (VIOLATED)
fanout971/X                              10     11        (VIOLATED)
fanout972/X                              10     11        (VIOLATED)

max capacitance

Pin                                        Limit         Cap       Slack
------------------------------------------------------------------------
clkbuf_0_wb_clk_i/X                     0.200000    0.237655   -0.037655 (VIOLATED)



===========================================================================
report_parasitic_annotation -report_unannotated
============================================================================
Found 392 unannotated drivers.
 gpio_in[0]
 gpio_in[10]
 gpio_in[11]
 gpio_in[12]
 gpio_in[13]
 gpio_in[14]
 gpio_in[15]
 gpio_in[16]
 gpio_in[17]
 gpio_in[18]
 gpio_in[19]
 gpio_in[1]
 gpio_in[20]
 gpio_in[21]
 gpio_in[22]
 gpio_in[23]
 gpio_in[24]
 gpio_in[25]
 gpio_in[26]
 gpio_in[27]
 gpio_in[28]
 gpio_in[29]
 gpio_in[2]
 gpio_in[30]
 gpio_in[31]
 gpio_in[32]
 gpio_in[33]
 gpio_in[34]
 gpio_in[35]
 gpio_in[36]
 gpio_in[37]
 gpio_in[3]
 gpio_in[4]
 gpio_in[5]
 gpio_in[6]
 gpio_in[7]
 gpio_in[8]
 la_data_in[0]
 la_data_in[10]
 la_data_in[11]
 la_data_in[12]
 la_data_in[13]
 la_data_in[14]
 la_data_in[15]
 la_data_in[16]
 la_data_in[17]
 la_data_in[18]
 la_data_in[19]
 la_data_in[1]
 la_data_in[20]
 la_data_in[21]
 la_data_in[22]
 la_data_in[23]
 la_data_in[24]
 la_data_in[25]
 la_data_in[26]
 la_data_in[27]
 la_data_in[28]
 la_data_in[29]
 la_data_in[2]
 la_data_in[30]
 la_data_in[31]
 la_data_in[3]
 la_data_in[4]
 la_data_in[5]
 la_data_in[6]
 la_data_in[7]
 la_data_in[8]
 la_data_in[9]
 la_oenb[0]
 la_oenb[10]
 la_oenb[11]
 la_oenb[12]
 la_oenb[13]
 la_oenb[14]
 la_oenb[15]
 la_oenb[16]
 la_oenb[17]
 la_oenb[18]
 la_oenb[19]
 la_oenb[1]
 la_oenb[20]
 la_oenb[21]
 la_oenb[22]
 la_oenb[23]
 la_oenb[24]
 la_oenb[25]
 la_oenb[26]
 la_oenb[27]
 la_oenb[28]
 la_oenb[29]
 la_oenb[2]
 la_oenb[30]
 la_oenb[31]
 la_oenb[3]
 la_oenb[4]
 la_oenb[5]
 la_oenb[6]
 la_oenb[7]
 la_oenb[8]
 la_oenb[9]
 wbs_sel_i[0]
 wbs_sel_i[1]
 wbs_sel_i[2]
 wbs_sel_i[3]
 _17155__1298/HI
 _17234__1299/HI
 _17235__1401/LO
 _17236__1402/LO
 _17237__1403/LO
 _17238__1404/LO
 _17239__1300/HI
 _17240__1301/HI
 _17241__1302/HI
 _17242__1303/HI
 _17243__1405/LO
 _17244__1304/HI
 _17245__1305/HI
 _17246__1306/HI
 _17247__1307/HI
 _17248__1308/HI
 _17249__1309/HI
 _17250__1310/HI
 _17251__1311/HI
 _17252__1312/HI
 _17253__1313/HI
 _17254__1314/HI
 _17255__1315/HI
 _17256__1316/HI
 _17257__1317/HI
 _17258__1318/HI
 _17259__1319/HI
 _17260__1320/HI
 _17261__1321/HI
 _17262__1322/HI
 _17263__1323/HI
 _17264__1324/HI
 _17265__1325/HI
 _17266__1326/HI
 _17267__1327/HI
 _17268__1328/HI
 _17269__1329/HI
 _17270__1330/HI
 _17271__1331/HI
 _17273__1332/HI
 _17274__1333/HI
 _17275__1334/HI
 _17276__1335/HI
 _17280__1336/HI
 _17281__1337/HI
 _17282__1338/HI
 _17283__1339/HI
 _17284__1340/HI
 _17285__1341/HI
 _17286__1342/HI
 _17287__1343/HI
 _17288__1344/HI
 _17289__1345/HI
 _17290__1346/HI
 _17291__1347/HI
 _17292__1348/HI
 _17293__1349/HI
 _17294__1350/HI
 _17295__1351/HI
 _17296__1352/HI
 _17297__1353/HI
 _17298__1354/HI
 _17299__1355/HI
 _17300__1356/HI
 _17301__1357/HI
 _17302__1358/HI
 _17303__1359/HI
 _17304__1360/HI
 _17305__1361/HI
 _17306__1362/HI
 _17307__1363/HI
 _17308__1364/HI
 _17309__1365/HI
 _17310__1366/HI
 _17311__1367/HI
 _17312__1368/HI
 _17313__1369/HI
 _17314__1370/HI
 _17315__1371/HI
 _17316__1372/HI
 _17317__1373/HI
 _17318__1374/HI
 _17319__1375/HI
 _17320__1376/HI
 _17321__1377/HI
 _17322__1378/HI
 _17323__1379/HI
 _17324__1380/HI
 _17325__1381/HI
 _17326__1382/HI
 _17327__1383/HI
 _17328__1384/HI
 _17329__1385/HI
 _17330__1386/HI
 _17331__1387/HI
 _17332__1388/HI
 _17333__1389/HI
 _17334__1390/HI
 _17335__1391/HI
 _17336__1392/HI
 _17337__1393/HI
 _17338__1394/HI
 _17339__1395/HI
 _17340__1396/HI
 _17341__1397/HI
 _17342__1398/HI
 _17343__1399/HI
 _17344__1400/HI
 clkload0/Y
 clkload1/Y
 clkload10/Y
 clkload100/X
 clkload101/X
 clkload102/X
 clkload103/Y
 clkload104/X
 clkload105/Y
 clkload106/X
 clkload107/X
 clkload108/X
 clkload109/Y
 clkload11/Y
 clkload110/Y
 clkload111/X
 clkload112/Y
 clkload113/X
 clkload114/Y
 clkload115/Y
 clkload116/Y
 clkload117/Y
 clkload118/Y
 clkload119/Y
 clkload12/Y
 clkload120/Y
 clkload121/Y
 clkload122/X
 clkload123/Y
 clkload124/X
 clkload125/Y
 clkload126/X
 clkload127/Y
 clkload128/Y
 clkload129/Y
 clkload13/Y
 clkload130/Y
 clkload131/Y
 clkload132/Y
 clkload133/Y
 clkload134/Y
 clkload135/Y
 clkload136/X
 clkload137/Y
 clkload138/Y
 clkload139/Y
 clkload14/Y
 clkload140/Y
 clkload141/Y
 clkload142/Y
 clkload143/Y
 clkload144/Y
 clkload145/Y
 clkload146/Y
 clkload147/Y
 clkload148/Y
 clkload149/Y
 clkload15/Y
 clkload150/Y
 clkload151/Y
 clkload152/X
 clkload153/Y
 clkload154/Y
 clkload155/X
 clkload156/Y
 clkload157/X
 clkload158/Y
 clkload159/Y
 clkload16/Y
 clkload160/Y
 clkload161/X
 clkload162/Y
 clkload163/Y
 clkload164/X
 clkload165/X
 clkload166/X
 clkload167/Y
 clkload168/Y
 clkload169/Y
 clkload17/Y
 clkload170/Y
 clkload171/Y
 clkload172/Y
 clkload173/Y
 clkload174/Y
 clkload175/Y
 clkload176/Y
 clkload177/X
 clkload178/Y
 clkload18/Y
 clkload19/X
 clkload2/Y
 clkload20/Y
 clkload21/X
 clkload22/X
 clkload23/X
 clkload24/Y
 clkload25/X
 clkload26/Y
 clkload27/Y
 clkload28/Y
 clkload29/Y
 clkload3/X
 clkload30/X
 clkload31/Y
 clkload32/X
 clkload33/Y
 clkload34/X
 clkload35/Y
 clkload36/X
 clkload37/Y
 clkload38/X
 clkload39/X
 clkload4/Y
 clkload40/Y
 clkload41/X
 clkload42/X
 clkload43/Y
 clkload44/X
 clkload45/X
 clkload46/Y
 clkload47/Y
 clkload48/X
 clkload49/Y
 clkload5/Y
 clkload50/Y
 clkload51/Y
 clkload52/X
 clkload53/Y
 clkload54/Y
 clkload55/Y
 clkload56/Y
 clkload57/Y
 clkload58/X
 clkload59/Y
 clkload6/Y
 clkload60/Y
 clkload61/Y
 clkload62/X
 clkload63/Y
 clkload64/Y
 clkload65/Y
 clkload66/Y
 clkload67/X
 clkload68/Y
 clkload69/X
 clkload7/X
 clkload70/X
 clkload71/Y
 clkload72/Y
 clkload73/X
 clkload74/Y
 clkload75/X
 clkload76/X
 clkload77/X
 clkload78/X
 clkload79/X
 clkload8/Y
 clkload80/Y
 clkload81/Y
 clkload82/Y
 clkload83/Y
 clkload84/Y
 clkload85/Y
 clkload86/Y
 clkload87/Y
 clkload88/Y
 clkload89/Y
 clkload9/Y
 clkload90/Y
 clkload91/Y
 clkload92/X
 clkload93/X
 clkload94/Y
 clkload95/X
 clkload96/Y
 clkload97/Y
 clkload98/X
 clkload99/X
Found 0 partially unannotated drivers.

===========================================================================
max slew violation count 18
max fanout violation count 923
max cap violation count 1
============================================================================

===========================================================================
check_setup -verbose -unconstrained_endpoints -multiple_clock -no_clock -no_input_delay -loops -generated_clocks
===========================================================================
Warning: There are 108 unconstrained endpoints.
  gpio_oeb[0]
  gpio_oeb[10]
  gpio_oeb[11]
  gpio_oeb[12]
  gpio_oeb[13]
  gpio_oeb[14]
  gpio_oeb[15]
  gpio_oeb[16]
  gpio_oeb[17]
  gpio_oeb[18]
  gpio_oeb[19]
  gpio_oeb[1]
  gpio_oeb[20]
  gpio_oeb[21]
  gpio_oeb[22]
  gpio_oeb[23]
  gpio_oeb[24]
  gpio_oeb[25]
  gpio_oeb[26]
  gpio_oeb[27]
  gpio_oeb[28]
  gpio_oeb[29]
  gpio_oeb[2]
  gpio_oeb[30]
  gpio_oeb[31]
  gpio_oeb[32]
  gpio_oeb[33]
  gpio_oeb[34]
  gpio_oeb[35]
  gpio_oeb[36]
  gpio_oeb[37]
  gpio_oeb[3]
  gpio_oeb[4]
  gpio_oeb[5]
  gpio_oeb[6]
  gpio_oeb[7]
  gpio_oeb[8]
  gpio_oeb[9]
  gpio_out[10]
  gpio_out[11]
  gpio_out[12]
  gpio_out[13]
  gpio_out[14]
  gpio_out[15]
  gpio_out[16]
  gpio_out[17]
  gpio_out[18]
  gpio_out[19]
  gpio_out[1]
  gpio_out[20]
  gpio_out[21]
  gpio_out[22]
  gpio_out[23]
  gpio_out[24]
  gpio_out[25]
  gpio_out[26]
  gpio_out[27]
  gpio_out[28]
  gpio_out[29]
  gpio_out[2]
  gpio_out[30]
  gpio_out[31]
  gpio_out[32]
  gpio_out[33]
  gpio_out[34]
  gpio_out[35]
  gpio_out[36]
  gpio_out[37]
  gpio_out[3]
  gpio_out[4]
  gpio_out[8]
  gpio_out[9]
  irq[0]
  irq[1]
  irq[2]
  la_data_out[0]
  la_data_out[10]
  la_data_out[11]
  la_data_out[12]
  la_data_out[13]
  la_data_out[14]
  la_data_out[15]
  la_data_out[16]
  la_data_out[17]
  la_data_out[18]
  la_data_out[19]
  la_data_out[1]
  la_data_out[20]
  la_data_out[21]
  la_data_out[22]
  la_data_out[23]
  la_data_out[24]
  la_data_out[25]
  la_data_out[26]
  la_data_out[27]
  la_data_out[28]
  la_data_out[29]
  la_data_out[2]
  la_data_out[30]
  la_data_out[31]
  la_data_out[3]
  la_data_out[4]
  la_data_out[5]
  la_data_out[6]
  la_data_out[7]
  la_data_out[8]
  la_data_out[9]
  _17155_/D
