
===========================================================================
report_checks -unconstrained
===========================================================================
======================= max_ff_n40C_1v95 Corner ===================================

Startpoint: wb_rst_i (input port clocked by wb_clk_i)
Endpoint: _16035_ (recovery check against rising-edge clock wb_clk_i)
Path Group: asynchronous
Path Type: max

Fanout         Cap        Slew       Delay        Time   Description
---------------------------------------------------------------------------------------------
                                  0.000000    0.000000   clock wb_clk_i (rise edge)
                                  0.000000    0.000000   clock network delay (propagated)
                                 20.000000   20.000000 v input external delay
     2    0.003490    0.005727    0.002926   20.002926 v wb_rst_i (in)
                                                         wb_rst_i (net)
                      0.005735    0.000000   20.002926 v input38/A (sky130_fd_sc_hd__clkbuf_1)
     1    0.007240    0.034235    0.060984   20.063910 v input38/X (sky130_fd_sc_hd__clkbuf_1)
                                                         net38 (net)
                      0.034242    0.000471   20.064381 v fanout1324/A (sky130_fd_sc_hd__clkbuf_8)
    12    0.158500    0.120454    0.145810   20.210192 v fanout1324/X (sky130_fd_sc_hd__clkbuf_8)
                                                         net1324 (net)
                      0.150759    0.046835   20.257027 v fanout1244/A (sky130_fd_sc_hd__clkbuf_4)
    10    0.096804    0.134362    0.230324   20.487350 v fanout1244/X (sky130_fd_sc_hd__clkbuf_4)
                                                         net1244 (net)
                      0.135072    0.007701   20.495052 v fanout1243/A (sky130_fd_sc_hd__buf_2)
    10    0.055782    0.094306    0.181259   20.676311 v fanout1243/X (sky130_fd_sc_hd__buf_2)
                                                         net1243 (net)
                      0.095479    0.008457   20.684769 v fanout1235/A (sky130_fd_sc_hd__clkbuf_2)
    10    0.042416    0.112325    0.164922   20.849691 v fanout1235/X (sky130_fd_sc_hd__clkbuf_2)
                                                         net1235 (net)
                      0.112459    0.003279   20.852970 v fanout1234/A (sky130_fd_sc_hd__buf_2)
     7    0.036150    0.066298    0.151656   21.004625 v fanout1234/X (sky130_fd_sc_hd__buf_2)
                                                         net1234 (net)
                      0.066485    0.003041   21.007668 v fanout1232/A (sky130_fd_sc_hd__buf_4)
    10    0.063878    0.069183    0.143325   21.150993 v fanout1232/X (sky130_fd_sc_hd__buf_4)
                                                         net1232 (net)
                      0.070229    0.006784   21.157776 v _14101_/A (sky130_fd_sc_hd__inv_2)
     1    0.003832    0.026785    0.043171   21.200947 ^ _14101_/Y (sky130_fd_sc_hd__inv_2)
                                                         _00249_ (net)
                      0.026787    0.000203   21.201149 ^ _16035_/RESET_B (sky130_fd_sc_hd__dfrtp_1)
                                             21.201149   data arrival time

                                100.000000  100.000000   clock wb_clk_i (rise edge)
                                  0.000000  100.000000   clock source latency
     2    0.094348    0.318926    0.223778  100.223778 ^ wb_clk_i (in)
                                                         wb_clk_i (net)
                      0.319115    0.000000  100.223778 ^ clkbuf_0_wb_clk_i/A (sky130_fd_sc_hd__clkbuf_16)
    16    0.235988    0.192947    0.237080  100.460854 ^ clkbuf_0_wb_clk_i/X (sky130_fd_sc_hd__clkbuf_16)
                                                         clknet_0_wb_clk_i (net)
                      0.194827    0.015390  100.476242 ^ clkbuf_3_5_0_wb_clk_i/A (sky130_fd_sc_hd__clkbuf_8)
     4    0.049191    0.074661    0.148965  100.625214 ^ clkbuf_3_5_0_wb_clk_i/X (sky130_fd_sc_hd__clkbuf_8)
                                                         clknet_3_5_0_wb_clk_i (net)
                      0.075056    0.004306  100.629517 ^ clkbuf_4_10__f_wb_clk_i/A (sky130_fd_sc_hd__clkbuf_16)
    16    0.101792    0.091089    0.139224  100.768738 ^ clkbuf_4_10__f_wb_clk_i/X (sky130_fd_sc_hd__clkbuf_16)
                                                         clknet_4_10__leaf_wb_clk_i (net)
                      0.091534    0.005159  100.773895 ^ clkbuf_leaf_98_wb_clk_i/A (sky130_fd_sc_hd__clkbuf_8)
     2    0.011138    0.028589    0.095220  100.869118 ^ clkbuf_leaf_98_wb_clk_i/X (sky130_fd_sc_hd__clkbuf_8)
                                                         clknet_leaf_98_wb_clk_i (net)
                      0.028596    0.000469  100.869591 ^ _16035_/CLK (sky130_fd_sc_hd__dfrtp_1)
                                 -0.250000  100.619591   clock uncertainty
                                  0.000000  100.619591   clock reconvergence pessimism
                                  0.144098  100.763687   library recovery time
                                            100.763687   data required time
---------------------------------------------------------------------------------------------
                                            100.763687   data required time
                                            -21.201149   data arrival time
---------------------------------------------------------------------------------------------
                                             79.562538   slack (MET)


Startpoint: wbs_adr_i[0] (input port clocked by wb_clk_i)
Endpoint: wbs_dat_o[3] (output port clocked by wb_clk_i)
Path Group: wb_clk_i
Path Type: max

Fanout         Cap        Slew       Delay        Time   Description
---------------------------------------------------------------------------------------------
                                  0.000000    0.000000   clock wb_clk_i (rise edge)
                                  0.000000    0.000000   clock network delay (propagated)
                                 20.000000   20.000000 v input external delay
     2    0.004028    0.006546    0.003407   20.003408 v wbs_adr_i[0] (in)
                                                         wbs_adr_i[0] (net)
                      0.006555    0.000000   20.003408 v input39/A (sky130_fd_sc_hd__clkbuf_1)
     1    0.008238    0.037961    0.064341   20.067749 v input39/X (sky130_fd_sc_hd__clkbuf_1)
                                                         net39 (net)
                      0.037972    0.000625   20.068375 v _11507_/B (sky130_fd_sc_hd__or4_1)
     1    0.003971    0.059606    0.289877   20.358252 v _11507_/X (sky130_fd_sc_hd__or4_1)
                                                         _07427_ (net)
                      0.059606    0.000350   20.358601 v _11510_/B (sky130_fd_sc_hd__or4_1)
     1    0.008676    0.079346    0.321178   20.679779 v _11510_/X (sky130_fd_sc_hd__or4_1)
                                                         _07430_ (net)
                      0.079352    0.000790   20.680569 v _11516_/A (sky130_fd_sc_hd__or4_1)
     1    0.005601    0.065263    0.320668   21.001236 v _11516_/X (sky130_fd_sc_hd__or4_1)
                                                         net183 (net)
                      0.065266    0.000391   21.001627 v fanout923/A (sky130_fd_sc_hd__clkbuf_8)
    12    0.154776    0.118387    0.165189   21.166817 v fanout923/X (sky130_fd_sc_hd__clkbuf_8)
                                                         net923 (net)
                      0.141016    0.039757   21.206573 v fanout922/A (sky130_fd_sc_hd__clkbuf_2)
     7    0.030915    0.084043    0.162153   21.368727 v fanout922/X (sky130_fd_sc_hd__clkbuf_2)
                                                         net922 (net)
                      0.084161    0.002789   21.371515 v fanout921/A (sky130_fd_sc_hd__buf_1)
     5    0.015464    0.064905    0.114696   21.486210 v fanout921/X (sky130_fd_sc_hd__buf_1)
                                                         net921 (net)
                      0.064913    0.000718   21.486929 v fanout920/A (sky130_fd_sc_hd__buf_2)
    10    0.031481    0.059139    0.126645   21.613573 v fanout920/X (sky130_fd_sc_hd__buf_2)
                                                         net920 (net)
                      0.059248    0.002244   21.615818 v _17964_/A (sky130_fd_sc_hd__clkbuf_1)
     1    0.002201    0.016742    0.065304   21.681122 v _17964_/X (sky130_fd_sc_hd__clkbuf_1)
                                                         net184 (net)
                      0.016744    0.000151   21.681273 v output184/A (sky130_fd_sc_hd__buf_2)
     1    0.034132    0.062539    0.111340   21.792612 v output184/X (sky130_fd_sc_hd__buf_2)
                                                         wbs_dat_o[3] (net)
                      0.062590    0.001615   21.794228 v wbs_dat_o[3] (out)
                                             21.794228   data arrival time

                                100.000000  100.000000   clock wb_clk_i (rise edge)
                                  0.000000  100.000000   clock network delay (propagated)
                                 -0.250000   99.750000   clock uncertainty
                                  0.000000   99.750000   clock reconvergence pessimism
                                -20.000000   79.750000   output external delay
                                             79.750000   data required time
---------------------------------------------------------------------------------------------
                                             79.750000   data required time
                                            -21.794228   data arrival time
---------------------------------------------------------------------------------------------
                                             57.955769   slack (MET)




===========================================================================
report_checks --slack_max -0.01
============================================================================
======================= max_ff_n40C_1v95 Corner ===================================

No paths found.


===========================================================================
 report_check_types -max_slew -max_cap -max_fanout -violators
============================================================================
======================= max_ff_n40C_1v95 Corner ===================================

max fanout

Pin                                   Limit Fanout  Slack
---------------------------------------------------------
clkbuf_leaf_26_wb_clk_i/X                10     50    -40 (VIOLATED)
clkbuf_leaf_30_wb_clk_i/X                10     50    -40 (VIOLATED)
clkbuf_leaf_62_wb_clk_i/X                10     50    -40 (VIOLATED)
clkbuf_leaf_71_wb_clk_i/X                10     50    -40 (VIOLATED)
clkbuf_leaf_81_wb_clk_i/X                10     50    -40 (VIOLATED)
clkbuf_leaf_61_wb_clk_i/X                10     48    -38 (VIOLATED)
clkbuf_leaf_50_wb_clk_i/X                10     46    -36 (VIOLATED)
clkbuf_leaf_113_wb_clk_i/X               10     40    -30 (VIOLATED)
clkbuf_leaf_21_wb_clk_i/X                10     40    -30 (VIOLATED)
clkbuf_leaf_65_wb_clk_i/X                10     40    -30 (VIOLATED)
clkbuf_leaf_70_wb_clk_i/X                10     40    -30 (VIOLATED)
clkbuf_leaf_103_wb_clk_i/X               10     38    -28 (VIOLATED)
clkbuf_leaf_125_wb_clk_i/X               10     38    -28 (VIOLATED)
clkbuf_leaf_55_wb_clk_i/X                10     38    -28 (VIOLATED)
clkbuf_leaf_102_wb_clk_i/X               10     36    -26 (VIOLATED)
clkbuf_leaf_114_wb_clk_i/X               10     36    -26 (VIOLATED)
clkbuf_leaf_42_wb_clk_i/X                10     36    -26 (VIOLATED)
clkbuf_leaf_93_wb_clk_i/X                10     36    -26 (VIOLATED)
clkbuf_leaf_107_wb_clk_i/X               10     34    -24 (VIOLATED)
clkbuf_leaf_134_wb_clk_i/X               10     34    -24 (VIOLATED)
clkbuf_leaf_88_wb_clk_i/X                10     34    -24 (VIOLATED)
clkbuf_leaf_92_wb_clk_i/X                10     34    -24 (VIOLATED)
clkbuf_leaf_118_wb_clk_i/X               10     32    -22 (VIOLATED)
clkbuf_leaf_119_wb_clk_i/X               10     32    -22 (VIOLATED)
clkbuf_leaf_136_wb_clk_i/X               10     30    -20 (VIOLATED)
clkbuf_leaf_46_wb_clk_i/X                10     30    -20 (VIOLATED)
clkbuf_leaf_91_wb_clk_i/X                10     30    -20 (VIOLATED)
clkbuf_leaf_3_wb_clk_i/X                 10     28    -18 (VIOLATED)
clkbuf_leaf_36_wb_clk_i/X                10     25    -15 (VIOLATED)
clkbuf_leaf_44_wb_clk_i/X                10     25    -15 (VIOLATED)
clkbuf_leaf_40_wb_clk_i/X                10     24    -14 (VIOLATED)
clkbuf_leaf_57_wb_clk_i/X                10     24    -14 (VIOLATED)
clkbuf_leaf_29_wb_clk_i/X                10     23    -13 (VIOLATED)
clkbuf_4_13__f_wb_clk_i/X                10     22    -12 (VIOLATED)
clkbuf_leaf_117_wb_clk_i/X               10     22    -12 (VIOLATED)
clkbuf_leaf_82_wb_clk_i/X                10     22    -12 (VIOLATED)
fanout815/X                              10     21    -11 (VIOLATED)
_11193_/Y                                10     20    -10 (VIOLATED)
_11202_/X                                10     20    -10 (VIOLATED)
_11383_/X                                10     20    -10 (VIOLATED)
_17733_/Q                                10     20    -10 (VIOLATED)
_17742_/Q                                10     20    -10 (VIOLATED)
_17748_/Q                                10     20    -10 (VIOLATED)
clkbuf_4_3__f_wb_clk_i/X                 10     20    -10 (VIOLATED)
clkbuf_4_7__f_wb_clk_i/X                 10     20    -10 (VIOLATED)
clkbuf_leaf_128_wb_clk_i/X               10     20    -10 (VIOLATED)
clkbuf_leaf_28_wb_clk_i/X                10     20    -10 (VIOLATED)
clkbuf_leaf_41_wb_clk_i/X                10     20    -10 (VIOLATED)
clkbuf_leaf_72_wb_clk_i/X                10     20    -10 (VIOLATED)
fanout1001/X                             10     20    -10 (VIOLATED)
fanout1003/X                             10     20    -10 (VIOLATED)
fanout1005/X                             10     20    -10 (VIOLATED)
fanout1007/X                             10     20    -10 (VIOLATED)
fanout1011/X                             10     20    -10 (VIOLATED)
fanout1015/X                             10     20    -10 (VIOLATED)
fanout1016/X                             10     20    -10 (VIOLATED)
fanout1017/X                             10     20    -10 (VIOLATED)
fanout1018/X                             10     20    -10 (VIOLATED)
fanout1019/X                             10     20    -10 (VIOLATED)
fanout1021/X                             10     20    -10 (VIOLATED)
fanout1025/X                             10     20    -10 (VIOLATED)
fanout1026/X                             10     20    -10 (VIOLATED)
fanout1027/X                             10     20    -10 (VIOLATED)
fanout1031/X                             10     20    -10 (VIOLATED)
fanout1032/X                             10     20    -10 (VIOLATED)
fanout1033/X                             10     20    -10 (VIOLATED)
fanout1042/X                             10     20    -10 (VIOLATED)
fanout1043/X                             10     20    -10 (VIOLATED)
fanout1044/X                             10     20    -10 (VIOLATED)
fanout1047/X                             10     20    -10 (VIOLATED)
fanout1048/X                             10     20    -10 (VIOLATED)
fanout1049/X                             10     20    -10 (VIOLATED)
fanout1055/X                             10     20    -10 (VIOLATED)
fanout1056/X                             10     20    -10 (VIOLATED)
fanout1058/X                             10     20    -10 (VIOLATED)
fanout1060/X                             10     20    -10 (VIOLATED)
fanout1069/X                             10     20    -10 (VIOLATED)
fanout1071/X                             10     20    -10 (VIOLATED)
fanout1082/X                             10     20    -10 (VIOLATED)
fanout1087/X                             10     20    -10 (VIOLATED)
fanout1117/X                             10     20    -10 (VIOLATED)
fanout1134/X                             10     20    -10 (VIOLATED)
fanout1145/X                             10     20    -10 (VIOLATED)
fanout1155/X                             10     20    -10 (VIOLATED)
fanout1157/X                             10     20    -10 (VIOLATED)
fanout1158/X                             10     20    -10 (VIOLATED)
fanout1242/X                             10     20    -10 (VIOLATED)
fanout1249/X                             10     20    -10 (VIOLATED)
fanout1274/X                             10     20    -10 (VIOLATED)
fanout201/X                              10     20    -10 (VIOLATED)
fanout202/X                              10     20    -10 (VIOLATED)
fanout203/X                              10     20    -10 (VIOLATED)
fanout205/X                              10     20    -10 (VIOLATED)
fanout207/X                              10     20    -10 (VIOLATED)
fanout210/X                              10     20    -10 (VIOLATED)
fanout211/X                              10     20    -10 (VIOLATED)
fanout213/X                              10     20    -10 (VIOLATED)
fanout214/X                              10     20    -10 (VIOLATED)
fanout215/X                              10     20    -10 (VIOLATED)
fanout217/X                              10     20    -10 (VIOLATED)
fanout219/X                              10     20    -10 (VIOLATED)
fanout221/X                              10     20    -10 (VIOLATED)
fanout223/X                              10     20    -10 (VIOLATED)
fanout225/X                              10     20    -10 (VIOLATED)
fanout227/X                              10     20    -10 (VIOLATED)
fanout229/X                              10     20    -10 (VIOLATED)
fanout231/X                              10     20    -10 (VIOLATED)
fanout239/X                              10     20    -10 (VIOLATED)
fanout292/X                              10     20    -10 (VIOLATED)
fanout328/X                              10     20    -10 (VIOLATED)
fanout329/X                              10     20    -10 (VIOLATED)
fanout332/X                              10     20    -10 (VIOLATED)
fanout343/X                              10     20    -10 (VIOLATED)
fanout344/X                              10     20    -10 (VIOLATED)
fanout346/X                              10     20    -10 (VIOLATED)
fanout349/X                              10     20    -10 (VIOLATED)
fanout350/X                              10     20    -10 (VIOLATED)
fanout351/X                              10     20    -10 (VIOLATED)
fanout352/X                              10     20    -10 (VIOLATED)
fanout366/X                              10     20    -10 (VIOLATED)
fanout367/X                              10     20    -10 (VIOLATED)
fanout368/X                              10     20    -10 (VIOLATED)
fanout372/X                              10     20    -10 (VIOLATED)
fanout376/X                              10     20    -10 (VIOLATED)
fanout379/X                              10     20    -10 (VIOLATED)
fanout381/X                              10     20    -10 (VIOLATED)
fanout392/X                              10     20    -10 (VIOLATED)
fanout393/X                              10     20    -10 (VIOLATED)
fanout394/X                              10     20    -10 (VIOLATED)
fanout396/X                              10     20    -10 (VIOLATED)
fanout398/X                              10     20    -10 (VIOLATED)
fanout400/X                              10     20    -10 (VIOLATED)
fanout401/X                              10     20    -10 (VIOLATED)
fanout404/X                              10     20    -10 (VIOLATED)
fanout406/X                              10     20    -10 (VIOLATED)
fanout408/X                              10     20    -10 (VIOLATED)
fanout410/X                              10     20    -10 (VIOLATED)
fanout412/X                              10     20    -10 (VIOLATED)
fanout414/X                              10     20    -10 (VIOLATED)
fanout416/X                              10     20    -10 (VIOLATED)
fanout418/X                              10     20    -10 (VIOLATED)
fanout420/X                              10     20    -10 (VIOLATED)
fanout421/X                              10     20    -10 (VIOLATED)
fanout422/X                              10     20    -10 (VIOLATED)
fanout424/X                              10     20    -10 (VIOLATED)
fanout426/X                              10     20    -10 (VIOLATED)
fanout428/X                              10     20    -10 (VIOLATED)
fanout430/X                              10     20    -10 (VIOLATED)
fanout432/X                              10     20    -10 (VIOLATED)
fanout434/X                              10     20    -10 (VIOLATED)
fanout436/X                              10     20    -10 (VIOLATED)
fanout438/X                              10     20    -10 (VIOLATED)
fanout440/X                              10     20    -10 (VIOLATED)
fanout442/X                              10     20    -10 (VIOLATED)
fanout444/X                              10     20    -10 (VIOLATED)
fanout446/X                              10     20    -10 (VIOLATED)
fanout448/X                              10     20    -10 (VIOLATED)
fanout450/X                              10     20    -10 (VIOLATED)
fanout451/X                              10     20    -10 (VIOLATED)
fanout453/X                              10     20    -10 (VIOLATED)
fanout454/X                              10     20    -10 (VIOLATED)
fanout457/X                              10     20    -10 (VIOLATED)
fanout459/X                              10     20    -10 (VIOLATED)
fanout461/X                              10     20    -10 (VIOLATED)
fanout462/X                              10     20    -10 (VIOLATED)
fanout465/X                              10     20    -10 (VIOLATED)
fanout467/X                              10     20    -10 (VIOLATED)
fanout469/X                              10     20    -10 (VIOLATED)
fanout470/X                              10     20    -10 (VIOLATED)
fanout471/X                              10     20    -10 (VIOLATED)
fanout473/X                              10     20    -10 (VIOLATED)
fanout474/X                              10     20    -10 (VIOLATED)
fanout477/X                              10     20    -10 (VIOLATED)
fanout478/X                              10     20    -10 (VIOLATED)
fanout481/X                              10     20    -10 (VIOLATED)
fanout482/X                              10     20    -10 (VIOLATED)
fanout485/X                              10     20    -10 (VIOLATED)
fanout487/X                              10     20    -10 (VIOLATED)
fanout512/X                              10     20    -10 (VIOLATED)
fanout514/X                              10     20    -10 (VIOLATED)
fanout516/X                              10     20    -10 (VIOLATED)
fanout517/X                              10     20    -10 (VIOLATED)
fanout518/X                              10     20    -10 (VIOLATED)
fanout520/X                              10     20    -10 (VIOLATED)
fanout522/X                              10     20    -10 (VIOLATED)
fanout524/X                              10     20    -10 (VIOLATED)
fanout526/X                              10     20    -10 (VIOLATED)
fanout528/X                              10     20    -10 (VIOLATED)
fanout529/X                              10     20    -10 (VIOLATED)
fanout532/X                              10     20    -10 (VIOLATED)
fanout534/X                              10     20    -10 (VIOLATED)
fanout536/X                              10     20    -10 (VIOLATED)
fanout538/X                              10     20    -10 (VIOLATED)
fanout540/X                              10     20    -10 (VIOLATED)
fanout542/X                              10     20    -10 (VIOLATED)
fanout544/X                              10     20    -10 (VIOLATED)
fanout546/X                              10     20    -10 (VIOLATED)
fanout550/X                              10     20    -10 (VIOLATED)
fanout551/X                              10     20    -10 (VIOLATED)
fanout553/X                              10     20    -10 (VIOLATED)
fanout554/X                              10     20    -10 (VIOLATED)
fanout557/X                              10     20    -10 (VIOLATED)
fanout558/X                              10     20    -10 (VIOLATED)
fanout561/X                              10     20    -10 (VIOLATED)
fanout563/X                              10     20    -10 (VIOLATED)
fanout567/X                              10     20    -10 (VIOLATED)
fanout576/X                              10     20    -10 (VIOLATED)
fanout583/X                              10     20    -10 (VIOLATED)
fanout592/X                              10     20    -10 (VIOLATED)
fanout594/X                              10     20    -10 (VIOLATED)
fanout596/X                              10     20    -10 (VIOLATED)
fanout598/X                              10     20    -10 (VIOLATED)
fanout600/X                              10     20    -10 (VIOLATED)
fanout601/X                              10     20    -10 (VIOLATED)
fanout604/X                              10     20    -10 (VIOLATED)
fanout605/X                              10     20    -10 (VIOLATED)
fanout608/X                              10     20    -10 (VIOLATED)
fanout609/X                              10     20    -10 (VIOLATED)
fanout612/X                              10     20    -10 (VIOLATED)
fanout613/X                              10     20    -10 (VIOLATED)
fanout616/X                              10     20    -10 (VIOLATED)
fanout617/X                              10     20    -10 (VIOLATED)
fanout620/X                              10     20    -10 (VIOLATED)
fanout622/X                              10     20    -10 (VIOLATED)
fanout624/X                              10     20    -10 (VIOLATED)
fanout625/X                              10     20    -10 (VIOLATED)
fanout628/X                              10     20    -10 (VIOLATED)
fanout629/X                              10     20    -10 (VIOLATED)
fanout632/X                              10     20    -10 (VIOLATED)
fanout633/X                              10     20    -10 (VIOLATED)
fanout636/X                              10     20    -10 (VIOLATED)
fanout637/X                              10     20    -10 (VIOLATED)
fanout639/X                              10     20    -10 (VIOLATED)
fanout640/X                              10     20    -10 (VIOLATED)
fanout642/X                              10     20    -10 (VIOLATED)
fanout644/X                              10     20    -10 (VIOLATED)
fanout646/X                              10     20    -10 (VIOLATED)
fanout647/X                              10     20    -10 (VIOLATED)
fanout650/X                              10     20    -10 (VIOLATED)
fanout651/X                              10     20    -10 (VIOLATED)
fanout652/X                              10     20    -10 (VIOLATED)
fanout653/X                              10     20    -10 (VIOLATED)
fanout654/X                              10     20    -10 (VIOLATED)
fanout657/X                              10     20    -10 (VIOLATED)
fanout658/X                              10     20    -10 (VIOLATED)
fanout661/X                              10     20    -10 (VIOLATED)
fanout662/X                              10     20    -10 (VIOLATED)
fanout665/X                              10     20    -10 (VIOLATED)
fanout666/X                              10     20    -10 (VIOLATED)
fanout669/X                              10     20    -10 (VIOLATED)
fanout670/X                              10     20    -10 (VIOLATED)
fanout673/X                              10     20    -10 (VIOLATED)
fanout674/X                              10     20    -10 (VIOLATED)
fanout677/X                              10     20    -10 (VIOLATED)
fanout678/X                              10     20    -10 (VIOLATED)
fanout681/X                              10     20    -10 (VIOLATED)
fanout682/X                              10     20    -10 (VIOLATED)
fanout685/X                              10     20    -10 (VIOLATED)
fanout686/X                              10     20    -10 (VIOLATED)
fanout689/X                              10     20    -10 (VIOLATED)
fanout690/X                              10     20    -10 (VIOLATED)
fanout693/X                              10     20    -10 (VIOLATED)
fanout694/X                              10     20    -10 (VIOLATED)
fanout697/X                              10     20    -10 (VIOLATED)
fanout699/X                              10     20    -10 (VIOLATED)
fanout701/X                              10     20    -10 (VIOLATED)
fanout702/X                              10     20    -10 (VIOLATED)
fanout704/X                              10     20    -10 (VIOLATED)
fanout705/X                              10     20    -10 (VIOLATED)
fanout708/X                              10     20    -10 (VIOLATED)
fanout709/X                              10     20    -10 (VIOLATED)
fanout712/X                              10     20    -10 (VIOLATED)
fanout713/X                              10     20    -10 (VIOLATED)
fanout715/X                              10     20    -10 (VIOLATED)
fanout716/X                              10     20    -10 (VIOLATED)
fanout719/X                              10     20    -10 (VIOLATED)
fanout721/X                              10     20    -10 (VIOLATED)
fanout723/X                              10     20    -10 (VIOLATED)
fanout725/X                              10     20    -10 (VIOLATED)
fanout730/X                              10     20    -10 (VIOLATED)
fanout736/X                              10     20    -10 (VIOLATED)
fanout740/X                              10     20    -10 (VIOLATED)
fanout744/X                              10     20    -10 (VIOLATED)
fanout746/X                              10     20    -10 (VIOLATED)
fanout748/X                              10     20    -10 (VIOLATED)
fanout750/X                              10     20    -10 (VIOLATED)
fanout751/X                              10     20    -10 (VIOLATED)
fanout753/X                              10     20    -10 (VIOLATED)
fanout754/X                              10     20    -10 (VIOLATED)
fanout756/X                              10     20    -10 (VIOLATED)
fanout758/X                              10     20    -10 (VIOLATED)
fanout760/X                              10     20    -10 (VIOLATED)
fanout761/X                              10     20    -10 (VIOLATED)
fanout764/X                              10     20    -10 (VIOLATED)
fanout765/X                              10     20    -10 (VIOLATED)
fanout768/X                              10     20    -10 (VIOLATED)
fanout769/X                              10     20    -10 (VIOLATED)
fanout772/X                              10     20    -10 (VIOLATED)
fanout773/X                              10     20    -10 (VIOLATED)
fanout776/X                              10     20    -10 (VIOLATED)
fanout777/X                              10     20    -10 (VIOLATED)
fanout780/X                              10     20    -10 (VIOLATED)
fanout781/X                              10     20    -10 (VIOLATED)
fanout783/X                              10     20    -10 (VIOLATED)
fanout784/X                              10     20    -10 (VIOLATED)
fanout786/X                              10     20    -10 (VIOLATED)
fanout787/X                              10     20    -10 (VIOLATED)
fanout789/X                              10     20    -10 (VIOLATED)
fanout790/X                              10     20    -10 (VIOLATED)
fanout793/X                              10     20    -10 (VIOLATED)
fanout794/X                              10     20    -10 (VIOLATED)
fanout797/X                              10     20    -10 (VIOLATED)
fanout798/X                              10     20    -10 (VIOLATED)
fanout801/X                              10     20    -10 (VIOLATED)
fanout802/X                              10     20    -10 (VIOLATED)
fanout805/X                              10     20    -10 (VIOLATED)
fanout806/X                              10     20    -10 (VIOLATED)
fanout809/X                              10     20    -10 (VIOLATED)
fanout810/X                              10     20    -10 (VIOLATED)
fanout813/X                              10     20    -10 (VIOLATED)
fanout817/X                              10     20    -10 (VIOLATED)
fanout818/X                              10     20    -10 (VIOLATED)
fanout821/X                              10     20    -10 (VIOLATED)
fanout822/X                              10     20    -10 (VIOLATED)
fanout825/X                              10     20    -10 (VIOLATED)
fanout826/X                              10     20    -10 (VIOLATED)
fanout829/X                              10     20    -10 (VIOLATED)
fanout830/X                              10     20    -10 (VIOLATED)
fanout832/X                              10     20    -10 (VIOLATED)
fanout833/X                              10     20    -10 (VIOLATED)
fanout836/X                              10     20    -10 (VIOLATED)
fanout837/X                              10     20    -10 (VIOLATED)
fanout840/X                              10     20    -10 (VIOLATED)
fanout841/X                              10     20    -10 (VIOLATED)
fanout844/X                              10     20    -10 (VIOLATED)
fanout845/X                              10     20    -10 (VIOLATED)
fanout848/X                              10     20    -10 (VIOLATED)
fanout849/X                              10     20    -10 (VIOLATED)
fanout852/X                              10     20    -10 (VIOLATED)
fanout853/X                              10     20    -10 (VIOLATED)
fanout856/X                              10     20    -10 (VIOLATED)
fanout857/X                              10     20    -10 (VIOLATED)
fanout860/X                              10     20    -10 (VIOLATED)
fanout861/X                              10     20    -10 (VIOLATED)
fanout863/X                              10     20    -10 (VIOLATED)
fanout864/X                              10     20    -10 (VIOLATED)
fanout868/X                              10     20    -10 (VIOLATED)
fanout870/X                              10     20    -10 (VIOLATED)
fanout871/X                              10     20    -10 (VIOLATED)
fanout873/X                              10     20    -10 (VIOLATED)
fanout876/X                              10     20    -10 (VIOLATED)
fanout877/X                              10     20    -10 (VIOLATED)
fanout878/X                              10     20    -10 (VIOLATED)
fanout879/X                              10     20    -10 (VIOLATED)
fanout881/X                              10     20    -10 (VIOLATED)
fanout882/X                              10     20    -10 (VIOLATED)
fanout883/X                              10     20    -10 (VIOLATED)
fanout884/X                              10     20    -10 (VIOLATED)
fanout887/X                              10     20    -10 (VIOLATED)
fanout888/X                              10     20    -10 (VIOLATED)
fanout898/X                              10     20    -10 (VIOLATED)
fanout903/X                              10     20    -10 (VIOLATED)
fanout906/X                              10     20    -10 (VIOLATED)
fanout907/X                              10     20    -10 (VIOLATED)
fanout909/X                              10     20    -10 (VIOLATED)
fanout910/X                              10     20    -10 (VIOLATED)
fanout912/X                              10     20    -10 (VIOLATED)
fanout915/X                              10     20    -10 (VIOLATED)
fanout917/X                              10     20    -10 (VIOLATED)
fanout935/X                              10     20    -10 (VIOLATED)
fanout937/X                              10     20    -10 (VIOLATED)
fanout938/X                              10     20    -10 (VIOLATED)
fanout941/X                              10     20    -10 (VIOLATED)
fanout945/X                              10     20    -10 (VIOLATED)
fanout951/X                              10     20    -10 (VIOLATED)
fanout954/X                              10     20    -10 (VIOLATED)
fanout957/X                              10     20    -10 (VIOLATED)
fanout963/X                              10     20    -10 (VIOLATED)
fanout965/X                              10     20    -10 (VIOLATED)
fanout967/X                              10     20    -10 (VIOLATED)
fanout970/X                              10     20    -10 (VIOLATED)
fanout979/X                              10     20    -10 (VIOLATED)
fanout980/X                              10     20    -10 (VIOLATED)
fanout987/X                              10     20    -10 (VIOLATED)
fanout991/X                              10     20    -10 (VIOLATED)
clkbuf_leaf_38_wb_clk_i/X                10     19     -9 (VIOLATED)
clkbuf_leaf_54_wb_clk_i/X                10     19     -9 (VIOLATED)
_07803_/Y                                10     18     -8 (VIOLATED)
_07907_/Y                                10     18     -8 (VIOLATED)
_08037_/Y                                10     18     -8 (VIOLATED)
_08874_/Y                                10     18     -8 (VIOLATED)
_09064_/X                                10     18     -8 (VIOLATED)
_09666_/Y                                10     18     -8 (VIOLATED)
_09741_/X                                10     18     -8 (VIOLATED)
_10254_/X                                10     18     -8 (VIOLATED)
_11779_/Y                                10     18     -8 (VIOLATED)
_11783_/Y                                10     18     -8 (VIOLATED)
_11784_/X                                10     18     -8 (VIOLATED)
_11787_/Y                                10     18     -8 (VIOLATED)
_11789_/X                                10     18     -8 (VIOLATED)
_11791_/Y                                10     18     -8 (VIOLATED)
_11793_/X                                10     18     -8 (VIOLATED)
_11794_/Y                                10     18     -8 (VIOLATED)
_11795_/X                                10     18     -8 (VIOLATED)
_11796_/Y                                10     18     -8 (VIOLATED)
_11798_/X                                10     18     -8 (VIOLATED)
_11799_/X                                10     18     -8 (VIOLATED)
_11802_/X                                10     18     -8 (VIOLATED)
_11803_/X                                10     18     -8 (VIOLATED)
_11808_/X                                10     18     -8 (VIOLATED)
_11810_/Y                                10     18     -8 (VIOLATED)
_11816_/Y                                10     18     -8 (VIOLATED)
_11817_/X                                10     18     -8 (VIOLATED)
_11819_/X                                10     18     -8 (VIOLATED)
_11820_/X                                10     18     -8 (VIOLATED)
_11822_/X                                10     18     -8 (VIOLATED)
_11824_/X                                10     18     -8 (VIOLATED)
_11825_/Y                                10     18     -8 (VIOLATED)
_11826_/Y                                10     18     -8 (VIOLATED)
_11828_/X                                10     18     -8 (VIOLATED)
_11829_/X                                10     18     -8 (VIOLATED)
_17567_/Q                                10     18     -8 (VIOLATED)
clkbuf_4_0__f_wb_clk_i/X                 10     18     -8 (VIOLATED)
clkbuf_4_15__f_wb_clk_i/X                10     18     -8 (VIOLATED)
clkbuf_4_1__f_wb_clk_i/X                 10     18     -8 (VIOLATED)
clkbuf_4_2__f_wb_clk_i/X                 10     18     -8 (VIOLATED)
clkbuf_4_5__f_wb_clk_i/X                 10     18     -8 (VIOLATED)
clkbuf_4_8__f_wb_clk_i/X                 10     18     -8 (VIOLATED)
clkbuf_leaf_66_wb_clk_i/X                10     18     -8 (VIOLATED)
clkbuf_leaf_90_wb_clk_i/X                10     18     -8 (VIOLATED)
fanout1000/X                             10     18     -8 (VIOLATED)
fanout1050/X                             10     18     -8 (VIOLATED)
fanout1059/X                             10     18     -8 (VIOLATED)
fanout1146/X                             10     18     -8 (VIOLATED)
fanout1166/X                             10     18     -8 (VIOLATED)
fanout226/X                              10     18     -8 (VIOLATED)
fanout378/X                              10     18     -8 (VIOLATED)
fanout463/X                              10     18     -8 (VIOLATED)
fanout483/X                              10     18     -8 (VIOLATED)
fanout571/X                              10     18     -8 (VIOLATED)
fanout588/X                              10     18     -8 (VIOLATED)
fanout729/X                              10     18     -8 (VIOLATED)
fanout732/X                              10     18     -8 (VIOLATED)
fanout902/X                              10     18     -8 (VIOLATED)
fanout944/X                              10     18     -8 (VIOLATED)
clkbuf_leaf_130_wb_clk_i/X               10     17     -7 (VIOLATED)
clkbuf_leaf_132_wb_clk_i/X               10     17     -7 (VIOLATED)
clkbuf_leaf_59_wb_clk_i/X                10     17     -7 (VIOLATED)
clkbuf_leaf_75_wb_clk_i/X                10     17     -7 (VIOLATED)
clkbuf_leaf_96_wb_clk_i/X                10     17     -7 (VIOLATED)
_07932_/X                                10     16     -6 (VIOLATED)
_08966_/Y                                10     16     -6 (VIOLATED)
_09207_/Y                                10     16     -6 (VIOLATED)
_09254_/Y                                10     16     -6 (VIOLATED)
_10531_/Y                                10     16     -6 (VIOLATED)
_10884_/Y                                10     16     -6 (VIOLATED)
_10885_/Y                                10     16     -6 (VIOLATED)
_10886_/Y                                10     16     -6 (VIOLATED)
_10887_/X                                10     16     -6 (VIOLATED)
_10888_/X                                10     16     -6 (VIOLATED)
_10892_/Y                                10     16     -6 (VIOLATED)
_10894_/Y                                10     16     -6 (VIOLATED)
_10895_/Y                                10     16     -6 (VIOLATED)
_10897_/Y                                10     16     -6 (VIOLATED)
_10898_/Y                                10     16     -6 (VIOLATED)
_10899_/X                                10     16     -6 (VIOLATED)
_10900_/Y                                10     16     -6 (VIOLATED)
_10901_/Y                                10     16     -6 (VIOLATED)
_10903_/Y                                10     16     -6 (VIOLATED)
_10904_/X                                10     16     -6 (VIOLATED)
_10905_/Y                                10     16     -6 (VIOLATED)
_10907_/Y                                10     16     -6 (VIOLATED)
_10909_/Y                                10     16     -6 (VIOLATED)
_10910_/Y                                10     16     -6 (VIOLATED)
_10911_/Y                                10     16     -6 (VIOLATED)
_10912_/Y                                10     16     -6 (VIOLATED)
_10913_/Y                                10     16     -6 (VIOLATED)
_10914_/Y                                10     16     -6 (VIOLATED)
_10915_/Y                                10     16     -6 (VIOLATED)
_10921_/X                                10     16     -6 (VIOLATED)
_10922_/X                                10     16     -6 (VIOLATED)
_10923_/X                                10     16     -6 (VIOLATED)
_10924_/Y                                10     16     -6 (VIOLATED)
_10925_/Y                                10     16     -6 (VIOLATED)
_10926_/X                                10     16     -6 (VIOLATED)
_10927_/Y                                10     16     -6 (VIOLATED)
_10928_/X                                10     16     -6 (VIOLATED)
_11838_/X                                10     16     -6 (VIOLATED)
_11857_/Y                                10     16     -6 (VIOLATED)
_11859_/X                                10     16     -6 (VIOLATED)
_11861_/X                                10     16     -6 (VIOLATED)
_11867_/X                                10     16     -6 (VIOLATED)
_11869_/X                                10     16     -6 (VIOLATED)
_17732_/Q                                10     16     -6 (VIOLATED)
_17743_/Q                                10     16     -6 (VIOLATED)
_17744_/Q                                10     16     -6 (VIOLATED)
_17745_/Q                                10     16     -6 (VIOLATED)
_17746_/Q                                10     16     -6 (VIOLATED)
_17749_/Q                                10     16     -6 (VIOLATED)
_17759_/Q                                10     16     -6 (VIOLATED)
clkbuf_0_wb_clk_i/X                      10     16     -6 (VIOLATED)
clkbuf_4_10__f_wb_clk_i/X                10     16     -6 (VIOLATED)
clkbuf_4_11__f_wb_clk_i/X                10     16     -6 (VIOLATED)
clkbuf_4_12__f_wb_clk_i/X                10     16     -6 (VIOLATED)
clkbuf_4_14__f_wb_clk_i/X                10     16     -6 (VIOLATED)
clkbuf_4_4__f_wb_clk_i/X                 10     16     -6 (VIOLATED)
clkbuf_4_9__f_wb_clk_i/X                 10     16     -6 (VIOLATED)
clkbuf_leaf_105_wb_clk_i/X               10     16     -6 (VIOLATED)
clkbuf_leaf_17_wb_clk_i/X                10     16     -6 (VIOLATED)
clkbuf_leaf_4_wb_clk_i/X                 10     16     -6 (VIOLATED)
clkbuf_leaf_58_wb_clk_i/X                10     16     -6 (VIOLATED)
clkbuf_leaf_83_wb_clk_i/X                10     16     -6 (VIOLATED)
fanout1030/X                             10     16     -6 (VIOLATED)
fanout1041/X                             10     16     -6 (VIOLATED)
fanout1217/X                             10     16     -6 (VIOLATED)
fanout1239/X                             10     16     -6 (VIOLATED)
fanout1307/X                             10     16     -6 (VIOLATED)
fanout1323/X                             10     16     -6 (VIOLATED)
fanout402/X                              10     16     -6 (VIOLATED)
fanout439/X                              10     16     -6 (VIOLATED)
fanout443/X                              10     16     -6 (VIOLATED)
fanout455/X                              10     16     -6 (VIOLATED)
fanout475/X                              10     16     -6 (VIOLATED)
fanout479/X                              10     16     -6 (VIOLATED)
fanout495/X                              10     16     -6 (VIOLATED)
fanout530/X                              10     16     -6 (VIOLATED)
fanout539/X                              10     16     -6 (VIOLATED)
fanout606/X                              10     16     -6 (VIOLATED)
fanout623/X                              10     16     -6 (VIOLATED)
fanout638/X                              10     16     -6 (VIOLATED)
fanout641/X                              10     16     -6 (VIOLATED)
fanout663/X                              10     16     -6 (VIOLATED)
fanout675/X                              10     16     -6 (VIOLATED)
fanout679/X                              10     16     -6 (VIOLATED)
fanout687/X                              10     16     -6 (VIOLATED)
fanout691/X                              10     16     -6 (VIOLATED)
fanout703/X                              10     16     -6 (VIOLATED)
fanout710/X                              10     16     -6 (VIOLATED)
fanout714/X                              10     16     -6 (VIOLATED)
fanout717/X                              10     16     -6 (VIOLATED)
fanout726/X                              10     16     -6 (VIOLATED)
fanout734/X                              10     16     -6 (VIOLATED)
fanout749/X                              10     16     -6 (VIOLATED)
fanout752/X                              10     16     -6 (VIOLATED)
fanout782/X                              10     16     -6 (VIOLATED)
fanout785/X                              10     16     -6 (VIOLATED)
fanout788/X                              10     16     -6 (VIOLATED)
fanout819/X                              10     16     -6 (VIOLATED)
fanout827/X                              10     16     -6 (VIOLATED)
fanout831/X                              10     16     -6 (VIOLATED)
fanout846/X                              10     16     -6 (VIOLATED)
fanout862/X                              10     16     -6 (VIOLATED)
fanout900/X                              10     16     -6 (VIOLATED)
fanout905/X                              10     16     -6 (VIOLATED)
fanout916/X                              10     16     -6 (VIOLATED)
fanout949/X                              10     16     -6 (VIOLATED)
fanout952/X                              10     16     -6 (VIOLATED)
wire382/X                                10     16     -6 (VIOLATED)
wire384/X                                10     16     -6 (VIOLATED)
wire388/X                                10     16     -6 (VIOLATED)
wire390/X                                10     16     -6 (VIOLATED)
wire391/X                                10     16     -6 (VIOLATED)
clkbuf_leaf_110_wb_clk_i/X               10     15     -5 (VIOLATED)
clkbuf_leaf_116_wb_clk_i/X               10     15     -5 (VIOLATED)
clkbuf_leaf_122_wb_clk_i/X               10     15     -5 (VIOLATED)
clkbuf_leaf_20_wb_clk_i/X                10     15     -5 (VIOLATED)
clkbuf_leaf_43_wb_clk_i/X                10     15     -5 (VIOLATED)
clkbuf_leaf_63_wb_clk_i/X                10     15     -5 (VIOLATED)
clkbuf_leaf_67_wb_clk_i/X                10     15     -5 (VIOLATED)
clkbuf_leaf_85_wb_clk_i/X                10     15     -5 (VIOLATED)
_08005_/X                                10     14     -4 (VIOLATED)
_08166_/Y                                10     14     -4 (VIOLATED)
_08292_/Y                                10     14     -4 (VIOLATED)
_08376_/X                                10     14     -4 (VIOLATED)
_08507_/X                                10     14     -4 (VIOLATED)
_09015_/X                                10     14     -4 (VIOLATED)
_09111_/X                                10     14     -4 (VIOLATED)
_09326_/X                                10     14     -4 (VIOLATED)
_09527_/X                                10     14     -4 (VIOLATED)
_10540_/Y                                10     14     -4 (VIOLATED)
_10823_/Y                                10     14     -4 (VIOLATED)
_11213_/Y                                10     14     -4 (VIOLATED)
_11322_/X                                10     14     -4 (VIOLATED)
_13464_/X                                10     14     -4 (VIOLATED)
_17735_/Q                                10     14     -4 (VIOLATED)
_17754_/Q                                10     14     -4 (VIOLATED)
clkbuf_4_6__f_wb_clk_i/X                 10     14     -4 (VIOLATED)
clkbuf_leaf_101_wb_clk_i/X               10     14     -4 (VIOLATED)
clkbuf_leaf_121_wb_clk_i/X               10     14     -4 (VIOLATED)
clkbuf_leaf_12_wb_clk_i/X                10     14     -4 (VIOLATED)
clkbuf_leaf_139_wb_clk_i/X               10     14     -4 (VIOLATED)
clkbuf_leaf_34_wb_clk_i/X                10     14     -4 (VIOLATED)
clkbuf_leaf_39_wb_clk_i/X                10     14     -4 (VIOLATED)
clkbuf_leaf_52_wb_clk_i/X                10     14     -4 (VIOLATED)
clkbuf_leaf_73_wb_clk_i/X                10     14     -4 (VIOLATED)
clkbuf_leaf_74_wb_clk_i/X                10     14     -4 (VIOLATED)
clkbuf_leaf_84_wb_clk_i/X                10     14     -4 (VIOLATED)
fanout1004/X                             10     14     -4 (VIOLATED)
fanout1023/X                             10     14     -4 (VIOLATED)
fanout1045/X                             10     14     -4 (VIOLATED)
fanout1061/X                             10     14     -4 (VIOLATED)
fanout1068/X                             10     14     -4 (VIOLATED)
fanout1085/X                             10     14     -4 (VIOLATED)
fanout1094/X                             10     14     -4 (VIOLATED)
fanout1144/X                             10     14     -4 (VIOLATED)
fanout1185/X                             10     14     -4 (VIOLATED)
fanout1222/X                             10     14     -4 (VIOLATED)
fanout1273/X                             10     14     -4 (VIOLATED)
fanout1279/X                             10     14     -4 (VIOLATED)
fanout196/X                              10     14     -4 (VIOLATED)
fanout208/X                              10     14     -4 (VIOLATED)
fanout218/X                              10     14     -4 (VIOLATED)
fanout222/X                              10     14     -4 (VIOLATED)
fanout230/X                              10     14     -4 (VIOLATED)
fanout364/X                              10     14     -4 (VIOLATED)
fanout370/X                              10     14     -4 (VIOLATED)
fanout399/X                              10     14     -4 (VIOLATED)
fanout403/X                              10     14     -4 (VIOLATED)
fanout407/X                              10     14     -4 (VIOLATED)
fanout413/X                              10     14     -4 (VIOLATED)
fanout427/X                              10     14     -4 (VIOLATED)
fanout431/X                              10     14     -4 (VIOLATED)
fanout445/X                              10     14     -4 (VIOLATED)
fanout449/X                              10     14     -4 (VIOLATED)
fanout452/X                              10     14     -4 (VIOLATED)
fanout456/X                              10     14     -4 (VIOLATED)
fanout460/X                              10     14     -4 (VIOLATED)
fanout476/X                              10     14     -4 (VIOLATED)
fanout480/X                              10     14     -4 (VIOLATED)
fanout523/X                              10     14     -4 (VIOLATED)
fanout527/X                              10     14     -4 (VIOLATED)
fanout531/X                              10     14     -4 (VIOLATED)
fanout535/X                              10     14     -4 (VIOLATED)
fanout543/X                              10     14     -4 (VIOLATED)
fanout547/X                              10     14     -4 (VIOLATED)
fanout573/X                              10     14     -4 (VIOLATED)
fanout580/X                              10     14     -4 (VIOLATED)
fanout595/X                              10     14     -4 (VIOLATED)
fanout603/X                              10     14     -4 (VIOLATED)
fanout610/X                              10     14     -4 (VIOLATED)
fanout614/X                              10     14     -4 (VIOLATED)
fanout619/X                              10     14     -4 (VIOLATED)
fanout626/X                              10     14     -4 (VIOLATED)
fanout630/X                              10     14     -4 (VIOLATED)
fanout634/X                              10     14     -4 (VIOLATED)
fanout645/X                              10     14     -4 (VIOLATED)
fanout648/X                              10     14     -4 (VIOLATED)
fanout649/X                              10     14     -4 (VIOLATED)
fanout655/X                              10     14     -4 (VIOLATED)
fanout659/X                              10     14     -4 (VIOLATED)
fanout667/X                              10     14     -4 (VIOLATED)
fanout671/X                              10     14     -4 (VIOLATED)
fanout672/X                              10     14     -4 (VIOLATED)
fanout683/X                              10     14     -4 (VIOLATED)
fanout695/X                              10     14     -4 (VIOLATED)
fanout706/X                              10     14     -4 (VIOLATED)
fanout722/X                              10     14     -4 (VIOLATED)
fanout741/X                              10     14     -4 (VIOLATED)
fanout755/X                              10     14     -4 (VIOLATED)
fanout767/X                              10     14     -4 (VIOLATED)
fanout771/X                              10     14     -4 (VIOLATED)
fanout775/X                              10     14     -4 (VIOLATED)
fanout778/X                              10     14     -4 (VIOLATED)
fanout796/X                              10     14     -4 (VIOLATED)
fanout799/X                              10     14     -4 (VIOLATED)
fanout803/X                              10     14     -4 (VIOLATED)
fanout807/X                              10     14     -4 (VIOLATED)
fanout811/X                              10     14     -4 (VIOLATED)
fanout816/X                              10     14     -4 (VIOLATED)
fanout820/X                              10     14     -4 (VIOLATED)
fanout834/X                              10     14     -4 (VIOLATED)
fanout838/X                              10     14     -4 (VIOLATED)
fanout842/X                              10     14     -4 (VIOLATED)
fanout854/X                              10     14     -4 (VIOLATED)
fanout858/X                              10     14     -4 (VIOLATED)
fanout865/X                              10     14     -4 (VIOLATED)
fanout866/X                              10     14     -4 (VIOLATED)
fanout886/X                              10     14     -4 (VIOLATED)
fanout913/X                              10     14     -4 (VIOLATED)
fanout934/X                              10     14     -4 (VIOLATED)
fanout936/X                              10     14     -4 (VIOLATED)
fanout969/X                              10     14     -4 (VIOLATED)
fanout983/X                              10     14     -4 (VIOLATED)
max_cap383/X                             10     14     -4 (VIOLATED)
wire385/X                                10     14     -4 (VIOLATED)
wire386/X                                10     14     -4 (VIOLATED)
wire387/X                                10     14     -4 (VIOLATED)
wire389/X                                10     14     -4 (VIOLATED)
wire500/X                                10     14     -4 (VIOLATED)
clkbuf_leaf_109_wb_clk_i/X               10     13     -3 (VIOLATED)
clkbuf_leaf_112_wb_clk_i/X               10     13     -3 (VIOLATED)
clkbuf_leaf_120_wb_clk_i/X               10     13     -3 (VIOLATED)
clkbuf_leaf_123_wb_clk_i/X               10     13     -3 (VIOLATED)
clkbuf_leaf_126_wb_clk_i/X               10     13     -3 (VIOLATED)
clkbuf_leaf_135_wb_clk_i/X               10     13     -3 (VIOLATED)
clkbuf_leaf_13_wb_clk_i/X                10     13     -3 (VIOLATED)
clkbuf_leaf_1_wb_clk_i/X                 10     13     -3 (VIOLATED)
clkbuf_leaf_25_wb_clk_i/X                10     13     -3 (VIOLATED)
clkbuf_leaf_69_wb_clk_i/X                10     13     -3 (VIOLATED)
clkbuf_leaf_7_wb_clk_i/X                 10     13     -3 (VIOLATED)
clkbuf_leaf_87_wb_clk_i/X                10     13     -3 (VIOLATED)
clkbuf_leaf_95_wb_clk_i/X                10     13     -3 (VIOLATED)
clkbuf_leaf_97_wb_clk_i/X                10     13     -3 (VIOLATED)
clkbuf_leaf_99_wb_clk_i/X                10     13     -3 (VIOLATED)
_07935_/Y                                10     12     -2 (VIOLATED)
_08026_/X                                10     12     -2 (VIOLATED)
_09600_/X                                10     12     -2 (VIOLATED)
_11221_/X                                10     12     -2 (VIOLATED)
_17399_/Q                                10     12     -2 (VIOLATED)
_17525_/Q                                10     12     -2 (VIOLATED)
_17693_/Q                                10     12     -2 (VIOLATED)
_17736_/Q                                10     12     -2 (VIOLATED)
_17738_/Q                                10     12     -2 (VIOLATED)
_17752_/Q                                10     12     -2 (VIOLATED)
_17755_/Q                                10     12     -2 (VIOLATED)
_17757_/Q                                10     12     -2 (VIOLATED)
clkbuf_leaf_100_wb_clk_i/X               10     12     -2 (VIOLATED)
clkbuf_leaf_106_wb_clk_i/X               10     12     -2 (VIOLATED)
clkbuf_leaf_108_wb_clk_i/X               10     12     -2 (VIOLATED)
clkbuf_leaf_111_wb_clk_i/X               10     12     -2 (VIOLATED)
clkbuf_leaf_115_wb_clk_i/X               10     12     -2 (VIOLATED)
clkbuf_leaf_11_wb_clk_i/X                10     12     -2 (VIOLATED)
clkbuf_leaf_127_wb_clk_i/X               10     12     -2 (VIOLATED)
clkbuf_leaf_37_wb_clk_i/X                10     12     -2 (VIOLATED)
clkbuf_leaf_45_wb_clk_i/X                10     12     -2 (VIOLATED)
clkbuf_leaf_53_wb_clk_i/X                10     12     -2 (VIOLATED)
clkbuf_leaf_56_wb_clk_i/X                10     12     -2 (VIOLATED)
clkbuf_leaf_60_wb_clk_i/X                10     12     -2 (VIOLATED)
clkbuf_leaf_76_wb_clk_i/X                10     12     -2 (VIOLATED)
fanout1118/X                             10     12     -2 (VIOLATED)
fanout1123/X                             10     12     -2 (VIOLATED)
fanout1186/X                             10     12     -2 (VIOLATED)
fanout1207/X                             10     12     -2 (VIOLATED)
fanout1289/X                             10     12     -2 (VIOLATED)
fanout1298/X                             10     12     -2 (VIOLATED)
fanout1310/X                             10     12     -2 (VIOLATED)
fanout1324/X                             10     12     -2 (VIOLATED)
fanout228/X                              10     12     -2 (VIOLATED)
fanout280/X                              10     12     -2 (VIOLATED)
fanout295/X                              10     12     -2 (VIOLATED)
fanout365/X                              10     12     -2 (VIOLATED)
fanout409/X                              10     12     -2 (VIOLATED)
fanout411/X                              10     12     -2 (VIOLATED)
fanout417/X                              10     12     -2 (VIOLATED)
fanout419/X                              10     12     -2 (VIOLATED)
fanout433/X                              10     12     -2 (VIOLATED)
fanout435/X                              10     12     -2 (VIOLATED)
fanout464/X                              10     12     -2 (VIOLATED)
fanout466/X                              10     12     -2 (VIOLATED)
fanout468/X                              10     12     -2 (VIOLATED)
fanout484/X                              10     12     -2 (VIOLATED)
fanout486/X                              10     12     -2 (VIOLATED)
fanout488/X                              10     12     -2 (VIOLATED)
fanout510/X                              10     12     -2 (VIOLATED)
fanout513/X                              10     12     -2 (VIOLATED)
fanout515/X                              10     12     -2 (VIOLATED)
fanout533/X                              10     12     -2 (VIOLATED)
fanout556/X                              10     12     -2 (VIOLATED)
fanout560/X                              10     12     -2 (VIOLATED)
fanout602/X                              10     12     -2 (VIOLATED)
fanout611/X                              10     12     -2 (VIOLATED)
fanout615/X                              10     12     -2 (VIOLATED)
fanout618/X                              10     12     -2 (VIOLATED)
fanout627/X                              10     12     -2 (VIOLATED)
fanout631/X                              10     12     -2 (VIOLATED)
fanout635/X                              10     12     -2 (VIOLATED)
fanout656/X                              10     12     -2 (VIOLATED)
fanout668/X                              10     12     -2 (VIOLATED)
fanout684/X                              10     12     -2 (VIOLATED)
fanout698/X                              10     12     -2 (VIOLATED)
fanout707/X                              10     12     -2 (VIOLATED)
fanout762/X                              10     12     -2 (VIOLATED)
fanout763/X                              10     12     -2 (VIOLATED)
fanout766/X                              10     12     -2 (VIOLATED)
fanout770/X                              10     12     -2 (VIOLATED)
fanout774/X                              10     12     -2 (VIOLATED)
fanout779/X                              10     12     -2 (VIOLATED)
fanout791/X                              10     12     -2 (VIOLATED)
fanout792/X                              10     12     -2 (VIOLATED)
fanout795/X                              10     12     -2 (VIOLATED)
fanout800/X                              10     12     -2 (VIOLATED)
fanout823/X                              10     12     -2 (VIOLATED)
fanout824/X                              10     12     -2 (VIOLATED)
fanout850/X                              10     12     -2 (VIOLATED)
fanout851/X                              10     12     -2 (VIOLATED)
fanout855/X                              10     12     -2 (VIOLATED)
fanout914/X                              10     12     -2 (VIOLATED)
fanout923/X                              10     12     -2 (VIOLATED)
fanout966/X                              10     12     -2 (VIOLATED)
clkbuf_leaf_124_wb_clk_i/X               10     11        (VIOLATED)
clkbuf_leaf_27_wb_clk_i/X                10     11        (VIOLATED)
clkbuf_leaf_48_wb_clk_i/X                10     11        (VIOLATED)
clkbuf_leaf_9_wb_clk_i/X                 10     11        (VIOLATED)
fanout680/X                              10     11        (VIOLATED)

max capacitance

Pin                                        Limit         Cap       Slack
------------------------------------------------------------------------
clkbuf_0_wb_clk_i/X                     0.200000    0.235988   -0.035988 (VIOLATED)
fanout542/X                             0.200000    0.225722   -0.025722 (VIOLATED)
fanout820/X                             0.200000    0.206383   -0.006383 (VIOLATED)
fanout461/X                             0.200000    0.203855   -0.003855 (VIOLATED)
fanout457/X                             0.200000    0.203791   -0.003791 (VIOLATED)
fanout540/X                             0.200000    0.202772   -0.002772 (VIOLATED)
fanout436/X                             0.200000    0.202574   -0.002574 (VIOLATED)



===========================================================================
report_parasitic_annotation -report_unannotated
============================================================================
Found 522 unannotated drivers.
 gpio_in[0]
 gpio_in[10]
 gpio_in[11]
 gpio_in[12]
 gpio_in[13]
 gpio_in[14]
 gpio_in[15]
 gpio_in[16]
 gpio_in[17]
 gpio_in[18]
 gpio_in[19]
 gpio_in[1]
 gpio_in[20]
 gpio_in[21]
 gpio_in[22]
 gpio_in[23]
 gpio_in[24]
 gpio_in[25]
 gpio_in[26]
 gpio_in[27]
 gpio_in[28]
 gpio_in[29]
 gpio_in[2]
 gpio_in[30]
 gpio_in[31]
 gpio_in[32]
 gpio_in[33]
 gpio_in[3]
 gpio_in[4]
 gpio_in[5]
 gpio_in[6]
 gpio_in[7]
 gpio_in[8]
 gpio_in[9]
 la_data_in[0]
 la_data_in[100]
 la_data_in[101]
 la_data_in[102]
 la_data_in[103]
 la_data_in[104]
 la_data_in[105]
 la_data_in[106]
 la_data_in[107]
 la_data_in[108]
 la_data_in[109]
 la_data_in[10]
 la_data_in[110]
 la_data_in[111]
 la_data_in[112]
 la_data_in[113]
 la_data_in[114]
 la_data_in[115]
 la_data_in[116]
 la_data_in[117]
 la_data_in[118]
 la_data_in[119]
 la_data_in[11]
 la_data_in[120]
 la_data_in[121]
 la_data_in[122]
 la_data_in[123]
 la_data_in[124]
 la_data_in[125]
 la_data_in[126]
 la_data_in[127]
 la_data_in[12]
 la_data_in[13]
 la_data_in[14]
 la_data_in[15]
 la_data_in[16]
 la_data_in[17]
 la_data_in[18]
 la_data_in[19]
 la_data_in[1]
 la_data_in[20]
 la_data_in[21]
 la_data_in[22]
 la_data_in[23]
 la_data_in[24]
 la_data_in[25]
 la_data_in[26]
 la_data_in[27]
 la_data_in[28]
 la_data_in[29]
 la_data_in[2]
 la_data_in[30]
 la_data_in[31]
 la_data_in[32]
 la_data_in[33]
 la_data_in[34]
 la_data_in[35]
 la_data_in[36]
 la_data_in[37]
 la_data_in[38]
 la_data_in[39]
 la_data_in[3]
 la_data_in[40]
 la_data_in[41]
 la_data_in[42]
 la_data_in[43]
 la_data_in[44]
 la_data_in[45]
 la_data_in[46]
 la_data_in[47]
 la_data_in[48]
 la_data_in[49]
 la_data_in[4]
 la_data_in[50]
 la_data_in[51]
 la_data_in[52]
 la_data_in[53]
 la_data_in[54]
 la_data_in[55]
 la_data_in[56]
 la_data_in[57]
 la_data_in[58]
 la_data_in[59]
 la_data_in[5]
 la_data_in[60]
 la_data_in[61]
 la_data_in[62]
 la_data_in[63]
 la_data_in[64]
 la_data_in[65]
 la_data_in[66]
 la_data_in[67]
 la_data_in[68]
 la_data_in[69]
 la_data_in[6]
 la_data_in[70]
 la_data_in[71]
 la_data_in[72]
 la_data_in[73]
 la_data_in[74]
 la_data_in[75]
 la_data_in[76]
 la_data_in[77]
 la_data_in[78]
 la_data_in[79]
 la_data_in[7]
 la_data_in[80]
 la_data_in[81]
 la_data_in[82]
 la_data_in[83]
 la_data_in[84]
 la_data_in[85]
 la_data_in[86]
 la_data_in[87]
 la_data_in[88]
 la_data_in[89]
 la_data_in[8]
 la_data_in[90]
 la_data_in[91]
 la_data_in[92]
 la_data_in[93]
 la_data_in[94]
 la_data_in[95]
 la_data_in[96]
 la_data_in[97]
 la_data_in[98]
 la_data_in[99]
 la_data_in[9]
 la_oenb[0]
 la_oenb[100]
 la_oenb[101]
 la_oenb[102]
 la_oenb[103]
 la_oenb[104]
 la_oenb[105]
 la_oenb[106]
 la_oenb[107]
 la_oenb[108]
 la_oenb[109]
 la_oenb[10]
 la_oenb[110]
 la_oenb[111]
 la_oenb[112]
 la_oenb[113]
 la_oenb[114]
 la_oenb[115]
 la_oenb[116]
 la_oenb[117]
 la_oenb[118]
 la_oenb[119]
 la_oenb[11]
 la_oenb[120]
 la_oenb[121]
 la_oenb[122]
 la_oenb[123]
 la_oenb[124]
 la_oenb[125]
 la_oenb[126]
 la_oenb[127]
 la_oenb[12]
 la_oenb[13]
 la_oenb[14]
 la_oenb[15]
 la_oenb[16]
 la_oenb[17]
 la_oenb[18]
 la_oenb[19]
 la_oenb[1]
 la_oenb[20]
 la_oenb[21]
 la_oenb[22]
 la_oenb[23]
 la_oenb[24]
 la_oenb[25]
 la_oenb[26]
 la_oenb[27]
 la_oenb[28]
 la_oenb[29]
 la_oenb[2]
 la_oenb[30]
 la_oenb[31]
 la_oenb[32]
 la_oenb[33]
 la_oenb[34]
 la_oenb[35]
 la_oenb[36]
 la_oenb[37]
 la_oenb[38]
 la_oenb[39]
 la_oenb[3]
 la_oenb[40]
 la_oenb[41]
 la_oenb[42]
 la_oenb[43]
 la_oenb[44]
 la_oenb[45]
 la_oenb[46]
 la_oenb[47]
 la_oenb[48]
 la_oenb[49]
 la_oenb[4]
 la_oenb[50]
 la_oenb[51]
 la_oenb[52]
 la_oenb[53]
 la_oenb[54]
 la_oenb[55]
 la_oenb[56]
 la_oenb[57]
 la_oenb[58]
 la_oenb[59]
 la_oenb[5]
 la_oenb[60]
 la_oenb[61]
 la_oenb[62]
 la_oenb[63]
 la_oenb[64]
 la_oenb[65]
 la_oenb[66]
 la_oenb[67]
 la_oenb[68]
 la_oenb[69]
 la_oenb[6]
 la_oenb[70]
 la_oenb[71]
 la_oenb[72]
 la_oenb[73]
 la_oenb[74]
 la_oenb[75]
 la_oenb[76]
 la_oenb[77]
 la_oenb[78]
 la_oenb[79]
 la_oenb[7]
 la_oenb[80]
 la_oenb[81]
 la_oenb[82]
 la_oenb[83]
 la_oenb[84]
 la_oenb[85]
 la_oenb[86]
 la_oenb[87]
 la_oenb[88]
 la_oenb[89]
 la_oenb[8]
 la_oenb[90]
 la_oenb[91]
 la_oenb[92]
 la_oenb[93]
 la_oenb[94]
 la_oenb[95]
 la_oenb[96]
 la_oenb[97]
 la_oenb[98]
 la_oenb[99]
 la_oenb[9]
 wbs_dat_i[10]
 wbs_dat_i[11]
 wbs_dat_i[12]
 wbs_dat_i[13]
 wbs_dat_i[14]
 wbs_dat_i[15]
 wbs_dat_i[16]
 wbs_dat_i[17]
 wbs_dat_i[18]
 wbs_dat_i[19]
 wbs_dat_i[1]
 wbs_dat_i[20]
 wbs_dat_i[21]
 wbs_dat_i[22]
 wbs_dat_i[23]
 wbs_dat_i[24]
 wbs_dat_i[25]
 wbs_dat_i[26]
 wbs_dat_i[27]
 wbs_dat_i[28]
 wbs_dat_i[29]
 wbs_dat_i[2]
 wbs_dat_i[30]
 wbs_dat_i[31]
 wbs_dat_i[3]
 wbs_dat_i[4]
 wbs_dat_i[5]
 wbs_dat_i[6]
 wbs_dat_i[7]
 wbs_dat_i[8]
 wbs_dat_i[9]
 wbs_sel_i[0]
 wbs_sel_i[1]
 wbs_sel_i[2]
 wbs_sel_i[3]
 _17767__1484/LO
 _17768__1485/LO
 _17769__1486/LO
 _17770__1487/LO
 _17771__1488/LO
 _17772__1489/LO
 _17773__1490/LO
 _17774__1491/LO
 _17775__1492/LO
 _17776__1493/LO
 _17777__1494/LO
 _17778__1495/LO
 _17779__1496/LO
 _17780__1497/LO
 _17781__1498/LO
 _17782__1499/LO
 _17783__1500/LO
 _17784__1501/LO
 _17785__1502/LO
 _17786__1503/LO
 _17787__1504/LO
 _17788__1505/LO
 _17789__1506/LO
 _17790__1507/LO
 _17791__1508/LO
 _17792__1509/LO
 _17793__1510/LO
 _17794__1511/LO
 _17795__1512/LO
 _17796__1513/LO
 _17797__1514/LO
 _17798__1515/LO
 _17799__1516/LO
 _17800__1517/LO
 _17801__1518/LO
 _17802__1519/LO
 _17803__1520/LO
 _17804__1521/LO
 _17805__1325/HI
 _17806__1326/HI
 _17807__1327/HI
 _17808__1328/HI
 _17809__1329/HI
 _17812__1330/HI
 _17813__1331/HI
 _17814__1332/HI
 _17815__1333/HI
 _17816__1334/HI
 _17817__1335/HI
 _17818__1336/HI
 _17819__1337/HI
 _17820__1338/HI
 _17821__1339/HI
 _17822__1340/HI
 _17823__1341/HI
 _17824__1342/HI
 _17825__1343/HI
 _17826__1344/HI
 _17831__1345/HI
 _17832__1346/HI
 _17833__1347/HI
 _17834__1348/HI
 _17835__1349/HI
 _17836__1350/HI
 _17837__1351/HI
 _17838__1352/HI
 _17839__1353/HI
 _17840__1354/HI
 _17841__1355/HI
 _17842__1356/HI
 _17843__1357/HI
 _17844__1358/HI
 _17845__1359/HI
 _17846__1360/HI
 _17847__1361/HI
 _17848__1362/HI
 _17849__1363/HI
 _17850__1364/HI
 _17851__1365/HI
 _17852__1366/HI
 _17853__1367/HI
 _17854__1368/HI
 _17855__1369/HI
 _17856__1370/HI
 _17857__1371/HI
 _17858__1372/HI
 _17859__1373/HI
 _17860__1374/HI
 _17861__1375/HI
 _17862__1376/HI
 _17863__1377/HI
 _17864__1378/HI
 _17865__1379/HI
 _17866__1380/HI
 _17867__1381/HI
 _17868__1382/HI
 _17869__1383/HI
 _17870__1384/HI
 _17871__1385/HI
 _17872__1386/HI
 _17873__1387/HI
 _17874__1388/HI
 _17875__1389/HI
 _17876__1390/HI
 _17877__1391/HI
 _17878__1392/HI
 _17879__1393/HI
 _17880__1394/HI
 _17881__1395/HI
 _17882__1396/HI
 _17883__1397/HI
 _17884__1398/HI
 _17885__1399/HI
 _17886__1400/HI
 _17887__1401/HI
 _17888__1402/HI
 _17889__1403/HI
 _17890__1404/HI
 _17891__1405/HI
 _17892__1406/HI
 _17893__1407/HI
 _17894__1408/HI
 _17895__1409/HI
 _17896__1410/HI
 _17897__1411/HI
 _17898__1412/HI
 _17899__1413/HI
 _17900__1414/HI
 _17901__1415/HI
 _17902__1416/HI
 _17903__1417/HI
 _17904__1418/HI
 _17905__1419/HI
 _17906__1420/HI
 _17907__1421/HI
 _17908__1422/HI
 _17909__1423/HI
 _17910__1424/HI
 _17911__1425/HI
 _17912__1426/HI
 _17913__1427/HI
 _17914__1428/HI
 _17915__1429/HI
 _17916__1430/HI
 _17917__1431/HI
 _17918__1432/HI
 _17919__1433/HI
 _17920__1434/HI
 _17921__1435/HI
 _17922__1436/HI
 _17923__1437/HI
 _17924__1438/HI
 _17925__1439/HI
 _17926__1440/HI
 _17927__1441/HI
 _17928__1442/HI
 _17929__1443/HI
 _17930__1444/HI
 _17931__1445/HI
 _17932__1446/HI
 _17933__1447/HI
 _17934__1448/HI
 _17935__1449/HI
 _17936__1450/HI
 _17937__1451/HI
 _17938__1452/HI
 _17939__1453/HI
 _17940__1454/HI
 _17941__1455/HI
 _17942__1456/HI
 _17943__1457/HI
 _17944__1458/HI
 _17945__1459/HI
 _17946__1460/HI
 _17947__1461/HI
 _17948__1462/HI
 _17949__1463/HI
 _17950__1464/HI
 _17951__1465/HI
 _17952__1466/HI
 _17953__1467/HI
 _17954__1468/HI
 _17955__1469/HI
 _17956__1470/HI
 _17957__1471/HI
 _17958__1472/HI
 _17959__1473/HI
 _17960__1474/HI
 _17961__1475/HI
 _17965__1476/HI
 _17969__1477/HI
 _17975__1478/HI
 _17978__1479/HI
 _17981__1480/HI
 _17983__1481/HI
 _17985__1482/HI
 _17990__1483/HI
Found 0 partially unannotated drivers.

===========================================================================
max slew violation count 0
max fanout violation count 794
max cap violation count 7
============================================================================

===========================================================================
check_setup -verbose -unconstrained_endpoints -multiple_clock -no_clock -no_input_delay -loops -generated_clocks
===========================================================================
Warning: There are 20 unclocked register/latch pins.
  _17527_/CLK
  _17528_/CLK
  _17529_/CLK
  _17530_/CLK
  _17531_/CLK
  _17532_/CLK
  _17533_/CLK
  _17534_/CLK
  _17535_/CLK
  _17536_/CLK
  _17537_/CLK
  _17538_/CLK
  _17539_/CLK
  _17540_/CLK
  _17541_/CLK
  _17542_/CLK
  _17650_/CLK
  _17651_/CLK
  _17652_/CLK
  _17653_/CLK
Warning: There are 221 unconstrained endpoints.
  gpio_oeb[0]
  gpio_oeb[10]
  gpio_oeb[11]
  gpio_oeb[12]
  gpio_oeb[13]
  gpio_oeb[14]
  gpio_oeb[15]
  gpio_oeb[16]
  gpio_oeb[17]
  gpio_oeb[18]
  gpio_oeb[19]
  gpio_oeb[1]
  gpio_oeb[20]
  gpio_oeb[21]
  gpio_oeb[22]
  gpio_oeb[23]
  gpio_oeb[24]
  gpio_oeb[25]
  gpio_oeb[26]
  gpio_oeb[27]
  gpio_oeb[28]
  gpio_oeb[29]
  gpio_oeb[2]
  gpio_oeb[30]
  gpio_oeb[31]
  gpio_oeb[32]
  gpio_oeb[33]
  gpio_oeb[34]
  gpio_oeb[35]
  gpio_oeb[36]
  gpio_oeb[37]
  gpio_oeb[3]
  gpio_oeb[4]
  gpio_oeb[5]
  gpio_oeb[6]
  gpio_oeb[7]
  gpio_oeb[8]
  gpio_oeb[9]
  gpio_out[0]
  gpio_out[15]
  gpio_out[16]
  gpio_out[17]
  gpio_out[18]
  gpio_out[19]
  gpio_out[1]
  gpio_out[20]
  gpio_out[21]
  gpio_out[22]
  gpio_out[23]
  gpio_out[24]
  gpio_out[25]
  gpio_out[26]
  gpio_out[27]
  gpio_out[28]
  gpio_out[29]
  gpio_out[2]
  gpio_out[30]
  gpio_out[31]
  gpio_out[32]
  gpio_out[33]
  gpio_out[3]
  gpio_out[4]
  irq[0]
  irq[1]
  irq[2]
  la_data_out[0]
  la_data_out[100]
  la_data_out[101]
  la_data_out[102]
  la_data_out[103]
  la_data_out[104]
  la_data_out[105]
  la_data_out[106]
  la_data_out[107]
  la_data_out[108]
  la_data_out[109]
  la_data_out[10]
  la_data_out[110]
  la_data_out[111]
  la_data_out[112]
  la_data_out[113]
  la_data_out[114]
  la_data_out[115]
  la_data_out[116]
  la_data_out[117]
  la_data_out[118]
  la_data_out[119]
  la_data_out[11]
  la_data_out[120]
  la_data_out[121]
  la_data_out[122]
  la_data_out[123]
  la_data_out[124]
  la_data_out[125]
  la_data_out[126]
  la_data_out[127]
  la_data_out[12]
  la_data_out[13]
  la_data_out[14]
  la_data_out[15]
  la_data_out[16]
  la_data_out[17]
  la_data_out[18]
  la_data_out[19]
  la_data_out[1]
  la_data_out[20]
  la_data_out[21]
  la_data_out[22]
  la_data_out[23]
  la_data_out[24]
  la_data_out[25]
  la_data_out[26]
  la_data_out[27]
  la_data_out[28]
  la_data_out[29]
  la_data_out[2]
  la_data_out[30]
  la_data_out[31]
  la_data_out[32]
  la_data_out[33]
  la_data_out[34]
  la_data_out[35]
  la_data_out[36]
  la_data_out[37]
  la_data_out[38]
  la_data_out[39]
  la_data_out[3]
  la_data_out[40]
  la_data_out[41]
  la_data_out[42]
  la_data_out[43]
  la_data_out[44]
  la_data_out[45]
  la_data_out[46]
  la_data_out[47]
  la_data_out[48]
  la_data_out[49]
  la_data_out[4]
  la_data_out[50]
  la_data_out[51]
  la_data_out[52]
  la_data_out[53]
  la_data_out[54]
  la_data_out[55]
  la_data_out[56]
  la_data_out[57]
  la_data_out[58]
  la_data_out[59]
  la_data_out[5]
  la_data_out[60]
  la_data_out[61]
  la_data_out[62]
  la_data_out[63]
  la_data_out[64]
  la_data_out[65]
  la_data_out[66]
  la_data_out[67]
  la_data_out[68]
  la_data_out[69]
  la_data_out[6]
  la_data_out[70]
  la_data_out[71]
  la_data_out[72]
  la_data_out[73]
  la_data_out[74]
  la_data_out[75]
  la_data_out[76]
  la_data_out[77]
  la_data_out[78]
  la_data_out[79]
  la_data_out[7]
  la_data_out[80]
  la_data_out[81]
  la_data_out[82]
  la_data_out[83]
  la_data_out[84]
  la_data_out[85]
  la_data_out[86]
  la_data_out[87]
  la_data_out[88]
  la_data_out[89]
  la_data_out[8]
  la_data_out[90]
  la_data_out[91]
  la_data_out[92]
  la_data_out[93]
  la_data_out[94]
  la_data_out[95]
  la_data_out[96]
  la_data_out[97]
  la_data_out[98]
  la_data_out[99]
  la_data_out[9]
  wbs_dat_o[14]
  wbs_dat_o[17]
  wbs_dat_o[20]
  wbs_dat_o[22]
  wbs_dat_o[24]
  wbs_dat_o[29]
  wbs_dat_o[4]
  wbs_dat_o[8]
  _17527_/D
  _17528_/D
  _17529_/D
  _17530_/D
  _17531_/D
  _17532_/D
  _17533_/D
  _17534_/D
  _17535_/D
  _17536_/D
  _17537_/D
  _17538_/D
  _17539_/D
  _17540_/D
  _17541_/D
  _17542_/D
  _17650_/D
  _17651_/D
  _17652_/D
  _17653_/D
