
===========================================================================
report_checks -unconstrained
===========================================================================
======================= max_ff_n40C_1v95 Corner ===================================

Startpoint: wb_rst_i (input port clocked by wb_clk_i)
Endpoint: _3998_ (recovery check against rising-edge clock wb_clk_i)
Path Group: asynchronous
Path Type: max

Fanout         Cap        Slew       Delay        Time   Description
---------------------------------------------------------------------------------------------
                                  0.000000    0.000000   clock wb_clk_i (rise edge)
                                  0.000000    0.000000   clock network delay (propagated)
                                 20.000000   20.000000 ^ input external delay
     2    0.003589    0.016753    0.009345   20.009346 ^ wb_rst_i (in)
                                                         wb_rst_i (net)
                      0.016754    0.000000   20.009346 ^ input7/A (sky130_fd_sc_hd__buf_2)
     5    0.062049    0.228131    0.194959   20.204304 ^ input7/X (sky130_fd_sc_hd__buf_2)
                                                         net7 (net)
                      0.229393    0.013753   20.218058 ^ fanout299/A (sky130_fd_sc_hd__clkbuf_4)
    11    0.078900    0.181780    0.233735   20.451792 ^ fanout299/X (sky130_fd_sc_hd__clkbuf_4)
                                                         net299 (net)
                      0.181807    0.001871   20.453663 ^ fanout283/A (sky130_fd_sc_hd__buf_2)
    13    0.061981    0.227170    0.231401   20.685062 ^ fanout283/X (sky130_fd_sc_hd__buf_2)
                                                         net283 (net)
                      0.227477    0.006869   20.691933 ^ fanout274/A (sky130_fd_sc_hd__buf_2)
    13    0.055048    0.202509    0.218002   20.909933 ^ fanout274/X (sky130_fd_sc_hd__buf_2)
                                                         net274 (net)
                      0.202551    0.002469   20.912403 ^ fanout272/A (sky130_fd_sc_hd__buf_4)
    10    0.063502    0.135762    0.170543   21.082945 ^ fanout272/X (sky130_fd_sc_hd__buf_4)
                                                         net272 (net)
                      0.135859    0.003038   21.085983 ^ fanout271/A (sky130_fd_sc_hd__buf_4)
    10    0.061951    0.132057    0.163913   21.249897 ^ fanout271/X (sky130_fd_sc_hd__buf_4)
                                                         net271 (net)
                      0.132466    0.006002   21.255899 ^ _3998_/RESET_B (sky130_fd_sc_hd__dfrtp_1)
                                             21.255899   data arrival time

                                100.000000  100.000000   clock wb_clk_i (rise edge)
                                  0.000000  100.000000   clock source latency
     2    0.061866    0.210752    0.149150  100.149147 ^ wb_clk_i (in)
                                                         wb_clk_i (net)
                      0.210968    0.000000  100.149147 ^ clkbuf_0_wb_clk_i/A (sky130_fd_sc_hd__clkbuf_16)
     9    0.093830    0.086499    0.161783  100.310928 ^ clkbuf_0_wb_clk_i/X (sky130_fd_sc_hd__clkbuf_16)
                                                         clknet_0_wb_clk_i (net)
                      0.086889    0.004626  100.315559 ^ clkbuf_2_2__f_wb_clk_i/A (sky130_fd_sc_hd__clkbuf_16)
    19    0.102847    0.091410    0.143402  100.458961 ^ clkbuf_2_2__f_wb_clk_i/X (sky130_fd_sc_hd__clkbuf_16)
                                                         clknet_2_2__leaf_wb_clk_i (net)
                      0.092413    0.007645  100.466606 ^ clkbuf_leaf_25_wb_clk_i/A (sky130_fd_sc_hd__clkbuf_8)
    39    0.096899    0.131547    0.169749  100.636353 ^ clkbuf_leaf_25_wb_clk_i/X (sky130_fd_sc_hd__clkbuf_8)
                                                         clknet_leaf_25_wb_clk_i (net)
                      0.132391    0.008512  100.644867 ^ _3998_/CLK (sky130_fd_sc_hd__dfrtp_1)
                                 -0.250000  100.394867   clock uncertainty
                                  0.000000  100.394867   clock reconvergence pessimism
                                  0.140278  100.535141   library recovery time
                                            100.535141   data required time
---------------------------------------------------------------------------------------------
                                            100.535141   data required time
                                            -21.255899   data arrival time
---------------------------------------------------------------------------------------------
                                             79.279243   slack (MET)


Startpoint: wbs_adr_i[12] (input port clocked by wb_clk_i)
Endpoint: wbs_dat_o[0] (output port clocked by wb_clk_i)
Path Group: wb_clk_i
Path Type: max

Fanout         Cap        Slew       Delay        Time   Description
---------------------------------------------------------------------------------------------
                                  0.000000    0.000000   clock wb_clk_i (rise edge)
                                  0.000000    0.000000   clock network delay (propagated)
                                 20.000000   20.000000 v input external delay
     2    0.004036    0.006562    0.003409   20.003408 v wbs_adr_i[12] (in)
                                                         wbs_adr_i[12] (net)
                      0.006569    0.000000   20.003408 v input11/A (sky130_fd_sc_hd__clkbuf_2)
     3    0.038597    0.103290    0.121805   20.125214 v input11/X (sky130_fd_sc_hd__clkbuf_2)
                                                         net11 (net)
                      0.104182    0.007821   20.133036 v _2214_/B (sky130_fd_sc_hd__or4_2)
     3    0.026663    0.117754    0.451378   20.584414 v _2214_/X (sky130_fd_sc_hd__or4_2)
                                                         _1000_ (net)
                      0.117999    0.004658   20.589071 v _2215_/D (sky130_fd_sc_hd__or4_2)
     3    0.022739    0.109742    0.382462   20.971533 v _2215_/X (sky130_fd_sc_hd__or4_2)
                                                         _1001_ (net)
                      0.109891    0.003476   20.975010 v _2221_/A (sky130_fd_sc_hd__or4_1)
     1    0.004472    0.060956    0.322721   21.297729 v _2221_/X (sky130_fd_sc_hd__or4_1)
                                                         net101 (net)
                      0.060956    0.000334   21.298065 v fanout184/A (sky130_fd_sc_hd__clkbuf_8)
    19    0.120263    0.094827    0.159730   21.457794 v fanout184/X (sky130_fd_sc_hd__clkbuf_8)
                                                         net184 (net)
                      0.095351    0.005940   21.463734 v fanout183/A (sky130_fd_sc_hd__clkbuf_4)
    17    0.071925    0.101843    0.184883   21.648617 v fanout183/X (sky130_fd_sc_hd__clkbuf_4)
                                                         net183 (net)
                      0.102482    0.006587   21.655205 v fanout182/A (sky130_fd_sc_hd__buf_2)
    21    0.056904    0.095891    0.169411   21.824615 v fanout182/X (sky130_fd_sc_hd__buf_2)
                                                         net182 (net)
                      0.095979    0.002480   21.827095 v _3104_/B (sky130_fd_sc_hd__or2_1)
     1    0.003199    0.033829    0.143828   21.970924 v _3104_/X (sky130_fd_sc_hd__or2_1)
                                                         net83 (net)
                      0.033829    0.000197   21.971121 v output83/A (sky130_fd_sc_hd__buf_2)
     1    0.036586    0.066734    0.120517   22.091637 v output83/X (sky130_fd_sc_hd__buf_2)
                                                         wbs_dat_o[0] (net)
                      0.066825    0.002180   22.093817 v wbs_dat_o[0] (out)
                                             22.093817   data arrival time

                                100.000000  100.000000   clock wb_clk_i (rise edge)
                                  0.000000  100.000000   clock network delay (propagated)
                                 -0.250000   99.750000   clock uncertainty
                                  0.000000   99.750000   clock reconvergence pessimism
                                -20.000000   79.750000   output external delay
                                             79.750000   data required time
---------------------------------------------------------------------------------------------
                                             79.750000   data required time
                                            -22.093817   data arrival time
---------------------------------------------------------------------------------------------
                                             57.656181   slack (MET)




===========================================================================
report_checks --slack_max -0.01
============================================================================
======================= max_ff_n40C_1v95 Corner ===================================

No paths found.


===========================================================================
 report_check_types -max_slew -max_cap -max_fanout -violators
============================================================================
======================= max_ff_n40C_1v95 Corner ===================================

max fanout

Pin                                   Limit Fanout  Slack
---------------------------------------------------------
clkbuf_leaf_12_wb_clk_i/X                10     51    -41 (VIOLATED)
clkbuf_leaf_1_wb_clk_i/X                 10     51    -41 (VIOLATED)
clkbuf_leaf_9_wb_clk_i/X                 10     51    -41 (VIOLATED)
clkbuf_leaf_8_wb_clk_i/X                 10     49    -39 (VIOLATED)
clkbuf_leaf_27_wb_clk_i/X                10     47    -37 (VIOLATED)
clkbuf_leaf_2_wb_clk_i/X                 10     47    -37 (VIOLATED)
clkbuf_leaf_7_wb_clk_i/X                 10     47    -37 (VIOLATED)
clkbuf_leaf_10_wb_clk_i/X                10     45    -35 (VIOLATED)
clkbuf_leaf_19_wb_clk_i/X                10     45    -35 (VIOLATED)
clkbuf_leaf_21_wb_clk_i/X                10     45    -35 (VIOLATED)
clkbuf_leaf_26_wb_clk_i/X                10     45    -35 (VIOLATED)
clkbuf_leaf_28_wb_clk_i/X                10     43    -33 (VIOLATED)
clkbuf_leaf_6_wb_clk_i/X                 10     43    -33 (VIOLATED)
clkbuf_leaf_11_wb_clk_i/X                10     41    -31 (VIOLATED)
clkbuf_leaf_14_wb_clk_i/X                10     41    -31 (VIOLATED)
clkbuf_leaf_17_wb_clk_i/X                10     39    -29 (VIOLATED)
clkbuf_leaf_25_wb_clk_i/X                10     39    -29 (VIOLATED)
input43/X                                10     35    -25 (VIOLATED)
clkbuf_leaf_15_wb_clk_i/X                10     33    -23 (VIOLATED)
clkbuf_leaf_18_wb_clk_i/X                10     33    -23 (VIOLATED)
clkbuf_leaf_24_wb_clk_i/X                10     31    -21 (VIOLATED)
clkbuf_leaf_3_wb_clk_i/X                 10     29    -19 (VIOLATED)
clkbuf_leaf_22_wb_clk_i/X                10     23    -13 (VIOLATED)
_1875_/Y                                 10     21    -11 (VIOLATED)
_1951_/Y                                 10     21    -11 (VIOLATED)
_2424_/Y                                 10     21    -11 (VIOLATED)
_2527_/X                                 10     21    -11 (VIOLATED)
_3340_/Y                                 10     21    -11 (VIOLATED)
_4269_/Q                                 10     21    -11 (VIOLATED)
fanout118/X                              10     21    -11 (VIOLATED)
fanout120/X                              10     21    -11 (VIOLATED)
fanout121/X                              10     21    -11 (VIOLATED)
fanout122/X                              10     21    -11 (VIOLATED)
fanout125/X                              10     21    -11 (VIOLATED)
fanout126/X                              10     21    -11 (VIOLATED)
fanout127/X                              10     21    -11 (VIOLATED)
fanout129/X                              10     21    -11 (VIOLATED)
fanout130/X                              10     21    -11 (VIOLATED)
fanout131/X                              10     21    -11 (VIOLATED)
fanout132/X                              10     21    -11 (VIOLATED)
fanout134/X                              10     21    -11 (VIOLATED)
fanout137/X                              10     21    -11 (VIOLATED)
fanout147/X                              10     21    -11 (VIOLATED)
fanout156/X                              10     21    -11 (VIOLATED)
fanout157/X                              10     21    -11 (VIOLATED)
fanout167/X                              10     21    -11 (VIOLATED)
fanout169/X                              10     21    -11 (VIOLATED)
fanout170/X                              10     21    -11 (VIOLATED)
fanout173/X                              10     21    -11 (VIOLATED)
fanout174/X                              10     21    -11 (VIOLATED)
fanout177/X                              10     21    -11 (VIOLATED)
fanout179/X                              10     21    -11 (VIOLATED)
fanout180/X                              10     21    -11 (VIOLATED)
fanout182/X                              10     21    -11 (VIOLATED)
fanout185/X                              10     21    -11 (VIOLATED)
fanout187/X                              10     21    -11 (VIOLATED)
fanout189/X                              10     21    -11 (VIOLATED)
fanout190/X                              10     21    -11 (VIOLATED)
fanout194/X                              10     21    -11 (VIOLATED)
fanout197/X                              10     21    -11 (VIOLATED)
fanout202/X                              10     21    -11 (VIOLATED)
fanout204/X                              10     21    -11 (VIOLATED)
fanout206/X                              10     21    -11 (VIOLATED)
fanout212/X                              10     21    -11 (VIOLATED)
fanout213/X                              10     21    -11 (VIOLATED)
fanout214/X                              10     21    -11 (VIOLATED)
fanout215/X                              10     21    -11 (VIOLATED)
fanout216/X                              10     21    -11 (VIOLATED)
fanout217/X                              10     21    -11 (VIOLATED)
fanout230/X                              10     21    -11 (VIOLATED)
fanout232/X                              10     21    -11 (VIOLATED)
fanout233/X                              10     21    -11 (VIOLATED)
fanout244/X                              10     21    -11 (VIOLATED)
fanout269/X                              10     21    -11 (VIOLATED)
fanout278/X                              10     21    -11 (VIOLATED)
fanout282/X                              10     21    -11 (VIOLATED)
fanout290/X                              10     21    -11 (VIOLATED)
fanout298/X                              10     21    -11 (VIOLATED)
fanout301/X                              10     21    -11 (VIOLATED)
fanout302/X                              10     21    -11 (VIOLATED)
_3335_/Y                                 10     19     -9 (VIOLATED)
clkbuf_2_0__f_wb_clk_i/X                 10     19     -9 (VIOLATED)
clkbuf_2_2__f_wb_clk_i/X                 10     19     -9 (VIOLATED)
clkbuf_2_3__f_wb_clk_i/X                 10     19     -9 (VIOLATED)
clkbuf_leaf_30_wb_clk_i/X                10     19     -9 (VIOLATED)
fanout145/X                              10     19     -9 (VIOLATED)
fanout149/X                              10     19     -9 (VIOLATED)
fanout153/X                              10     19     -9 (VIOLATED)
fanout184/X                              10     19     -9 (VIOLATED)
fanout192/X                              10     19     -9 (VIOLATED)
fanout241/X                              10     19     -9 (VIOLATED)
fanout303/X                              10     19     -9 (VIOLATED)
fanout304/X                              10     19     -9 (VIOLATED)
input1/X                                 10     19     -9 (VIOLATED)
input5/X                                 10     19     -9 (VIOLATED)
clkbuf_leaf_16_wb_clk_i/X                10     18     -8 (VIOLATED)
_2147_/Y                                 10     17     -7 (VIOLATED)
_2793_/X                                 10     17     -7 (VIOLATED)
_2947_/Y                                 10     17     -7 (VIOLATED)
_3313_/X                                 10     17     -7 (VIOLATED)
_3319_/X                                 10     17     -7 (VIOLATED)
_3323_/X                                 10     17     -7 (VIOLATED)
_3328_/Y                                 10     17     -7 (VIOLATED)
_3337_/Y                                 10     17     -7 (VIOLATED)
_3339_/Y                                 10     17     -7 (VIOLATED)
clkbuf_2_1__f_wb_clk_i/X                 10     17     -7 (VIOLATED)
clkbuf_leaf_0_wb_clk_i/X                 10     17     -7 (VIOLATED)
fanout117/X                              10     17     -7 (VIOLATED)
fanout178/X                              10     17     -7 (VIOLATED)
fanout183/X                              10     17     -7 (VIOLATED)
fanout265/X                              10     17     -7 (VIOLATED)
input2/X                                 10     17     -7 (VIOLATED)
input4/X                                 10     17     -7 (VIOLATED)
fanout115/X                              10     15     -5 (VIOLATED)
fanout128/X                              10     15     -5 (VIOLATED)
fanout155/X                              10     15     -5 (VIOLATED)
fanout171/X                              10     15     -5 (VIOLATED)
fanout186/X                              10     15     -5 (VIOLATED)
fanout198/X                              10     15     -5 (VIOLATED)
fanout208/X                              10     15     -5 (VIOLATED)
fanout239/X                              10     15     -5 (VIOLATED)
clkbuf_leaf_29_wb_clk_i/X                10     14     -4 (VIOLATED)
_2430_/X                                 10     13     -3 (VIOLATED)
_4274_/Q                                 10     13     -3 (VIOLATED)
_4363_/Q                                 10     13     -3 (VIOLATED)
_4364_/Q                                 10     13     -3 (VIOLATED)
_4368_/Q                                 10     13     -3 (VIOLATED)
_4369_/Q                                 10     13     -3 (VIOLATED)
_4372_/Q                                 10     13     -3 (VIOLATED)
_4377_/Q                                 10     13     -3 (VIOLATED)
_4380_/Q                                 10     13     -3 (VIOLATED)
_4385_/Q                                 10     13     -3 (VIOLATED)
_4392_/Q                                 10     13     -3 (VIOLATED)
_4393_/Q                                 10     13     -3 (VIOLATED)
clkbuf_leaf_5_wb_clk_i/X                 10     13     -3 (VIOLATED)
fanout150/X                              10     13     -3 (VIOLATED)
fanout159/X                              10     13     -3 (VIOLATED)
fanout168/X                              10     13     -3 (VIOLATED)
fanout181/X                              10     13     -3 (VIOLATED)
fanout231/X                              10     13     -3 (VIOLATED)
fanout266/X                              10     13     -3 (VIOLATED)
fanout274/X                              10     13     -3 (VIOLATED)
fanout283/X                              10     13     -3 (VIOLATED)
clkbuf_leaf_13_wb_clk_i/X                10     12     -2 (VIOLATED)
_2414_/X                                 10     11        (VIOLATED)
_2416_/X                                 10     11        (VIOLATED)
_2419_/X                                 10     11        (VIOLATED)
_2426_/Y                                 10     11        (VIOLATED)
_2431_/Y                                 10     11        (VIOLATED)
_3321_/X                                 10     11        (VIOLATED)
_3324_/X                                 10     11        (VIOLATED)
_4008_/Q                                 10     11        (VIOLATED)
_4009_/Q                                 10     11        (VIOLATED)
_4010_/Q                                 10     11        (VIOLATED)
_4012_/Q                                 10     11        (VIOLATED)
_4272_/Q                                 10     11        (VIOLATED)
_4388_/Q                                 10     11        (VIOLATED)
_4396_/Q                                 10     11        (VIOLATED)
_4400_/Q                                 10     11        (VIOLATED)
_4401_/Q                                 10     11        (VIOLATED)
clkbuf_leaf_23_wb_clk_i/X                10     11        (VIOLATED)
fanout119/X                              10     11        (VIOLATED)
fanout124/X                              10     11        (VIOLATED)
fanout166/X                              10     11        (VIOLATED)
fanout175/X                              10     11        (VIOLATED)
fanout201/X                              10     11        (VIOLATED)
fanout209/X                              10     11        (VIOLATED)
fanout249/X                              10     11        (VIOLATED)
fanout255/X                              10     11        (VIOLATED)
fanout288/X                              10     11        (VIOLATED)
fanout299/X                              10     11        (VIOLATED)
input42/X                                10     11        (VIOLATED)



===========================================================================
report_parasitic_annotation -report_unannotated
============================================================================
Found 348 unannotated drivers.
 ACK_I
 DAT_I[0]
 DAT_I[10]
 DAT_I[11]
 DAT_I[12]
 DAT_I[13]
 DAT_I[14]
 DAT_I[15]
 DAT_I[16]
 DAT_I[17]
 DAT_I[18]
 DAT_I[19]
 DAT_I[1]
 DAT_I[20]
 DAT_I[21]
 DAT_I[22]
 DAT_I[23]
 DAT_I[24]
 DAT_I[25]
 DAT_I[26]
 DAT_I[27]
 DAT_I[28]
 DAT_I[29]
 DAT_I[2]
 DAT_I[30]
 DAT_I[31]
 DAT_I[3]
 DAT_I[4]
 DAT_I[5]
 DAT_I[6]
 DAT_I[7]
 DAT_I[8]
 DAT_I[9]
 gpio_in[0]
 gpio_in[10]
 gpio_in[11]
 gpio_in[12]
 gpio_in[13]
 gpio_in[14]
 gpio_in[15]
 gpio_in[16]
 gpio_in[17]
 gpio_in[18]
 gpio_in[19]
 gpio_in[1]
 gpio_in[20]
 gpio_in[21]
 gpio_in[22]
 gpio_in[23]
 gpio_in[29]
 gpio_in[2]
 gpio_in[30]
 gpio_in[31]
 gpio_in[32]
 gpio_in[33]
 gpio_in[34]
 gpio_in[35]
 gpio_in[36]
 gpio_in[3]
 gpio_in[4]
 gpio_in[5]
 gpio_in[6]
 gpio_in[7]
 gpio_in[8]
 gpio_in[9]
 la_data_in[0]
 la_data_in[10]
 la_data_in[11]
 la_data_in[12]
 la_data_in[13]
 la_data_in[14]
 la_data_in[15]
 la_data_in[16]
 la_data_in[17]
 la_data_in[18]
 la_data_in[19]
 la_data_in[1]
 la_data_in[20]
 la_data_in[21]
 la_data_in[22]
 la_data_in[23]
 la_data_in[24]
 la_data_in[25]
 la_data_in[26]
 la_data_in[27]
 la_data_in[28]
 la_data_in[29]
 la_data_in[2]
 la_data_in[30]
 la_data_in[31]
 la_data_in[3]
 la_data_in[4]
 la_data_in[5]
 la_data_in[6]
 la_data_in[7]
 la_data_in[8]
 la_data_in[9]
 la_oenb[0]
 la_oenb[10]
 la_oenb[11]
 la_oenb[12]
 la_oenb[13]
 la_oenb[14]
 la_oenb[15]
 la_oenb[16]
 la_oenb[17]
 la_oenb[18]
 la_oenb[19]
 la_oenb[1]
 la_oenb[20]
 la_oenb[21]
 la_oenb[22]
 la_oenb[23]
 la_oenb[24]
 la_oenb[25]
 la_oenb[26]
 la_oenb[27]
 la_oenb[28]
 la_oenb[29]
 la_oenb[2]
 la_oenb[30]
 la_oenb[31]
 la_oenb[3]
 la_oenb[4]
 la_oenb[5]
 la_oenb[6]
 la_oenb[7]
 la_oenb[8]
 la_oenb[9]
 wbs_dat_i[10]
 wbs_dat_i[11]
 wbs_dat_i[12]
 wbs_dat_i[13]
 wbs_dat_i[14]
 wbs_dat_i[15]
 wbs_dat_i[16]
 wbs_dat_i[17]
 wbs_dat_i[18]
 wbs_dat_i[19]
 wbs_dat_i[1]
 wbs_dat_i[20]
 wbs_dat_i[21]
 wbs_dat_i[22]
 wbs_dat_i[23]
 wbs_dat_i[24]
 wbs_dat_i[25]
 wbs_dat_i[26]
 wbs_dat_i[27]
 wbs_dat_i[28]
 wbs_dat_i[29]
 wbs_dat_i[2]
 wbs_dat_i[30]
 wbs_dat_i[31]
 wbs_dat_i[3]
 wbs_dat_i[4]
 wbs_dat_i[5]
 wbs_dat_i[6]
 wbs_dat_i[7]
 wbs_dat_i[8]
 wbs_dat_i[9]
 wbs_sel_i[0]
 wbs_sel_i[1]
 wbs_sel_i[2]
 wbs_sel_i[3]
 _4226__439/LO
 _4493__305/HI
 _4494__306/HI
 _4495__307/HI
 _4496__308/HI
 _4497__309/HI
 _4498__310/HI
 _4499__311/HI
 _4500__312/HI
 _4501__313/HI
 _4502__314/HI
 _4503__315/HI
 _4504__316/HI
 _4505__317/HI
 _4506__318/HI
 _4507__319/HI
 _4508__320/HI
 _4509__321/HI
 _4510__322/HI
 _4511__323/HI
 _4512__324/HI
 _4513__325/HI
 _4514__326/HI
 _4515__327/HI
 _4516__328/HI
 _4517__329/HI
 _4518__330/HI
 _4519__331/HI
 _4520__332/HI
 _4521__333/HI
 _4522__334/HI
 _4523__335/HI
 _4524__336/HI
 _4525__337/HI
 _4526__338/HI
 _4527__339/HI
 _4528__340/HI
 _4529__341/HI
 _4530__342/HI
 _4531__343/HI
 _4532__344/HI
 _4533__345/HI
 _4534__346/HI
 _4535__347/HI
 _4536__348/HI
 _4537__349/HI
 _4538__350/HI
 _4539__351/HI
 _4540__352/HI
 _4541__353/HI
 _4542__354/HI
 _4543__355/HI
 _4544__356/HI
 _4545__357/HI
 _4546__358/HI
 _4547__359/HI
 _4548__360/HI
 _4549__361/HI
 _4550__362/HI
 _4551__363/HI
 _4552__364/HI
 _4553__365/HI
 _4554__366/HI
 _4555__367/HI
 _4556__368/HI
 _4557__369/HI
 _4558__370/HI
 _4559__371/HI
 _4560__372/HI
 _4561__373/HI
 _4562__374/HI
 _4563__375/HI
 _4564__440/LO
 _4565__441/LO
 _4566__442/LO
 _4567__443/LO
 _4568__444/LO
 _4569__445/LO
 _4570__446/LO
 _4571__447/LO
 _4572__448/LO
 _4573__449/LO
 _4582__450/LO
 _4583__451/LO
 _4588__452/LO
 _4589__453/LO
 _4590__454/LO
 _4591__455/LO
 _4592__456/LO
 _4600__457/LO
 _4601__376/HI
 _4602__377/HI
 _4603__378/HI
 _4604__379/HI
 _4605__380/HI
 _4606__381/HI
 _4607__382/HI
 _4608__383/HI
 _4609__384/HI
 _4610__385/HI
 _4611__386/HI
 _4612__387/HI
 _4616__388/HI
 _4617__389/HI
 _4618__390/HI
 _4619__391/HI
 _4620__392/HI
 _4621__393/HI
 _4624__394/HI
 _4626__395/HI
 _4627__396/HI
 _4628__397/HI
 _4629__398/HI
 _4630__399/HI
 _4631__400/HI
 _4632__401/HI
 _4633__402/HI
 _4634__403/HI
 _4635__404/HI
 _4636__405/HI
 _4637__406/HI
 _4638__407/HI
 _4639__408/HI
 _4640__409/HI
 _4641__410/HI
 _4642__411/HI
 _4643__412/HI
 _4644__413/HI
 _4645__414/HI
 _4646__415/HI
 _4647__416/HI
 _4648__417/HI
 _4649__418/HI
 _4650__419/HI
 _4651__420/HI
 _4652__421/HI
 _4653__422/HI
 _4654__423/HI
 _4655__424/HI
 _4656__425/HI
 _4657__426/HI
 _4658__427/HI
 _4659__428/HI
 _4660__429/HI
 _4661__430/HI
 _4665__431/HI
 _4669__432/HI
 _4675__433/HI
 _4678__434/HI
 _4681__435/HI
 _4683__436/HI
 _4685__437/HI
 _4690__438/HI
 clkload0/X
 clkload1/Y
 clkload10/X
 clkload11/Y
 clkload12/Y
 clkload13/Y
 clkload14/Y
 clkload15/X
 clkload16/Y
 clkload17/Y
 clkload18/X
 clkload19/Y
 clkload2/X
 clkload20/Y
 clkload21/Y
 clkload22/Y
 clkload23/Y
 clkload24/Y
 clkload25/X
 clkload26/Y
 clkload27/Y
 clkload28/Y
 clkload29/Y
 clkload3/Y
 clkload30/Y
 clkload4/Y
 clkload5/Y
 clkload6/Y
 clkload7/Y
 clkload8/Y
 clkload9/Y
Found 0 partially unannotated drivers.

===========================================================================
max slew violation count 0
max fanout violation count 172
max cap violation count 0
============================================================================

===========================================================================
check_setup -verbose -unconstrained_endpoints -multiple_clock -no_clock -no_input_delay -loops -generated_clocks
===========================================================================
Warning: There are 153 unconstrained endpoints.
  ADR_O[0]
  ADR_O[10]
  ADR_O[11]
  ADR_O[12]
  ADR_O[13]
  ADR_O[14]
  ADR_O[15]
  ADR_O[16]
  ADR_O[17]
  ADR_O[18]
  ADR_O[19]
  ADR_O[1]
  ADR_O[20]
  ADR_O[21]
  ADR_O[22]
  ADR_O[23]
  ADR_O[24]
  ADR_O[25]
  ADR_O[26]
  ADR_O[27]
  ADR_O[28]
  ADR_O[29]
  ADR_O[2]
  ADR_O[30]
  ADR_O[31]
  ADR_O[3]
  ADR_O[4]
  ADR_O[5]
  ADR_O[6]
  ADR_O[7]
  ADR_O[8]
  ADR_O[9]
  CYC_O
  DAT_O[0]
  DAT_O[10]
  DAT_O[11]
  DAT_O[12]
  DAT_O[13]
  DAT_O[14]
  DAT_O[15]
  DAT_O[16]
  DAT_O[17]
  DAT_O[18]
  DAT_O[19]
  DAT_O[1]
  DAT_O[20]
  DAT_O[21]
  DAT_O[22]
  DAT_O[23]
  DAT_O[24]
  DAT_O[25]
  DAT_O[26]
  DAT_O[27]
  DAT_O[28]
  DAT_O[29]
  DAT_O[2]
  DAT_O[30]
  DAT_O[31]
  DAT_O[3]
  DAT_O[4]
  DAT_O[5]
  DAT_O[6]
  DAT_O[7]
  DAT_O[8]
  DAT_O[9]
  SEL_O[0]
  SEL_O[1]
  SEL_O[2]
  SEL_O[3]
  STB_O
  WE_O
  gpio_oeb[0]
  gpio_oeb[18]
  gpio_oeb[19]
  gpio_oeb[1]
  gpio_oeb[24]
  gpio_oeb[25]
  gpio_oeb[26]
  gpio_oeb[27]
  gpio_oeb[28]
  gpio_oeb[2]
  gpio_oeb[37]
  gpio_oeb[3]
  gpio_oeb[4]
  gpio_oeb[5]
  gpio_oeb[6]
  gpio_oeb[7]
  gpio_oeb[8]
  gpio_oeb[9]
  gpio_out[0]
  gpio_out[18]
  gpio_out[19]
  gpio_out[1]
  gpio_out[23]
  gpio_out[24]
  gpio_out[25]
  gpio_out[26]
  gpio_out[27]
  gpio_out[28]
  gpio_out[2]
  gpio_out[31]
  gpio_out[37]
  gpio_out[3]
  gpio_out[4]
  gpio_out[5]
  gpio_out[6]
  gpio_out[7]
  gpio_out[8]
  gpio_out[9]
  irq[0]
  irq[1]
  irq[2]
  la_data_out[0]
  la_data_out[10]
  la_data_out[11]
  la_data_out[12]
  la_data_out[13]
  la_data_out[14]
  la_data_out[15]
  la_data_out[16]
  la_data_out[17]
  la_data_out[18]
  la_data_out[19]
  la_data_out[1]
  la_data_out[20]
  la_data_out[21]
  la_data_out[22]
  la_data_out[23]
  la_data_out[24]
  la_data_out[25]
  la_data_out[26]
  la_data_out[27]
  la_data_out[28]
  la_data_out[29]
  la_data_out[2]
  la_data_out[30]
  la_data_out[31]
  la_data_out[3]
  la_data_out[4]
  la_data_out[5]
  la_data_out[6]
  la_data_out[7]
  la_data_out[8]
  la_data_out[9]
  wbs_dat_o[14]
  wbs_dat_o[17]
  wbs_dat_o[20]
  wbs_dat_o[22]
  wbs_dat_o[24]
  wbs_dat_o[29]
  wbs_dat_o[4]
  wbs_dat_o[8]
  _4226_/D
