
===========================================================================
report_checks -unconstrained
===========================================================================
======================= nom_tt_025C_1v80 Corner ===================================

Startpoint: wb_rst_i (input port clocked by clk)
Endpoint: _6_ (recovery check against rising-edge clock clk)
Path Group: asynchronous
Path Type: max

Fanout         Cap        Slew       Delay        Time   Description
---------------------------------------------------------------------------------------------
                                  0.000000    0.000000   clock clk (rise edge)
                                  5.570000    5.570000   clock network delay (propagated)
                                 12.500000   18.070000 v input external delay
     1    0.002602    0.000000    0.000000   18.070000 v wb_rst_i (in)
                                                         wb_rst_i (net)
                      0.000059    0.000032   18.070032 v input1/A (sky130_fd_sc_hd__clkbuf_1)
     1    0.008233    0.054760    0.098584   18.168615 v input1/X (sky130_fd_sc_hd__clkbuf_1)
                                                         net1 (net)
                      0.054762    0.000416   18.169031 v _3_/A (sky130_fd_sc_hd__inv_2)
     1    0.004705    0.030534    0.053522   18.222553 ^ _3_/Y (sky130_fd_sc_hd__inv_2)
                                                         _1_ (net)
                      0.030534    0.000069   18.222622 ^ _6_/RESET_B (sky130_fd_sc_hd__dfrtp_1)
                                             18.222622   data arrival time

                                 25.000000   25.000000   clock clk (rise edge)
                                  4.650000   29.650000   clock source latency
     1    0.068649    0.610000    0.000000   29.650000 ^ wb_clk_i (in)
                                                         wb_clk_i (net)
                      0.631896    0.010401   29.660398 ^ clkbuf_0_wb_clk_i/A (sky130_fd_sc_hd__clkbuf_16)
     2    0.067949    0.095126    0.286047   29.946445 ^ clkbuf_0_wb_clk_i/X (sky130_fd_sc_hd__clkbuf_16)
                                                         clknet_0_wb_clk_i (net)
                      0.096593    0.008757   29.955204 ^ clkbuf_1_0__f_wb_clk_i/A (sky130_fd_sc_hd__clkbuf_16)
     1    0.013916    0.036737    0.131475   30.086679 ^ clkbuf_1_0__f_wb_clk_i/X (sky130_fd_sc_hd__clkbuf_16)
                                                         clknet_1_0__leaf_wb_clk_i (net)
                      0.036739    0.000881   30.087561 ^ _6_/CLK (sky130_fd_sc_hd__dfrtp_1)
                                 -0.100000   29.987562   clock uncertainty
                                  0.000000   29.987562   clock reconvergence pessimism
                                  0.231549   30.219110   library recovery time
                                             30.219110   data required time
---------------------------------------------------------------------------------------------
                                             30.219110   data required time
                                            -18.222622   data arrival time
---------------------------------------------------------------------------------------------
                                             11.996488   slack (MET)


Startpoint: wbs_dat_i[1] (input port clocked by clk)
Endpoint: SRAM_0 (rising edge-triggered flip-flop clocked by clk)
Path Group: clk
Path Type: max

Fanout         Cap        Slew       Delay        Time   Description
---------------------------------------------------------------------------------------------
                                  0.000000    0.000000   clock clk (rise edge)
                                  5.570000    5.570000   clock network delay (propagated)
                                  4.610000   10.180000 ^ input external delay
     1    0.003288    0.840000    0.000000   10.180000 ^ wbs_dat_i[1] (in)
                                                         wbs_dat_i[1] (net)
                      0.840092    0.000048   10.180048 ^ hold123/A (sky130_fd_sc_hd__dlygate4sd3_1)
     1    0.002400    0.049368    0.675688   10.855736 ^ hold123/X (sky130_fd_sc_hd__dlygate4sd3_1)
                                                         net215 (net)
                      0.049368    0.000052   10.855788 ^ hold9/A (sky130_fd_sc_hd__dlygate4sd3_1)
     1    0.005054    0.072556    0.582314   11.438103 ^ hold9/X (sky130_fd_sc_hd__dlygate4sd3_1)
                                                         net101 (net)
                      0.072556    0.000196   11.438298 ^ input24/A (sky130_fd_sc_hd__buf_4)
     1    0.015747    0.055304    0.136722   11.575021 ^ input24/X (sky130_fd_sc_hd__buf_4)
                                                         net24 (net)
                      0.055332    0.001216   11.576237 ^ hold10/A (sky130_fd_sc_hd__dlygate4sd3_1)
     1    0.075067    0.724392    1.069812   12.646049 ^ hold10/X (sky130_fd_sc_hd__dlygate4sd3_1)
                                                         net102 (net)
                      0.725221    0.017633   12.663681 ^ SRAM_0/DI[1] (EF_SRAM_1024x32_wrapper)
                                             12.663681   data arrival time

                                 25.000000   25.000000   clock clk (rise edge)
                                  4.650000   29.650000   clock source latency
     1    0.068649    0.610000    0.000000   29.650000 ^ wb_clk_i (in)
                                                         wb_clk_i (net)
                      0.631896    0.010401   29.660398 ^ clkbuf_0_wb_clk_i/A (sky130_fd_sc_hd__clkbuf_16)
     2    0.067949    0.095126    0.286047   29.946445 ^ clkbuf_0_wb_clk_i/X (sky130_fd_sc_hd__clkbuf_16)
                                                         clknet_0_wb_clk_i (net)
                      0.095152    0.001236   29.947683 ^ clkbuf_1_1__f_wb_clk_i/A (sky130_fd_sc_hd__clkbuf_16)
     1    0.134833    0.148879    0.208814   30.156496 ^ clkbuf_1_1__f_wb_clk_i/X (sky130_fd_sc_hd__clkbuf_16)
                                                         clknet_1_1__leaf_wb_clk_i (net)
                      0.151269    0.014229   30.170725 ^ SRAM_0/CLKin (EF_SRAM_1024x32_wrapper)
                                 -0.100000   30.070726   clock uncertainty
                                  0.000000   30.070726   clock reconvergence pessimism
                                 -0.779892   29.290836   library setup time
                                             29.290836   data required time
---------------------------------------------------------------------------------------------
                                             29.290836   data required time
                                            -12.663681   data arrival time
---------------------------------------------------------------------------------------------
                                             16.627155   slack (MET)




===========================================================================
report_checks --slack_max -0.01
============================================================================
======================= nom_tt_025C_1v80 Corner ===================================

No paths found.


===========================================================================
 report_check_types -max_slew -max_cap -max_fanout -violators
============================================================================
======================= nom_tt_025C_1v80 Corner ===================================



===========================================================================
report_parasitic_annotation -report_unannotated
============================================================================
Found 32 unannotated drivers.
 wbs_adr_i[10]
 wbs_adr_i[11]
 wbs_adr_i[12]
 wbs_adr_i[13]
 wbs_adr_i[14]
 wbs_adr_i[15]
 wbs_adr_i[16]
 wbs_adr_i[17]
 wbs_adr_i[18]
 wbs_adr_i[19]
 wbs_adr_i[20]
 wbs_adr_i[21]
 wbs_adr_i[22]
 wbs_adr_i[23]
 wbs_adr_i[24]
 wbs_adr_i[25]
 wbs_adr_i[26]
 wbs_adr_i[27]
 wbs_adr_i[28]
 wbs_adr_i[29]
 wbs_adr_i[30]
 wbs_adr_i[31]
 SRAM_0/ScanOutCC
 SRAM_0_84/HI
 SRAM_0_85/HI
 SRAM_0_86/HI
 SRAM_0_87/HI
 SRAM_0_88/HI
 SRAM_0_89/HI
 SRAM_0_90/HI
 SRAM_0_91/LO
 SRAM_0_92/LO
Found 0 partially unannotated drivers.

===========================================================================
max slew violation count 0
max fanout violation count 0
max cap violation count 0
============================================================================

===========================================================================
check_setup -verbose -unconstrained_endpoints -multiple_clock -no_clock -no_input_delay -loops -generated_clocks
===========================================================================
Warning: There are 5 unconstrained endpoints.
  SRAM_0/SM
  SRAM_0/ScanInCC
  SRAM_0/ScanInDL
  SRAM_0/ScanInDR
  SRAM_0/TM
