
===========================================================================
report_checks -unconstrained
===========================================================================
======================= nom_tt_025C_1v80 Corner ===================================

Startpoint: nrst (input port clocked by clk)
Endpoint: _9097_ (recovery check against rising-edge clock clk)
Path Group: asynchronous
Path Type: max

Fanout         Cap        Slew       Delay        Time   Description
---------------------------------------------------------------------------------------------
                                  0.000000    0.000000   clock clk (rise edge)
                                  0.000000    0.000000   clock network delay (propagated)
                                 20.000000   20.000000 ^ input external delay
     2    0.004375    0.026565    0.015836   20.015837 ^ nrst (in)
                                                         nrst (net)
                      0.026573    0.000000   20.015837 ^ input5/A (sky130_fd_sc_hd__clkbuf_2)
     3    0.031430    0.173606    0.188690   20.204527 ^ input5/X (sky130_fd_sc_hd__clkbuf_2)
                                                         net5 (net)
                      0.173707    0.003443   20.207970 ^ _4679_/C (sky130_fd_sc_hd__nand3b_1)
     1    0.007431    0.098614    0.132276   20.340246 v _4679_/Y (sky130_fd_sc_hd__nand3b_1)
                                                         _0608_ (net)
                      0.098614    0.000323   20.340569 v fanout282/A (sky130_fd_sc_hd__buf_4)
    15    0.115997    0.149094    0.256170   20.596739 v fanout282/X (sky130_fd_sc_hd__buf_4)
                                                         net282 (net)
                      0.149133    0.002117   20.598856 v _4680_/A (sky130_fd_sc_hd__inv_2)
     5    0.060118    0.274707    0.264537   20.863394 ^ _4680_/Y (sky130_fd_sc_hd__inv_2)
                                                         allocation.game.cactus1size.clock_div_inst0.reset (net)
                      0.274765    0.003329   20.866722 ^ fanout216/A (sky130_fd_sc_hd__buf_2)
    11    0.057330    0.279617    0.342135   21.208857 ^ fanout216/X (sky130_fd_sc_hd__buf_2)
                                                         net216 (net)
                      0.279722    0.004512   21.213369 ^ fanout215/A (sky130_fd_sc_hd__buf_4)
    17    0.080738    0.223801    0.312337   21.525705 ^ fanout215/X (sky130_fd_sc_hd__buf_4)
                                                         net215 (net)
                      0.224027    0.004656   21.530361 ^ fanout214/A (sky130_fd_sc_hd__buf_4)
    21    0.079155    0.221153    0.290020   21.820383 ^ fanout214/X (sky130_fd_sc_hd__buf_4)
                                                         net214 (net)
                      0.221174    0.001844   21.822226 ^ fanout213/A (sky130_fd_sc_hd__clkbuf_4)
    10    0.054021    0.166551    0.285857   22.108084 ^ fanout213/X (sky130_fd_sc_hd__clkbuf_4)
                                                         net213 (net)
                      0.166558    0.001375   22.109459 ^ fanout212/A (sky130_fd_sc_hd__clkbuf_4)
    10    0.050277    0.157453    0.261219   22.370676 ^ fanout212/X (sky130_fd_sc_hd__clkbuf_4)
                                                         net212 (net)
                      0.157482    0.002084   22.372761 ^ _9097_/RESET_B (sky130_fd_sc_hd__dfrtp_1)
                                             22.372761   data arrival time

                                100.000000  100.000000   clock clk (rise edge)
                                  0.000000  100.000000   clock source latency
     2    0.045670    0.209807    0.146919  100.146919 ^ clk (in)
                                                         clk (net)
                      0.209865    0.000000  100.146919 ^ clkbuf_0_clk/A (sky130_fd_sc_hd__clkbuf_16)
     5    0.056096    0.075895    0.208459  100.355377 ^ clkbuf_0_clk/X (sky130_fd_sc_hd__clkbuf_16)
                                                         clknet_0_clk (net)
                      0.075929    0.001478  100.356850 ^ clkbuf_1_1__f_clk/A (sky130_fd_sc_hd__clkbuf_16)
    25    0.149841    0.162303    0.229718  100.586571 ^ clkbuf_1_1__f_clk/X (sky130_fd_sc_hd__clkbuf_16)
                                                         clknet_1_1__leaf_clk (net)
                      0.162519    0.004817  100.591393 ^ clkbuf_leaf_13_clk/A (sky130_fd_sc_hd__clkbuf_8)
    43    0.102085    0.180524    0.270056  100.861443 ^ clkbuf_leaf_13_clk/X (sky130_fd_sc_hd__clkbuf_8)
                                                         clknet_leaf_13_clk (net)
                      0.180571    0.002423  100.863869 ^ _9097_/CLK (sky130_fd_sc_hd__dfrtp_1)
                                 -0.250000  100.613869   clock uncertainty
                                  0.000000  100.613869   clock reconvergence pessimism
                                  0.243396  100.857269   library recovery time
                                            100.857269   data required time
---------------------------------------------------------------------------------------------
                                            100.857269   data required time
                                            -22.372761   data arrival time
---------------------------------------------------------------------------------------------
                                             78.484505   slack (MET)


Startpoint: gpio_in[2] (input port clocked by clk)
Endpoint: gpio_out[4] (output port clocked by clk)
Path Group: clk
Path Type: max

Fanout         Cap        Slew       Delay        Time   Description
---------------------------------------------------------------------------------------------
                                  0.000000    0.000000   clock clk (rise edge)
                                  0.000000    0.000000   clock network delay (propagated)
                                 20.000000   20.000000 v input external delay
     2    0.004100    0.011643    0.006633   20.006634 v gpio_in[2] (in)
                                                         gpio_in[2] (net)
                      0.011648    0.000000   20.006634 v input4/A (sky130_fd_sc_hd__clkbuf_2)
    15    0.043246    0.164657    0.196311   20.202944 v input4/X (sky130_fd_sc_hd__clkbuf_2)
                                                         net4 (net)
                      0.164745    0.002180   20.205124 v _7037_/A (sky130_fd_sc_hd__nor2_1)
     4    0.011921    0.227172    0.252163   20.457287 ^ _7037_/Y (sky130_fd_sc_hd__nor2_1)
                                                         _2758_ (net)
                      0.227173    0.000258   20.457544 ^ _7038_/C (sky130_fd_sc_hd__and3_1)
     2    0.008145    0.096513    0.225324   20.682867 ^ _7038_/X (sky130_fd_sc_hd__and3_1)
                                                         _2759_ (net)
                      0.096513    0.000172   20.683041 ^ _7039_/A2 (sky130_fd_sc_hd__a21o_1)
     3    0.011917    0.110512    0.174161   20.857201 ^ _7039_/X (sky130_fd_sc_hd__a21o_1)
                                                         _2760_ (net)
                      0.110512    0.000208   20.857409 ^ _7046_/B1 (sky130_fd_sc_hd__a22o_1)
     1    0.004443    0.060846    0.144846   21.002254 ^ _7046_/X (sky130_fd_sc_hd__a22o_1)
                                                         net28 (net)
                      0.060846    0.000126   21.002380 ^ output28/A (sky130_fd_sc_hd__clkbuf_4)
     1    0.035729    0.116585    0.193225   21.195606 ^ output28/X (sky130_fd_sc_hd__clkbuf_4)
                                                         gpio_out[4] (net)
                      0.116592    0.001011   21.196617 ^ gpio_out[4] (out)
                                             21.196617   data arrival time

                                100.000000  100.000000   clock clk (rise edge)
                                  0.000000  100.000000   clock network delay (propagated)
                                 -0.250000   99.750000   clock uncertainty
                                  0.000000   99.750000   clock reconvergence pessimism
                                -20.000000   79.750000   output external delay
                                             79.750000   data required time
---------------------------------------------------------------------------------------------
                                             79.750000   data required time
                                            -21.196617   data arrival time
---------------------------------------------------------------------------------------------
                                             58.553379   slack (MET)




===========================================================================
report_checks --slack_max -0.01
============================================================================
======================= nom_tt_025C_1v80 Corner ===================================

No paths found.


===========================================================================
 report_check_types -max_slew -max_cap -max_fanout -violators
============================================================================
======================= nom_tt_025C_1v80 Corner ===================================

max fanout

Pin                                   Limit Fanout  Slack
---------------------------------------------------------
clkbuf_leaf_14_clk/X                     10     53    -43 (VIOLATED)
clkbuf_leaf_17_clk/X                     10     53    -43 (VIOLATED)
clkbuf_leaf_1_clk/X                      10     53    -43 (VIOLATED)
clkbuf_leaf_2_clk/X                      10     53    -43 (VIOLATED)
clkbuf_leaf_4_clk/X                      10     53    -43 (VIOLATED)
clkbuf_leaf_5_clk/X                      10     53    -43 (VIOLATED)
clkbuf_leaf_0_clk/X                      10     51    -41 (VIOLATED)
clkbuf_leaf_21_clk/X                     10     51    -41 (VIOLATED)
clkbuf_leaf_22_clk/X                     10     51    -41 (VIOLATED)
clkbuf_leaf_6_clk/X                      10     51    -41 (VIOLATED)
clkbuf_leaf_7_clk/X                      10     51    -41 (VIOLATED)
clkbuf_leaf_12_clk/X                     10     49    -39 (VIOLATED)
clkbuf_leaf_11_clk/X                     10     47    -37 (VIOLATED)
clkbuf_leaf_13_clk/X                     10     43    -33 (VIOLATED)
clkbuf_leaf_3_clk/X                      10     41    -31 (VIOLATED)
clkbuf_leaf_9_clk/X                      10     31    -21 (VIOLATED)
clkbuf_1_0__f_clk/X                      10     25    -15 (VIOLATED)
clkbuf_1_1__f_clk/X                      10     25    -15 (VIOLATED)
clkbuf_leaf_15_clk/X                     10     25    -15 (VIOLATED)
clkbuf_leaf_18_clk/X                     10     25    -15 (VIOLATED)
clkbuf_leaf_10_clk/X                     10     23    -13 (VIOLATED)
_4533_/X                                 10     21    -11 (VIOLATED)
_4534_/Y                                 10     21    -11 (VIOLATED)
_4785_/X                                 10     21    -11 (VIOLATED)
_4816_/Y                                 10     21    -11 (VIOLATED)
_4853_/Y                                 10     21    -11 (VIOLATED)
_4872_/Y                                 10     21    -11 (VIOLATED)
_9478_/Q                                 10     21    -11 (VIOLATED)
fanout100/X                              10     21    -11 (VIOLATED)
fanout103/X                              10     21    -11 (VIOLATED)
fanout104/X                              10     21    -11 (VIOLATED)
fanout107/X                              10     21    -11 (VIOLATED)
fanout109/X                              10     21    -11 (VIOLATED)
fanout110/X                              10     21    -11 (VIOLATED)
fanout120/X                              10     21    -11 (VIOLATED)
fanout124/X                              10     21    -11 (VIOLATED)
fanout136/X                              10     21    -11 (VIOLATED)
fanout141/X                              10     21    -11 (VIOLATED)
fanout145/X                              10     21    -11 (VIOLATED)
fanout150/X                              10     21    -11 (VIOLATED)
fanout151/X                              10     21    -11 (VIOLATED)
fanout160/X                              10     21    -11 (VIOLATED)
fanout163/X                              10     21    -11 (VIOLATED)
fanout195/X                              10     21    -11 (VIOLATED)
fanout214/X                              10     21    -11 (VIOLATED)
fanout220/X                              10     21    -11 (VIOLATED)
fanout229/X                              10     21    -11 (VIOLATED)
fanout231/X                              10     21    -11 (VIOLATED)
fanout233/X                              10     21    -11 (VIOLATED)
fanout244/X                              10     21    -11 (VIOLATED)
fanout254/X                              10     21    -11 (VIOLATED)
fanout255/X                              10     21    -11 (VIOLATED)
fanout256/X                              10     21    -11 (VIOLATED)
fanout257/X                              10     21    -11 (VIOLATED)
fanout258/X                              10     21    -11 (VIOLATED)
fanout259/X                              10     21    -11 (VIOLATED)
fanout261/X                              10     21    -11 (VIOLATED)
fanout266/X                              10     21    -11 (VIOLATED)
fanout270/X                              10     21    -11 (VIOLATED)
fanout272/X                              10     21    -11 (VIOLATED)
fanout278/X                              10     21    -11 (VIOLATED)
fanout281/X                              10     21    -11 (VIOLATED)
fanout34/X                               10     21    -11 (VIOLATED)
fanout36/X                               10     21    -11 (VIOLATED)
fanout37/X                               10     21    -11 (VIOLATED)
fanout41/X                               10     21    -11 (VIOLATED)
fanout44/X                               10     21    -11 (VIOLATED)
fanout46/X                               10     21    -11 (VIOLATED)
fanout47/X                               10     21    -11 (VIOLATED)
fanout48/X                               10     21    -11 (VIOLATED)
fanout50/X                               10     21    -11 (VIOLATED)
fanout51/X                               10     21    -11 (VIOLATED)
fanout57/X                               10     21    -11 (VIOLATED)
fanout61/X                               10     21    -11 (VIOLATED)
fanout62/X                               10     21    -11 (VIOLATED)
fanout65/X                               10     21    -11 (VIOLATED)
fanout68/X                               10     21    -11 (VIOLATED)
fanout69/X                               10     21    -11 (VIOLATED)
fanout72/X                               10     21    -11 (VIOLATED)
fanout74/X                               10     21    -11 (VIOLATED)
fanout76/X                               10     21    -11 (VIOLATED)
fanout78/X                               10     21    -11 (VIOLATED)
fanout80/X                               10     21    -11 (VIOLATED)
fanout81/X                               10     21    -11 (VIOLATED)
fanout82/X                               10     21    -11 (VIOLATED)
fanout86/X                               10     21    -11 (VIOLATED)
fanout87/X                               10     21    -11 (VIOLATED)
fanout89/X                               10     21    -11 (VIOLATED)
fanout95/X                               10     21    -11 (VIOLATED)
fanout96/X                               10     21    -11 (VIOLATED)
fanout99/X                               10     21    -11 (VIOLATED)
_4844_/X                                 10     19     -9 (VIOLATED)
_4873_/X                                 10     19     -9 (VIOLATED)
_4909_/Y                                 10     19     -9 (VIOLATED)
_4960_/Y                                 10     19     -9 (VIOLATED)
_4962_/X                                 10     19     -9 (VIOLATED)
_4963_/Y                                 10     19     -9 (VIOLATED)
_4983_/Y                                 10     19     -9 (VIOLATED)
_9479_/Q                                 10     19     -9 (VIOLATED)
fanout119/X                              10     19     -9 (VIOLATED)
fanout144/X                              10     19     -9 (VIOLATED)
fanout199/X                              10     19     -9 (VIOLATED)
fanout235/X                              10     19     -9 (VIOLATED)
fanout63/X                               10     19     -9 (VIOLATED)
fanout98/X                               10     19     -9 (VIOLATED)
_4806_/Y                                 10     17     -7 (VIOLATED)
_4836_/X                                 10     17     -7 (VIOLATED)
_4837_/Y                                 10     17     -7 (VIOLATED)
_4921_/X                                 10     17     -7 (VIOLATED)
_4970_/Y                                 10     17     -7 (VIOLATED)
_7330_/Y                                 10     17     -7 (VIOLATED)
fanout131/X                              10     17     -7 (VIOLATED)
fanout147/X                              10     17     -7 (VIOLATED)
fanout187/X                              10     17     -7 (VIOLATED)
fanout192/X                              10     17     -7 (VIOLATED)
fanout215/X                              10     17     -7 (VIOLATED)
_4464_/Y                                 10     15     -5 (VIOLATED)
_4470_/Y                                 10     15     -5 (VIOLATED)
_4610_/Y                                 10     15     -5 (VIOLATED)
_4746_/Y                                 10     15     -5 (VIOLATED)
_4790_/X                                 10     15     -5 (VIOLATED)
_4791_/Y                                 10     15     -5 (VIOLATED)
_4829_/Y                                 10     15     -5 (VIOLATED)
_6678_/Y                                 10     15     -5 (VIOLATED)
_7327_/Y                                 10     15     -5 (VIOLATED)
_9373_/Q                                 10     15     -5 (VIOLATED)
clkbuf_leaf_16_clk/X                     10     15     -5 (VIOLATED)
clkbuf_leaf_20_clk/X                     10     15     -5 (VIOLATED)
fanout116/X                              10     15     -5 (VIOLATED)
fanout174/X                              10     15     -5 (VIOLATED)
fanout200/X                              10     15     -5 (VIOLATED)
fanout262/X                              10     15     -5 (VIOLATED)
fanout263/X                              10     15     -5 (VIOLATED)
fanout282/X                              10     15     -5 (VIOLATED)
input4/X                                 10     15     -5 (VIOLATED)
_4477_/Y                                 10     13     -3 (VIOLATED)
_4783_/Y                                 10     13     -3 (VIOLATED)
_4807_/X                                 10     13     -3 (VIOLATED)
_4875_/X                                 10     13     -3 (VIOLATED)
_4961_/X                                 10     13     -3 (VIOLATED)
_8304_/X                                 10     13     -3 (VIOLATED)
fanout157/X                              10     13     -3 (VIOLATED)
fanout162/X                              10     13     -3 (VIOLATED)
fanout188/X                              10     13     -3 (VIOLATED)
fanout198/X                              10     13     -3 (VIOLATED)
fanout260/X                              10     13     -3 (VIOLATED)
fanout267/X                              10     13     -3 (VIOLATED)
fanout271/X                              10     13     -3 (VIOLATED)
fanout67/X                               10     13     -3 (VIOLATED)
_4675_/X                                 10     11        (VIOLATED)
_4797_/Y                                 10     11        (VIOLATED)
_4804_/X                                 10     11        (VIOLATED)
_4817_/Y                                 10     11        (VIOLATED)
_7646_/Y                                 10     11        (VIOLATED)
_7666_/Y                                 10     11        (VIOLATED)
_7800_/X                                 10     11        (VIOLATED)
_7966_/Y                                 10     11        (VIOLATED)
_9436_/Q                                 10     11        (VIOLATED)
fanout216/X                              10     11        (VIOLATED)
fanout240/X                              10     11        (VIOLATED)
fanout83/X                               10     11        (VIOLATED)



===========================================================================
report_parasitic_annotation -report_unannotated
============================================================================
Found 90 unannotated drivers.
 gpio_in[10]
 gpio_in[11]
 gpio_in[12]
 gpio_in[13]
 gpio_in[14]
 gpio_in[15]
 gpio_in[16]
 gpio_in[17]
 gpio_in[18]
 gpio_in[19]
 gpio_in[20]
 gpio_in[21]
 gpio_in[22]
 gpio_in[23]
 gpio_in[24]
 gpio_in[25]
 gpio_in[26]
 gpio_in[27]
 gpio_in[28]
 gpio_in[29]
 gpio_in[30]
 gpio_in[31]
 gpio_in[32]
 gpio_in[33]
 gpio_in[3]
 gpio_in[4]
 gpio_in[5]
 gpio_in[6]
 gpio_in[7]
 gpio_in[8]
 gpio_in[9]
 _9338__283/HI
 _9496__318/LO
 _9497__319/LO
 _9498__320/LO
 _9499__284/HI
 _9500__285/HI
 _9501__286/HI
 _9502__287/HI
 _9503__288/HI
 _9504__289/HI
 _9505__290/HI
 _9506__291/HI
 _9507__292/HI
 _9508__293/HI
 _9509__294/HI
 _9510__295/HI
 _9511__296/HI
 _9512__297/HI
 _9513__298/HI
 _9514__299/HI
 _9515__300/HI
 _9516__301/HI
 _9517__302/HI
 _9518__303/HI
 _9519__304/HI
 _9520__305/HI
 _9521__306/HI
 _9522__307/HI
 _9523__308/HI
 _9524__309/HI
 _9525__310/HI
 _9526__311/HI
 _9527__321/LO
 _9528__322/LO
 _9529__323/LO
 _9530__312/HI
 _9531__313/HI
 _9532__314/HI
 _9534__315/HI
 _9535__316/HI
 _9536__317/HI
 clkload0/X
 clkload1/X
 clkload10/Y
 clkload11/Y
 clkload12/X
 clkload13/Y
 clkload14/X
 clkload15/Y
 clkload16/X
 clkload17/Y
 clkload2/X
 clkload3/Y
 clkload4/X
 clkload5/X
 clkload6/X
 clkload7/Y
 clkload8/Y
 clkload9/Y
Found 0 partially unannotated drivers.

===========================================================================
max slew violation count 0
max fanout violation count 161
max cap violation count 0
============================================================================

===========================================================================
check_setup -verbose -unconstrained_endpoints -multiple_clock -no_clock -no_input_delay -loops -generated_clocks
===========================================================================
Warning: There are 17 unclocked register/latch pins.
  _9195_/CLK
  _9196_/CLK
  _9197_/CLK
  _9198_/CLK
  _9199_/CLK
  _9200_/CLK
  _9201_/CLK
  _9202_/CLK
  _9203_/CLK
  _9204_/CLK
  _9205_/CLK
  _9206_/CLK
  _9207_/CLK
  _9208_/CLK
  _9209_/CLK
  _9210_/CLK
  _9211_/CLK
Warning: There are 58 unconstrained endpoints.
  gpio_oeb[0]
  gpio_oeb[10]
  gpio_oeb[11]
  gpio_oeb[12]
  gpio_oeb[13]
  gpio_oeb[14]
  gpio_oeb[15]
  gpio_oeb[16]
  gpio_oeb[17]
  gpio_oeb[18]
  gpio_oeb[19]
  gpio_oeb[1]
  gpio_oeb[20]
  gpio_oeb[21]
  gpio_oeb[22]
  gpio_oeb[23]
  gpio_oeb[24]
  gpio_oeb[25]
  gpio_oeb[26]
  gpio_oeb[27]
  gpio_oeb[28]
  gpio_oeb[29]
  gpio_oeb[2]
  gpio_oeb[30]
  gpio_oeb[31]
  gpio_oeb[32]
  gpio_oeb[33]
  gpio_oeb[3]
  gpio_oeb[4]
  gpio_oeb[5]
  gpio_oeb[6]
  gpio_oeb[7]
  gpio_oeb[8]
  gpio_oeb[9]
  gpio_out[0]
  gpio_out[1]
  gpio_out[2]
  gpio_out[31]
  gpio_out[32]
  gpio_out[33]
  _9195_/D
  _9196_/D
  _9197_/D
  _9198_/D
  _9199_/D
  _9200_/D
  _9201_/D
  _9202_/D
  _9203_/D
  _9204_/D
  _9205_/D
  _9206_/D
  _9207_/D
  _9208_/D
  _9209_/D
  _9210_/D
  _9211_/D
  _9338_/D
