Netgen 1.5.270 compiled on Sun Jun  2 19:00:27 UTC 2024
Warning: netgen command 'format' use fully-qualified name '::netgen::format'
Warning: netgen command 'global' use fully-qualified name '::netgen::global'
Warning:  A case-insensitive file has been read and so the	verilog file must be treated case-insensitive to match.
Reading SPICE netlist file '/home/misrrael2003/.volare/volare/sky130/versions/bdc9412b3e468c102d01b7cf6337be06ec6e9c9a/sky130A/libs.ref/sky130_fd_sc_hd/spice/sky130_ef_sc_hd__decap_12.spice'...
Call to undefined subcircuit sky130_fd_pr__pfet_01v8_hvt
Creating placeholder cell definition.
Call to undefined subcircuit sky130_fd_pr__nfet_01v8
Creating placeholder cell definition.
Reading SPICE netlist file '/home/misrrael2003/.volare/volare/sky130/versions/bdc9412b3e468c102d01b7cf6337be06ec6e9c9a/sky130A/libs.ref/sky130_fd_sc_hd/spice/sky130_ef_sc_hd__fill_12.spice'...
Reading SPICE netlist file '/home/misrrael2003/.volare/volare/sky130/versions/bdc9412b3e468c102d01b7cf6337be06ec6e9c9a/sky130A/libs.ref/sky130_fd_sc_hd/spice/sky130_ef_sc_hd__fill_4.spice'...
Reading SPICE netlist file '/home/misrrael2003/.volare/volare/sky130/versions/bdc9412b3e468c102d01b7cf6337be06ec6e9c9a/sky130A/libs.ref/sky130_fd_sc_hd/spice/sky130_ef_sc_hd__fill_8.spice'...
Reading SPICE netlist file '/home/misrrael2003/.volare/volare/sky130/versions/bdc9412b3e468c102d01b7cf6337be06ec6e9c9a/sky130A/libs.ref/sky130_fd_sc_hd/spice/sky130_fd_sc_hd.spice'...
Call to undefined subcircuit sky130_fd_sc_hd__nand2_2
Creating placeholder cell definition.
Call to undefined subcircuit sky130_fd_sc_hd__nor2_2
Creating placeholder cell definition.
Warning:  A case-insensitive file has been read and so the	verilog file must be treated case-insensitive to match.
Note:  Implicit pin LO in instance _1815__341 of sky130_fd_sc_hd__conb_1 in cell team_11_Wrapper
Note:  Implicit pin HI in instance _1744__188 of sky130_fd_sc_hd__conb_1 in cell team_11_Wrapper
Note:  Implicit pin HI in instance _1745__189 of sky130_fd_sc_hd__conb_1 in cell team_11_Wrapper
Note:  Implicit pin HI in instance _1746__190 of sky130_fd_sc_hd__conb_1 in cell team_11_Wrapper
Note:  Implicit pin HI in instance _1747__191 of sky130_fd_sc_hd__conb_1 in cell team_11_Wrapper
Note:  Implicit pin HI in instance _1748__192 of sky130_fd_sc_hd__conb_1 in cell team_11_Wrapper
Note:  Implicit pin HI in instance _1749__193 of sky130_fd_sc_hd__conb_1 in cell team_11_Wrapper
Note:  Implicit pin HI in instance _1750__194 of sky130_fd_sc_hd__conb_1 in cell team_11_Wrapper
Note:  Implicit pin HI in instance _1751__195 of sky130_fd_sc_hd__conb_1 in cell team_11_Wrapper
Note:  Implicit pin HI in instance _1752__196 of sky130_fd_sc_hd__conb_1 in cell team_11_Wrapper
Note:  Implicit pin HI in instance _1753__197 of sky130_fd_sc_hd__conb_1 in cell team_11_Wrapper
Note:  Implicit pin HI in instance _1754__198 of sky130_fd_sc_hd__conb_1 in cell team_11_Wrapper
Note:  Implicit pin HI in instance _1755__199 of sky130_fd_sc_hd__conb_1 in cell team_11_Wrapper
Note:  Implicit pin HI in instance _1756__200 of sky130_fd_sc_hd__conb_1 in cell team_11_Wrapper
Note:  Implicit pin HI in instance _1757__201 of sky130_fd_sc_hd__conb_1 in cell team_11_Wrapper
Note:  Implicit pin HI in instance _1758__202 of sky130_fd_sc_hd__conb_1 in cell team_11_Wrapper
Note:  Implicit pin HI in instance _1759__203 of sky130_fd_sc_hd__conb_1 in cell team_11_Wrapper
Note:  Implicit pin HI in instance _1760__204 of sky130_fd_sc_hd__conb_1 in cell team_11_Wrapper
Note:  Implicit pin HI in instance _1761__205 of sky130_fd_sc_hd__conb_1 in cell team_11_Wrapper
Note:  Implicit pin HI in instance _1762__206 of sky130_fd_sc_hd__conb_1 in cell team_11_Wrapper
Note:  Implicit pin HI in instance _1763__207 of sky130_fd_sc_hd__conb_1 in cell team_11_Wrapper
Note:  Implicit pin HI in instance _1764__208 of sky130_fd_sc_hd__conb_1 in cell team_11_Wrapper
Note:  Implicit pin HI in instance _1765__209 of sky130_fd_sc_hd__conb_1 in cell team_11_Wrapper
Note:  Implicit pin HI in instance _1766__210 of sky130_fd_sc_hd__conb_1 in cell team_11_Wrapper
Note:  Implicit pin HI in instance _1767__211 of sky130_fd_sc_hd__conb_1 in cell team_11_Wrapper
Note:  Implicit pin HI in instance _1768__212 of sky130_fd_sc_hd__conb_1 in cell team_11_Wrapper
Note:  Implicit pin HI in instance _1769__213 of sky130_fd_sc_hd__conb_1 in cell team_11_Wrapper
Note:  Implicit pin HI in instance _1770__214 of sky130_fd_sc_hd__conb_1 in cell team_11_Wrapper
Note:  Implicit pin HI in instance _1771__215 of sky130_fd_sc_hd__conb_1 in cell team_11_Wrapper
Note:  Implicit pin HI in instance _1772__216 of sky130_fd_sc_hd__conb_1 in cell team_11_Wrapper
Note:  Implicit pin HI in instance _1773__217 of sky130_fd_sc_hd__conb_1 in cell team_11_Wrapper
Note:  Implicit pin HI in instance _1774__218 of sky130_fd_sc_hd__conb_1 in cell team_11_Wrapper
Note:  Implicit pin HI in instance _1775__219 of sky130_fd_sc_hd__conb_1 in cell team_11_Wrapper
Note:  Implicit pin HI in instance _1776__220 of sky130_fd_sc_hd__conb_1 in cell team_11_Wrapper
Note:  Implicit pin HI in instance _1777__221 of sky130_fd_sc_hd__conb_1 in cell team_11_Wrapper
Note:  Implicit pin HI in instance _1778__222 of sky130_fd_sc_hd__conb_1 in cell team_11_Wrapper
Note:  Implicit pin HI in instance _1779__223 of sky130_fd_sc_hd__conb_1 in cell team_11_Wrapper
Note:  Implicit pin HI in instance _1780__224 of sky130_fd_sc_hd__conb_1 in cell team_11_Wrapper
Note:  Implicit pin HI in instance _1781__225 of sky130_fd_sc_hd__conb_1 in cell team_11_Wrapper
Note:  Implicit pin HI in instance _1782__226 of sky130_fd_sc_hd__conb_1 in cell team_11_Wrapper
Note:  Implicit pin HI in instance _1783__227 of sky130_fd_sc_hd__conb_1 in cell team_11_Wrapper
Note:  Implicit pin HI in instance _1784__228 of sky130_fd_sc_hd__conb_1 in cell team_11_Wrapper
Note:  Implicit pin HI in instance _1785__229 of sky130_fd_sc_hd__conb_1 in cell team_11_Wrapper
Note:  Implicit pin HI in instance _1786__230 of sky130_fd_sc_hd__conb_1 in cell team_11_Wrapper
Note:  Implicit pin HI in instance _1787__231 of sky130_fd_sc_hd__conb_1 in cell team_11_Wrapper
Note:  Implicit pin HI in instance _1788__232 of sky130_fd_sc_hd__conb_1 in cell team_11_Wrapper
Note:  Implicit pin HI in instance _1789__233 of sky130_fd_sc_hd__conb_1 in cell team_11_Wrapper
Note:  Implicit pin HI in instance _1790__234 of sky130_fd_sc_hd__conb_1 in cell team_11_Wrapper
Note:  Implicit pin HI in instance _1791__235 of sky130_fd_sc_hd__conb_1 in cell team_11_Wrapper
Note:  Implicit pin HI in instance _1792__236 of sky130_fd_sc_hd__conb_1 in cell team_11_Wrapper
Note:  Implicit pin HI in instance _1793__237 of sky130_fd_sc_hd__conb_1 in cell team_11_Wrapper
Note:  Implicit pin HI in instance _1794__238 of sky130_fd_sc_hd__conb_1 in cell team_11_Wrapper
Note:  Implicit pin HI in instance _1795__239 of sky130_fd_sc_hd__conb_1 in cell team_11_Wrapper
Note:  Implicit pin HI in instance _1796__240 of sky130_fd_sc_hd__conb_1 in cell team_11_Wrapper
Note:  Implicit pin HI in instance _1797__241 of sky130_fd_sc_hd__conb_1 in cell team_11_Wrapper
Note:  Implicit pin HI in instance _1798__242 of sky130_fd_sc_hd__conb_1 in cell team_11_Wrapper
Note:  Implicit pin HI in instance _1799__243 of sky130_fd_sc_hd__conb_1 in cell team_11_Wrapper
Note:  Implicit pin HI in instance _1800__244 of sky130_fd_sc_hd__conb_1 in cell team_11_Wrapper
Note:  Implicit pin HI in instance _1801__245 of sky130_fd_sc_hd__conb_1 in cell team_11_Wrapper
Note:  Implicit pin HI in instance _1802__246 of sky130_fd_sc_hd__conb_1 in cell team_11_Wrapper
Note:  Implicit pin HI in instance _1803__247 of sky130_fd_sc_hd__conb_1 in cell team_11_Wrapper
Note:  Implicit pin HI in instance _1804__248 of sky130_fd_sc_hd__conb_1 in cell team_11_Wrapper
Note:  Implicit pin HI in instance _1805__249 of sky130_fd_sc_hd__conb_1 in cell team_11_Wrapper
Note:  Implicit pin HI in instance _1806__250 of sky130_fd_sc_hd__conb_1 in cell team_11_Wrapper
Note:  Implicit pin HI in instance _1807__251 of sky130_fd_sc_hd__conb_1 in cell team_11_Wrapper
Note:  Implicit pin HI in instance _1808__252 of sky130_fd_sc_hd__conb_1 in cell team_11_Wrapper
Note:  Implicit pin HI in instance _1809__253 of sky130_fd_sc_hd__conb_1 in cell team_11_Wrapper
Note:  Implicit pin HI in instance _1810__254 of sky130_fd_sc_hd__conb_1 in cell team_11_Wrapper
Note:  Implicit pin HI in instance _1811__255 of sky130_fd_sc_hd__conb_1 in cell team_11_Wrapper
Note:  Implicit pin HI in instance _1812__256 of sky130_fd_sc_hd__conb_1 in cell team_11_Wrapper
Note:  Implicit pin HI in instance _1813__257 of sky130_fd_sc_hd__conb_1 in cell team_11_Wrapper
Note:  Implicit pin HI in instance _1814__258 of sky130_fd_sc_hd__conb_1 in cell team_11_Wrapper
Note:  Implicit pin HI in instance _1833__259 of sky130_fd_sc_hd__conb_1 in cell team_11_Wrapper
Note:  Implicit pin HI in instance _1834__260 of sky130_fd_sc_hd__conb_1 in cell team_11_Wrapper
Note:  Implicit pin HI in instance _1835__261 of sky130_fd_sc_hd__conb_1 in cell team_11_Wrapper
Note:  Implicit pin HI in instance _1836__262 of sky130_fd_sc_hd__conb_1 in cell team_11_Wrapper
Note:  Implicit pin HI in instance _1837__263 of sky130_fd_sc_hd__conb_1 in cell team_11_Wrapper
Note:  Implicit pin HI in instance _1838__264 of sky130_fd_sc_hd__conb_1 in cell team_11_Wrapper
Note:  Implicit pin HI in instance _1839__265 of sky130_fd_sc_hd__conb_1 in cell team_11_Wrapper
Note:  Implicit pin HI in instance _1840__266 of sky130_fd_sc_hd__conb_1 in cell team_11_Wrapper
Note:  Implicit pin HI in instance _1841__267 of sky130_fd_sc_hd__conb_1 in cell team_11_Wrapper
Note:  Implicit pin HI in instance _1842__268 of sky130_fd_sc_hd__conb_1 in cell team_11_Wrapper
Note:  Implicit pin HI in instance _1843__269 of sky130_fd_sc_hd__conb_1 in cell team_11_Wrapper
Note:  Implicit pin HI in instance _1844__270 of sky130_fd_sc_hd__conb_1 in cell team_11_Wrapper
Note:  Implicit pin HI in instance _1845__271 of sky130_fd_sc_hd__conb_1 in cell team_11_Wrapper
Note:  Implicit pin HI in instance _1846__272 of sky130_fd_sc_hd__conb_1 in cell team_11_Wrapper
Note:  Implicit pin HI in instance _1847__273 of sky130_fd_sc_hd__conb_1 in cell team_11_Wrapper
Note:  Implicit pin HI in instance _1848__274 of sky130_fd_sc_hd__conb_1 in cell team_11_Wrapper
Note:  Implicit pin HI in instance _1853__275 of sky130_fd_sc_hd__conb_1 in cell team_11_Wrapper
Note:  Implicit pin HI in instance _1854__276 of sky130_fd_sc_hd__conb_1 in cell team_11_Wrapper
Note:  Implicit pin HI in instance _1855__277 of sky130_fd_sc_hd__conb_1 in cell team_11_Wrapper
Note:  Implicit pin HI in instance _1856__278 of sky130_fd_sc_hd__conb_1 in cell team_11_Wrapper
Note:  Implicit pin HI in instance _1857__279 of sky130_fd_sc_hd__conb_1 in cell team_11_Wrapper
Note:  Implicit pin HI in instance _1858__280 of sky130_fd_sc_hd__conb_1 in cell team_11_Wrapper
Note:  Implicit pin HI in instance _1859__281 of sky130_fd_sc_hd__conb_1 in cell team_11_Wrapper
Note:  Implicit pin HI in instance _1860__282 of sky130_fd_sc_hd__conb_1 in cell team_11_Wrapper
Note:  Implicit pin HI in instance _1861__283 of sky130_fd_sc_hd__conb_1 in cell team_11_Wrapper
Note:  Implicit pin HI in instance _1862__284 of sky130_fd_sc_hd__conb_1 in cell team_11_Wrapper
Note:  Implicit pin HI in instance _1863__285 of sky130_fd_sc_hd__conb_1 in cell team_11_Wrapper
Note:  Implicit pin HI in instance _1864__286 of sky130_fd_sc_hd__conb_1 in cell team_11_Wrapper
Note:  Implicit pin HI in instance _1865__287 of sky130_fd_sc_hd__conb_1 in cell team_11_Wrapper
Note:  Implicit pin HI in instance _1866__288 of sky130_fd_sc_hd__conb_1 in cell team_11_Wrapper
Note:  Implicit pin HI in instance _1867__289 of sky130_fd_sc_hd__conb_1 in cell team_11_Wrapper
Note:  Implicit pin HI in instance _1868__290 of sky130_fd_sc_hd__conb_1 in cell team_11_Wrapper
Note:  Implicit pin HI in instance _1869__291 of sky130_fd_sc_hd__conb_1 in cell team_11_Wrapper
Note:  Implicit pin HI in instance _1870__292 of sky130_fd_sc_hd__conb_1 in cell team_11_Wrapper
Note:  Implicit pin HI in instance _1872__293 of sky130_fd_sc_hd__conb_1 in cell team_11_Wrapper
Note:  Implicit pin HI in instance _1875__294 of sky130_fd_sc_hd__conb_1 in cell team_11_Wrapper
Note:  Implicit pin HI in instance _1876__295 of sky130_fd_sc_hd__conb_1 in cell team_11_Wrapper
Note:  Implicit pin HI in instance _1877__296 of sky130_fd_sc_hd__conb_1 in cell team_11_Wrapper
Note:  Implicit pin HI in instance _1878__297 of sky130_fd_sc_hd__conb_1 in cell team_11_Wrapper
Note:  Implicit pin HI in instance _1879__298 of sky130_fd_sc_hd__conb_1 in cell team_11_Wrapper
Note:  Implicit pin HI in instance _1880__299 of sky130_fd_sc_hd__conb_1 in cell team_11_Wrapper
Note:  Implicit pin HI in instance _1881__300 of sky130_fd_sc_hd__conb_1 in cell team_11_Wrapper
Note:  Implicit pin HI in instance _1882__301 of sky130_fd_sc_hd__conb_1 in cell team_11_Wrapper
Note:  Implicit pin HI in instance _1883__302 of sky130_fd_sc_hd__conb_1 in cell team_11_Wrapper
Note:  Implicit pin HI in instance _1884__303 of sky130_fd_sc_hd__conb_1 in cell team_11_Wrapper
Note:  Implicit pin HI in instance _1885__304 of sky130_fd_sc_hd__conb_1 in cell team_11_Wrapper
Note:  Implicit pin HI in instance _1886__305 of sky130_fd_sc_hd__conb_1 in cell team_11_Wrapper
Note:  Implicit pin HI in instance _1887__306 of sky130_fd_sc_hd__conb_1 in cell team_11_Wrapper
Note:  Implicit pin HI in instance _1888__307 of sky130_fd_sc_hd__conb_1 in cell team_11_Wrapper
Note:  Implicit pin HI in instance _1889__308 of sky130_fd_sc_hd__conb_1 in cell team_11_Wrapper
Note:  Implicit pin HI in instance _1890__309 of sky130_fd_sc_hd__conb_1 in cell team_11_Wrapper
Note:  Implicit pin HI in instance _1891__310 of sky130_fd_sc_hd__conb_1 in cell team_11_Wrapper
Note:  Implicit pin HI in instance _1892__311 of sky130_fd_sc_hd__conb_1 in cell team_11_Wrapper
Note:  Implicit pin HI in instance _1893__312 of sky130_fd_sc_hd__conb_1 in cell team_11_Wrapper
Note:  Implicit pin HI in instance _1894__313 of sky130_fd_sc_hd__conb_1 in cell team_11_Wrapper
Note:  Implicit pin HI in instance _1895__314 of sky130_fd_sc_hd__conb_1 in cell team_11_Wrapper
Note:  Implicit pin HI in instance _1896__315 of sky130_fd_sc_hd__conb_1 in cell team_11_Wrapper
Note:  Implicit pin HI in instance _1897__316 of sky130_fd_sc_hd__conb_1 in cell team_11_Wrapper
Note:  Implicit pin HI in instance _1898__317 of sky130_fd_sc_hd__conb_1 in cell team_11_Wrapper
Note:  Implicit pin HI in instance _1899__318 of sky130_fd_sc_hd__conb_1 in cell team_11_Wrapper
Note:  Implicit pin HI in instance _1900__319 of sky130_fd_sc_hd__conb_1 in cell team_11_Wrapper
Note:  Implicit pin HI in instance _1901__320 of sky130_fd_sc_hd__conb_1 in cell team_11_Wrapper
Note:  Implicit pin HI in instance _1902__321 of sky130_fd_sc_hd__conb_1 in cell team_11_Wrapper
Note:  Implicit pin HI in instance _1903__322 of sky130_fd_sc_hd__conb_1 in cell team_11_Wrapper
Note:  Implicit pin HI in instance _1904__323 of sky130_fd_sc_hd__conb_1 in cell team_11_Wrapper
Note:  Implicit pin HI in instance _1905__324 of sky130_fd_sc_hd__conb_1 in cell team_11_Wrapper
Note:  Implicit pin HI in instance _1906__325 of sky130_fd_sc_hd__conb_1 in cell team_11_Wrapper
Note:  Implicit pin HI in instance _1907__326 of sky130_fd_sc_hd__conb_1 in cell team_11_Wrapper
Note:  Implicit pin HI in instance _1908__327 of sky130_fd_sc_hd__conb_1 in cell team_11_Wrapper
Note:  Implicit pin HI in instance _1909__328 of sky130_fd_sc_hd__conb_1 in cell team_11_Wrapper
Note:  Implicit pin HI in instance _1910__329 of sky130_fd_sc_hd__conb_1 in cell team_11_Wrapper
Note:  Implicit pin HI in instance _1911__330 of sky130_fd_sc_hd__conb_1 in cell team_11_Wrapper
Note:  Implicit pin HI in instance _1912__331 of sky130_fd_sc_hd__conb_1 in cell team_11_Wrapper
Note:  Implicit pin HI in instance _1913__332 of sky130_fd_sc_hd__conb_1 in cell team_11_Wrapper
Note:  Implicit pin HI in instance _1917__333 of sky130_fd_sc_hd__conb_1 in cell team_11_Wrapper
Note:  Implicit pin HI in instance _1921__334 of sky130_fd_sc_hd__conb_1 in cell team_11_Wrapper
Note:  Implicit pin HI in instance _1927__335 of sky130_fd_sc_hd__conb_1 in cell team_11_Wrapper
Note:  Implicit pin HI in instance _1930__336 of sky130_fd_sc_hd__conb_1 in cell team_11_Wrapper
Note:  Implicit pin HI in instance _1933__337 of sky130_fd_sc_hd__conb_1 in cell team_11_Wrapper
Note:  Implicit pin HI in instance _1935__338 of sky130_fd_sc_hd__conb_1 in cell team_11_Wrapper
Note:  Implicit pin HI in instance _1937__339 of sky130_fd_sc_hd__conb_1 in cell team_11_Wrapper
Note:  Implicit pin HI in instance _1942__340 of sky130_fd_sc_hd__conb_1 in cell team_11_Wrapper
Note:  Implicit pin LO in instance _1816__342 of sky130_fd_sc_hd__conb_1 in cell team_11_Wrapper
Note:  Implicit pin LO in instance _1817__343 of sky130_fd_sc_hd__conb_1 in cell team_11_Wrapper
Note:  Implicit pin LO in instance _1818__344 of sky130_fd_sc_hd__conb_1 in cell team_11_Wrapper
Note:  Implicit pin LO in instance _1819__345 of sky130_fd_sc_hd__conb_1 in cell team_11_Wrapper
Note:  Implicit pin LO in instance _1820__346 of sky130_fd_sc_hd__conb_1 in cell team_11_Wrapper
Note:  Implicit pin LO in instance _1821__347 of sky130_fd_sc_hd__conb_1 in cell team_11_Wrapper
Note:  Implicit pin LO in instance _1822__348 of sky130_fd_sc_hd__conb_1 in cell team_11_Wrapper
Note:  Implicit pin LO in instance _1823__349 of sky130_fd_sc_hd__conb_1 in cell team_11_Wrapper
Note:  Implicit pin LO in instance _1824__350 of sky130_fd_sc_hd__conb_1 in cell team_11_Wrapper
Note:  Implicit pin LO in instance _1825__351 of sky130_fd_sc_hd__conb_1 in cell team_11_Wrapper
Note:  Implicit pin LO in instance _1826__352 of sky130_fd_sc_hd__conb_1 in cell team_11_Wrapper
Note:  Implicit pin LO in instance _1827__353 of sky130_fd_sc_hd__conb_1 in cell team_11_Wrapper
Note:  Implicit pin LO in instance _1828__354 of sky130_fd_sc_hd__conb_1 in cell team_11_Wrapper
Note:  Implicit pin LO in instance _1829__355 of sky130_fd_sc_hd__conb_1 in cell team_11_Wrapper
Note:  Implicit pin LO in instance _1830__356 of sky130_fd_sc_hd__conb_1 in cell team_11_Wrapper
Note:  Implicit pin LO in instance _1831__357 of sky130_fd_sc_hd__conb_1 in cell team_11_Wrapper
Note:  Implicit pin LO in instance _1832__358 of sky130_fd_sc_hd__conb_1 in cell team_11_Wrapper
Note:  Implicit pin LO in instance _1849__359 of sky130_fd_sc_hd__conb_1 in cell team_11_Wrapper
Note:  Implicit pin LO in instance _1850__360 of sky130_fd_sc_hd__conb_1 in cell team_11_Wrapper
Note:  Implicit pin LO in instance _1851__361 of sky130_fd_sc_hd__conb_1 in cell team_11_Wrapper
Note:  Implicit pin LO in instance _1852__362 of sky130_fd_sc_hd__conb_1 in cell team_11_Wrapper
Note:  Implicit pin X in instance clkload0 of sky130_fd_sc_hd__clkbuf_8 in cell team_11_Wrapper
Note:  Implicit pin Y in instance clkload1 of sky130_fd_sc_hd__inv_8 in cell team_11_Wrapper
Note:  Implicit pin Y in instance clkload2 of sky130_fd_sc_hd__inv_6 in cell team_11_Wrapper
Note:  Implicit pin Y in instance clkload3 of sky130_fd_sc_hd__inv_4 in cell team_11_Wrapper
Note:  Implicit pin Y in instance clkload4 of sky130_fd_sc_hd__inv_8 in cell team_11_Wrapper
Note:  Implicit pin Y in instance clkload5 of sky130_fd_sc_hd__inv_12 in cell team_11_Wrapper
Note:  Implicit pin Y in instance clkload6 of sky130_fd_sc_hd__inv_12 in cell team_11_Wrapper
Note:  Implicit pin Y in instance clkload7 of sky130_fd_sc_hd__inv_8 in cell team_11_Wrapper
Note:  Implicit pin Y in instance clkload8 of sky130_fd_sc_hd__clkinv_8 in cell team_11_Wrapper
Note:  Implicit pin Y in instance clkload9 of sky130_fd_sc_hd__clkinv_8 in cell team_11_Wrapper
Note:  Implicit pin Y in instance clkload10 of sky130_fd_sc_hd__inv_6 in cell team_11_Wrapper
Note:  Implicit pin Y in instance clkload11 of sky130_fd_sc_hd__bufinv_16 in cell team_11_Wrapper
Note:  Implicit pin Y in instance clkload12 of sky130_fd_sc_hd__clkinv_8 in cell team_11_Wrapper
Note:  Implicit pin Y in instance clkload13 of sky130_fd_sc_hd__clkinv_8 in cell team_11_Wrapper
Note:  Implicit pin X in instance clkload14 of sky130_fd_sc_hd__clkbuf_8 in cell team_11_Wrapper
Note:  Implicit pin X in instance clkload15 of sky130_fd_sc_hd__clkbuf_8 in cell team_11_Wrapper
Note:  Implicit pin Y in instance clkload16 of sky130_fd_sc_hd__inv_4 in cell team_11_Wrapper
Note:  Implicit pin Y in instance clkload17 of sky130_fd_sc_hd__inv_8 in cell team_11_Wrapper
Note:  Implicit pin Y in instance clkload18 of sky130_fd_sc_hd__inv_4 in cell team_11_Wrapper
Note:  Implicit pin Y in instance clkload19 of sky130_fd_sc_hd__clkinv_4 in cell team_11_Wrapper
Note:  Implicit pin X in instance clkload20 of sky130_fd_sc_hd__clkbuf_4 in cell team_11_Wrapper
Note:  Implicit pin X in instance clkload21 of sky130_fd_sc_hd__clkbuf_4 in cell team_11_Wrapper
Note:  Implicit pin X in instance clkload22 of sky130_fd_sc_hd__clkbuf_4 in cell team_11_Wrapper
Note:  Implicit pin Y in instance clkload23 of sky130_fd_sc_hd__inv_4 in cell team_11_Wrapper
Note:  Implicit pin Y in instance clkload24 of sky130_fd_sc_hd__clkinv_2 in cell team_11_Wrapper
Note:  Implicit pin Y in instance clkload25 of sky130_fd_sc_hd__clkinv_2 in cell team_11_Wrapper
Treating empty subcircuits as black-box cells
Generating JSON file result

Reading setup file /nix/store/m4202q1n7la2bph83v3h11q6mfrcazx4-python3-3.11.9-env/lib/python3.11/site-packages/openlane/scripts/netgen/setup.tcl

Model sky130_fd_pr__res_generic_po pin end_a == end_b
No property mult found for device sky130_fd_pr__res_generic_po
Model sky130_fd_pr__nfet_01v8 pin 1 == 3
No property mult found for device sky130_fd_pr__nfet_01v8
No property sa found for device sky130_fd_pr__nfet_01v8
No property sb found for device sky130_fd_pr__nfet_01v8
No property sd found for device sky130_fd_pr__nfet_01v8
No property nf found for device sky130_fd_pr__nfet_01v8
No property nrd found for device sky130_fd_pr__nfet_01v8
No property nrs found for device sky130_fd_pr__nfet_01v8
No property area found for device sky130_fd_pr__nfet_01v8
No property perim found for device sky130_fd_pr__nfet_01v8
No property topography found for device sky130_fd_pr__nfet_01v8
Model sky130_fd_pr__pfet_01v8_hvt pin 1 == 3
No property mult found for device sky130_fd_pr__pfet_01v8_hvt
No property sa found for device sky130_fd_pr__pfet_01v8_hvt
No property sb found for device sky130_fd_pr__pfet_01v8_hvt
No property sd found for device sky130_fd_pr__pfet_01v8_hvt
No property nf found for device sky130_fd_pr__pfet_01v8_hvt
No property nrd found for device sky130_fd_pr__pfet_01v8_hvt
No property nrs found for device sky130_fd_pr__pfet_01v8_hvt
No property area found for device sky130_fd_pr__pfet_01v8_hvt
No property perim found for device sky130_fd_pr__pfet_01v8_hvt
No property topography found for device sky130_fd_pr__pfet_01v8_hvt
No property value found for device sky130_fd_pr__diode_pw2nd_05v5
No property mult found for device sky130_fd_pr__diode_pw2nd_05v5
No property perim found for device sky130_fd_pr__diode_pw2nd_05v5
Comparison output logged to file /home/misrrael2003/nebula-ii/openlane/team_11_Wrapper/runs/24_08_24_16_56/67-netgen-lvs/reports/lvs.netgen.rpt
Logging to file "/home/misrrael2003/nebula-ii/openlane/team_11_Wrapper/runs/24_08_24_16_56/67-netgen-lvs/reports/lvs.netgen.rpt" enabled

Contents of circuit 1:  Circuit: 'sky130_fd_sc_hd__tapvpwrvgnd_1'
Circuit sky130_fd_sc_hd__tapvpwrvgnd_1 contains 0 device instances.
Circuit contains 0 nets, and 2 disconnected pins.
Contents of circuit 2:  Circuit: 'sky130_fd_sc_hd__tapvpwrvgnd_1'
Circuit sky130_fd_sc_hd__tapvpwrvgnd_1 contains 0 device instances.
Circuit contains 0 nets, and 2 disconnected pins.

Circuit sky130_fd_sc_hd__tapvpwrvgnd_1 contains no devices.

Contents of circuit 1:  Circuit: 'sky130_fd_sc_hd__diode_2'
Circuit sky130_fd_sc_hd__diode_2 contains 0 device instances.
Circuit contains 0 nets, and 5 disconnected pins.
Contents of circuit 2:  Circuit: 'sky130_fd_sc_hd__diode_2'
Circuit sky130_fd_sc_hd__diode_2 contains 1 device instances.
  Class: sky130_fd_pr__diode_pw2nd_05v5 instances:   1
Circuit contains 2 nets, and 3 disconnected pins.

Circuit sky130_fd_sc_hd__diode_2 contains no devices.

Contents of circuit 1:  Circuit: 'sky130_ef_sc_hd__decap_12'
Circuit sky130_ef_sc_hd__decap_12 contains 0 device instances.
Circuit contains 0 nets, and 4 disconnected pins.
Contents of circuit 2:  Circuit: 'sky130_ef_sc_hd__decap_12'
Circuit sky130_ef_sc_hd__decap_12 contains 2 device instances.
  Class: sky130_fd_pr__nfet_01v8 instances:   1
  Class: sky130_fd_pr__pfet_01v8_hvt instances:   1
Circuit contains 4 nets.

Circuit sky130_ef_sc_hd__decap_12 contains no devices.

Contents of circuit 1:  Circuit: 'sky130_fd_sc_hd__decap_3'
Circuit sky130_fd_sc_hd__decap_3 contains 0 device instances.
Circuit contains 0 nets, and 4 disconnected pins.
Contents of circuit 2:  Circuit: 'sky130_fd_sc_hd__decap_3'
Circuit sky130_fd_sc_hd__decap_3 contains 2 device instances.
  Class: sky130_fd_pr__nfet_01v8 instances:   1
  Class: sky130_fd_pr__pfet_01v8_hvt instances:   1
Circuit contains 4 nets.

Circuit sky130_fd_sc_hd__decap_3 contains no devices.

Contents of circuit 1:  Circuit: 'sky130_fd_sc_hd__fill_2'
Circuit sky130_fd_sc_hd__fill_2 contains 0 device instances.
Circuit contains 0 nets, and 4 disconnected pins.
Contents of circuit 2:  Circuit: 'sky130_fd_sc_hd__fill_2'
Circuit sky130_fd_sc_hd__fill_2 contains 0 device instances.
Circuit contains 0 nets, and 4 disconnected pins.

Circuit sky130_fd_sc_hd__fill_2 contains no devices.

Contents of circuit 1:  Circuit: 'sky130_fd_sc_hd__fill_1'
Circuit sky130_fd_sc_hd__fill_1 contains 0 device instances.
Circuit contains 0 nets, and 4 disconnected pins.
Contents of circuit 2:  Circuit: 'sky130_fd_sc_hd__fill_1'
Circuit sky130_fd_sc_hd__fill_1 contains 0 device instances.
Circuit contains 0 nets, and 4 disconnected pins.

Circuit sky130_fd_sc_hd__fill_1 contains no devices.

Contents of circuit 1:  Circuit: 'sky130_fd_sc_hd__decap_6'
Circuit sky130_fd_sc_hd__decap_6 contains 0 device instances.
Circuit contains 0 nets, and 4 disconnected pins.
Contents of circuit 2:  Circuit: 'sky130_fd_sc_hd__decap_6'
Circuit sky130_fd_sc_hd__decap_6 contains 2 device instances.
  Class: sky130_fd_pr__nfet_01v8 instances:   1
  Class: sky130_fd_pr__pfet_01v8_hvt instances:   1
Circuit contains 4 nets.

Circuit sky130_fd_sc_hd__decap_6 contains no devices.

Contents of circuit 1:  Circuit: 'sky130_fd_sc_hd__decap_8'
Circuit sky130_fd_sc_hd__decap_8 contains 0 device instances.
Circuit contains 0 nets, and 4 disconnected pins.
Contents of circuit 2:  Circuit: 'sky130_fd_sc_hd__decap_8'
Circuit sky130_fd_sc_hd__decap_8 contains 2 device instances.
  Class: sky130_fd_pr__nfet_01v8 instances:   1
  Class: sky130_fd_pr__pfet_01v8_hvt instances:   1
Circuit contains 4 nets.

Circuit sky130_fd_sc_hd__decap_8 contains no devices.

Contents of circuit 1:  Circuit: 'sky130_fd_sc_hd__conb_1'
Circuit sky130_fd_sc_hd__conb_1 contains 0 device instances.
Circuit contains 0 nets, and 6 disconnected pins.
Contents of circuit 2:  Circuit: 'sky130_fd_sc_hd__conb_1'
Circuit sky130_fd_sc_hd__conb_1 contains 2 device instances.
  Class: sky130_fd_pr__res_generic_po instances:   2
Circuit contains 4 nets, and 2 disconnected pins.

Circuit sky130_fd_sc_hd__conb_1 contains no devices.

Contents of circuit 1:  Circuit: 'sky130_fd_sc_hd__xor2_1'
Circuit sky130_fd_sc_hd__xor2_1 contains 0 device instances.
Circuit contains 0 nets, and 7 disconnected pins.
Contents of circuit 2:  Circuit: 'sky130_fd_sc_hd__xor2_1'
Circuit sky130_fd_sc_hd__xor2_1 contains 10 device instances.
  Class: sky130_fd_pr__nfet_01v8 instances:   5
  Class: sky130_fd_pr__pfet_01v8_hvt instances:   5
Circuit contains 11 nets.

Circuit sky130_fd_sc_hd__xor2_1 contains no devices.

Contents of circuit 1:  Circuit: 'sky130_fd_sc_hd__decap_4'
Circuit sky130_fd_sc_hd__decap_4 contains 0 device instances.
Circuit contains 0 nets, and 4 disconnected pins.
Contents of circuit 2:  Circuit: 'sky130_fd_sc_hd__decap_4'
Circuit sky130_fd_sc_hd__decap_4 contains 2 device instances.
  Class: sky130_fd_pr__nfet_01v8 instances:   1
  Class: sky130_fd_pr__pfet_01v8_hvt instances:   1
Circuit contains 4 nets.

Circuit sky130_fd_sc_hd__decap_4 contains no devices.

Contents of circuit 1:  Circuit: 'sky130_fd_sc_hd__o22a_1'
Circuit sky130_fd_sc_hd__o22a_1 contains 0 device instances.
Circuit contains 0 nets, and 9 disconnected pins.
Contents of circuit 2:  Circuit: 'sky130_fd_sc_hd__o22a_1'
Circuit sky130_fd_sc_hd__o22a_1 contains 10 device instances.
  Class: sky130_fd_pr__nfet_01v8 instances:   5
  Class: sky130_fd_pr__pfet_01v8_hvt instances:   5
Circuit contains 13 nets.

Circuit sky130_fd_sc_hd__o22a_1 contains no devices.

Contents of circuit 1:  Circuit: 'sky130_fd_sc_hd__dfrtp_1'
Circuit sky130_fd_sc_hd__dfrtp_1 contains 0 device instances.
Circuit contains 0 nets, and 8 disconnected pins.
Contents of circuit 2:  Circuit: 'sky130_fd_sc_hd__dfrtp_1'
Circuit sky130_fd_sc_hd__dfrtp_1 contains 28 device instances.
  Class: sky130_fd_pr__nfet_01v8 instances:  14
  Class: sky130_fd_pr__pfet_01v8_hvt instances:  14
Circuit contains 21 nets.

Circuit sky130_fd_sc_hd__dfrtp_1 contains no devices.

Contents of circuit 1:  Circuit: 'sky130_fd_sc_hd__buf_2'
Circuit sky130_fd_sc_hd__buf_2 contains 0 device instances.
Circuit contains 0 nets, and 6 disconnected pins.
Contents of circuit 2:  Circuit: 'sky130_fd_sc_hd__buf_2'
Circuit sky130_fd_sc_hd__buf_2 contains 6 device instances.
  Class: sky130_fd_pr__nfet_01v8 instances:   3
  Class: sky130_fd_pr__pfet_01v8_hvt instances:   3
Circuit contains 7 nets.

Circuit sky130_fd_sc_hd__buf_2 contains no devices.

Contents of circuit 1:  Circuit: 'sky130_fd_sc_hd__clkbuf_2'
Circuit sky130_fd_sc_hd__clkbuf_2 contains 0 device instances.
Circuit contains 0 nets, and 6 disconnected pins.
Contents of circuit 2:  Circuit: 'sky130_fd_sc_hd__clkbuf_2'
Circuit sky130_fd_sc_hd__clkbuf_2 contains 6 device instances.
  Class: sky130_fd_pr__nfet_01v8 instances:   3
  Class: sky130_fd_pr__pfet_01v8_hvt instances:   3
Circuit contains 7 nets.

Circuit sky130_fd_sc_hd__clkbuf_2 contains no devices.

Contents of circuit 1:  Circuit: 'sky130_fd_sc_hd__dlymetal6s2s_1'
Circuit sky130_fd_sc_hd__dlymetal6s2s_1 contains 0 device instances.
Circuit contains 0 nets, and 6 disconnected pins.
Contents of circuit 2:  Circuit: 'sky130_fd_sc_hd__dlymetal6s2s_1'
Circuit sky130_fd_sc_hd__dlymetal6s2s_1 contains 12 device instances.
  Class: sky130_fd_pr__nfet_01v8 instances:   6
  Class: sky130_fd_pr__pfet_01v8_hvt instances:   6
Circuit contains 11 nets.

Circuit sky130_fd_sc_hd__dlymetal6s2s_1 contains no devices.

Contents of circuit 1:  Circuit: 'sky130_fd_sc_hd__dfstp_1'
Circuit sky130_fd_sc_hd__dfstp_1 contains 0 device instances.
Circuit contains 0 nets, and 8 disconnected pins.
Contents of circuit 2:  Circuit: 'sky130_fd_sc_hd__dfstp_1'
Circuit sky130_fd_sc_hd__dfstp_1 contains 32 device instances.
  Class: sky130_fd_pr__nfet_01v8 instances:  16
  Class: sky130_fd_pr__pfet_01v8_hvt instances:  16
Circuit contains 24 nets.

Circuit sky130_fd_sc_hd__dfstp_1 contains no devices.

Contents of circuit 1:  Circuit: 'sky130_fd_sc_hd__a22o_1'
Circuit sky130_fd_sc_hd__a22o_1 contains 0 device instances.
Circuit contains 0 nets, and 9 disconnected pins.
Contents of circuit 2:  Circuit: 'sky130_fd_sc_hd__a22o_1'
Circuit sky130_fd_sc_hd__a22o_1 contains 10 device instances.
  Class: sky130_fd_pr__nfet_01v8 instances:   5
  Class: sky130_fd_pr__pfet_01v8_hvt instances:   5
Circuit contains 13 nets.

Circuit sky130_fd_sc_hd__a22o_1 contains no devices.

Contents of circuit 1:  Circuit: 'sky130_fd_sc_hd__and4_4'
Circuit sky130_fd_sc_hd__and4_4 contains 0 device instances.
Circuit contains 0 nets, and 9 disconnected pins.
Contents of circuit 2:  Circuit: 'sky130_fd_sc_hd__and4_4'
Circuit sky130_fd_sc_hd__and4_4 contains 16 device instances.
  Class: sky130_fd_pr__nfet_01v8 instances:   8
  Class: sky130_fd_pr__pfet_01v8_hvt instances:   8
Circuit contains 13 nets.

Circuit sky130_fd_sc_hd__and4_4 contains no devices.

Contents of circuit 1:  Circuit: 'sky130_fd_sc_hd__and4_2'
Circuit sky130_fd_sc_hd__and4_2 contains 0 device instances.
Circuit contains 0 nets, and 9 disconnected pins.
Contents of circuit 2:  Circuit: 'sky130_fd_sc_hd__and4_2'
Circuit sky130_fd_sc_hd__and4_2 contains 12 device instances.
  Class: sky130_fd_pr__nfet_01v8 instances:   6
  Class: sky130_fd_pr__pfet_01v8_hvt instances:   6
Circuit contains 13 nets.

Circuit sky130_fd_sc_hd__and4_2 contains no devices.

Contents of circuit 1:  Circuit: 'sky130_fd_sc_hd__and4b_1'
Circuit sky130_fd_sc_hd__and4b_1 contains 0 device instances.
Circuit contains 0 nets, and 9 disconnected pins.
Contents of circuit 2:  Circuit: 'sky130_fd_sc_hd__and4b_1'
Circuit sky130_fd_sc_hd__and4b_1 contains 12 device instances.
  Class: sky130_fd_pr__nfet_01v8 instances:   6
  Class: sky130_fd_pr__pfet_01v8_hvt instances:   6
Circuit contains 14 nets.

Circuit sky130_fd_sc_hd__and4b_1 contains no devices.

Contents of circuit 1:  Circuit: 'sky130_fd_sc_hd__o21a_1'
Circuit sky130_fd_sc_hd__o21a_1 contains 0 device instances.
Circuit contains 0 nets, and 8 disconnected pins.
Contents of circuit 2:  Circuit: 'sky130_fd_sc_hd__o21a_1'
Circuit sky130_fd_sc_hd__o21a_1 contains 8 device instances.
  Class: sky130_fd_pr__nfet_01v8 instances:   4
  Class: sky130_fd_pr__pfet_01v8_hvt instances:   4
Circuit contains 11 nets.

Circuit sky130_fd_sc_hd__o21a_1 contains no devices.

Contents of circuit 1:  Circuit: 'sky130_fd_sc_hd__a21o_1'
Circuit sky130_fd_sc_hd__a21o_1 contains 0 device instances.
Circuit contains 0 nets, and 8 disconnected pins.
Contents of circuit 2:  Circuit: 'sky130_fd_sc_hd__a21o_1'
Circuit sky130_fd_sc_hd__a21o_1 contains 8 device instances.
  Class: sky130_fd_pr__nfet_01v8 instances:   4
  Class: sky130_fd_pr__pfet_01v8_hvt instances:   4
Circuit contains 11 nets.

Circuit sky130_fd_sc_hd__a21o_1 contains no devices.

Contents of circuit 1:  Circuit: 'sky130_fd_sc_hd__a221o_1'
Circuit sky130_fd_sc_hd__a221o_1 contains 0 device instances.
Circuit contains 0 nets, and 10 disconnected pins.
Contents of circuit 2:  Circuit: 'sky130_fd_sc_hd__a221o_1'
Circuit sky130_fd_sc_hd__a221o_1 contains 12 device instances.
  Class: sky130_fd_pr__nfet_01v8 instances:   6
  Class: sky130_fd_pr__pfet_01v8_hvt instances:   6
Circuit contains 15 nets.

Circuit sky130_fd_sc_hd__a221o_1 contains no devices.

Contents of circuit 1:  Circuit: 'sky130_fd_sc_hd__and3_1'
Circuit sky130_fd_sc_hd__and3_1 contains 0 device instances.
Circuit contains 0 nets, and 8 disconnected pins.
Contents of circuit 2:  Circuit: 'sky130_fd_sc_hd__and3_1'
Circuit sky130_fd_sc_hd__and3_1 contains 8 device instances.
  Class: sky130_fd_pr__nfet_01v8 instances:   4
  Class: sky130_fd_pr__pfet_01v8_hvt instances:   4
Circuit contains 11 nets.

Circuit sky130_fd_sc_hd__and3_1 contains no devices.

Contents of circuit 1:  Circuit: 'sky130_fd_sc_hd__clkbuf_1'
Circuit sky130_fd_sc_hd__clkbuf_1 contains 0 device instances.
Circuit contains 0 nets, and 6 disconnected pins.
Contents of circuit 2:  Circuit: 'sky130_fd_sc_hd__clkbuf_1'
Circuit sky130_fd_sc_hd__clkbuf_1 contains 4 device instances.
  Class: sky130_fd_pr__nfet_01v8 instances:   2
  Class: sky130_fd_pr__pfet_01v8_hvt instances:   2
Circuit contains 7 nets.

Circuit sky130_fd_sc_hd__clkbuf_1 contains no devices.

Contents of circuit 1:  Circuit: 'sky130_fd_sc_hd__and4_1'
Circuit sky130_fd_sc_hd__and4_1 contains 0 device instances.
Circuit contains 0 nets, and 9 disconnected pins.
Contents of circuit 2:  Circuit: 'sky130_fd_sc_hd__and4_1'
Circuit sky130_fd_sc_hd__and4_1 contains 10 device instances.
  Class: sky130_fd_pr__nfet_01v8 instances:   5
  Class: sky130_fd_pr__pfet_01v8_hvt instances:   5
Circuit contains 13 nets.

Circuit sky130_fd_sc_hd__and4_1 contains no devices.

Contents of circuit 1:  Circuit: 'sky130_fd_sc_hd__mux2_1'
Circuit sky130_fd_sc_hd__mux2_1 contains 0 device instances.
Circuit contains 0 nets, and 8 disconnected pins.
Contents of circuit 2:  Circuit: 'sky130_fd_sc_hd__mux2_1'
Circuit sky130_fd_sc_hd__mux2_1 contains 12 device instances.
  Class: sky130_fd_pr__nfet_01v8 instances:   6
  Class: sky130_fd_pr__pfet_01v8_hvt instances:   6
Circuit contains 14 nets.

Circuit sky130_fd_sc_hd__mux2_1 contains no devices.

Contents of circuit 1:  Circuit: 'sky130_fd_sc_hd__o21ai_1'
Circuit sky130_fd_sc_hd__o21ai_1 contains 0 device instances.
Circuit contains 0 nets, and 8 disconnected pins.
Contents of circuit 2:  Circuit: 'sky130_fd_sc_hd__o21ai_1'
Circuit sky130_fd_sc_hd__o21ai_1 contains 6 device instances.
  Class: sky130_fd_pr__nfet_01v8 instances:   3
  Class: sky130_fd_pr__pfet_01v8_hvt instances:   3
Circuit contains 10 nets.

Circuit sky130_fd_sc_hd__o21ai_1 contains no devices.

Contents of circuit 1:  Circuit: 'sky130_fd_sc_hd__inv_2'
Circuit sky130_fd_sc_hd__inv_2 contains 0 device instances.
Circuit contains 0 nets, and 6 disconnected pins.
Contents of circuit 2:  Circuit: 'sky130_fd_sc_hd__inv_2'
Circuit sky130_fd_sc_hd__inv_2 contains 4 device instances.
  Class: sky130_fd_pr__nfet_01v8 instances:   2
  Class: sky130_fd_pr__pfet_01v8_hvt instances:   2
Circuit contains 6 nets.

Circuit sky130_fd_sc_hd__inv_2 contains no devices.

Contents of circuit 1:  Circuit: 'sky130_fd_sc_hd__or4bb_1'
Circuit sky130_fd_sc_hd__or4bb_1 contains 0 device instances.
Circuit contains 0 nets, and 9 disconnected pins.
Contents of circuit 2:  Circuit: 'sky130_fd_sc_hd__or4bb_1'
Circuit sky130_fd_sc_hd__or4bb_1 contains 14 device instances.
  Class: sky130_fd_pr__nfet_01v8 instances:   7
  Class: sky130_fd_pr__pfet_01v8_hvt instances:   7
Circuit contains 15 nets.

Circuit sky130_fd_sc_hd__or4bb_1 contains no devices.

Contents of circuit 1:  Circuit: 'sky130_fd_sc_hd__dlygate4sd3_1'
Circuit sky130_fd_sc_hd__dlygate4sd3_1 contains 0 device instances.
Circuit contains 0 nets, and 6 disconnected pins.
Contents of circuit 2:  Circuit: 'sky130_fd_sc_hd__dlygate4sd3_1'
Circuit sky130_fd_sc_hd__dlygate4sd3_1 contains 8 device instances.
  Class: sky130_fd_pr__nfet_01v8 instances:   4
  Class: sky130_fd_pr__pfet_01v8_hvt instances:   4
Circuit contains 9 nets.

Circuit sky130_fd_sc_hd__dlygate4sd3_1 contains no devices.

Contents of circuit 1:  Circuit: 'sky130_fd_sc_hd__clkbuf_8'
Circuit sky130_fd_sc_hd__clkbuf_8 contains 0 device instances.
Circuit contains 0 nets, and 6 disconnected pins.
Contents of circuit 2:  Circuit: 'sky130_fd_sc_hd__clkbuf_8'
Circuit sky130_fd_sc_hd__clkbuf_8 contains 20 device instances.
  Class: sky130_fd_pr__nfet_01v8 instances:  10
  Class: sky130_fd_pr__pfet_01v8_hvt instances:  10
Circuit contains 7 nets.

Circuit sky130_fd_sc_hd__clkbuf_8 contains no devices.

Contents of circuit 1:  Circuit: 'sky130_fd_sc_hd__clkbuf_4'
Circuit sky130_fd_sc_hd__clkbuf_4 contains 0 device instances.
Circuit contains 0 nets, and 6 disconnected pins.
Contents of circuit 2:  Circuit: 'sky130_fd_sc_hd__clkbuf_4'
Circuit sky130_fd_sc_hd__clkbuf_4 contains 10 device instances.
  Class: sky130_fd_pr__nfet_01v8 instances:   5
  Class: sky130_fd_pr__pfet_01v8_hvt instances:   5
Circuit contains 7 nets.

Circuit sky130_fd_sc_hd__clkbuf_4 contains no devices.

Contents of circuit 1:  Circuit: 'sky130_fd_sc_hd__nand2_1'
Circuit sky130_fd_sc_hd__nand2_1 contains 0 device instances.
Circuit contains 0 nets, and 7 disconnected pins.
Contents of circuit 2:  Circuit: 'sky130_fd_sc_hd__nand2_1'
Circuit sky130_fd_sc_hd__nand2_1 contains 4 device instances.
  Class: sky130_fd_pr__nfet_01v8 instances:   2
  Class: sky130_fd_pr__pfet_01v8_hvt instances:   2
Circuit contains 8 nets.

Circuit sky130_fd_sc_hd__nand2_1 contains no devices.

Contents of circuit 1:  Circuit: 'sky130_fd_sc_hd__nand2b_1'
Circuit sky130_fd_sc_hd__nand2b_1 contains 0 device instances.
Circuit contains 0 nets, and 7 disconnected pins.
Contents of circuit 2:  Circuit: 'sky130_fd_sc_hd__nand2b_1'
Circuit sky130_fd_sc_hd__nand2b_1 contains 6 device instances.
  Class: sky130_fd_pr__nfet_01v8 instances:   3
  Class: sky130_fd_pr__pfet_01v8_hvt instances:   3
Circuit contains 9 nets.

Circuit sky130_fd_sc_hd__nand2b_1 contains no devices.

Contents of circuit 1:  Circuit: 'sky130_fd_sc_hd__and2_1'
Circuit sky130_fd_sc_hd__and2_1 contains 0 device instances.
Circuit contains 0 nets, and 7 disconnected pins.
Contents of circuit 2:  Circuit: 'sky130_fd_sc_hd__and2_1'
Circuit sky130_fd_sc_hd__and2_1 contains 6 device instances.
  Class: sky130_fd_pr__nfet_01v8 instances:   3
  Class: sky130_fd_pr__pfet_01v8_hvt instances:   3
Circuit contains 9 nets.

Circuit sky130_fd_sc_hd__and2_1 contains no devices.

Contents of circuit 1:  Circuit: 'sky130_fd_sc_hd__o211a_1'
Circuit sky130_fd_sc_hd__o211a_1 contains 0 device instances.
Circuit contains 0 nets, and 9 disconnected pins.
Contents of circuit 2:  Circuit: 'sky130_fd_sc_hd__o211a_1'
Circuit sky130_fd_sc_hd__o211a_1 contains 10 device instances.
  Class: sky130_fd_pr__nfet_01v8 instances:   5
  Class: sky130_fd_pr__pfet_01v8_hvt instances:   5
Circuit contains 13 nets.

Circuit sky130_fd_sc_hd__o211a_1 contains no devices.

Contents of circuit 1:  Circuit: 'sky130_fd_sc_hd__or4_2'
Circuit sky130_fd_sc_hd__or4_2 contains 0 device instances.
Circuit contains 0 nets, and 9 disconnected pins.
Contents of circuit 2:  Circuit: 'sky130_fd_sc_hd__or4_2'
Circuit sky130_fd_sc_hd__or4_2 contains 12 device instances.
  Class: sky130_fd_pr__nfet_01v8 instances:   6
  Class: sky130_fd_pr__pfet_01v8_hvt instances:   6
Circuit contains 13 nets.

Circuit sky130_fd_sc_hd__or4_2 contains no devices.

Contents of circuit 1:  Circuit: 'sky130_fd_sc_hd__nor2_1'
Circuit sky130_fd_sc_hd__nor2_1 contains 0 device instances.
Circuit contains 0 nets, and 7 disconnected pins.
Contents of circuit 2:  Circuit: 'sky130_fd_sc_hd__nor2_1'
Circuit sky130_fd_sc_hd__nor2_1 contains 4 device instances.
  Class: sky130_fd_pr__nfet_01v8 instances:   2
  Class: sky130_fd_pr__pfet_01v8_hvt instances:   2
Circuit contains 8 nets.

Circuit sky130_fd_sc_hd__nor2_1 contains no devices.

Contents of circuit 1:  Circuit: 'sky130_fd_sc_hd__nor3b_1'
Circuit sky130_fd_sc_hd__nor3b_1 contains 0 device instances.
Circuit contains 0 nets, and 8 disconnected pins.
Contents of circuit 2:  Circuit: 'sky130_fd_sc_hd__nor3b_1'
Circuit sky130_fd_sc_hd__nor3b_1 contains 8 device instances.
  Class: sky130_fd_pr__nfet_01v8 instances:   4
  Class: sky130_fd_pr__pfet_01v8_hvt instances:   4
Circuit contains 11 nets.

Circuit sky130_fd_sc_hd__nor3b_1 contains no devices.

Contents of circuit 1:  Circuit: 'sky130_fd_sc_hd__and3_4'
Circuit sky130_fd_sc_hd__and3_4 contains 0 device instances.
Circuit contains 0 nets, and 8 disconnected pins.
Contents of circuit 2:  Circuit: 'sky130_fd_sc_hd__and3_4'
Circuit sky130_fd_sc_hd__and3_4 contains 14 device instances.
  Class: sky130_fd_pr__nfet_01v8 instances:   7
  Class: sky130_fd_pr__pfet_01v8_hvt instances:   7
Circuit contains 11 nets.

Circuit sky130_fd_sc_hd__and3_4 contains no devices.

Contents of circuit 1:  Circuit: 'sky130_fd_sc_hd__o21bai_1'
Circuit sky130_fd_sc_hd__o21bai_1 contains 0 device instances.
Circuit contains 0 nets, and 8 disconnected pins.
Contents of circuit 2:  Circuit: 'sky130_fd_sc_hd__o21bai_1'
Circuit sky130_fd_sc_hd__o21bai_1 contains 8 device instances.
  Class: sky130_fd_pr__nfet_01v8 instances:   4
  Class: sky130_fd_pr__pfet_01v8_hvt instances:   4
Circuit contains 11 nets.

Circuit sky130_fd_sc_hd__o21bai_1 contains no devices.

Contents of circuit 1:  Circuit: 'sky130_fd_sc_hd__or4_4'
Circuit sky130_fd_sc_hd__or4_4 contains 0 device instances.
Circuit contains 0 nets, and 9 disconnected pins.
Contents of circuit 2:  Circuit: 'sky130_fd_sc_hd__or4_4'
Circuit sky130_fd_sc_hd__or4_4 contains 16 device instances.
  Class: sky130_fd_pr__nfet_01v8 instances:   8
  Class: sky130_fd_pr__pfet_01v8_hvt instances:   8
Circuit contains 13 nets.

Circuit sky130_fd_sc_hd__or4_4 contains no devices.

Contents of circuit 1:  Circuit: 'sky130_fd_sc_hd__nor4_2'
Circuit sky130_fd_sc_hd__nor4_2 contains 0 device instances.
Circuit contains 0 nets, and 9 disconnected pins.
Contents of circuit 2:  Circuit: 'sky130_fd_sc_hd__nor4_2'
Circuit sky130_fd_sc_hd__nor4_2 contains 16 device instances.
  Class: sky130_fd_pr__nfet_01v8 instances:   8
  Class: sky130_fd_pr__pfet_01v8_hvt instances:   8
Circuit contains 12 nets.

Circuit sky130_fd_sc_hd__nor4_2 contains no devices.

Contents of circuit 1:  Circuit: 'sky130_fd_sc_hd__nor4_4'
Circuit sky130_fd_sc_hd__nor4_4 contains 0 device instances.
Circuit contains 0 nets, and 9 disconnected pins.
Contents of circuit 2:  Circuit: 'sky130_fd_sc_hd__nor4_4'
Circuit sky130_fd_sc_hd__nor4_4 contains 32 device instances.
  Class: sky130_fd_pr__nfet_01v8 instances:  16
  Class: sky130_fd_pr__pfet_01v8_hvt instances:  16
Circuit contains 12 nets.

Circuit sky130_fd_sc_hd__nor4_4 contains no devices.

Contents of circuit 1:  Circuit: 'sky130_fd_sc_hd__a21bo_1'
Circuit sky130_fd_sc_hd__a21bo_1 contains 0 device instances.
Circuit contains 0 nets, and 8 disconnected pins.
Contents of circuit 2:  Circuit: 'sky130_fd_sc_hd__a21bo_1'
Circuit sky130_fd_sc_hd__a21bo_1 contains 10 device instances.
  Class: sky130_fd_pr__nfet_01v8 instances:   5
  Class: sky130_fd_pr__pfet_01v8_hvt instances:   5
Circuit contains 12 nets.

Circuit sky130_fd_sc_hd__a21bo_1 contains no devices.

Contents of circuit 1:  Circuit: 'sky130_fd_sc_hd__or2_1'
Circuit sky130_fd_sc_hd__or2_1 contains 0 device instances.
Circuit contains 0 nets, and 7 disconnected pins.
Contents of circuit 2:  Circuit: 'sky130_fd_sc_hd__or2_1'
Circuit sky130_fd_sc_hd__or2_1 contains 6 device instances.
  Class: sky130_fd_pr__nfet_01v8 instances:   3
  Class: sky130_fd_pr__pfet_01v8_hvt instances:   3
Circuit contains 9 nets.

Circuit sky130_fd_sc_hd__or2_1 contains no devices.

Contents of circuit 1:  Circuit: 'sky130_fd_sc_hd__dfrtp_2'
Circuit sky130_fd_sc_hd__dfrtp_2 contains 0 device instances.
Circuit contains 0 nets, and 8 disconnected pins.
Contents of circuit 2:  Circuit: 'sky130_fd_sc_hd__dfrtp_2'
Circuit sky130_fd_sc_hd__dfrtp_2 contains 30 device instances.
  Class: sky130_fd_pr__nfet_01v8 instances:  15
  Class: sky130_fd_pr__pfet_01v8_hvt instances:  15
Circuit contains 21 nets.

Circuit sky130_fd_sc_hd__dfrtp_2 contains no devices.

Contents of circuit 1:  Circuit: 'sky130_fd_sc_hd__or4_1'
Circuit sky130_fd_sc_hd__or4_1 contains 0 device instances.
Circuit contains 0 nets, and 9 disconnected pins.
Contents of circuit 2:  Circuit: 'sky130_fd_sc_hd__or4_1'
Circuit sky130_fd_sc_hd__or4_1 contains 10 device instances.
  Class: sky130_fd_pr__nfet_01v8 instances:   5
  Class: sky130_fd_pr__pfet_01v8_hvt instances:   5
Circuit contains 13 nets.

Circuit sky130_fd_sc_hd__or4_1 contains no devices.

Contents of circuit 1:  Circuit: 'sky130_fd_sc_hd__or3b_1'
Circuit sky130_fd_sc_hd__or3b_1 contains 0 device instances.
Circuit contains 0 nets, and 8 disconnected pins.
Contents of circuit 2:  Circuit: 'sky130_fd_sc_hd__or3b_1'
Circuit sky130_fd_sc_hd__or3b_1 contains 10 device instances.
  Class: sky130_fd_pr__nfet_01v8 instances:   5
  Class: sky130_fd_pr__pfet_01v8_hvt instances:   5
Circuit contains 12 nets.

Circuit sky130_fd_sc_hd__or3b_1 contains no devices.

Contents of circuit 1:  Circuit: 'sky130_fd_sc_hd__a311o_1'
Circuit sky130_fd_sc_hd__a311o_1 contains 0 device instances.
Circuit contains 0 nets, and 10 disconnected pins.
Contents of circuit 2:  Circuit: 'sky130_fd_sc_hd__a311o_1'
Circuit sky130_fd_sc_hd__a311o_1 contains 12 device instances.
  Class: sky130_fd_pr__nfet_01v8 instances:   6
  Class: sky130_fd_pr__pfet_01v8_hvt instances:   6
Circuit contains 15 nets.

Circuit sky130_fd_sc_hd__a311o_1 contains no devices.

Contents of circuit 1:  Circuit: 'sky130_fd_sc_hd__a31oi_1'
Circuit sky130_fd_sc_hd__a31oi_1 contains 0 device instances.
Circuit contains 0 nets, and 9 disconnected pins.
Contents of circuit 2:  Circuit: 'sky130_fd_sc_hd__a31oi_1'
Circuit sky130_fd_sc_hd__a31oi_1 contains 8 device instances.
  Class: sky130_fd_pr__nfet_01v8 instances:   4
  Class: sky130_fd_pr__pfet_01v8_hvt instances:   4
Circuit contains 12 nets.

Circuit sky130_fd_sc_hd__a31oi_1 contains no devices.

Contents of circuit 1:  Circuit: 'sky130_fd_sc_hd__o2bb2a_1'
Circuit sky130_fd_sc_hd__o2bb2a_1 contains 0 device instances.
Circuit contains 0 nets, and 9 disconnected pins.
Contents of circuit 2:  Circuit: 'sky130_fd_sc_hd__o2bb2a_1'
Circuit sky130_fd_sc_hd__o2bb2a_1 contains 12 device instances.
  Class: sky130_fd_pr__nfet_01v8 instances:   6
  Class: sky130_fd_pr__pfet_01v8_hvt instances:   6
Circuit contains 14 nets.

Circuit sky130_fd_sc_hd__o2bb2a_1 contains no devices.

Contents of circuit 1:  Circuit: 'sky130_fd_sc_hd__or4b_2'
Circuit sky130_fd_sc_hd__or4b_2 contains 0 device instances.
Circuit contains 0 nets, and 9 disconnected pins.
Contents of circuit 2:  Circuit: 'sky130_fd_sc_hd__or4b_2'
Circuit sky130_fd_sc_hd__or4b_2 contains 14 device instances.
  Class: sky130_fd_pr__nfet_01v8 instances:   7
  Class: sky130_fd_pr__pfet_01v8_hvt instances:   7
Circuit contains 14 nets.

Circuit sky130_fd_sc_hd__or4b_2 contains no devices.

Contents of circuit 1:  Circuit: 'sky130_fd_sc_hd__a31o_2'
Circuit sky130_fd_sc_hd__a31o_2 contains 0 device instances.
Circuit contains 0 nets, and 9 disconnected pins.
Contents of circuit 2:  Circuit: 'sky130_fd_sc_hd__a31o_2'
Circuit sky130_fd_sc_hd__a31o_2 contains 12 device instances.
  Class: sky130_fd_pr__nfet_01v8 instances:   6
  Class: sky130_fd_pr__pfet_01v8_hvt instances:   6
Circuit contains 13 nets.

Circuit sky130_fd_sc_hd__a31o_2 contains no devices.

Contents of circuit 1:  Circuit: 'sky130_fd_sc_hd__or2_2'
Circuit sky130_fd_sc_hd__or2_2 contains 0 device instances.
Circuit contains 0 nets, and 7 disconnected pins.
Contents of circuit 2:  Circuit: 'sky130_fd_sc_hd__or2_2'
Circuit sky130_fd_sc_hd__or2_2 contains 8 device instances.
  Class: sky130_fd_pr__nfet_01v8 instances:   4
  Class: sky130_fd_pr__pfet_01v8_hvt instances:   4
Circuit contains 9 nets.

Circuit sky130_fd_sc_hd__or2_2 contains no devices.

Contents of circuit 1:  Circuit: 'sky130_fd_sc_hd__and2b_1'
Circuit sky130_fd_sc_hd__and2b_1 contains 0 device instances.
Circuit contains 0 nets, and 7 disconnected pins.
Contents of circuit 2:  Circuit: 'sky130_fd_sc_hd__and2b_1'
Circuit sky130_fd_sc_hd__and2b_1 contains 8 device instances.
  Class: sky130_fd_pr__nfet_01v8 instances:   4
  Class: sky130_fd_pr__pfet_01v8_hvt instances:   4
Circuit contains 10 nets.

Circuit sky130_fd_sc_hd__and2b_1 contains no devices.

Contents of circuit 1:  Circuit: 'sky130_fd_sc_hd__inv_8'
Circuit sky130_fd_sc_hd__inv_8 contains 0 device instances.
Circuit contains 0 nets, and 6 disconnected pins.
Contents of circuit 2:  Circuit: 'sky130_fd_sc_hd__inv_8'
Circuit sky130_fd_sc_hd__inv_8 contains 16 device instances.
  Class: sky130_fd_pr__nfet_01v8 instances:   8
  Class: sky130_fd_pr__pfet_01v8_hvt instances:   8
Circuit contains 6 nets.

Circuit sky130_fd_sc_hd__inv_8 contains no devices.

Contents of circuit 1:  Circuit: 'sky130_fd_sc_hd__a21oi_1'
Circuit sky130_fd_sc_hd__a21oi_1 contains 0 device instances.
Circuit contains 0 nets, and 8 disconnected pins.
Contents of circuit 2:  Circuit: 'sky130_fd_sc_hd__a21oi_1'
Circuit sky130_fd_sc_hd__a21oi_1 contains 6 device instances.
  Class: sky130_fd_pr__nfet_01v8 instances:   3
  Class: sky130_fd_pr__pfet_01v8_hvt instances:   3
Circuit contains 10 nets.

Circuit sky130_fd_sc_hd__a21oi_1 contains no devices.

Contents of circuit 1:  Circuit: 'sky130_fd_sc_hd__a2111o_1'
Circuit sky130_fd_sc_hd__a2111o_1 contains 0 device instances.
Circuit contains 0 nets, and 10 disconnected pins.
Contents of circuit 2:  Circuit: 'sky130_fd_sc_hd__a2111o_1'
Circuit sky130_fd_sc_hd__a2111o_1 contains 12 device instances.
  Class: sky130_fd_pr__nfet_01v8 instances:   6
  Class: sky130_fd_pr__pfet_01v8_hvt instances:   6
Circuit contains 15 nets.

Circuit sky130_fd_sc_hd__a2111o_1 contains no devices.

Contents of circuit 1:  Circuit: 'sky130_fd_sc_hd__a31o_1'
Circuit sky130_fd_sc_hd__a31o_1 contains 0 device instances.
Circuit contains 0 nets, and 9 disconnected pins.
Contents of circuit 2:  Circuit: 'sky130_fd_sc_hd__a31o_1'
Circuit sky130_fd_sc_hd__a31o_1 contains 10 device instances.
  Class: sky130_fd_pr__nfet_01v8 instances:   5
  Class: sky130_fd_pr__pfet_01v8_hvt instances:   5
Circuit contains 13 nets.

Circuit sky130_fd_sc_hd__a31o_1 contains no devices.

Contents of circuit 1:  Circuit: 'sky130_fd_sc_hd__o21ba_2'
Circuit sky130_fd_sc_hd__o21ba_2 contains 0 device instances.
Circuit contains 0 nets, and 8 disconnected pins.
Contents of circuit 2:  Circuit: 'sky130_fd_sc_hd__o21ba_2'
Circuit sky130_fd_sc_hd__o21ba_2 contains 12 device instances.
  Class: sky130_fd_pr__nfet_01v8 instances:   6
  Class: sky130_fd_pr__pfet_01v8_hvt instances:   6
Circuit contains 12 nets.

Circuit sky130_fd_sc_hd__o21ba_2 contains no devices.

Contents of circuit 1:  Circuit: 'sky130_fd_sc_hd__o21ai_2'
Circuit sky130_fd_sc_hd__o21ai_2 contains 0 device instances.
Circuit contains 0 nets, and 8 disconnected pins.
Contents of circuit 2:  Circuit: 'sky130_fd_sc_hd__o21ai_2'
Circuit sky130_fd_sc_hd__o21ai_2 contains 12 device instances.
  Class: sky130_fd_pr__nfet_01v8 instances:   6
  Class: sky130_fd_pr__pfet_01v8_hvt instances:   6
Circuit contains 10 nets.

Circuit sky130_fd_sc_hd__o21ai_2 contains no devices.

Contents of circuit 1:  Circuit: 'sky130_fd_sc_hd__a211o_1'
Circuit sky130_fd_sc_hd__a211o_1 contains 0 device instances.
Circuit contains 0 nets, and 9 disconnected pins.
Contents of circuit 2:  Circuit: 'sky130_fd_sc_hd__a211o_1'
Circuit sky130_fd_sc_hd__a211o_1 contains 10 device instances.
  Class: sky130_fd_pr__nfet_01v8 instances:   5
  Class: sky130_fd_pr__pfet_01v8_hvt instances:   5
Circuit contains 13 nets.

Circuit sky130_fd_sc_hd__a211o_1 contains no devices.

Contents of circuit 1:  Circuit: 'sky130_fd_sc_hd__inv_6'
Circuit sky130_fd_sc_hd__inv_6 contains 0 device instances.
Circuit contains 0 nets, and 6 disconnected pins.
Contents of circuit 2:  Circuit: 'sky130_fd_sc_hd__inv_6'
Circuit sky130_fd_sc_hd__inv_6 contains 12 device instances.
  Class: sky130_fd_pr__nfet_01v8 instances:   6
  Class: sky130_fd_pr__pfet_01v8_hvt instances:   6
Circuit contains 6 nets.

Circuit sky130_fd_sc_hd__inv_6 contains no devices.

Contents of circuit 1:  Circuit: 'sky130_fd_sc_hd__nor2_2'
Circuit sky130_fd_sc_hd__nor2_2 contains 0 device instances.
Circuit contains 0 nets, and 7 disconnected pins.
Contents of circuit 2:  Circuit: 'sky130_fd_sc_hd__nor2_2'
Circuit sky130_fd_sc_hd__nor2_2 contains 8 device instances.
  Class: sky130_fd_pr__nfet_01v8 instances:   4
  Class: sky130_fd_pr__pfet_01v8_hvt instances:   4
Circuit contains 8 nets.

Circuit sky130_fd_sc_hd__nor2_2 contains no devices.

Contents of circuit 1:  Circuit: 'sky130_fd_sc_hd__inv_4'
Circuit sky130_fd_sc_hd__inv_4 contains 0 device instances.
Circuit contains 0 nets, and 6 disconnected pins.
Contents of circuit 2:  Circuit: 'sky130_fd_sc_hd__inv_4'
Circuit sky130_fd_sc_hd__inv_4 contains 8 device instances.
  Class: sky130_fd_pr__nfet_01v8 instances:   4
  Class: sky130_fd_pr__pfet_01v8_hvt instances:   4
Circuit contains 6 nets.

Circuit sky130_fd_sc_hd__inv_4 contains no devices.

Contents of circuit 1:  Circuit: 'sky130_fd_sc_hd__or3_1'
Circuit sky130_fd_sc_hd__or3_1 contains 0 device instances.
Circuit contains 0 nets, and 8 disconnected pins.
Contents of circuit 2:  Circuit: 'sky130_fd_sc_hd__or3_1'
Circuit sky130_fd_sc_hd__or3_1 contains 8 device instances.
  Class: sky130_fd_pr__nfet_01v8 instances:   4
  Class: sky130_fd_pr__pfet_01v8_hvt instances:   4
Circuit contains 11 nets.

Circuit sky130_fd_sc_hd__or3_1 contains no devices.

Contents of circuit 1:  Circuit: 'sky130_fd_sc_hd__a21boi_1'
Circuit sky130_fd_sc_hd__a21boi_1 contains 0 device instances.
Circuit contains 0 nets, and 8 disconnected pins.
Contents of circuit 2:  Circuit: 'sky130_fd_sc_hd__a21boi_1'
Circuit sky130_fd_sc_hd__a21boi_1 contains 8 device instances.
  Class: sky130_fd_pr__nfet_01v8 instances:   4
  Class: sky130_fd_pr__pfet_01v8_hvt instances:   4
Circuit contains 11 nets.

Circuit sky130_fd_sc_hd__a21boi_1 contains no devices.

Contents of circuit 1:  Circuit: 'sky130_fd_sc_hd__and3_2'
Circuit sky130_fd_sc_hd__and3_2 contains 0 device instances.
Circuit contains 0 nets, and 8 disconnected pins.
Contents of circuit 2:  Circuit: 'sky130_fd_sc_hd__and3_2'
Circuit sky130_fd_sc_hd__and3_2 contains 10 device instances.
  Class: sky130_fd_pr__nfet_01v8 instances:   5
  Class: sky130_fd_pr__pfet_01v8_hvt instances:   5
Circuit contains 11 nets.

Circuit sky130_fd_sc_hd__and3_2 contains no devices.

Contents of circuit 1:  Circuit: 'sky130_fd_sc_hd__a21oi_4'
Circuit sky130_fd_sc_hd__a21oi_4 contains 0 device instances.
Circuit contains 0 nets, and 8 disconnected pins.
Contents of circuit 2:  Circuit: 'sky130_fd_sc_hd__a21oi_4'
Circuit sky130_fd_sc_hd__a21oi_4 contains 24 device instances.
  Class: sky130_fd_pr__nfet_01v8 instances:  12
  Class: sky130_fd_pr__pfet_01v8_hvt instances:  12
Circuit contains 10 nets.

Circuit sky130_fd_sc_hd__a21oi_4 contains no devices.

Contents of circuit 1:  Circuit: 'sky130_fd_sc_hd__bufinv_16'
Circuit sky130_fd_sc_hd__bufinv_16 contains 0 device instances.
Circuit contains 0 nets, and 6 disconnected pins.
Contents of circuit 2:  Circuit: 'sky130_fd_sc_hd__bufinv_16'
Circuit sky130_fd_sc_hd__bufinv_16 contains 50 device instances.
  Class: sky130_fd_pr__nfet_01v8 instances:  25
  Class: sky130_fd_pr__pfet_01v8_hvt instances:  25
Circuit contains 8 nets.

Circuit sky130_fd_sc_hd__bufinv_16 contains no devices.

Contents of circuit 1:  Circuit: 'sky130_fd_sc_hd__o22ai_2'
Circuit sky130_fd_sc_hd__o22ai_2 contains 0 device instances.
Circuit contains 0 nets, and 9 disconnected pins.
Contents of circuit 2:  Circuit: 'sky130_fd_sc_hd__o22ai_2'
Circuit sky130_fd_sc_hd__o22ai_2 contains 16 device instances.
  Class: sky130_fd_pr__nfet_01v8 instances:   8
  Class: sky130_fd_pr__pfet_01v8_hvt instances:   8
Circuit contains 12 nets.

Circuit sky130_fd_sc_hd__o22ai_2 contains no devices.

Contents of circuit 1:  Circuit: 'sky130_fd_sc_hd__inv_12'
Circuit sky130_fd_sc_hd__inv_12 contains 0 device instances.
Circuit contains 0 nets, and 6 disconnected pins.
Contents of circuit 2:  Circuit: 'sky130_fd_sc_hd__inv_12'
Circuit sky130_fd_sc_hd__inv_12 contains 24 device instances.
  Class: sky130_fd_pr__nfet_01v8 instances:  12
  Class: sky130_fd_pr__pfet_01v8_hvt instances:  12
Circuit contains 6 nets.

Circuit sky130_fd_sc_hd__inv_12 contains no devices.

Contents of circuit 1:  Circuit: 'sky130_fd_sc_hd__and2_2'
Circuit sky130_fd_sc_hd__and2_2 contains 0 device instances.
Circuit contains 0 nets, and 7 disconnected pins.
Contents of circuit 2:  Circuit: 'sky130_fd_sc_hd__and2_2'
Circuit sky130_fd_sc_hd__and2_2 contains 8 device instances.
  Class: sky130_fd_pr__nfet_01v8 instances:   4
  Class: sky130_fd_pr__pfet_01v8_hvt instances:   4
Circuit contains 9 nets.

Circuit sky130_fd_sc_hd__and2_2 contains no devices.

Contents of circuit 1:  Circuit: 'sky130_fd_sc_hd__and3b_1'
Circuit sky130_fd_sc_hd__and3b_1 contains 0 device instances.
Circuit contains 0 nets, and 8 disconnected pins.
Contents of circuit 2:  Circuit: 'sky130_fd_sc_hd__and3b_1'
Circuit sky130_fd_sc_hd__and3b_1 contains 10 device instances.
  Class: sky130_fd_pr__nfet_01v8 instances:   5
  Class: sky130_fd_pr__pfet_01v8_hvt instances:   5
Circuit contains 12 nets.

Circuit sky130_fd_sc_hd__and3b_1 contains no devices.

Contents of circuit 1:  Circuit: 'sky130_fd_sc_hd__dfxtp_1'
Circuit sky130_fd_sc_hd__dfxtp_1 contains 0 device instances.
Circuit contains 0 nets, and 7 disconnected pins.
Contents of circuit 2:  Circuit: 'sky130_fd_sc_hd__dfxtp_1'
Circuit sky130_fd_sc_hd__dfxtp_1 contains 24 device instances.
  Class: sky130_fd_pr__nfet_01v8 instances:  12
  Class: sky130_fd_pr__pfet_01v8_hvt instances:  12
Circuit contains 18 nets.

Circuit sky130_fd_sc_hd__dfxtp_1 contains no devices.

Contents of circuit 1:  Circuit: 'sky130_fd_sc_hd__clkinv_8'
Circuit sky130_fd_sc_hd__clkinv_8 contains 0 device instances.
Circuit contains 0 nets, and 6 disconnected pins.
Contents of circuit 2:  Circuit: 'sky130_fd_sc_hd__clkinv_8'
Circuit sky130_fd_sc_hd__clkinv_8 contains 20 device instances.
  Class: sky130_fd_pr__nfet_01v8 instances:   8
  Class: sky130_fd_pr__pfet_01v8_hvt instances:  12
Circuit contains 6 nets.

Circuit sky130_fd_sc_hd__clkinv_8 contains no devices.

Contents of circuit 1:  Circuit: 'sky130_fd_sc_hd__o21ba_1'
Circuit sky130_fd_sc_hd__o21ba_1 contains 0 device instances.
Circuit contains 0 nets, and 8 disconnected pins.
Contents of circuit 2:  Circuit: 'sky130_fd_sc_hd__o21ba_1'
Circuit sky130_fd_sc_hd__o21ba_1 contains 10 device instances.
  Class: sky130_fd_pr__nfet_01v8 instances:   5
  Class: sky130_fd_pr__pfet_01v8_hvt instances:   5
Circuit contains 12 nets.

Circuit sky130_fd_sc_hd__o21ba_1 contains no devices.

Contents of circuit 1:  Circuit: 'sky130_fd_sc_hd__xnor2_1'
Circuit sky130_fd_sc_hd__xnor2_1 contains 0 device instances.
Circuit contains 0 nets, and 7 disconnected pins.
Contents of circuit 2:  Circuit: 'sky130_fd_sc_hd__xnor2_1'
Circuit sky130_fd_sc_hd__xnor2_1 contains 10 device instances.
  Class: sky130_fd_pr__nfet_01v8 instances:   5
  Class: sky130_fd_pr__pfet_01v8_hvt instances:   5
Circuit contains 11 nets.

Circuit sky130_fd_sc_hd__xnor2_1 contains no devices.

Contents of circuit 1:  Circuit: 'sky130_fd_sc_hd__dfrtp_4'
Circuit sky130_fd_sc_hd__dfrtp_4 contains 0 device instances.
Circuit contains 0 nets, and 8 disconnected pins.
Contents of circuit 2:  Circuit: 'sky130_fd_sc_hd__dfrtp_4'
Circuit sky130_fd_sc_hd__dfrtp_4 contains 34 device instances.
  Class: sky130_fd_pr__nfet_01v8 instances:  17
  Class: sky130_fd_pr__pfet_01v8_hvt instances:  17
Circuit contains 21 nets.

Circuit sky130_fd_sc_hd__dfrtp_4 contains no devices.

Contents of circuit 1:  Circuit: 'sky130_fd_sc_hd__or4b_4'
Circuit sky130_fd_sc_hd__or4b_4 contains 0 device instances.
Circuit contains 0 nets, and 9 disconnected pins.
Contents of circuit 2:  Circuit: 'sky130_fd_sc_hd__or4b_4'
Circuit sky130_fd_sc_hd__or4b_4 contains 18 device instances.
  Class: sky130_fd_pr__nfet_01v8 instances:   9
  Class: sky130_fd_pr__pfet_01v8_hvt instances:   9
Circuit contains 14 nets.

Circuit sky130_fd_sc_hd__or4b_4 contains no devices.

Contents of circuit 1:  Circuit: 'sky130_fd_sc_hd__clkinv_2'
Circuit sky130_fd_sc_hd__clkinv_2 contains 0 device instances.
Circuit contains 0 nets, and 6 disconnected pins.
Contents of circuit 2:  Circuit: 'sky130_fd_sc_hd__clkinv_2'
Circuit sky130_fd_sc_hd__clkinv_2 contains 5 device instances.
  Class: sky130_fd_pr__nfet_01v8 instances:   2
  Class: sky130_fd_pr__pfet_01v8_hvt instances:   3
Circuit contains 6 nets.

Circuit sky130_fd_sc_hd__clkinv_2 contains no devices.

Contents of circuit 1:  Circuit: 'sky130_fd_sc_hd__o41ai_2'
Circuit sky130_fd_sc_hd__o41ai_2 contains 0 device instances.
Circuit contains 0 nets, and 10 disconnected pins.
Contents of circuit 2:  Circuit: 'sky130_fd_sc_hd__o41ai_2'
Circuit sky130_fd_sc_hd__o41ai_2 contains 20 device instances.
  Class: sky130_fd_pr__nfet_01v8 instances:  10
  Class: sky130_fd_pr__pfet_01v8_hvt instances:  10
Circuit contains 14 nets.

Circuit sky130_fd_sc_hd__o41ai_2 contains no devices.

Contents of circuit 1:  Circuit: 'sky130_fd_sc_hd__buf_1'
Circuit sky130_fd_sc_hd__buf_1 contains 0 device instances.
Circuit contains 0 nets, and 6 disconnected pins.
Contents of circuit 2:  Circuit: 'sky130_fd_sc_hd__buf_1'
Circuit sky130_fd_sc_hd__buf_1 contains 4 device instances.
  Class: sky130_fd_pr__nfet_01v8 instances:   2
  Class: sky130_fd_pr__pfet_01v8_hvt instances:   2
Circuit contains 7 nets.

Circuit sky130_fd_sc_hd__buf_1 contains no devices.

Contents of circuit 1:  Circuit: 'sky130_fd_sc_hd__a2111oi_1'
Circuit sky130_fd_sc_hd__a2111oi_1 contains 0 device instances.
Circuit contains 0 nets, and 10 disconnected pins.
Contents of circuit 2:  Circuit: 'sky130_fd_sc_hd__a2111oi_1'
Circuit sky130_fd_sc_hd__a2111oi_1 contains 10 device instances.
  Class: sky130_fd_pr__nfet_01v8 instances:   5
  Class: sky130_fd_pr__pfet_01v8_hvt instances:   5
Circuit contains 14 nets.

Circuit sky130_fd_sc_hd__a2111oi_1 contains no devices.

Contents of circuit 1:  Circuit: 'sky130_fd_sc_hd__o31a_1'
Circuit sky130_fd_sc_hd__o31a_1 contains 0 device instances.
Circuit contains 0 nets, and 9 disconnected pins.
Contents of circuit 2:  Circuit: 'sky130_fd_sc_hd__o31a_1'
Circuit sky130_fd_sc_hd__o31a_1 contains 10 device instances.
  Class: sky130_fd_pr__nfet_01v8 instances:   5
  Class: sky130_fd_pr__pfet_01v8_hvt instances:   5
Circuit contains 13 nets.

Circuit sky130_fd_sc_hd__o31a_1 contains no devices.

Contents of circuit 1:  Circuit: 'sky130_fd_sc_hd__a41o_1'
Circuit sky130_fd_sc_hd__a41o_1 contains 0 device instances.
Circuit contains 0 nets, and 10 disconnected pins.
Contents of circuit 2:  Circuit: 'sky130_fd_sc_hd__a41o_1'
Circuit sky130_fd_sc_hd__a41o_1 contains 12 device instances.
  Class: sky130_fd_pr__nfet_01v8 instances:   6
  Class: sky130_fd_pr__pfet_01v8_hvt instances:   6
Circuit contains 15 nets.

Circuit sky130_fd_sc_hd__a41o_1 contains no devices.

Contents of circuit 1:  Circuit: 'sky130_fd_sc_hd__nand2_2'
Circuit sky130_fd_sc_hd__nand2_2 contains 0 device instances.
Circuit contains 0 nets, and 7 disconnected pins.
Contents of circuit 2:  Circuit: 'sky130_fd_sc_hd__nand2_2'
Circuit sky130_fd_sc_hd__nand2_2 contains 8 device instances.
  Class: sky130_fd_pr__nfet_01v8 instances:   4
  Class: sky130_fd_pr__pfet_01v8_hvt instances:   4
Circuit contains 8 nets.

Circuit sky130_fd_sc_hd__nand2_2 contains no devices.

Contents of circuit 1:  Circuit: 'sky130_fd_sc_hd__xnor2_2'
Circuit sky130_fd_sc_hd__xnor2_2 contains 0 device instances.
Circuit contains 0 nets, and 7 disconnected pins.
Contents of circuit 2:  Circuit: 'sky130_fd_sc_hd__xnor2_2'
Circuit sky130_fd_sc_hd__xnor2_2 contains 20 device instances.
  Class: sky130_fd_pr__nfet_01v8 instances:  10
  Class: sky130_fd_pr__pfet_01v8_hvt instances:  10
Circuit contains 11 nets.

Circuit sky130_fd_sc_hd__xnor2_2 contains no devices.

Contents of circuit 1:  Circuit: 'sky130_fd_sc_hd__o41a_1'
Circuit sky130_fd_sc_hd__o41a_1 contains 0 device instances.
Circuit contains 0 nets, and 10 disconnected pins.
Contents of circuit 2:  Circuit: 'sky130_fd_sc_hd__o41a_1'
Circuit sky130_fd_sc_hd__o41a_1 contains 12 device instances.
  Class: sky130_fd_pr__nfet_01v8 instances:   6
  Class: sky130_fd_pr__pfet_01v8_hvt instances:   6
Circuit contains 15 nets.

Circuit sky130_fd_sc_hd__o41a_1 contains no devices.

Contents of circuit 1:  Circuit: 'sky130_fd_sc_hd__nand4b_1'
Circuit sky130_fd_sc_hd__nand4b_1 contains 0 device instances.
Circuit contains 0 nets, and 9 disconnected pins.
Contents of circuit 2:  Circuit: 'sky130_fd_sc_hd__nand4b_1'
Circuit sky130_fd_sc_hd__nand4b_1 contains 10 device instances.
  Class: sky130_fd_pr__nfet_01v8 instances:   5
  Class: sky130_fd_pr__pfet_01v8_hvt instances:   5
Circuit contains 13 nets.

Circuit sky130_fd_sc_hd__nand4b_1 contains no devices.

Contents of circuit 1:  Circuit: 'sky130_fd_sc_hd__clkinv_4'
Circuit sky130_fd_sc_hd__clkinv_4 contains 0 device instances.
Circuit contains 0 nets, and 6 disconnected pins.
Contents of circuit 2:  Circuit: 'sky130_fd_sc_hd__clkinv_4'
Circuit sky130_fd_sc_hd__clkinv_4 contains 10 device instances.
  Class: sky130_fd_pr__nfet_01v8 instances:   4
  Class: sky130_fd_pr__pfet_01v8_hvt instances:   6
Circuit contains 6 nets.

Circuit sky130_fd_sc_hd__clkinv_4 contains no devices.

Contents of circuit 1:  Circuit: 'sky130_fd_sc_hd__o21ai_4'
Circuit sky130_fd_sc_hd__o21ai_4 contains 0 device instances.
Circuit contains 0 nets, and 8 disconnected pins.
Contents of circuit 2:  Circuit: 'sky130_fd_sc_hd__o21ai_4'
Circuit sky130_fd_sc_hd__o21ai_4 contains 24 device instances.
  Class: sky130_fd_pr__nfet_01v8 instances:  12
  Class: sky130_fd_pr__pfet_01v8_hvt instances:  12
Circuit contains 10 nets.

Circuit sky130_fd_sc_hd__o21ai_4 contains no devices.

Contents of circuit 1:  Circuit: 'sky130_fd_sc_hd__nand3b_1'
Circuit sky130_fd_sc_hd__nand3b_1 contains 0 device instances.
Circuit contains 0 nets, and 8 disconnected pins.
Contents of circuit 2:  Circuit: 'sky130_fd_sc_hd__nand3b_1'
Circuit sky130_fd_sc_hd__nand3b_1 contains 8 device instances.
  Class: sky130_fd_pr__nfet_01v8 instances:   4
  Class: sky130_fd_pr__pfet_01v8_hvt instances:   4
Circuit contains 11 nets.

Circuit sky130_fd_sc_hd__nand3b_1 contains no devices.

Contents of circuit 1:  Circuit: 'sky130_fd_sc_hd__or4b_1'
Circuit sky130_fd_sc_hd__or4b_1 contains 0 device instances.
Circuit contains 0 nets, and 9 disconnected pins.
Contents of circuit 2:  Circuit: 'sky130_fd_sc_hd__or4b_1'
Circuit sky130_fd_sc_hd__or4b_1 contains 12 device instances.
  Class: sky130_fd_pr__nfet_01v8 instances:   6
  Class: sky130_fd_pr__pfet_01v8_hvt instances:   6
Circuit contains 14 nets.

Circuit sky130_fd_sc_hd__or4b_1 contains no devices.

Contents of circuit 1:  Circuit: 'sky130_fd_sc_hd__o211a_2'
Circuit sky130_fd_sc_hd__o211a_2 contains 0 device instances.
Circuit contains 0 nets, and 9 disconnected pins.
Contents of circuit 2:  Circuit: 'sky130_fd_sc_hd__o211a_2'
Circuit sky130_fd_sc_hd__o211a_2 contains 12 device instances.
  Class: sky130_fd_pr__nfet_01v8 instances:   6
  Class: sky130_fd_pr__pfet_01v8_hvt instances:   6
Circuit contains 13 nets.

Circuit sky130_fd_sc_hd__o211a_2 contains no devices.

Contents of circuit 1:  Circuit: 'sky130_fd_sc_hd__a31oi_2'
Circuit sky130_fd_sc_hd__a31oi_2 contains 0 device instances.
Circuit contains 0 nets, and 9 disconnected pins.
Contents of circuit 2:  Circuit: 'sky130_fd_sc_hd__a31oi_2'
Circuit sky130_fd_sc_hd__a31oi_2 contains 16 device instances.
  Class: sky130_fd_pr__nfet_01v8 instances:   8
  Class: sky130_fd_pr__pfet_01v8_hvt instances:   8
Circuit contains 12 nets.

Circuit sky130_fd_sc_hd__a31oi_2 contains no devices.

Contents of circuit 1:  Circuit: 'sky130_fd_sc_hd__clkbuf_16'
Circuit sky130_fd_sc_hd__clkbuf_16 contains 0 device instances.
Circuit contains 0 nets, and 6 disconnected pins.
Contents of circuit 2:  Circuit: 'sky130_fd_sc_hd__clkbuf_16'
Circuit sky130_fd_sc_hd__clkbuf_16 contains 40 device instances.
  Class: sky130_fd_pr__nfet_01v8 instances:  20
  Class: sky130_fd_pr__pfet_01v8_hvt instances:  20
Circuit contains 7 nets.

Circuit sky130_fd_sc_hd__clkbuf_16 contains no devices.

Contents of circuit 1:  Circuit: 'sky130_fd_sc_hd__a32o_1'
Circuit sky130_fd_sc_hd__a32o_1 contains 0 device instances.
Circuit contains 0 nets, and 10 disconnected pins.
Contents of circuit 2:  Circuit: 'sky130_fd_sc_hd__a32o_1'
Circuit sky130_fd_sc_hd__a32o_1 contains 12 device instances.
  Class: sky130_fd_pr__nfet_01v8 instances:   6
  Class: sky130_fd_pr__pfet_01v8_hvt instances:   6
Circuit contains 15 nets.

Circuit sky130_fd_sc_hd__a32o_1 contains no devices.

Contents of circuit 1:  Circuit: 'sky130_fd_sc_hd__nand3_1'
Circuit sky130_fd_sc_hd__nand3_1 contains 0 device instances.
Circuit contains 0 nets, and 8 disconnected pins.
Contents of circuit 2:  Circuit: 'sky130_fd_sc_hd__nand3_1'
Circuit sky130_fd_sc_hd__nand3_1 contains 6 device instances.
  Class: sky130_fd_pr__nfet_01v8 instances:   3
  Class: sky130_fd_pr__pfet_01v8_hvt instances:   3
Circuit contains 10 nets.

Circuit sky130_fd_sc_hd__nand3_1 contains no devices.

Contents of circuit 1:  Circuit: 'sky130_fd_sc_hd__a2bb2o_1'
Circuit sky130_fd_sc_hd__a2bb2o_1 contains 0 device instances.
Circuit contains 0 nets, and 9 disconnected pins.
Contents of circuit 2:  Circuit: 'sky130_fd_sc_hd__a2bb2o_1'
Circuit sky130_fd_sc_hd__a2bb2o_1 contains 12 device instances.
  Class: sky130_fd_pr__nfet_01v8 instances:   6
  Class: sky130_fd_pr__pfet_01v8_hvt instances:   6
Circuit contains 14 nets.

Circuit sky130_fd_sc_hd__a2bb2o_1 contains no devices.

Contents of circuit 1:  Circuit: 'sky130_fd_sc_hd__a221oi_1'
Circuit sky130_fd_sc_hd__a221oi_1 contains 0 device instances.
Circuit contains 0 nets, and 10 disconnected pins.
Contents of circuit 2:  Circuit: 'sky130_fd_sc_hd__a221oi_1'
Circuit sky130_fd_sc_hd__a221oi_1 contains 10 device instances.
  Class: sky130_fd_pr__nfet_01v8 instances:   5
  Class: sky130_fd_pr__pfet_01v8_hvt instances:   5
Circuit contains 14 nets.

Circuit sky130_fd_sc_hd__a221oi_1 contains no devices.

Contents of circuit 1:  Circuit: 'sky130_fd_sc_hd__a31oi_4'
Circuit sky130_fd_sc_hd__a31oi_4 contains 0 device instances.
Circuit contains 0 nets, and 9 disconnected pins.
Contents of circuit 2:  Circuit: 'sky130_fd_sc_hd__a31oi_4'
Circuit sky130_fd_sc_hd__a31oi_4 contains 32 device instances.
  Class: sky130_fd_pr__nfet_01v8 instances:  16
  Class: sky130_fd_pr__pfet_01v8_hvt instances:  16
Circuit contains 12 nets.

Circuit sky130_fd_sc_hd__a31oi_4 contains no devices.

Contents of circuit 1:  Circuit: 'sky130_fd_sc_hd__o31ai_2'
Circuit sky130_fd_sc_hd__o31ai_2 contains 0 device instances.
Circuit contains 0 nets, and 9 disconnected pins.
Contents of circuit 2:  Circuit: 'sky130_fd_sc_hd__o31ai_2'
Circuit sky130_fd_sc_hd__o31ai_2 contains 16 device instances.
  Class: sky130_fd_pr__nfet_01v8 instances:   8
  Class: sky130_fd_pr__pfet_01v8_hvt instances:   8
Circuit contains 12 nets.

Circuit sky130_fd_sc_hd__o31ai_2 contains no devices.

Contents of circuit 1:  Circuit: 'sky130_fd_sc_hd__buf_4'
Circuit sky130_fd_sc_hd__buf_4 contains 0 device instances.
Circuit contains 0 nets, and 6 disconnected pins.
Contents of circuit 2:  Circuit: 'sky130_fd_sc_hd__buf_4'
Circuit sky130_fd_sc_hd__buf_4 contains 10 device instances.
  Class: sky130_fd_pr__nfet_01v8 instances:   5
  Class: sky130_fd_pr__pfet_01v8_hvt instances:   5
Circuit contains 7 nets.

Circuit sky130_fd_sc_hd__buf_4 contains no devices.

Contents of circuit 1:  Circuit: 'sky130_fd_sc_hd__a211oi_1'
Circuit sky130_fd_sc_hd__a211oi_1 contains 0 device instances.
Circuit contains 0 nets, and 9 disconnected pins.
Contents of circuit 2:  Circuit: 'sky130_fd_sc_hd__a211oi_1'
Circuit sky130_fd_sc_hd__a211oi_1 contains 8 device instances.
  Class: sky130_fd_pr__nfet_01v8 instances:   4
  Class: sky130_fd_pr__pfet_01v8_hvt instances:   4
Circuit contains 12 nets.

Circuit sky130_fd_sc_hd__a211oi_1 contains no devices.

Contents of circuit 1:  Circuit: 'sky130_fd_sc_hd__and2b_2'
Circuit sky130_fd_sc_hd__and2b_2 contains 0 device instances.
Circuit contains 0 nets, and 7 disconnected pins.
Contents of circuit 2:  Circuit: 'sky130_fd_sc_hd__and2b_2'
Circuit sky130_fd_sc_hd__and2b_2 contains 10 device instances.
  Class: sky130_fd_pr__nfet_01v8 instances:   5
  Class: sky130_fd_pr__pfet_01v8_hvt instances:   5
Circuit contains 10 nets.

Circuit sky130_fd_sc_hd__and2b_2 contains no devices.

Contents of circuit 1:  Circuit: 'sky130_fd_sc_hd__o311ai_4'
Circuit sky130_fd_sc_hd__o311ai_4 contains 0 device instances.
Circuit contains 0 nets, and 10 disconnected pins.
Contents of circuit 2:  Circuit: 'sky130_fd_sc_hd__o311ai_4'
Circuit sky130_fd_sc_hd__o311ai_4 contains 40 device instances.
  Class: sky130_fd_pr__nfet_01v8 instances:  20
  Class: sky130_fd_pr__pfet_01v8_hvt instances:  20
Circuit contains 14 nets.

Circuit sky130_fd_sc_hd__o311ai_4 contains no devices.

Contents of circuit 1:  Circuit: 'team_11_Wrapper'
Circuit team_11_Wrapper contains 11187 device instances.
  Class: sky130_fd_sc_hd__bufinv_16 instances:   1
  Class: sky130_fd_sc_hd__a41o_1 instances:   2
  Class: sky130_fd_sc_hd__a31o_1 instances:  10
  Class: sky130_fd_sc_hd__a31o_2 instances:   2
  Class: sky130_fd_sc_hd__a21o_1 instances:   8
  Class: sky130_fd_sc_hd__clkbuf_16 instances:   3
  Class: sky130_fd_sc_hd__dfxtp_1 instances:   9
  Class: sky130_fd_sc_hd__o31ai_2 instances:   1
  Class: sky130_fd_sc_hd__or4_1 instances:  19
  Class: sky130_fd_sc_hd__or4_2 instances:   6
  Class: sky130_fd_sc_hd__or4_4 instances:   3
  Class: sky130_fd_sc_hd__a31oi_1 instances:   1
  Class: sky130_fd_sc_hd__a31oi_2 instances:   2
  Class: sky130_fd_sc_hd__buf_1 instances:  10
  Class: sky130_fd_sc_hd__a31oi_4 instances:   1
  Class: sky130_fd_sc_hd__buf_2 instances: 257
  Class: sky130_fd_sc_hd__buf_4 instances:   1
  Class: sky130_fd_sc_hd__a2bb2o_1 instances:   2
  Class: sky130_fd_sc_hd__and3b_1 instances:   6
  Class: sky130_fd_sc_hd__xor2_1 instances:  12
  Class: sky130_fd_sc_hd__dfstp_1 instances:  17
  Class: sky130_ef_sc_hd__decap_12 instances: 3978
  Class: sky130_fd_sc_hd__dfrtp_1 instances: 192
  Class: sky130_fd_sc_hd__dfrtp_2 instances:  15
  Class: sky130_fd_sc_hd__dfrtp_4 instances:   5
  Class: sky130_fd_sc_hd__and4_1 instances:  11
  Class: sky130_fd_sc_hd__and4_2 instances:   5
  Class: sky130_fd_sc_hd__and4_4 instances:   4
  Class: sky130_fd_sc_hd__inv_2 instances:  25
  Class: sky130_fd_sc_hd__inv_4 instances:   4
  Class: sky130_fd_sc_hd__inv_6 instances:   2
  Class: sky130_fd_sc_hd__inv_8 instances:   4
  Class: sky130_fd_sc_hd__clkbuf_1 instances:  52
  Class: sky130_fd_sc_hd__clkbuf_2 instances:  20
  Class: sky130_fd_sc_hd__clkbuf_4 instances:  44
  Class: sky130_fd_sc_hd__clkbuf_8 instances:  30
  Class: sky130_fd_sc_hd__or3_1 instances:   8
  Class: sky130_fd_sc_hd__nand3_1 instances:   3
  Class: sky130_fd_sc_hd__o21ba_1 instances:   5
  Class: sky130_fd_sc_hd__o21ba_2 instances:   2
  Class: sky130_fd_sc_hd__and2b_1 instances:   6
  Class: sky130_fd_sc_hd__and2b_2 instances:   1
  Class: sky130_fd_sc_hd__conb_1 instances: 175
  Class: sky130_fd_sc_hd__a21boi_1 instances:   2
  Class: sky130_fd_sc_hd__nand4b_1 instances:   1
  Class: sky130_fd_sc_hd__a21bo_1 instances:   2
  Class: sky130_fd_sc_hd__a221oi_1 instances:   1
  Class: sky130_fd_sc_hd__clkinv_2 instances:   2
  Class: sky130_fd_sc_hd__clkinv_4 instances:   1
  Class: sky130_fd_sc_hd__clkinv_8 instances:   4
  Class: sky130_fd_sc_hd__and3_1 instances:  32
  Class: sky130_fd_sc_hd__and3_2 instances:   1
  Class: sky130_fd_sc_hd__and3_4 instances:  12
  Class: sky130_fd_sc_hd__a2111o_1 instances:   6
  Class: sky130_fd_sc_hd__decap_3 instances: 438
  Class: sky130_fd_sc_hd__decap_4 instances: 246
  Class: sky130_fd_sc_hd__decap_6 instances: 916
  Class: sky130_fd_sc_hd__decap_8 instances: 364
  Class: sky130_fd_sc_hd__dlygate4sd3_1 instances:  90
  Class: sky130_fd_sc_hd__or2_1 instances:  21
  Class: sky130_fd_sc_hd__or2_2 instances:   3
  Class: sky130_fd_sc_hd__a2111oi_1 instances:   1
  Class: sky130_fd_sc_hd__nand2_1 instances:  18
  Class: sky130_fd_sc_hd__nand2_2 instances:   1
  Class: sky130_fd_sc_hd__o311ai_4 instances:   1
  Class: sky130_fd_sc_hd__nand3b_1 instances:   1
  Class: sky130_fd_sc_hd__mux2_1 instances:  20
  Class: sky130_fd_sc_hd__a211oi_1 instances:   1
  Class: sky130_fd_sc_hd__and2_1 instances:  27
  Class: sky130_fd_sc_hd__and2_2 instances:   1
  Class: sky130_fd_sc_hd__or4b_1 instances:   4
  Class: sky130_fd_sc_hd__or4b_2 instances:   5
  Class: sky130_fd_sc_hd__or4b_4 instances:   5
  Class: sky130_fd_sc_hd__nor4_2 instances:   2
  Class: sky130_fd_sc_hd__nor4_4 instances:   1
  Class: sky130_fd_sc_hd__inv_12 instances:   2
  Class: sky130_fd_sc_hd__o22a_1 instances:  78
  Class: sky130_fd_sc_hd__xnor2_1 instances:  15
  Class: sky130_fd_sc_hd__xnor2_2 instances:   1
  Class: sky130_fd_sc_hd__nor3b_1 instances:   2
  Class: sky130_fd_sc_hd__o21bai_1 instances:   3
  Class: sky130_fd_sc_hd__o211a_1 instances:  12
  Class: sky130_fd_sc_hd__o211a_2 instances:   1
  Class: sky130_fd_sc_hd__nand2b_1 instances:   4
  Class: sky130_fd_sc_hd__diode_2 instances: 654
  Class: sky130_fd_sc_hd__a221o_1 instances:  73
  Class: sky130_fd_sc_hd__a211o_1 instances:   8
  Class: sky130_fd_sc_hd__or3b_1 instances:   2
  Class: sky130_fd_sc_hd__dlymetal6s2s_1 instances:  10
  Class: sky130_fd_sc_hd__or4bb_1 instances:   5
  Class: sky130_fd_sc_hd__a32o_1 instances:   2
  Class: sky130_fd_sc_hd__o41a_1 instances:   1
  Class: sky130_fd_sc_hd__a22o_1 instances: 108
  Class: sky130_fd_sc_hd__o31a_1 instances:   2
  Class: sky130_fd_sc_hd__o2bb2a_1 instances:   3
  Class: sky130_fd_sc_hd__o21a_1 instances:  53
  Class: sky130_fd_sc_hd__o41ai_2 instances:   1
  Class: sky130_fd_sc_hd__o22ai_2 instances:   2
  Class: sky130_fd_sc_hd__and4b_1 instances:   2
  Class: sky130_fd_sc_hd__o21ai_1 instances:   5
  Class: sky130_fd_sc_hd__o21ai_2 instances:   1
  Class: sky130_fd_sc_hd__tapvpwrvgnd_1 instances: 1373
  Class: sky130_fd_sc_hd__o21ai_4 instances:   1
  Class: sky130_fd_sc_hd__a21oi_1 instances:  16
  Class: sky130_fd_sc_hd__a21oi_4 instances:   2
  Class: sky130_fd_sc_hd__a311o_1 instances:   2
  Class: sky130_fd_sc_hd__fill_1 instances: 1255
  Class: sky130_fd_sc_hd__fill_2 instances: 242
  Class: sky130_fd_sc_hd__nor2_1 instances:  46
  Class: sky130_fd_sc_hd__nor2_2 instances:   6
Circuit contains 1940 nets, and 166 disconnected pins.
Contents of circuit 2:  Circuit: 'team_11_Wrapper'
Circuit team_11_Wrapper contains 11187 device instances.
  Class: sky130_fd_sc_hd__bufinv_16 instances:   1
  Class: sky130_fd_sc_hd__a41o_1 instances:   2
  Class: sky130_fd_sc_hd__a31o_1 instances:  10
  Class: sky130_fd_sc_hd__a31o_2 instances:   2
  Class: sky130_fd_sc_hd__a21o_1 instances:   8
  Class: sky130_fd_sc_hd__clkbuf_16 instances:   3
  Class: sky130_fd_sc_hd__dfxtp_1 instances:   9
  Class: sky130_fd_sc_hd__o31ai_2 instances:   1
  Class: sky130_fd_sc_hd__or4_1 instances:  19
  Class: sky130_fd_sc_hd__or4_2 instances:   6
  Class: sky130_fd_sc_hd__or4_4 instances:   3
  Class: sky130_fd_sc_hd__a31oi_1 instances:   1
  Class: sky130_fd_sc_hd__a31oi_2 instances:   2
  Class: sky130_fd_sc_hd__buf_1 instances:  10
  Class: sky130_fd_sc_hd__buf_2 instances: 257
  Class: sky130_fd_sc_hd__a31oi_4 instances:   1
  Class: sky130_fd_sc_hd__buf_4 instances:   1
  Class: sky130_fd_sc_hd__a2bb2o_1 instances:   2
  Class: sky130_fd_sc_hd__and3b_1 instances:   6
  Class: sky130_fd_sc_hd__xor2_1 instances:  12
  Class: sky130_fd_sc_hd__dfstp_1 instances:  17
  Class: sky130_ef_sc_hd__decap_12 instances: 3978
  Class: sky130_fd_sc_hd__dfrtp_1 instances: 192
  Class: sky130_fd_sc_hd__dfrtp_2 instances:  15
  Class: sky130_fd_sc_hd__dfrtp_4 instances:   5
  Class: sky130_fd_sc_hd__and4_1 instances:  11
  Class: sky130_fd_sc_hd__and4_2 instances:   5
  Class: sky130_fd_sc_hd__and4_4 instances:   4
  Class: sky130_fd_sc_hd__inv_2 instances:  25
  Class: sky130_fd_sc_hd__inv_4 instances:   4
  Class: sky130_fd_sc_hd__inv_6 instances:   2
  Class: sky130_fd_sc_hd__inv_8 instances:   4
  Class: sky130_fd_sc_hd__clkbuf_1 instances:  52
  Class: sky130_fd_sc_hd__clkbuf_2 instances:  20
  Class: sky130_fd_sc_hd__clkbuf_4 instances:  44
  Class: sky130_fd_sc_hd__clkbuf_8 instances:  30
  Class: sky130_fd_sc_hd__or3_1 instances:   8
  Class: sky130_fd_sc_hd__nand3_1 instances:   3
  Class: sky130_fd_sc_hd__o21ba_1 instances:   5
  Class: sky130_fd_sc_hd__o21ba_2 instances:   2
  Class: sky130_fd_sc_hd__and2b_1 instances:   6
  Class: sky130_fd_sc_hd__conb_1 instances: 175
  Class: sky130_fd_sc_hd__and2b_2 instances:   1
  Class: sky130_fd_sc_hd__a21boi_1 instances:   2
  Class: sky130_fd_sc_hd__nand4b_1 instances:   1
  Class: sky130_fd_sc_hd__a21bo_1 instances:   2
  Class: sky130_fd_sc_hd__a221oi_1 instances:   1
  Class: sky130_fd_sc_hd__clkinv_2 instances:   2
  Class: sky130_fd_sc_hd__clkinv_4 instances:   1
  Class: sky130_fd_sc_hd__clkinv_8 instances:   4
  Class: sky130_fd_sc_hd__and3_1 instances:  32
  Class: sky130_fd_sc_hd__and3_2 instances:   1
  Class: sky130_fd_sc_hd__and3_4 instances:  12
  Class: sky130_fd_sc_hd__a2111o_1 instances:   6
  Class: sky130_fd_sc_hd__decap_3 instances: 438
  Class: sky130_fd_sc_hd__decap_4 instances: 246
  Class: sky130_fd_sc_hd__decap_6 instances: 916
  Class: sky130_fd_sc_hd__decap_8 instances: 364
  Class: sky130_fd_sc_hd__dlygate4sd3_1 instances:  90
  Class: sky130_fd_sc_hd__or2_1 instances:  21
  Class: sky130_fd_sc_hd__or2_2 instances:   3
  Class: sky130_fd_sc_hd__a2111oi_1 instances:   1
  Class: sky130_fd_sc_hd__nand2_1 instances:  18
  Class: sky130_fd_sc_hd__nand2_2 instances:   1
  Class: sky130_fd_sc_hd__o311ai_4 instances:   1
  Class: sky130_fd_sc_hd__nand3b_1 instances:   1
  Class: sky130_fd_sc_hd__mux2_1 instances:  20
  Class: sky130_fd_sc_hd__and2_1 instances:  27
  Class: sky130_fd_sc_hd__a211oi_1 instances:   1
  Class: sky130_fd_sc_hd__and2_2 instances:   1
  Class: sky130_fd_sc_hd__or4b_1 instances:   4
  Class: sky130_fd_sc_hd__or4b_2 instances:   5
  Class: sky130_fd_sc_hd__or4b_4 instances:   5
  Class: sky130_fd_sc_hd__nor4_2 instances:   2
  Class: sky130_fd_sc_hd__nor4_4 instances:   1
  Class: sky130_fd_sc_hd__inv_12 instances:   2
  Class: sky130_fd_sc_hd__o22a_1 instances:  78
  Class: sky130_fd_sc_hd__xnor2_1 instances:  15
  Class: sky130_fd_sc_hd__xnor2_2 instances:   1
  Class: sky130_fd_sc_hd__nor3b_1 instances:   2
  Class: sky130_fd_sc_hd__o21bai_1 instances:   3
  Class: sky130_fd_sc_hd__o211a_1 instances:  12
  Class: sky130_fd_sc_hd__o211a_2 instances:   1
  Class: sky130_fd_sc_hd__nand2b_1 instances:   4
  Class: sky130_fd_sc_hd__diode_2 instances: 654
  Class: sky130_fd_sc_hd__a221o_1 instances:  73
  Class: sky130_fd_sc_hd__a211o_1 instances:   8
  Class: sky130_fd_sc_hd__or3b_1 instances:   2
  Class: sky130_fd_sc_hd__dlymetal6s2s_1 instances:  10
  Class: sky130_fd_sc_hd__or4bb_1 instances:   5
  Class: sky130_fd_sc_hd__a32o_1 instances:   2
  Class: sky130_fd_sc_hd__o41a_1 instances:   1
  Class: sky130_fd_sc_hd__a22o_1 instances: 108
  Class: sky130_fd_sc_hd__o31a_1 instances:   2
  Class: sky130_fd_sc_hd__o2bb2a_1 instances:   3
  Class: sky130_fd_sc_hd__o21a_1 instances:  53
  Class: sky130_fd_sc_hd__o41ai_2 instances:   1
  Class: sky130_fd_sc_hd__o22ai_2 instances:   2
  Class: sky130_fd_sc_hd__and4b_1 instances:   2
  Class: sky130_fd_sc_hd__o21ai_1 instances:   5
  Class: sky130_fd_sc_hd__tapvpwrvgnd_1 instances: 1373
  Class: sky130_fd_sc_hd__o21ai_2 instances:   1
  Class: sky130_fd_sc_hd__o21ai_4 instances:   1
  Class: sky130_fd_sc_hd__a21oi_1 instances:  16
  Class: sky130_fd_sc_hd__a311o_1 instances:   2
  Class: sky130_fd_sc_hd__a21oi_4 instances:   2
  Class: sky130_fd_sc_hd__fill_1 instances: 1255
  Class: sky130_fd_sc_hd__fill_2 instances: 242
  Class: sky130_fd_sc_hd__nor2_1 instances:  46
  Class: sky130_fd_sc_hd__nor2_2 instances:   6
Circuit contains 1940 nets, and 166 disconnected pins.

Circuit was modified by parallel/series device merging.
New circuit summary:

Contents of circuit 1:  Circuit: 'team_11_Wrapper'
Circuit team_11_Wrapper contains 1858 device instances.
  Class: sky130_fd_sc_hd__bufinv_16 instances:   1
  Class: sky130_fd_sc_hd__a41o_1 instances:   2
  Class: sky130_fd_sc_hd__a31o_1 instances:  10
  Class: sky130_fd_sc_hd__a31o_2 instances:   2
  Class: sky130_fd_sc_hd__a21o_1 instances:   8
  Class: sky130_fd_sc_hd__clkbuf_16 instances:   3
  Class: sky130_fd_sc_hd__dfxtp_1 instances:   9
  Class: sky130_fd_sc_hd__o31ai_2 instances:   1
  Class: sky130_fd_sc_hd__or4_1 instances:  19
  Class: sky130_fd_sc_hd__or4_2 instances:   6
  Class: sky130_fd_sc_hd__or4_4 instances:   3
  Class: sky130_fd_sc_hd__a31oi_1 instances:   1
  Class: sky130_fd_sc_hd__a31oi_2 instances:   2
  Class: sky130_fd_sc_hd__buf_1 instances:  10
  Class: sky130_fd_sc_hd__a31oi_4 instances:   1
  Class: sky130_fd_sc_hd__buf_2 instances: 257
  Class: sky130_fd_sc_hd__buf_4 instances:   1
  Class: sky130_fd_sc_hd__a2bb2o_1 instances:   2
  Class: sky130_fd_sc_hd__and3b_1 instances:   6
  Class: sky130_fd_sc_hd__xor2_1 instances:  12
  Class: sky130_fd_sc_hd__dfstp_1 instances:  17
  Class: sky130_ef_sc_hd__decap_12 instances:   1
  Class: sky130_fd_sc_hd__dfrtp_1 instances: 192
  Class: sky130_fd_sc_hd__dfrtp_2 instances:  15
  Class: sky130_fd_sc_hd__dfrtp_4 instances:   5
  Class: sky130_fd_sc_hd__and4_1 instances:  11
  Class: sky130_fd_sc_hd__and4_2 instances:   5
  Class: sky130_fd_sc_hd__and4_4 instances:   4
  Class: sky130_fd_sc_hd__inv_2 instances:  25
  Class: sky130_fd_sc_hd__inv_4 instances:   4
  Class: sky130_fd_sc_hd__inv_6 instances:   2
  Class: sky130_fd_sc_hd__inv_8 instances:   4
  Class: sky130_fd_sc_hd__clkbuf_1 instances:  52
  Class: sky130_fd_sc_hd__clkbuf_2 instances:  20
  Class: sky130_fd_sc_hd__clkbuf_4 instances:  44
  Class: sky130_fd_sc_hd__clkbuf_8 instances:  30
  Class: sky130_fd_sc_hd__or3_1 instances:   8
  Class: sky130_fd_sc_hd__nand3_1 instances:   3
  Class: sky130_fd_sc_hd__o21ba_1 instances:   5
  Class: sky130_fd_sc_hd__o21ba_2 instances:   2
  Class: sky130_fd_sc_hd__and2b_1 instances:   6
  Class: sky130_fd_sc_hd__and2b_2 instances:   1
  Class: sky130_fd_sc_hd__conb_1 instances: 175
  Class: sky130_fd_sc_hd__a21boi_1 instances:   2
  Class: sky130_fd_sc_hd__nand4b_1 instances:   1
  Class: sky130_fd_sc_hd__a21bo_1 instances:   2
  Class: sky130_fd_sc_hd__a221oi_1 instances:   1
  Class: sky130_fd_sc_hd__clkinv_2 instances:   2
  Class: sky130_fd_sc_hd__clkinv_4 instances:   1
  Class: sky130_fd_sc_hd__clkinv_8 instances:   4
  Class: sky130_fd_sc_hd__and3_1 instances:  32
  Class: sky130_fd_sc_hd__and3_2 instances:   1
  Class: sky130_fd_sc_hd__and3_4 instances:  12
  Class: sky130_fd_sc_hd__a2111o_1 instances:   6
  Class: sky130_fd_sc_hd__decap_3 instances:   1
  Class: sky130_fd_sc_hd__decap_4 instances:   1
  Class: sky130_fd_sc_hd__decap_6 instances:   1
  Class: sky130_fd_sc_hd__decap_8 instances:   1
  Class: sky130_fd_sc_hd__dlygate4sd3_1 instances:  90
  Class: sky130_fd_sc_hd__or2_1 instances:  21
  Class: sky130_fd_sc_hd__or2_2 instances:   3
  Class: sky130_fd_sc_hd__a2111oi_1 instances:   1
  Class: sky130_fd_sc_hd__nand2_1 instances:  18
  Class: sky130_fd_sc_hd__nand2_2 instances:   1
  Class: sky130_fd_sc_hd__o311ai_4 instances:   1
  Class: sky130_fd_sc_hd__nand3b_1 instances:   1
  Class: sky130_fd_sc_hd__mux2_1 instances:  20
  Class: sky130_fd_sc_hd__a211oi_1 instances:   1
  Class: sky130_fd_sc_hd__and2_1 instances:  27
  Class: sky130_fd_sc_hd__and2_2 instances:   1
  Class: sky130_fd_sc_hd__or4b_1 instances:   4
  Class: sky130_fd_sc_hd__or4b_2 instances:   5
  Class: sky130_fd_sc_hd__or4b_4 instances:   5
  Class: sky130_fd_sc_hd__nor4_2 instances:   2
  Class: sky130_fd_sc_hd__nor4_4 instances:   1
  Class: sky130_fd_sc_hd__inv_12 instances:   2
  Class: sky130_fd_sc_hd__o22a_1 instances:  78
  Class: sky130_fd_sc_hd__xnor2_1 instances:  15
  Class: sky130_fd_sc_hd__xnor2_2 instances:   1
  Class: sky130_fd_sc_hd__nor3b_1 instances:   2
  Class: sky130_fd_sc_hd__o21bai_1 instances:   3
  Class: sky130_fd_sc_hd__o211a_1 instances:  12
  Class: sky130_fd_sc_hd__o211a_2 instances:   1
  Class: sky130_fd_sc_hd__nand2b_1 instances:   4
  Class: sky130_fd_sc_hd__diode_2 instances: 129
  Class: sky130_fd_sc_hd__a221o_1 instances:  73
  Class: sky130_fd_sc_hd__a211o_1 instances:   8
  Class: sky130_fd_sc_hd__or3b_1 instances:   2
  Class: sky130_fd_sc_hd__dlymetal6s2s_1 instances:  10
  Class: sky130_fd_sc_hd__or4bb_1 instances:   5
  Class: sky130_fd_sc_hd__a32o_1 instances:   2
  Class: sky130_fd_sc_hd__o41a_1 instances:   1
  Class: sky130_fd_sc_hd__a22o_1 instances: 108
  Class: sky130_fd_sc_hd__o31a_1 instances:   2
  Class: sky130_fd_sc_hd__o2bb2a_1 instances:   3
  Class: sky130_fd_sc_hd__o21a_1 instances:  53
  Class: sky130_fd_sc_hd__o41ai_2 instances:   1
  Class: sky130_fd_sc_hd__o22ai_2 instances:   2
  Class: sky130_fd_sc_hd__and4b_1 instances:   2
  Class: sky130_fd_sc_hd__o21ai_1 instances:   5
  Class: sky130_fd_sc_hd__o21ai_2 instances:   1
  Class: sky130_fd_sc_hd__tapvpwrvgnd_1 instances:   1
  Class: sky130_fd_sc_hd__o21ai_4 instances:   1
  Class: sky130_fd_sc_hd__a21oi_1 instances:  16
  Class: sky130_fd_sc_hd__a21oi_4 instances:   2
  Class: sky130_fd_sc_hd__a311o_1 instances:   2
  Class: sky130_fd_sc_hd__fill_1 instances:   1
  Class: sky130_fd_sc_hd__fill_2 instances:   1
  Class: sky130_fd_sc_hd__nor2_1 instances:  46
  Class: sky130_fd_sc_hd__nor2_2 instances:   6
Circuit contains 1940 nets, and 166 disconnected pins.
Contents of circuit 2:  Circuit: 'team_11_Wrapper'
Circuit team_11_Wrapper contains 1858 device instances.
  Class: sky130_fd_sc_hd__bufinv_16 instances:   1
  Class: sky130_fd_sc_hd__a41o_1 instances:   2
  Class: sky130_fd_sc_hd__a31o_1 instances:  10
  Class: sky130_fd_sc_hd__a31o_2 instances:   2
  Class: sky130_fd_sc_hd__a21o_1 instances:   8
  Class: sky130_fd_sc_hd__clkbuf_16 instances:   3
  Class: sky130_fd_sc_hd__dfxtp_1 instances:   9
  Class: sky130_fd_sc_hd__o31ai_2 instances:   1
  Class: sky130_fd_sc_hd__or4_1 instances:  19
  Class: sky130_fd_sc_hd__or4_2 instances:   6
  Class: sky130_fd_sc_hd__or4_4 instances:   3
  Class: sky130_fd_sc_hd__a31oi_1 instances:   1
  Class: sky130_fd_sc_hd__a31oi_2 instances:   2
  Class: sky130_fd_sc_hd__buf_1 instances:  10
  Class: sky130_fd_sc_hd__buf_2 instances: 257
  Class: sky130_fd_sc_hd__a31oi_4 instances:   1
  Class: sky130_fd_sc_hd__buf_4 instances:   1
  Class: sky130_fd_sc_hd__a2bb2o_1 instances:   2
  Class: sky130_fd_sc_hd__and3b_1 instances:   6
  Class: sky130_fd_sc_hd__xor2_1 instances:  12
  Class: sky130_fd_sc_hd__dfstp_1 instances:  17
  Class: sky130_ef_sc_hd__decap_12 instances:   1
  Class: sky130_fd_sc_hd__dfrtp_1 instances: 192
  Class: sky130_fd_sc_hd__dfrtp_2 instances:  15
  Class: sky130_fd_sc_hd__dfrtp_4 instances:   5
  Class: sky130_fd_sc_hd__and4_1 instances:  11
  Class: sky130_fd_sc_hd__and4_2 instances:   5
  Class: sky130_fd_sc_hd__and4_4 instances:   4
  Class: sky130_fd_sc_hd__inv_2 instances:  25
  Class: sky130_fd_sc_hd__inv_4 instances:   4
  Class: sky130_fd_sc_hd__inv_6 instances:   2
  Class: sky130_fd_sc_hd__inv_8 instances:   4
  Class: sky130_fd_sc_hd__clkbuf_1 instances:  52
  Class: sky130_fd_sc_hd__clkbuf_2 instances:  20
  Class: sky130_fd_sc_hd__clkbuf_4 instances:  44
  Class: sky130_fd_sc_hd__clkbuf_8 instances:  30
  Class: sky130_fd_sc_hd__or3_1 instances:   8
  Class: sky130_fd_sc_hd__nand3_1 instances:   3
  Class: sky130_fd_sc_hd__o21ba_1 instances:   5
  Class: sky130_fd_sc_hd__o21ba_2 instances:   2
  Class: sky130_fd_sc_hd__and2b_1 instances:   6
  Class: sky130_fd_sc_hd__conb_1 instances: 175
  Class: sky130_fd_sc_hd__and2b_2 instances:   1
  Class: sky130_fd_sc_hd__a21boi_1 instances:   2
  Class: sky130_fd_sc_hd__nand4b_1 instances:   1
  Class: sky130_fd_sc_hd__a21bo_1 instances:   2
  Class: sky130_fd_sc_hd__a221oi_1 instances:   1
  Class: sky130_fd_sc_hd__clkinv_2 instances:   2
  Class: sky130_fd_sc_hd__clkinv_4 instances:   1
  Class: sky130_fd_sc_hd__clkinv_8 instances:   4
  Class: sky130_fd_sc_hd__and3_1 instances:  32
  Class: sky130_fd_sc_hd__and3_2 instances:   1
  Class: sky130_fd_sc_hd__and3_4 instances:  12
  Class: sky130_fd_sc_hd__a2111o_1 instances:   6
  Class: sky130_fd_sc_hd__decap_3 instances:   1
  Class: sky130_fd_sc_hd__decap_4 instances:   1
  Class: sky130_fd_sc_hd__decap_6 instances:   1
  Class: sky130_fd_sc_hd__decap_8 instances:   1
  Class: sky130_fd_sc_hd__dlygate4sd3_1 instances:  90
  Class: sky130_fd_sc_hd__or2_1 instances:  21
  Class: sky130_fd_sc_hd__or2_2 instances:   3
  Class: sky130_fd_sc_hd__a2111oi_1 instances:   1
  Class: sky130_fd_sc_hd__nand2_1 instances:  18
  Class: sky130_fd_sc_hd__nand2_2 instances:   1
  Class: sky130_fd_sc_hd__o311ai_4 instances:   1
  Class: sky130_fd_sc_hd__nand3b_1 instances:   1
  Class: sky130_fd_sc_hd__mux2_1 instances:  20
  Class: sky130_fd_sc_hd__and2_1 instances:  27
  Class: sky130_fd_sc_hd__a211oi_1 instances:   1
  Class: sky130_fd_sc_hd__and2_2 instances:   1
  Class: sky130_fd_sc_hd__or4b_1 instances:   4
  Class: sky130_fd_sc_hd__or4b_2 instances:   5
  Class: sky130_fd_sc_hd__or4b_4 instances:   5
  Class: sky130_fd_sc_hd__nor4_2 instances:   2
  Class: sky130_fd_sc_hd__nor4_4 instances:   1
  Class: sky130_fd_sc_hd__inv_12 instances:   2
  Class: sky130_fd_sc_hd__o22a_1 instances:  78
  Class: sky130_fd_sc_hd__xnor2_1 instances:  15
  Class: sky130_fd_sc_hd__xnor2_2 instances:   1
  Class: sky130_fd_sc_hd__nor3b_1 instances:   2
  Class: sky130_fd_sc_hd__o21bai_1 instances:   3
  Class: sky130_fd_sc_hd__o211a_1 instances:  12
  Class: sky130_fd_sc_hd__o211a_2 instances:   1
  Class: sky130_fd_sc_hd__nand2b_1 instances:   4
  Class: sky130_fd_sc_hd__diode_2 instances: 129
  Class: sky130_fd_sc_hd__a221o_1 instances:  73
  Class: sky130_fd_sc_hd__a211o_1 instances:   8
  Class: sky130_fd_sc_hd__or3b_1 instances:   2
  Class: sky130_fd_sc_hd__dlymetal6s2s_1 instances:  10
  Class: sky130_fd_sc_hd__or4bb_1 instances:   5
  Class: sky130_fd_sc_hd__a32o_1 instances:   2
  Class: sky130_fd_sc_hd__o41a_1 instances:   1
  Class: sky130_fd_sc_hd__a22o_1 instances: 108
  Class: sky130_fd_sc_hd__o31a_1 instances:   2
  Class: sky130_fd_sc_hd__o2bb2a_1 instances:   3
  Class: sky130_fd_sc_hd__o21a_1 instances:  53
  Class: sky130_fd_sc_hd__o41ai_2 instances:   1
  Class: sky130_fd_sc_hd__o22ai_2 instances:   2
  Class: sky130_fd_sc_hd__and4b_1 instances:   2
  Class: sky130_fd_sc_hd__o21ai_1 instances:   5
  Class: sky130_fd_sc_hd__tapvpwrvgnd_1 instances:   1
  Class: sky130_fd_sc_hd__o21ai_2 instances:   1
  Class: sky130_fd_sc_hd__o21ai_4 instances:   1
  Class: sky130_fd_sc_hd__a21oi_1 instances:  16
  Class: sky130_fd_sc_hd__a311o_1 instances:   2
  Class: sky130_fd_sc_hd__a21oi_4 instances:   2
  Class: sky130_fd_sc_hd__fill_1 instances:   1
  Class: sky130_fd_sc_hd__fill_2 instances:   1
  Class: sky130_fd_sc_hd__nor2_1 instances:  46
  Class: sky130_fd_sc_hd__nor2_2 instances:   6
Circuit contains 1940 nets, and 166 disconnected pins.

Circuit 1 contains 1858 devices, Circuit 2 contains 1858 devices.
Circuit 1 contains 1940 nets,    Circuit 2 contains 1940 nets.


Final result: 
Circuits match uniquely.
.
Logging to file "/home/misrrael2003/nebula-ii/openlane/team_11_Wrapper/runs/24_08_24_16_56/67-netgen-lvs/reports/lvs.netgen.rpt" disabled
LVS Done.
