
===========================================================================
report_checks -unconstrained
===========================================================================
======================= nom_tt_025C_1v80 Corner ===================================

Startpoint: nrst (input port clocked by clk)
Endpoint: _13004_ (recovery check against rising-edge clock clk')
Path Group: asynchronous
Path Type: max

Fanout         Cap        Slew       Delay        Time   Description
---------------------------------------------------------------------------------------------
                                  0.000000    0.000000   clock clk (rise edge)
                                  0.000000    0.000000   clock network delay (propagated)
                                 20.000000   20.000000 ^ input external delay
     2    0.005677    0.032260    0.020046   20.020046 ^ nrst (in)
                                                         nrst (net)
                      0.032261    0.000000   20.020046 ^ input100/A (sky130_fd_sc_hd__clkbuf_8)
     7    0.134589    0.235061    0.255474   20.275520 ^ input100/X (sky130_fd_sc_hd__clkbuf_8)
                                                         net100 (net)
                      0.235201    0.004833   20.280354 ^ fanout1245/A (sky130_fd_sc_hd__buf_4)
    12    0.119107    0.326861    0.367551   20.647905 ^ fanout1245/X (sky130_fd_sc_hd__buf_4)
                                                         net1245 (net)
                      0.327288    0.009765   20.657669 ^ fanout1235/A (sky130_fd_sc_hd__clkbuf_2)
    11    0.060892    0.328689    0.379220   21.036890 ^ fanout1235/X (sky130_fd_sc_hd__clkbuf_2)
                                                         net1235 (net)
                      0.328804    0.002199   21.039089 ^ fanout1234/A (sky130_fd_sc_hd__clkbuf_4)
    21    0.073870    0.223523    0.355632   21.394722 ^ fanout1234/X (sky130_fd_sc_hd__clkbuf_4)
                                                         net1234 (net)
                      0.223960    0.007049   21.401770 ^ fanout1233/A (sky130_fd_sc_hd__clkbuf_4)
    10    0.063594    0.193798    0.305695   21.707464 ^ fanout1233/X (sky130_fd_sc_hd__clkbuf_4)
                                                         net1233 (net)
                      0.193901    0.001405   21.708870 ^ _13004_/RESET_B (sky130_fd_sc_hd__dfrtp_4)
                                             21.708870   data arrival time

                                 50.000000   50.000000   clock clk' (rise edge)
                                  0.000000   50.000000   clock source latency
     2    0.095847    0.210914    0.157499   50.157497 v clk (in)
                                                         clk (net)
                      0.211247    0.000000   50.157497 v clkbuf_0_clk/A (sky130_fd_sc_hd__clkbuf_16)
    17    0.244103    0.160817    0.325233   50.482731 v clkbuf_0_clk/X (sky130_fd_sc_hd__clkbuf_16)
                                                         clknet_0_clk (net)
                      0.162042    0.011369   50.494099 v clkbuf_3_6_0_clk/A (sky130_fd_sc_hd__clkbuf_8)
    13    0.115939    0.127262    0.273126   50.767223 v clkbuf_3_6_0_clk/X (sky130_fd_sc_hd__clkbuf_8)
                                                         clknet_3_6_0_clk (net)
                      0.127898    0.007333   50.774559 v clkbuf_leaf_31_clk/A (sky130_fd_sc_hd__clkbuf_8)
     8    0.046413    0.063766    0.207049   50.981606 v clkbuf_leaf_31_clk/X (sky130_fd_sc_hd__clkbuf_8)
                                                         clknet_leaf_31_clk (net)
                      0.063800    0.001350   50.982956 v _12794__25/A (sky130_fd_sc_hd__inv_2)
     1    0.002382    0.025079    0.045343   51.028301 ^ _12794__25/Y (sky130_fd_sc_hd__inv_2)
                                                         net1335 (net)
                      0.025079    0.000068   51.028366 ^ _13004_/CLK (sky130_fd_sc_hd__dfrtp_4)
                                 -0.250000   50.778366   clock uncertainty
                                  0.000000   50.778366   clock reconvergence pessimism
                                  0.162708   50.941074   library recovery time
                                             50.941074   data required time
---------------------------------------------------------------------------------------------
                                             50.941074   data required time
                                            -21.708870   data arrival time
---------------------------------------------------------------------------------------------
                                             29.232203   slack (MET)


Startpoint: en (input port clocked by clk)
Endpoint: _13011_ (rising edge-triggered flip-flop clocked by clk')
Path Group: clk
Path Type: max

Fanout         Cap        Slew       Delay        Time   Description
---------------------------------------------------------------------------------------------
                                  0.000000    0.000000   clock clk (rise edge)
                                  0.000000    0.000000   clock network delay (propagated)
                                 20.000000   20.000000 ^ input external delay
     2    0.009719    0.050181    0.033175   20.033176 ^ en (in)
                                                         en (net)
                      0.050183    0.000000   20.033176 ^ input34/A (sky130_fd_sc_hd__clkbuf_2)
     9    0.053905    0.292489    0.275406   20.308582 ^ input34/X (sky130_fd_sc_hd__clkbuf_2)
                                                         net34 (net)
                      0.292756    0.007288   20.315870 ^ _06457_/C (sky130_fd_sc_hd__and3b_2)
     5    0.054787    0.277100    0.412991   20.728861 ^ _06457_/X (sky130_fd_sc_hd__and3b_2)
                                                         _01410_ (net)
                      0.277109    0.001373   20.730234 ^ fanout1037/A (sky130_fd_sc_hd__buf_4)
    21    0.096477    0.265342    0.339497   21.069731 ^ fanout1037/X (sky130_fd_sc_hd__buf_4)
                                                         net1037 (net)
                      0.265347    0.000988   21.070719 ^ _06459_/B (sky130_fd_sc_hd__or2_1)
     3    0.008179    0.087522    0.176984   21.247704 ^ _06459_/X (sky130_fd_sc_hd__or2_1)
                                                         _01412_ (net)
                      0.087522    0.000218   21.247921 ^ _06463_/A2 (sky130_fd_sc_hd__a21o_2)
     3    0.031484    0.161975    0.225830   21.473751 ^ _06463_/X (sky130_fd_sc_hd__a21o_2)
                                                         _01414_ (net)
                      0.161975    0.000496   21.474247 ^ fanout990/A (sky130_fd_sc_hd__buf_2)
    10    0.033129    0.165337    0.233594   21.707842 ^ fanout990/X (sky130_fd_sc_hd__buf_2)
                                                         net990 (net)
                      0.165337    0.000570   21.708412 ^ _06464_/C (sky130_fd_sc_hd__and3_2)
     9    0.071347    0.356006    0.441407   22.149818 ^ _06464_/X (sky130_fd_sc_hd__and3_2)
                                                         _01415_ (net)
                      0.356169    0.003741   22.153559 ^ fanout971/A (sky130_fd_sc_hd__clkbuf_4)
    10    0.051469    0.160362    0.318108   22.471668 ^ fanout971/X (sky130_fd_sc_hd__clkbuf_4)
                                                         net971 (net)
                      0.160426    0.003041   22.474709 ^ _06469_/S (sky130_fd_sc_hd__mux2_1)
     1    0.007065    0.079211    0.182997   22.657705 ^ _06469_/X (sky130_fd_sc_hd__mux2_1)
                                                         _01420_ (net)
                      0.079211    0.000270   22.657976 ^ fanout953/A (sky130_fd_sc_hd__clkbuf_8)
    14    0.196329    0.337481    0.337259   22.995235 ^ fanout953/X (sky130_fd_sc_hd__clkbuf_8)
                                                         net953 (net)
                      0.337560    0.004457   22.999691 ^ fanout910/A (sky130_fd_sc_hd__clkbuf_2)
    11    0.077249    0.414662    0.438988   23.438679 ^ fanout910/X (sky130_fd_sc_hd__clkbuf_2)
                                                         net910 (net)
                      0.414691    0.002911   23.441591 ^ fanout899/A (sky130_fd_sc_hd__clkbuf_4)
    15    0.114017    0.338059    0.453069   23.894659 ^ fanout899/X (sky130_fd_sc_hd__clkbuf_4)
                                                         net899 (net)
                      0.338287    0.005091   23.899750 ^ fanout896/A (sky130_fd_sc_hd__clkbuf_2)
     6    0.031957    0.178141    0.276909   24.176659 ^ fanout896/X (sky130_fd_sc_hd__clkbuf_2)
                                                         net896 (net)
                      0.178150    0.001441   24.178101 ^ fanout895/A (sky130_fd_sc_hd__clkbuf_4)
    10    0.058516    0.179341    0.280986   24.459085 ^ fanout895/X (sky130_fd_sc_hd__clkbuf_4)
                                                         net895 (net)
                      0.179542    0.003967   24.463053 ^ _07453_/S (sky130_fd_sc_hd__mux2_1)
     1    0.003468    0.059326    0.344238   24.807291 v _07453_/X (sky130_fd_sc_hd__mux2_1)
                                                         _02404_ (net)
                      0.059326    0.000114   24.807405 v _07454_/A3 (sky130_fd_sc_hd__mux4_2)
     3    0.038747    0.170848    0.609353   25.416758 v _07454_/X (sky130_fd_sc_hd__mux4_2)
                                                         _02405_ (net)
                      0.170867    0.001819   25.418577 v _07455_/B (sky130_fd_sc_hd__or2_1)
     1    0.018304    0.115949    0.328091   25.746668 v _07455_/X (sky130_fd_sc_hd__or2_1)
                                                         _02406_ (net)
                      0.115959    0.001123   25.747791 v _07468_/A1 (sky130_fd_sc_hd__a22oi_4)
    15    0.078279    0.571416    0.521844   26.269634 ^ _07468_/Y (sky130_fd_sc_hd__a22oi_4)
                                                         _02419_ (net)
                      0.571445    0.003402   26.273037 ^ _07475_/A (sky130_fd_sc_hd__or2_1)
     4    0.010790    0.111804    0.233268   26.506304 ^ _07475_/X (sky130_fd_sc_hd__or2_1)
                                                         _02426_ (net)
                      0.111804    0.000238   26.506542 ^ _07478_/A1 (sky130_fd_sc_hd__o21a_1)
     3    0.010396    0.107074    0.183840   26.690382 ^ _07478_/X (sky130_fd_sc_hd__o21a_1)
                                                         _02429_ (net)
                      0.107074    0.000220   26.690603 ^ _07480_/A2 (sky130_fd_sc_hd__o21bai_1)
     3    0.011600    0.108371    0.119975   26.810577 v _07480_/Y (sky130_fd_sc_hd__o21bai_1)
                                                         _02431_ (net)
                      0.108371    0.000451   26.811029 v _07482_/A2 (sky130_fd_sc_hd__a21boi_1)
     3    0.010703    0.248347    0.268669   27.079697 ^ _07482_/Y (sky130_fd_sc_hd__a21boi_1)
                                                         _02433_ (net)
                      0.248348    0.000291   27.079988 ^ _07483_/A2 (sky130_fd_sc_hd__o21bai_1)
     3    0.008741    0.091953    0.136628   27.216618 v _07483_/Y (sky130_fd_sc_hd__o21bai_1)
                                                         _02434_ (net)
                      0.091953    0.000250   27.216867 v _07485_/A2 (sky130_fd_sc_hd__a21oi_1)
     3    0.010070    0.239634    0.257135   27.474003 ^ _07485_/Y (sky130_fd_sc_hd__a21oi_1)
                                                         _02436_ (net)
                      0.239634    0.000291   27.474295 ^ _07486_/A2 (sky130_fd_sc_hd__o21ai_1)
     3    0.007657    0.090891    0.125009   27.599302 v _07486_/Y (sky130_fd_sc_hd__o21ai_1)
                                                         _02437_ (net)
                      0.090891    0.000213   27.599516 v _07488_/A2 (sky130_fd_sc_hd__a21oi_1)
     4    0.013830    0.311438    0.309797   27.909313 ^ _07488_/Y (sky130_fd_sc_hd__a21oi_1)
                                                         _02439_ (net)
                      0.311439    0.000460   27.909773 ^ _07492_/B1 (sky130_fd_sc_hd__o221a_1)
     3    0.010552    0.122544    0.298494   28.208267 ^ _07492_/X (sky130_fd_sc_hd__o221a_1)
                                                         _02443_ (net)
                      0.122544    0.000346   28.208612 ^ _07495_/A3 (sky130_fd_sc_hd__o311a_1)
     2    0.011966    0.131223    0.219156   28.427769 ^ _07495_/X (sky130_fd_sc_hd__o311a_1)
                                                         _02446_ (net)
                      0.131223    0.000590   28.428360 ^ _07498_/A3 (sky130_fd_sc_hd__o311a_1)
     2    0.015731    0.166251    0.246475   28.674833 ^ _07498_/X (sky130_fd_sc_hd__o311a_1)
                                                         _02449_ (net)
                      0.166252    0.000711   28.675545 ^ _07504_/A3 (sky130_fd_sc_hd__o41ai_2)
     2    0.008703    0.086350    0.113010   28.788555 v _07504_/Y (sky130_fd_sc_hd__o41ai_2)
                                                         _02455_ (net)
                      0.086351    0.000224   28.788778 v _07505_/A2 (sky130_fd_sc_hd__a21oi_1)
     2    0.012368    0.283518    0.287349   29.076128 ^ _07505_/Y (sky130_fd_sc_hd__a21oi_1)
                                                         _02456_ (net)
                      0.283520    0.000469   29.076595 ^ _07506_/A2 (sky130_fd_sc_hd__o21ai_1)
     3    0.009102    0.097274    0.144057   29.220654 v _07506_/Y (sky130_fd_sc_hd__o21ai_1)
                                                         _02457_ (net)
                      0.097274    0.000263   29.220917 v _07508_/A2 (sky130_fd_sc_hd__a21oi_1)
     2    0.011132    0.259975    0.274225   29.495142 ^ _07508_/Y (sky130_fd_sc_hd__a21oi_1)
                                                         _02459_ (net)
                      0.259975    0.000346   29.495487 ^ _07509_/A2 (sky130_fd_sc_hd__o21a_1)
     3    0.012196    0.123385    0.208068   29.703556 ^ _07509_/X (sky130_fd_sc_hd__o21a_1)
                                                         _02460_ (net)
                      0.123385    0.000435   29.703991 ^ _07512_/A2 (sky130_fd_sc_hd__o211a_1)
     3    0.009827    0.094725    0.189903   29.893894 ^ _07512_/X (sky130_fd_sc_hd__o211a_1)
                                                         _02463_ (net)
                      0.094725    0.000323   29.894218 ^ _07514_/A3 (sky130_fd_sc_hd__o31a_1)
     3    0.017161    0.185205    0.223150   30.117367 ^ _07514_/X (sky130_fd_sc_hd__o31a_1)
                                                         _02465_ (net)
                      0.185205    0.000608   30.117975 ^ _07517_/A2 (sky130_fd_sc_hd__a211o_1)
     2    0.006841    0.072156    0.173923   30.291899 ^ _07517_/X (sky130_fd_sc_hd__a211o_1)
                                                         _02468_ (net)
                      0.072156    0.000252   30.292150 ^ _07518_/B1 (sky130_fd_sc_hd__o21a_1)
     3    0.009813    0.104292    0.162856   30.455006 ^ _07518_/X (sky130_fd_sc_hd__o21a_1)
                                                         _02469_ (net)
                      0.104292    0.000345   30.455351 ^ _07519_/B (sky130_fd_sc_hd__nor2_1)
     2    0.008903    0.069228    0.076554   30.531904 v _07519_/Y (sky130_fd_sc_hd__nor2_1)
                                                         _02470_ (net)
                      0.069228    0.000266   30.532171 v _07520_/A2 (sky130_fd_sc_hd__o211ai_2)
     3    0.013671    0.218074    0.217447   30.749619 ^ _07520_/Y (sky130_fd_sc_hd__o211ai_2)
                                                         _02471_ (net)
                      0.218074    0.000480   30.750099 ^ _07522_/A2 (sky130_fd_sc_hd__a21bo_1)
     2    0.006299    0.063939    0.162100   30.912199 ^ _07522_/X (sky130_fd_sc_hd__a21bo_1)
                                                         _02473_ (net)
                      0.063939    0.000160   30.912357 ^ _07523_/A2 (sky130_fd_sc_hd__a21o_1)
     2    0.005068    0.055552    0.123038   31.035395 ^ _07523_/X (sky130_fd_sc_hd__a21o_1)
                                                         _02474_ (net)
                      0.055552    0.000099   31.035496 ^ _07524_/B1_N (sky130_fd_sc_hd__a21bo_1)
     2    0.007919    0.057367    0.218133   31.253628 v _07524_/X (sky130_fd_sc_hd__a21bo_1)
                                                         _02475_ (net)
                      0.057367    0.000117   31.253746 v _07525_/A2 (sky130_fd_sc_hd__a21bo_1)
     2    0.014101    0.080806    0.238547   31.492292 v _07525_/X (sky130_fd_sc_hd__a21bo_1)
                                                         _02476_ (net)
                      0.080808    0.000522   31.492815 v _07526_/A2 (sky130_fd_sc_hd__a21o_1)
     1    0.005178    0.043067    0.197122   31.689938 v _07526_/X (sky130_fd_sc_hd__a21o_1)
                                                         _02477_ (net)
                      0.043067    0.000117   31.690054 v _07557_/A (sky130_fd_sc_hd__xnor2_1)
     1    0.003190    0.048737    0.120320   31.810373 v _07557_/Y (sky130_fd_sc_hd__xnor2_1)
                                                         _02508_ (net)
                      0.048737    0.000096   31.810471 v _08832_/A2 (sky130_fd_sc_hd__a211o_1)
     1    0.001930    0.042390    0.277407   32.087875 v _08832_/X (sky130_fd_sc_hd__a211o_1)
                                                         _03783_ (net)
                      0.042390    0.000039   32.087917 v _08855_/A1_N (sky130_fd_sc_hd__o2bb2a_1)
     1    0.003596    0.054123    0.236110   32.324024 ^ _08855_/X (sky130_fd_sc_hd__o2bb2a_1)
                                                         _00242_ (net)
                      0.054123    0.000078   32.324104 ^ _13011_/D (sky130_fd_sc_hd__dfrtp_2)
                                             32.324104   data arrival time

                                 50.000000   50.000000   clock clk' (rise edge)
                                  0.000000   50.000000   clock source latency
     2    0.095847    0.210914    0.157499   50.157497 v clk (in)
                                                         clk (net)
                      0.211247    0.000000   50.157497 v clkbuf_0_clk/A (sky130_fd_sc_hd__clkbuf_16)
    17    0.244103    0.160817    0.325233   50.482731 v clkbuf_0_clk/X (sky130_fd_sc_hd__clkbuf_16)
                                                         clknet_0_clk (net)
                      0.162086    0.011564   50.494293 v clkbuf_3_7_0_clk/A (sky130_fd_sc_hd__clkbuf_8)
    15    0.117929    0.129181    0.274269   50.768562 v clkbuf_3_7_0_clk/X (sky130_fd_sc_hd__clkbuf_8)
                                                         clknet_3_7_0_clk (net)
                      0.129936    0.008033   50.776596 v clkbuf_leaf_33_clk/A (sky130_fd_sc_hd__clkbuf_8)
    51    0.146760    0.156422    0.281169   51.057766 v clkbuf_leaf_33_clk/X (sky130_fd_sc_hd__clkbuf_8)
                                                         clknet_leaf_33_clk (net)
                      0.156869    0.006885   51.064651 v _12801__32/A (sky130_fd_sc_hd__inv_2)
     1    0.002371    0.041550    0.070063   51.134712 ^ _12801__32/Y (sky130_fd_sc_hd__inv_2)
                                                         net1342 (net)
                      0.041550    0.000068   51.134781 ^ _13011_/CLK (sky130_fd_sc_hd__dfrtp_2)
                                 -0.250000   50.884781   clock uncertainty
                                  0.000000   50.884781   clock reconvergence pessimism
                                 -0.066155   50.818626   library setup time
                                             50.818626   data required time
---------------------------------------------------------------------------------------------
                                             50.818626   data required time
                                            -32.324104   data arrival time
---------------------------------------------------------------------------------------------
                                             18.494522   slack (MET)




===========================================================================
report_checks --slack_max -0.01
============================================================================
======================= nom_tt_025C_1v80 Corner ===================================

No paths found.


===========================================================================
 report_check_types -max_slew -max_cap -max_fanout -violators
============================================================================
======================= nom_tt_025C_1v80 Corner ===================================

max slew

Pin                                        Limit        Slew       Slack
------------------------------------------------------------------------
ANTENNA_fanout359_A/DIODE               0.750000    1.078374   -0.328374 (VIOLATED)
fanout359/A                             0.750000    1.078372   -0.328373 (VIOLATED)
ANTENNA_fanout350_A/DIODE               0.750000    1.078215   -0.328215 (VIOLATED)
fanout350/A                             0.750000    1.078212   -0.328212 (VIOLATED)
ANTENNA__12331__Y/DIODE                 0.750000    1.078209   -0.328209 (VIOLATED)
_12331_/Y                               0.750000    1.078204   -0.328204 (VIOLATED)
_07115_/A                               0.750000    0.931224   -0.181224 (VIOLATED)
ANTENNA__07115__A/DIODE                 0.750000    0.931221   -0.181221 (VIOLATED)
_08117_/C1                              0.750000    0.931145   -0.181145 (VIOLATED)
ANTENNA__08117__C1/DIODE                0.750000    0.931141   -0.181141 (VIOLATED)
fanout539/A                             0.750000    0.931079   -0.181079 (VIOLATED)
ANTENNA_fanout539_A/DIODE               0.750000    0.931077   -0.181077 (VIOLATED)
ANTENNA__07107__Y/DIODE                 0.750000    0.929383   -0.179383 (VIOLATED)
_07107_/Y                               0.750000    0.929378   -0.179378 (VIOLATED)
_09221_/A1                              0.750000    0.913073   -0.163073 (VIOLATED)
fanout537/A                             0.750000    0.913073   -0.163073 (VIOLATED)
ANTENNA_fanout537_A/DIODE               0.750000    0.913073   -0.163073 (VIOLATED)
ANTENNA__09221__A1/DIODE                0.750000    0.913072   -0.163072 (VIOLATED)
ANTENNA__07175__Y/DIODE                 0.750000    0.912936   -0.162936 (VIOLATED)
_07175_/Y                               0.750000    0.912913   -0.162913 (VIOLATED)
ANTENNA_wire739_A/DIODE                 0.750000    0.912220   -0.162220 (VIOLATED)
wire739/A                               0.750000    0.912220   -0.162220 (VIOLATED)
ANTENNA__06539__Y/DIODE                 0.750000    0.912217   -0.162217 (VIOLATED)
ANTENNA_fanout736_A/DIODE               0.750000    0.912217   -0.162217 (VIOLATED)
_06539_/Y                               0.750000    0.912217   -0.162217 (VIOLATED)
fanout736/A                             0.750000    0.912217   -0.162217 (VIOLATED)
_08117_/A2                              0.750000    0.850933   -0.100933 (VIOLATED)
_08116_/A2                              0.750000    0.850931   -0.100931 (VIOLATED)
ANTENNA__08116__A2/DIODE                0.750000    0.850931   -0.100931 (VIOLATED)
_08629_/A2                              0.750000    0.850926   -0.100926 (VIOLATED)
ANTENNA__08117__A2/DIODE                0.750000    0.850925   -0.100925 (VIOLATED)
_08118_/A2                              0.750000    0.850925   -0.100925 (VIOLATED)
ANTENNA__08629__A2/DIODE                0.750000    0.850915   -0.100915 (VIOLATED)
ANTENNA__08118__A2/DIODE                0.750000    0.850915   -0.100915 (VIOLATED)
_10423_/A                               0.750000    0.850838   -0.100838 (VIOLATED)
ANTENNA__10423__A/DIODE                 0.750000    0.850837   -0.100837 (VIOLATED)
ANTENNA__08114__Y/DIODE                 0.750000    0.850501   -0.100501 (VIOLATED)
_08114_/Y                               0.750000    0.850498   -0.100499 (VIOLATED)
_11178_/B                               0.750000    0.848274   -0.098274 (VIOLATED)
ANTENNA__11178__B/DIODE                 0.750000    0.848273   -0.098273 (VIOLATED)
ANTENNA__11175__Y/DIODE                 0.750000    0.848264   -0.098264 (VIOLATED)
_11175_/Y                               0.750000    0.848264   -0.098264 (VIOLATED)
ANTENNA_fanout206_A/DIODE               0.750000    0.834726   -0.084726 (VIOLATED)
fanout206/A                             0.750000    0.834725   -0.084725 (VIOLATED)
ANTENNA__11272__Y/DIODE                 0.750000    0.834678   -0.084678 (VIOLATED)
_11272_/Y                               0.750000    0.834674   -0.084674 (VIOLATED)
fanout784/A                             0.750000    0.834304   -0.084304 (VIOLATED)
ANTENNA_fanout784_A/DIODE               0.750000    0.834302   -0.084302 (VIOLATED)
ANTENNA__06468__Y/DIODE                 0.750000    0.833077   -0.083077 (VIOLATED)
ANTENNA_fanout782_A/DIODE               0.750000    0.833059   -0.083059 (VIOLATED)
fanout782/A                             0.750000    0.833057   -0.083057 (VIOLATED)
_06468_/Y                               0.750000    0.833046   -0.083046 (VIOLATED)
ANTENNA_fanout399_A/DIODE               0.750000    0.832365   -0.082365 (VIOLATED)
fanout399/A                             0.750000    0.832364   -0.082364 (VIOLATED)
ANTENNA_fanout397_A/DIODE               0.750000    0.832323   -0.082323 (VIOLATED)
fanout397/A                             0.750000    0.832322   -0.082322 (VIOLATED)
ANTENNA__12026__Y/DIODE                 0.750000    0.832316   -0.082316 (VIOLATED)
_12026_/Y                               0.750000    0.832314   -0.082314 (VIOLATED)
fanout437/A                             0.750000    0.804622   -0.054622 (VIOLATED)
ANTENNA_fanout437_A/DIODE               0.750000    0.804621   -0.054621 (VIOLATED)
fanout433/A                             0.750000    0.804495   -0.054495 (VIOLATED)
ANTENNA_fanout433_A/DIODE               0.750000    0.804494   -0.054494 (VIOLATED)
ANTENNA_fanout432_A/DIODE               0.750000    0.804358   -0.054358 (VIOLATED)
fanout432/A                             0.750000    0.804314   -0.054314 (VIOLATED)
ANTENNA_fanout431_A/DIODE               0.750000    0.804073   -0.054073 (VIOLATED)
fanout431/A                             0.750000    0.804068   -0.054068 (VIOLATED)
ANTENNA__11132__Y/DIODE                 0.750000    0.804061   -0.054061 (VIOLATED)
_11132_/Y                               0.750000    0.804058   -0.054058 (VIOLATED)
_08829_/B                               0.750000    0.794424   -0.044424 (VIOLATED)
_07554_/B                               0.750000    0.794420   -0.044420 (VIOLATED)
ANTENNA__08829__B/DIODE                 0.750000    0.794420   -0.044420 (VIOLATED)
ANTENNA__07554__B/DIODE                 0.750000    0.794417   -0.044417 (VIOLATED)
_07590_/A                               0.750000    0.794361   -0.044362 (VIOLATED)
ANTENNA__07590__A/DIODE                 0.750000    0.794361   -0.044361 (VIOLATED)
ANTENNA__07564__A/DIODE                 0.750000    0.794343   -0.044343 (VIOLATED)
_07564_/A                               0.750000    0.794341   -0.044341 (VIOLATED)
ANTENNA__07553__Y/DIODE                 0.750000    0.794200   -0.044200 (VIOLATED)
_07553_/Y                               0.750000    0.794195   -0.044195 (VIOLATED)
_09428_/A1                              0.750000    0.789456   -0.039456 (VIOLATED)
ANTENNA__09428__A1/DIODE                0.750000    0.789456   -0.039456 (VIOLATED)
ANTENNA__09415__Y/DIODE                 0.750000    0.789389   -0.039389 (VIOLATED)
_09415_/Y                               0.750000    0.789389   -0.039389 (VIOLATED)
_07751_/A                               0.750000    0.762141   -0.012141 (VIOLATED)
_07752_/C1                              0.750000    0.762139   -0.012139 (VIOLATED)
ANTENNA__07751__A/DIODE                 0.750000    0.762139   -0.012139 (VIOLATED)
ANTENNA__07752__C1/DIODE                0.750000    0.762138   -0.012138 (VIOLATED)
ANTENNA__07750__C1/DIODE                0.750000    0.762138   -0.012138 (VIOLATED)
_07750_/C1                              0.750000    0.762128   -0.012128 (VIOLATED)
ANTENNA__09417__A3/DIODE                0.750000    0.762116   -0.012116 (VIOLATED)
_09292_/A0                              0.750000    0.762108   -0.012108 (VIOLATED)
ANTENNA__09292__A0/DIODE                0.750000    0.762107   -0.012107 (VIOLATED)
_09726_/A1                              0.750000    0.762106   -0.012106 (VIOLATED)
_09570_/A0                              0.750000    0.762103   -0.012103 (VIOLATED)
ANTENNA__09570__A0/DIODE                0.750000    0.762101   -0.012101 (VIOLATED)
ANTENNA__09726__A1/DIODE                0.750000    0.762098   -0.012098 (VIOLATED)
_09417_/A3                              0.750000    0.762098   -0.012098 (VIOLATED)
_09291_/A0                              0.750000    0.762088   -0.012088 (VIOLATED)
ANTENNA__09291__A0/DIODE                0.750000    0.762084   -0.012084 (VIOLATED)
ANTENNA__06675__Y/DIODE                 0.750000    0.761462   -0.011462 (VIOLATED)
_06675_/Y                               0.750000    0.761450   -0.011450 (VIOLATED)
_09183_/B1                              0.750000    0.760601   -0.010601 (VIOLATED)
ANTENNA__09338__B1/DIODE                0.750000    0.760600   -0.010600 (VIOLATED)
ANTENNA__09160__B1/DIODE                0.750000    0.760599   -0.010599 (VIOLATED)
_09160_/B1                              0.750000    0.760599   -0.010599 (VIOLATED)
ANTENNA__09183__B1/DIODE                0.750000    0.760599   -0.010599 (VIOLATED)
_09338_/B1                              0.750000    0.760597   -0.010597 (VIOLATED)
_08689_/B1                              0.750000    0.760316   -0.010316 (VIOLATED)
ANTENNA__08689__B1/DIODE                0.750000    0.760315   -0.010315 (VIOLATED)
ANTENNA__08572__Y/DIODE                 0.750000    0.760252   -0.010253 (VIOLATED)
_08572_/Y                               0.750000    0.760244   -0.010244 (VIOLATED)
ANTENNA_fanout756_A/DIODE               0.750000    0.756025   -0.006025 (VIOLATED)
fanout756/A                             0.750000    0.756023   -0.006023 (VIOLATED)
ANTENNA__06476__Y/DIODE                 0.750000    0.755640   -0.005640 (VIOLATED)
ANTENNA_fanout752_A/DIODE               0.750000    0.755580   -0.005580 (VIOLATED)
fanout752/A                             0.750000    0.755548   -0.005548 (VIOLATED)
_06476_/Y                               0.750000    0.755543   -0.005543 (VIOLATED)
_09288_/C1                              0.750000    0.751538   -0.001538 (VIOLATED)
_09417_/A0                              0.750000    0.751536   -0.001536 (VIOLATED)
ANTENNA__09288__C1/DIODE                0.750000    0.751535   -0.001535 (VIOLATED)
ANTENNA__09417__A0/DIODE                0.750000    0.751533   -0.001533 (VIOLATED)
_08656_/A1                              0.750000    0.751513   -0.001513 (VIOLATED)
ANTENNA__08656__A1/DIODE                0.750000    0.751511   -0.001511 (VIOLATED)
_07622_/C1                              0.750000    0.751493   -0.001493 (VIOLATED)
_07624_/C1                              0.750000    0.751488   -0.001488 (VIOLATED)
ANTENNA__07622__C1/DIODE                0.750000    0.751487   -0.001487 (VIOLATED)
ANTENNA__07624__C1/DIODE                0.750000    0.751486   -0.001486 (VIOLATED)
ANTENNA__06589__A/DIODE                 0.750000    0.751479   -0.001479 (VIOLATED)
_06589_/A                               0.750000    0.751478   -0.001478 (VIOLATED)
ANTENNA__06584__Y/DIODE                 0.750000    0.751455   -0.001455 (VIOLATED)
_06584_/Y                               0.750000    0.751449   -0.001449 (VIOLATED)

max fanout

Pin                                   Limit Fanout  Slack
---------------------------------------------------------
clkbuf_leaf_14_clk/X                     10     53    -43 (VIOLATED)
clkbuf_leaf_15_clk/X                     10     53    -43 (VIOLATED)
clkbuf_leaf_17_clk/X                     10     53    -43 (VIOLATED)
clkbuf_leaf_18_clk/X                     10     53    -43 (VIOLATED)
clkbuf_leaf_34_clk/X                     10     53    -43 (VIOLATED)
clkbuf_leaf_36_clk/X                     10     53    -43 (VIOLATED)
clkbuf_leaf_49_clk/X                     10     53    -43 (VIOLATED)
clkbuf_leaf_0_clk/X                      10     51    -41 (VIOLATED)
clkbuf_leaf_10_clk/X                     10     51    -41 (VIOLATED)
clkbuf_leaf_11_clk/X                     10     51    -41 (VIOLATED)
clkbuf_leaf_13_clk/X                     10     51    -41 (VIOLATED)
clkbuf_leaf_19_clk/X                     10     51    -41 (VIOLATED)
clkbuf_leaf_1_clk/X                      10     51    -41 (VIOLATED)
clkbuf_leaf_2_clk/X                      10     51    -41 (VIOLATED)
clkbuf_leaf_33_clk/X                     10     51    -41 (VIOLATED)
clkbuf_leaf_35_clk/X                     10     51    -41 (VIOLATED)
clkbuf_leaf_39_clk/X                     10     51    -41 (VIOLATED)
clkbuf_leaf_3_clk/X                      10     51    -41 (VIOLATED)
clkbuf_leaf_40_clk/X                     10     51    -41 (VIOLATED)
clkbuf_leaf_44_clk/X                     10     51    -41 (VIOLATED)
clkbuf_leaf_45_clk/X                     10     51    -41 (VIOLATED)
clkbuf_leaf_47_clk/X                     10     51    -41 (VIOLATED)
clkbuf_leaf_4_clk/X                      10     51    -41 (VIOLATED)
clkbuf_leaf_50_clk/X                     10     51    -41 (VIOLATED)
clkbuf_leaf_52_clk/X                     10     51    -41 (VIOLATED)
clkbuf_leaf_54_clk/X                     10     51    -41 (VIOLATED)
clkbuf_leaf_58_clk/X                     10     51    -41 (VIOLATED)
clkbuf_leaf_59_clk/X                     10     51    -41 (VIOLATED)
clkbuf_leaf_60_clk/X                     10     51    -41 (VIOLATED)
clkbuf_leaf_61_clk/X                     10     51    -41 (VIOLATED)
clkbuf_leaf_62_clk/X                     10     51    -41 (VIOLATED)
clkbuf_leaf_65_clk/X                     10     51    -41 (VIOLATED)
clkbuf_leaf_6_clk/X                      10     51    -41 (VIOLATED)
clkbuf_leaf_16_clk/X                     10     49    -39 (VIOLATED)
clkbuf_leaf_38_clk/X                     10     49    -39 (VIOLATED)
clkbuf_leaf_51_clk/X                     10     49    -39 (VIOLATED)
clkbuf_leaf_53_clk/X                     10     49    -39 (VIOLATED)
clkbuf_leaf_8_clk/X                      10     49    -39 (VIOLATED)
clkbuf_leaf_42_clk/X                     10     47    -37 (VIOLATED)
clkbuf_leaf_20_clk/X                     10     45    -35 (VIOLATED)
clkbuf_leaf_63_clk/X                     10     45    -35 (VIOLATED)
clkbuf_leaf_46_clk/X                     10     43    -33 (VIOLATED)
clkbuf_leaf_48_clk/X                     10     43    -33 (VIOLATED)
clkbuf_leaf_56_clk/X                     10     43    -33 (VIOLATED)
clkbuf_leaf_7_clk/X                      10     43    -33 (VIOLATED)
clkbuf_leaf_9_clk/X                      10     43    -33 (VIOLATED)
clkbuf_leaf_5_clk/X                      10     41    -31 (VIOLATED)
clkbuf_leaf_29_clk/X                     10     39    -29 (VIOLATED)
clkbuf_leaf_41_clk/X                     10     39    -29 (VIOLATED)
clkbuf_leaf_43_clk/X                     10     39    -29 (VIOLATED)
clkbuf_leaf_25_clk/X                     10     37    -27 (VIOLATED)
clkbuf_leaf_21_clk/X                     10     35    -25 (VIOLATED)
clkbuf_leaf_37_clk/X                     10     35    -25 (VIOLATED)
clkbuf_leaf_57_clk/X                     10     33    -23 (VIOLATED)
clkbuf_leaf_24_clk/X                     10     31    -21 (VIOLATED)
clkbuf_leaf_22_clk/X                     10     27    -17 (VIOLATED)
fanout402/X                              10     22    -12 (VIOLATED)
_06870_/X                                10     21    -11 (VIOLATED)
_09123_/Y                                10     21    -11 (VIOLATED)
_09127_/X                                10     21    -11 (VIOLATED)
_09168_/Y                                10     21    -11 (VIOLATED)
_09422_/Y                                10     21    -11 (VIOLATED)
clkbuf_3_0_0_clk/X                       10     21    -11 (VIOLATED)
clkbuf_3_1_0_clk/X                       10     21    -11 (VIOLATED)
clkbuf_3_2_0_clk/X                       10     21    -11 (VIOLATED)
clkbuf_3_3_0_clk/X                       10     21    -11 (VIOLATED)
clkbuf_3_5_0_clk/X                       10     21    -11 (VIOLATED)
fanout1000/X                             10     21    -11 (VIOLATED)
fanout1001/X                             10     21    -11 (VIOLATED)
fanout1002/X                             10     21    -11 (VIOLATED)
fanout1003/X                             10     21    -11 (VIOLATED)
fanout1005/X                             10     21    -11 (VIOLATED)
fanout1006/X                             10     21    -11 (VIOLATED)
fanout1008/X                             10     21    -11 (VIOLATED)
fanout1011/X                             10     21    -11 (VIOLATED)
fanout1013/X                             10     21    -11 (VIOLATED)
fanout1018/X                             10     21    -11 (VIOLATED)
fanout1023/X                             10     21    -11 (VIOLATED)
fanout1024/X                             10     21    -11 (VIOLATED)
fanout1025/X                             10     21    -11 (VIOLATED)
fanout1029/X                             10     21    -11 (VIOLATED)
fanout1030/X                             10     21    -11 (VIOLATED)
fanout1032/X                             10     21    -11 (VIOLATED)
fanout1033/X                             10     21    -11 (VIOLATED)
fanout1037/X                             10     21    -11 (VIOLATED)
fanout1042/X                             10     21    -11 (VIOLATED)
fanout1049/X                             10     21    -11 (VIOLATED)
fanout1050/X                             10     21    -11 (VIOLATED)
fanout1052/X                             10     21    -11 (VIOLATED)
fanout1053/X                             10     21    -11 (VIOLATED)
fanout1055/X                             10     21    -11 (VIOLATED)
fanout1057/X                             10     21    -11 (VIOLATED)
fanout1059/X                             10     21    -11 (VIOLATED)
fanout1068/X                             10     21    -11 (VIOLATED)
fanout1090/X                             10     21    -11 (VIOLATED)
fanout1145/X                             10     21    -11 (VIOLATED)
fanout1153/X                             10     21    -11 (VIOLATED)
fanout1154/X                             10     21    -11 (VIOLATED)
fanout1161/X                             10     21    -11 (VIOLATED)
fanout1165/X                             10     21    -11 (VIOLATED)
fanout1195/X                             10     21    -11 (VIOLATED)
fanout1234/X                             10     21    -11 (VIOLATED)
fanout176/X                              10     21    -11 (VIOLATED)
fanout188/X                              10     21    -11 (VIOLATED)
fanout195/X                              10     21    -11 (VIOLATED)
fanout196/X                              10     21    -11 (VIOLATED)
fanout197/X                              10     21    -11 (VIOLATED)
fanout198/X                              10     21    -11 (VIOLATED)
fanout207/X                              10     21    -11 (VIOLATED)
fanout208/X                              10     21    -11 (VIOLATED)
fanout209/X                              10     21    -11 (VIOLATED)
fanout212/X                              10     21    -11 (VIOLATED)
fanout215/X                              10     21    -11 (VIOLATED)
fanout220/X                              10     21    -11 (VIOLATED)
fanout221/X                              10     21    -11 (VIOLATED)
fanout224/X                              10     21    -11 (VIOLATED)
fanout227/X                              10     21    -11 (VIOLATED)
fanout228/X                              10     21    -11 (VIOLATED)
fanout231/X                              10     21    -11 (VIOLATED)
fanout233/X                              10     21    -11 (VIOLATED)
fanout235/X                              10     21    -11 (VIOLATED)
fanout240/X                              10     21    -11 (VIOLATED)
fanout242/X                              10     21    -11 (VIOLATED)
fanout244/X                              10     21    -11 (VIOLATED)
fanout245/X                              10     21    -11 (VIOLATED)
fanout246/X                              10     21    -11 (VIOLATED)
fanout248/X                              10     21    -11 (VIOLATED)
fanout250/X                              10     21    -11 (VIOLATED)
fanout251/X                              10     21    -11 (VIOLATED)
fanout252/X                              10     21    -11 (VIOLATED)
fanout253/X                              10     21    -11 (VIOLATED)
fanout254/X                              10     21    -11 (VIOLATED)
fanout255/X                              10     21    -11 (VIOLATED)
fanout258/X                              10     21    -11 (VIOLATED)
fanout261/X                              10     21    -11 (VIOLATED)
fanout263/X                              10     21    -11 (VIOLATED)
fanout264/X                              10     21    -11 (VIOLATED)
fanout265/X                              10     21    -11 (VIOLATED)
fanout266/X                              10     21    -11 (VIOLATED)
fanout268/X                              10     21    -11 (VIOLATED)
fanout270/X                              10     21    -11 (VIOLATED)
fanout272/X                              10     21    -11 (VIOLATED)
fanout274/X                              10     21    -11 (VIOLATED)
fanout276/X                              10     21    -11 (VIOLATED)
fanout280/X                              10     21    -11 (VIOLATED)
fanout282/X                              10     21    -11 (VIOLATED)
fanout283/X                              10     21    -11 (VIOLATED)
fanout285/X                              10     21    -11 (VIOLATED)
fanout288/X                              10     21    -11 (VIOLATED)
fanout291/X                              10     21    -11 (VIOLATED)
fanout292/X                              10     21    -11 (VIOLATED)
fanout294/X                              10     21    -11 (VIOLATED)
fanout296/X                              10     21    -11 (VIOLATED)
fanout298/X                              10     21    -11 (VIOLATED)
fanout300/X                              10     21    -11 (VIOLATED)
fanout302/X                              10     21    -11 (VIOLATED)
fanout304/X                              10     21    -11 (VIOLATED)
fanout306/X                              10     21    -11 (VIOLATED)
fanout308/X                              10     21    -11 (VIOLATED)
fanout310/X                              10     21    -11 (VIOLATED)
fanout312/X                              10     21    -11 (VIOLATED)
fanout314/X                              10     21    -11 (VIOLATED)
fanout316/X                              10     21    -11 (VIOLATED)
fanout318/X                              10     21    -11 (VIOLATED)
fanout319/X                              10     21    -11 (VIOLATED)
fanout320/X                              10     21    -11 (VIOLATED)
fanout321/X                              10     21    -11 (VIOLATED)
fanout322/X                              10     21    -11 (VIOLATED)
fanout324/X                              10     21    -11 (VIOLATED)
fanout326/X                              10     21    -11 (VIOLATED)
fanout328/X                              10     21    -11 (VIOLATED)
fanout330/X                              10     21    -11 (VIOLATED)
fanout332/X                              10     21    -11 (VIOLATED)
fanout334/X                              10     21    -11 (VIOLATED)
fanout336/X                              10     21    -11 (VIOLATED)
fanout338/X                              10     21    -11 (VIOLATED)
fanout339/X                              10     21    -11 (VIOLATED)
fanout340/X                              10     21    -11 (VIOLATED)
fanout342/X                              10     21    -11 (VIOLATED)
fanout343/X                              10     21    -11 (VIOLATED)
fanout344/X                              10     21    -11 (VIOLATED)
fanout346/X                              10     21    -11 (VIOLATED)
fanout348/X                              10     21    -11 (VIOLATED)
fanout349/X                              10     21    -11 (VIOLATED)
fanout351/X                              10     21    -11 (VIOLATED)
fanout353/X                              10     21    -11 (VIOLATED)
fanout354/X                              10     21    -11 (VIOLATED)
fanout355/X                              10     21    -11 (VIOLATED)
fanout357/X                              10     21    -11 (VIOLATED)
fanout360/X                              10     21    -11 (VIOLATED)
fanout361/X                              10     21    -11 (VIOLATED)
fanout362/X                              10     21    -11 (VIOLATED)
fanout364/X                              10     21    -11 (VIOLATED)
fanout366/X                              10     21    -11 (VIOLATED)
fanout368/X                              10     21    -11 (VIOLATED)
fanout370/X                              10     21    -11 (VIOLATED)
fanout372/X                              10     21    -11 (VIOLATED)
fanout374/X                              10     21    -11 (VIOLATED)
fanout376/X                              10     21    -11 (VIOLATED)
fanout378/X                              10     21    -11 (VIOLATED)
fanout380/X                              10     21    -11 (VIOLATED)
fanout382/X                              10     21    -11 (VIOLATED)
fanout384/X                              10     21    -11 (VIOLATED)
fanout386/X                              10     21    -11 (VIOLATED)
fanout388/X                              10     21    -11 (VIOLATED)
fanout390/X                              10     21    -11 (VIOLATED)
fanout392/X                              10     21    -11 (VIOLATED)
fanout394/X                              10     21    -11 (VIOLATED)
fanout396/X                              10     21    -11 (VIOLATED)
fanout398/X                              10     21    -11 (VIOLATED)
fanout400/X                              10     21    -11 (VIOLATED)
fanout404/X                              10     21    -11 (VIOLATED)
fanout406/X                              10     21    -11 (VIOLATED)
fanout408/X                              10     21    -11 (VIOLATED)
fanout410/X                              10     21    -11 (VIOLATED)
fanout412/X                              10     21    -11 (VIOLATED)
fanout414/X                              10     21    -11 (VIOLATED)
fanout416/X                              10     21    -11 (VIOLATED)
fanout418/X                              10     21    -11 (VIOLATED)
fanout420/X                              10     21    -11 (VIOLATED)
fanout421/X                              10     21    -11 (VIOLATED)
fanout423/X                              10     21    -11 (VIOLATED)
fanout425/X                              10     21    -11 (VIOLATED)
fanout427/X                              10     21    -11 (VIOLATED)
fanout428/X                              10     21    -11 (VIOLATED)
fanout429/X                              10     21    -11 (VIOLATED)
fanout430/X                              10     21    -11 (VIOLATED)
fanout432/X                              10     21    -11 (VIOLATED)
fanout434/X                              10     21    -11 (VIOLATED)
fanout435/X                              10     21    -11 (VIOLATED)
fanout436/X                              10     21    -11 (VIOLATED)
fanout438/X                              10     21    -11 (VIOLATED)
fanout440/X                              10     21    -11 (VIOLATED)
fanout441/X                              10     21    -11 (VIOLATED)
fanout442/X                              10     21    -11 (VIOLATED)
fanout445/X                              10     21    -11 (VIOLATED)
fanout446/X                              10     21    -11 (VIOLATED)
fanout447/X                              10     21    -11 (VIOLATED)
fanout448/X                              10     21    -11 (VIOLATED)
fanout450/X                              10     21    -11 (VIOLATED)
fanout453/X                              10     21    -11 (VIOLATED)
fanout459/X                              10     21    -11 (VIOLATED)
fanout469/X                              10     21    -11 (VIOLATED)
fanout470/X                              10     21    -11 (VIOLATED)
fanout476/X                              10     21    -11 (VIOLATED)
fanout477/X                              10     21    -11 (VIOLATED)
fanout494/X                              10     21    -11 (VIOLATED)
fanout495/X                              10     21    -11 (VIOLATED)
fanout496/X                              10     21    -11 (VIOLATED)
fanout497/X                              10     21    -11 (VIOLATED)
fanout498/X                              10     21    -11 (VIOLATED)
fanout500/X                              10     21    -11 (VIOLATED)
fanout501/X                              10     21    -11 (VIOLATED)
fanout502/X                              10     21    -11 (VIOLATED)
fanout503/X                              10     21    -11 (VIOLATED)
fanout505/X                              10     21    -11 (VIOLATED)
fanout506/X                              10     21    -11 (VIOLATED)
fanout508/X                              10     21    -11 (VIOLATED)
fanout510/X                              10     21    -11 (VIOLATED)
fanout512/X                              10     21    -11 (VIOLATED)
fanout514/X                              10     21    -11 (VIOLATED)
fanout517/X                              10     21    -11 (VIOLATED)
fanout518/X                              10     21    -11 (VIOLATED)
fanout519/X                              10     21    -11 (VIOLATED)
fanout521/X                              10     21    -11 (VIOLATED)
fanout523/X                              10     21    -11 (VIOLATED)
fanout527/X                              10     21    -11 (VIOLATED)
fanout535/X                              10     21    -11 (VIOLATED)
fanout537/X                              10     21    -11 (VIOLATED)
fanout538/X                              10     21    -11 (VIOLATED)
fanout539/X                              10     21    -11 (VIOLATED)
fanout540/X                              10     21    -11 (VIOLATED)
fanout542/X                              10     21    -11 (VIOLATED)
fanout544/X                              10     21    -11 (VIOLATED)
fanout545/X                              10     21    -11 (VIOLATED)
fanout546/X                              10     21    -11 (VIOLATED)
fanout548/X                              10     21    -11 (VIOLATED)
fanout549/X                              10     21    -11 (VIOLATED)
fanout550/X                              10     21    -11 (VIOLATED)
fanout551/X                              10     21    -11 (VIOLATED)
fanout552/X                              10     21    -11 (VIOLATED)
fanout553/X                              10     21    -11 (VIOLATED)
fanout555/X                              10     21    -11 (VIOLATED)
fanout563/X                              10     21    -11 (VIOLATED)
fanout564/X                              10     21    -11 (VIOLATED)
fanout566/X                              10     21    -11 (VIOLATED)
fanout568/X                              10     21    -11 (VIOLATED)
fanout569/X                              10     21    -11 (VIOLATED)
fanout572/X                              10     21    -11 (VIOLATED)
fanout574/X                              10     21    -11 (VIOLATED)
fanout577/X                              10     21    -11 (VIOLATED)
fanout578/X                              10     21    -11 (VIOLATED)
fanout579/X                              10     21    -11 (VIOLATED)
fanout582/X                              10     21    -11 (VIOLATED)
fanout585/X                              10     21    -11 (VIOLATED)
fanout586/X                              10     21    -11 (VIOLATED)
fanout588/X                              10     21    -11 (VIOLATED)
fanout589/X                              10     21    -11 (VIOLATED)
fanout592/X                              10     21    -11 (VIOLATED)
fanout594/X                              10     21    -11 (VIOLATED)
fanout599/X                              10     21    -11 (VIOLATED)
fanout613/X                              10     21    -11 (VIOLATED)
fanout621/X                              10     21    -11 (VIOLATED)
fanout622/X                              10     21    -11 (VIOLATED)
fanout625/X                              10     21    -11 (VIOLATED)
fanout626/X                              10     21    -11 (VIOLATED)
fanout628/X                              10     21    -11 (VIOLATED)
fanout630/X                              10     21    -11 (VIOLATED)
fanout631/X                              10     21    -11 (VIOLATED)
fanout632/X                              10     21    -11 (VIOLATED)
fanout634/X                              10     21    -11 (VIOLATED)
fanout635/X                              10     21    -11 (VIOLATED)
fanout636/X                              10     21    -11 (VIOLATED)
fanout638/X                              10     21    -11 (VIOLATED)
fanout640/X                              10     21    -11 (VIOLATED)
fanout641/X                              10     21    -11 (VIOLATED)
fanout643/X                              10     21    -11 (VIOLATED)
fanout644/X                              10     21    -11 (VIOLATED)
fanout646/X                              10     21    -11 (VIOLATED)
fanout648/X                              10     21    -11 (VIOLATED)
fanout649/X                              10     21    -11 (VIOLATED)
fanout651/X                              10     21    -11 (VIOLATED)
fanout652/X                              10     21    -11 (VIOLATED)
fanout656/X                              10     21    -11 (VIOLATED)
fanout658/X                              10     21    -11 (VIOLATED)
fanout659/X                              10     21    -11 (VIOLATED)
fanout660/X                              10     21    -11 (VIOLATED)
fanout662/X                              10     21    -11 (VIOLATED)
fanout665/X                              10     21    -11 (VIOLATED)
fanout667/X                              10     21    -11 (VIOLATED)
fanout668/X                              10     21    -11 (VIOLATED)
fanout669/X                              10     21    -11 (VIOLATED)
fanout674/X                              10     21    -11 (VIOLATED)
fanout675/X                              10     21    -11 (VIOLATED)
fanout676/X                              10     21    -11 (VIOLATED)
fanout677/X                              10     21    -11 (VIOLATED)
fanout679/X                              10     21    -11 (VIOLATED)
fanout680/X                              10     21    -11 (VIOLATED)
fanout682/X                              10     21    -11 (VIOLATED)
fanout684/X                              10     21    -11 (VIOLATED)
fanout686/X                              10     21    -11 (VIOLATED)
fanout687/X                              10     21    -11 (VIOLATED)
fanout691/X                              10     21    -11 (VIOLATED)
fanout693/X                              10     21    -11 (VIOLATED)
fanout696/X                              10     21    -11 (VIOLATED)
fanout697/X                              10     21    -11 (VIOLATED)
fanout698/X                              10     21    -11 (VIOLATED)
fanout699/X                              10     21    -11 (VIOLATED)
fanout702/X                              10     21    -11 (VIOLATED)
fanout703/X                              10     21    -11 (VIOLATED)
fanout704/X                              10     21    -11 (VIOLATED)
fanout707/X                              10     21    -11 (VIOLATED)
fanout709/X                              10     21    -11 (VIOLATED)
fanout710/X                              10     21    -11 (VIOLATED)
fanout711/X                              10     21    -11 (VIOLATED)
fanout716/X                              10     21    -11 (VIOLATED)
fanout719/X                              10     21    -11 (VIOLATED)
fanout722/X                              10     21    -11 (VIOLATED)
fanout723/X                              10     21    -11 (VIOLATED)
fanout725/X                              10     21    -11 (VIOLATED)
fanout727/X                              10     21    -11 (VIOLATED)
fanout728/X                              10     21    -11 (VIOLATED)
fanout729/X                              10     21    -11 (VIOLATED)
fanout731/X                              10     21    -11 (VIOLATED)
fanout732/X                              10     21    -11 (VIOLATED)
fanout733/X                              10     21    -11 (VIOLATED)
fanout736/X                              10     21    -11 (VIOLATED)
fanout738/X                              10     21    -11 (VIOLATED)
fanout744/X                              10     21    -11 (VIOLATED)
fanout745/X                              10     21    -11 (VIOLATED)
fanout747/X                              10     21    -11 (VIOLATED)
fanout749/X                              10     21    -11 (VIOLATED)
fanout752/X                              10     21    -11 (VIOLATED)
fanout753/X                              10     21    -11 (VIOLATED)
fanout756/X                              10     21    -11 (VIOLATED)
fanout757/X                              10     21    -11 (VIOLATED)
fanout761/X                              10     21    -11 (VIOLATED)
fanout762/X                              10     21    -11 (VIOLATED)
fanout764/X                              10     21    -11 (VIOLATED)
fanout765/X                              10     21    -11 (VIOLATED)
fanout767/X                              10     21    -11 (VIOLATED)
fanout768/X                              10     21    -11 (VIOLATED)
fanout769/X                              10     21    -11 (VIOLATED)
fanout770/X                              10     21    -11 (VIOLATED)
fanout772/X                              10     21    -11 (VIOLATED)
fanout773/X                              10     21    -11 (VIOLATED)
fanout774/X                              10     21    -11 (VIOLATED)
fanout775/X                              10     21    -11 (VIOLATED)
fanout776/X                              10     21    -11 (VIOLATED)
fanout780/X                              10     21    -11 (VIOLATED)
fanout783/X                              10     21    -11 (VIOLATED)
fanout785/X                              10     21    -11 (VIOLATED)
fanout787/X                              10     21    -11 (VIOLATED)
fanout789/X                              10     21    -11 (VIOLATED)
fanout790/X                              10     21    -11 (VIOLATED)
fanout791/X                              10     21    -11 (VIOLATED)
fanout792/X                              10     21    -11 (VIOLATED)
fanout793/X                              10     21    -11 (VIOLATED)
fanout796/X                              10     21    -11 (VIOLATED)
fanout801/X                              10     21    -11 (VIOLATED)
fanout805/X                              10     21    -11 (VIOLATED)
fanout817/X                              10     21    -11 (VIOLATED)
fanout821/X                              10     21    -11 (VIOLATED)
fanout823/X                              10     21    -11 (VIOLATED)
fanout825/X                              10     21    -11 (VIOLATED)
fanout835/X                              10     21    -11 (VIOLATED)
fanout839/X                              10     21    -11 (VIOLATED)
fanout851/X                              10     21    -11 (VIOLATED)
fanout855/X                              10     21    -11 (VIOLATED)
fanout862/X                              10     21    -11 (VIOLATED)
fanout864/X                              10     21    -11 (VIOLATED)
fanout867/X                              10     21    -11 (VIOLATED)
fanout874/X                              10     21    -11 (VIOLATED)
fanout877/X                              10     21    -11 (VIOLATED)
fanout881/X                              10     21    -11 (VIOLATED)
fanout882/X                              10     21    -11 (VIOLATED)
fanout884/X                              10     21    -11 (VIOLATED)
fanout885/X                              10     21    -11 (VIOLATED)
fanout892/X                              10     21    -11 (VIOLATED)
fanout898/X                              10     21    -11 (VIOLATED)
fanout902/X                              10     21    -11 (VIOLATED)
fanout906/X                              10     21    -11 (VIOLATED)
fanout912/X                              10     21    -11 (VIOLATED)
fanout913/X                              10     21    -11 (VIOLATED)
fanout915/X                              10     21    -11 (VIOLATED)
fanout919/X                              10     21    -11 (VIOLATED)
fanout931/X                              10     21    -11 (VIOLATED)
fanout935/X                              10     21    -11 (VIOLATED)
fanout937/X                              10     21    -11 (VIOLATED)
fanout942/X                              10     21    -11 (VIOLATED)
fanout944/X                              10     21    -11 (VIOLATED)
fanout950/X                              10     21    -11 (VIOLATED)
fanout955/X                              10     21    -11 (VIOLATED)
fanout956/X                              10     21    -11 (VIOLATED)
fanout958/X                              10     21    -11 (VIOLATED)
fanout960/X                              10     21    -11 (VIOLATED)
fanout961/X                              10     21    -11 (VIOLATED)
fanout962/X                              10     21    -11 (VIOLATED)
fanout964/X                              10     21    -11 (VIOLATED)
fanout966/X                              10     21    -11 (VIOLATED)
fanout970/X                              10     21    -11 (VIOLATED)
fanout973/X                              10     21    -11 (VIOLATED)
fanout983/X                              10     21    -11 (VIOLATED)
fanout984/X                              10     21    -11 (VIOLATED)
fanout988/X                              10     21    -11 (VIOLATED)
fanout997/X                              10     21    -11 (VIOLATED)
fanout998/X                              10     21    -11 (VIOLATED)
wire541/X                                10     21    -11 (VIOLATED)
_06706_/Y                                10     19     -9 (VIOLATED)
_07374_/Y                                10     19     -9 (VIOLATED)
_08599_/X                                10     19     -9 (VIOLATED)
_09303_/Y                                10     19     -9 (VIOLATED)
_10072_/X                                10     19     -9 (VIOLATED)
_10190_/Y                                10     19     -9 (VIOLATED)
clkbuf_3_4_0_clk/X                       10     19     -9 (VIOLATED)
clkbuf_leaf_28_clk/X                     10     19     -9 (VIOLATED)
clkbuf_leaf_55_clk/X                     10     19     -9 (VIOLATED)
fanout1060/X                             10     19     -9 (VIOLATED)
fanout187/X                              10     19     -9 (VIOLATED)
fanout206/X                              10     19     -9 (VIOLATED)
fanout213/X                              10     19     -9 (VIOLATED)
fanout217/X                              10     19     -9 (VIOLATED)
fanout219/X                              10     19     -9 (VIOLATED)
fanout257/X                              10     19     -9 (VIOLATED)
fanout269/X                              10     19     -9 (VIOLATED)
fanout273/X                              10     19     -9 (VIOLATED)
fanout281/X                              10     19     -9 (VIOLATED)
fanout290/X                              10     19     -9 (VIOLATED)
fanout331/X                              10     19     -9 (VIOLATED)
fanout335/X                              10     19     -9 (VIOLATED)
fanout365/X                              10     19     -9 (VIOLATED)
fanout409/X                              10     19     -9 (VIOLATED)
fanout413/X                              10     19     -9 (VIOLATED)
fanout417/X                              10     19     -9 (VIOLATED)
fanout443/X                              10     19     -9 (VIOLATED)
fanout454/X                              10     19     -9 (VIOLATED)
fanout482/X                              10     19     -9 (VIOLATED)
fanout507/X                              10     19     -9 (VIOLATED)
fanout511/X                              10     19     -9 (VIOLATED)
fanout561/X                              10     19     -9 (VIOLATED)
fanout573/X                              10     19     -9 (VIOLATED)
fanout603/X                              10     19     -9 (VIOLATED)
fanout612/X                              10     19     -9 (VIOLATED)
fanout627/X                              10     19     -9 (VIOLATED)
fanout663/X                              10     19     -9 (VIOLATED)
fanout692/X                              10     19     -9 (VIOLATED)
fanout700/X                              10     19     -9 (VIOLATED)
fanout705/X                              10     19     -9 (VIOLATED)
fanout714/X                              10     19     -9 (VIOLATED)
fanout718/X                              10     19     -9 (VIOLATED)
fanout751/X                              10     19     -9 (VIOLATED)
fanout763/X                              10     19     -9 (VIOLATED)
fanout766/X                              10     19     -9 (VIOLATED)
fanout784/X                              10     19     -9 (VIOLATED)
fanout795/X                              10     19     -9 (VIOLATED)
fanout876/X                              10     19     -9 (VIOLATED)
fanout886/X                              10     19     -9 (VIOLATED)
fanout909/X                              10     19     -9 (VIOLATED)
fanout959/X                              10     19     -9 (VIOLATED)
clkbuf_leaf_64_clk/X                     10     18     -8 (VIOLATED)
_06675_/Y                                10     17     -7 (VIOLATED)
_06709_/X                                10     17     -7 (VIOLATED)
_06771_/X                                10     17     -7 (VIOLATED)
_08704_/Y                                10     17     -7 (VIOLATED)
_09153_/Y                                10     17     -7 (VIOLATED)
_09205_/X                                10     17     -7 (VIOLATED)
_09423_/X                                10     17     -7 (VIOLATED)
_10397_/X                                10     17     -7 (VIOLATED)
_10414_/X                                10     17     -7 (VIOLATED)
_11128_/Y                                10     17     -7 (VIOLATED)
clkbuf_0_clk/X                           10     17     -7 (VIOLATED)
fanout1007/X                             10     17     -7 (VIOLATED)
fanout1036/X                             10     17     -7 (VIOLATED)
fanout1127/X                             10     17     -7 (VIOLATED)
fanout1244/X                             10     17     -7 (VIOLATED)
fanout232/X                              10     17     -7 (VIOLATED)
fanout277/X                              10     17     -7 (VIOLATED)
fanout295/X                              10     17     -7 (VIOLATED)
fanout299/X                              10     17     -7 (VIOLATED)
fanout303/X                              10     17     -7 (VIOLATED)
fanout307/X                              10     17     -7 (VIOLATED)
fanout315/X                              10     17     -7 (VIOLATED)
fanout323/X                              10     17     -7 (VIOLATED)
fanout327/X                              10     17     -7 (VIOLATED)
fanout347/X                              10     17     -7 (VIOLATED)
fanout369/X                              10     17     -7 (VIOLATED)
fanout373/X                              10     17     -7 (VIOLATED)
fanout377/X                              10     17     -7 (VIOLATED)
fanout387/X                              10     17     -7 (VIOLATED)
fanout391/X                              10     17     -7 (VIOLATED)
fanout401/X                              10     17     -7 (VIOLATED)
fanout405/X                              10     17     -7 (VIOLATED)
fanout424/X                              10     17     -7 (VIOLATED)
fanout426/X                              10     17     -7 (VIOLATED)
fanout439/X                              10     17     -7 (VIOLATED)
fanout463/X                              10     17     -7 (VIOLATED)
fanout464/X                              10     17     -7 (VIOLATED)
fanout474/X                              10     17     -7 (VIOLATED)
fanout522/X                              10     17     -7 (VIOLATED)
fanout567/X                              10     17     -7 (VIOLATED)
fanout590/X                              10     17     -7 (VIOLATED)
fanout683/X                              10     17     -7 (VIOLATED)
fanout685/X                              10     17     -7 (VIOLATED)
fanout720/X                              10     17     -7 (VIOLATED)
fanout743/X                              10     17     -7 (VIOLATED)
fanout750/X                              10     17     -7 (VIOLATED)
fanout760/X                              10     17     -7 (VIOLATED)
fanout794/X                              10     17     -7 (VIOLATED)
fanout802/X                              10     17     -7 (VIOLATED)
fanout854/X                              10     17     -7 (VIOLATED)
fanout860/X                              10     17     -7 (VIOLATED)
fanout872/X                              10     17     -7 (VIOLATED)
fanout883/X                              10     17     -7 (VIOLATED)
fanout934/X                              10     17     -7 (VIOLATED)
_11990_/X                                10     16     -6 (VIOLATED)
_06556_/X                                10     15     -5 (VIOLATED)
_06615_/Y                                10     15     -5 (VIOLATED)
_06619_/X                                10     15     -5 (VIOLATED)
_06645_/Y                                10     15     -5 (VIOLATED)
_06648_/Y                                10     15     -5 (VIOLATED)
_06679_/X                                10     15     -5 (VIOLATED)
_06837_/Y                                10     15     -5 (VIOLATED)
_07110_/Y                                10     15     -5 (VIOLATED)
_07468_/Y                                10     15     -5 (VIOLATED)
_07594_/X                                10     15     -5 (VIOLATED)
_08666_/X                                10     15     -5 (VIOLATED)
_09178_/X                                10     15     -5 (VIOLATED)
_10164_/X                                10     15     -5 (VIOLATED)
_11323_/X                                10     15     -5 (VIOLATED)
_12870_/Q                                10     15     -5 (VIOLATED)
_12875_/Q                                10     15     -5 (VIOLATED)
_12879_/Q                                10     15     -5 (VIOLATED)
_12880_/Q                                10     15     -5 (VIOLATED)
_12882_/Q                                10     15     -5 (VIOLATED)
_12883_/Q                                10     15     -5 (VIOLATED)
_12884_/Q                                10     15     -5 (VIOLATED)
_12888_/Q                                10     15     -5 (VIOLATED)
_12889_/Q                                10     15     -5 (VIOLATED)
_12897_/Q                                10     15     -5 (VIOLATED)
_12972_/Q                                10     15     -5 (VIOLATED)
clkbuf_3_7_0_clk/X                       10     15     -5 (VIOLATED)
clkbuf_leaf_12_clk/X                     10     15     -5 (VIOLATED)
clkbuf_leaf_30_clk/X                     10     15     -5 (VIOLATED)
fanout1017/X                             10     15     -5 (VIOLATED)
fanout1035/X                             10     15     -5 (VIOLATED)
fanout1038/X                             10     15     -5 (VIOLATED)
fanout1056/X                             10     15     -5 (VIOLATED)
fanout1058/X                             10     15     -5 (VIOLATED)
fanout1069/X                             10     15     -5 (VIOLATED)
fanout1105/X                             10     15     -5 (VIOLATED)
fanout1162/X                             10     15     -5 (VIOLATED)
fanout1192/X                             10     15     -5 (VIOLATED)
fanout1196/X                             10     15     -5 (VIOLATED)
fanout223/X                              10     15     -5 (VIOLATED)
fanout249/X                              10     15     -5 (VIOLATED)
fanout293/X                              10     15     -5 (VIOLATED)
fanout311/X                              10     15     -5 (VIOLATED)
fanout352/X                              10     15     -5 (VIOLATED)
fanout358/X                              10     15     -5 (VIOLATED)
fanout381/X                              10     15     -5 (VIOLATED)
fanout393/X                              10     15     -5 (VIOLATED)
fanout395/X                              10     15     -5 (VIOLATED)
fanout397/X                              10     15     -5 (VIOLATED)
fanout399/X                              10     15     -5 (VIOLATED)
fanout433/X                              10     15     -5 (VIOLATED)
fanout437/X                              10     15     -5 (VIOLATED)
fanout449/X                              10     15     -5 (VIOLATED)
fanout490/X                              10     15     -5 (VIOLATED)
fanout504/X                              10     15     -5 (VIOLATED)
fanout593/X                              10     15     -5 (VIOLATED)
fanout620/X                              10     15     -5 (VIOLATED)
fanout645/X                              10     15     -5 (VIOLATED)
fanout650/X                              10     15     -5 (VIOLATED)
fanout670/X                              10     15     -5 (VIOLATED)
fanout672/X                              10     15     -5 (VIOLATED)
fanout678/X                              10     15     -5 (VIOLATED)
fanout681/X                              10     15     -5 (VIOLATED)
fanout694/X                              10     15     -5 (VIOLATED)
fanout701/X                              10     15     -5 (VIOLATED)
fanout706/X                              10     15     -5 (VIOLATED)
fanout713/X                              10     15     -5 (VIOLATED)
fanout724/X                              10     15     -5 (VIOLATED)
fanout726/X                              10     15     -5 (VIOLATED)
fanout730/X                              10     15     -5 (VIOLATED)
fanout755/X                              10     15     -5 (VIOLATED)
fanout777/X                              10     15     -5 (VIOLATED)
fanout786/X                              10     15     -5 (VIOLATED)
fanout824/X                              10     15     -5 (VIOLATED)
fanout828/X                              10     15     -5 (VIOLATED)
fanout836/X                              10     15     -5 (VIOLATED)
fanout871/X                              10     15     -5 (VIOLATED)
fanout878/X                              10     15     -5 (VIOLATED)
fanout899/X                              10     15     -5 (VIOLATED)
fanout922/X                              10     15     -5 (VIOLATED)
fanout940/X                              10     15     -5 (VIOLATED)
_11770_/Y                                10     14     -4 (VIOLATED)
fanout329/X                              10     14     -4 (VIOLATED)
fanout759/X                              10     14     -4 (VIOLATED)
fanout829/X                              10     14     -4 (VIOLATED)
fanout953/X                              10     14     -4 (VIOLATED)
_06517_/X                                10     13     -3 (VIOLATED)
_06553_/X                                10     13     -3 (VIOLATED)
_06584_/Y                                10     13     -3 (VIOLATED)
_06586_/X                                10     13     -3 (VIOLATED)
_07472_/X                                10     13     -3 (VIOLATED)
_09134_/Y                                10     13     -3 (VIOLATED)
_09197_/Y                                10     13     -3 (VIOLATED)
_12867_/Q                                10     13     -3 (VIOLATED)
_12869_/Q                                10     13     -3 (VIOLATED)
_12872_/Q                                10     13     -3 (VIOLATED)
_12874_/Q                                10     13     -3 (VIOLATED)
_12876_/Q                                10     13     -3 (VIOLATED)
_12877_/Q                                10     13     -3 (VIOLATED)
_12878_/Q                                10     13     -3 (VIOLATED)
_12881_/Q                                10     13     -3 (VIOLATED)
_12885_/Q                                10     13     -3 (VIOLATED)
_12886_/Q                                10     13     -3 (VIOLATED)
_12887_/Q                                10     13     -3 (VIOLATED)
_12890_/Q                                10     13     -3 (VIOLATED)
_12891_/Q                                10     13     -3 (VIOLATED)
_12892_/Q                                10     13     -3 (VIOLATED)
_12893_/Q                                10     13     -3 (VIOLATED)
_12894_/Q                                10     13     -3 (VIOLATED)
_12895_/Q                                10     13     -3 (VIOLATED)
_12973_/Q                                10     13     -3 (VIOLATED)
clkbuf_3_6_0_clk/X                       10     13     -3 (VIOLATED)
fanout1149/X                             10     13     -3 (VIOLATED)
fanout1167/X                             10     13     -3 (VIOLATED)
fanout1204/X                             10     13     -3 (VIOLATED)
fanout247/X                              10     13     -3 (VIOLATED)
fanout271/X                              10     13     -3 (VIOLATED)
fanout275/X                              10     13     -3 (VIOLATED)
fanout284/X                              10     13     -3 (VIOLATED)
fanout287/X                              10     13     -3 (VIOLATED)
fanout297/X                              10     13     -3 (VIOLATED)
fanout301/X                              10     13     -3 (VIOLATED)
fanout305/X                              10     13     -3 (VIOLATED)
fanout309/X                              10     13     -3 (VIOLATED)
fanout313/X                              10     13     -3 (VIOLATED)
fanout317/X                              10     13     -3 (VIOLATED)
fanout325/X                              10     13     -3 (VIOLATED)
fanout337/X                              10     13     -3 (VIOLATED)
fanout367/X                              10     13     -3 (VIOLATED)
fanout371/X                              10     13     -3 (VIOLATED)
fanout375/X                              10     13     -3 (VIOLATED)
fanout379/X                              10     13     -3 (VIOLATED)
fanout383/X                              10     13     -3 (VIOLATED)
fanout385/X                              10     13     -3 (VIOLATED)
fanout389/X                              10     13     -3 (VIOLATED)
fanout411/X                              10     13     -3 (VIOLATED)
fanout415/X                              10     13     -3 (VIOLATED)
fanout419/X                              10     13     -3 (VIOLATED)
fanout422/X                              10     13     -3 (VIOLATED)
fanout461/X                              10     13     -3 (VIOLATED)
fanout466/X                              10     13     -3 (VIOLATED)
fanout493/X                              10     13     -3 (VIOLATED)
fanout524/X                              10     13     -3 (VIOLATED)
fanout571/X                              10     13     -3 (VIOLATED)
fanout583/X                              10     13     -3 (VIOLATED)
fanout587/X                              10     13     -3 (VIOLATED)
fanout607/X                              10     13     -3 (VIOLATED)
fanout629/X                              10     13     -3 (VIOLATED)
fanout633/X                              10     13     -3 (VIOLATED)
fanout655/X                              10     13     -3 (VIOLATED)
fanout661/X                              10     13     -3 (VIOLATED)
fanout688/X                              10     13     -3 (VIOLATED)
fanout717/X                              10     13     -3 (VIOLATED)
fanout721/X                              10     13     -3 (VIOLATED)
fanout746/X                              10     13     -3 (VIOLATED)
fanout754/X                              10     13     -3 (VIOLATED)
fanout771/X                              10     13     -3 (VIOLATED)
fanout778/X                              10     13     -3 (VIOLATED)
fanout781/X                              10     13     -3 (VIOLATED)
fanout788/X                              10     13     -3 (VIOLATED)
fanout841/X                              10     13     -3 (VIOLATED)
fanout865/X                              10     13     -3 (VIOLATED)
fanout875/X                              10     13     -3 (VIOLATED)
fanout879/X                              10     13     -3 (VIOLATED)
fanout905/X                              10     13     -3 (VIOLATED)
fanout917/X                              10     13     -3 (VIOLATED)
fanout932/X                              10     13     -3 (VIOLATED)
fanout945/X                              10     13     -3 (VIOLATED)
fanout952/X                              10     13     -3 (VIOLATED)
fanout963/X                              10     13     -3 (VIOLATED)
input1/X                                 10     13     -3 (VIOLATED)
input68/X                                10     13     -3 (VIOLATED)
wire525/X                                10     13     -3 (VIOLATED)
fanout1245/X                             10     12     -2 (VIOLATED)
_06529_/Y                                10     11        (VIOLATED)
_06547_/X                                10     11        (VIOLATED)
_06647_/X                                10     11        (VIOLATED)
_06708_/X                                10     11        (VIOLATED)
_06735_/Y                                10     11        (VIOLATED)
_06739_/X                                10     11        (VIOLATED)
_06799_/X                                10     11        (VIOLATED)
_06801_/X                                10     11        (VIOLATED)
_06864_/X                                10     11        (VIOLATED)
_06957_/X                                10     11        (VIOLATED)
_07048_/Y                                10     11        (VIOLATED)
_07140_/Y                                10     11        (VIOLATED)
_07146_/X                                10     11        (VIOLATED)
_07260_/Y                                10     11        (VIOLATED)
_07288_/X                                10     11        (VIOLATED)
_07343_/Y                                10     11        (VIOLATED)
_07978_/X                                10     11        (VIOLATED)
_08010_/X                                10     11        (VIOLATED)
_08114_/Y                                10     11        (VIOLATED)
_08306_/X                                10     11        (VIOLATED)
_08464_/Y                                10     11        (VIOLATED)
_08499_/Y                                10     11        (VIOLATED)
_08530_/Y                                10     11        (VIOLATED)
_08684_/Y                                10     11        (VIOLATED)
_09121_/Y                                10     11        (VIOLATED)
_09167_/Y                                10     11        (VIOLATED)
_09175_/Y                                10     11        (VIOLATED)
_09190_/Y                                10     11        (VIOLATED)
_09198_/Y                                10     11        (VIOLATED)
_09239_/X                                10     11        (VIOLATED)
_09640_/X                                10     11        (VIOLATED)
_10021_/X                                10     11        (VIOLATED)
_10349_/X                                10     11        (VIOLATED)
_10772_/Y                                10     11        (VIOLATED)
_12061_/X                                10     11        (VIOLATED)
clkbuf_leaf_66_clk/X                     10     11        (VIOLATED)
fanout1085/X                             10     11        (VIOLATED)
fanout1096/X                             10     11        (VIOLATED)
fanout1115/X                             10     11        (VIOLATED)
fanout1116/X                             10     11        (VIOLATED)
fanout1117/X                             10     11        (VIOLATED)
fanout1118/X                             10     11        (VIOLATED)
fanout1150/X                             10     11        (VIOLATED)
fanout1166/X                             10     11        (VIOLATED)
fanout1176/X                             10     11        (VIOLATED)
fanout1191/X                             10     11        (VIOLATED)
fanout1197/X                             10     11        (VIOLATED)
fanout1212/X                             10     11        (VIOLATED)
fanout1227/X                             10     11        (VIOLATED)
fanout1235/X                             10     11        (VIOLATED)
fanout259/X                              10     11        (VIOLATED)
fanout267/X                              10     11        (VIOLATED)
fanout279/X                              10     11        (VIOLATED)
fanout286/X                              10     11        (VIOLATED)
fanout289/X                              10     11        (VIOLATED)
fanout333/X                              10     11        (VIOLATED)
fanout341/X                              10     11        (VIOLATED)
fanout345/X                              10     11        (VIOLATED)
fanout350/X                              10     11        (VIOLATED)
fanout356/X                              10     11        (VIOLATED)
fanout359/X                              10     11        (VIOLATED)
fanout363/X                              10     11        (VIOLATED)
fanout403/X                              10     11        (VIOLATED)
fanout407/X                              10     11        (VIOLATED)
fanout431/X                              10     11        (VIOLATED)
fanout444/X                              10     11        (VIOLATED)
fanout455/X                              10     11        (VIOLATED)
fanout483/X                              10     11        (VIOLATED)
fanout488/X                              10     11        (VIOLATED)
fanout499/X                              10     11        (VIOLATED)
fanout513/X                              10     11        (VIOLATED)
fanout515/X                              10     11        (VIOLATED)
fanout516/X                              10     11        (VIOLATED)
fanout520/X                              10     11        (VIOLATED)
fanout554/X                              10     11        (VIOLATED)
fanout562/X                              10     11        (VIOLATED)
fanout576/X                              10     11        (VIOLATED)
fanout591/X                              10     11        (VIOLATED)
fanout601/X                              10     11        (VIOLATED)
fanout618/X                              10     11        (VIOLATED)
fanout637/X                              10     11        (VIOLATED)
fanout639/X                              10     11        (VIOLATED)
fanout647/X                              10     11        (VIOLATED)
fanout689/X                              10     11        (VIOLATED)
fanout690/X                              10     11        (VIOLATED)
fanout712/X                              10     11        (VIOLATED)
fanout715/X                              10     11        (VIOLATED)
fanout748/X                              10     11        (VIOLATED)
fanout758/X                              10     11        (VIOLATED)
fanout779/X                              10     11        (VIOLATED)
fanout782/X                              10     11        (VIOLATED)
fanout818/X                              10     11        (VIOLATED)
fanout834/X                              10     11        (VIOLATED)
fanout842/X                              10     11        (VIOLATED)
fanout847/X                              10     11        (VIOLATED)
fanout873/X                              10     11        (VIOLATED)
fanout890/X                              10     11        (VIOLATED)
fanout910/X                              10     11        (VIOLATED)
fanout927/X                              10     11        (VIOLATED)
fanout951/X                              10     11        (VIOLATED)
fanout957/X                              10     11        (VIOLATED)
fanout967/X                              10     11        (VIOLATED)
fanout981/X                              10     11        (VIOLATED)
max_cap664/X                             10     11        (VIOLATED)
wire536/X                                10     11        (VIOLATED)

max capacitance

Pin                                        Limit         Cap       Slack
------------------------------------------------------------------------
clkbuf_0_clk/X                          0.200000    0.248330   -0.048330 (VIOLATED)
fanout411/X                             0.200000    0.224474   -0.024474 (VIOLATED)
fanout337/X                             0.200000    0.223880   -0.023880 (VIOLATED)
fanout271/X                             0.200000    0.218305   -0.018305 (VIOLATED)
fanout402/X                             0.200000    0.216436   -0.016436 (VIOLATED)
fanout724/X                             0.200000    0.211722   -0.011722 (VIOLATED)
fanout367/X                             0.200000    0.205988   -0.005988 (VIOLATED)
fanout267/X                             0.200000    0.201921   -0.001921 (VIOLATED)
fanout747/X                             0.200000    0.201795   -0.001795 (VIOLATED)



===========================================================================
report_parasitic_annotation -report_unannotated
============================================================================
Found 144 unannotated drivers.
 gpio_in[0]
 gpio_in[10]
 gpio_in[11]
 gpio_in[12]
 gpio_in[13]
 gpio_in[14]
 gpio_in[15]
 gpio_in[16]
 gpio_in[17]
 gpio_in[18]
 gpio_in[19]
 gpio_in[1]
 gpio_in[20]
 gpio_in[21]
 gpio_in[22]
 gpio_in[23]
 gpio_in[24]
 gpio_in[25]
 gpio_in[26]
 gpio_in[27]
 gpio_in[28]
 gpio_in[29]
 gpio_in[2]
 gpio_in[30]
 gpio_in[31]
 gpio_in[32]
 gpio_in[33]
 gpio_in[3]
 gpio_in[4]
 gpio_in[6]
 gpio_in[7]
 gpio_in[8]
 gpio_in[9]
 _14140__1246/HI
 _14188__1247/HI
 _14189__1248/HI
 _14190__1249/HI
 _14191__1250/HI
 _14192__1251/HI
 _14193__1310/LO
 _14194__1252/HI
 _14195__1253/HI
 _14196__1254/HI
 _14197__1255/HI
 _14198__1256/HI
 _14199__1257/HI
 _14200__1258/HI
 _14201__1259/HI
 _14202__1260/HI
 _14203__1261/HI
 _14204__1262/HI
 _14205__1263/HI
 _14206__1264/HI
 _14207__1265/HI
 _14208__1266/HI
 _14209__1267/HI
 _14210__1268/HI
 _14211__1269/HI
 _14212__1270/HI
 _14213__1271/HI
 _14214__1272/HI
 _14215__1273/HI
 _14216__1274/HI
 _14217__1275/HI
 _14218__1276/HI
 _14219__1277/HI
 _14220__1278/HI
 _14221__1279/HI
 _14226__1280/HI
 _14227__1281/HI
 _14228__1282/HI
 _14229__1283/HI
 _14230__1284/HI
 _14231__1285/HI
 _14232__1286/HI
 _14233__1287/HI
 _14234__1288/HI
 _14235__1289/HI
 _14236__1290/HI
 _14237__1291/HI
 _14238__1292/HI
 _14239__1293/HI
 _14240__1294/HI
 _14241__1295/HI
 _14242__1296/HI
 _14243__1297/HI
 _14244__1298/HI
 _14245__1299/HI
 _14246__1300/HI
 _14247__1301/HI
 _14248__1302/HI
 _14249__1303/HI
 _14250__1304/HI
 _14251__1305/HI
 _14252__1306/HI
 _14253__1307/HI
 _14254__1308/HI
 _14255__1309/HI
 clkload0/X
 clkload1/X
 clkload10/Y
 clkload11/Y
 clkload12/Y
 clkload13/Y
 clkload14/X
 clkload15/X
 clkload16/X
 clkload17/X
 clkload18/X
 clkload19/X
 clkload2/Y
 clkload20/Y
 clkload21/Y
 clkload22/Y
 clkload23/Y
 clkload24/Y
 clkload25/Y
 clkload26/Y
 clkload27/X
 clkload28/X
 clkload29/X
 clkload3/Y
 clkload30/X
 clkload31/Y
 clkload32/Y
 clkload33/Y
 clkload34/Y
 clkload35/Y
 clkload36/Y
 clkload37/Y
 clkload38/X
 clkload39/Y
 clkload4/Y
 clkload40/Y
 clkload41/Y
 clkload42/Y
 clkload43/Y
 clkload44/Y
 clkload45/Y
 clkload5/Y
 clkload6/Y
 clkload7/Y
 clkload8/Y
 clkload9/Y
Found 0 partially unannotated drivers.

===========================================================================
max slew violation count 130
max fanout violation count 833
max cap violation count 9
============================================================================

===========================================================================
check_setup -verbose -unconstrained_endpoints -multiple_clock -no_clock -no_input_delay -loops -generated_clocks
===========================================================================
Warning: There are 65 unconstrained endpoints.
  gpio_oeb[0]
  gpio_oeb[10]
  gpio_oeb[11]
  gpio_oeb[12]
  gpio_oeb[13]
  gpio_oeb[14]
  gpio_oeb[15]
  gpio_oeb[16]
  gpio_oeb[17]
  gpio_oeb[18]
  gpio_oeb[19]
  gpio_oeb[1]
  gpio_oeb[20]
  gpio_oeb[21]
  gpio_oeb[22]
  gpio_oeb[23]
  gpio_oeb[24]
  gpio_oeb[25]
  gpio_oeb[26]
  gpio_oeb[27]
  gpio_oeb[28]
  gpio_oeb[29]
  gpio_oeb[2]
  gpio_oeb[30]
  gpio_oeb[31]
  gpio_oeb[32]
  gpio_oeb[33]
  gpio_oeb[3]
  gpio_oeb[4]
  gpio_oeb[5]
  gpio_oeb[6]
  gpio_oeb[7]
  gpio_oeb[8]
  gpio_oeb[9]
  gpio_out[10]
  gpio_out[11]
  gpio_out[12]
  gpio_out[13]
  gpio_out[14]
  gpio_out[15]
  gpio_out[16]
  gpio_out[17]
  gpio_out[18]
  gpio_out[19]
  gpio_out[20]
  gpio_out[21]
  gpio_out[22]
  gpio_out[23]
  gpio_out[24]
  gpio_out[25]
  gpio_out[26]
  gpio_out[27]
  gpio_out[28]
  gpio_out[29]
  gpio_out[30]
  gpio_out[31]
  gpio_out[32]
  gpio_out[33]
  gpio_out[4]
  gpio_out[5]
  gpio_out[6]
  gpio_out[7]
  gpio_out[8]
  gpio_out[9]
  _14140_/D
