
===========================================================================
report_checks -unconstrained
===========================================================================
======================= nom_ss_100C_1v60 Corner ===================================

Startpoint: nrst (input port clocked by clk)
Endpoint: _1563_ (recovery check against rising-edge clock clk)
Path Group: asynchronous
Path Type: max

Fanout         Cap        Slew       Delay        Time   Description
---------------------------------------------------------------------------------------------
                                  0.000000    0.000000   clock clk (rise edge)
                                  0.000000    0.000000   clock network delay (propagated)
                                 20.000000   20.000000 ^ input external delay
     2    0.003788    0.038875    0.020997   20.020996 ^ nrst (in)
                                                         nrst (net)
                      0.038875    0.000000   20.020996 ^ input6/A (sky130_fd_sc_hd__buf_1)
     1    0.013075    0.256904    0.269795   20.290792 ^ input6/X (sky130_fd_sc_hd__buf_1)
                                                         net6 (net)
                      0.256908    0.000858   20.291651 ^ _0902_/A (sky130_fd_sc_hd__and2_1)
     5    0.024593    0.391265    0.528773   20.820423 ^ _0902_/X (sky130_fd_sc_hd__and2_1)
                                                         kp.buffertop.nrst (net)
                      0.391265    0.000817   20.821241 ^ fanout125/A (sky130_fd_sc_hd__buf_2)
    13    0.062768    0.483363    0.630907   21.452147 ^ fanout125/X (sky130_fd_sc_hd__buf_2)
                                                         net125 (net)
                      0.483367    0.002236   21.454384 ^ fanout124/A (sky130_fd_sc_hd__buf_2)
    15    0.048696    0.380280    0.591982   22.046366 ^ fanout124/X (sky130_fd_sc_hd__buf_2)
                                                         net124 (net)
                      0.380280    0.000515   22.046881 ^ fanout123/A (sky130_fd_sc_hd__clkbuf_4)
    10    0.049581    0.247478    0.517320   22.564199 ^ fanout123/X (sky130_fd_sc_hd__clkbuf_4)
                                                         net123 (net)
                      0.247479    0.001188   22.565388 ^ fanout122/A (sky130_fd_sc_hd__clkbuf_4)
    10    0.045281    0.227874    0.445016   23.010405 ^ fanout122/X (sky130_fd_sc_hd__clkbuf_4)
                                                         net122 (net)
                      0.227885    0.001814   23.012218 ^ _1563_/RESET_B (sky130_fd_sc_hd__dfrtp_1)
                                             23.012218   data arrival time

                                100.000000  100.000000   clock clk (rise edge)
                                  0.000000  100.000000   clock source latency
     2    0.033248    0.242528    0.167880  100.167877 ^ clk (in)
                                                         clk (net)
                      0.242533    0.000000  100.167877 ^ clkbuf_0_clk/A (sky130_fd_sc_hd__clkbuf_16)
     5    0.036004    0.089132    0.322281  100.490158 ^ clkbuf_0_clk/X (sky130_fd_sc_hd__clkbuf_16)
                                                         clknet_0_clk (net)
                      0.089140    0.000909  100.491066 ^ clkbuf_1_1__f_clk/A (sky130_fd_sc_hd__clkbuf_16)
    25    0.139043    0.231107    0.365262  100.856331 ^ clkbuf_1_1__f_clk/X (sky130_fd_sc_hd__clkbuf_16)
                                                         clknet_1_1__leaf_clk (net)
                      0.231150    0.003148  100.859474 ^ clkbuf_leaf_11_clk/A (sky130_fd_sc_hd__clkbuf_8)
     6    0.031160    0.109437    0.334822  101.194298 ^ clkbuf_leaf_11_clk/X (sky130_fd_sc_hd__clkbuf_8)
                                                         clknet_leaf_11_clk (net)
                      0.109442    0.000888  101.195190 ^ _1563_/CLK (sky130_fd_sc_hd__dfrtp_1)
                                 -0.250000  100.945190   clock uncertainty
                                  0.000000  100.945190   clock reconvergence pessimism
                                  0.417382  101.362572   library recovery time
                                            101.362572   data required time
---------------------------------------------------------------------------------------------
                                            101.362572   data required time
                                            -23.012218   data arrival time
---------------------------------------------------------------------------------------------
                                             78.350349   slack (MET)


Startpoint: _1699_ (rising edge-triggered flip-flop clocked by clk)
Endpoint: gpio_out[24] (output port clocked by clk)
Path Group: clk
Path Type: max

Fanout         Cap        Slew       Delay        Time   Description
---------------------------------------------------------------------------------------------
                                  0.000000    0.000000   clock clk (rise edge)
                                  0.000000    0.000000   clock source latency
     2    0.033248    0.242528    0.167879    0.167879 ^ clk (in)
                                                         clk (net)
                      0.242533    0.000000    0.167879 ^ clkbuf_0_clk/A (sky130_fd_sc_hd__clkbuf_16)
     5    0.036004    0.089132    0.322284    0.490163 ^ clkbuf_0_clk/X (sky130_fd_sc_hd__clkbuf_16)
                                                         clknet_0_clk (net)
                      0.089138    0.000805    0.490968 ^ clkbuf_1_0__f_clk/A (sky130_fd_sc_hd__clkbuf_16)
    31    0.157975    0.258151    0.383940    0.874908 ^ clkbuf_1_0__f_clk/X (sky130_fd_sc_hd__clkbuf_16)
                                                         clknet_1_0__leaf_clk (net)
                      0.258450    0.007247    0.882154 ^ clkbuf_leaf_7_clk/A (sky130_fd_sc_hd__clkbuf_8)
     7    0.041366    0.133552    0.365399    1.247554 ^ clkbuf_leaf_7_clk/X (sky130_fd_sc_hd__clkbuf_8)
                                                         clknet_leaf_7_clk (net)
                      0.133552    0.000569    1.248123 ^ _1699_/CLK (sky130_fd_sc_hd__dfrtp_1)
     5    0.011951    0.156326    0.850320    2.098443 v _1699_/Q (sky130_fd_sc_hd__dfrtp_1)
                                                         sending.cnt_500hz[5] (net)
                      0.156326    0.000260    2.098703 v _0903_/A (sky130_fd_sc_hd__or4_1)
     1    0.004085    0.195772    1.263703    3.362406 v _0903_/X (sky130_fd_sc_hd__or4_1)
                                                         _0532_ (net)
                      0.195772    0.000133    3.362540 v _0904_/A2 (sky130_fd_sc_hd__a211o_1)
     1    0.003922    0.096166    0.599913    3.962453 v _0904_/X (sky130_fd_sc_hd__a211o_1)
                                                         _0533_ (net)
                      0.096166    0.000131    3.962584 v _0905_/A2 (sky130_fd_sc_hd__a21oi_1)
     1    0.002720    0.165807    0.234737    4.197321 ^ _0905_/Y (sky130_fd_sc_hd__a21oi_1)
                                                         sending.lcd_en (net)
                      0.165807    0.000079    4.197401 ^ _1772_/A (sky130_fd_sc_hd__clkbuf_1)
     1    0.005966    0.128570    0.232126    4.429527 ^ _1772_/X (sky130_fd_sc_hd__clkbuf_1)
                                                         net16 (net)
                      0.128570    0.000226    4.429753 ^ output16/A (sky130_fd_sc_hd__clkbuf_4)
     1    0.034791    0.181890    0.357116    4.786869 ^ output16/X (sky130_fd_sc_hd__clkbuf_4)
                                                         gpio_out[24] (net)
                      0.181891    0.000850    4.787718 ^ gpio_out[24] (out)
                                              4.787718   data arrival time

                                100.000000  100.000000   clock clk (rise edge)
                                  0.000000  100.000000   clock network delay (propagated)
                                 -0.250000   99.750000   clock uncertainty
                                  0.000000   99.750000   clock reconvergence pessimism
                                -20.000000   79.750000   output external delay
                                             79.750000   data required time
---------------------------------------------------------------------------------------------
                                             79.750000   data required time
                                             -4.787718   data arrival time
---------------------------------------------------------------------------------------------
                                             74.962280   slack (MET)




===========================================================================
report_checks --slack_max -0.01
============================================================================
======================= nom_ss_100C_1v60 Corner ===================================

No paths found.


===========================================================================
 report_check_types -max_slew -max_cap -max_fanout -violators
============================================================================
======================= nom_ss_100C_1v60 Corner ===================================

max fanout

Pin                                   Limit Fanout  Slack
---------------------------------------------------------
clkbuf_1_0__f_clk/X                      10     31    -21 (VIOLATED)
clkbuf_1_1__f_clk/X                      10     25    -15 (VIOLATED)
_1185_/X                                 10     21    -11 (VIOLATED)
fanout30/X                               10     21    -11 (VIOLATED)
fanout36/X                               10     21    -11 (VIOLATED)
fanout51/X                               10     21    -11 (VIOLATED)
fanout75/X                               10     21    -11 (VIOLATED)
fanout93/X                               10     21    -11 (VIOLATED)
fanout121/X                              10     19     -9 (VIOLATED)
clkbuf_leaf_22_clk/X                     10     18     -8 (VIOLATED)
_1372_/X                                 10     17     -7 (VIOLATED)
_1373_/X                                 10     17     -7 (VIOLATED)
_1374_/X                                 10     17     -7 (VIOLATED)
_1375_/X                                 10     17     -7 (VIOLATED)
_1377_/X                                 10     17     -7 (VIOLATED)
_1378_/X                                 10     17     -7 (VIOLATED)
_1380_/X                                 10     17     -7 (VIOLATED)
_1381_/X                                 10     17     -7 (VIOLATED)
_1383_/X                                 10     17     -7 (VIOLATED)
_1384_/X                                 10     17     -7 (VIOLATED)
_1386_/X                                 10     17     -7 (VIOLATED)
_1387_/X                                 10     17     -7 (VIOLATED)
_1389_/X                                 10     17     -7 (VIOLATED)
fanout37/X                               10     17     -7 (VIOLATED)
clkbuf_leaf_6_clk/X                      10     16     -6 (VIOLATED)
_1382_/X                                 10     15     -5 (VIOLATED)
_1385_/X                                 10     15     -5 (VIOLATED)
_1388_/X                                 10     15     -5 (VIOLATED)
clkbuf_leaf_1_clk/X                      10     15     -5 (VIOLATED)
fanout108/X                              10     15     -5 (VIOLATED)
fanout124/X                              10     15     -5 (VIOLATED)
fanout25/X                               10     15     -5 (VIOLATED)
clkbuf_leaf_2_clk/X                      10     14     -4 (VIOLATED)
clkbuf_leaf_12_clk/X                     10     13     -3 (VIOLATED)
clkbuf_leaf_24_clk/X                     10     13     -3 (VIOLATED)
fanout125/X                              10     13     -3 (VIOLATED)
fanout39/X                               10     13     -3 (VIOLATED)
fanout74/X                               10     13     -3 (VIOLATED)
clkbuf_leaf_16_clk/X                     10     12     -2 (VIOLATED)
clkbuf_leaf_8_clk/X                      10     12     -2 (VIOLATED)
_0734_/Y                                 10     11        (VIOLATED)
clkbuf_leaf_13_clk/X                     10     11        (VIOLATED)
clkbuf_leaf_14_clk/X                     10     11        (VIOLATED)
clkbuf_leaf_15_clk/X                     10     11        (VIOLATED)
clkbuf_leaf_3_clk/X                      10     11        (VIOLATED)
fanout105/X                              10     11        (VIOLATED)
fanout113/X                              10     11        (VIOLATED)
fanout31/X                               10     11        (VIOLATED)
fanout40/X                               10     11        (VIOLATED)
fanout56/X                               10     11        (VIOLATED)
fanout67/X                               10     11        (VIOLATED)
fanout92/X                               10     11        (VIOLATED)



===========================================================================
report_parasitic_annotation -report_unannotated
============================================================================
Found 108 unannotated drivers.
 gpio_in[0]
 gpio_in[10]
 gpio_in[11]
 gpio_in[12]
 gpio_in[13]
 gpio_in[14]
 gpio_in[15]
 gpio_in[16]
 gpio_in[17]
 gpio_in[18]
 gpio_in[19]
 gpio_in[1]
 gpio_in[20]
 gpio_in[21]
 gpio_in[22]
 gpio_in[23]
 gpio_in[24]
 gpio_in[25]
 gpio_in[26]
 gpio_in[27]
 gpio_in[28]
 gpio_in[29]
 gpio_in[2]
 gpio_in[3]
 gpio_in[4]
 gpio_in[5]
 gpio_in[6]
 gpio_in[7]
 gpio_in[8]
 gpio_in[9]
 _1722__161/LO
 _1723__162/LO
 _1724__163/LO
 _1725__164/LO
 _1726__165/LO
 _1727__166/LO
 _1728__167/LO
 _1729__168/LO
 _1730__169/LO
 _1731__170/LO
 _1732__171/LO
 _1733__172/LO
 _1734__173/LO
 _1735__174/LO
 _1736__126/HI
 _1737__127/HI
 _1738__128/HI
 _1739__129/HI
 _1740__130/HI
 _1741__131/HI
 _1742__132/HI
 _1743__133/HI
 _1744__134/HI
 _1745__135/HI
 _1746__136/HI
 _1747__137/HI
 _1748__138/HI
 _1749__139/HI
 _1750__140/HI
 _1751__141/HI
 _1752__175/LO
 _1753__176/LO
 _1754__177/LO
 _1755__178/LO
 _1756__142/HI
 _1757__143/HI
 _1758__144/HI
 _1759__145/HI
 _1760__146/HI
 _1761__147/HI
 _1762__148/HI
 _1763__149/HI
 _1764__150/HI
 _1765__151/HI
 _1766__152/HI
 _1767__153/HI
 _1768__154/HI
 _1769__155/HI
 _1771__156/HI
 _1774__157/HI
 _1775__158/HI
 _1776__159/HI
 _1777__160/HI
 clkload0/Y
 clkload1/Y
 clkload10/Y
 clkload11/Y
 clkload12/Y
 clkload13/Y
 clkload14/Y
 clkload15/Y
 clkload16/Y
 clkload17/Y
 clkload18/Y
 clkload19/Y
 clkload2/Y
 clkload20/Y
 clkload21/X
 clkload22/Y
 clkload23/Y
 clkload24/Y
 clkload3/Y
 clkload4/Y
 clkload5/Y
 clkload6/Y
 clkload7/Y
 clkload8/Y
 clkload9/Y
Found 0 partially unannotated drivers.

===========================================================================
max slew violation count 0
max fanout violation count 52
max cap violation count 0
============================================================================

===========================================================================
check_setup -verbose -unconstrained_endpoints -multiple_clock -no_clock -no_input_delay -loops -generated_clocks
===========================================================================
Warning: There are 53 unconstrained endpoints.
  gpio_oeb[0]
  gpio_oeb[10]
  gpio_oeb[11]
  gpio_oeb[12]
  gpio_oeb[13]
  gpio_oeb[14]
  gpio_oeb[15]
  gpio_oeb[16]
  gpio_oeb[17]
  gpio_oeb[18]
  gpio_oeb[19]
  gpio_oeb[1]
  gpio_oeb[20]
  gpio_oeb[21]
  gpio_oeb[22]
  gpio_oeb[23]
  gpio_oeb[24]
  gpio_oeb[25]
  gpio_oeb[26]
  gpio_oeb[27]
  gpio_oeb[28]
  gpio_oeb[29]
  gpio_oeb[2]
  gpio_oeb[30]
  gpio_oeb[31]
  gpio_oeb[32]
  gpio_oeb[33]
  gpio_oeb[3]
  gpio_oeb[4]
  gpio_oeb[5]
  gpio_oeb[6]
  gpio_oeb[7]
  gpio_oeb[8]
  gpio_oeb[9]
  gpio_out[0]
  gpio_out[10]
  gpio_out[11]
  gpio_out[12]
  gpio_out[13]
  gpio_out[1]
  gpio_out[23]
  gpio_out[2]
  gpio_out[30]
  gpio_out[31]
  gpio_out[32]
  gpio_out[33]
  gpio_out[3]
  gpio_out[4]
  gpio_out[5]
  gpio_out[6]
  gpio_out[7]
  gpio_out[8]
  gpio_out[9]
