
===========================================================================
report_checks -unconstrained
===========================================================================
======================= min_tt_025C_1v80 Corner ===================================

Startpoint: nrst (input port clocked by clk)
Endpoint: _13004_ (recovery check against rising-edge clock clk')
Path Group: asynchronous
Path Type: max

Fanout         Cap        Slew       Delay        Time   Description
---------------------------------------------------------------------------------------------
                                  0.000000    0.000000   clock clk (rise edge)
                                  0.000000    0.000000   clock network delay (propagated)
                                 20.000000   20.000000 ^ input external delay
     2    0.005635    0.032072    0.019877   20.019878 ^ nrst (in)
                                                         nrst (net)
                      0.032072    0.000000   20.019878 ^ input100/A (sky130_fd_sc_hd__clkbuf_8)
     7    0.121904    0.213887    0.244203   20.264080 ^ input100/X (sky130_fd_sc_hd__clkbuf_8)
                                                         net100 (net)
                      0.213935    0.002695   20.266775 ^ fanout1245/A (sky130_fd_sc_hd__buf_4)
    12    0.108296    0.296606    0.344484   20.611259 ^ fanout1245/X (sky130_fd_sc_hd__buf_4)
                                                         net1245 (net)
                      0.296764    0.005700   20.616959 ^ fanout1235/A (sky130_fd_sc_hd__clkbuf_2)
    11    0.055927    0.302668    0.357295   20.974255 ^ fanout1235/X (sky130_fd_sc_hd__clkbuf_2)
                                                         net1235 (net)
                      0.302669    0.001195   20.975449 ^ fanout1234/A (sky130_fd_sc_hd__clkbuf_4)
    21    0.070766    0.215304    0.344942   21.320391 ^ fanout1234/X (sky130_fd_sc_hd__clkbuf_4)
                                                         net1234 (net)
                      0.215533    0.004487   21.324879 ^ fanout1233/A (sky130_fd_sc_hd__clkbuf_4)
    10    0.060432    0.184872    0.297634   21.622513 ^ fanout1233/X (sky130_fd_sc_hd__clkbuf_4)
                                                         net1233 (net)
                      0.184872    0.000611   21.623123 ^ _13004_/RESET_B (sky130_fd_sc_hd__dfrtp_4)
                                             21.623123   data arrival time

                                 50.000000   50.000000   clock clk' (rise edge)
                                  0.000000   50.000000   clock source latency
     2    0.088890    0.195567    0.145068   50.145065 v clk (in)
                                                         clk (net)
                      0.195725    0.000000   50.145065 v clkbuf_0_clk/A (sky130_fd_sc_hd__clkbuf_16)
    17    0.219628    0.146578    0.311488   50.456554 v clkbuf_0_clk/X (sky130_fd_sc_hd__clkbuf_16)
                                                         clknet_0_clk (net)
                      0.146978    0.005524   50.462078 v clkbuf_3_6_0_clk/A (sky130_fd_sc_hd__clkbuf_8)
    13    0.107187    0.118653    0.262041   50.724121 v clkbuf_3_6_0_clk/X (sky130_fd_sc_hd__clkbuf_8)
                                                         clknet_3_6_0_clk (net)
                      0.118960    0.004256   50.728374 v clkbuf_leaf_31_clk/A (sky130_fd_sc_hd__clkbuf_8)
     8    0.044793    0.062185    0.201961   50.930336 v clkbuf_leaf_31_clk/X (sky130_fd_sc_hd__clkbuf_8)
                                                         clknet_leaf_31_clk (net)
                      0.062190    0.000600   50.930939 v _12794__25/A (sky130_fd_sc_hd__inv_2)
     1    0.002322    0.024591    0.044633   50.975571 ^ _12794__25/Y (sky130_fd_sc_hd__inv_2)
                                                         net1335 (net)
                      0.024591    0.000021   50.975590 ^ _13004_/CLK (sky130_fd_sc_hd__dfrtp_4)
                                 -0.250000   50.725590   clock uncertainty
                                  0.000000   50.725590   clock reconvergence pessimism
                                  0.165483   50.891071   library recovery time
                                             50.891071   data required time
---------------------------------------------------------------------------------------------
                                             50.891071   data required time
                                            -21.623123   data arrival time
---------------------------------------------------------------------------------------------
                                             29.267948   slack (MET)


Startpoint: en (input port clocked by clk)
Endpoint: _13011_ (rising edge-triggered flip-flop clocked by clk')
Path Group: clk
Path Type: max

Fanout         Cap        Slew       Delay        Time   Description
---------------------------------------------------------------------------------------------
                                  0.000000    0.000000   clock clk (rise edge)
                                  0.000000    0.000000   clock network delay (propagated)
                                 20.000000   20.000000 ^ input external delay
     2    0.009000    0.046971    0.030813   20.030813 ^ en (in)
                                                         en (net)
                      0.046972    0.000000   20.030813 ^ input34/A (sky130_fd_sc_hd__clkbuf_2)
     9    0.049112    0.266187    0.258618   20.289431 ^ input34/X (sky130_fd_sc_hd__clkbuf_2)
                                                         net34 (net)
                      0.266307    0.004670   20.294102 ^ _06457_/C (sky130_fd_sc_hd__and3b_2)
     5    0.049686    0.253170    0.392632   20.686733 ^ _06457_/X (sky130_fd_sc_hd__and3b_2)
                                                         _01410_ (net)
                      0.253172    0.000554   20.687286 ^ fanout1037/A (sky130_fd_sc_hd__buf_4)
    21    0.089581    0.247993    0.321878   21.009165 ^ fanout1037/X (sky130_fd_sc_hd__buf_4)
                                                         net1037 (net)
                      0.247993    0.000192   21.009357 ^ _06459_/B (sky130_fd_sc_hd__or2_1)
     3    0.007967    0.085549    0.172207   21.181564 ^ _06459_/X (sky130_fd_sc_hd__or2_1)
                                                         _01412_ (net)
                      0.085549    0.000087   21.181650 ^ _06463_/A2 (sky130_fd_sc_hd__a21o_2)
     3    0.030667    0.157983    0.222888   21.404539 ^ _06463_/X (sky130_fd_sc_hd__a21o_2)
                                                         _01414_ (net)
                      0.157983    0.000139   21.404678 ^ fanout990/A (sky130_fd_sc_hd__buf_2)
    10    0.031834    0.159236    0.228477   21.633154 ^ fanout990/X (sky130_fd_sc_hd__buf_2)
                                                         net990 (net)
                      0.159236    0.000222   21.633377 ^ _06464_/C (sky130_fd_sc_hd__and3_2)
     9    0.064453    0.323221    0.418154   22.051531 ^ _06464_/X (sky130_fd_sc_hd__and3_2)
                                                         _01415_ (net)
                      0.323226    0.001771   22.053303 ^ fanout971/A (sky130_fd_sc_hd__clkbuf_4)
    10    0.049689    0.156897    0.307972   22.361275 ^ fanout971/X (sky130_fd_sc_hd__clkbuf_4)
                                                         net971 (net)
                      0.156914    0.001709   22.362984 ^ _06469_/S (sky130_fd_sc_hd__mux2_1)
     1    0.006762    0.076474    0.180266   22.543249 ^ _06469_/X (sky130_fd_sc_hd__mux2_1)
                                                         _01420_ (net)
                      0.076474    0.000124   22.543373 ^ fanout953/A (sky130_fd_sc_hd__clkbuf_8)
    14    0.173780    0.299326    0.316849   22.860222 ^ fanout953/X (sky130_fd_sc_hd__clkbuf_8)
                                                         net953 (net)
                      0.299943    0.011239   22.871462 ^ fanout922/A (sky130_fd_sc_hd__buf_2)
    15    0.057356    0.279617    0.348278   23.219740 ^ fanout922/X (sky130_fd_sc_hd__buf_2)
                                                         net922 (net)
                      0.279619    0.001240   23.220980 ^ fanout919/A (sky130_fd_sc_hd__clkbuf_4)
    21    0.075297    0.227894    0.349766   23.570745 ^ fanout919/X (sky130_fd_sc_hd__clkbuf_4)
                                                         net919 (net)
                      0.227896    0.001105   23.571852 ^ fanout918/A (sky130_fd_sc_hd__clkbuf_4)
    10    0.060872    0.186646    0.303505   23.875355 ^ fanout918/X (sky130_fd_sc_hd__clkbuf_4)
                                                         net918 (net)
                      0.186648    0.001069   23.876425 ^ _07388_/S (sky130_fd_sc_hd__mux2_1)
     1    0.001828    0.050173    0.329838   24.206263 v _07388_/X (sky130_fd_sc_hd__mux2_1)
                                                         _02339_ (net)
                      0.050173    0.000016   24.206278 v _07391_/A1 (sky130_fd_sc_hd__mux4_1)
     1    0.003902    0.091200    0.505441   24.711720 v _07391_/X (sky130_fd_sc_hd__mux4_1)
                                                         _02342_ (net)
                      0.091200    0.000062   24.711782 v _07392_/B (sky130_fd_sc_hd__or2_1)
     1    0.006295    0.063818    0.240622   24.952404 v _07392_/X (sky130_fd_sc_hd__or2_1)
                                                         _02343_ (net)
                      0.063818    0.000123   24.952526 v _07405_/A1 (sky130_fd_sc_hd__a22oi_2)
     5    0.021843    0.318297    0.302123   25.254648 ^ _07405_/Y (sky130_fd_sc_hd__a22oi_2)
                                                         _02356_ (net)
                      0.318301    0.000943   25.255592 ^ fanout528/A (sky130_fd_sc_hd__buf_2)
    10    0.042312    0.208410    0.302254   25.557846 ^ fanout528/X (sky130_fd_sc_hd__buf_2)
                                                         net528 (net)
                      0.208410    0.000583   25.558430 ^ _07411_/A (sky130_fd_sc_hd__nor2_1)
     2    0.003718    0.056412    0.080854   25.639284 v _07411_/Y (sky130_fd_sc_hd__nor2_1)
                                                         _02362_ (net)
                      0.056412    0.000032   25.639315 v _07413_/A (sky130_fd_sc_hd__or2_1)
     3    0.007956    0.072444    0.255245   25.894560 v _07413_/X (sky130_fd_sc_hd__or2_1)
                                                         _02364_ (net)
                      0.072444    0.000041   25.894602 v _07480_/A1 (sky130_fd_sc_hd__o21bai_1)
     3    0.011669    0.261976    0.261545   26.156147 ^ _07480_/Y (sky130_fd_sc_hd__o21bai_1)
                                                         _02431_ (net)
                      0.261976    0.000195   26.156342 ^ _07482_/A2 (sky130_fd_sc_hd__a21boi_1)
     3    0.009489    0.112193    0.151541   26.307882 v _07482_/Y (sky130_fd_sc_hd__a21boi_1)
                                                         _02433_ (net)
                      0.112193    0.000126   26.308008 v _07483_/A2 (sky130_fd_sc_hd__o21bai_1)
     3    0.009010    0.213848    0.226505   26.534513 ^ _07483_/Y (sky130_fd_sc_hd__o21bai_1)
                                                         _02434_ (net)
                      0.213848    0.000119   26.534634 ^ _07485_/A2 (sky130_fd_sc_hd__a21oi_1)
     3    0.008944    0.093013    0.139201   26.673834 v _07485_/Y (sky130_fd_sc_hd__a21oi_1)
                                                         _02436_ (net)
                      0.093013    0.000117   26.673950 v _07486_/A2 (sky130_fd_sc_hd__o21ai_1)
     3    0.008043    0.186647    0.197796   26.871746 ^ _07486_/Y (sky130_fd_sc_hd__o21ai_1)
                                                         _02437_ (net)
                      0.186647    0.000098   26.871843 ^ _07488_/A2 (sky130_fd_sc_hd__a21oi_1)
     4    0.012606    0.112401    0.152889   27.024733 v _07488_/Y (sky130_fd_sc_hd__a21oi_1)
                                                         _02439_ (net)
                      0.112401    0.000220   27.024954 v _07492_/B1 (sky130_fd_sc_hd__o221a_1)
     3    0.009239    0.077754    0.284146   27.309099 v _07492_/X (sky130_fd_sc_hd__o221a_1)
                                                         _02443_ (net)
                      0.077754    0.000158   27.309258 v _07495_/A3 (sky130_fd_sc_hd__o311a_1)
     2    0.010570    0.086099    0.339409   27.648666 v _07495_/X (sky130_fd_sc_hd__o311a_1)
                                                         _02446_ (net)
                      0.086099    0.000314   27.648981 v _07498_/A3 (sky130_fd_sc_hd__o311a_1)
     2    0.013765    0.099634    0.356909   28.005890 v _07498_/X (sky130_fd_sc_hd__o311a_1)
                                                         _02449_ (net)
                      0.099634    0.000275   28.006165 v _07504_/A3 (sky130_fd_sc_hd__o41ai_2)
     2    0.009023    0.341325    0.378229   28.384394 ^ _07504_/Y (sky130_fd_sc_hd__o41ai_2)
                                                         _02455_ (net)
                      0.341325    0.000115   28.384510 ^ _07505_/A2 (sky130_fd_sc_hd__a21oi_1)
     2    0.011071    0.122580    0.181183   28.565693 v _07505_/Y (sky130_fd_sc_hd__a21oi_1)
                                                         _02456_ (net)
                      0.122580    0.000227   28.565920 v _07506_/A2 (sky130_fd_sc_hd__o21ai_1)
     3    0.009367    0.209543    0.226450   28.792370 ^ _07506_/Y (sky130_fd_sc_hd__o21ai_1)
                                                         _02457_ (net)
                      0.209543    0.000140   28.792511 ^ _07508_/A2 (sky130_fd_sc_hd__a21oi_1)
     2    0.010033    0.099051    0.144423   28.936934 v _07508_/Y (sky130_fd_sc_hd__a21oi_1)
                                                         _02459_ (net)
                      0.099051    0.000158   28.937092 v _07509_/A2 (sky130_fd_sc_hd__o21a_1)
     3    0.010812    0.070355    0.222800   29.159891 v _07509_/X (sky130_fd_sc_hd__o21a_1)
                                                         _02460_ (net)
                      0.070355    0.000238   29.160130 v _07512_/A2 (sky130_fd_sc_hd__o211a_1)
     3    0.008584    0.065464    0.240080   29.400209 v _07512_/X (sky130_fd_sc_hd__o211a_1)
                                                         _02463_ (net)
                      0.065464    0.000130   29.400339 v _07514_/A3 (sky130_fd_sc_hd__o31a_1)
     3    0.015472    0.101310    0.302615   29.702953 v _07514_/X (sky130_fd_sc_hd__o31a_1)
                                                         _02465_ (net)
                      0.101310    0.000346   29.703300 v _07517_/A2 (sky130_fd_sc_hd__a211o_1)
     2    0.006255    0.063707    0.326525   30.029825 v _07517_/X (sky130_fd_sc_hd__a211o_1)
                                                         _02468_ (net)
                      0.063707    0.000099   30.029924 v _07518_/B1 (sky130_fd_sc_hd__o21a_1)
     3    0.008844    0.062010    0.135103   30.165028 v _07518_/X (sky130_fd_sc_hd__o21a_1)
                                                         _02469_ (net)
                      0.062010    0.000163   30.165190 v _07519_/B (sky130_fd_sc_hd__nor2_1)
     2    0.009581    0.187001    0.171298   30.336489 ^ _07519_/Y (sky130_fd_sc_hd__nor2_1)
                                                         _02470_ (net)
                      0.187001    0.000128   30.336617 ^ _07520_/A2 (sky130_fd_sc_hd__o211ai_2)
     3    0.012310    0.110836    0.133639   30.470255 v _07520_/Y (sky130_fd_sc_hd__o211ai_2)
                                                         _02471_ (net)
                      0.110836    0.000238   30.470493 v _07522_/A2 (sky130_fd_sc_hd__a21bo_1)
     2    0.005681    0.046794    0.223832   30.694324 v _07522_/X (sky130_fd_sc_hd__a21bo_1)
                                                         _02473_ (net)
                      0.046794    0.000050   30.694374 v _07523_/A2 (sky130_fd_sc_hd__a21o_1)
     2    0.004604    0.040654    0.180929   30.875303 v _07523_/X (sky130_fd_sc_hd__a21o_1)
                                                         _02474_ (net)
                      0.040654    0.000025   30.875328 v _07524_/B1_N (sky130_fd_sc_hd__a21bo_1)
     2    0.008363    0.080837    0.200206   31.075535 ^ _07524_/X (sky130_fd_sc_hd__a21bo_1)
                                                         _02475_ (net)
                      0.080837    0.000039   31.075573 ^ _07525_/A2 (sky130_fd_sc_hd__a21bo_1)
     2    0.013571    0.120413    0.172921   31.248495 ^ _07525_/X (sky130_fd_sc_hd__a21bo_1)
                                                         _02476_ (net)
                      0.120413    0.000220   31.248714 ^ _07526_/A2 (sky130_fd_sc_hd__a21o_1)
     1    0.005433    0.058196    0.142116   31.390831 ^ _07526_/X (sky130_fd_sc_hd__a21o_1)
                                                         _02477_ (net)
                      0.058196    0.000039   31.390869 ^ _07557_/A (sky130_fd_sc_hd__xnor2_1)
     1    0.003099    0.048601    0.068841   31.459711 v _07557_/Y (sky130_fd_sc_hd__xnor2_1)
                                                         _02508_ (net)
                      0.048601    0.000032   31.459742 v _08832_/A2 (sky130_fd_sc_hd__a211o_1)
     1    0.001866    0.043011    0.276835   31.736576 v _08832_/X (sky130_fd_sc_hd__a211o_1)
                                                         _03783_ (net)
                      0.043011    0.000011   31.736588 v _08855_/A1_N (sky130_fd_sc_hd__o2bb2a_1)
     1    0.003410    0.052306    0.235051   31.971640 ^ _08855_/X (sky130_fd_sc_hd__o2bb2a_1)
                                                         _00242_ (net)
                      0.052306    0.000028   31.971666 ^ _13011_/D (sky130_fd_sc_hd__dfrtp_2)
                                             31.971666   data arrival time

                                 50.000000   50.000000   clock clk' (rise edge)
                                  0.000000   50.000000   clock source latency
     2    0.088890    0.195567    0.145068   50.145065 v clk (in)
                                                         clk (net)
                      0.195725    0.000000   50.145065 v clkbuf_0_clk/A (sky130_fd_sc_hd__clkbuf_16)
    17    0.219628    0.146578    0.311488   50.456554 v clkbuf_0_clk/X (sky130_fd_sc_hd__clkbuf_16)
                                                         clknet_0_clk (net)
                      0.146991    0.005638   50.462193 v clkbuf_3_7_0_clk/A (sky130_fd_sc_hd__clkbuf_8)
    15    0.109650    0.120977    0.263906   50.726097 v clkbuf_3_7_0_clk/X (sky130_fd_sc_hd__clkbuf_8)
                                                         clknet_3_7_0_clk (net)
                      0.121277    0.004334   50.730434 v clkbuf_leaf_33_clk/A (sky130_fd_sc_hd__clkbuf_8)
    51    0.138734    0.147463    0.273577   51.004009 v clkbuf_leaf_33_clk/X (sky130_fd_sc_hd__clkbuf_8)
                                                         clknet_leaf_33_clk (net)
                      0.147683    0.003862   51.007870 v _12801__32/A (sky130_fd_sc_hd__inv_2)
     1    0.002315    0.039981    0.067850   51.075722 ^ _12801__32/Y (sky130_fd_sc_hd__inv_2)
                                                         net1342 (net)
                      0.039981    0.000021   51.075741 ^ _13011_/CLK (sky130_fd_sc_hd__dfrtp_2)
                                 -0.250000   50.825741   clock uncertainty
                                  0.000000   50.825741   clock reconvergence pessimism
                                 -0.065970   50.759769   library setup time
                                             50.759769   data required time
---------------------------------------------------------------------------------------------
                                             50.759769   data required time
                                            -31.971666   data arrival time
---------------------------------------------------------------------------------------------
                                             18.788103   slack (MET)




===========================================================================
report_checks --slack_max -0.01
============================================================================
======================= min_tt_025C_1v80 Corner ===================================

No paths found.


===========================================================================
 report_check_types -max_slew -max_cap -max_fanout -violators
============================================================================
======================= min_tt_025C_1v80 Corner ===================================

max slew

Pin                                        Limit        Slew       Slack
------------------------------------------------------------------------
ANTENNA_fanout359_A/DIODE               0.750000    0.962117   -0.212117 (VIOLATED)
fanout359/A                             0.750000    0.962117   -0.212117 (VIOLATED)
ANTENNA_fanout350_A/DIODE               0.750000    0.962054   -0.212054 (VIOLATED)
ANTENNA__12331__Y/DIODE                 0.750000    0.962053   -0.212053 (VIOLATED)
_12331_/Y                               0.750000    0.962053   -0.212053 (VIOLATED)
fanout350/A                             0.750000    0.962053   -0.212053 (VIOLATED)
_07115_/A                               0.750000    0.844220   -0.094220 (VIOLATED)
ANTENNA__07115__A/DIODE                 0.750000    0.844219   -0.094219 (VIOLATED)
_08117_/C1                              0.750000    0.844179   -0.094179 (VIOLATED)
ANTENNA__08117__C1/DIODE                0.750000    0.844178   -0.094178 (VIOLATED)
fanout539/A                             0.750000    0.844154   -0.094154 (VIOLATED)
ANTENNA_fanout539_A/DIODE               0.750000    0.844153   -0.094153 (VIOLATED)
ANTENNA__07107__Y/DIODE                 0.750000    0.843263   -0.093263 (VIOLATED)
_07107_/Y                               0.750000    0.843263   -0.093263 (VIOLATED)
ANTENNA_fanout537_A/DIODE               0.750000    0.825675   -0.075675 (VIOLATED)
fanout537/A                             0.750000    0.825675   -0.075676 (VIOLATED)
_09221_/A1                              0.750000    0.825675   -0.075675 (VIOLATED)
ANTENNA__09221__A1/DIODE                0.750000    0.825675   -0.075675 (VIOLATED)
ANTENNA__07175__Y/DIODE                 0.750000    0.825630   -0.075630 (VIOLATED)
_07175_/Y                               0.750000    0.825627   -0.075627 (VIOLATED)
ANTENNA__06539__Y/DIODE                 0.750000    0.823152   -0.073152 (VIOLATED)
ANTENNA_fanout736_A/DIODE               0.750000    0.823152   -0.073152 (VIOLATED)
ANTENNA_wire739_A/DIODE                 0.750000    0.823152   -0.073152 (VIOLATED)
_06539_/Y                               0.750000    0.823152   -0.073152 (VIOLATED)
fanout736/A                             0.750000    0.823152   -0.073152 (VIOLATED)
wire739/A                               0.750000    0.823152   -0.073152 (VIOLATED)
_08117_/A2                              0.750000    0.776360   -0.026360 (VIOLATED)
_08116_/A2                              0.750000    0.776359   -0.026359 (VIOLATED)
ANTENNA__08116__A2/DIODE                0.750000    0.776359   -0.026359 (VIOLATED)
ANTENNA__08117__A2/DIODE                0.750000    0.776358   -0.026358 (VIOLATED)
_08629_/A2                              0.750000    0.776357   -0.026357 (VIOLATED)
_08118_/A2                              0.750000    0.776357   -0.026357 (VIOLATED)
ANTENNA__08118__A2/DIODE                0.750000    0.776354   -0.026354 (VIOLATED)
ANTENNA__08629__A2/DIODE                0.750000    0.776354   -0.026354 (VIOLATED)
_10423_/A                               0.750000    0.776324   -0.026324 (VIOLATED)
ANTENNA__10423__A/DIODE                 0.750000    0.776324   -0.026324 (VIOLATED)
ANTENNA__08114__Y/DIODE                 0.750000    0.776186   -0.026186 (VIOLATED)
_08114_/Y                               0.750000    0.776186   -0.026186 (VIOLATED)
_11178_/B                               0.750000    0.757808   -0.007808 (VIOLATED)
ANTENNA__11178__B/DIODE                 0.750000    0.757808   -0.007808 (VIOLATED)
ANTENNA__11175__Y/DIODE                 0.750000    0.757806   -0.007806 (VIOLATED)
_11175_/Y                               0.750000    0.757806   -0.007806 (VIOLATED)
ANTENNA_fanout784_A/DIODE               0.750000    0.752202   -0.002202 (VIOLATED)
fanout784/A                             0.750000    0.752201   -0.002202 (VIOLATED)
ANTENNA__06468__Y/DIODE                 0.750000    0.751508   -0.001508 (VIOLATED)
ANTENNA_fanout782_A/DIODE               0.750000    0.751501   -0.001501 (VIOLATED)
fanout782/A                             0.750000    0.751500   -0.001500 (VIOLATED)
_06468_/Y                               0.750000    0.751499   -0.001499 (VIOLATED)

max fanout

Pin                                   Limit Fanout  Slack
---------------------------------------------------------
clkbuf_leaf_14_clk/X                     10     53    -43 (VIOLATED)
clkbuf_leaf_15_clk/X                     10     53    -43 (VIOLATED)
clkbuf_leaf_17_clk/X                     10     53    -43 (VIOLATED)
clkbuf_leaf_18_clk/X                     10     53    -43 (VIOLATED)
clkbuf_leaf_34_clk/X                     10     53    -43 (VIOLATED)
clkbuf_leaf_36_clk/X                     10     53    -43 (VIOLATED)
clkbuf_leaf_49_clk/X                     10     53    -43 (VIOLATED)
clkbuf_leaf_0_clk/X                      10     51    -41 (VIOLATED)
clkbuf_leaf_10_clk/X                     10     51    -41 (VIOLATED)
clkbuf_leaf_11_clk/X                     10     51    -41 (VIOLATED)
clkbuf_leaf_13_clk/X                     10     51    -41 (VIOLATED)
clkbuf_leaf_19_clk/X                     10     51    -41 (VIOLATED)
clkbuf_leaf_1_clk/X                      10     51    -41 (VIOLATED)
clkbuf_leaf_2_clk/X                      10     51    -41 (VIOLATED)
clkbuf_leaf_33_clk/X                     10     51    -41 (VIOLATED)
clkbuf_leaf_35_clk/X                     10     51    -41 (VIOLATED)
clkbuf_leaf_39_clk/X                     10     51    -41 (VIOLATED)
clkbuf_leaf_3_clk/X                      10     51    -41 (VIOLATED)
clkbuf_leaf_40_clk/X                     10     51    -41 (VIOLATED)
clkbuf_leaf_44_clk/X                     10     51    -41 (VIOLATED)
clkbuf_leaf_45_clk/X                     10     51    -41 (VIOLATED)
clkbuf_leaf_47_clk/X                     10     51    -41 (VIOLATED)
clkbuf_leaf_4_clk/X                      10     51    -41 (VIOLATED)
clkbuf_leaf_50_clk/X                     10     51    -41 (VIOLATED)
clkbuf_leaf_52_clk/X                     10     51    -41 (VIOLATED)
clkbuf_leaf_54_clk/X                     10     51    -41 (VIOLATED)
clkbuf_leaf_58_clk/X                     10     51    -41 (VIOLATED)
clkbuf_leaf_59_clk/X                     10     51    -41 (VIOLATED)
clkbuf_leaf_60_clk/X                     10     51    -41 (VIOLATED)
clkbuf_leaf_61_clk/X                     10     51    -41 (VIOLATED)
clkbuf_leaf_62_clk/X                     10     51    -41 (VIOLATED)
clkbuf_leaf_65_clk/X                     10     51    -41 (VIOLATED)
clkbuf_leaf_6_clk/X                      10     51    -41 (VIOLATED)
clkbuf_leaf_16_clk/X                     10     49    -39 (VIOLATED)
clkbuf_leaf_38_clk/X                     10     49    -39 (VIOLATED)
clkbuf_leaf_51_clk/X                     10     49    -39 (VIOLATED)
clkbuf_leaf_53_clk/X                     10     49    -39 (VIOLATED)
clkbuf_leaf_8_clk/X                      10     49    -39 (VIOLATED)
clkbuf_leaf_42_clk/X                     10     47    -37 (VIOLATED)
clkbuf_leaf_20_clk/X                     10     45    -35 (VIOLATED)
clkbuf_leaf_63_clk/X                     10     45    -35 (VIOLATED)
clkbuf_leaf_46_clk/X                     10     43    -33 (VIOLATED)
clkbuf_leaf_48_clk/X                     10     43    -33 (VIOLATED)
clkbuf_leaf_56_clk/X                     10     43    -33 (VIOLATED)
clkbuf_leaf_7_clk/X                      10     43    -33 (VIOLATED)
clkbuf_leaf_9_clk/X                      10     43    -33 (VIOLATED)
clkbuf_leaf_5_clk/X                      10     41    -31 (VIOLATED)
clkbuf_leaf_29_clk/X                     10     39    -29 (VIOLATED)
clkbuf_leaf_41_clk/X                     10     39    -29 (VIOLATED)
clkbuf_leaf_43_clk/X                     10     39    -29 (VIOLATED)
clkbuf_leaf_25_clk/X                     10     37    -27 (VIOLATED)
clkbuf_leaf_21_clk/X                     10     35    -25 (VIOLATED)
clkbuf_leaf_37_clk/X                     10     35    -25 (VIOLATED)
clkbuf_leaf_57_clk/X                     10     33    -23 (VIOLATED)
clkbuf_leaf_24_clk/X                     10     31    -21 (VIOLATED)
clkbuf_leaf_22_clk/X                     10     27    -17 (VIOLATED)
fanout402/X                              10     22    -12 (VIOLATED)
_06870_/X                                10     21    -11 (VIOLATED)
_09123_/Y                                10     21    -11 (VIOLATED)
_09127_/X                                10     21    -11 (VIOLATED)
_09168_/Y                                10     21    -11 (VIOLATED)
_09422_/Y                                10     21    -11 (VIOLATED)
clkbuf_3_0_0_clk/X                       10     21    -11 (VIOLATED)
clkbuf_3_1_0_clk/X                       10     21    -11 (VIOLATED)
clkbuf_3_2_0_clk/X                       10     21    -11 (VIOLATED)
clkbuf_3_3_0_clk/X                       10     21    -11 (VIOLATED)
clkbuf_3_5_0_clk/X                       10     21    -11 (VIOLATED)
fanout1000/X                             10     21    -11 (VIOLATED)
fanout1001/X                             10     21    -11 (VIOLATED)
fanout1002/X                             10     21    -11 (VIOLATED)
fanout1003/X                             10     21    -11 (VIOLATED)
fanout1005/X                             10     21    -11 (VIOLATED)
fanout1006/X                             10     21    -11 (VIOLATED)
fanout1008/X                             10     21    -11 (VIOLATED)
fanout1011/X                             10     21    -11 (VIOLATED)
fanout1013/X                             10     21    -11 (VIOLATED)
fanout1018/X                             10     21    -11 (VIOLATED)
fanout1023/X                             10     21    -11 (VIOLATED)
fanout1024/X                             10     21    -11 (VIOLATED)
fanout1025/X                             10     21    -11 (VIOLATED)
fanout1029/X                             10     21    -11 (VIOLATED)
fanout1030/X                             10     21    -11 (VIOLATED)
fanout1032/X                             10     21    -11 (VIOLATED)
fanout1033/X                             10     21    -11 (VIOLATED)
fanout1037/X                             10     21    -11 (VIOLATED)
fanout1042/X                             10     21    -11 (VIOLATED)
fanout1049/X                             10     21    -11 (VIOLATED)
fanout1050/X                             10     21    -11 (VIOLATED)
fanout1052/X                             10     21    -11 (VIOLATED)
fanout1053/X                             10     21    -11 (VIOLATED)
fanout1055/X                             10     21    -11 (VIOLATED)
fanout1057/X                             10     21    -11 (VIOLATED)
fanout1059/X                             10     21    -11 (VIOLATED)
fanout1068/X                             10     21    -11 (VIOLATED)
fanout1090/X                             10     21    -11 (VIOLATED)
fanout1145/X                             10     21    -11 (VIOLATED)
fanout1153/X                             10     21    -11 (VIOLATED)
fanout1154/X                             10     21    -11 (VIOLATED)
fanout1161/X                             10     21    -11 (VIOLATED)
fanout1165/X                             10     21    -11 (VIOLATED)
fanout1195/X                             10     21    -11 (VIOLATED)
fanout1234/X                             10     21    -11 (VIOLATED)
fanout176/X                              10     21    -11 (VIOLATED)
fanout188/X                              10     21    -11 (VIOLATED)
fanout195/X                              10     21    -11 (VIOLATED)
fanout196/X                              10     21    -11 (VIOLATED)
fanout197/X                              10     21    -11 (VIOLATED)
fanout198/X                              10     21    -11 (VIOLATED)
fanout207/X                              10     21    -11 (VIOLATED)
fanout208/X                              10     21    -11 (VIOLATED)
fanout209/X                              10     21    -11 (VIOLATED)
fanout212/X                              10     21    -11 (VIOLATED)
fanout215/X                              10     21    -11 (VIOLATED)
fanout220/X                              10     21    -11 (VIOLATED)
fanout221/X                              10     21    -11 (VIOLATED)
fanout224/X                              10     21    -11 (VIOLATED)
fanout227/X                              10     21    -11 (VIOLATED)
fanout228/X                              10     21    -11 (VIOLATED)
fanout231/X                              10     21    -11 (VIOLATED)
fanout233/X                              10     21    -11 (VIOLATED)
fanout235/X                              10     21    -11 (VIOLATED)
fanout240/X                              10     21    -11 (VIOLATED)
fanout242/X                              10     21    -11 (VIOLATED)
fanout244/X                              10     21    -11 (VIOLATED)
fanout245/X                              10     21    -11 (VIOLATED)
fanout246/X                              10     21    -11 (VIOLATED)
fanout248/X                              10     21    -11 (VIOLATED)
fanout250/X                              10     21    -11 (VIOLATED)
fanout251/X                              10     21    -11 (VIOLATED)
fanout252/X                              10     21    -11 (VIOLATED)
fanout253/X                              10     21    -11 (VIOLATED)
fanout254/X                              10     21    -11 (VIOLATED)
fanout255/X                              10     21    -11 (VIOLATED)
fanout258/X                              10     21    -11 (VIOLATED)
fanout261/X                              10     21    -11 (VIOLATED)
fanout263/X                              10     21    -11 (VIOLATED)
fanout264/X                              10     21    -11 (VIOLATED)
fanout265/X                              10     21    -11 (VIOLATED)
fanout266/X                              10     21    -11 (VIOLATED)
fanout268/X                              10     21    -11 (VIOLATED)
fanout270/X                              10     21    -11 (VIOLATED)
fanout272/X                              10     21    -11 (VIOLATED)
fanout274/X                              10     21    -11 (VIOLATED)
fanout276/X                              10     21    -11 (VIOLATED)
fanout280/X                              10     21    -11 (VIOLATED)
fanout282/X                              10     21    -11 (VIOLATED)
fanout283/X                              10     21    -11 (VIOLATED)
fanout285/X                              10     21    -11 (VIOLATED)
fanout288/X                              10     21    -11 (VIOLATED)
fanout291/X                              10     21    -11 (VIOLATED)
fanout292/X                              10     21    -11 (VIOLATED)
fanout294/X                              10     21    -11 (VIOLATED)
fanout296/X                              10     21    -11 (VIOLATED)
fanout298/X                              10     21    -11 (VIOLATED)
fanout300/X                              10     21    -11 (VIOLATED)
fanout302/X                              10     21    -11 (VIOLATED)
fanout304/X                              10     21    -11 (VIOLATED)
fanout306/X                              10     21    -11 (VIOLATED)
fanout308/X                              10     21    -11 (VIOLATED)
fanout310/X                              10     21    -11 (VIOLATED)
fanout312/X                              10     21    -11 (VIOLATED)
fanout314/X                              10     21    -11 (VIOLATED)
fanout316/X                              10     21    -11 (VIOLATED)
fanout318/X                              10     21    -11 (VIOLATED)
fanout319/X                              10     21    -11 (VIOLATED)
fanout320/X                              10     21    -11 (VIOLATED)
fanout321/X                              10     21    -11 (VIOLATED)
fanout322/X                              10     21    -11 (VIOLATED)
fanout324/X                              10     21    -11 (VIOLATED)
fanout326/X                              10     21    -11 (VIOLATED)
fanout328/X                              10     21    -11 (VIOLATED)
fanout330/X                              10     21    -11 (VIOLATED)
fanout332/X                              10     21    -11 (VIOLATED)
fanout334/X                              10     21    -11 (VIOLATED)
fanout336/X                              10     21    -11 (VIOLATED)
fanout338/X                              10     21    -11 (VIOLATED)
fanout339/X                              10     21    -11 (VIOLATED)
fanout340/X                              10     21    -11 (VIOLATED)
fanout342/X                              10     21    -11 (VIOLATED)
fanout343/X                              10     21    -11 (VIOLATED)
fanout344/X                              10     21    -11 (VIOLATED)
fanout346/X                              10     21    -11 (VIOLATED)
fanout348/X                              10     21    -11 (VIOLATED)
fanout349/X                              10     21    -11 (VIOLATED)
fanout351/X                              10     21    -11 (VIOLATED)
fanout353/X                              10     21    -11 (VIOLATED)
fanout354/X                              10     21    -11 (VIOLATED)
fanout355/X                              10     21    -11 (VIOLATED)
fanout357/X                              10     21    -11 (VIOLATED)
fanout360/X                              10     21    -11 (VIOLATED)
fanout361/X                              10     21    -11 (VIOLATED)
fanout362/X                              10     21    -11 (VIOLATED)
fanout364/X                              10     21    -11 (VIOLATED)
fanout366/X                              10     21    -11 (VIOLATED)
fanout368/X                              10     21    -11 (VIOLATED)
fanout370/X                              10     21    -11 (VIOLATED)
fanout372/X                              10     21    -11 (VIOLATED)
fanout374/X                              10     21    -11 (VIOLATED)
fanout376/X                              10     21    -11 (VIOLATED)
fanout378/X                              10     21    -11 (VIOLATED)
fanout380/X                              10     21    -11 (VIOLATED)
fanout382/X                              10     21    -11 (VIOLATED)
fanout384/X                              10     21    -11 (VIOLATED)
fanout386/X                              10     21    -11 (VIOLATED)
fanout388/X                              10     21    -11 (VIOLATED)
fanout390/X                              10     21    -11 (VIOLATED)
fanout392/X                              10     21    -11 (VIOLATED)
fanout394/X                              10     21    -11 (VIOLATED)
fanout396/X                              10     21    -11 (VIOLATED)
fanout398/X                              10     21    -11 (VIOLATED)
fanout400/X                              10     21    -11 (VIOLATED)
fanout404/X                              10     21    -11 (VIOLATED)
fanout406/X                              10     21    -11 (VIOLATED)
fanout408/X                              10     21    -11 (VIOLATED)
fanout410/X                              10     21    -11 (VIOLATED)
fanout412/X                              10     21    -11 (VIOLATED)
fanout414/X                              10     21    -11 (VIOLATED)
fanout416/X                              10     21    -11 (VIOLATED)
fanout418/X                              10     21    -11 (VIOLATED)
fanout420/X                              10     21    -11 (VIOLATED)
fanout421/X                              10     21    -11 (VIOLATED)
fanout423/X                              10     21    -11 (VIOLATED)
fanout425/X                              10     21    -11 (VIOLATED)
fanout427/X                              10     21    -11 (VIOLATED)
fanout428/X                              10     21    -11 (VIOLATED)
fanout429/X                              10     21    -11 (VIOLATED)
fanout430/X                              10     21    -11 (VIOLATED)
fanout432/X                              10     21    -11 (VIOLATED)
fanout434/X                              10     21    -11 (VIOLATED)
fanout435/X                              10     21    -11 (VIOLATED)
fanout436/X                              10     21    -11 (VIOLATED)
fanout438/X                              10     21    -11 (VIOLATED)
fanout440/X                              10     21    -11 (VIOLATED)
fanout441/X                              10     21    -11 (VIOLATED)
fanout442/X                              10     21    -11 (VIOLATED)
fanout445/X                              10     21    -11 (VIOLATED)
fanout446/X                              10     21    -11 (VIOLATED)
fanout447/X                              10     21    -11 (VIOLATED)
fanout448/X                              10     21    -11 (VIOLATED)
fanout450/X                              10     21    -11 (VIOLATED)
fanout453/X                              10     21    -11 (VIOLATED)
fanout459/X                              10     21    -11 (VIOLATED)
fanout469/X                              10     21    -11 (VIOLATED)
fanout470/X                              10     21    -11 (VIOLATED)
fanout476/X                              10     21    -11 (VIOLATED)
fanout477/X                              10     21    -11 (VIOLATED)
fanout494/X                              10     21    -11 (VIOLATED)
fanout495/X                              10     21    -11 (VIOLATED)
fanout496/X                              10     21    -11 (VIOLATED)
fanout497/X                              10     21    -11 (VIOLATED)
fanout498/X                              10     21    -11 (VIOLATED)
fanout500/X                              10     21    -11 (VIOLATED)
fanout501/X                              10     21    -11 (VIOLATED)
fanout502/X                              10     21    -11 (VIOLATED)
fanout503/X                              10     21    -11 (VIOLATED)
fanout505/X                              10     21    -11 (VIOLATED)
fanout506/X                              10     21    -11 (VIOLATED)
fanout508/X                              10     21    -11 (VIOLATED)
fanout510/X                              10     21    -11 (VIOLATED)
fanout512/X                              10     21    -11 (VIOLATED)
fanout514/X                              10     21    -11 (VIOLATED)
fanout517/X                              10     21    -11 (VIOLATED)
fanout518/X                              10     21    -11 (VIOLATED)
fanout519/X                              10     21    -11 (VIOLATED)
fanout521/X                              10     21    -11 (VIOLATED)
fanout523/X                              10     21    -11 (VIOLATED)
fanout527/X                              10     21    -11 (VIOLATED)
fanout535/X                              10     21    -11 (VIOLATED)
fanout537/X                              10     21    -11 (VIOLATED)
fanout538/X                              10     21    -11 (VIOLATED)
fanout539/X                              10     21    -11 (VIOLATED)
fanout540/X                              10     21    -11 (VIOLATED)
fanout542/X                              10     21    -11 (VIOLATED)
fanout544/X                              10     21    -11 (VIOLATED)
fanout545/X                              10     21    -11 (VIOLATED)
fanout546/X                              10     21    -11 (VIOLATED)
fanout548/X                              10     21    -11 (VIOLATED)
fanout549/X                              10     21    -11 (VIOLATED)
fanout550/X                              10     21    -11 (VIOLATED)
fanout551/X                              10     21    -11 (VIOLATED)
fanout552/X                              10     21    -11 (VIOLATED)
fanout553/X                              10     21    -11 (VIOLATED)
fanout555/X                              10     21    -11 (VIOLATED)
fanout563/X                              10     21    -11 (VIOLATED)
fanout564/X                              10     21    -11 (VIOLATED)
fanout566/X                              10     21    -11 (VIOLATED)
fanout568/X                              10     21    -11 (VIOLATED)
fanout569/X                              10     21    -11 (VIOLATED)
fanout572/X                              10     21    -11 (VIOLATED)
fanout574/X                              10     21    -11 (VIOLATED)
fanout577/X                              10     21    -11 (VIOLATED)
fanout578/X                              10     21    -11 (VIOLATED)
fanout579/X                              10     21    -11 (VIOLATED)
fanout582/X                              10     21    -11 (VIOLATED)
fanout585/X                              10     21    -11 (VIOLATED)
fanout586/X                              10     21    -11 (VIOLATED)
fanout588/X                              10     21    -11 (VIOLATED)
fanout589/X                              10     21    -11 (VIOLATED)
fanout592/X                              10     21    -11 (VIOLATED)
fanout594/X                              10     21    -11 (VIOLATED)
fanout599/X                              10     21    -11 (VIOLATED)
fanout613/X                              10     21    -11 (VIOLATED)
fanout621/X                              10     21    -11 (VIOLATED)
fanout622/X                              10     21    -11 (VIOLATED)
fanout625/X                              10     21    -11 (VIOLATED)
fanout626/X                              10     21    -11 (VIOLATED)
fanout628/X                              10     21    -11 (VIOLATED)
fanout630/X                              10     21    -11 (VIOLATED)
fanout631/X                              10     21    -11 (VIOLATED)
fanout632/X                              10     21    -11 (VIOLATED)
fanout634/X                              10     21    -11 (VIOLATED)
fanout635/X                              10     21    -11 (VIOLATED)
fanout636/X                              10     21    -11 (VIOLATED)
fanout638/X                              10     21    -11 (VIOLATED)
fanout640/X                              10     21    -11 (VIOLATED)
fanout641/X                              10     21    -11 (VIOLATED)
fanout643/X                              10     21    -11 (VIOLATED)
fanout644/X                              10     21    -11 (VIOLATED)
fanout646/X                              10     21    -11 (VIOLATED)
fanout648/X                              10     21    -11 (VIOLATED)
fanout649/X                              10     21    -11 (VIOLATED)
fanout651/X                              10     21    -11 (VIOLATED)
fanout652/X                              10     21    -11 (VIOLATED)
fanout656/X                              10     21    -11 (VIOLATED)
fanout658/X                              10     21    -11 (VIOLATED)
fanout659/X                              10     21    -11 (VIOLATED)
fanout660/X                              10     21    -11 (VIOLATED)
fanout662/X                              10     21    -11 (VIOLATED)
fanout665/X                              10     21    -11 (VIOLATED)
fanout667/X                              10     21    -11 (VIOLATED)
fanout668/X                              10     21    -11 (VIOLATED)
fanout669/X                              10     21    -11 (VIOLATED)
fanout674/X                              10     21    -11 (VIOLATED)
fanout675/X                              10     21    -11 (VIOLATED)
fanout676/X                              10     21    -11 (VIOLATED)
fanout677/X                              10     21    -11 (VIOLATED)
fanout679/X                              10     21    -11 (VIOLATED)
fanout680/X                              10     21    -11 (VIOLATED)
fanout682/X                              10     21    -11 (VIOLATED)
fanout684/X                              10     21    -11 (VIOLATED)
fanout686/X                              10     21    -11 (VIOLATED)
fanout687/X                              10     21    -11 (VIOLATED)
fanout691/X                              10     21    -11 (VIOLATED)
fanout693/X                              10     21    -11 (VIOLATED)
fanout696/X                              10     21    -11 (VIOLATED)
fanout697/X                              10     21    -11 (VIOLATED)
fanout698/X                              10     21    -11 (VIOLATED)
fanout699/X                              10     21    -11 (VIOLATED)
fanout702/X                              10     21    -11 (VIOLATED)
fanout703/X                              10     21    -11 (VIOLATED)
fanout704/X                              10     21    -11 (VIOLATED)
fanout707/X                              10     21    -11 (VIOLATED)
fanout709/X                              10     21    -11 (VIOLATED)
fanout710/X                              10     21    -11 (VIOLATED)
fanout711/X                              10     21    -11 (VIOLATED)
fanout716/X                              10     21    -11 (VIOLATED)
fanout719/X                              10     21    -11 (VIOLATED)
fanout722/X                              10     21    -11 (VIOLATED)
fanout723/X                              10     21    -11 (VIOLATED)
fanout725/X                              10     21    -11 (VIOLATED)
fanout727/X                              10     21    -11 (VIOLATED)
fanout728/X                              10     21    -11 (VIOLATED)
fanout729/X                              10     21    -11 (VIOLATED)
fanout731/X                              10     21    -11 (VIOLATED)
fanout732/X                              10     21    -11 (VIOLATED)
fanout733/X                              10     21    -11 (VIOLATED)
fanout736/X                              10     21    -11 (VIOLATED)
fanout738/X                              10     21    -11 (VIOLATED)
fanout744/X                              10     21    -11 (VIOLATED)
fanout745/X                              10     21    -11 (VIOLATED)
fanout747/X                              10     21    -11 (VIOLATED)
fanout749/X                              10     21    -11 (VIOLATED)
fanout752/X                              10     21    -11 (VIOLATED)
fanout753/X                              10     21    -11 (VIOLATED)
fanout756/X                              10     21    -11 (VIOLATED)
fanout757/X                              10     21    -11 (VIOLATED)
fanout761/X                              10     21    -11 (VIOLATED)
fanout762/X                              10     21    -11 (VIOLATED)
fanout764/X                              10     21    -11 (VIOLATED)
fanout765/X                              10     21    -11 (VIOLATED)
fanout767/X                              10     21    -11 (VIOLATED)
fanout768/X                              10     21    -11 (VIOLATED)
fanout769/X                              10     21    -11 (VIOLATED)
fanout770/X                              10     21    -11 (VIOLATED)
fanout772/X                              10     21    -11 (VIOLATED)
fanout773/X                              10     21    -11 (VIOLATED)
fanout774/X                              10     21    -11 (VIOLATED)
fanout775/X                              10     21    -11 (VIOLATED)
fanout776/X                              10     21    -11 (VIOLATED)
fanout780/X                              10     21    -11 (VIOLATED)
fanout783/X                              10     21    -11 (VIOLATED)
fanout785/X                              10     21    -11 (VIOLATED)
fanout787/X                              10     21    -11 (VIOLATED)
fanout789/X                              10     21    -11 (VIOLATED)
fanout790/X                              10     21    -11 (VIOLATED)
fanout791/X                              10     21    -11 (VIOLATED)
fanout792/X                              10     21    -11 (VIOLATED)
fanout793/X                              10     21    -11 (VIOLATED)
fanout796/X                              10     21    -11 (VIOLATED)
fanout801/X                              10     21    -11 (VIOLATED)
fanout805/X                              10     21    -11 (VIOLATED)
fanout817/X                              10     21    -11 (VIOLATED)
fanout821/X                              10     21    -11 (VIOLATED)
fanout823/X                              10     21    -11 (VIOLATED)
fanout825/X                              10     21    -11 (VIOLATED)
fanout835/X                              10     21    -11 (VIOLATED)
fanout839/X                              10     21    -11 (VIOLATED)
fanout851/X                              10     21    -11 (VIOLATED)
fanout855/X                              10     21    -11 (VIOLATED)
fanout862/X                              10     21    -11 (VIOLATED)
fanout864/X                              10     21    -11 (VIOLATED)
fanout867/X                              10     21    -11 (VIOLATED)
fanout874/X                              10     21    -11 (VIOLATED)
fanout877/X                              10     21    -11 (VIOLATED)
fanout881/X                              10     21    -11 (VIOLATED)
fanout882/X                              10     21    -11 (VIOLATED)
fanout884/X                              10     21    -11 (VIOLATED)
fanout885/X                              10     21    -11 (VIOLATED)
fanout892/X                              10     21    -11 (VIOLATED)
fanout898/X                              10     21    -11 (VIOLATED)
fanout902/X                              10     21    -11 (VIOLATED)
fanout906/X                              10     21    -11 (VIOLATED)
fanout912/X                              10     21    -11 (VIOLATED)
fanout913/X                              10     21    -11 (VIOLATED)
fanout915/X                              10     21    -11 (VIOLATED)
fanout919/X                              10     21    -11 (VIOLATED)
fanout931/X                              10     21    -11 (VIOLATED)
fanout935/X                              10     21    -11 (VIOLATED)
fanout937/X                              10     21    -11 (VIOLATED)
fanout942/X                              10     21    -11 (VIOLATED)
fanout944/X                              10     21    -11 (VIOLATED)
fanout950/X                              10     21    -11 (VIOLATED)
fanout955/X                              10     21    -11 (VIOLATED)
fanout956/X                              10     21    -11 (VIOLATED)
fanout958/X                              10     21    -11 (VIOLATED)
fanout960/X                              10     21    -11 (VIOLATED)
fanout961/X                              10     21    -11 (VIOLATED)
fanout962/X                              10     21    -11 (VIOLATED)
fanout964/X                              10     21    -11 (VIOLATED)
fanout966/X                              10     21    -11 (VIOLATED)
fanout970/X                              10     21    -11 (VIOLATED)
fanout973/X                              10     21    -11 (VIOLATED)
fanout983/X                              10     21    -11 (VIOLATED)
fanout984/X                              10     21    -11 (VIOLATED)
fanout988/X                              10     21    -11 (VIOLATED)
fanout997/X                              10     21    -11 (VIOLATED)
fanout998/X                              10     21    -11 (VIOLATED)
wire541/X                                10     21    -11 (VIOLATED)
_06706_/Y                                10     19     -9 (VIOLATED)
_07374_/Y                                10     19     -9 (VIOLATED)
_08599_/X                                10     19     -9 (VIOLATED)
_09303_/Y                                10     19     -9 (VIOLATED)
_10072_/X                                10     19     -9 (VIOLATED)
_10190_/Y                                10     19     -9 (VIOLATED)
clkbuf_3_4_0_clk/X                       10     19     -9 (VIOLATED)
clkbuf_leaf_28_clk/X                     10     19     -9 (VIOLATED)
clkbuf_leaf_55_clk/X                     10     19     -9 (VIOLATED)
fanout1060/X                             10     19     -9 (VIOLATED)
fanout187/X                              10     19     -9 (VIOLATED)
fanout206/X                              10     19     -9 (VIOLATED)
fanout213/X                              10     19     -9 (VIOLATED)
fanout217/X                              10     19     -9 (VIOLATED)
fanout219/X                              10     19     -9 (VIOLATED)
fanout257/X                              10     19     -9 (VIOLATED)
fanout269/X                              10     19     -9 (VIOLATED)
fanout273/X                              10     19     -9 (VIOLATED)
fanout281/X                              10     19     -9 (VIOLATED)
fanout290/X                              10     19     -9 (VIOLATED)
fanout331/X                              10     19     -9 (VIOLATED)
fanout335/X                              10     19     -9 (VIOLATED)
fanout365/X                              10     19     -9 (VIOLATED)
fanout409/X                              10     19     -9 (VIOLATED)
fanout413/X                              10     19     -9 (VIOLATED)
fanout417/X                              10     19     -9 (VIOLATED)
fanout443/X                              10     19     -9 (VIOLATED)
fanout454/X                              10     19     -9 (VIOLATED)
fanout482/X                              10     19     -9 (VIOLATED)
fanout507/X                              10     19     -9 (VIOLATED)
fanout511/X                              10     19     -9 (VIOLATED)
fanout561/X                              10     19     -9 (VIOLATED)
fanout573/X                              10     19     -9 (VIOLATED)
fanout603/X                              10     19     -9 (VIOLATED)
fanout612/X                              10     19     -9 (VIOLATED)
fanout627/X                              10     19     -9 (VIOLATED)
fanout663/X                              10     19     -9 (VIOLATED)
fanout692/X                              10     19     -9 (VIOLATED)
fanout700/X                              10     19     -9 (VIOLATED)
fanout705/X                              10     19     -9 (VIOLATED)
fanout714/X                              10     19     -9 (VIOLATED)
fanout718/X                              10     19     -9 (VIOLATED)
fanout751/X                              10     19     -9 (VIOLATED)
fanout763/X                              10     19     -9 (VIOLATED)
fanout766/X                              10     19     -9 (VIOLATED)
fanout784/X                              10     19     -9 (VIOLATED)
fanout795/X                              10     19     -9 (VIOLATED)
fanout876/X                              10     19     -9 (VIOLATED)
fanout886/X                              10     19     -9 (VIOLATED)
fanout909/X                              10     19     -9 (VIOLATED)
fanout959/X                              10     19     -9 (VIOLATED)
clkbuf_leaf_64_clk/X                     10     18     -8 (VIOLATED)
_06675_/Y                                10     17     -7 (VIOLATED)
_06709_/X                                10     17     -7 (VIOLATED)
_06771_/X                                10     17     -7 (VIOLATED)
_08704_/Y                                10     17     -7 (VIOLATED)
_09153_/Y                                10     17     -7 (VIOLATED)
_09205_/X                                10     17     -7 (VIOLATED)
_09423_/X                                10     17     -7 (VIOLATED)
_10397_/X                                10     17     -7 (VIOLATED)
_10414_/X                                10     17     -7 (VIOLATED)
_11128_/Y                                10     17     -7 (VIOLATED)
clkbuf_0_clk/X                           10     17     -7 (VIOLATED)
fanout1007/X                             10     17     -7 (VIOLATED)
fanout1036/X                             10     17     -7 (VIOLATED)
fanout1127/X                             10     17     -7 (VIOLATED)
fanout1244/X                             10     17     -7 (VIOLATED)
fanout232/X                              10     17     -7 (VIOLATED)
fanout277/X                              10     17     -7 (VIOLATED)
fanout295/X                              10     17     -7 (VIOLATED)
fanout299/X                              10     17     -7 (VIOLATED)
fanout303/X                              10     17     -7 (VIOLATED)
fanout307/X                              10     17     -7 (VIOLATED)
fanout315/X                              10     17     -7 (VIOLATED)
fanout323/X                              10     17     -7 (VIOLATED)
fanout327/X                              10     17     -7 (VIOLATED)
fanout347/X                              10     17     -7 (VIOLATED)
fanout369/X                              10     17     -7 (VIOLATED)
fanout373/X                              10     17     -7 (VIOLATED)
fanout377/X                              10     17     -7 (VIOLATED)
fanout387/X                              10     17     -7 (VIOLATED)
fanout391/X                              10     17     -7 (VIOLATED)
fanout401/X                              10     17     -7 (VIOLATED)
fanout405/X                              10     17     -7 (VIOLATED)
fanout424/X                              10     17     -7 (VIOLATED)
fanout426/X                              10     17     -7 (VIOLATED)
fanout439/X                              10     17     -7 (VIOLATED)
fanout463/X                              10     17     -7 (VIOLATED)
fanout464/X                              10     17     -7 (VIOLATED)
fanout474/X                              10     17     -7 (VIOLATED)
fanout522/X                              10     17     -7 (VIOLATED)
fanout567/X                              10     17     -7 (VIOLATED)
fanout590/X                              10     17     -7 (VIOLATED)
fanout683/X                              10     17     -7 (VIOLATED)
fanout685/X                              10     17     -7 (VIOLATED)
fanout720/X                              10     17     -7 (VIOLATED)
fanout743/X                              10     17     -7 (VIOLATED)
fanout750/X                              10     17     -7 (VIOLATED)
fanout760/X                              10     17     -7 (VIOLATED)
fanout794/X                              10     17     -7 (VIOLATED)
fanout802/X                              10     17     -7 (VIOLATED)
fanout854/X                              10     17     -7 (VIOLATED)
fanout860/X                              10     17     -7 (VIOLATED)
fanout872/X                              10     17     -7 (VIOLATED)
fanout883/X                              10     17     -7 (VIOLATED)
fanout934/X                              10     17     -7 (VIOLATED)
_11990_/X                                10     16     -6 (VIOLATED)
_06556_/X                                10     15     -5 (VIOLATED)
_06615_/Y                                10     15     -5 (VIOLATED)
_06619_/X                                10     15     -5 (VIOLATED)
_06645_/Y                                10     15     -5 (VIOLATED)
_06648_/Y                                10     15     -5 (VIOLATED)
_06679_/X                                10     15     -5 (VIOLATED)
_06837_/Y                                10     15     -5 (VIOLATED)
_07110_/Y                                10     15     -5 (VIOLATED)
_07468_/Y                                10     15     -5 (VIOLATED)
_07594_/X                                10     15     -5 (VIOLATED)
_08666_/X                                10     15     -5 (VIOLATED)
_09178_/X                                10     15     -5 (VIOLATED)
_10164_/X                                10     15     -5 (VIOLATED)
_11323_/X                                10     15     -5 (VIOLATED)
_12870_/Q                                10     15     -5 (VIOLATED)
_12875_/Q                                10     15     -5 (VIOLATED)
_12879_/Q                                10     15     -5 (VIOLATED)
_12880_/Q                                10     15     -5 (VIOLATED)
_12882_/Q                                10     15     -5 (VIOLATED)
_12883_/Q                                10     15     -5 (VIOLATED)
_12884_/Q                                10     15     -5 (VIOLATED)
_12888_/Q                                10     15     -5 (VIOLATED)
_12889_/Q                                10     15     -5 (VIOLATED)
_12897_/Q                                10     15     -5 (VIOLATED)
_12972_/Q                                10     15     -5 (VIOLATED)
clkbuf_3_7_0_clk/X                       10     15     -5 (VIOLATED)
clkbuf_leaf_12_clk/X                     10     15     -5 (VIOLATED)
clkbuf_leaf_30_clk/X                     10     15     -5 (VIOLATED)
fanout1017/X                             10     15     -5 (VIOLATED)
fanout1035/X                             10     15     -5 (VIOLATED)
fanout1038/X                             10     15     -5 (VIOLATED)
fanout1056/X                             10     15     -5 (VIOLATED)
fanout1058/X                             10     15     -5 (VIOLATED)
fanout1069/X                             10     15     -5 (VIOLATED)
fanout1105/X                             10     15     -5 (VIOLATED)
fanout1162/X                             10     15     -5 (VIOLATED)
fanout1192/X                             10     15     -5 (VIOLATED)
fanout1196/X                             10     15     -5 (VIOLATED)
fanout223/X                              10     15     -5 (VIOLATED)
fanout249/X                              10     15     -5 (VIOLATED)
fanout293/X                              10     15     -5 (VIOLATED)
fanout311/X                              10     15     -5 (VIOLATED)
fanout352/X                              10     15     -5 (VIOLATED)
fanout358/X                              10     15     -5 (VIOLATED)
fanout381/X                              10     15     -5 (VIOLATED)
fanout393/X                              10     15     -5 (VIOLATED)
fanout395/X                              10     15     -5 (VIOLATED)
fanout397/X                              10     15     -5 (VIOLATED)
fanout399/X                              10     15     -5 (VIOLATED)
fanout433/X                              10     15     -5 (VIOLATED)
fanout437/X                              10     15     -5 (VIOLATED)
fanout449/X                              10     15     -5 (VIOLATED)
fanout490/X                              10     15     -5 (VIOLATED)
fanout504/X                              10     15     -5 (VIOLATED)
fanout593/X                              10     15     -5 (VIOLATED)
fanout620/X                              10     15     -5 (VIOLATED)
fanout645/X                              10     15     -5 (VIOLATED)
fanout650/X                              10     15     -5 (VIOLATED)
fanout670/X                              10     15     -5 (VIOLATED)
fanout672/X                              10     15     -5 (VIOLATED)
fanout678/X                              10     15     -5 (VIOLATED)
fanout681/X                              10     15     -5 (VIOLATED)
fanout694/X                              10     15     -5 (VIOLATED)
fanout701/X                              10     15     -5 (VIOLATED)
fanout706/X                              10     15     -5 (VIOLATED)
fanout713/X                              10     15     -5 (VIOLATED)
fanout724/X                              10     15     -5 (VIOLATED)
fanout726/X                              10     15     -5 (VIOLATED)
fanout730/X                              10     15     -5 (VIOLATED)
fanout755/X                              10     15     -5 (VIOLATED)
fanout777/X                              10     15     -5 (VIOLATED)
fanout786/X                              10     15     -5 (VIOLATED)
fanout824/X                              10     15     -5 (VIOLATED)
fanout828/X                              10     15     -5 (VIOLATED)
fanout836/X                              10     15     -5 (VIOLATED)
fanout871/X                              10     15     -5 (VIOLATED)
fanout878/X                              10     15     -5 (VIOLATED)
fanout899/X                              10     15     -5 (VIOLATED)
fanout922/X                              10     15     -5 (VIOLATED)
fanout940/X                              10     15     -5 (VIOLATED)
_11770_/Y                                10     14     -4 (VIOLATED)
fanout329/X                              10     14     -4 (VIOLATED)
fanout759/X                              10     14     -4 (VIOLATED)
fanout829/X                              10     14     -4 (VIOLATED)
fanout953/X                              10     14     -4 (VIOLATED)
_06517_/X                                10     13     -3 (VIOLATED)
_06553_/X                                10     13     -3 (VIOLATED)
_06584_/Y                                10     13     -3 (VIOLATED)
_06586_/X                                10     13     -3 (VIOLATED)
_07472_/X                                10     13     -3 (VIOLATED)
_09134_/Y                                10     13     -3 (VIOLATED)
_09197_/Y                                10     13     -3 (VIOLATED)
_12867_/Q                                10     13     -3 (VIOLATED)
_12869_/Q                                10     13     -3 (VIOLATED)
_12872_/Q                                10     13     -3 (VIOLATED)
_12874_/Q                                10     13     -3 (VIOLATED)
_12876_/Q                                10     13     -3 (VIOLATED)
_12877_/Q                                10     13     -3 (VIOLATED)
_12878_/Q                                10     13     -3 (VIOLATED)
_12881_/Q                                10     13     -3 (VIOLATED)
_12885_/Q                                10     13     -3 (VIOLATED)
_12886_/Q                                10     13     -3 (VIOLATED)
_12887_/Q                                10     13     -3 (VIOLATED)
_12890_/Q                                10     13     -3 (VIOLATED)
_12891_/Q                                10     13     -3 (VIOLATED)
_12892_/Q                                10     13     -3 (VIOLATED)
_12893_/Q                                10     13     -3 (VIOLATED)
_12894_/Q                                10     13     -3 (VIOLATED)
_12895_/Q                                10     13     -3 (VIOLATED)
_12973_/Q                                10     13     -3 (VIOLATED)
clkbuf_3_6_0_clk/X                       10     13     -3 (VIOLATED)
fanout1149/X                             10     13     -3 (VIOLATED)
fanout1167/X                             10     13     -3 (VIOLATED)
fanout1204/X                             10     13     -3 (VIOLATED)
fanout247/X                              10     13     -3 (VIOLATED)
fanout271/X                              10     13     -3 (VIOLATED)
fanout275/X                              10     13     -3 (VIOLATED)
fanout284/X                              10     13     -3 (VIOLATED)
fanout287/X                              10     13     -3 (VIOLATED)
fanout297/X                              10     13     -3 (VIOLATED)
fanout301/X                              10     13     -3 (VIOLATED)
fanout305/X                              10     13     -3 (VIOLATED)
fanout309/X                              10     13     -3 (VIOLATED)
fanout313/X                              10     13     -3 (VIOLATED)
fanout317/X                              10     13     -3 (VIOLATED)
fanout325/X                              10     13     -3 (VIOLATED)
fanout337/X                              10     13     -3 (VIOLATED)
fanout367/X                              10     13     -3 (VIOLATED)
fanout371/X                              10     13     -3 (VIOLATED)
fanout375/X                              10     13     -3 (VIOLATED)
fanout379/X                              10     13     -3 (VIOLATED)
fanout383/X                              10     13     -3 (VIOLATED)
fanout385/X                              10     13     -3 (VIOLATED)
fanout389/X                              10     13     -3 (VIOLATED)
fanout411/X                              10     13     -3 (VIOLATED)
fanout415/X                              10     13     -3 (VIOLATED)
fanout419/X                              10     13     -3 (VIOLATED)
fanout422/X                              10     13     -3 (VIOLATED)
fanout461/X                              10     13     -3 (VIOLATED)
fanout466/X                              10     13     -3 (VIOLATED)
fanout493/X                              10     13     -3 (VIOLATED)
fanout524/X                              10     13     -3 (VIOLATED)
fanout571/X                              10     13     -3 (VIOLATED)
fanout583/X                              10     13     -3 (VIOLATED)
fanout587/X                              10     13     -3 (VIOLATED)
fanout607/X                              10     13     -3 (VIOLATED)
fanout629/X                              10     13     -3 (VIOLATED)
fanout633/X                              10     13     -3 (VIOLATED)
fanout655/X                              10     13     -3 (VIOLATED)
fanout661/X                              10     13     -3 (VIOLATED)
fanout688/X                              10     13     -3 (VIOLATED)
fanout717/X                              10     13     -3 (VIOLATED)
fanout721/X                              10     13     -3 (VIOLATED)
fanout746/X                              10     13     -3 (VIOLATED)
fanout754/X                              10     13     -3 (VIOLATED)
fanout771/X                              10     13     -3 (VIOLATED)
fanout778/X                              10     13     -3 (VIOLATED)
fanout781/X                              10     13     -3 (VIOLATED)
fanout788/X                              10     13     -3 (VIOLATED)
fanout841/X                              10     13     -3 (VIOLATED)
fanout865/X                              10     13     -3 (VIOLATED)
fanout875/X                              10     13     -3 (VIOLATED)
fanout879/X                              10     13     -3 (VIOLATED)
fanout905/X                              10     13     -3 (VIOLATED)
fanout917/X                              10     13     -3 (VIOLATED)
fanout932/X                              10     13     -3 (VIOLATED)
fanout945/X                              10     13     -3 (VIOLATED)
fanout952/X                              10     13     -3 (VIOLATED)
fanout963/X                              10     13     -3 (VIOLATED)
input1/X                                 10     13     -3 (VIOLATED)
input68/X                                10     13     -3 (VIOLATED)
wire525/X                                10     13     -3 (VIOLATED)
fanout1245/X                             10     12     -2 (VIOLATED)
_06529_/Y                                10     11        (VIOLATED)
_06547_/X                                10     11        (VIOLATED)
_06647_/X                                10     11        (VIOLATED)
_06708_/X                                10     11        (VIOLATED)
_06735_/Y                                10     11        (VIOLATED)
_06739_/X                                10     11        (VIOLATED)
_06799_/X                                10     11        (VIOLATED)
_06801_/X                                10     11        (VIOLATED)
_06864_/X                                10     11        (VIOLATED)
_06957_/X                                10     11        (VIOLATED)
_07048_/Y                                10     11        (VIOLATED)
_07140_/Y                                10     11        (VIOLATED)
_07146_/X                                10     11        (VIOLATED)
_07260_/Y                                10     11        (VIOLATED)
_07288_/X                                10     11        (VIOLATED)
_07343_/Y                                10     11        (VIOLATED)
_07978_/X                                10     11        (VIOLATED)
_08010_/X                                10     11        (VIOLATED)
_08114_/Y                                10     11        (VIOLATED)
_08306_/X                                10     11        (VIOLATED)
_08464_/Y                                10     11        (VIOLATED)
_08499_/Y                                10     11        (VIOLATED)
_08530_/Y                                10     11        (VIOLATED)
_08684_/Y                                10     11        (VIOLATED)
_09121_/Y                                10     11        (VIOLATED)
_09167_/Y                                10     11        (VIOLATED)
_09175_/Y                                10     11        (VIOLATED)
_09190_/Y                                10     11        (VIOLATED)
_09198_/Y                                10     11        (VIOLATED)
_09239_/X                                10     11        (VIOLATED)
_09640_/X                                10     11        (VIOLATED)
_10021_/X                                10     11        (VIOLATED)
_10349_/X                                10     11        (VIOLATED)
_10772_/Y                                10     11        (VIOLATED)
_12061_/X                                10     11        (VIOLATED)
clkbuf_leaf_66_clk/X                     10     11        (VIOLATED)
fanout1085/X                             10     11        (VIOLATED)
fanout1096/X                             10     11        (VIOLATED)
fanout1115/X                             10     11        (VIOLATED)
fanout1116/X                             10     11        (VIOLATED)
fanout1117/X                             10     11        (VIOLATED)
fanout1118/X                             10     11        (VIOLATED)
fanout1150/X                             10     11        (VIOLATED)
fanout1166/X                             10     11        (VIOLATED)
fanout1176/X                             10     11        (VIOLATED)
fanout1191/X                             10     11        (VIOLATED)
fanout1197/X                             10     11        (VIOLATED)
fanout1212/X                             10     11        (VIOLATED)
fanout1227/X                             10     11        (VIOLATED)
fanout1235/X                             10     11        (VIOLATED)
fanout259/X                              10     11        (VIOLATED)
fanout267/X                              10     11        (VIOLATED)
fanout279/X                              10     11        (VIOLATED)
fanout286/X                              10     11        (VIOLATED)
fanout289/X                              10     11        (VIOLATED)
fanout333/X                              10     11        (VIOLATED)
fanout341/X                              10     11        (VIOLATED)
fanout345/X                              10     11        (VIOLATED)
fanout350/X                              10     11        (VIOLATED)
fanout356/X                              10     11        (VIOLATED)
fanout359/X                              10     11        (VIOLATED)
fanout363/X                              10     11        (VIOLATED)
fanout403/X                              10     11        (VIOLATED)
fanout407/X                              10     11        (VIOLATED)
fanout431/X                              10     11        (VIOLATED)
fanout444/X                              10     11        (VIOLATED)
fanout455/X                              10     11        (VIOLATED)
fanout483/X                              10     11        (VIOLATED)
fanout488/X                              10     11        (VIOLATED)
fanout499/X                              10     11        (VIOLATED)
fanout513/X                              10     11        (VIOLATED)
fanout515/X                              10     11        (VIOLATED)
fanout516/X                              10     11        (VIOLATED)
fanout520/X                              10     11        (VIOLATED)
fanout554/X                              10     11        (VIOLATED)
fanout562/X                              10     11        (VIOLATED)
fanout576/X                              10     11        (VIOLATED)
fanout591/X                              10     11        (VIOLATED)
fanout601/X                              10     11        (VIOLATED)
fanout618/X                              10     11        (VIOLATED)
fanout637/X                              10     11        (VIOLATED)
fanout639/X                              10     11        (VIOLATED)
fanout647/X                              10     11        (VIOLATED)
fanout689/X                              10     11        (VIOLATED)
fanout690/X                              10     11        (VIOLATED)
fanout712/X                              10     11        (VIOLATED)
fanout715/X                              10     11        (VIOLATED)
fanout748/X                              10     11        (VIOLATED)
fanout758/X                              10     11        (VIOLATED)
fanout779/X                              10     11        (VIOLATED)
fanout782/X                              10     11        (VIOLATED)
fanout818/X                              10     11        (VIOLATED)
fanout834/X                              10     11        (VIOLATED)
fanout842/X                              10     11        (VIOLATED)
fanout847/X                              10     11        (VIOLATED)
fanout873/X                              10     11        (VIOLATED)
fanout890/X                              10     11        (VIOLATED)
fanout910/X                              10     11        (VIOLATED)
fanout927/X                              10     11        (VIOLATED)
fanout951/X                              10     11        (VIOLATED)
fanout957/X                              10     11        (VIOLATED)
fanout967/X                              10     11        (VIOLATED)
fanout981/X                              10     11        (VIOLATED)
max_cap664/X                             10     11        (VIOLATED)
wire536/X                                10     11        (VIOLATED)

max capacitance

Pin                                        Limit         Cap       Slack
------------------------------------------------------------------------
clkbuf_0_clk/X                          0.200000    0.223855   -0.023855 (VIOLATED)
fanout337/X                             0.200000    0.201808   -0.001808 (VIOLATED)



===========================================================================
report_parasitic_annotation -report_unannotated
============================================================================
Found 144 unannotated drivers.
 gpio_in[0]
 gpio_in[10]
 gpio_in[11]
 gpio_in[12]
 gpio_in[13]
 gpio_in[14]
 gpio_in[15]
 gpio_in[16]
 gpio_in[17]
 gpio_in[18]
 gpio_in[19]
 gpio_in[1]
 gpio_in[20]
 gpio_in[21]
 gpio_in[22]
 gpio_in[23]
 gpio_in[24]
 gpio_in[25]
 gpio_in[26]
 gpio_in[27]
 gpio_in[28]
 gpio_in[29]
 gpio_in[2]
 gpio_in[30]
 gpio_in[31]
 gpio_in[32]
 gpio_in[33]
 gpio_in[3]
 gpio_in[4]
 gpio_in[6]
 gpio_in[7]
 gpio_in[8]
 gpio_in[9]
 _14140__1246/HI
 _14188__1247/HI
 _14189__1248/HI
 _14190__1249/HI
 _14191__1250/HI
 _14192__1251/HI
 _14193__1310/LO
 _14194__1252/HI
 _14195__1253/HI
 _14196__1254/HI
 _14197__1255/HI
 _14198__1256/HI
 _14199__1257/HI
 _14200__1258/HI
 _14201__1259/HI
 _14202__1260/HI
 _14203__1261/HI
 _14204__1262/HI
 _14205__1263/HI
 _14206__1264/HI
 _14207__1265/HI
 _14208__1266/HI
 _14209__1267/HI
 _14210__1268/HI
 _14211__1269/HI
 _14212__1270/HI
 _14213__1271/HI
 _14214__1272/HI
 _14215__1273/HI
 _14216__1274/HI
 _14217__1275/HI
 _14218__1276/HI
 _14219__1277/HI
 _14220__1278/HI
 _14221__1279/HI
 _14226__1280/HI
 _14227__1281/HI
 _14228__1282/HI
 _14229__1283/HI
 _14230__1284/HI
 _14231__1285/HI
 _14232__1286/HI
 _14233__1287/HI
 _14234__1288/HI
 _14235__1289/HI
 _14236__1290/HI
 _14237__1291/HI
 _14238__1292/HI
 _14239__1293/HI
 _14240__1294/HI
 _14241__1295/HI
 _14242__1296/HI
 _14243__1297/HI
 _14244__1298/HI
 _14245__1299/HI
 _14246__1300/HI
 _14247__1301/HI
 _14248__1302/HI
 _14249__1303/HI
 _14250__1304/HI
 _14251__1305/HI
 _14252__1306/HI
 _14253__1307/HI
 _14254__1308/HI
 _14255__1309/HI
 clkload0/X
 clkload1/X
 clkload10/Y
 clkload11/Y
 clkload12/Y
 clkload13/Y
 clkload14/X
 clkload15/X
 clkload16/X
 clkload17/X
 clkload18/X
 clkload19/X
 clkload2/Y
 clkload20/Y
 clkload21/Y
 clkload22/Y
 clkload23/Y
 clkload24/Y
 clkload25/Y
 clkload26/Y
 clkload27/X
 clkload28/X
 clkload29/X
 clkload3/Y
 clkload30/X
 clkload31/Y
 clkload32/Y
 clkload33/Y
 clkload34/Y
 clkload35/Y
 clkload36/Y
 clkload37/Y
 clkload38/X
 clkload39/Y
 clkload4/Y
 clkload40/Y
 clkload41/Y
 clkload42/Y
 clkload43/Y
 clkload44/Y
 clkload45/Y
 clkload5/Y
 clkload6/Y
 clkload7/Y
 clkload8/Y
 clkload9/Y
Found 0 partially unannotated drivers.

===========================================================================
max slew violation count 48
max fanout violation count 833
max cap violation count 2
============================================================================

===========================================================================
check_setup -verbose -unconstrained_endpoints -multiple_clock -no_clock -no_input_delay -loops -generated_clocks
===========================================================================
Warning: There are 65 unconstrained endpoints.
  gpio_oeb[0]
  gpio_oeb[10]
  gpio_oeb[11]
  gpio_oeb[12]
  gpio_oeb[13]
  gpio_oeb[14]
  gpio_oeb[15]
  gpio_oeb[16]
  gpio_oeb[17]
  gpio_oeb[18]
  gpio_oeb[19]
  gpio_oeb[1]
  gpio_oeb[20]
  gpio_oeb[21]
  gpio_oeb[22]
  gpio_oeb[23]
  gpio_oeb[24]
  gpio_oeb[25]
  gpio_oeb[26]
  gpio_oeb[27]
  gpio_oeb[28]
  gpio_oeb[29]
  gpio_oeb[2]
  gpio_oeb[30]
  gpio_oeb[31]
  gpio_oeb[32]
  gpio_oeb[33]
  gpio_oeb[3]
  gpio_oeb[4]
  gpio_oeb[5]
  gpio_oeb[6]
  gpio_oeb[7]
  gpio_oeb[8]
  gpio_oeb[9]
  gpio_out[10]
  gpio_out[11]
  gpio_out[12]
  gpio_out[13]
  gpio_out[14]
  gpio_out[15]
  gpio_out[16]
  gpio_out[17]
  gpio_out[18]
  gpio_out[19]
  gpio_out[20]
  gpio_out[21]
  gpio_out[22]
  gpio_out[23]
  gpio_out[24]
  gpio_out[25]
  gpio_out[26]
  gpio_out[27]
  gpio_out[28]
  gpio_out[29]
  gpio_out[30]
  gpio_out[31]
  gpio_out[32]
  gpio_out[33]
  gpio_out[4]
  gpio_out[5]
  gpio_out[6]
  gpio_out[7]
  gpio_out[8]
  gpio_out[9]
  _14140_/D
