
===========================================================================
report_checks -unconstrained
===========================================================================
======================= max_ff_n40C_1v95 Corner ===================================

Startpoint: nrst (input port clocked by clk)
Endpoint: _12797_ (recovery check against rising-edge clock clk)
Path Group: asynchronous
Path Type: max

Fanout         Cap        Slew       Delay        Time   Description
---------------------------------------------------------------------------------------------
                                  0.000000    0.000000   clock clk (rise edge)
                                  0.000000    0.000000   clock network delay (propagated)
                                 20.000000   20.000000 ^ input external delay
     2    0.003542    0.016582    0.009221   20.009222 ^ nrst (in)
                                                         nrst (net)
                      0.016584    0.000000   20.009222 ^ input39/A (sky130_fd_sc_hd__buf_2)
     5    0.052179    0.192888    0.170610   20.179832 ^ input39/X (sky130_fd_sc_hd__buf_2)
                                                         net39 (net)
                      0.194165    0.012701   20.192533 ^ fanout1021/A (sky130_fd_sc_hd__buf_4)
    13    0.131847    0.272750    0.262169   20.454702 ^ fanout1021/X (sky130_fd_sc_hd__buf_4)
                                                         net1021 (net)
                      0.273246    0.009610   20.464312 ^ fanout960/A (sky130_fd_sc_hd__clkbuf_4)
    13    0.081234    0.187062    0.244144   20.708456 ^ fanout960/X (sky130_fd_sc_hd__clkbuf_4)
                                                         net960 (net)
                      0.187207    0.004333   20.712788 ^ fanout942/A (sky130_fd_sc_hd__clkbuf_2)
    11    0.047665    0.199823    0.207402   20.920191 ^ fanout942/X (sky130_fd_sc_hd__clkbuf_2)
                                                         net942 (net)
                      0.199844    0.001700   20.921890 ^ fanout937/A (sky130_fd_sc_hd__buf_2)
    13    0.051647    0.190375    0.205928   21.127819 ^ fanout937/X (sky130_fd_sc_hd__buf_2)
                                                         net937 (net)
                      0.190783    0.007260   21.135078 ^ fanout934/A (sky130_fd_sc_hd__clkbuf_4)
    10    0.054478    0.128725    0.192363   21.327442 ^ fanout934/X (sky130_fd_sc_hd__clkbuf_4)
                                                         net934 (net)
                      0.128748    0.001437   21.328878 ^ fanout933/A (sky130_fd_sc_hd__clkbuf_4)
    10    0.047619    0.112865    0.171845   21.500723 ^ fanout933/X (sky130_fd_sc_hd__clkbuf_4)
                                                         net933 (net)
                      0.112996    0.002569   21.503292 ^ _12797_/RESET_B (sky130_fd_sc_hd__dfrtp_1)
                                             21.503292   data arrival time

                                100.000000  100.000000   clock clk (rise edge)
                                  0.000000  100.000000   clock source latency
     2    0.079693    0.271546    0.198476  100.198471 ^ clk (in)
                                                         clk (net)
                      0.275340    0.000000  100.198471 ^ clkbuf_0_clk/A (sky130_fd_sc_hd__clkbuf_16)
    17    0.229178    0.187588    0.231452  100.429924 ^ clkbuf_0_clk/X (sky130_fd_sc_hd__clkbuf_16)
                                                         clknet_0_clk (net)
                      0.191093    0.020407  100.450333 ^ clkbuf_3_0_0_clk/A (sky130_fd_sc_hd__clkbuf_8)
     5    0.048961    0.074317    0.148077  100.598412 ^ clkbuf_3_0_0_clk/X (sky130_fd_sc_hd__clkbuf_8)
                                                         clknet_3_0_0_clk (net)
                      0.074628    0.003816  100.602226 ^ clkbuf_4_0__f_clk/A (sky130_fd_sc_hd__clkbuf_16)
    17    0.092827    0.083880    0.134882  100.737106 ^ clkbuf_4_0__f_clk/X (sky130_fd_sc_hd__clkbuf_16)
                                                         clknet_4_0__leaf_clk (net)
                      0.084598    0.006196  100.743301 ^ clkbuf_leaf_0_clk/A (sky130_fd_sc_hd__clkbuf_8)
    15    0.057353    0.082983    0.134648  100.877953 ^ clkbuf_leaf_0_clk/X (sky130_fd_sc_hd__clkbuf_8)
                                                         clknet_leaf_0_clk (net)
                      0.083364    0.004519  100.882469 ^ _12797_/CLK (sky130_fd_sc_hd__dfrtp_1)
                                 -0.250000  100.632469   clock uncertainty
                                  0.000000  100.632469   clock reconvergence pessimism
                                  0.136333  100.768806   library recovery time
                                            100.768806   data required time
---------------------------------------------------------------------------------------------
                                            100.768806   data required time
                                            -21.503292   data arrival time
---------------------------------------------------------------------------------------------
                                             79.265511   slack (MET)


Startpoint: _12432_ (rising edge-triggered flip-flop clocked by clk)
Endpoint: _13777_ (rising edge-triggered flip-flop clocked by clk)
Path Group: clk
Path Type: max

Fanout         Cap        Slew       Delay        Time   Description
---------------------------------------------------------------------------------------------
                                  0.000000    0.000000   clock clk (rise edge)
                                  0.000000    0.000000   clock source latency
     2    0.079693    0.271546    0.198473    0.198473 ^ clk (in)
                                                         clk (net)
                      0.275340    0.000000    0.198473 ^ clkbuf_0_clk/A (sky130_fd_sc_hd__clkbuf_16)
    17    0.229178    0.187588    0.231457    0.429930 ^ clkbuf_0_clk/X (sky130_fd_sc_hd__clkbuf_16)
                                                         clknet_0_clk (net)
                      0.191256    0.020854    0.450784 ^ clkbuf_3_6_0_clk/A (sky130_fd_sc_hd__clkbuf_8)
     5    0.047233    0.072227    0.145756    0.596540 ^ clkbuf_3_6_0_clk/X (sky130_fd_sc_hd__clkbuf_8)
                                                         clknet_3_6_0_clk (net)
                      0.072867    0.005374    0.601914 ^ clkbuf_4_13__f_clk/A (sky130_fd_sc_hd__clkbuf_16)
    15    0.095699    0.085970    0.135974    0.737888 ^ clkbuf_4_13__f_clk/X (sky130_fd_sc_hd__clkbuf_16)
                                                         clknet_4_13__leaf_clk (net)
                      0.086073    0.002469    0.740357 ^ clkbuf_leaf_78_clk/A (sky130_fd_sc_hd__clkbuf_8)
    25    0.083728    0.116342    0.155117    0.895474 ^ clkbuf_leaf_78_clk/X (sky130_fd_sc_hd__clkbuf_8)
                                                         clknet_leaf_78_clk (net)
                      0.116922    0.006740    0.902214 ^ _12432_/CLK (sky130_fd_sc_hd__dfrtp_2)
     7    0.023952    0.063095    0.303729    1.205943 v _12432_/Q (sky130_fd_sc_hd__dfrtp_2)
                                                         top.a1.dataIn[27] (net)
                      0.063172    0.001956    1.207899 v _11361_/A (sky130_fd_sc_hd__or4_1)
     2    0.006546    0.069236    0.321476    1.529375 v _11361_/X (sky130_fd_sc_hd__or4_1)
                                                         _05222_ (net)
                      0.069237    0.000407    1.529783 v _11369_/B (sky130_fd_sc_hd__or4b_4)
     7    0.029210    0.086792    0.358873    1.888655 v _11369_/X (sky130_fd_sc_hd__or4b_4)
                                                         _05230_ (net)
                      0.087016    0.003297    1.891952 v _11381_/C (sky130_fd_sc_hd__and3_1)
     2    0.004386    0.032174    0.139134    2.031086 v _11381_/X (sky130_fd_sc_hd__and3_1)
                                                         _05242_ (net)
                      0.032174    0.000232    2.031318 v _11383_/C (sky130_fd_sc_hd__or3_1)
     3    0.009661    0.069473    0.204122    2.235441 v _11383_/X (sky130_fd_sc_hd__or3_1)
                                                         _05244_ (net)
                      0.069476    0.000548    2.235989 v _11385_/A2 (sky130_fd_sc_hd__a21o_1)
     4    0.014301    0.056358    0.158144    2.394133 v _11385_/X (sky130_fd_sc_hd__a21o_1)
                                                         _05246_ (net)
                      0.056372    0.000851    2.394984 v _11398_/A1 (sky130_fd_sc_hd__a2111o_1)
     4    0.013955    0.078051    0.266105    2.661088 v _11398_/X (sky130_fd_sc_hd__a2111o_1)
                                                         _05259_ (net)
                      0.078065    0.001038    2.662126 v _11402_/B1 (sky130_fd_sc_hd__a22o_1)
     2    0.007973    0.043580    0.117049    2.779175 v _11402_/X (sky130_fd_sc_hd__a22o_1)
                                                         _05263_ (net)
                      0.043584    0.000442    2.779617 v fanout479/A (sky130_fd_sc_hd__clkbuf_2)
     5    0.023830    0.066007    0.112484    2.892100 v fanout479/X (sky130_fd_sc_hd__clkbuf_2)
                                                         net479 (net)
                      0.066038    0.001322    2.893422 v _11408_/B (sky130_fd_sc_hd__xnor2_2)
     4    0.014538    0.057857    0.114901    3.008323 v _11408_/Y (sky130_fd_sc_hd__xnor2_2)
                                                         _05269_ (net)
                      0.057868    0.000743    3.009066 v _11412_/A2_N (sky130_fd_sc_hd__a2bb2o_1)
     3    0.017529    0.134610    0.227839    3.236906 ^ _11412_/X (sky130_fd_sc_hd__a2bb2o_1)
                                                         _05273_ (net)
                      0.134645    0.001783    3.238689 ^ _11417_/A2 (sky130_fd_sc_hd__a211oi_4)
     4    0.024089    0.073714    0.069736    3.308424 v _11417_/Y (sky130_fd_sc_hd__a211oi_4)
                                                         _05278_ (net)
                      0.073837    0.002270    3.310694 v _11432_/A2 (sky130_fd_sc_hd__o41ai_4)
     4    0.014392    0.254718    0.291125    3.601820 ^ _11432_/Y (sky130_fd_sc_hd__o41ai_4)
                                                         _05293_ (net)
                      0.254718    0.000666    3.602485 ^ wire327/A (sky130_fd_sc_hd__dlymetal6s2s_1)
     6    0.021468    0.175604    0.180122    3.782607 ^ wire327/X (sky130_fd_sc_hd__dlymetal6s2s_1)
                                                         net327 (net)
                      0.175646    0.002180    3.784788 ^ _11442_/A1 (sky130_fd_sc_hd__a21oi_1)
     3    0.010687    0.079698    0.082517    3.867304 v _11442_/Y (sky130_fd_sc_hd__a21oi_1)
                                                         _05303_ (net)
                      0.079706    0.000602    3.867906 v _11445_/B (sky130_fd_sc_hd__or3_2)
     4    0.015797    0.079227    0.306996    4.174902 v _11445_/X (sky130_fd_sc_hd__or3_2)
                                                         _05306_ (net)
                      0.079249    0.000751    4.175653 v _11452_/A1 (sky130_fd_sc_hd__a21o_1)
     3    0.015072    0.058533    0.147293    4.322946 v _11452_/X (sky130_fd_sc_hd__a21o_1)
                                                         _05313_ (net)
                      0.058617    0.001968    4.324914 v _11461_/A1 (sky130_fd_sc_hd__a21o_1)
     3    0.007436    0.037706    0.119885    4.444798 v _11461_/X (sky130_fd_sc_hd__a21o_1)
                                                         _05322_ (net)
                      0.037711    0.000436    4.445234 v _11469_/A1 (sky130_fd_sc_hd__a21o_2)
    10    0.035797    0.078981    0.171573    4.616807 v _11469_/X (sky130_fd_sc_hd__a21o_2)
                                                         _05330_ (net)
                      0.079205    0.003654    4.620461 v _11478_/A2 (sky130_fd_sc_hd__a21bo_1)
     2    0.004668    0.030956    0.141732    4.762192 v _11478_/X (sky130_fd_sc_hd__a21bo_1)
                                                         _05339_ (net)
                      0.030972    0.000262    4.762454 v _11481_/B1 (sky130_fd_sc_hd__a2bb2o_1)
     3    0.006643    0.048325    0.180111    4.942565 v _11481_/X (sky130_fd_sc_hd__a2bb2o_1)
                                                         _05342_ (net)
                      0.048327    0.000357    4.942923 v _11491_/A1 (sky130_fd_sc_hd__a211o_1)
     2    0.010319    0.058163    0.188401    5.131324 v _11491_/X (sky130_fd_sc_hd__a211o_1)
                                                         _05352_ (net)
                      0.058169    0.000607    5.131931 v _11502_/A1 (sky130_fd_sc_hd__a21o_2)
    10    0.037680    0.081896    0.182476    5.314407 v _11502_/X (sky130_fd_sc_hd__a21o_2)
                                                         _05363_ (net)
                      0.081945    0.001839    5.316246 v _11507_/A1 (sky130_fd_sc_hd__a2111o_1)
     3    0.008909    0.063542    0.257355    5.573601 v _11507_/X (sky130_fd_sc_hd__a2111o_1)
                                                         _05368_ (net)
                      0.063544    0.000476    5.574077 v _11512_/B (sky130_fd_sc_hd__and2_1)
     2    0.006876    0.036979    0.121358    5.695436 v _11512_/X (sky130_fd_sc_hd__and2_1)
                                                         _05373_ (net)
                      0.036984    0.000439    5.695875 v _11514_/B (sky130_fd_sc_hd__or2_2)
     3    0.016770    0.062750    0.193864    5.889738 v _11514_/X (sky130_fd_sc_hd__or2_2)
                                                         _05375_ (net)
                      0.062768    0.000953    5.890691 v _11519_/A2 (sky130_fd_sc_hd__a32o_1)
     2    0.006901    0.040248    0.152219    6.042911 v _11519_/X (sky130_fd_sc_hd__a32o_1)
                                                         _05380_ (net)
                      0.040252    0.000396    6.043306 v _11539_/B1 (sky130_fd_sc_hd__a41o_1)
     2    0.008482    0.047379    0.085788    6.129095 v _11539_/X (sky130_fd_sc_hd__a41o_1)
                                                         _05400_ (net)
                      0.047382    0.000417    6.129512 v fanout248/A (sky130_fd_sc_hd__buf_2)
    10    0.040565    0.073164    0.129901    6.259414 v fanout248/X (sky130_fd_sc_hd__buf_2)
                                                         net248 (net)
                      0.073331    0.002657    6.262070 v _11556_/D (sky130_fd_sc_hd__and4_1)
     2    0.005473    0.036353    0.149813    6.411883 v _11556_/X (sky130_fd_sc_hd__and4_1)
                                                         _05417_ (net)
                      0.036356    0.000324    6.412207 v _11559_/A1 (sky130_fd_sc_hd__o21a_1)
     2    0.009848    0.046788    0.138813    6.551020 v _11559_/X (sky130_fd_sc_hd__o21a_1)
                                                         _05420_ (net)
                      0.046794    0.000547    6.551567 v _11565_/D (sky130_fd_sc_hd__and4bb_1)
     2    0.007348    0.044246    0.147159    6.698725 v _11565_/X (sky130_fd_sc_hd__and4bb_1)
                                                         _05426_ (net)
                      0.044249    0.000413    6.699138 v _11571_/A2 (sky130_fd_sc_hd__a21o_1)
     7    0.023462    0.082608    0.171203    6.870341 v _11571_/X (sky130_fd_sc_hd__a21o_1)
                                                         _05432_ (net)
                      0.082673    0.002085    6.872426 v _11574_/A1 (sky130_fd_sc_hd__a21oi_1)
     3    0.009827    0.171549    0.168710    7.041135 ^ _11574_/Y (sky130_fd_sc_hd__a21oi_1)
                                                         _05435_ (net)
                      0.171552    0.000632    7.041768 ^ _11578_/B (sky130_fd_sc_hd__xor2_1)
     3    0.010701    0.181969    0.168149    7.209917 ^ _11578_/X (sky130_fd_sc_hd__xor2_1)
                                                         _05439_ (net)
                      0.181972    0.000561    7.210478 ^ _11582_/A2 (sky130_fd_sc_hd__a21o_1)
     6    0.017291    0.117395    0.148756    7.359234 ^ _11582_/X (sky130_fd_sc_hd__a21o_1)
                                                         _05443_ (net)
                      0.117451    0.001227    7.360460 ^ _11595_/A1 (sky130_fd_sc_hd__a21o_1)
     3    0.009386    0.067762    0.104738    7.465199 ^ _11595_/X (sky130_fd_sc_hd__a21o_1)
                                                         _05456_ (net)
                      0.067764    0.000528    7.465726 ^ _11604_/A1 (sky130_fd_sc_hd__a21o_1)
     4    0.013090    0.090604    0.114706    7.580431 ^ _11604_/X (sky130_fd_sc_hd__a21o_1)
                                                         _05465_ (net)
                      0.090612    0.000918    7.581350 ^ fanout207/A (sky130_fd_sc_hd__clkbuf_4)
    10    0.042892    0.103128    0.153266    7.734616 ^ fanout207/X (sky130_fd_sc_hd__clkbuf_4)
                                                         net207 (net)
                      0.103494    0.004974    7.739590 ^ _11607_/C_N (sky130_fd_sc_hd__or3b_1)
     2    0.006363    0.056656    0.215882    7.955472 v _11607_/X (sky130_fd_sc_hd__or3b_1)
                                                         _05468_ (net)
                      0.056657    0.000298    7.955770 v _11609_/B2 (sky130_fd_sc_hd__a2bb2o_1)
     3    0.009716    0.058285    0.179281    8.135051 v _11609_/X (sky130_fd_sc_hd__a2bb2o_1)
                                                         _05470_ (net)
                      0.058294    0.000707    8.135758 v _11620_/A1 (sky130_fd_sc_hd__a211o_1)
     2    0.010827    0.059143    0.193927    8.329684 v _11620_/X (sky130_fd_sc_hd__a211o_1)
                                                         _05481_ (net)
                      0.059152    0.000714    8.330399 v _11636_/A1 (sky130_fd_sc_hd__a21o_2)
    10    0.036321    0.080188    0.179903    8.510302 v _11636_/X (sky130_fd_sc_hd__a21o_2)
                                                         _05497_ (net)
                      0.080264    0.002252    8.512554 v _11645_/A1 (sky130_fd_sc_hd__a211o_1)
     2    0.011777    0.061840    0.204433    8.716988 v _11645_/X (sky130_fd_sc_hd__a211o_1)
                                                         _05506_ (net)
                      0.061853    0.000887    8.717875 v _11651_/A (sky130_fd_sc_hd__xnor2_2)
     4    0.012718    0.059212    0.117625    8.835500 v _11651_/Y (sky130_fd_sc_hd__xnor2_2)
                                                         _05512_ (net)
                      0.059222    0.000614    8.836113 v _11659_/B (sky130_fd_sc_hd__or3_2)
     4    0.016139    0.079689    0.301471    9.137585 v _11659_/X (sky130_fd_sc_hd__or3_2)
                                                         _05520_ (net)
                      0.079691    0.000764    9.138349 v _11678_/A (sky130_fd_sc_hd__or4bb_2)
     5    0.020304    0.101158    0.423058    9.561406 v _11678_/X (sky130_fd_sc_hd__or4bb_2)
                                                         _05539_ (net)
                      0.101168    0.001035    9.562441 v _11684_/D (sky130_fd_sc_hd__and4_1)
     2    0.004756    0.034509    0.159032    9.721473 v _11684_/X (sky130_fd_sc_hd__and4_1)
                                                         _05545_ (net)
                      0.034514    0.000295    9.721767 v _11686_/C (sky130_fd_sc_hd__or3_1)
     3    0.009852    0.069778    0.205596    9.927363 v _11686_/X (sky130_fd_sc_hd__or3_1)
                                                         _05547_ (net)
                      0.069783    0.000625    9.927988 v _11688_/A1 (sky130_fd_sc_hd__a21bo_1)
     5    0.014326    0.057771    0.150501   10.078489 v _11688_/X (sky130_fd_sc_hd__a21bo_1)
                                                         _05549_ (net)
                      0.057795    0.001100   10.079589 v _11710_/A1 (sky130_fd_sc_hd__a311o_2)
     4    0.017014    0.065430    0.233007   10.312596 v _11710_/X (sky130_fd_sc_hd__a311o_2)
                                                         _05571_ (net)
                      0.065461    0.000564   10.313160 v _11719_/A1 (sky130_fd_sc_hd__a21o_1)
     6    0.018749    0.069118    0.151576   10.464736 v _11719_/X (sky130_fd_sc_hd__a21o_1)
                                                         _05580_ (net)
                      0.069140    0.001167   10.465903 v _11737_/C (sky130_fd_sc_hd__and3_1)
     3    0.008549    0.044491    0.145474   10.611377 v _11737_/X (sky130_fd_sc_hd__and3_1)
                                                         _05598_ (net)
                      0.044495    0.000445   10.611822 v _11746_/B (sky130_fd_sc_hd__or4_1)
     2    0.006289    0.068162    0.304210   10.916032 v _11746_/X (sky130_fd_sc_hd__or4_1)
                                                         _05607_ (net)
                      0.068164    0.000393   10.916425 v _11750_/C (sky130_fd_sc_hd__or4_1)
     1    0.005564    0.065119    0.284857   11.201282 v _11750_/X (sky130_fd_sc_hd__or4_1)
                                                         _05611_ (net)
                      0.065125    0.000240   11.201521 v _11751_/B1 (sky130_fd_sc_hd__a21o_1)
     7    0.021732    0.077569    0.127985   11.329506 v _11751_/X (sky130_fd_sc_hd__a21o_1)
                                                         _05612_ (net)
                      0.077628    0.001940   11.331446 v _11762_/A1 (sky130_fd_sc_hd__a21oi_1)
     3    0.009167    0.162273    0.160320   11.491765 ^ _11762_/Y (sky130_fd_sc_hd__a21oi_1)
                                                         _05623_ (net)
                      0.162277    0.000600   11.492366 ^ _11766_/B (sky130_fd_sc_hd__xor2_1)
     3    0.011835    0.197130    0.179119   11.671485 ^ _11766_/X (sky130_fd_sc_hd__xor2_1)
                                                         _05627_ (net)
                      0.197139    0.001058   11.672543 ^ _11768_/A2 (sky130_fd_sc_hd__a21o_1)
     6    0.017932    0.121411    0.152507   11.825049 ^ _11768_/X (sky130_fd_sc_hd__a21o_1)
                                                         _05629_ (net)
                      0.121458    0.000933   11.825982 ^ _11779_/A1 (sky130_fd_sc_hd__a21oi_1)
     4    0.012630    0.075698    0.084106   11.910089 v _11779_/Y (sky130_fd_sc_hd__a21oi_1)
                                                         _05640_ (net)
                      0.075702    0.000417   11.910506 v _11788_/A1 (sky130_fd_sc_hd__o21bai_1)
     2    0.007283    0.129906    0.145871   12.056376 ^ _11788_/Y (sky130_fd_sc_hd__o21bai_1)
                                                         _05649_ (net)
                      0.129906    0.000517   12.056893 ^ fanout129/A (sky130_fd_sc_hd__buf_2)
    10    0.041694    0.154678    0.176537   12.233431 ^ fanout129/X (sky130_fd_sc_hd__buf_2)
                                                         net129 (net)
                      0.154718    0.002074   12.235504 ^ _11814_/D (sky130_fd_sc_hd__and4_1)
     3    0.009172    0.078747    0.155870   12.391375 ^ _11814_/X (sky130_fd_sc_hd__and4_1)
                                                         _05675_ (net)
                      0.078749    0.000546   12.391921 ^ _11816_/S (sky130_fd_sc_hd__mux2_1)
     4    0.014079    0.078276    0.234451   12.626371 v _11816_/X (sky130_fd_sc_hd__mux2_1)
                                                         _05677_ (net)
                      0.078281    0.000706   12.627077 v _11820_/C (sky130_fd_sc_hd__or4b_1)
     1    0.003515    0.056667    0.275008   12.902086 v _11820_/X (sky130_fd_sc_hd__or4b_1)
                                                         _05681_ (net)
                      0.056667    0.000236   12.902322 v _11821_/B1 (sky130_fd_sc_hd__a21o_2)
     9    0.031444    0.071642    0.135898   13.038219 v _11821_/X (sky130_fd_sc_hd__a21o_2)
                                                         _05682_ (net)
                      0.071751    0.002474   13.040693 v _11837_/B (sky130_fd_sc_hd__and3_1)
     2    0.003503    0.029714    0.119276   13.159969 v _11837_/X (sky130_fd_sc_hd__and3_1)
                                                         _05698_ (net)
                      0.029714    0.000117   13.160087 v _11839_/C (sky130_fd_sc_hd__or3_1)
     3    0.009637    0.069460    0.203309   13.363396 v _11839_/X (sky130_fd_sc_hd__or3_1)
                                                         _05700_ (net)
                      0.069464    0.000585   13.363981 v _11842_/A1 (sky130_fd_sc_hd__a21bo_1)
     6    0.021799    0.079450    0.168502   13.532483 v _11842_/X (sky130_fd_sc_hd__a21bo_1)
                                                         _05703_ (net)
                      0.079488    0.001597   13.534080 v _11856_/A1 (sky130_fd_sc_hd__a211o_1)
     3    0.010461    0.058307    0.200164   13.734244 v _11856_/X (sky130_fd_sc_hd__a211o_1)
                                                         _05717_ (net)
                      0.058312    0.000578   13.734822 v _11863_/A1 (sky130_fd_sc_hd__a21o_1)
     2    0.007824    0.038950    0.120853   13.855676 v _11863_/X (sky130_fd_sc_hd__a21o_1)
                                                         _05724_ (net)
                      0.038959    0.000576   13.856251 v fanout127/A (sky130_fd_sc_hd__buf_2)
    10    0.034679    0.063780    0.120436   13.976686 v fanout127/X (sky130_fd_sc_hd__buf_2)
                                                         net127 (net)
                      0.063951    0.002546   13.979233 v _11879_/B (sky130_fd_sc_hd__xnor2_2)
     3    0.015518    0.179119    0.164421   14.143654 ^ _11879_/Y (sky130_fd_sc_hd__xnor2_2)
                                                         _05740_ (net)
                      0.179125    0.000829   14.144483 ^ _11883_/A2 (sky130_fd_sc_hd__o211a_1)
     3    0.013451    0.091449    0.138137   14.282619 ^ _11883_/X (sky130_fd_sc_hd__o211a_1)
                                                         _05744_ (net)
                      0.091455    0.000853   14.283472 ^ _11884_/C_N (sky130_fd_sc_hd__or4bb_2)
     4    0.012438    0.084930    0.379168   14.662640 v _11884_/X (sky130_fd_sc_hd__or4bb_2)
                                                         _05745_ (net)
                      0.084933    0.000641   14.663280 v _11897_/A1 (sky130_fd_sc_hd__a311o_1)
     2    0.007433    0.055911    0.196300   14.859581 v _11897_/X (sky130_fd_sc_hd__a311o_1)
                                                         _05758_ (net)
                      0.055913    0.000409   14.859989 v fanout125/A (sky130_fd_sc_hd__buf_2)
    10    0.036787    0.067527    0.128559   14.988547 v fanout125/X (sky130_fd_sc_hd__buf_2)
                                                         net125 (net)
                      0.068057    0.004741   14.993289 v _11900_/A (sky130_fd_sc_hd__nand2_1)
     3    0.009181    0.074206    0.081876   15.075165 ^ _11900_/Y (sky130_fd_sc_hd__nand2_1)
                                                         _05761_ (net)
                      0.074210    0.000449   15.075614 ^ _11916_/A2_N (sky130_fd_sc_hd__a2bb2o_1)
     3    0.008432    0.054784    0.143855   15.219469 v _11916_/X (sky130_fd_sc_hd__a2bb2o_1)
                                                         _05777_ (net)
                      0.054787    0.000474   15.219943 v _11924_/A (sky130_fd_sc_hd__or4_4)
     6    0.023971    0.081902    0.359641   15.579584 v _11924_/X (sky130_fd_sc_hd__or4_4)
                                                         _05785_ (net)
                      0.081919    0.001217   15.580801 v _11935_/A1 (sky130_fd_sc_hd__a21o_2)
     8    0.031281    0.070963    0.182194   15.762995 v _11935_/X (sky130_fd_sc_hd__a21o_2)
                                                         _05796_ (net)
                      0.071083    0.002560   15.765554 v _11945_/B (sky130_fd_sc_hd__and3_1)
     4    0.017579    0.069635    0.160435   15.925990 v _11945_/X (sky130_fd_sc_hd__and3_1)
                                                         _05806_ (net)
                      0.069637    0.000460   15.926450 v _11960_/B (sky130_fd_sc_hd__or4b_1)
     3    0.011836    0.090347    0.339243   16.265694 v _11960_/X (sky130_fd_sc_hd__or4b_1)
                                                         _05821_ (net)
                      0.090353    0.000750   16.266443 v _11966_/A3 (sky130_fd_sc_hd__a31o_1)
     3    0.015529    0.064396    0.196939   16.463383 v _11966_/X (sky130_fd_sc_hd__a31o_1)
                                                         _05827_ (net)
                      0.064403    0.000709   16.464090 v _11972_/A2 (sky130_fd_sc_hd__a21o_2)
     9    0.034058    0.076605    0.195790   16.659882 v _11972_/X (sky130_fd_sc_hd__a21o_2)
                                                         _05833_ (net)
                      0.077118    0.004921   16.664801 v _11981_/B (sky130_fd_sc_hd__and2_1)
     4    0.009103    0.043771    0.133864   16.798666 v _11981_/X (sky130_fd_sc_hd__and2_1)
                                                         _05842_ (net)
                      0.043772    0.000261   16.798927 v _11989_/B (sky130_fd_sc_hd__or4b_1)
     3    0.015773    0.103608    0.347283   17.146210 v _11989_/X (sky130_fd_sc_hd__or4b_1)
                                                         _05850_ (net)
                      0.103630    0.001503   17.147713 v _12002_/A1 (sky130_fd_sc_hd__a211o_2)
     2    0.020765    0.066250    0.241380   17.389093 v _12002_/X (sky130_fd_sc_hd__a211o_2)
                                                         _05863_ (net)
                      0.066268    0.001050   17.390142 v _12003_/A2 (sky130_fd_sc_hd__a21oi_4)
    10    0.038937    0.224974    0.220032   17.610176 ^ _12003_/Y (sky130_fd_sc_hd__a21oi_4)
                                                         _05864_ (net)
                      0.225088    0.004020   17.614195 ^ _12007_/A_N (sky130_fd_sc_hd__and2b_2)
     3    0.019744    0.052574    0.175087   17.789282 v _12007_/X (sky130_fd_sc_hd__and2b_2)
                                                         _05868_ (net)
                      0.052604    0.001144   17.790426 v _12008_/B (sky130_fd_sc_hd__xor2_2)
     5    0.019270    0.078934    0.121865   17.912291 v _12008_/X (sky130_fd_sc_hd__xor2_2)
                                                         _05869_ (net)
                      0.078951    0.000920   17.913212 v _12011_/B (sky130_fd_sc_hd__or3_1)
     2    0.005962    0.054679    0.224489   18.137699 v _12011_/X (sky130_fd_sc_hd__or3_1)
                                                         _05872_ (net)
                      0.054679    0.000185   18.137884 v _12052_/B (sky130_fd_sc_hd__or4_1)
     1    0.002808    0.052845    0.285372   18.423256 v _12052_/X (sky130_fd_sc_hd__or4_1)
                                                         _05913_ (net)
                      0.052845    0.000206   18.423462 v _12053_/A2 (sky130_fd_sc_hd__a2111o_1)
     1    0.003215    0.042311    0.251111   18.674574 v _12053_/X (sky130_fd_sc_hd__a2111o_1)
                                                         _05914_ (net)
                      0.042311    0.000208   18.674782 v _12054_/B1_N (sky130_fd_sc_hd__a21bo_1)
     2    0.008218    0.059117    0.134039   18.808821 ^ _12054_/X (sky130_fd_sc_hd__a21bo_1)
                                                         _05915_ (net)
                      0.059120    0.000494   18.809313 ^ _12058_/A (sky130_fd_sc_hd__and3_1)
     2    0.006167    0.058794    0.105238   18.914553 ^ _12058_/X (sky130_fd_sc_hd__and3_1)
                                                         _05919_ (net)
                      0.058795    0.000311   18.914864 ^ _12063_/A1 (sky130_fd_sc_hd__a22o_2)
     6    0.029096    0.115694    0.148090   19.062952 ^ _12063_/X (sky130_fd_sc_hd__a22o_2)
                                                         _05924_ (net)
                      0.115774    0.001656   19.064608 ^ _12075_/C_N (sky130_fd_sc_hd__or4bb_1)
     2    0.009158    0.079351    0.308722   19.373331 v _12075_/X (sky130_fd_sc_hd__or4bb_1)
                                                         _05936_ (net)
                      0.079353    0.000520   19.373850 v _12076_/A2 (sky130_fd_sc_hd__a21bo_1)
     3    0.016412    0.063855    0.175719   19.549570 v _12076_/X (sky130_fd_sc_hd__a21bo_1)
                                                         _05937_ (net)
                      0.063863    0.000759   19.550327 v _12079_/B1 (sky130_fd_sc_hd__a2111o_2)
     6    0.019692    0.075569    0.254795   19.805124 v _12079_/X (sky130_fd_sc_hd__a2111o_2)
                                                         _05940_ (net)
                      0.075641    0.001416   19.806540 v _12082_/A1_N (sky130_fd_sc_hd__o2bb2a_1)
     1    0.009008    0.076174    0.187852   19.994390 ^ _12082_/X (sky130_fd_sc_hd__o2bb2a_1)
                                                         _05943_ (net)
                      0.076176    0.000492   19.994883 ^ _12091_/B (sky130_fd_sc_hd__xor2_2)
     3    0.013107    0.057647    0.059414   20.054296 v _12091_/X (sky130_fd_sc_hd__xor2_2)
                                                         _05952_ (net)
                      0.057656    0.000698   20.054995 v _12092_/B (sky130_fd_sc_hd__or2_2)
     6    0.024618    0.075229    0.214115   20.269110 v _12092_/X (sky130_fd_sc_hd__or2_2)
                                                         _05953_ (net)
                      0.075309    0.002213   20.271322 v _12102_/A2 (sky130_fd_sc_hd__o41a_2)
     4    0.024020    0.083353    0.342601   20.613924 v _12102_/X (sky130_fd_sc_hd__o41a_2)
                                                         _05963_ (net)
                      0.083366    0.001100   20.615023 v _12107_/B (sky130_fd_sc_hd__or3b_1)
     3    0.007901    0.062834    0.237398   20.852421 v _12107_/X (sky130_fd_sc_hd__or3b_1)
                                                         _05968_ (net)
                      0.062835    0.000409   20.852829 v _12117_/A2 (sky130_fd_sc_hd__a2111o_1)
     1    0.003818    0.045195    0.258266   21.111095 v _12117_/X (sky130_fd_sc_hd__a2111o_1)
                                                         _05978_ (net)
                      0.045195    0.000245   21.111341 v _12121_/A1 (sky130_fd_sc_hd__a21o_1)
     1    0.006026    0.033425    0.110500   21.221842 v _12121_/X (sky130_fd_sc_hd__a21o_1)
                                                         _05982_ (net)
                      0.033431    0.000453   21.222294 v _12123_/B (sky130_fd_sc_hd__xor2_1)
     3    0.012173    0.201461    0.177389   21.399683 ^ _12123_/X (sky130_fd_sc_hd__xor2_1)
                                                         _05984_ (net)
                      0.201471    0.001167   21.400850 ^ _12128_/A (sky130_fd_sc_hd__nand2_1)
     2    0.006687    0.064822    0.054557   21.455406 v _12128_/Y (sky130_fd_sc_hd__nand2_1)
                                                         _05989_ (net)
                      0.064826    0.000421   21.455828 v _12134_/A2 (sky130_fd_sc_hd__o2111a_1)
     4    0.013860    0.064589    0.193456   21.649284 v _12134_/X (sky130_fd_sc_hd__o2111a_1)
                                                         _05995_ (net)
                      0.064594    0.000625   21.649910 v _12141_/A (sky130_fd_sc_hd__or4b_4)
     4    0.020650    0.078998    0.359877   22.009787 v _12141_/X (sky130_fd_sc_hd__or4b_4)
                                                         _06002_ (net)
                      0.078998    0.001066   22.010853 v _12145_/A1 (sky130_fd_sc_hd__a21oi_4)
     6    0.039115    0.225738    0.213685   22.224537 ^ _12145_/Y (sky130_fd_sc_hd__a21oi_4)
                                                         _06006_ (net)
                      0.225783    0.002558   22.227095 ^ _12146_/B (sky130_fd_sc_hd__xnor2_4)
     5    0.025073    0.076178    0.074069   22.301165 v _12146_/Y (sky130_fd_sc_hd__xnor2_4)
                                                         _06007_ (net)
                      0.076213    0.001267   22.302431 v _12157_/A2 (sky130_fd_sc_hd__o32a_1)
     4    0.013421    0.070306    0.241025   22.543455 v _12157_/X (sky130_fd_sc_hd__o32a_1)
                                                         _06018_ (net)
                      0.070311    0.000647   22.544102 v _12160_/A2 (sky130_fd_sc_hd__a21o_1)
     4    0.014376    0.056527    0.158712   22.702814 v _12160_/X (sky130_fd_sc_hd__a21o_1)
                                                         _06021_ (net)
                      0.056534    0.000654   22.703468 v _12161_/B2 (sky130_fd_sc_hd__a2bb2o_1)
     1    0.010043    0.058813    0.180611   22.884079 v _12161_/X (sky130_fd_sc_hd__a2bb2o_1)
                                                         _06022_ (net)
                      0.058816    0.000506   22.884586 v _12162_/B (sky130_fd_sc_hd__xnor2_2)
     4    0.014687    0.059439    0.112214   22.996799 v _12162_/Y (sky130_fd_sc_hd__xnor2_2)
                                                         _06023_ (net)
                      0.059468    0.001025   22.997826 v _12170_/A1 (sky130_fd_sc_hd__o31a_1)
     6    0.018258    0.079091    0.238282   23.236107 v _12170_/X (sky130_fd_sc_hd__o31a_1)
                                                         _06031_ (net)
                      0.079096    0.000705   23.236813 v _12175_/A3 (sky130_fd_sc_hd__o31a_1)
     1    0.008106    0.051094    0.177774   23.414587 v _12175_/X (sky130_fd_sc_hd__o31a_1)
                                                         _06036_ (net)
                      0.051096    0.000439   23.415026 v _12176_/B (sky130_fd_sc_hd__xor2_2)
     5    0.018263    0.079683    0.120082   23.535107 v _12176_/X (sky130_fd_sc_hd__xor2_2)
                                                         _06037_ (net)
                      0.079700    0.000956   23.536062 v _12184_/A1 (sky130_fd_sc_hd__a21oi_1)
     2    0.011851    0.199305    0.187677   23.723740 ^ _12184_/Y (sky130_fd_sc_hd__a21oi_1)
                                                         _06045_ (net)
                      0.199307    0.000446   23.724186 ^ _12187_/A1 (sky130_fd_sc_hd__a21oi_2)
     6    0.023011    0.087951    0.083416   23.807602 v _12187_/Y (sky130_fd_sc_hd__a21oi_2)
                                                         _06048_ (net)
                      0.087974    0.001160   23.808762 v _12189_/C (sky130_fd_sc_hd__or3_1)
     2    0.005584    0.053467    0.202292   24.011053 v _12189_/X (sky130_fd_sc_hd__or3_1)
                                                         _06050_ (net)
                      0.053467    0.000185   24.011238 v _12192_/B1 (sky130_fd_sc_hd__a2bb2o_1)
     4    0.011361    0.062496    0.206272   24.217510 v _12192_/X (sky130_fd_sc_hd__a2bb2o_1)
                                                         _06053_ (net)
                      0.062500    0.000593   24.218103 v _12196_/B (sky130_fd_sc_hd__and3_1)
     2    0.005176    0.034293    0.121178   24.339281 v _12196_/X (sky130_fd_sc_hd__and3_1)
                                                         _06057_ (net)
                      0.034295    0.000306   24.339586 v _12198_/C (sky130_fd_sc_hd__or3_1)
     3    0.011044    0.073028    0.210694   24.550282 v _12198_/X (sky130_fd_sc_hd__or3_1)
                                                         _06059_ (net)
                      0.073032    0.000613   24.550894 v _12202_/A1 (sky130_fd_sc_hd__a21o_1)
     4    0.015107    0.058534    0.145503   24.696396 v _12202_/X (sky130_fd_sc_hd__a21o_1)
                                                         _06063_ (net)
                      0.058541    0.000682   24.697079 v _12203_/B (sky130_fd_sc_hd__and2b_1)
     1    0.004652    0.030162    0.111976   24.809055 v _12203_/X (sky130_fd_sc_hd__and2b_1)
                                                         _06064_ (net)
                      0.030164    0.000218   24.809273 v _12206_/B (sky130_fd_sc_hd__xnor2_1)
     2    0.006187    0.045957    0.086937   24.896210 v _12206_/Y (sky130_fd_sc_hd__xnor2_1)
                                                         _06066_ (net)
                      0.045979    0.000385   24.896595 v _12236_/A1 (sky130_fd_sc_hd__mux2_1)
     1    0.002531    0.036984    0.148795   25.045391 v _12236_/X (sky130_fd_sc_hd__mux2_1)
                                                         _01302_ (net)
                      0.036984    0.000167   25.045557 v _13777_/D (sky130_fd_sc_hd__dfxtp_1)
                                             25.045557   data arrival time

                                100.000000  100.000000   clock clk (rise edge)
                                  0.000000  100.000000   clock source latency
     2    0.079693    0.271546    0.198476  100.198471 ^ clk (in)
                                                         clk (net)
                      0.275340    0.000000  100.198471 ^ clkbuf_0_clk/A (sky130_fd_sc_hd__clkbuf_16)
    17    0.229178    0.187588    0.231452  100.429924 ^ clkbuf_0_clk/X (sky130_fd_sc_hd__clkbuf_16)
                                                         clknet_0_clk (net)
                      0.191256    0.020854  100.450783 ^ clkbuf_3_6_0_clk/A (sky130_fd_sc_hd__clkbuf_8)
     5    0.047233    0.072227    0.145754  100.596535 ^ clkbuf_3_6_0_clk/X (sky130_fd_sc_hd__clkbuf_8)
                                                         clknet_3_6_0_clk (net)
                      0.072881    0.005436  100.601967 ^ clkbuf_4_12__f_clk/A (sky130_fd_sc_hd__clkbuf_16)
    13    0.082476    0.076187    0.129624  100.731590 ^ clkbuf_4_12__f_clk/X (sky130_fd_sc_hd__clkbuf_16)
                                                         clknet_4_12__leaf_clk (net)
                      0.077239    0.007084  100.738678 ^ clkbuf_leaf_54_clk/A (sky130_fd_sc_hd__clkbuf_8)
    22    0.076699    0.106852    0.149079  100.887756 ^ clkbuf_leaf_54_clk/X (sky130_fd_sc_hd__clkbuf_8)
                                                         clknet_leaf_54_clk (net)
                      0.107465    0.006537  100.894295 ^ _13777_/CLK (sky130_fd_sc_hd__dfxtp_1)
                                 -0.250000  100.644295   clock uncertainty
                                  0.000000  100.644295   clock reconvergence pessimism
                                 -0.064515  100.579781   library setup time
                                            100.579781   data required time
---------------------------------------------------------------------------------------------
                                            100.579781   data required time
                                            -25.045557   data arrival time
---------------------------------------------------------------------------------------------
                                             75.534218   slack (MET)




===========================================================================
report_checks --slack_max -0.01
============================================================================
======================= max_ff_n40C_1v95 Corner ===================================

No paths found.


===========================================================================
 report_check_types -max_slew -max_cap -max_fanout -violators
============================================================================
======================= max_ff_n40C_1v95 Corner ===================================

max fanout

Pin                                   Limit Fanout  Slack
---------------------------------------------------------
clkbuf_leaf_89_clk/X                     10     51    -41 (VIOLATED)
clkbuf_leaf_42_clk/X                     10     45    -35 (VIOLATED)
clkbuf_leaf_116_clk/X                    10     37    -27 (VIOLATED)
clkbuf_leaf_75_clk/X                     10     35    -25 (VIOLATED)
clkbuf_leaf_53_clk/X                     10     25    -15 (VIOLATED)
clkbuf_leaf_78_clk/X                     10     25    -15 (VIOLATED)
clkbuf_leaf_90_clk/X                     10     24    -14 (VIOLATED)
clkbuf_leaf_54_clk/X                     10     22    -12 (VIOLATED)
fanout911/X                              10     22    -12 (VIOLATED)
_07405_/X                                10     21    -11 (VIOLATED)
_12452_/Q                                10     21    -11 (VIOLATED)
_12453_/Q                                10     21    -11 (VIOLATED)
_13736_/Q                                10     21    -11 (VIOLATED)
clkbuf_4_3__f_clk/X                      10     21    -11 (VIOLATED)
clkbuf_leaf_115_clk/X                    10     21    -11 (VIOLATED)
fanout1007/X                             10     21    -11 (VIOLATED)
fanout1061/X                             10     21    -11 (VIOLATED)
fanout1078/X                             10     21    -11 (VIOLATED)
fanout1079/X                             10     21    -11 (VIOLATED)
fanout131/X                              10     21    -11 (VIOLATED)
fanout133/X                              10     21    -11 (VIOLATED)
fanout135/X                              10     21    -11 (VIOLATED)
fanout137/X                              10     21    -11 (VIOLATED)
fanout205/X                              10     21    -11 (VIOLATED)
fanout245/X                              10     21    -11 (VIOLATED)
fanout281/X                              10     21    -11 (VIOLATED)
fanout283/X                              10     21    -11 (VIOLATED)
fanout284/X                              10     21    -11 (VIOLATED)
fanout285/X                              10     21    -11 (VIOLATED)
fanout286/X                              10     21    -11 (VIOLATED)
fanout297/X                              10     21    -11 (VIOLATED)
fanout301/X                              10     21    -11 (VIOLATED)
fanout302/X                              10     21    -11 (VIOLATED)
fanout307/X                              10     21    -11 (VIOLATED)
fanout308/X                              10     21    -11 (VIOLATED)
fanout320/X                              10     21    -11 (VIOLATED)
fanout325/X                              10     21    -11 (VIOLATED)
fanout356/X                              10     21    -11 (VIOLATED)
fanout370/X                              10     21    -11 (VIOLATED)
fanout372/X                              10     21    -11 (VIOLATED)
fanout374/X                              10     21    -11 (VIOLATED)
fanout376/X                              10     21    -11 (VIOLATED)
fanout378/X                              10     21    -11 (VIOLATED)
fanout380/X                              10     21    -11 (VIOLATED)
fanout382/X                              10     21    -11 (VIOLATED)
fanout384/X                              10     21    -11 (VIOLATED)
fanout386/X                              10     21    -11 (VIOLATED)
fanout388/X                              10     21    -11 (VIOLATED)
fanout390/X                              10     21    -11 (VIOLATED)
fanout392/X                              10     21    -11 (VIOLATED)
fanout394/X                              10     21    -11 (VIOLATED)
fanout396/X                              10     21    -11 (VIOLATED)
fanout398/X                              10     21    -11 (VIOLATED)
fanout406/X                              10     21    -11 (VIOLATED)
fanout407/X                              10     21    -11 (VIOLATED)
fanout408/X                              10     21    -11 (VIOLATED)
fanout410/X                              10     21    -11 (VIOLATED)
fanout412/X                              10     21    -11 (VIOLATED)
fanout414/X                              10     21    -11 (VIOLATED)
fanout416/X                              10     21    -11 (VIOLATED)
fanout418/X                              10     21    -11 (VIOLATED)
fanout420/X                              10     21    -11 (VIOLATED)
fanout422/X                              10     21    -11 (VIOLATED)
fanout424/X                              10     21    -11 (VIOLATED)
fanout426/X                              10     21    -11 (VIOLATED)
fanout428/X                              10     21    -11 (VIOLATED)
fanout430/X                              10     21    -11 (VIOLATED)
fanout431/X                              10     21    -11 (VIOLATED)
fanout432/X                              10     21    -11 (VIOLATED)
fanout434/X                              10     21    -11 (VIOLATED)
fanout436/X                              10     21    -11 (VIOLATED)
fanout438/X                              10     21    -11 (VIOLATED)
fanout440/X                              10     21    -11 (VIOLATED)
fanout442/X                              10     21    -11 (VIOLATED)
fanout444/X                              10     21    -11 (VIOLATED)
fanout446/X                              10     21    -11 (VIOLATED)
fanout448/X                              10     21    -11 (VIOLATED)
fanout450/X                              10     21    -11 (VIOLATED)
fanout452/X                              10     21    -11 (VIOLATED)
fanout454/X                              10     21    -11 (VIOLATED)
fanout456/X                              10     21    -11 (VIOLATED)
fanout457/X                              10     21    -11 (VIOLATED)
fanout458/X                              10     21    -11 (VIOLATED)
fanout459/X                              10     21    -11 (VIOLATED)
fanout461/X                              10     21    -11 (VIOLATED)
fanout462/X                              10     21    -11 (VIOLATED)
fanout463/X                              10     21    -11 (VIOLATED)
fanout465/X                              10     21    -11 (VIOLATED)
fanout468/X                              10     21    -11 (VIOLATED)
fanout470/X                              10     21    -11 (VIOLATED)
fanout472/X                              10     21    -11 (VIOLATED)
fanout473/X                              10     21    -11 (VIOLATED)
fanout474/X                              10     21    -11 (VIOLATED)
fanout475/X                              10     21    -11 (VIOLATED)
fanout476/X                              10     21    -11 (VIOLATED)
fanout477/X                              10     21    -11 (VIOLATED)
fanout481/X                              10     21    -11 (VIOLATED)
fanout483/X                              10     21    -11 (VIOLATED)
fanout485/X                              10     21    -11 (VIOLATED)
fanout487/X                              10     21    -11 (VIOLATED)
fanout489/X                              10     21    -11 (VIOLATED)
fanout491/X                              10     21    -11 (VIOLATED)
fanout493/X                              10     21    -11 (VIOLATED)
fanout495/X                              10     21    -11 (VIOLATED)
fanout497/X                              10     21    -11 (VIOLATED)
fanout498/X                              10     21    -11 (VIOLATED)
fanout499/X                              10     21    -11 (VIOLATED)
fanout501/X                              10     21    -11 (VIOLATED)
fanout503/X                              10     21    -11 (VIOLATED)
fanout505/X                              10     21    -11 (VIOLATED)
fanout507/X                              10     21    -11 (VIOLATED)
fanout509/X                              10     21    -11 (VIOLATED)
fanout511/X                              10     21    -11 (VIOLATED)
fanout513/X                              10     21    -11 (VIOLATED)
fanout515/X                              10     21    -11 (VIOLATED)
fanout517/X                              10     21    -11 (VIOLATED)
fanout519/X                              10     21    -11 (VIOLATED)
fanout521/X                              10     21    -11 (VIOLATED)
fanout523/X                              10     21    -11 (VIOLATED)
fanout525/X                              10     21    -11 (VIOLATED)
fanout526/X                              10     21    -11 (VIOLATED)
fanout527/X                              10     21    -11 (VIOLATED)
fanout529/X                              10     21    -11 (VIOLATED)
fanout530/X                              10     21    -11 (VIOLATED)
fanout531/X                              10     21    -11 (VIOLATED)
fanout533/X                              10     21    -11 (VIOLATED)
fanout535/X                              10     21    -11 (VIOLATED)
fanout537/X                              10     21    -11 (VIOLATED)
fanout538/X                              10     21    -11 (VIOLATED)
fanout539/X                              10     21    -11 (VIOLATED)
fanout540/X                              10     21    -11 (VIOLATED)
fanout542/X                              10     21    -11 (VIOLATED)
fanout544/X                              10     21    -11 (VIOLATED)
fanout546/X                              10     21    -11 (VIOLATED)
fanout548/X                              10     21    -11 (VIOLATED)
fanout550/X                              10     21    -11 (VIOLATED)
fanout552/X                              10     21    -11 (VIOLATED)
fanout554/X                              10     21    -11 (VIOLATED)
fanout556/X                              10     21    -11 (VIOLATED)
fanout558/X                              10     21    -11 (VIOLATED)
fanout560/X                              10     21    -11 (VIOLATED)
fanout562/X                              10     21    -11 (VIOLATED)
fanout564/X                              10     21    -11 (VIOLATED)
fanout565/X                              10     21    -11 (VIOLATED)
fanout566/X                              10     21    -11 (VIOLATED)
fanout568/X                              10     21    -11 (VIOLATED)
fanout570/X                              10     21    -11 (VIOLATED)
fanout572/X                              10     21    -11 (VIOLATED)
fanout574/X                              10     21    -11 (VIOLATED)
fanout576/X                              10     21    -11 (VIOLATED)
fanout578/X                              10     21    -11 (VIOLATED)
fanout580/X                              10     21    -11 (VIOLATED)
fanout582/X                              10     21    -11 (VIOLATED)
fanout584/X                              10     21    -11 (VIOLATED)
fanout585/X                              10     21    -11 (VIOLATED)
fanout586/X                              10     21    -11 (VIOLATED)
fanout588/X                              10     21    -11 (VIOLATED)
fanout590/X                              10     21    -11 (VIOLATED)
fanout592/X                              10     21    -11 (VIOLATED)
fanout594/X                              10     21    -11 (VIOLATED)
fanout596/X                              10     21    -11 (VIOLATED)
fanout598/X                              10     21    -11 (VIOLATED)
fanout600/X                              10     21    -11 (VIOLATED)
fanout602/X                              10     21    -11 (VIOLATED)
fanout604/X                              10     21    -11 (VIOLATED)
fanout606/X                              10     21    -11 (VIOLATED)
fanout608/X                              10     21    -11 (VIOLATED)
fanout610/X                              10     21    -11 (VIOLATED)
fanout621/X                              10     21    -11 (VIOLATED)
fanout622/X                              10     21    -11 (VIOLATED)
fanout623/X                              10     21    -11 (VIOLATED)
fanout625/X                              10     21    -11 (VIOLATED)
fanout627/X                              10     21    -11 (VIOLATED)
fanout628/X                              10     21    -11 (VIOLATED)
fanout629/X                              10     21    -11 (VIOLATED)
fanout631/X                              10     21    -11 (VIOLATED)
fanout633/X                              10     21    -11 (VIOLATED)
fanout635/X                              10     21    -11 (VIOLATED)
fanout637/X                              10     21    -11 (VIOLATED)
fanout639/X                              10     21    -11 (VIOLATED)
fanout641/X                              10     21    -11 (VIOLATED)
fanout643/X                              10     21    -11 (VIOLATED)
fanout645/X                              10     21    -11 (VIOLATED)
fanout647/X                              10     21    -11 (VIOLATED)
fanout649/X                              10     21    -11 (VIOLATED)
fanout651/X                              10     21    -11 (VIOLATED)
fanout653/X                              10     21    -11 (VIOLATED)
fanout655/X                              10     21    -11 (VIOLATED)
fanout657/X                              10     21    -11 (VIOLATED)
fanout659/X                              10     21    -11 (VIOLATED)
fanout661/X                              10     21    -11 (VIOLATED)
fanout663/X                              10     21    -11 (VIOLATED)
fanout665/X                              10     21    -11 (VIOLATED)
fanout667/X                              10     21    -11 (VIOLATED)
fanout669/X                              10     21    -11 (VIOLATED)
fanout671/X                              10     21    -11 (VIOLATED)
fanout673/X                              10     21    -11 (VIOLATED)
fanout675/X                              10     21    -11 (VIOLATED)
fanout677/X                              10     21    -11 (VIOLATED)
fanout679/X                              10     21    -11 (VIOLATED)
fanout681/X                              10     21    -11 (VIOLATED)
fanout683/X                              10     21    -11 (VIOLATED)
fanout685/X                              10     21    -11 (VIOLATED)
fanout687/X                              10     21    -11 (VIOLATED)
fanout689/X                              10     21    -11 (VIOLATED)
fanout691/X                              10     21    -11 (VIOLATED)
fanout693/X                              10     21    -11 (VIOLATED)
fanout695/X                              10     21    -11 (VIOLATED)
fanout697/X                              10     21    -11 (VIOLATED)
fanout699/X                              10     21    -11 (VIOLATED)
fanout701/X                              10     21    -11 (VIOLATED)
fanout703/X                              10     21    -11 (VIOLATED)
fanout705/X                              10     21    -11 (VIOLATED)
fanout707/X                              10     21    -11 (VIOLATED)
fanout708/X                              10     21    -11 (VIOLATED)
fanout709/X                              10     21    -11 (VIOLATED)
fanout711/X                              10     21    -11 (VIOLATED)
fanout713/X                              10     21    -11 (VIOLATED)
fanout715/X                              10     21    -11 (VIOLATED)
fanout717/X                              10     21    -11 (VIOLATED)
fanout719/X                              10     21    -11 (VIOLATED)
fanout721/X                              10     21    -11 (VIOLATED)
fanout723/X                              10     21    -11 (VIOLATED)
fanout724/X                              10     21    -11 (VIOLATED)
fanout725/X                              10     21    -11 (VIOLATED)
fanout726/X                              10     21    -11 (VIOLATED)
fanout728/X                              10     21    -11 (VIOLATED)
fanout730/X                              10     21    -11 (VIOLATED)
fanout731/X                              10     21    -11 (VIOLATED)
fanout732/X                              10     21    -11 (VIOLATED)
fanout734/X                              10     21    -11 (VIOLATED)
fanout736/X                              10     21    -11 (VIOLATED)
fanout738/X                              10     21    -11 (VIOLATED)
fanout740/X                              10     21    -11 (VIOLATED)
fanout742/X                              10     21    -11 (VIOLATED)
fanout748/X                              10     21    -11 (VIOLATED)
fanout750/X                              10     21    -11 (VIOLATED)
fanout752/X                              10     21    -11 (VIOLATED)
fanout754/X                              10     21    -11 (VIOLATED)
fanout756/X                              10     21    -11 (VIOLATED)
fanout758/X                              10     21    -11 (VIOLATED)
fanout760/X                              10     21    -11 (VIOLATED)
fanout762/X                              10     21    -11 (VIOLATED)
fanout764/X                              10     21    -11 (VIOLATED)
fanout766/X                              10     21    -11 (VIOLATED)
fanout768/X                              10     21    -11 (VIOLATED)
fanout770/X                              10     21    -11 (VIOLATED)
fanout771/X                              10     21    -11 (VIOLATED)
fanout772/X                              10     21    -11 (VIOLATED)
fanout774/X                              10     21    -11 (VIOLATED)
fanout776/X                              10     21    -11 (VIOLATED)
fanout778/X                              10     21    -11 (VIOLATED)
fanout780/X                              10     21    -11 (VIOLATED)
fanout782/X                              10     21    -11 (VIOLATED)
fanout784/X                              10     21    -11 (VIOLATED)
fanout786/X                              10     21    -11 (VIOLATED)
fanout788/X                              10     21    -11 (VIOLATED)
fanout789/X                              10     21    -11 (VIOLATED)
fanout790/X                              10     21    -11 (VIOLATED)
fanout792/X                              10     21    -11 (VIOLATED)
fanout794/X                              10     21    -11 (VIOLATED)
fanout800/X                              10     21    -11 (VIOLATED)
fanout802/X                              10     21    -11 (VIOLATED)
fanout804/X                              10     21    -11 (VIOLATED)
fanout806/X                              10     21    -11 (VIOLATED)
fanout816/X                              10     21    -11 (VIOLATED)
fanout817/X                              10     21    -11 (VIOLATED)
fanout818/X                              10     21    -11 (VIOLATED)
fanout820/X                              10     21    -11 (VIOLATED)
fanout821/X                              10     21    -11 (VIOLATED)
fanout822/X                              10     21    -11 (VIOLATED)
fanout825/X                              10     21    -11 (VIOLATED)
fanout826/X                              10     21    -11 (VIOLATED)
fanout828/X                              10     21    -11 (VIOLATED)
fanout829/X                              10     21    -11 (VIOLATED)
fanout831/X                              10     21    -11 (VIOLATED)
fanout838/X                              10     21    -11 (VIOLATED)
fanout840/X                              10     21    -11 (VIOLATED)
fanout849/X                              10     21    -11 (VIOLATED)
fanout853/X                              10     21    -11 (VIOLATED)
fanout867/X                              10     21    -11 (VIOLATED)
fanout868/X                              10     21    -11 (VIOLATED)
fanout873/X                              10     21    -11 (VIOLATED)
fanout876/X                              10     21    -11 (VIOLATED)
fanout877/X                              10     21    -11 (VIOLATED)
fanout884/X                              10     21    -11 (VIOLATED)
fanout890/X                              10     21    -11 (VIOLATED)
fanout897/X                              10     21    -11 (VIOLATED)
fanout902/X                              10     21    -11 (VIOLATED)
fanout904/X                              10     21    -11 (VIOLATED)
fanout905/X                              10     21    -11 (VIOLATED)
fanout910/X                              10     21    -11 (VIOLATED)
fanout915/X                              10     21    -11 (VIOLATED)
fanout918/X                              10     21    -11 (VIOLATED)
fanout924/X                              10     21    -11 (VIOLATED)
fanout925/X                              10     21    -11 (VIOLATED)
fanout932/X                              10     21    -11 (VIOLATED)
clkbuf_leaf_93_clk/X                     10     20    -10 (VIOLATED)
_06515_/X                                10     19     -9 (VIOLATED)
_07249_/Y                                10     19     -9 (VIOLATED)
_07401_/X                                10     19     -9 (VIOLATED)
_07500_/Y                                10     19     -9 (VIOLATED)
_12461_/Q                                10     19     -9 (VIOLATED)
_12547_/Q                                10     19     -9 (VIOLATED)
_13735_/Q                                10     19     -9 (VIOLATED)
clkbuf_4_14__f_clk/X                     10     19     -9 (VIOLATED)
clkbuf_4_15__f_clk/X                     10     19     -9 (VIOLATED)
clkbuf_4_2__f_clk/X                      10     19     -9 (VIOLATED)
clkbuf_4_6__f_clk/X                      10     19     -9 (VIOLATED)
clkbuf_leaf_117_clk/X                    10     19     -9 (VIOLATED)
clkbuf_leaf_118_clk/X                    10     19     -9 (VIOLATED)
clkbuf_leaf_26_clk/X                     10     19     -9 (VIOLATED)
clkbuf_leaf_65_clk/X                     10     19     -9 (VIOLATED)
clkbuf_leaf_74_clk/X                     10     19     -9 (VIOLATED)
fanout1003/X                             10     19     -9 (VIOLATED)
fanout1116/X                             10     19     -9 (VIOLATED)
fanout305/X                              10     19     -9 (VIOLATED)
fanout379/X                              10     19     -9 (VIOLATED)
fanout387/X                              10     19     -9 (VIOLATED)
fanout415/X                              10     19     -9 (VIOLATED)
fanout443/X                              10     19     -9 (VIOLATED)
fanout455/X                              10     19     -9 (VIOLATED)
fanout502/X                              10     19     -9 (VIOLATED)
fanout534/X                              10     19     -9 (VIOLATED)
fanout553/X                              10     19     -9 (VIOLATED)
fanout577/X                              10     19     -9 (VIOLATED)
fanout597/X                              10     19     -9 (VIOLATED)
fanout601/X                              10     19     -9 (VIOLATED)
fanout605/X                              10     19     -9 (VIOLATED)
fanout609/X                              10     19     -9 (VIOLATED)
fanout652/X                              10     19     -9 (VIOLATED)
fanout656/X                              10     19     -9 (VIOLATED)
fanout672/X                              10     19     -9 (VIOLATED)
fanout676/X                              10     19     -9 (VIOLATED)
fanout692/X                              10     19     -9 (VIOLATED)
fanout704/X                              10     19     -9 (VIOLATED)
fanout735/X                              10     19     -9 (VIOLATED)
fanout759/X                              10     19     -9 (VIOLATED)
fanout761/X                              10     19     -9 (VIOLATED)
fanout823/X                              10     19     -9 (VIOLATED)
fanout848/X                              10     19     -9 (VIOLATED)
fanout893/X                              10     19     -9 (VIOLATED)
fanout985/X                              10     19     -9 (VIOLATED)
clkbuf_leaf_111_clk/X                    10     18     -8 (VIOLATED)
clkbuf_leaf_113_clk/X                    10     18     -8 (VIOLATED)
clkbuf_leaf_12_clk/X                     10     18     -8 (VIOLATED)
clkbuf_leaf_15_clk/X                     10     18     -8 (VIOLATED)
clkbuf_leaf_32_clk/X                     10     18     -8 (VIOLATED)
clkbuf_leaf_3_clk/X                      10     18     -8 (VIOLATED)
clkbuf_leaf_40_clk/X                     10     18     -8 (VIOLATED)
clkbuf_leaf_55_clk/X                     10     18     -8 (VIOLATED)
clkbuf_leaf_59_clk/X                     10     18     -8 (VIOLATED)
clkbuf_leaf_62_clk/X                     10     18     -8 (VIOLATED)
_06619_/Y                                10     17     -7 (VIOLATED)
_06951_/Y                                10     17     -7 (VIOLATED)
_07229_/Y                                10     17     -7 (VIOLATED)
_07311_/Y                                10     17     -7 (VIOLATED)
_07372_/Y                                10     17     -7 (VIOLATED)
_09139_/X                                10     17     -7 (VIOLATED)
_09407_/Y                                10     17     -7 (VIOLATED)
_09477_/X                                10     17     -7 (VIOLATED)
_09546_/Y                                10     17     -7 (VIOLATED)
_09617_/Y                                10     17     -7 (VIOLATED)
_09760_/X                                10     17     -7 (VIOLATED)
_09763_/X                                10     17     -7 (VIOLATED)
_12439_/Q                                10     17     -7 (VIOLATED)
_12457_/Q                                10     17     -7 (VIOLATED)
_12458_/Q                                10     17     -7 (VIOLATED)
_12459_/Q                                10     17     -7 (VIOLATED)
_12548_/Q                                10     17     -7 (VIOLATED)
_12558_/Q                                10     17     -7 (VIOLATED)
clkbuf_0_clk/X                           10     17     -7 (VIOLATED)
clkbuf_4_0__f_clk/X                      10     17     -7 (VIOLATED)
clkbuf_4_11__f_clk/X                     10     17     -7 (VIOLATED)
clkbuf_4_1__f_clk/X                      10     17     -7 (VIOLATED)
clkbuf_4_4__f_clk/X                      10     17     -7 (VIOLATED)
clkbuf_4_7__f_clk/X                      10     17     -7 (VIOLATED)
clkbuf_leaf_106_clk/X                    10     17     -7 (VIOLATED)
clkbuf_leaf_107_clk/X                    10     17     -7 (VIOLATED)
clkbuf_leaf_28_clk/X                     10     17     -7 (VIOLATED)
clkbuf_leaf_33_clk/X                     10     17     -7 (VIOLATED)
clkbuf_leaf_37_clk/X                     10     17     -7 (VIOLATED)
clkbuf_leaf_63_clk/X                     10     17     -7 (VIOLATED)
clkbuf_leaf_69_clk/X                     10     17     -7 (VIOLATED)
fanout1030/X                             10     17     -7 (VIOLATED)
fanout1067/X                             10     17     -7 (VIOLATED)
fanout423/X                              10     17     -7 (VIOLATED)
fanout427/X                              10     17     -7 (VIOLATED)
fanout435/X                              10     17     -7 (VIOLATED)
fanout471/X                              10     17     -7 (VIOLATED)
fanout482/X                              10     17     -7 (VIOLATED)
fanout490/X                              10     17     -7 (VIOLATED)
fanout514/X                              10     17     -7 (VIOLATED)
fanout541/X                              10     17     -7 (VIOLATED)
fanout557/X                              10     17     -7 (VIOLATED)
fanout589/X                              10     17     -7 (VIOLATED)
fanout624/X                              10     17     -7 (VIOLATED)
fanout632/X                              10     17     -7 (VIOLATED)
fanout660/X                              10     17     -7 (VIOLATED)
fanout664/X                              10     17     -7 (VIOLATED)
fanout668/X                              10     17     -7 (VIOLATED)
fanout696/X                              10     17     -7 (VIOLATED)
fanout712/X                              10     17     -7 (VIOLATED)
fanout727/X                              10     17     -7 (VIOLATED)
fanout739/X                              10     17     -7 (VIOLATED)
fanout749/X                              10     17     -7 (VIOLATED)
fanout757/X                              10     17     -7 (VIOLATED)
fanout777/X                              10     17     -7 (VIOLATED)
fanout779/X                              10     17     -7 (VIOLATED)
fanout889/X                              10     17     -7 (VIOLATED)
fanout928/X                              10     17     -7 (VIOLATED)
fanout969/X                              10     17     -7 (VIOLATED)
fanout978/X                              10     17     -7 (VIOLATED)
input34/X                                10     17     -7 (VIOLATED)
clkbuf_leaf_101_clk/X                    10     16     -6 (VIOLATED)
clkbuf_leaf_108_clk/X                    10     16     -6 (VIOLATED)
clkbuf_leaf_27_clk/X                     10     16     -6 (VIOLATED)
clkbuf_leaf_61_clk/X                     10     16     -6 (VIOLATED)
clkbuf_leaf_79_clk/X                     10     16     -6 (VIOLATED)
_06482_/Y                                10     15     -5 (VIOLATED)
_06802_/Y                                10     15     -5 (VIOLATED)
_06864_/Y                                10     15     -5 (VIOLATED)
_06992_/Y                                10     15     -5 (VIOLATED)
_07331_/Y                                10     15     -5 (VIOLATED)
_08255_/X                                10     15     -5 (VIOLATED)
_09145_/Y                                10     15     -5 (VIOLATED)
_09336_/X                                10     15     -5 (VIOLATED)
_09350_/X                                10     15     -5 (VIOLATED)
_09386_/X                                10     15     -5 (VIOLATED)
_09423_/X                                10     15     -5 (VIOLATED)
_09441_/Y                                10     15     -5 (VIOLATED)
_09526_/Y                                10     15     -5 (VIOLATED)
_09561_/Y                                10     15     -5 (VIOLATED)
_09578_/Y                                10     15     -5 (VIOLATED)
_09595_/Y                                10     15     -5 (VIOLATED)
_12407_/Q                                10     15     -5 (VIOLATED)
_12408_/Q                                10     15     -5 (VIOLATED)
_12409_/Q                                10     15     -5 (VIOLATED)
_12412_/Q                                10     15     -5 (VIOLATED)
_13619_/Q                                10     15     -5 (VIOLATED)
clkbuf_4_10__f_clk/X                     10     15     -5 (VIOLATED)
clkbuf_4_13__f_clk/X                     10     15     -5 (VIOLATED)
clkbuf_4_8__f_clk/X                      10     15     -5 (VIOLATED)
clkbuf_4_9__f_clk/X                      10     15     -5 (VIOLATED)
clkbuf_leaf_0_clk/X                      10     15     -5 (VIOLATED)
clkbuf_leaf_105_clk/X                    10     15     -5 (VIOLATED)
clkbuf_leaf_10_clk/X                     10     15     -5 (VIOLATED)
clkbuf_leaf_120_clk/X                    10     15     -5 (VIOLATED)
clkbuf_leaf_2_clk/X                      10     15     -5 (VIOLATED)
clkbuf_leaf_31_clk/X                     10     15     -5 (VIOLATED)
clkbuf_leaf_34_clk/X                     10     15     -5 (VIOLATED)
clkbuf_leaf_47_clk/X                     10     15     -5 (VIOLATED)
clkbuf_leaf_60_clk/X                     10     15     -5 (VIOLATED)
clkbuf_leaf_6_clk/X                      10     15     -5 (VIOLATED)
clkbuf_leaf_88_clk/X                     10     15     -5 (VIOLATED)
fanout1009/X                             10     15     -5 (VIOLATED)
fanout1034/X                             10     15     -5 (VIOLATED)
fanout1049/X                             10     15     -5 (VIOLATED)
fanout1081/X                             10     15     -5 (VIOLATED)
fanout1090/X                             10     15     -5 (VIOLATED)
fanout134/X                              10     15     -5 (VIOLATED)
fanout190/X                              10     15     -5 (VIOLATED)
fanout299/X                              10     15     -5 (VIOLATED)
fanout323/X                              10     15     -5 (VIOLATED)
fanout326/X                              10     15     -5 (VIOLATED)
fanout362/X                              10     15     -5 (VIOLATED)
fanout373/X                              10     15     -5 (VIOLATED)
fanout375/X                              10     15     -5 (VIOLATED)
fanout383/X                              10     15     -5 (VIOLATED)
fanout391/X                              10     15     -5 (VIOLATED)
fanout419/X                              10     15     -5 (VIOLATED)
fanout425/X                              10     15     -5 (VIOLATED)
fanout429/X                              10     15     -5 (VIOLATED)
fanout439/X                              10     15     -5 (VIOLATED)
fanout451/X                              10     15     -5 (VIOLATED)
fanout460/X                              10     15     -5 (VIOLATED)
fanout466/X                              10     15     -5 (VIOLATED)
fanout486/X                              10     15     -5 (VIOLATED)
fanout492/X                              10     15     -5 (VIOLATED)
fanout506/X                              10     15     -5 (VIOLATED)
fanout510/X                              10     15     -5 (VIOLATED)
fanout516/X                              10     15     -5 (VIOLATED)
fanout518/X                              10     15     -5 (VIOLATED)
fanout524/X                              10     15     -5 (VIOLATED)
fanout545/X                              10     15     -5 (VIOLATED)
fanout549/X                              10     15     -5 (VIOLATED)
fanout561/X                              10     15     -5 (VIOLATED)
fanout569/X                              10     15     -5 (VIOLATED)
fanout573/X                              10     15     -5 (VIOLATED)
fanout581/X                              10     15     -5 (VIOLATED)
fanout591/X                              10     15     -5 (VIOLATED)
fanout593/X                              10     15     -5 (VIOLATED)
fanout626/X                              10     15     -5 (VIOLATED)
fanout634/X                              10     15     -5 (VIOLATED)
fanout636/X                              10     15     -5 (VIOLATED)
fanout640/X                              10     15     -5 (VIOLATED)
fanout644/X                              10     15     -5 (VIOLATED)
fanout648/X                              10     15     -5 (VIOLATED)
fanout662/X                              10     15     -5 (VIOLATED)
fanout666/X                              10     15     -5 (VIOLATED)
fanout680/X                              10     15     -5 (VIOLATED)
fanout684/X                              10     15     -5 (VIOLATED)
fanout688/X                              10     15     -5 (VIOLATED)
fanout720/X                              10     15     -5 (VIOLATED)
fanout741/X                              10     15     -5 (VIOLATED)
fanout751/X                              10     15     -5 (VIOLATED)
fanout765/X                              10     15     -5 (VIOLATED)
fanout767/X                              10     15     -5 (VIOLATED)
fanout785/X                              10     15     -5 (VIOLATED)
fanout793/X                              10     15     -5 (VIOLATED)
fanout801/X                              10     15     -5 (VIOLATED)
fanout805/X                              10     15     -5 (VIOLATED)
fanout895/X                              10     15     -5 (VIOLATED)
fanout901/X                              10     15     -5 (VIOLATED)
fanout917/X                              10     15     -5 (VIOLATED)
fanout958/X                              10     15     -5 (VIOLATED)
fanout982/X                              10     15     -5 (VIOLATED)
clkbuf_leaf_114_clk/X                    10     14     -4 (VIOLATED)
clkbuf_leaf_16_clk/X                     10     14     -4 (VIOLATED)
clkbuf_leaf_23_clk/X                     10     14     -4 (VIOLATED)
clkbuf_leaf_24_clk/X                     10     14     -4 (VIOLATED)
clkbuf_leaf_25_clk/X                     10     14     -4 (VIOLATED)
clkbuf_leaf_44_clk/X                     10     14     -4 (VIOLATED)
clkbuf_leaf_49_clk/X                     10     14     -4 (VIOLATED)
clkbuf_leaf_64_clk/X                     10     14     -4 (VIOLATED)
_06691_/Y                                10     13     -3 (VIOLATED)
_06761_/Y                                10     13     -3 (VIOLATED)
_06886_/Y                                10     13     -3 (VIOLATED)
_06973_/Y                                10     13     -3 (VIOLATED)
_07015_/Y                                10     13     -3 (VIOLATED)
_07058_/Y                                10     13     -3 (VIOLATED)
_07127_/Y                                10     13     -3 (VIOLATED)
_07147_/Y                                10     13     -3 (VIOLATED)
_07167_/Y                                10     13     -3 (VIOLATED)
_07208_/Y                                10     13     -3 (VIOLATED)
_07351_/Y                                10     13     -3 (VIOLATED)
_07400_/X                                10     13     -3 (VIOLATED)
_07498_/X                                10     13     -3 (VIOLATED)
_07551_/Y                                10     13     -3 (VIOLATED)
_09118_/X                                10     13     -3 (VIOLATED)
_09316_/Y                                10     13     -3 (VIOLATED)
_09459_/Y                                10     13     -3 (VIOLATED)
_09492_/Y                                10     13     -3 (VIOLATED)
_11186_/Y                                10     13     -3 (VIOLATED)
_12406_/Q                                10     13     -3 (VIOLATED)
_12410_/Q                                10     13     -3 (VIOLATED)
_12414_/Q                                10     13     -3 (VIOLATED)
_12415_/Q                                10     13     -3 (VIOLATED)
_12421_/Q                                10     13     -3 (VIOLATED)
_12456_/Q                                10     13     -3 (VIOLATED)
_12463_/Q                                10     13     -3 (VIOLATED)
clkbuf_4_12__f_clk/X                     10     13     -3 (VIOLATED)
clkbuf_4_5__f_clk/X                      10     13     -3 (VIOLATED)
clkbuf_leaf_11_clk/X                     10     13     -3 (VIOLATED)
clkbuf_leaf_13_clk/X                     10     13     -3 (VIOLATED)
clkbuf_leaf_14_clk/X                     10     13     -3 (VIOLATED)
clkbuf_leaf_20_clk/X                     10     13     -3 (VIOLATED)
clkbuf_leaf_22_clk/X                     10     13     -3 (VIOLATED)
clkbuf_leaf_29_clk/X                     10     13     -3 (VIOLATED)
clkbuf_leaf_35_clk/X                     10     13     -3 (VIOLATED)
clkbuf_leaf_4_clk/X                      10     13     -3 (VIOLATED)
clkbuf_leaf_56_clk/X                     10     13     -3 (VIOLATED)
clkbuf_leaf_70_clk/X                     10     13     -3 (VIOLATED)
fanout1019/X                             10     13     -3 (VIOLATED)
fanout1021/X                             10     13     -3 (VIOLATED)
fanout1050/X                             10     13     -3 (VIOLATED)
fanout1058/X                             10     13     -3 (VIOLATED)
fanout1072/X                             10     13     -3 (VIOLATED)
fanout1099/X                             10     13     -3 (VIOLATED)
fanout1120/X                             10     13     -3 (VIOLATED)
fanout146/X                              10     13     -3 (VIOLATED)
fanout211/X                              10     13     -3 (VIOLATED)
fanout215/X                              10     13     -3 (VIOLATED)
fanout260/X                              10     13     -3 (VIOLATED)
fanout264/X                              10     13     -3 (VIOLATED)
fanout312/X                              10     13     -3 (VIOLATED)
fanout371/X                              10     13     -3 (VIOLATED)
fanout381/X                              10     13     -3 (VIOLATED)
fanout389/X                              10     13     -3 (VIOLATED)
fanout397/X                              10     13     -3 (VIOLATED)
fanout411/X                              10     13     -3 (VIOLATED)
fanout413/X                              10     13     -3 (VIOLATED)
fanout417/X                              10     13     -3 (VIOLATED)
fanout445/X                              10     13     -3 (VIOLATED)
fanout447/X                              10     13     -3 (VIOLATED)
fanout449/X                              10     13     -3 (VIOLATED)
fanout467/X                              10     13     -3 (VIOLATED)
fanout484/X                              10     13     -3 (VIOLATED)
fanout494/X                              10     13     -3 (VIOLATED)
fanout496/X                              10     13     -3 (VIOLATED)
fanout504/X                              10     13     -3 (VIOLATED)
fanout512/X                              10     13     -3 (VIOLATED)
fanout551/X                              10     13     -3 (VIOLATED)
fanout555/X                              10     13     -3 (VIOLATED)
fanout571/X                              10     13     -3 (VIOLATED)
fanout575/X                              10     13     -3 (VIOLATED)
fanout579/X                              10     13     -3 (VIOLATED)
fanout583/X                              10     13     -3 (VIOLATED)
fanout599/X                              10     13     -3 (VIOLATED)
fanout603/X                              10     13     -3 (VIOLATED)
fanout607/X                              10     13     -3 (VIOLATED)
fanout611/X                              10     13     -3 (VIOLATED)
fanout638/X                              10     13     -3 (VIOLATED)
fanout654/X                              10     13     -3 (VIOLATED)
fanout658/X                              10     13     -3 (VIOLATED)
fanout674/X                              10     13     -3 (VIOLATED)
fanout678/X                              10     13     -3 (VIOLATED)
fanout690/X                              10     13     -3 (VIOLATED)
fanout694/X                              10     13     -3 (VIOLATED)
fanout700/X                              10     13     -3 (VIOLATED)
fanout702/X                              10     13     -3 (VIOLATED)
fanout706/X                              10     13     -3 (VIOLATED)
fanout716/X                              10     13     -3 (VIOLATED)
fanout718/X                              10     13     -3 (VIOLATED)
fanout737/X                              10     13     -3 (VIOLATED)
fanout763/X                              10     13     -3 (VIOLATED)
fanout781/X                              10     13     -3 (VIOLATED)
fanout833/X                              10     13     -3 (VIOLATED)
fanout891/X                              10     13     -3 (VIOLATED)
fanout919/X                              10     13     -3 (VIOLATED)
fanout937/X                              10     13     -3 (VIOLATED)
fanout950/X                              10     13     -3 (VIOLATED)
fanout960/X                              10     13     -3 (VIOLATED)
clkbuf_leaf_104_clk/X                    10     12     -2 (VIOLATED)
clkbuf_leaf_110_clk/X                    10     12     -2 (VIOLATED)
clkbuf_leaf_112_clk/X                    10     12     -2 (VIOLATED)
clkbuf_leaf_38_clk/X                     10     12     -2 (VIOLATED)
clkbuf_leaf_39_clk/X                     10     12     -2 (VIOLATED)
clkbuf_leaf_45_clk/X                     10     12     -2 (VIOLATED)
clkbuf_leaf_7_clk/X                      10     12     -2 (VIOLATED)
clkbuf_leaf_92_clk/X                     10     12     -2 (VIOLATED)
clkbuf_leaf_9_clk/X                      10     12     -2 (VIOLATED)
_06314_/X                                10     11        (VIOLATED)
_06483_/X                                10     11        (VIOLATED)
_06526_/X                                10     11        (VIOLATED)
_06616_/Y                                10     11        (VIOLATED)
_06739_/X                                10     11        (VIOLATED)
_06824_/Y                                10     11        (VIOLATED)
_06907_/Y                                10     11        (VIOLATED)
_06930_/Y                                10     11        (VIOLATED)
_06972_/Y                                10     11        (VIOLATED)
_07036_/Y                                10     11        (VIOLATED)
_07105_/Y                                10     11        (VIOLATED)
_07631_/Y                                10     11        (VIOLATED)
_07658_/X                                10     11        (VIOLATED)
_08063_/X                                10     11        (VIOLATED)
_08162_/X                                10     11        (VIOLATED)
_09371_/X                                10     11        (VIOLATED)
_11045_/X                                10     11        (VIOLATED)
_12405_/Q                                10     11        (VIOLATED)
_12413_/Q                                10     11        (VIOLATED)
_12416_/Q                                10     11        (VIOLATED)
_12417_/Q                                10     11        (VIOLATED)
_12419_/Q                                10     11        (VIOLATED)
_12422_/Q                                10     11        (VIOLATED)
_12448_/Q                                10     11        (VIOLATED)
_12454_/Q                                10     11        (VIOLATED)
_12467_/Q                                10     11        (VIOLATED)
clkbuf_leaf_102_clk/X                    10     11        (VIOLATED)
clkbuf_leaf_18_clk/X                     10     11        (VIOLATED)
clkbuf_leaf_19_clk/X                     10     11        (VIOLATED)
clkbuf_leaf_21_clk/X                     10     11        (VIOLATED)
clkbuf_leaf_5_clk/X                      10     11        (VIOLATED)
clkbuf_leaf_66_clk/X                     10     11        (VIOLATED)
clkbuf_leaf_67_clk/X                     10     11        (VIOLATED)
clkbuf_leaf_95_clk/X                     10     11        (VIOLATED)
fanout1006/X                             10     11        (VIOLATED)
fanout1020/X                             10     11        (VIOLATED)
fanout1044/X                             10     11        (VIOLATED)
fanout1073/X                             10     11        (VIOLATED)
fanout1091/X                             10     11        (VIOLATED)
fanout1111/X                             10     11        (VIOLATED)
fanout1121/X                             10     11        (VIOLATED)
fanout138/X                              10     11        (VIOLATED)
fanout247/X                              10     11        (VIOLATED)
fanout292/X                              10     11        (VIOLATED)
fanout316/X                              10     11        (VIOLATED)
fanout377/X                              10     11        (VIOLATED)
fanout385/X                              10     11        (VIOLATED)
fanout393/X                              10     11        (VIOLATED)
fanout409/X                              10     11        (VIOLATED)
fanout421/X                              10     11        (VIOLATED)
fanout433/X                              10     11        (VIOLATED)
fanout437/X                              10     11        (VIOLATED)
fanout441/X                              10     11        (VIOLATED)
fanout453/X                              10     11        (VIOLATED)
fanout488/X                              10     11        (VIOLATED)
fanout500/X                              10     11        (VIOLATED)
fanout508/X                              10     11        (VIOLATED)
fanout520/X                              10     11        (VIOLATED)
fanout522/X                              10     11        (VIOLATED)
fanout528/X                              10     11        (VIOLATED)
fanout532/X                              10     11        (VIOLATED)
fanout536/X                              10     11        (VIOLATED)
fanout543/X                              10     11        (VIOLATED)
fanout547/X                              10     11        (VIOLATED)
fanout559/X                              10     11        (VIOLATED)
fanout563/X                              10     11        (VIOLATED)
fanout567/X                              10     11        (VIOLATED)
fanout587/X                              10     11        (VIOLATED)
fanout595/X                              10     11        (VIOLATED)
fanout630/X                              10     11        (VIOLATED)
fanout642/X                              10     11        (VIOLATED)
fanout646/X                              10     11        (VIOLATED)
fanout650/X                              10     11        (VIOLATED)
fanout670/X                              10     11        (VIOLATED)
fanout682/X                              10     11        (VIOLATED)
fanout686/X                              10     11        (VIOLATED)
fanout698/X                              10     11        (VIOLATED)
fanout710/X                              10     11        (VIOLATED)
fanout714/X                              10     11        (VIOLATED)
fanout722/X                              10     11        (VIOLATED)
fanout729/X                              10     11        (VIOLATED)
fanout733/X                              10     11        (VIOLATED)
fanout753/X                              10     11        (VIOLATED)
fanout755/X                              10     11        (VIOLATED)
fanout769/X                              10     11        (VIOLATED)
fanout773/X                              10     11        (VIOLATED)
fanout775/X                              10     11        (VIOLATED)
fanout783/X                              10     11        (VIOLATED)
fanout787/X                              10     11        (VIOLATED)
fanout791/X                              10     11        (VIOLATED)
fanout795/X                              10     11        (VIOLATED)
fanout803/X                              10     11        (VIOLATED)
fanout807/X                              10     11        (VIOLATED)
fanout827/X                              10     11        (VIOLATED)
fanout839/X                              10     11        (VIOLATED)
fanout886/X                              10     11        (VIOLATED)
fanout899/X                              10     11        (VIOLATED)
fanout942/X                              10     11        (VIOLATED)
fanout993/X                              10     11        (VIOLATED)
fanout994/X                              10     11        (VIOLATED)
max_cap342/X                             10     11        (VIOLATED)
max_cap353/X                             10     11        (VIOLATED)
wire354/X                                10     11        (VIOLATED)

max capacitance

Pin                                        Limit         Cap       Slack
------------------------------------------------------------------------
clkbuf_0_clk/X                          0.200000    0.229178   -0.029178 (VIOLATED)
fanout725/X                             0.200000    0.228928   -0.028928 (VIOLATED)



===========================================================================
report_parasitic_annotation -report_unannotated
============================================================================
Found 156 unannotated drivers.
 gpio_in[0]
 gpio_in[10]
 gpio_in[11]
 gpio_in[12]
 gpio_in[13]
 gpio_in[14]
 gpio_in[19]
 gpio_in[1]
 gpio_in[20]
 gpio_in[21]
 gpio_in[22]
 gpio_in[23]
 gpio_in[24]
 gpio_in[25]
 gpio_in[26]
 gpio_in[27]
 gpio_in[28]
 gpio_in[29]
 gpio_in[2]
 gpio_in[30]
 gpio_in[31]
 gpio_in[3]
 gpio_in[4]
 gpio_in[5]
 gpio_in[6]
 gpio_in[7]
 gpio_in[8]
 gpio_in[9]
 _13861__1122/HI
 _13862__1123/HI
 _13863__1124/HI
 _13864__1125/HI
 _13865__1126/HI
 _13867__1127/HI
 _13868__1128/HI
 _13869__1129/HI
 _13870__1130/HI
 _13871__1131/HI
 _13872__1132/HI
 _13873__1133/HI
 _13874__1134/HI
 _13875__1135/HI
 _13876__1136/HI
 _13877__1137/HI
 _13878__1138/HI
 _13879__1139/HI
 clkload0/Y
 clkload1/Y
 clkload10/Y
 clkload100/X
 clkload101/Y
 clkload102/Y
 clkload103/Y
 clkload104/Y
 clkload105/Y
 clkload106/Y
 clkload107/Y
 clkload108/Y
 clkload109/Y
 clkload11/Y
 clkload12/Y
 clkload13/Y
 clkload14/Y
 clkload15/Y
 clkload16/Y
 clkload17/Y
 clkload18/Y
 clkload19/Y
 clkload2/Y
 clkload20/Y
 clkload21/Y
 clkload22/Y
 clkload23/Y
 clkload24/Y
 clkload25/Y
 clkload26/Y
 clkload27/Y
 clkload28/Y
 clkload29/X
 clkload3/Y
 clkload30/Y
 clkload31/Y
 clkload32/Y
 clkload33/Y
 clkload34/Y
 clkload35/Y
 clkload36/Y
 clkload37/Y
 clkload38/Y
 clkload39/Y
 clkload4/Y
 clkload40/Y
 clkload41/Y
 clkload42/Y
 clkload43/X
 clkload44/Y
 clkload45/Y
 clkload46/Y
 clkload47/Y
 clkload48/Y
 clkload49/Y
 clkload5/Y
 clkload50/Y
 clkload51/Y
 clkload52/Y
 clkload53/Y
 clkload54/Y
 clkload55/Y
 clkload56/Y
 clkload57/Y
 clkload58/Y
 clkload59/X
 clkload6/Y
 clkload60/Y
 clkload61/Y
 clkload62/X
 clkload63/Y
 clkload64/Y
 clkload65/Y
 clkload66/Y
 clkload67/Y
 clkload68/Y
 clkload69/X
 clkload7/Y
 clkload70/Y
 clkload71/Y
 clkload72/X
 clkload73/Y
 clkload74/Y
 clkload75/Y
 clkload76/Y
 clkload77/Y
 clkload78/Y
 clkload79/Y
 clkload8/X
 clkload80/Y
 clkload81/Y
 clkload82/Y
 clkload83/Y
 clkload84/Y
 clkload85/Y
 clkload86/Y
 clkload87/Y
 clkload88/Y
 clkload89/Y
 clkload9/Y
 clkload90/Y
 clkload91/Y
 clkload92/Y
 clkload93/Y
 clkload94/X
 clkload95/Y
 clkload96/Y
 clkload97/Y
 clkload98/Y
 clkload99/X
Found 0 partially unannotated drivers.

===========================================================================
max slew violation count 0
max fanout violation count 735
max cap violation count 2
============================================================================

===========================================================================
check_setup -verbose -unconstrained_endpoints -multiple_clock -no_clock -no_input_delay -loops -generated_clocks
===========================================================================
Warning: There are 18 unconstrained endpoints.
  gpio_out[15]
  gpio_out[16]
  gpio_out[17]
  gpio_out[18]
  gpio_out[1]
  gpio_out[23]
  gpio_out[24]
  gpio_out[25]
  gpio_out[26]
  gpio_out[27]
  gpio_out[28]
  gpio_out[29]
  gpio_out[2]
  gpio_out[30]
  gpio_out[31]
  gpio_out[3]
  gpio_out[4]
  gpio_out[5]
