
===========================================================================
report_checks -unconstrained
===========================================================================
======================= nom_tt_025C_1v80 Corner ===================================

Startpoint: wb_rst_i (input port clocked by wb_clk_i)
Endpoint: _4010_ (recovery check against rising-edge clock wb_clk_i)
Path Group: asynchronous
Path Type: max

Fanout         Cap        Slew       Delay        Time   Description
---------------------------------------------------------------------------------------------
                                  0.000000    0.000000   clock wb_clk_i (rise edge)
                                  0.000000    0.000000   clock network delay (propagated)
                                 20.000000   20.000000 ^ input external delay
     2    0.004133    0.025515    0.014984   20.014984 ^ wb_rst_i (in)
                                                         wb_rst_i (net)
                      0.025515    0.000000   20.014984 ^ input7/A (sky130_fd_sc_hd__clkbuf_1)
     1    0.003086    0.047142    0.076156   20.091141 ^ input7/X (sky130_fd_sc_hd__clkbuf_1)
                                                         net7 (net)
                      0.047142    0.000098   20.091238 ^ fanout298/A (sky130_fd_sc_hd__buf_2)
    11    0.060916    0.296124    0.282022   20.373259 ^ fanout298/X (sky130_fd_sc_hd__buf_2)
                                                         net298 (net)
                      0.296128    0.001000   20.374260 ^ fanout266/A (sky130_fd_sc_hd__clkbuf_4)
    11    0.066455    0.203148    0.331418   20.705677 ^ fanout266/X (sky130_fd_sc_hd__clkbuf_4)
                                                         net266 (net)
                      0.203151    0.000639   20.706318 ^ fanout265/A (sky130_fd_sc_hd__buf_2)
    13    0.053978    0.263401    0.311545   21.017862 ^ fanout265/X (sky130_fd_sc_hd__buf_2)
                                                         net265 (net)
                      0.263533    0.004880   21.022741 ^ fanout258/A (sky130_fd_sc_hd__clkbuf_2)
     5    0.026270    0.148493    0.242803   21.265545 ^ fanout258/X (sky130_fd_sc_hd__clkbuf_2)
                                                         net258 (net)
                      0.148493    0.000350   21.265894 ^ fanout255/A (sky130_fd_sc_hd__buf_4)
    10    0.057925    0.163320    0.234966   21.500860 ^ fanout255/X (sky130_fd_sc_hd__buf_4)
                                                         net255 (net)
                      0.163417    0.002142   21.503002 ^ fanout254/A (sky130_fd_sc_hd__buf_4)
    10    0.052443    0.150229    0.229155   21.732159 ^ fanout254/X (sky130_fd_sc_hd__buf_4)
                                                         net254 (net)
                      0.150253    0.001929   21.734087 ^ _4010_/SET_B (sky130_fd_sc_hd__dfstp_1)
                                             21.734087   data arrival time

                                100.000000  100.000000   clock wb_clk_i (rise edge)
                                  0.000000  100.000000   clock source latency
     2    0.025872    0.121595    0.084903  100.084900 ^ wb_clk_i (in)
                                                         wb_clk_i (net)
                      0.121657    0.000000  100.084900 ^ clkbuf_0_wb_clk_i/A (sky130_fd_sc_hd__clkbuf_16)
     9    0.075283    0.092634    0.194973  100.279869 ^ clkbuf_0_wb_clk_i/X (sky130_fd_sc_hd__clkbuf_16)
                                                         clknet_0_wb_clk_i (net)
                      0.092897    0.003510  100.283386 ^ clkbuf_2_1__f_wb_clk_i/A (sky130_fd_sc_hd__clkbuf_16)
    19    0.108313    0.122413    0.207756  100.491135 ^ clkbuf_2_1__f_wb_clk_i/X (sky130_fd_sc_hd__clkbuf_16)
                                                         clknet_2_1__leaf_wb_clk_i (net)
                      0.122578    0.003631  100.494766 ^ clkbuf_leaf_27_wb_clk_i/A (sky130_fd_sc_hd__clkbuf_8)
    43    0.104689    0.184619    0.261025  100.755791 ^ clkbuf_leaf_27_wb_clk_i/X (sky130_fd_sc_hd__clkbuf_8)
                                                         clknet_leaf_27_wb_clk_i (net)
                      0.184770    0.003268  100.759064 ^ _4010_/CLK (sky130_fd_sc_hd__dfstp_1)
                                 -0.250000  100.509064   clock uncertainty
                                  0.000000  100.509064   clock reconvergence pessimism
                                  0.166336  100.675400   library recovery time
                                            100.675400   data required time
---------------------------------------------------------------------------------------------
                                            100.675400   data required time
                                            -21.734087   data arrival time
---------------------------------------------------------------------------------------------
                                             78.941315   slack (MET)


Startpoint: wbs_adr_i[4] (input port clocked by wb_clk_i)
Endpoint: wbs_dat_o[0] (output port clocked by wb_clk_i)
Path Group: wb_clk_i
Path Type: max

Fanout         Cap        Slew       Delay        Time   Description
---------------------------------------------------------------------------------------------
                                  0.000000    0.000000   clock wb_clk_i (rise edge)
                                  0.000000    0.000000   clock network delay (propagated)
                                 20.000000   20.000000 v input external delay
     2    0.003662    0.010632    0.005883   20.005884 v wbs_adr_i[4] (in)
                                                         wbs_adr_i[4] (net)
                      0.010632    0.000000   20.005884 v input34/A (sky130_fd_sc_hd__buf_1)
     3    0.024176    0.143499    0.163618   20.169502 v input34/X (sky130_fd_sc_hd__buf_1)
                                                         net34 (net)
                      0.143578    0.002828   20.172331 v _2211_/B (sky130_fd_sc_hd__or4_1)
     1    0.009033    0.123367    0.583919   20.756248 v _2211_/X (sky130_fd_sc_hd__or4_1)
                                                         _0997_ (net)
                      0.123367    0.000490   20.756739 v _2215_/A (sky130_fd_sc_hd__or4_1)
     1    0.007512    0.114037    0.581188   21.337927 v _2215_/X (sky130_fd_sc_hd__or4_1)
                                                         _1001_ (net)
                      0.114037    0.000350   21.338278 v _2221_/A (sky130_fd_sc_hd__or4_1)
     1    0.007594    0.114549    0.578984   21.917261 v _2221_/X (sky130_fd_sc_hd__or4_1)
                                                         net101 (net)
                      0.114549    0.000348   21.917610 v fanout184/A (sky130_fd_sc_hd__clkbuf_2)
    15    0.038405    0.146727    0.230187   22.147797 v fanout184/X (sky130_fd_sc_hd__clkbuf_2)
                                                         net184 (net)
                      0.146736    0.001226   22.149023 v fanout183/A (sky130_fd_sc_hd__buf_2)
    10    0.030811    0.082445    0.219195   22.368217 v fanout183/X (sky130_fd_sc_hd__buf_2)
                                                         net183 (net)
                      0.082463    0.001158   22.369377 v fanout182/A (sky130_fd_sc_hd__buf_2)
    10    0.031023    0.082846    0.190271   22.559647 v fanout182/X (sky130_fd_sc_hd__buf_2)
                                                         net182 (net)
                      0.082849    0.000528   22.560175 v _3104_/B (sky130_fd_sc_hd__or2_1)
     1    0.002061    0.043922    0.209681   22.769855 v _3104_/X (sky130_fd_sc_hd__or2_1)
                                                         net83 (net)
                      0.043922    0.000059   22.769915 v output83/A (sky130_fd_sc_hd__buf_2)
     1    0.034168    0.089331    0.179410   22.949326 v output83/X (sky130_fd_sc_hd__buf_2)
                                                         wbs_dat_o[0] (net)
                      0.089336    0.000707   22.950031 v wbs_dat_o[0] (out)
                                             22.950031   data arrival time

                                100.000000  100.000000   clock wb_clk_i (rise edge)
                                  0.000000  100.000000   clock network delay (propagated)
                                 -0.250000   99.750000   clock uncertainty
                                  0.000000   99.750000   clock reconvergence pessimism
                                -20.000000   79.750000   output external delay
                                             79.750000   data required time
---------------------------------------------------------------------------------------------
                                             79.750000   data required time
                                            -22.950031   data arrival time
---------------------------------------------------------------------------------------------
                                             56.799965   slack (MET)




===========================================================================
report_checks --slack_max -0.01
============================================================================
======================= nom_tt_025C_1v80 Corner ===================================

No paths found.


===========================================================================
 report_check_types -max_slew -max_cap -max_fanout -violators
============================================================================
======================= nom_tt_025C_1v80 Corner ===================================

max fanout

Pin                                   Limit Fanout  Slack
---------------------------------------------------------
clkbuf_leaf_2_wb_clk_i/X                 10     51    -41 (VIOLATED)
clkbuf_leaf_28_wb_clk_i/X                10     45    -35 (VIOLATED)
clkbuf_leaf_9_wb_clk_i/X                 10     45    -35 (VIOLATED)
clkbuf_leaf_11_wb_clk_i/X                10     43    -33 (VIOLATED)
clkbuf_leaf_20_wb_clk_i/X                10     43    -33 (VIOLATED)
clkbuf_leaf_23_wb_clk_i/X                10     43    -33 (VIOLATED)
clkbuf_leaf_27_wb_clk_i/X                10     43    -33 (VIOLATED)
clkbuf_leaf_3_wb_clk_i/X                 10     43    -33 (VIOLATED)
clkbuf_leaf_12_wb_clk_i/X                10     41    -31 (VIOLATED)
clkbuf_leaf_5_wb_clk_i/X                 10     41    -31 (VIOLATED)
clkbuf_leaf_6_wb_clk_i/X                 10     41    -31 (VIOLATED)
clkbuf_leaf_10_wb_clk_i/X                10     39    -29 (VIOLATED)
clkbuf_leaf_14_wb_clk_i/X                10     39    -29 (VIOLATED)
clkbuf_leaf_21_wb_clk_i/X                10     39    -29 (VIOLATED)
clkbuf_leaf_22_wb_clk_i/X                10     39    -29 (VIOLATED)
clkbuf_leaf_30_wb_clk_i/X                10     39    -29 (VIOLATED)
clkbuf_leaf_15_wb_clk_i/X                10     37    -27 (VIOLATED)
clkbuf_leaf_17_wb_clk_i/X                10     37    -27 (VIOLATED)
clkbuf_leaf_7_wb_clk_i/X                 10     37    -27 (VIOLATED)
clkbuf_leaf_16_wb_clk_i/X                10     35    -25 (VIOLATED)
clkbuf_leaf_32_wb_clk_i/X                10     33    -23 (VIOLATED)
clkbuf_leaf_18_wb_clk_i/X                10     31    -21 (VIOLATED)
clkbuf_leaf_19_wb_clk_i/X                10     31    -21 (VIOLATED)
clkbuf_leaf_31_wb_clk_i/X                10     31    -21 (VIOLATED)
clkbuf_leaf_4_wb_clk_i/X                 10     31    -21 (VIOLATED)
clkbuf_leaf_8_wb_clk_i/X                 10     29    -19 (VIOLATED)
clkbuf_leaf_29_wb_clk_i/X                10     25    -15 (VIOLATED)
_1875_/Y                                 10     21    -11 (VIOLATED)
_2424_/Y                                 10     21    -11 (VIOLATED)
_2527_/X                                 10     21    -11 (VIOLATED)
_3340_/Y                                 10     21    -11 (VIOLATED)
_4269_/Q                                 10     21    -11 (VIOLATED)
clkbuf_2_3__f_wb_clk_i/X                 10     21    -11 (VIOLATED)
clkbuf_leaf_26_wb_clk_i/X                10     21    -11 (VIOLATED)
fanout111/X                              10     21    -11 (VIOLATED)
fanout117/X                              10     21    -11 (VIOLATED)
fanout119/X                              10     21    -11 (VIOLATED)
fanout123/X                              10     21    -11 (VIOLATED)
fanout126/X                              10     21    -11 (VIOLATED)
fanout127/X                              10     21    -11 (VIOLATED)
fanout129/X                              10     21    -11 (VIOLATED)
fanout133/X                              10     21    -11 (VIOLATED)
fanout134/X                              10     21    -11 (VIOLATED)
fanout147/X                              10     21    -11 (VIOLATED)
fanout148/X                              10     21    -11 (VIOLATED)
fanout155/X                              10     21    -11 (VIOLATED)
fanout158/X                              10     21    -11 (VIOLATED)
fanout160/X                              10     21    -11 (VIOLATED)
fanout167/X                              10     21    -11 (VIOLATED)
fanout169/X                              10     21    -11 (VIOLATED)
fanout170/X                              10     21    -11 (VIOLATED)
fanout173/X                              10     21    -11 (VIOLATED)
fanout174/X                              10     21    -11 (VIOLATED)
fanout177/X                              10     21    -11 (VIOLATED)
fanout179/X                              10     21    -11 (VIOLATED)
fanout180/X                              10     21    -11 (VIOLATED)
fanout185/X                              10     21    -11 (VIOLATED)
fanout186/X                              10     21    -11 (VIOLATED)
fanout190/X                              10     21    -11 (VIOLATED)
fanout191/X                              10     21    -11 (VIOLATED)
fanout194/X                              10     21    -11 (VIOLATED)
fanout197/X                              10     21    -11 (VIOLATED)
fanout207/X                              10     21    -11 (VIOLATED)
fanout211/X                              10     21    -11 (VIOLATED)
fanout212/X                              10     21    -11 (VIOLATED)
fanout213/X                              10     21    -11 (VIOLATED)
fanout214/X                              10     21    -11 (VIOLATED)
fanout215/X                              10     21    -11 (VIOLATED)
fanout216/X                              10     21    -11 (VIOLATED)
fanout220/X                              10     21    -11 (VIOLATED)
fanout222/X                              10     21    -11 (VIOLATED)
fanout229/X                              10     21    -11 (VIOLATED)
fanout231/X                              10     21    -11 (VIOLATED)
fanout237/X                              10     21    -11 (VIOLATED)
fanout248/X                              10     21    -11 (VIOLATED)
fanout263/X                              10     21    -11 (VIOLATED)
fanout302/X                              10     21    -11 (VIOLATED)
fanout303/X                              10     21    -11 (VIOLATED)
clkbuf_leaf_0_wb_clk_i/X                 10     20    -10 (VIOLATED)
_3335_/Y                                 10     19     -9 (VIOLATED)
_3994_/Q                                 10     19     -9 (VIOLATED)
_4358_/Q                                 10     19     -9 (VIOLATED)
clkbuf_2_0__f_wb_clk_i/X                 10     19     -9 (VIOLATED)
clkbuf_2_1__f_wb_clk_i/X                 10     19     -9 (VIOLATED)
clkbuf_2_2__f_wb_clk_i/X                 10     19     -9 (VIOLATED)
fanout150/X                              10     19     -9 (VIOLATED)
fanout289/X                              10     19     -9 (VIOLATED)
fanout290/X                              10     19     -9 (VIOLATED)
input5/X                                 10     19     -9 (VIOLATED)
_2147_/Y                                 10     17     -7 (VIOLATED)
_2793_/X                                 10     17     -7 (VIOLATED)
_3313_/X                                 10     17     -7 (VIOLATED)
_3319_/X                                 10     17     -7 (VIOLATED)
_3323_/X                                 10     17     -7 (VIOLATED)
_3328_/Y                                 10     17     -7 (VIOLATED)
_3337_/Y                                 10     17     -7 (VIOLATED)
_3339_/Y                                 10     17     -7 (VIOLATED)
_3997_/Q                                 10     17     -7 (VIOLATED)
fanout188/X                              10     17     -7 (VIOLATED)
fanout204/X                              10     17     -7 (VIOLATED)
fanout301/X                              10     17     -7 (VIOLATED)
input2/X                                 10     17     -7 (VIOLATED)
input4/X                                 10     17     -7 (VIOLATED)
fanout128/X                              10     15     -5 (VIOLATED)
fanout159/X                              10     15     -5 (VIOLATED)
fanout166/X                              10     15     -5 (VIOLATED)
fanout171/X                              10     15     -5 (VIOLATED)
fanout178/X                              10     15     -5 (VIOLATED)
fanout184/X                              10     15     -5 (VIOLATED)
fanout198/X                              10     15     -5 (VIOLATED)
fanout230/X                              10     15     -5 (VIOLATED)
fanout275/X                              10     15     -5 (VIOLATED)
fanout280/X                              10     15     -5 (VIOLATED)
fanout294/X                              10     15     -5 (VIOLATED)
_2430_/X                                 10     13     -3 (VIOLATED)
_4274_/Q                                 10     13     -3 (VIOLATED)
_4363_/Q                                 10     13     -3 (VIOLATED)
_4364_/Q                                 10     13     -3 (VIOLATED)
_4368_/Q                                 10     13     -3 (VIOLATED)
_4369_/Q                                 10     13     -3 (VIOLATED)
_4372_/Q                                 10     13     -3 (VIOLATED)
_4374_/Q                                 10     13     -3 (VIOLATED)
_4377_/Q                                 10     13     -3 (VIOLATED)
_4379_/Q                                 10     13     -3 (VIOLATED)
_4380_/Q                                 10     13     -3 (VIOLATED)
_4382_/Q                                 10     13     -3 (VIOLATED)
_4384_/Q                                 10     13     -3 (VIOLATED)
_4385_/Q                                 10     13     -3 (VIOLATED)
_4386_/Q                                 10     13     -3 (VIOLATED)
_4387_/Q                                 10     13     -3 (VIOLATED)
_4392_/Q                                 10     13     -3 (VIOLATED)
_4393_/Q                                 10     13     -3 (VIOLATED)
_4394_/Q                                 10     13     -3 (VIOLATED)
fanout137/X                              10     13     -3 (VIOLATED)
fanout145/X                              10     13     -3 (VIOLATED)
fanout152/X                              10     13     -3 (VIOLATED)
fanout162/X                              10     13     -3 (VIOLATED)
fanout168/X                              10     13     -3 (VIOLATED)
fanout181/X                              10     13     -3 (VIOLATED)
fanout201/X                              10     13     -3 (VIOLATED)
fanout249/X                              10     13     -3 (VIOLATED)
fanout265/X                              10     13     -3 (VIOLATED)
input3/X                                 10     13     -3 (VIOLATED)
_1893_/Y                                 10     11        (VIOLATED)
_3321_/X                                 10     11        (VIOLATED)
_3324_/X                                 10     11        (VIOLATED)
_4008_/Q                                 10     11        (VIOLATED)
_4009_/Q                                 10     11        (VIOLATED)
_4010_/Q                                 10     11        (VIOLATED)
_4011_/Q                                 10     11        (VIOLATED)
_4012_/Q                                 10     11        (VIOLATED)
_4272_/Q                                 10     11        (VIOLATED)
_4366_/Q                                 10     11        (VIOLATED)
_4367_/Q                                 10     11        (VIOLATED)
_4396_/Q                                 10     11        (VIOLATED)
_4400_/Q                                 10     11        (VIOLATED)
_4401_/Q                                 10     11        (VIOLATED)
_4402_/Q                                 10     11        (VIOLATED)
clkbuf_leaf_13_wb_clk_i/X                10     11        (VIOLATED)
fanout116/X                              10     11        (VIOLATED)
fanout124/X                              10     11        (VIOLATED)
fanout142/X                              10     11        (VIOLATED)
fanout192/X                              10     11        (VIOLATED)
fanout240/X                              10     11        (VIOLATED)
fanout264/X                              10     11        (VIOLATED)
fanout266/X                              10     11        (VIOLATED)
fanout285/X                              10     11        (VIOLATED)
fanout298/X                              10     11        (VIOLATED)



===========================================================================
report_parasitic_annotation -report_unannotated
============================================================================
Found 350 unannotated drivers.
 ACK_I
 DAT_I[0]
 DAT_I[10]
 DAT_I[11]
 DAT_I[12]
 DAT_I[13]
 DAT_I[14]
 DAT_I[15]
 DAT_I[16]
 DAT_I[17]
 DAT_I[18]
 DAT_I[19]
 DAT_I[1]
 DAT_I[20]
 DAT_I[21]
 DAT_I[22]
 DAT_I[23]
 DAT_I[24]
 DAT_I[25]
 DAT_I[26]
 DAT_I[27]
 DAT_I[28]
 DAT_I[29]
 DAT_I[2]
 DAT_I[30]
 DAT_I[31]
 DAT_I[3]
 DAT_I[4]
 DAT_I[5]
 DAT_I[6]
 DAT_I[7]
 DAT_I[8]
 DAT_I[9]
 gpio_in[0]
 gpio_in[10]
 gpio_in[11]
 gpio_in[12]
 gpio_in[13]
 gpio_in[14]
 gpio_in[15]
 gpio_in[16]
 gpio_in[17]
 gpio_in[18]
 gpio_in[19]
 gpio_in[1]
 gpio_in[20]
 gpio_in[21]
 gpio_in[22]
 gpio_in[23]
 gpio_in[29]
 gpio_in[2]
 gpio_in[30]
 gpio_in[31]
 gpio_in[32]
 gpio_in[33]
 gpio_in[34]
 gpio_in[35]
 gpio_in[36]
 gpio_in[3]
 gpio_in[4]
 gpio_in[5]
 gpio_in[6]
 gpio_in[7]
 gpio_in[8]
 gpio_in[9]
 la_data_in[0]
 la_data_in[10]
 la_data_in[11]
 la_data_in[12]
 la_data_in[13]
 la_data_in[14]
 la_data_in[15]
 la_data_in[16]
 la_data_in[17]
 la_data_in[18]
 la_data_in[19]
 la_data_in[1]
 la_data_in[20]
 la_data_in[21]
 la_data_in[22]
 la_data_in[23]
 la_data_in[24]
 la_data_in[25]
 la_data_in[26]
 la_data_in[27]
 la_data_in[28]
 la_data_in[29]
 la_data_in[2]
 la_data_in[30]
 la_data_in[31]
 la_data_in[3]
 la_data_in[4]
 la_data_in[5]
 la_data_in[6]
 la_data_in[7]
 la_data_in[8]
 la_data_in[9]
 la_oenb[0]
 la_oenb[10]
 la_oenb[11]
 la_oenb[12]
 la_oenb[13]
 la_oenb[14]
 la_oenb[15]
 la_oenb[16]
 la_oenb[17]
 la_oenb[18]
 la_oenb[19]
 la_oenb[1]
 la_oenb[20]
 la_oenb[21]
 la_oenb[22]
 la_oenb[23]
 la_oenb[24]
 la_oenb[25]
 la_oenb[26]
 la_oenb[27]
 la_oenb[28]
 la_oenb[29]
 la_oenb[2]
 la_oenb[30]
 la_oenb[31]
 la_oenb[3]
 la_oenb[4]
 la_oenb[5]
 la_oenb[6]
 la_oenb[7]
 la_oenb[8]
 la_oenb[9]
 wbs_dat_i[10]
 wbs_dat_i[11]
 wbs_dat_i[12]
 wbs_dat_i[13]
 wbs_dat_i[14]
 wbs_dat_i[15]
 wbs_dat_i[16]
 wbs_dat_i[17]
 wbs_dat_i[18]
 wbs_dat_i[19]
 wbs_dat_i[1]
 wbs_dat_i[20]
 wbs_dat_i[21]
 wbs_dat_i[22]
 wbs_dat_i[23]
 wbs_dat_i[24]
 wbs_dat_i[25]
 wbs_dat_i[26]
 wbs_dat_i[27]
 wbs_dat_i[28]
 wbs_dat_i[29]
 wbs_dat_i[2]
 wbs_dat_i[30]
 wbs_dat_i[31]
 wbs_dat_i[3]
 wbs_dat_i[4]
 wbs_dat_i[5]
 wbs_dat_i[6]
 wbs_dat_i[7]
 wbs_dat_i[8]
 wbs_dat_i[9]
 wbs_sel_i[0]
 wbs_sel_i[1]
 wbs_sel_i[2]
 wbs_sel_i[3]
 _4226__438/LO
 _4493__304/HI
 _4494__305/HI
 _4495__306/HI
 _4496__307/HI
 _4497__308/HI
 _4498__309/HI
 _4499__310/HI
 _4500__311/HI
 _4501__312/HI
 _4502__313/HI
 _4503__314/HI
 _4504__315/HI
 _4505__316/HI
 _4506__317/HI
 _4507__318/HI
 _4508__319/HI
 _4509__320/HI
 _4510__321/HI
 _4511__322/HI
 _4512__323/HI
 _4513__324/HI
 _4514__325/HI
 _4515__326/HI
 _4516__327/HI
 _4517__328/HI
 _4518__329/HI
 _4519__330/HI
 _4520__331/HI
 _4521__332/HI
 _4522__333/HI
 _4523__334/HI
 _4524__335/HI
 _4525__336/HI
 _4526__337/HI
 _4527__338/HI
 _4528__339/HI
 _4529__340/HI
 _4530__341/HI
 _4531__342/HI
 _4532__343/HI
 _4533__344/HI
 _4534__345/HI
 _4535__346/HI
 _4536__347/HI
 _4537__348/HI
 _4538__349/HI
 _4539__350/HI
 _4540__351/HI
 _4541__352/HI
 _4542__353/HI
 _4543__354/HI
 _4544__355/HI
 _4545__356/HI
 _4546__357/HI
 _4547__358/HI
 _4548__359/HI
 _4549__360/HI
 _4550__361/HI
 _4551__362/HI
 _4552__363/HI
 _4553__364/HI
 _4554__365/HI
 _4555__366/HI
 _4556__367/HI
 _4557__368/HI
 _4558__369/HI
 _4559__370/HI
 _4560__371/HI
 _4561__372/HI
 _4562__373/HI
 _4563__374/HI
 _4564__439/LO
 _4565__440/LO
 _4566__441/LO
 _4567__442/LO
 _4568__443/LO
 _4569__444/LO
 _4570__445/LO
 _4571__446/LO
 _4572__447/LO
 _4573__448/LO
 _4582__449/LO
 _4583__450/LO
 _4588__451/LO
 _4589__452/LO
 _4590__453/LO
 _4591__454/LO
 _4592__455/LO
 _4600__456/LO
 _4601__375/HI
 _4602__376/HI
 _4603__377/HI
 _4604__378/HI
 _4605__379/HI
 _4606__380/HI
 _4607__381/HI
 _4608__382/HI
 _4609__383/HI
 _4610__384/HI
 _4611__385/HI
 _4612__386/HI
 _4616__387/HI
 _4617__388/HI
 _4618__389/HI
 _4619__390/HI
 _4620__391/HI
 _4621__392/HI
 _4624__393/HI
 _4626__394/HI
 _4627__395/HI
 _4628__396/HI
 _4629__397/HI
 _4630__398/HI
 _4631__399/HI
 _4632__400/HI
 _4633__401/HI
 _4634__402/HI
 _4635__403/HI
 _4636__404/HI
 _4637__405/HI
 _4638__406/HI
 _4639__407/HI
 _4640__408/HI
 _4641__409/HI
 _4642__410/HI
 _4643__411/HI
 _4644__412/HI
 _4645__413/HI
 _4646__414/HI
 _4647__415/HI
 _4648__416/HI
 _4649__417/HI
 _4650__418/HI
 _4651__419/HI
 _4652__420/HI
 _4653__421/HI
 _4654__422/HI
 _4655__423/HI
 _4656__424/HI
 _4657__425/HI
 _4658__426/HI
 _4659__427/HI
 _4660__428/HI
 _4661__429/HI
 _4665__430/HI
 _4669__431/HI
 _4675__432/HI
 _4678__433/HI
 _4681__434/HI
 _4683__435/HI
 _4685__436/HI
 _4690__437/HI
 clkload0/Y
 clkload1/Y
 clkload10/Y
 clkload11/Y
 clkload12/X
 clkload13/Y
 clkload14/Y
 clkload15/Y
 clkload16/X
 clkload17/X
 clkload18/Y
 clkload19/Y
 clkload2/Y
 clkload20/Y
 clkload21/Y
 clkload22/Y
 clkload23/Y
 clkload24/Y
 clkload25/Y
 clkload26/Y
 clkload27/Y
 clkload28/Y
 clkload29/Y
 clkload3/Y
 clkload30/Y
 clkload31/Y
 clkload32/X
 clkload4/Y
 clkload5/Y
 clkload6/Y
 clkload7/Y
 clkload8/Y
 clkload9/Y
Found 0 partially unannotated drivers.

===========================================================================
max slew violation count 0
max fanout violation count 168
max cap violation count 0
============================================================================

===========================================================================
check_setup -verbose -unconstrained_endpoints -multiple_clock -no_clock -no_input_delay -loops -generated_clocks
===========================================================================
Warning: There are 153 unconstrained endpoints.
  ADR_O[0]
  ADR_O[10]
  ADR_O[11]
  ADR_O[12]
  ADR_O[13]
  ADR_O[14]
  ADR_O[15]
  ADR_O[16]
  ADR_O[17]
  ADR_O[18]
  ADR_O[19]
  ADR_O[1]
  ADR_O[20]
  ADR_O[21]
  ADR_O[22]
  ADR_O[23]
  ADR_O[24]
  ADR_O[25]
  ADR_O[26]
  ADR_O[27]
  ADR_O[28]
  ADR_O[29]
  ADR_O[2]
  ADR_O[30]
  ADR_O[31]
  ADR_O[3]
  ADR_O[4]
  ADR_O[5]
  ADR_O[6]
  ADR_O[7]
  ADR_O[8]
  ADR_O[9]
  CYC_O
  DAT_O[0]
  DAT_O[10]
  DAT_O[11]
  DAT_O[12]
  DAT_O[13]
  DAT_O[14]
  DAT_O[15]
  DAT_O[16]
  DAT_O[17]
  DAT_O[18]
  DAT_O[19]
  DAT_O[1]
  DAT_O[20]
  DAT_O[21]
  DAT_O[22]
  DAT_O[23]
  DAT_O[24]
  DAT_O[25]
  DAT_O[26]
  DAT_O[27]
  DAT_O[28]
  DAT_O[29]
  DAT_O[2]
  DAT_O[30]
  DAT_O[31]
  DAT_O[3]
  DAT_O[4]
  DAT_O[5]
  DAT_O[6]
  DAT_O[7]
  DAT_O[8]
  DAT_O[9]
  SEL_O[0]
  SEL_O[1]
  SEL_O[2]
  SEL_O[3]
  STB_O
  WE_O
  gpio_oeb[0]
  gpio_oeb[18]
  gpio_oeb[19]
  gpio_oeb[1]
  gpio_oeb[24]
  gpio_oeb[25]
  gpio_oeb[26]
  gpio_oeb[27]
  gpio_oeb[28]
  gpio_oeb[2]
  gpio_oeb[37]
  gpio_oeb[3]
  gpio_oeb[4]
  gpio_oeb[5]
  gpio_oeb[6]
  gpio_oeb[7]
  gpio_oeb[8]
  gpio_oeb[9]
  gpio_out[0]
  gpio_out[18]
  gpio_out[19]
  gpio_out[1]
  gpio_out[23]
  gpio_out[24]
  gpio_out[25]
  gpio_out[26]
  gpio_out[27]
  gpio_out[28]
  gpio_out[2]
  gpio_out[31]
  gpio_out[37]
  gpio_out[3]
  gpio_out[4]
  gpio_out[5]
  gpio_out[6]
  gpio_out[7]
  gpio_out[8]
  gpio_out[9]
  irq[0]
  irq[1]
  irq[2]
  la_data_out[0]
  la_data_out[10]
  la_data_out[11]
  la_data_out[12]
  la_data_out[13]
  la_data_out[14]
  la_data_out[15]
  la_data_out[16]
  la_data_out[17]
  la_data_out[18]
  la_data_out[19]
  la_data_out[1]
  la_data_out[20]
  la_data_out[21]
  la_data_out[22]
  la_data_out[23]
  la_data_out[24]
  la_data_out[25]
  la_data_out[26]
  la_data_out[27]
  la_data_out[28]
  la_data_out[29]
  la_data_out[2]
  la_data_out[30]
  la_data_out[31]
  la_data_out[3]
  la_data_out[4]
  la_data_out[5]
  la_data_out[6]
  la_data_out[7]
  la_data_out[8]
  la_data_out[9]
  wbs_dat_o[14]
  wbs_dat_o[17]
  wbs_dat_o[20]
  wbs_dat_o[22]
  wbs_dat_o[24]
  wbs_dat_o[29]
  wbs_dat_o[4]
  wbs_dat_o[8]
  _4226_/D
